#
# A fatal error has been detected by the Java Runtime Environment:
#
#  SIGSEGV (0xb) at pc=0x00007fe95000dc86, pid=524392, tid=524418
#
# JRE version: OpenJDK Runtime Environment (11.0.15+10) (build 11.0.15+10-Ubuntu-0ubuntu0.20.04.1)
# Java VM: OpenJDK 64-Bit Server VM (11.0.15+10-Ubuntu-0ubuntu0.20.04.1, mixed mode, sharing, tiered, compressed oops, g1 gc, linux-amd64)
# Problematic frame:
# V  [libjvm.so+0x791c86]
#
# Core dump will be written. Default location: Core dumps may be processed with "/usr/share/apport/apport %p %s %c %d %P %E" (or dumping to /home/artur/Desktop/3ano/TQS/tqs_98470/hw1/covidmetrics/core.524392)
#
# If you would like to submit a bug report, please visit:
#   Unknown
#

---------------  S U M M A R Y ------------

Command Line: -ea -Dfile.encoding=UTF-8 org.eclipse.jdt.internal.junit.runner.RemoteTestRunner -version 3 -port 40031 -testLoaderClass org.eclipse.jdt.internal.junit5.runner.JUnit5TestLoader -loaderpluginname org.eclipse.jdt.junit5.runtime -test com.hw1.covidmetrics.controller.CovidMetricsControllerTest:getCountryDataTest

Host: Intel(R) Core(TM) i7-9750H CPU @ 2.60GHz, 12 cores, 15G, Ubuntu 20.04.4 LTS
Time: Mon May  2 22:56:20 2022 WEST elapsed time: 1.907872 seconds (0d 0h 0m 1s)

---------------  T H R E A D  ---------------

Current thread (0x00007fe910004000):  GCTaskThread "GC Thread#3" [stack: 0x00007fe91ce50000,0x00007fe91cf50000] [id=524418]

Stack: [0x00007fe91ce50000,0x00007fe91cf50000],  sp=0x00007fe91cf4e980,  free space=1018k
Native frames: (J=compiled Java code, A=aot compiled Java code, j=interpreted, Vv=VM code, C=native code)
V  [libjvm.so+0x791c86]
V  [libjvm.so+0x78f98b]
V  [libjvm.so+0x7a2d2d]
V  [libjvm.so+0x702b4f]
V  [libjvm.so+0x746642]
V  [libjvm.so+0x79de4f]
V  [libjvm.so+0x79dfc0]
V  [libjvm.so+0x756be2]
V  [libjvm.so+0xec0ffd]
V  [libjvm.so+0xe27e70]
V  [libjvm.so+0xbe65f6]


siginfo: si_signo: 11 (SIGSEGV), si_code: 1 (SEGV_MAPERR), si_addr: 0x0000000b737b4ba8

Register to memory mapping:

RAX=0x0000000000000001 is an unknown value
RBX=0x00007fe950ac5860: <offset 0x0000000001249860> in /usr/lib/jvm/java-11-openjdk-amd64/lib/server/libjvm.so at 0x00007fe94f87c000
RCX=0x0000000000000003 is an unknown value
RDX=0x00007fe950ac5850: <offset 0x0000000001249850> in /usr/lib/jvm/java-11-openjdk-amd64/lib/server/libjvm.so at 0x00007fe94f87c000
RSP=0x00007fe91cf4e980 points into unknown readable memory: 0x00007fe91cf4e9a0 | a0 e9 f4 1c e9 7f 00 00
RBP=0x00007fe91cf4ea00 points into unknown readable memory: 0x00007fe91cf4ea90 | 90 ea f4 1c e9 7f 00 00
RSI=0x0000000000000001 is an unknown value
RDI=0x0000000b737b4ba0 is an unknown value
R8 =0x00000008002ba780 is pointing into metadata
R9 =0x0000000000000001 is an unknown value
R10=0x7065637845726574 is an unknown value
R11=0x0000000000000001 is an unknown value
R12=
[error occurred during error reporting (printing register info), id 0xb, SIGSEGV (0xb) at pc=0x00007fe94fecfc5a]

Registers:
RAX=0x0000000000000001, RBX=0x00007fe950ac5860, RCX=0x0000000000000003, RDX=0x00007fe950ac5850
RSP=0x00007fe91cf4e980, RBP=0x00007fe91cf4ea00, RSI=0x0000000000000001, RDI=0x0000000b737b4ba0
R8 =0x00000008002ba780, R9 =0x0000000000000001, R10=0x7065637845726574, R11=0x0000000000000001
R12=0x00000007179ff2e0, R13=0x00007fe8d80045d0, R14=0x00007fe8d8004740, R15=0x0000000000000001
RIP=0x00007fe95000dc86, EFLAGS=0x0000000000010206, CSGSFS=0x002b000000000033, ERR=0x0000000000000004
  TRAPNO=0x000000000000000e

Top of Stack: (sp=0x00007fe91cf4e980)
0x00007fe91cf4e980:   00007fe91cf4e9a0 00007ffeb03dd918
0x00007fe91cf4e990:   00007fe91cf4e9d0 0000000000000011
0x00007fe91cf4e9a0:   0000000000000011 0000000708c78602
0x00007fe91cf4e9b0:   0000000000000010 00000007156b4f68 

Instructions: (pc=0x00007fe95000dc86)
0x00007fe95000db86:   10 4d 8b 46 50 49 8d be 04 01 00 00 4d 8b 7e 08
0x00007fe95000db96:   4c 89 4d c0 4c 89 45 c8 e8 9d 0f 09 00 4c 8b 4d
0x00007fe95000dba6:   c0 4c 8b 45 c8 4c 89 f9 48 89 c2 48 8d 35 31 aa
0x00007fe95000dbb6:   7b 00 48 8d 3d f9 51 7b 00 31 c0 e8 8a 61 fa ff
0x00007fe95000dbc6:   49 8b 7c 24 08 41 8b b4 24 9c 01 00 00 4c 89 e9
0x00007fe95000dbd6:   48 89 da e8 62 5a fb ff 48 8d 05 a7 4c ae 00 4d
0x00007fe95000dbe6:   89 b4 24 90 01 00 00 49 8d bc 24 70 01 00 00 80
0x00007fe95000dbf6:   38 00 74 36 48 8d 05 4f 7c ab 00 8b 53 08 8b 48
0x00007fe95000dc06:   08 48 d3 e2 48 03 10 48 63 4a 0c 48 8d 05 e8 3d
0x00007fe95000dc16:   ae 00 48 89 de ff 14 c8 48 83 c4 18 48 89 d8 5b
0x00007fe95000dc26:   41 5c 41 5d 41 5e 41 5f 5d c3 48 8b 53 08 eb d7
0x00007fe95000dc36:   66 2e 0f 1f 84 00 00 00 00 00 f3 0f 1e fa 55 49
0x00007fe95000dc46:   89 ca 48 89 e5 41 57 41 89 f7 41 56 41 55 49 89
0x00007fe95000dc56:   fd 41 54 49 89 d4 53 48 83 ec 58 48 8d 05 24 4c
0x00007fe95000dc66:   ae 00 0f b6 00 84 c0 0f 84 0d 03 00 00 8b 7a 08
0x00007fe95000dc76:   48 8d 15 d3 7b ab 00 8b 4a 08 48 d3 e7 48 03 3a
0x00007fe95000dc86:   8b 5f 08 85 db 0f 8e 9f 02 00 00 f6 c3 01 0f 85
0x00007fe95000dc96:   46 01 00 00 c1 fb 03 4c 63 f3 49 8b 45 08 4c 89
0x00007fe95000dca6:   e2 c7 45 b8 00 00 00 00 8b 88 c0 02 00 00 48 8b
0x00007fe95000dcb6:   80 b0 02 00 00 48 d3 ea 48 8b 04 d0 8b 80 40 01
0x00007fe95000dcc6:   00 00 89 45 b0 41 80 ff 01 0f 84 bb 02 00 00 49
0x00007fe95000dcd6:   0f be c7 41 80 bd c8 01 00 00 00 45 0f b6 9c 05
0x00007fe95000dce6:   68 01 00 00 74 0a 41 80 fb 02 0f 84 2a 03 00 00
0x00007fe95000dcf6:   41 80 fb 01 49 0f be c3 0f 95 c1 49 8b 7d 60 48
0x00007fe95000dd06:   8b 84 c7 10 01 00 00 44 8b 87 28 01 00 00 48 8b
0x00007fe95000dd16:   50 38 4c 8b 48 30 45 85 c0 74 08 84 c9 0f 84 17
0x00007fe95000dd26:   03 00 00 4c 29 ca 48 c1 ea 03 4c 39 f2 0f 82 77
0x00007fe95000dd36:   04 00 00 4b 8d 14 f1 48 89 50 30 4d 85 c9 0f 84
0x00007fe95000dd46:   5b 04 00 00 48 8d 05 27 b9 a9 00 48 8b 00 41 0f
0x00007fe95000dd56:   18 0c 01 4c 89 c9 49 8b 14 24 48 83 c9 03 eb 1f
0x00007fe95000dd66:   66 2e 0f 1f 84 00 00 00 00 00 48 89 d0 f0 49 0f
0x00007fe95000dd76:   b1 0c 24 48 39 c2 0f 84 96 00 00 00 48 89 c2 48 


Stack slot to memory mapping:
stack at sp + 0 slots: 0x00007fe91cf4e9a0 points into unknown readable memory: 0x0000000000000011 | 11 00 00 00 00 00 00 00
stack at sp + 1 slots: 0x00007ffeb03dd918: clock_gettime+0x0000000000000038 in linux-vdso.so.1 at 0x00007ffeb03dd000
stack at sp + 2 slots: 0x00007fe91cf4e9d0 points into unknown readable memory: 0x0000000000019ced | ed 9c 01 00 00 00 00 00
stack at sp + 3 slots: 0x0000000000000011 is an unknown value
stack at sp + 4 slots: 0x0000000000000011 is an unknown value
stack at sp + 5 slots: 0x0000000708c78602 points into unknown readable memory: 00 00 00 00 00 00
stack at sp + 6 slots: 0x0000000000000010 is an unknown value
stack at sp + 7 slots: 
[error occurred during error reporting (inspecting top of stack), id 0xb, SIGSEGV (0xb) at pc=0x00007fe94fecfbcc]


---------------  P R O C E S S  ---------------

Threads class SMR info:
_java_thread_list=0x00007fe8c8367a80, length=12, elements={
0x00007fe94801a000, 0x00007fe9481d9800, 0x00007fe9481db800, 0x00007fe9481e2800,
0x00007fe9481e4800, 0x00007fe9481e6800, 0x00007fe9481e8800, 0x00007fe9481ea800,
0x00007fe948236000, 0x00007fe8f4077000, 0x00007fe9486bc800, 0x00007fe8f83b4800
}

Java Threads: ( => current thread )
  0x00007fe94801a000 JavaThread "main" [_thread_blocked, id=524397, stack(0x00007fe94f42f000,0x00007fe94f530000)]
  0x00007fe9481d9800 JavaThread "Reference Handler" daemon [_thread_blocked, id=524404, stack(0x00007fe924119000,0x00007fe92421a000)]
  0x00007fe9481db800 JavaThread "Finalizer" daemon [_thread_blocked, id=524405, stack(0x00007fe924018000,0x00007fe924119000)]
  0x00007fe9481e2800 JavaThread "Signal Dispatcher" daemon [_thread_blocked, id=524406, stack(0x00007fe91d98e000,0x00007fe91da8f000)]
  0x00007fe9481e4800 JavaThread "Service Thread" daemon [_thread_blocked, id=524407, stack(0x00007fe91d88d000,0x00007fe91d98e000)]
  0x00007fe9481e6800 JavaThread "C2 CompilerThread0" daemon [_thread_blocked, id=524408, stack(0x00007fe91d78c000,0x00007fe91d88d000)]
  0x00007fe9481e8800 JavaThread "C1 CompilerThread0" daemon [_thread_blocked, id=524409, stack(0x00007fe91d68b000,0x00007fe91d78c000)]
  0x00007fe9481ea800 JavaThread "Sweeper thread" daemon [_thread_blocked, id=524410, stack(0x00007fe91d58a000,0x00007fe91d68b000)]
  0x00007fe948236000 JavaThread "Common-Cleaner" daemon [_thread_blocked, id=524412, stack(0x00007fe91d387000,0x00007fe91d488000)]
  0x00007fe8f4077000 JavaThread "C2 CompilerThread1" daemon [_thread_blocked, id=524413, stack(0x00007fe91d255000,0x00007fe91d356000)]
  0x00007fe9486bc800 JavaThread "ReaderThread" [_thread_in_native, id=524414, stack(0x00007fe91d154000,0x00007fe91d255000)]
  0x00007fe8f83b4800 JavaThread "C2 CompilerThread2" daemon [_thread_blocked, id=524422, stack(0x00007fe91c749000,0x00007fe91c84a000)]

Other Threads:
  0x00007fe9481d7000 VMThread "VM Thread" [stack: 0x00007fe92421c000,0x00007fe92431c000] [id=524403]
  0x00007fe948233800 WatcherThread [stack: 0x00007fe91d48a000,0x00007fe91d58a000] [id=524411]
  0x00007fe948032800 GCTaskThread "GC Thread#0" [stack: 0x00007fe94f0ad000,0x00007fe94f1ad000] [id=524398]
  0x00007fe910001000 GCTaskThread "GC Thread#1" [stack: 0x00007fe91d054000,0x00007fe91d154000] [id=524416]
  0x00007fe910002800 GCTaskThread "GC Thread#2" [stack: 0x00007fe91cf52000,0x00007fe91d052000] [id=524417]
=>0x00007fe910004000 GCTaskThread "GC Thread#3" [stack: 0x00007fe91ce50000,0x00007fe91cf50000] [id=524418]
  0x00007fe910005800 GCTaskThread "GC Thread#4" [stack: 0x00007fe91cd4e000,0x00007fe91ce4e000] [id=524419]
  0x00007fe910007000 GCTaskThread "GC Thread#5" [stack: 0x00007fe91cc4c000,0x00007fe91cd4c000] [id=524420]
  0x00007fe948090800 ConcurrentGCThread "G1 Main Marker" [stack: 0x00007fe94cd67000,0x00007fe94ce67000] [id=524399]
  0x00007fe948092800 ConcurrentGCThread "G1 Conc#0" [stack: 0x00007fe94cc65000,0x00007fe94cd65000] [id=524400]
  0x00007fe920001000 ConcurrentGCThread "G1 Conc#1" [stack: 0x00007fe8c3d00000,0x00007fe8c3e00000] [id=524425]
  0x00007fe920002000 ConcurrentGCThread "G1 Conc#2" [stack: 0x00007fe8c3bfe000,0x00007fe8c3cfe000] [id=524426]
  0x00007fe948199000 ConcurrentGCThread "G1 Refine#0" [stack: 0x00007fe94c159000,0x00007fe94c259000] [id=524401]
  0x00007fe94819a800 ConcurrentGCThread "G1 Young RemSet Sampling" [stack: 0x00007fe94c057000,0x00007fe94c157000] [id=524402]

Threads with active compile tasks:
C2 CompilerThread0     1910 3657       4       org.springframework.core.BridgeMethodResolver::findBridgedMethod (117 bytes)
C2 CompilerThread1     1910 3696       4       org.springframework.beans.factory.support.AbstractAutowireCapableBeanFactory::predictBeanType (126 bytes)
C2 CompilerThread2     1910 3686       4       org.springframework.core.annotation.TypeMappedAnnotations::get (52 bytes)

VM state:at safepoint (normal execution)

VM Mutex/Monitor currently owned by a thread:  ([mutex/lock_event])
[0x00007fe948015b90] Threads_lock - owner thread: 0x00007fe9481d7000
[0x00007fe948016370] Heap_lock - owner thread: 0x00007fe94801a000

Heap address: 0x0000000708400000, size: 3964 MB, Compressed Oops mode: Zero based, Oop shift amount: 3
Narrow klass base: 0x0000000800000000, Narrow klass shift: 3
Compressed class space size: 1073741824 Address: 0x0000000840000000

Heap:
 garbage-first heap   total 256000K, used 51480K [0x0000000708400000, 0x0000000800000000)
  region size 1024K, 41 young (41984K), 8 survivors (8192K)
 Metaspace       used 34535K, capacity 35805K, committed 35920K, reserved 1079296K
  class space    used 4780K, capacity 5284K, committed 5376K, reserved 1048576K
Heap Regions: E=young(eden), S=young(survivor), O=old, HS=humongous(starts), HC=humongous(continues), CS=collection set, F=free, A=archive, TAMS=top-at-mark-start (previous, next)
|   0|0x0000000708400000, 0x0000000708500000, 0x0000000708500000|100%|HS|  |TAMS 0x0000000708500000, 0x0000000708500000| Complete 
|   1|0x0000000708500000, 0x0000000708600000, 0x0000000708600000|100%| O|  |TAMS 0x0000000708600000, 0x0000000708600000| Untracked 
|   2|0x0000000708600000, 0x0000000708700000, 0x0000000708700000|100%| O|  |TAMS 0x0000000708700000, 0x0000000708700000| Untracked 
|   3|0x0000000708700000, 0x0000000708800000, 0x0000000708800000|100%| O|  |TAMS 0x000000070871b800, 0x0000000708800000| Untracked 
|   4|0x0000000708800000, 0x0000000708900000, 0x0000000708900000|100%| O|  |TAMS 0x0000000708800000, 0x0000000708900000| Untracked 
|   5|0x0000000708900000, 0x0000000708a00000, 0x0000000708a00000|100%| O|  |TAMS 0x0000000708900000, 0x0000000708a00000| Untracked 
|   6|0x0000000708a00000, 0x0000000708b00000, 0x0000000708b00000|100%| O|  |TAMS 0x0000000708a00000, 0x0000000708b00000| Untracked 
|   7|0x0000000708b00000, 0x0000000708c00000, 0x0000000708c00000|100%| O|  |TAMS 0x0000000708b00000, 0x0000000708c00000| Untracked 
|   8|0x0000000708c00000, 0x0000000708d00000, 0x0000000708d00000|100%| O|  |TAMS 0x0000000708c00000, 0x0000000708d00000| Untracked 
|   9|0x0000000708d00000, 0x0000000708e00000, 0x0000000708e00000|100%| O|  |TAMS 0x0000000708d00000, 0x0000000708e00000| Untracked 
|  10|0x0000000708e00000, 0x0000000708e72a70, 0x0000000708f00000| 44%| O|  |TAMS 0x0000000708e00000, 0x0000000708f00000| Untracked 
|  11|0x0000000708f00000, 0x0000000708f00000, 0x0000000709000000|  0%| F|  |TAMS 0x0000000708f00000, 0x0000000708f00000| Untracked 
|  12|0x0000000709000000, 0x0000000709000000, 0x0000000709100000|  0%| F|  |TAMS 0x0000000709000000, 0x0000000709000000| Untracked 
|  13|0x0000000709100000, 0x0000000709100000, 0x0000000709200000|  0%| F|  |TAMS 0x0000000709100000, 0x0000000709100000| Untracked 
|  14|0x0000000709200000, 0x0000000709200000, 0x0000000709300000|  0%| F|  |TAMS 0x0000000709200000, 0x0000000709200000| Untracked 
|  15|0x0000000709300000, 0x0000000709300000, 0x0000000709400000|  0%| F|  |TAMS 0x0000000709300000, 0x0000000709300000| Untracked 
|  16|0x0000000709400000, 0x0000000709400000, 0x0000000709500000|  0%| F|  |TAMS 0x0000000709400000, 0x0000000709400000| Untracked 
|  17|0x0000000709500000, 0x0000000709500000, 0x0000000709600000|  0%| F|  |TAMS 0x0000000709500000, 0x0000000709500000| Untracked 
|  18|0x0000000709600000, 0x0000000709600000, 0x0000000709700000|  0%| F|  |TAMS 0x0000000709600000, 0x0000000709600000| Untracked 
|  19|0x0000000709700000, 0x0000000709700000, 0x0000000709800000|  0%| F|  |TAMS 0x0000000709700000, 0x0000000709700000| Untracked 
|  20|0x0000000709800000, 0x0000000709800000, 0x0000000709900000|  0%| F|  |TAMS 0x0000000709800000, 0x0000000709800000| Untracked 
|  21|0x0000000709900000, 0x0000000709900000, 0x0000000709a00000|  0%| F|  |TAMS 0x0000000709900000, 0x0000000709900000| Untracked 
|  22|0x0000000709a00000, 0x0000000709a00000, 0x0000000709b00000|  0%| F|  |TAMS 0x0000000709a00000, 0x0000000709a00000| Untracked 
|  23|0x0000000709b00000, 0x0000000709b00000, 0x0000000709c00000|  0%| F|  |TAMS 0x0000000709b00000, 0x0000000709b00000| Untracked 
|  24|0x0000000709c00000, 0x0000000709c00000, 0x0000000709d00000|  0%| F|  |TAMS 0x0000000709c00000, 0x0000000709c00000| Untracked 
|  25|0x0000000709d00000, 0x0000000709d00000, 0x0000000709e00000|  0%| F|  |TAMS 0x0000000709d00000, 0x0000000709d00000| Untracked 
|  26|0x0000000709e00000, 0x0000000709e00000, 0x0000000709f00000|  0%| F|  |TAMS 0x0000000709e00000, 0x0000000709e00000| Untracked 
|  27|0x0000000709f00000, 0x0000000709f00000, 0x000000070a000000|  0%| F|  |TAMS 0x0000000709f00000, 0x0000000709f00000| Untracked 
|  28|0x000000070a000000, 0x000000070a000000, 0x000000070a100000|  0%| F|  |TAMS 0x000000070a000000, 0x000000070a000000| Untracked 
|  29|0x000000070a100000, 0x000000070a100000, 0x000000070a200000|  0%| F|  |TAMS 0x000000070a100000, 0x000000070a100000| Untracked 
|  30|0x000000070a200000, 0x000000070a200000, 0x000000070a300000|  0%| F|  |TAMS 0x000000070a200000, 0x000000070a200000| Untracked 
|  31|0x000000070a300000, 0x000000070a300000, 0x000000070a400000|  0%| F|  |TAMS 0x000000070a300000, 0x000000070a300000| Untracked 
|  32|0x000000070a400000, 0x000000070a400000, 0x000000070a500000|  0%| F|  |TAMS 0x000000070a400000, 0x000000070a400000| Untracked 
|  33|0x000000070a500000, 0x000000070a500000, 0x000000070a600000|  0%| F|  |TAMS 0x000000070a500000, 0x000000070a500000| Untracked 
|  34|0x000000070a600000, 0x000000070a600000, 0x000000070a700000|  0%| F|  |TAMS 0x000000070a600000, 0x000000070a600000| Untracked 
|  35|0x000000070a700000, 0x000000070a700000, 0x000000070a800000|  0%| F|  |TAMS 0x000000070a700000, 0x000000070a700000| Untracked 
|  36|0x000000070a800000, 0x000000070a800000, 0x000000070a900000|  0%| F|  |TAMS 0x000000070a800000, 0x000000070a800000| Untracked 
|  37|0x000000070a900000, 0x000000070a900000, 0x000000070aa00000|  0%| F|  |TAMS 0x000000070a900000, 0x000000070a900000| Untracked 
|  38|0x000000070aa00000, 0x000000070aa00000, 0x000000070ab00000|  0%| F|  |TAMS 0x000000070aa00000, 0x000000070aa00000| Untracked 
|  39|0x000000070ab00000, 0x000000070ab00000, 0x000000070ac00000|  0%| F|  |TAMS 0x000000070ab00000, 0x000000070ab00000| Untracked 
|  40|0x000000070ac00000, 0x000000070ac00000, 0x000000070ad00000|  0%| F|  |TAMS 0x000000070ac00000, 0x000000070ac00000| Untracked 
|  41|0x000000070ad00000, 0x000000070ad00000, 0x000000070ae00000|  0%| F|  |TAMS 0x000000070ad00000, 0x000000070ad00000| Untracked 
|  42|0x000000070ae00000, 0x000000070ae00000, 0x000000070af00000|  0%| F|  |TAMS 0x000000070ae00000, 0x000000070ae00000| Untracked 
|  43|0x000000070af00000, 0x000000070af00000, 0x000000070b000000|  0%| F|  |TAMS 0x000000070af00000, 0x000000070af00000| Untracked 
|  44|0x000000070b000000, 0x000000070b000000, 0x000000070b100000|  0%| F|  |TAMS 0x000000070b000000, 0x000000070b000000| Untracked 
|  45|0x000000070b100000, 0x000000070b100000, 0x000000070b200000|  0%| F|  |TAMS 0x000000070b100000, 0x000000070b100000| Untracked 
|  46|0x000000070b200000, 0x000000070b200000, 0x000000070b300000|  0%| F|  |TAMS 0x000000070b200000, 0x000000070b200000| Untracked 
|  47|0x000000070b300000, 0x000000070b300000, 0x000000070b400000|  0%| F|  |TAMS 0x000000070b300000, 0x000000070b300000| Untracked 
|  48|0x000000070b400000, 0x000000070b400000, 0x000000070b500000|  0%| F|  |TAMS 0x000000070b400000, 0x000000070b400000| Untracked 
|  49|0x000000070b500000, 0x000000070b500000, 0x000000070b600000|  0%| F|  |TAMS 0x000000070b500000, 0x000000070b500000| Untracked 
|  50|0x000000070b600000, 0x000000070b600000, 0x000000070b700000|  0%| F|  |TAMS 0x000000070b600000, 0x000000070b600000| Untracked 
|  51|0x000000070b700000, 0x000000070b700000, 0x000000070b800000|  0%| F|  |TAMS 0x000000070b700000, 0x000000070b700000| Untracked 
|  52|0x000000070b800000, 0x000000070b800000, 0x000000070b900000|  0%| F|  |TAMS 0x000000070b800000, 0x000000070b800000| Untracked 
|  53|0x000000070b900000, 0x000000070b900000, 0x000000070ba00000|  0%| F|  |TAMS 0x000000070b900000, 0x000000070b900000| Untracked 
|  54|0x000000070ba00000, 0x000000070ba00000, 0x000000070bb00000|  0%| F|  |TAMS 0x000000070ba00000, 0x000000070ba00000| Untracked 
|  55|0x000000070bb00000, 0x000000070bb00000, 0x000000070bc00000|  0%| F|  |TAMS 0x000000070bb00000, 0x000000070bb00000| Untracked 
|  56|0x000000070bc00000, 0x000000070bc00000, 0x000000070bd00000|  0%| F|  |TAMS 0x000000070bc00000, 0x000000070bc00000| Untracked 
|  57|0x000000070bd00000, 0x000000070bd00000, 0x000000070be00000|  0%| F|  |TAMS 0x000000070bd00000, 0x000000070bd00000| Untracked 
|  58|0x000000070be00000, 0x000000070be00000, 0x000000070bf00000|  0%| F|  |TAMS 0x000000070be00000, 0x000000070be00000| Untracked 
|  59|0x000000070bf00000, 0x000000070bf00000, 0x000000070c000000|  0%| F|  |TAMS 0x000000070bf00000, 0x000000070bf00000| Untracked 
|  60|0x000000070c000000, 0x000000070c000000, 0x000000070c100000|  0%| F|  |TAMS 0x000000070c000000, 0x000000070c000000| Untracked 
|  61|0x000000070c100000, 0x000000070c100000, 0x000000070c200000|  0%| F|  |TAMS 0x000000070c100000, 0x000000070c100000| Untracked 
|  62|0x000000070c200000, 0x000000070c200000, 0x000000070c300000|  0%| F|  |TAMS 0x000000070c200000, 0x000000070c200000| Untracked 
|  63|0x000000070c300000, 0x000000070c300000, 0x000000070c400000|  0%| F|  |TAMS 0x000000070c300000, 0x000000070c300000| Untracked 
|  64|0x000000070c400000, 0x000000070c400000, 0x000000070c500000|  0%| F|  |TAMS 0x000000070c400000, 0x000000070c400000| Untracked 
|  65|0x000000070c500000, 0x000000070c500000, 0x000000070c600000|  0%| F|  |TAMS 0x000000070c500000, 0x000000070c500000| Untracked 
|  66|0x000000070c600000, 0x000000070c600000, 0x000000070c700000|  0%| F|  |TAMS 0x000000070c600000, 0x000000070c600000| Untracked 
|  67|0x000000070c700000, 0x000000070c700000, 0x000000070c800000|  0%| F|  |TAMS 0x000000070c700000, 0x000000070c700000| Untracked 
|  68|0x000000070c800000, 0x000000070c800000, 0x000000070c900000|  0%| F|  |TAMS 0x000000070c800000, 0x000000070c800000| Untracked 
|  69|0x000000070c900000, 0x000000070c900000, 0x000000070ca00000|  0%| F|  |TAMS 0x000000070c900000, 0x000000070c900000| Untracked 
|  70|0x000000070ca00000, 0x000000070ca00000, 0x000000070cb00000|  0%| F|  |TAMS 0x000000070ca00000, 0x000000070ca00000| Untracked 
|  71|0x000000070cb00000, 0x000000070cb00000, 0x000000070cc00000|  0%| F|  |TAMS 0x000000070cb00000, 0x000000070cb00000| Untracked 
|  72|0x000000070cc00000, 0x000000070cc00000, 0x000000070cd00000|  0%| F|  |TAMS 0x000000070cc00000, 0x000000070cc00000| Untracked 
|  73|0x000000070cd00000, 0x000000070cd00000, 0x000000070ce00000|  0%| F|  |TAMS 0x000000070cd00000, 0x000000070cd00000| Untracked 
|  74|0x000000070ce00000, 0x000000070ce00000, 0x000000070cf00000|  0%| F|  |TAMS 0x000000070ce00000, 0x000000070ce00000| Untracked 
|  75|0x000000070cf00000, 0x000000070cf00000, 0x000000070d000000|  0%| F|  |TAMS 0x000000070cf00000, 0x000000070cf00000| Untracked 
|  76|0x000000070d000000, 0x000000070d000000, 0x000000070d100000|  0%| F|  |TAMS 0x000000070d000000, 0x000000070d000000| Untracked 
|  77|0x000000070d100000, 0x000000070d100000, 0x000000070d200000|  0%| F|  |TAMS 0x000000070d100000, 0x000000070d100000| Untracked 
|  78|0x000000070d200000, 0x000000070d200000, 0x000000070d300000|  0%| F|  |TAMS 0x000000070d200000, 0x000000070d200000| Untracked 
|  79|0x000000070d300000, 0x000000070d300000, 0x000000070d400000|  0%| F|  |TAMS 0x000000070d300000, 0x000000070d300000| Untracked 
|  80|0x000000070d400000, 0x000000070d400000, 0x000000070d500000|  0%| F|  |TAMS 0x000000070d400000, 0x000000070d400000| Untracked 
|  81|0x000000070d500000, 0x000000070d500000, 0x000000070d600000|  0%| F|  |TAMS 0x000000070d500000, 0x000000070d500000| Untracked 
|  82|0x000000070d600000, 0x000000070d600000, 0x000000070d700000|  0%| F|  |TAMS 0x000000070d600000, 0x000000070d600000| Untracked 
|  83|0x000000070d700000, 0x000000070d700000, 0x000000070d800000|  0%| F|  |TAMS 0x000000070d700000, 0x000000070d700000| Untracked 
|  84|0x000000070d800000, 0x000000070d800000, 0x000000070d900000|  0%| F|  |TAMS 0x000000070d800000, 0x000000070d800000| Untracked 
|  85|0x000000070d900000, 0x000000070d900000, 0x000000070da00000|  0%| F|  |TAMS 0x000000070d900000, 0x000000070d900000| Untracked 
|  86|0x000000070da00000, 0x000000070da00000, 0x000000070db00000|  0%| F|  |TAMS 0x000000070da00000, 0x000000070da00000| Untracked 
|  87|0x000000070db00000, 0x000000070db00000, 0x000000070dc00000|  0%| F|  |TAMS 0x000000070db00000, 0x000000070db00000| Untracked 
|  88|0x000000070dc00000, 0x000000070dc00000, 0x000000070dd00000|  0%| F|  |TAMS 0x000000070dc00000, 0x000000070dc00000| Untracked 
|  89|0x000000070dd00000, 0x000000070dd00000, 0x000000070de00000|  0%| F|  |TAMS 0x000000070dd00000, 0x000000070dd00000| Untracked 
|  90|0x000000070de00000, 0x000000070de00000, 0x000000070df00000|  0%| F|  |TAMS 0x000000070de00000, 0x000000070de00000| Untracked 
|  91|0x000000070df00000, 0x000000070df00000, 0x000000070e000000|  0%| F|  |TAMS 0x000000070df00000, 0x000000070df00000| Untracked 
|  92|0x000000070e000000, 0x000000070e000000, 0x000000070e100000|  0%| F|  |TAMS 0x000000070e000000, 0x000000070e000000| Untracked 
|  93|0x000000070e100000, 0x000000070e100000, 0x000000070e200000|  0%| F|  |TAMS 0x000000070e100000, 0x000000070e100000| Untracked 
|  94|0x000000070e200000, 0x000000070e200000, 0x000000070e300000|  0%| F|  |TAMS 0x000000070e200000, 0x000000070e200000| Untracked 
|  95|0x000000070e300000, 0x000000070e300000, 0x000000070e400000|  0%| F|  |TAMS 0x000000070e300000, 0x000000070e300000| Untracked 
|  96|0x000000070e400000, 0x000000070e400000, 0x000000070e500000|  0%| F|  |TAMS 0x000000070e400000, 0x000000070e400000| Untracked 
|  97|0x000000070e500000, 0x000000070e500000, 0x000000070e600000|  0%| F|  |TAMS 0x000000070e500000, 0x000000070e500000| Untracked 
|  98|0x000000070e600000, 0x000000070e600000, 0x000000070e700000|  0%| F|  |TAMS 0x000000070e600000, 0x000000070e600000| Untracked 
|  99|0x000000070e700000, 0x000000070e700000, 0x000000070e800000|  0%| F|  |TAMS 0x000000070e700000, 0x000000070e700000| Untracked 
| 100|0x000000070e800000, 0x000000070e800000, 0x000000070e900000|  0%| F|  |TAMS 0x000000070e800000, 0x000000070e800000| Untracked 
| 101|0x000000070e900000, 0x000000070e900000, 0x000000070ea00000|  0%| F|  |TAMS 0x000000070e900000, 0x000000070e900000| Untracked 
| 102|0x000000070ea00000, 0x000000070ea00000, 0x000000070eb00000|  0%| F|  |TAMS 0x000000070ea00000, 0x000000070ea00000| Untracked 
| 103|0x000000070eb00000, 0x000000070eb00000, 0x000000070ec00000|  0%| F|  |TAMS 0x000000070eb00000, 0x000000070eb00000| Untracked 
| 104|0x000000070ec00000, 0x000000070ec00000, 0x000000070ed00000|  0%| F|  |TAMS 0x000000070ec00000, 0x000000070ec00000| Untracked 
| 105|0x000000070ed00000, 0x000000070ed00000, 0x000000070ee00000|  0%| F|  |TAMS 0x000000070ed00000, 0x000000070ed00000| Untracked 
| 106|0x000000070ee00000, 0x000000070ee00000, 0x000000070ef00000|  0%| F|  |TAMS 0x000000070ee00000, 0x000000070ee00000| Untracked 
| 107|0x000000070ef00000, 0x000000070ef00000, 0x000000070f000000|  0%| F|  |TAMS 0x000000070ef00000, 0x000000070ef00000| Untracked 
| 108|0x000000070f000000, 0x000000070f000000, 0x000000070f100000|  0%| F|  |TAMS 0x000000070f000000, 0x000000070f000000| Untracked 
| 109|0x000000070f100000, 0x000000070f100000, 0x000000070f200000|  0%| F|  |TAMS 0x000000070f100000, 0x000000070f100000| Untracked 
| 110|0x000000070f200000, 0x000000070f200000, 0x000000070f300000|  0%| F|  |TAMS 0x000000070f200000, 0x000000070f200000| Untracked 
| 111|0x000000070f300000, 0x000000070f300000, 0x000000070f400000|  0%| F|  |TAMS 0x000000070f300000, 0x000000070f300000| Untracked 
| 112|0x000000070f400000, 0x000000070f400000, 0x000000070f500000|  0%| F|  |TAMS 0x000000070f400000, 0x000000070f400000| Untracked 
| 113|0x000000070f500000, 0x000000070f578a50, 0x000000070f600000| 47%| E|CS|TAMS 0x000000070f500000, 0x000000070f578a50| Complete 
| 114|0x000000070f600000, 0x000000070f700000, 0x000000070f700000|100%| E|CS|TAMS 0x000000070f600000, 0x000000070f700000| Complete 
| 115|0x000000070f700000, 0x000000070f800000, 0x000000070f800000|100%| E|CS|TAMS 0x000000070f700000, 0x000000070f800000| Complete 
| 116|0x000000070f800000, 0x000000070f900000, 0x000000070f900000|100%| E|CS|TAMS 0x000000070f800000, 0x000000070f900000| Complete 
| 117|0x000000070f900000, 0x000000070fa00000, 0x000000070fa00000|100%| E|CS|TAMS 0x000000070f900000, 0x000000070fa00000| Complete 
| 118|0x000000070fa00000, 0x000000070fb00000, 0x000000070fb00000|100%| E|CS|TAMS 0x000000070fa00000, 0x000000070fb00000| Complete 
| 119|0x000000070fb00000, 0x000000070fc00000, 0x000000070fc00000|100%| E|CS|TAMS 0x000000070fb00000, 0x000000070fc00000| Complete 
| 120|0x000000070fc00000, 0x000000070fd00000, 0x000000070fd00000|100%| E|CS|TAMS 0x000000070fc00000, 0x000000070fd00000| Complete 
| 121|0x000000070fd00000, 0x000000070fe00000, 0x000000070fe00000|100%| E|CS|TAMS 0x000000070fd00000, 0x000000070fe00000| Complete 
| 122|0x000000070fe00000, 0x000000070ff00000, 0x000000070ff00000|100%| E|CS|TAMS 0x000000070fe00000, 0x000000070ff00000| Complete 
| 123|0x000000070ff00000, 0x0000000710000000, 0x0000000710000000|100%| E|CS|TAMS 0x000000070ff00000, 0x0000000710000000| Complete 
| 124|0x0000000710000000, 0x0000000710100000, 0x0000000710100000|100%| E|CS|TAMS 0x0000000710000000, 0x0000000710100000| Complete 
| 125|0x0000000710100000, 0x0000000710200000, 0x0000000710200000|100%| E|CS|TAMS 0x0000000710100000, 0x0000000710200000| Complete 
| 126|0x0000000710200000, 0x0000000710300000, 0x0000000710300000|100%| E|CS|TAMS 0x0000000710200000, 0x0000000710300000| Complete 
| 127|0x0000000710300000, 0x0000000710300000, 0x0000000710400000|  0%| F|  |TAMS 0x0000000710300000, 0x0000000710300000| Untracked 
| 128|0x0000000710400000, 0x0000000710400000, 0x0000000710500000|  0%| F|  |TAMS 0x0000000710400000, 0x0000000710400000| Untracked 
| 129|0x0000000710500000, 0x0000000710500000, 0x0000000710600000|  0%| F|  |TAMS 0x0000000710500000, 0x0000000710500000| Untracked 
| 130|0x0000000710600000, 0x0000000710600000, 0x0000000710700000|  0%| F|  |TAMS 0x0000000710600000, 0x0000000710600000| Untracked 
| 131|0x0000000710700000, 0x0000000710700000, 0x0000000710800000|  0%| F|  |TAMS 0x0000000710700000, 0x0000000710700000| Untracked 
| 132|0x0000000710800000, 0x0000000710800000, 0x0000000710900000|  0%| F|  |TAMS 0x0000000710800000, 0x0000000710800000| Untracked 
| 133|0x0000000710900000, 0x0000000710900000, 0x0000000710a00000|  0%| F|  |TAMS 0x0000000710900000, 0x0000000710900000| Untracked 
| 134|0x0000000710a00000, 0x0000000710a00000, 0x0000000710b00000|  0%| F|  |TAMS 0x0000000710a00000, 0x0000000710a00000| Untracked 
| 135|0x0000000710b00000, 0x0000000710b00000, 0x0000000710c00000|  0%| F|  |TAMS 0x0000000710b00000, 0x0000000710b00000| Untracked 
| 136|0x0000000710c00000, 0x0000000710c00000, 0x0000000710d00000|  0%| F|  |TAMS 0x0000000710c00000, 0x0000000710c00000| Untracked 
| 137|0x0000000710d00000, 0x0000000710d00000, 0x0000000710e00000|  0%| F|  |TAMS 0x0000000710d00000, 0x0000000710d00000| Untracked 
| 138|0x0000000710e00000, 0x0000000710e00000, 0x0000000710f00000|  0%| F|  |TAMS 0x0000000710e00000, 0x0000000710e00000| Untracked 
| 139|0x0000000710f00000, 0x0000000710f00000, 0x0000000711000000|  0%| F|  |TAMS 0x0000000710f00000, 0x0000000710f00000| Untracked 
| 140|0x0000000711000000, 0x0000000711000000, 0x0000000711100000|  0%| F|  |TAMS 0x0000000711000000, 0x0000000711000000| Untracked 
| 141|0x0000000711100000, 0x0000000711100000, 0x0000000711200000|  0%| F|  |TAMS 0x0000000711100000, 0x0000000711100000| Untracked 
| 142|0x0000000711200000, 0x0000000711200000, 0x0000000711300000|  0%| F|  |TAMS 0x0000000711200000, 0x0000000711200000| Untracked 
| 143|0x0000000711300000, 0x0000000711300000, 0x0000000711400000|  0%| F|  |TAMS 0x0000000711300000, 0x0000000711300000| Untracked 
| 144|0x0000000711400000, 0x0000000711400000, 0x0000000711500000|  0%| F|  |TAMS 0x0000000711400000, 0x0000000711400000| Untracked 
| 145|0x0000000711500000, 0x0000000711500000, 0x0000000711600000|  0%| F|  |TAMS 0x0000000711500000, 0x0000000711500000| Untracked 
| 146|0x0000000711600000, 0x0000000711600000, 0x0000000711700000|  0%| F|  |TAMS 0x0000000711600000, 0x0000000711600000| Untracked 
| 147|0x0000000711700000, 0x0000000711700000, 0x0000000711800000|  0%| F|  |TAMS 0x0000000711700000, 0x0000000711700000| Untracked 
| 148|0x0000000711800000, 0x0000000711800000, 0x0000000711900000|  0%| F|  |TAMS 0x0000000711800000, 0x0000000711800000| Untracked 
| 149|0x0000000711900000, 0x0000000711900000, 0x0000000711a00000|  0%| F|  |TAMS 0x0000000711900000, 0x0000000711900000| Untracked 
| 150|0x0000000711a00000, 0x0000000711a00000, 0x0000000711b00000|  0%| F|  |TAMS 0x0000000711a00000, 0x0000000711a00000| Untracked 
| 151|0x0000000711b00000, 0x0000000711b00000, 0x0000000711c00000|  0%| F|  |TAMS 0x0000000711b00000, 0x0000000711b00000| Untracked 
| 152|0x0000000711c00000, 0x0000000711c00000, 0x0000000711d00000|  0%| F|  |TAMS 0x0000000711c00000, 0x0000000711c00000| Untracked 
| 153|0x0000000711d00000, 0x0000000711d00000, 0x0000000711e00000|  0%| F|  |TAMS 0x0000000711d00000, 0x0000000711d00000| Untracked 
| 154|0x0000000711e00000, 0x0000000711e00000, 0x0000000711f00000|  0%| F|  |TAMS 0x0000000711e00000, 0x0000000711e00000| Untracked 
| 155|0x0000000711f00000, 0x0000000711f00000, 0x0000000712000000|  0%| F|  |TAMS 0x0000000711f00000, 0x0000000711f00000| Untracked 
| 156|0x0000000712000000, 0x0000000712000000, 0x0000000712100000|  0%| F|  |TAMS 0x0000000712000000, 0x0000000712000000| Untracked 
| 157|0x0000000712100000, 0x0000000712100000, 0x0000000712200000|  0%| F|  |TAMS 0x0000000712100000, 0x0000000712100000| Untracked 
| 158|0x0000000712200000, 0x0000000712200000, 0x0000000712300000|  0%| F|  |TAMS 0x0000000712200000, 0x0000000712200000| Untracked 
| 159|0x0000000712300000, 0x0000000712300000, 0x0000000712400000|  0%| F|  |TAMS 0x0000000712300000, 0x0000000712300000| Untracked 
| 160|0x0000000712400000, 0x0000000712400000, 0x0000000712500000|  0%| F|  |TAMS 0x0000000712400000, 0x0000000712400000| Untracked 
| 161|0x0000000712500000, 0x0000000712500000, 0x0000000712600000|  0%| F|  |TAMS 0x0000000712500000, 0x0000000712500000| Untracked 
| 162|0x0000000712600000, 0x0000000712600000, 0x0000000712700000|  0%| F|  |TAMS 0x0000000712600000, 0x0000000712600000| Untracked 
| 163|0x0000000712700000, 0x0000000712700000, 0x0000000712800000|  0%| F|  |TAMS 0x0000000712700000, 0x0000000712700000| Untracked 
| 164|0x0000000712800000, 0x0000000712800000, 0x0000000712900000|  0%| F|  |TAMS 0x0000000712800000, 0x0000000712800000| Untracked 
| 165|0x0000000712900000, 0x0000000712900000, 0x0000000712a00000|  0%| F|  |TAMS 0x0000000712900000, 0x0000000712900000| Untracked 
| 166|0x0000000712a00000, 0x0000000712a00000, 0x0000000712b00000|  0%| F|  |TAMS 0x0000000712a00000, 0x0000000712a00000| Untracked 
| 167|0x0000000712b00000, 0x0000000712b00000, 0x0000000712c00000|  0%| F|  |TAMS 0x0000000712b00000, 0x0000000712b00000| Untracked 
| 168|0x0000000712c00000, 0x0000000712c00000, 0x0000000712d00000|  0%| F|  |TAMS 0x0000000712c00000, 0x0000000712c00000| Untracked 
| 169|0x0000000712d00000, 0x0000000712d00000, 0x0000000712e00000|  0%| F|  |TAMS 0x0000000712d00000, 0x0000000712d00000| Untracked 
| 170|0x0000000712e00000, 0x0000000712e00000, 0x0000000712f00000|  0%| F|  |TAMS 0x0000000712e00000, 0x0000000712e00000| Untracked 
| 171|0x0000000712f00000, 0x0000000712f00000, 0x0000000713000000|  0%| F|  |TAMS 0x0000000712f00000, 0x0000000712f00000| Untracked 
| 172|0x0000000713000000, 0x0000000713000000, 0x0000000713100000|  0%| F|  |TAMS 0x0000000713000000, 0x0000000713000000| Untracked 
| 173|0x0000000713100000, 0x0000000713100000, 0x0000000713200000|  0%| F|  |TAMS 0x0000000713100000, 0x0000000713100000| Untracked 
| 174|0x0000000713200000, 0x0000000713200000, 0x0000000713300000|  0%| F|  |TAMS 0x0000000713200000, 0x0000000713200000| Untracked 
| 175|0x0000000713300000, 0x0000000713300000, 0x0000000713400000|  0%| F|  |TAMS 0x0000000713300000, 0x0000000713300000| Untracked 
| 176|0x0000000713400000, 0x0000000713400000, 0x0000000713500000|  0%| F|  |TAMS 0x0000000713400000, 0x0000000713400000| Untracked 
| 177|0x0000000713500000, 0x0000000713500000, 0x0000000713600000|  0%| F|  |TAMS 0x0000000713500000, 0x0000000713500000| Untracked 
| 178|0x0000000713600000, 0x0000000713600000, 0x0000000713700000|  0%| F|  |TAMS 0x0000000713600000, 0x0000000713600000| Untracked 
| 179|0x0000000713700000, 0x0000000713700000, 0x0000000713800000|  0%| F|  |TAMS 0x0000000713700000, 0x0000000713700000| Untracked 
| 180|0x0000000713800000, 0x0000000713800000, 0x0000000713900000|  0%| F|  |TAMS 0x0000000713800000, 0x0000000713800000| Untracked 
| 181|0x0000000713900000, 0x0000000713900000, 0x0000000713a00000|  0%| F|  |TAMS 0x0000000713900000, 0x0000000713900000| Untracked 
| 182|0x0000000713a00000, 0x0000000713a00000, 0x0000000713b00000|  0%| F|  |TAMS 0x0000000713a00000, 0x0000000713a00000| Untracked 
| 183|0x0000000713b00000, 0x0000000713b00000, 0x0000000713c00000|  0%| F|  |TAMS 0x0000000713b00000, 0x0000000713b00000| Untracked 
| 184|0x0000000713c00000, 0x0000000713c00000, 0x0000000713d00000|  0%| F|  |TAMS 0x0000000713c00000, 0x0000000713c00000| Untracked 
| 185|0x0000000713d00000, 0x0000000713d00000, 0x0000000713e00000|  0%| F|  |TAMS 0x0000000713d00000, 0x0000000713d00000| Untracked 
| 186|0x0000000713e00000, 0x0000000713e00000, 0x0000000713f00000|  0%| F|  |TAMS 0x0000000713e00000, 0x0000000713e00000| Untracked 
| 187|0x0000000713f00000, 0x0000000713f00000, 0x0000000714000000|  0%| F|  |TAMS 0x0000000713f00000, 0x0000000713f00000| Untracked 
| 188|0x0000000714000000, 0x0000000714000000, 0x0000000714100000|  0%| F|  |TAMS 0x0000000714000000, 0x0000000714000000| Untracked 
| 189|0x0000000714100000, 0x0000000714100000, 0x0000000714200000|  0%| F|  |TAMS 0x0000000714100000, 0x0000000714100000| Untracked 
| 190|0x0000000714200000, 0x0000000714200000, 0x0000000714300000|  0%| F|  |TAMS 0x0000000714200000, 0x0000000714200000| Untracked 
| 191|0x0000000714300000, 0x0000000714300000, 0x0000000714400000|  0%| F|  |TAMS 0x0000000714300000, 0x0000000714300000| Untracked 
| 192|0x0000000714400000, 0x0000000714400000, 0x0000000714500000|  0%| F|  |TAMS 0x0000000714400000, 0x0000000714400000| Untracked 
| 193|0x0000000714500000, 0x0000000714500000, 0x0000000714600000|  0%| F|  |TAMS 0x0000000714500000, 0x0000000714500000| Untracked 
| 194|0x0000000714600000, 0x0000000714600000, 0x0000000714700000|  0%| F|  |TAMS 0x0000000714600000, 0x0000000714600000| Untracked 
| 195|0x0000000714700000, 0x0000000714700000, 0x0000000714800000|  0%| F|  |TAMS 0x0000000714700000, 0x0000000714700000| Untracked 
| 196|0x0000000714800000, 0x0000000714800000, 0x0000000714900000|  0%| F|  |TAMS 0x0000000714800000, 0x0000000714800000| Untracked 
| 197|0x0000000714900000, 0x0000000714900000, 0x0000000714a00000|  0%| F|  |TAMS 0x0000000714900000, 0x0000000714900000| Untracked 
| 198|0x0000000714a00000, 0x0000000714a00000, 0x0000000714b00000|  0%| F|  |TAMS 0x0000000714a00000, 0x0000000714a00000| Untracked 
| 199|0x0000000714b00000, 0x0000000714b00000, 0x0000000714c00000|  0%| F|  |TAMS 0x0000000714b00000, 0x0000000714b00000| Untracked 
| 200|0x0000000714c00000, 0x0000000714c00000, 0x0000000714d00000|  0%| F|  |TAMS 0x0000000714c00000, 0x0000000714c00000| Untracked 
| 201|0x0000000714d00000, 0x0000000714d00000, 0x0000000714e00000|  0%| F|  |TAMS 0x0000000714d00000, 0x0000000714d00000| Untracked 
| 202|0x0000000714e00000, 0x0000000714e00000, 0x0000000714f00000|  0%| F|  |TAMS 0x0000000714e00000, 0x0000000714e00000| Untracked 
| 203|0x0000000714f00000, 0x0000000714f00000, 0x0000000715000000|  0%| F|  |TAMS 0x0000000714f00000, 0x0000000714f00000| Untracked 
| 204|0x0000000715000000, 0x0000000715000000, 0x0000000715100000|  0%| F|  |TAMS 0x0000000715000000, 0x0000000715000000| Untracked 
| 205|0x0000000715100000, 0x0000000715100000, 0x0000000715200000|  0%| F|  |TAMS 0x0000000715100000, 0x0000000715100000| Untracked 
| 206|0x0000000715200000, 0x0000000715200000, 0x0000000715300000|  0%| F|  |TAMS 0x0000000715200000, 0x0000000715200000| Untracked 
| 207|0x0000000715300000, 0x00000007153a2cc0, 0x0000000715400000| 63%| S|  |TAMS 0x0000000715300000, 0x0000000715300000| Complete 
| 208|0x0000000715400000, 0x0000000715500000, 0x0000000715500000|100%| S|  |TAMS 0x0000000715400000, 0x0000000715400000| Complete 
| 209|0x0000000715500000, 0x0000000715600000, 0x0000000715600000|100%| S|  |TAMS 0x0000000715500000, 0x0000000715500000| Complete 
| 210|0x0000000715600000, 0x0000000715700000, 0x0000000715700000|100%| S|  |TAMS 0x0000000715600000, 0x0000000715600000| Complete 
| 211|0x0000000715700000, 0x0000000715800000, 0x0000000715800000|100%| S|  |TAMS 0x0000000715700000, 0x0000000715700000| Complete 
| 212|0x0000000715800000, 0x0000000715900000, 0x0000000715900000|100%| S|  |TAMS 0x0000000715800000, 0x0000000715800000| Complete 
| 213|0x0000000715900000, 0x0000000715a00000, 0x0000000715a00000|100%| S|  |TAMS 0x0000000715900000, 0x0000000715900000| Complete 
| 214|0x0000000715a00000, 0x0000000715b00000, 0x0000000715b00000|100%| S|  |TAMS 0x0000000715a00000, 0x0000000715a00000| Complete 
| 215|0x0000000715b00000, 0x0000000715c00000, 0x0000000715c00000|100%| E|CS|TAMS 0x0000000715b00000, 0x0000000715c00000| Complete 
| 216|0x0000000715c00000, 0x0000000715d00000, 0x0000000715d00000|100%| E|CS|TAMS 0x0000000715c00000, 0x0000000715d00000| Complete 
| 217|0x0000000715d00000, 0x0000000715e00000, 0x0000000715e00000|100%| E|CS|TAMS 0x0000000715d00000, 0x0000000715e00000| Complete 
| 218|0x0000000715e00000, 0x0000000715f00000, 0x0000000715f00000|100%| E|CS|TAMS 0x0000000715e00000, 0x0000000715f00000| Complete 
| 219|0x0000000715f00000, 0x0000000716000000, 0x0000000716000000|100%| E|CS|TAMS 0x0000000715f00000, 0x0000000716000000| Complete 
| 220|0x0000000716000000, 0x0000000716100000, 0x0000000716100000|100%| E|CS|TAMS 0x0000000716000000, 0x0000000716100000| Complete 
| 221|0x0000000716100000, 0x0000000716200000, 0x0000000716200000|100%| E|CS|TAMS 0x0000000716100000, 0x0000000716200000| Complete 
| 222|0x0000000716200000, 0x0000000716300000, 0x0000000716300000|100%| E|CS|TAMS 0x0000000716200000, 0x0000000716300000| Complete 
| 223|0x0000000716300000, 0x0000000716400000, 0x0000000716400000|100%| E|CS|TAMS 0x0000000716300000, 0x0000000716400000| Complete 
| 224|0x0000000716400000, 0x0000000716500000, 0x0000000716500000|100%| E|CS|TAMS 0x0000000716400000, 0x0000000716500000| Complete 
| 225|0x0000000716500000, 0x0000000716600000, 0x0000000716600000|100%| E|CS|TAMS 0x0000000716500000, 0x0000000716600000| Complete 
| 226|0x0000000716600000, 0x0000000716700000, 0x0000000716700000|100%| E|CS|TAMS 0x0000000716600000, 0x0000000716700000| Complete 
| 227|0x0000000716700000, 0x0000000716800000, 0x0000000716800000|100%| E|CS|TAMS 0x0000000716700000, 0x0000000716800000| Complete 
| 228|0x0000000716800000, 0x0000000716900000, 0x0000000716900000|100%| E|CS|TAMS 0x0000000716800000, 0x0000000716900000| Complete 
| 229|0x0000000716900000, 0x0000000716a00000, 0x0000000716a00000|100%| E|CS|TAMS 0x0000000716900000, 0x0000000716a00000| Complete 
| 230|0x0000000716a00000, 0x0000000716b00000, 0x0000000716b00000|100%| E|CS|TAMS 0x0000000716a00000, 0x0000000716b00000| Complete 
| 231|0x0000000716b00000, 0x0000000716c00000, 0x0000000716c00000|100%| E|CS|TAMS 0x0000000716b00000, 0x0000000716c00000| Complete 
| 232|0x0000000716c00000, 0x0000000716d00000, 0x0000000716d00000|100%| E|CS|TAMS 0x0000000716c00000, 0x0000000716d00000| Complete 
| 233|0x0000000716d00000, 0x0000000716e00000, 0x0000000716e00000|100%| E|CS|TAMS 0x0000000716d00000, 0x0000000716e00000| Complete 
| 234|0x0000000716e00000, 0x0000000716f00000, 0x0000000716f00000|100%| E|CS|TAMS 0x0000000716e00000, 0x0000000716f00000| Complete 
| 235|0x0000000716f00000, 0x0000000717000000, 0x0000000717000000|100%| E|CS|TAMS 0x0000000716f00000, 0x0000000717000000| Complete 
| 236|0x0000000717000000, 0x0000000717100000, 0x0000000717100000|100%| E|CS|TAMS 0x0000000717000000, 0x0000000717100000| Complete 
| 237|0x0000000717100000, 0x0000000717200000, 0x0000000717200000|100%| E|CS|TAMS 0x0000000717100000, 0x0000000717200000| Complete 
| 238|0x0000000717200000, 0x0000000717300000, 0x0000000717300000|100%| E|CS|TAMS 0x0000000717200000, 0x0000000717300000| Complete 
| 239|0x0000000717300000, 0x0000000717400000, 0x0000000717400000|100%| E|CS|TAMS 0x0000000717300000, 0x0000000717400000| Complete 
| 240|0x0000000717400000, 0x0000000717500000, 0x0000000717500000|100%| E|CS|TAMS 0x0000000717400000, 0x0000000717500000| Complete 
| 241|0x0000000717500000, 0x0000000717600000, 0x0000000717600000|100%| E|CS|TAMS 0x0000000717500000, 0x0000000717600000| Complete 
| 242|0x0000000717600000, 0x0000000717700000, 0x0000000717700000|100%| E|CS|TAMS 0x0000000717600000, 0x0000000717700000| Complete 
| 243|0x0000000717700000, 0x0000000717800000, 0x0000000717800000|100%| E|CS|TAMS 0x0000000717700000, 0x0000000717800000| Complete 
| 244|0x0000000717800000, 0x0000000717900000, 0x0000000717900000|100%| E|CS|TAMS 0x0000000717800000, 0x0000000717900000| Complete 
| 245|0x0000000717900000, 0x0000000717a00000, 0x0000000717a00000|100%| E|CS|TAMS 0x0000000717900000, 0x0000000717a00000| Complete 
| 246|0x0000000717a00000, 0x0000000717b00000, 0x0000000717b00000|100%| E|CS|TAMS 0x0000000717a00000, 0x0000000717b00000| Complete 
| 247|0x0000000717b00000, 0x0000000717c00000, 0x0000000717c00000|100%| E|CS|TAMS 0x0000000717b00000, 0x0000000717c00000| Complete 
|2938|0x00000007bfe00000, 0x00000007bfe47000, 0x00000007bff00000| 27%|OA|  |TAMS 0x00000007bfe47000, 0x00000007bfe47000| Untracked 
|2939|0x00000007bff00000, 0x00000007bff6b000, 0x00000007c0000000| 41%|CA|  |TAMS 0x00000007bff6b000, 0x00000007bff6b000| Untracked 

Card table byte_map: [0x00007fe94d725000,0x00007fe94dee3000] _byte_map_base: 0x00007fe949ee3000

Marking Bits (Prev, Next): (CMBitMap*) 0x00007fe948080390, (CMBitMap*) 0x00007fe948080358
 Prev Bits: [0x00007fe924420000, 0x00007fe928210000)
 Next Bits: [0x00007fe928210000, 0x00007fe92c000000)

Polling page: 0x00007fe94f3f5000

Metaspace:

Usage:
  Non-class:     29,81 MB capacity,    29,06 MB ( 97%) used,   617,36 KB (  2%) free+waste,   149,00 KB ( <1%) overhead. 
      Class:      5,16 MB capacity,     4,67 MB ( 90%) used,   428,21 KB (  8%) free+waste,    75,06 KB (  1%) overhead. 
       Both:     34,97 MB capacity,    33,73 MB ( 96%) used,     1,02 MB (  3%) free+waste,   224,06 KB ( <1%) overhead. 

Virtual space:
  Non-class space:       30,00 MB reserved,      29,83 MB (>99%) committed 
      Class space:        1,00 GB reserved,       5,25 MB ( <1%) committed 
             Both:        1,03 GB reserved,      35,08 MB (  3%) committed 

Chunk freelists:
   Non-Class:  7,00 KB
       Class:  28,00 KB
        Both:  35,00 KB

MaxMetaspaceSize: unlimited
CompressedClassSpaceSize: 1,00 GB
Initial GC threshold: 20,80 MB
Current GC threshold: 35,08 MB
CDS: on

CodeHeap 'non-profiled nmethods': size=120032Kb used=1982Kb max_used=1982Kb free=118049Kb
 bounds [0x00007fe9382e6000, 0x00007fe938556000, 0x00007fe93f81e000]
CodeHeap 'profiled nmethods': size=120028Kb used=8448Kb max_used=8448Kb free=111579Kb
 bounds [0x00007fe930daf000, 0x00007fe9315ff000, 0x00007fe9382e6000]
CodeHeap 'non-nmethods': size=5700Kb used=1226Kb max_used=1269Kb free=4473Kb
 bounds [0x00007fe93081e000, 0x00007fe930a8e000, 0x00007fe930daf000]
 total_blobs=4218 nmethods=3717 adapters=414
 compilation: enabled
              stopped_count=0, restarted_count=0
 full_count=0

Compilation events (20 events):
Event: 1,869 Thread 0x00007fe9481e8800 3715       3       org.springframework.boot.context.properties.source.SpringConfigurationPropertySources$$Lambda$427/0x0000000840193840::get$Lambda (9 bytes)
Event: 1,869 Thread 0x00007fe9481e8800 nmethod 3715 0x00007fe9315ea910 code [0x00007fe9315eaae0, 0x00007fe9315ead30]
Event: 1,869 Thread 0x00007fe9481e8800 3717       3       org.springframework.boot.context.properties.source.ConfigurationPropertyName$ElementsParser::expand (19 bytes)
Event: 1,869 Thread 0x00007fe9481e8800 nmethod 3717 0x00007fe9315eae10 code [0x00007fe9315eafe0, 0x00007fe9315eb240]
Event: 1,869 Thread 0x00007fe9481e8800 3718       3       java.util.AbstractMap::hashCode (45 bytes)
Event: 1,869 Thread 0x00007fe9481e8800 nmethod 3718 0x00007fe9315eb390 code [0x00007fe9315eb5a0, 0x00007fe9315ebca0]
Event: 1,869 Thread 0x00007fe9481e8800 3719       3       org.springframework.boot.context.properties.source.SpringIterableConfigurationPropertySource$Mappings::getConfigurationPropertyNames (74 bytes)
Event: 1,870 Thread 0x00007fe9481e8800 nmethod 3719 0x00007fe9315ebe90 code [0x00007fe9315ec0a0, 0x00007fe9315ec8b0]
Event: 1,870 Thread 0x00007fe8f4077000 nmethod 3589 0x00007fe9384ce190 code [0x00007fe9384ce740, 0x00007fe9384d2b90]
Event: 1,870 Thread 0x00007fe8f4077000 3713       4       java.lang.ProcessEnvironment::arrayHash (27 bytes)
Event: 1,870 Thread 0x00007fe9481e8800 3720       3       org.springframework.beans.AbstractNestablePropertyAccessor::getWrappedClass (8 bytes)
Event: 1,870 Thread 0x00007fe9481e8800 nmethod 3720 0x00007fe9315eca90 code [0x00007fe9315ecc60, 0x00007fe9315ecfe0]
Event: 1,871 Thread 0x00007fe9481e8800 3721       3       org.springframework.util.ConcurrentReferenceHashMap::<init> (176 bytes)
Event: 1,871 Thread 0x00007fe9481e8800 nmethod 3721 0x00007fe9315ed190 code [0x00007fe9315ed480, 0x00007fe9315ee670]
Event: 1,871 Thread 0x00007fe9481e8800 3722       3       org.springframework.util.ConcurrentReferenceHashMap::calculateShift (26 bytes)
Event: 1,871 Thread 0x00007fe9481e8800 nmethod 3722 0x00007fe9315eec90 code [0x00007fe9315eee40, 0x00007fe9315ef010]
Event: 1,871 Thread 0x00007fe9481e8800 3723       1       org.springframework.beans.factory.config.BeanDefinitionHolder::getBeanDefinition (5 bytes)
Event: 1,871 Thread 0x00007fe8f4077000 nmethod 3713 0x00007fe9384d5290 code [0x00007fe9384d5420, 0x00007fe9384d5578]
Event: 1,871 Thread 0x00007fe8f4077000 3696       4       org.springframework.beans.factory.support.AbstractAutowireCapableBeanFactory::predictBeanType (126 bytes)
Event: 1,871 Thread 0x00007fe9481e8800 nmethod 3723 0x00007fe9384d5690 code [0x00007fe9384d5840, 0x00007fe9384d5910]

GC Heap History (7 events):
Event: 0,274 GC heap before
{Heap before GC invocations=0 (full 0):
 garbage-first heap   total 256000K, used 25288K [0x0000000708400000, 0x0000000800000000)
  region size 1024K, 24 young (24576K), 0 survivors (0K)
 Metaspace       used 3772K, capacity 6445K, committed 6656K, reserved 1056768K
  class space    used 447K, capacity 757K, committed 768K, reserved 1048576K
}
Event: 0,280 GC heap after
{Heap after GC invocations=1 (full 0):
 garbage-first heap   total 256000K, used 6966K [0x0000000708400000, 0x0000000800000000)
  region size 1024K, 3 young (3072K), 3 survivors (3072K)
 Metaspace       used 3772K, capacity 6445K, committed 6656K, reserved 1056768K
  class space    used 447K, capacity 757K, committed 768K, reserved 1048576K
}
Event: 1,026 GC heap before
{Heap before GC invocations=1 (full 0):
 garbage-first heap   total 256000K, used 142134K [0x0000000708400000, 0x0000000800000000)
  region size 1024K, 136 young (139264K), 3 survivors (3072K)
 Metaspace       used 20159K, capacity 21123K, committed 21296K, reserved 1067008K
  class space    used 2692K, capacity 3083K, committed 3200K, reserved 1048576K
}
Event: 1,035 GC heap after
{Heap after GC invocations=2 (full 0):
 garbage-first heap   total 256000K, used 12891K [0x0000000708400000, 0x0000000800000000)
  region size 1024K, 9 young (9216K), 9 survivors (9216K)
 Metaspace       used 20159K, capacity 21123K, committed 21296K, reserved 1067008K
  class space    used 2692K, capacity 3083K, committed 3200K, reserved 1048576K
}
Event: 1,723 GC heap before
{Heap before GC invocations=3 (full 0):
 garbage-first heap   total 256000K, used 136795K [0x0000000708400000, 0x0000000800000000)
  region size 1024K, 130 young (133120K), 9 survivors (9216K)
 Metaspace       used 33053K, capacity 34328K, committed 34480K, reserved 1079296K
  class space    used 4602K, capacity 5112K, committed 5120K, reserved 1048576K
}
Event: 1,731 GC heap after
{Heap after GC invocations=4 (full 0):
 garbage-first heap   total 256000K, used 17688K [0x0000000708400000, 0x0000000800000000)
  region size 1024K, 14 young (14336K), 14 survivors (14336K)
 Metaspace       used 33053K, capacity 34328K, committed 34480K, reserved 1079296K
  class space    used 4602K, capacity 5112K, committed 5120K, reserved 1048576K
}
Event: 1,878 GC heap before
{Heap before GC invocations=4 (full 0):
 garbage-first heap   total 256000K, used 50456K [0x0000000708400000, 0x0000000800000000)
  region size 1024K, 47 young (48128K), 14 survivors (14336K)
 Metaspace       used 34535K, capacity 35805K, committed 35920K, reserved 1079296K
  class space    used 4780K, capacity 5284K, committed 5376K, reserved 1048576K
}

Deoptimization events (20 events):
Event: 1,792 Thread 0x00007fe94801a000 DEOPT PACKING pc=0x00007fe9384b9520 sp=0x00007fe94f52a380
Event: 1,792 Thread 0x00007fe94801a000 DEOPT UNPACKING pc=0x00007fe930867ea5 sp=0x00007fe94f52a338 mode 2
Event: 1,792 Thread 0x00007fe94801a000 Uncommon trap: trap_request=0xffffffbe fr.pc=0x00007fe9384b9520 relative=0x0000000000000940
Event: 1,792 Thread 0x00007fe94801a000 Uncommon trap: reason=profile_predicate action=maybe_recompile pc=0x00007fe9384b9520 method=java.lang.PublicMethods$MethodList.filter([Ljava/lang/reflect/Method;Ljava/lang/String;[Ljava/lang/Class;Z)Ljava/lang/PublicMethods$MethodList; @ 21 c2
Event: 1,792 Thread 0x00007fe94801a000 DEOPT PACKING pc=0x00007fe9384b9520 sp=0x00007fe94f52a380
Event: 1,792 Thread 0x00007fe94801a000 DEOPT UNPACKING pc=0x00007fe930867ea5 sp=0x00007fe94f52a338 mode 2
Event: 1,792 Thread 0x00007fe94801a000 Uncommon trap: trap_request=0xffffffbe fr.pc=0x00007fe9384b9520 relative=0x0000000000000940
Event: 1,792 Thread 0x00007fe94801a000 Uncommon trap: reason=profile_predicate action=maybe_recompile pc=0x00007fe9384b9520 method=java.lang.PublicMethods$MethodList.filter([Ljava/lang/reflect/Method;Ljava/lang/String;[Ljava/lang/Class;Z)Ljava/lang/PublicMethods$MethodList; @ 21 c2
Event: 1,792 Thread 0x00007fe94801a000 DEOPT PACKING pc=0x00007fe9384b9520 sp=0x00007fe94f52a380
Event: 1,792 Thread 0x00007fe94801a000 DEOPT UNPACKING pc=0x00007fe930867ea5 sp=0x00007fe94f52a338 mode 2
Event: 1,792 Thread 0x00007fe94801a000 Uncommon trap: trap_request=0xffffffbe fr.pc=0x00007fe9384b9520 relative=0x0000000000000940
Event: 1,792 Thread 0x00007fe94801a000 Uncommon trap: reason=profile_predicate action=maybe_recompile pc=0x00007fe9384b9520 method=java.lang.PublicMethods$MethodList.filter([Ljava/lang/reflect/Method;Ljava/lang/String;[Ljava/lang/Class;Z)Ljava/lang/PublicMethods$MethodList; @ 21 c2
Event: 1,792 Thread 0x00007fe94801a000 DEOPT PACKING pc=0x00007fe9384b9520 sp=0x00007fe94f52a380
Event: 1,792 Thread 0x00007fe94801a000 DEOPT UNPACKING pc=0x00007fe930867ea5 sp=0x00007fe94f52a338 mode 2
Event: 1,865 Thread 0x00007fe94801a000 Uncommon trap: trap_request=0xffffff4d fr.pc=0x00007fe9384c23a4 relative=0x0000000000000a04
Event: 1,865 Thread 0x00007fe94801a000 Uncommon trap: reason=unstable_if action=reinterpret pc=0x00007fe9384c23a4 method=org.springframework.beans.factory.support.DefaultSingletonBeanRegistry.getSingleton(Ljava/lang/String;Z)Ljava/lang/Object; @ 39 c2
Event: 1,865 Thread 0x00007fe94801a000 DEOPT PACKING pc=0x00007fe9384c23a4 sp=0x00007fe94f52aee0
Event: 1,865 Thread 0x00007fe94801a000 DEOPT UNPACKING pc=0x00007fe930867ea5 sp=0x00007fe94f52ae98 mode 2
Event: 1,868 Thread 0x00007fe94801a000 DEOPT PACKING pc=0x00007fe931124ae9 sp=0x00007fe94f528e00
Event: 1,868 Thread 0x00007fe94801a000 DEOPT UNPACKING pc=0x00007fe93086864a sp=0x00007fe94f5282b0 mode 0

Classes redefined (0 events):
No events

Internal exceptions (20 events):
Event: 1,861 Thread 0x00007fe94801a000 Exception <a 'java/lang/ClassNotFoundException'{0x00000007160fd4d0}: org/springframework/beans/factory/AwareCustomizer> (0x00000007160fd4d0) thrown at [src/hotspot/share/classfile/systemDictionary.cpp, line 230]
Event: 1,861 Thread 0x00007fe94801a000 Exception <a 'java/lang/ClassNotFoundException'{0x0000000715f14268}: org/springframework/context/ApplicationContextAwareCustomizer> (0x0000000715f14268) thrown at [src/hotspot/share/classfile/systemDictionary.cpp, line 230]
Event: 1,861 Thread 0x00007fe94801a000 Exception <a 'java/lang/ClassNotFoundException'{0x0000000715f29b80}: org/springframework/beans/factory/AwareCustomizer> (0x0000000715f29b80) thrown at [src/hotspot/share/classfile/systemDictionary.cpp, line 230]
Event: 1,863 Thread 0x00007fe94801a000 Exception <a 'java/lang/ClassNotFoundException'{0x0000000715f644a8}: java/lang/ObjectCustomizer> (0x0000000715f644a8) thrown at [src/hotspot/share/classfile/systemDictionary.cpp, line 230]
Event: 1,863 Thread 0x00007fe94801a000 Exception <a 'java/lang/ClassNotFoundException'{0x0000000715f7f9a0}: org/springframework/context/support/ApplicationObjectSupportCustomizer> (0x0000000715f7f9a0) thrown at [src/hotspot/share/classfile/systemDictionary.cpp, line 230]
Event: 1,863 Thread 0x00007fe94801a000 Exception <a 'java/lang/ClassNotFoundException'{0x0000000715f9b920}: org/springframework/web/context/support/WebApplicationObjectSupportCustomizer> (0x0000000715f9b920) thrown at [src/hotspot/share/classfile/systemDictionary.cpp, line 230]
Event: 1,863 Thread 0x00007fe94801a000 Exception <a 'java/lang/ClassNotFoundException'{0x0000000715fb6700}: org/springframework/web/servlet/view/ContentNegotiatingViewResolverCustomizer> (0x0000000715fb6700) thrown at [src/hotspot/share/classfile/systemDictionary.cpp, line 230]
Event: 1,864 Thread 0x00007fe94801a000 Exception <a 'java/lang/ClassNotFoundException'{0x0000000715fdb9f8}: org/springframework/web/servlet/ViewResolverCustomizer> (0x0000000715fdb9f8) thrown at [src/hotspot/share/classfile/systemDictionary.cpp, line 230]
Event: 1,864 Thread 0x00007fe94801a000 Exception <a 'java/lang/ClassNotFoundException'{0x0000000715fef9a0}: org/springframework/core/OrderedCustomizer> (0x0000000715fef9a0) thrown at [src/hotspot/share/classfile/systemDictionary.cpp, line 230]
Event: 1,864 Thread 0x00007fe94801a000 Exception <a 'java/lang/ClassNotFoundException'{0x0000000715e070b0}: org/springframework/beans/factory/InitializingBeanCustomizer> (0x0000000715e070b0) thrown at [src/hotspot/share/classfile/systemDictionary.cpp, line 230]
Event: 1,864 Thread 0x00007fe94801a000 Exception <a 'java/lang/ClassNotFoundException'{0x0000000715e1e160}: org/springframework/web/context/ServletContextAwareCustomizer> (0x0000000715e1e160) thrown at [src/hotspot/share/classfile/systemDictionary.cpp, line 230]
Event: 1,864 Thread 0x00007fe94801a000 Exception <a 'java/lang/ClassNotFoundException'{0x0000000715e33558}: org/springframework/beans/factory/AwareCustomizer> (0x0000000715e33558) thrown at [src/hotspot/share/classfile/systemDictionary.cpp, line 230]
Event: 1,865 Thread 0x00007fe94801a000 Exception <a 'java/lang/ClassNotFoundException'{0x0000000715e49e48}: org/springframework/context/ApplicationContextAwareCustomizer> (0x0000000715e49e48) thrown at [src/hotspot/share/classfile/systemDictionary.cpp, line 230]
Event: 1,865 Thread 0x00007fe94801a000 Exception <a 'java/lang/ClassNotFoundException'{0x0000000715e5f760}: org/springframework/beans/factory/AwareCustomizer> (0x0000000715e5f760) thrown at [src/hotspot/share/classfile/systemDictionary.cpp, line 230]
Event: 1,866 Thread 0x00007fe94801a000 Exception <a 'java/lang/ClassNotFoundException'{0x0000000715e6f1c8}: java/lang/ObjectCustomizer> (0x0000000715e6f1c8) thrown at [src/hotspot/share/classfile/systemDictionary.cpp, line 230]
Event: 1,866 Thread 0x00007fe94801a000 Exception <a 'java/lang/ClassNotFoundException'{0x0000000715e98418}: org/springframework/boot/autoconfigure/thymeleaf/ThymeleafAutoConfiguration$ThymeleafWebMvcConfiguration$ThymeleafViewResolverConfigurationCustomizer> (0x0000000715e98418) thrown at [src/hotspot/share/classfile/systemDictionary.cpp, line 230]
Event: 1,867 Thread 0x00007fe94801a000 Exception <a 'java/lang/ClassNotFoundException'{0x0000000715ea3900}: java/lang/ObjectCustomizer> (0x0000000715ea3900) thrown at [src/hotspot/share/classfile/systemDictionary.cpp, line 230]
Event: 1,867 Thread 0x00007fe94801a000 Exception <a 'java/lang/ClassNotFoundException'{0x0000000715ec0ba0}: org/springframework/boot/autoconfigure/thymeleaf/ThymeleafPropertiesCustomizer> (0x0000000715ec0ba0) thrown at [src/hotspot/share/classfile/systemDictionary.cpp, line 230]
Event: 1,870 Thread 0x00007fe94801a000 Exception <a 'java/lang/ClassNotFoundException'{0x0000000715db5bb0}: java/lang/ObjectCustomizer> (0x0000000715db5bb0) thrown at [src/hotspot/share/classfile/systemDictionary.cpp, line 230]
Event: 1,870 Thread 0x00007fe94801a000 Exception <a 'java/lang/ClassNotFoundException'{0x0000000715dda280}: org/springframework/boot/autoconfigure/thymeleaf/TemplateEngineConfigurations$DefaultTemplateEngineConfigurationCustomizer> (0x0000000715dda280) thrown at [src/hotspot/share/classfile/systemDictionary.cpp, line 230]

Events (20 events):
Event: 1,876 loading class org/thymeleaf/cache/StandardParsedTemplateEntryValidator done
Event: 1,876 loading class org/thymeleaf/context/StandardEngineContextFactory
Event: 1,876 loading class org/thymeleaf/context/StandardEngineContextFactory done
Event: 1,877 loading class org/thymeleaf/context/IEngineContext
Event: 1,877 loading class org/thymeleaf/context/IEngineContext done
Event: 1,877 loading class org/thymeleaf/context/ITemplateContext
Event: 1,877 loading class org/thymeleaf/context/ITemplateContext done
Event: 1,877 loading class org/thymeleaf/context/IExpressionContext
Event: 1,877 loading class org/thymeleaf/context/IExpressionContext done
Event: 1,877 loading class org/thymeleaf/context/IContext
Event: 1,877 loading class org/thymeleaf/context/IContext done
Event: 1,877 loading class org/thymeleaf/messageresolver/StandardMessageResolver
Event: 1,877 loading class org/thymeleaf/messageresolver/StandardMessageResolver done
Event: 1,877 loading class org/thymeleaf/messageresolver/AbstractMessageResolver
Event: 1,877 loading class org/thymeleaf/messageresolver/AbstractMessageResolver done
Event: 1,877 loading class org/thymeleaf/linkbuilder/StandardLinkBuilder
Event: 1,877 loading class org/thymeleaf/linkbuilder/StandardLinkBuilder done
Event: 1,878 loading class org/thymeleaf/linkbuilder/AbstractLinkBuilder
Event: 1,878 loading class org/thymeleaf/linkbuilder/AbstractLinkBuilder done
Event: 1,878 Executing VM operation: CollectForMetadataAllocation


Dynamic libraries:
708400000-717c00000 rw-p 00000000 00:00 0 
717c00000-7bfe00000 ---p 00000000 00:00 0 
7bfe00000-7bfe47000 rw-p 01119000 103:06 3801965                         /usr/lib/jvm/java-11-openjdk-amd64/lib/server/classes.jsa
7bfe47000-7bff00000 rw-p 00000000 00:00 0 
7bff00000-7bff6b000 rw-p 010ae000 103:06 3801965                         /usr/lib/jvm/java-11-openjdk-amd64/lib/server/classes.jsa
7bff6b000-7c0000000 rw-p 00000000 00:00 0 
7c0000000-800000000 ---p 00000000 00:00 0 
800000000-800002000 rwxp 00001000 103:06 3801965                         /usr/lib/jvm/java-11-openjdk-amd64/lib/server/classes.jsa
800002000-8003cb000 rw-p 00003000 103:06 3801965                         /usr/lib/jvm/java-11-openjdk-amd64/lib/server/classes.jsa
8003cb000-800a9a000 r--p 003cc000 103:06 3801965                         /usr/lib/jvm/java-11-openjdk-amd64/lib/server/classes.jsa
800a9a000-800a9b000 rw-p 00a9b000 103:06 3801965                         /usr/lib/jvm/java-11-openjdk-amd64/lib/server/classes.jsa
800a9b000-8010ad000 r--p 00a9c000 103:06 3801965                         /usr/lib/jvm/java-11-openjdk-amd64/lib/server/classes.jsa
840000000-840540000 rw-p 00000000 00:00 0 
840540000-880000000 ---p 00000000 00:00 0 
55d3972b9000-55d3972ba000 r--p 00000000 103:06 2886492                   /usr/lib/jvm/java-11-openjdk-amd64/bin/java
55d3972ba000-55d3972bb000 r-xp 00001000 103:06 2886492                   /usr/lib/jvm/java-11-openjdk-amd64/bin/java
55d3972bb000-55d3972bc000 r--p 00002000 103:06 2886492                   /usr/lib/jvm/java-11-openjdk-amd64/bin/java
55d3972bc000-55d3972bd000 r--p 00002000 103:06 2886492                   /usr/lib/jvm/java-11-openjdk-amd64/bin/java
55d3972bd000-55d3972be000 rw-p 00003000 103:06 2886492                   /usr/lib/jvm/java-11-openjdk-amd64/bin/java
55d399241000-55d399262000 rw-p 00000000 00:00 0                          [heap]
7fe8b8000000-7fe8b8021000 rw-p 00000000 00:00 0 
7fe8b8021000-7fe8bc000000 ---p 00000000 00:00 0 
7fe8bc000000-7fe8bc040000 rw-p 00000000 00:00 0 
7fe8bc040000-7fe8c0000000 ---p 00000000 00:00 0 
7fe8c2ffc000-7fe8c31e4000 rw-p 00000000 00:00 0 
7fe8c31e4000-7fe8c31fc000 ---p 00000000 00:00 0 
7fe8c31fc000-7fe8c33fc000 rw-p 00000000 00:00 0 
7fe8c33fc000-7fe8c35fc000 rw-p 00000000 00:00 0 
7fe8c35fc000-7fe8c37fc000 rw-p 00000000 00:00 0 
7fe8c37fc000-7fe8c39fc000 rw-p 00000000 00:00 0 
7fe8c39fc000-7fe8c3bfc000 rw-p 00000000 00:00 0 
7fe8c3bfc000-7fe8c3bfd000 ---p 00000000 00:00 0 
7fe8c3bfd000-7fe8c3cfe000 rw-p 00000000 00:00 0 
7fe8c3cfe000-7fe8c3cff000 ---p 00000000 00:00 0 
7fe8c3cff000-7fe8c3fec000 rw-p 00000000 00:00 0 
7fe8c3fec000-7fe8c4000000 ---p 00000000 00:00 0 
7fe8c4000000-7fe8c4831000 rw-p 00000000 00:00 0 
7fe8c4831000-7fe8c8000000 ---p 00000000 00:00 0 
7fe8c8000000-7fe8c836a000 rw-p 00000000 00:00 0 
7fe8c836a000-7fe8cc000000 ---p 00000000 00:00 0 
7fe8cc000000-7fe8cc021000 rw-p 00000000 00:00 0 
7fe8cc021000-7fe8d0000000 ---p 00000000 00:00 0 
7fe8d0000000-7fe8d0021000 rw-p 00000000 00:00 0 
7fe8d0021000-7fe8d4000000 ---p 00000000 00:00 0 
7fe8d4000000-7fe8d4021000 rw-p 00000000 00:00 0 
7fe8d4021000-7fe8d8000000 ---p 00000000 00:00 0 
7fe8d8000000-7fe8d8021000 rw-p 00000000 00:00 0 
7fe8d8021000-7fe8dc000000 ---p 00000000 00:00 0 
7fe8dc000000-7fe8dc021000 rw-p 00000000 00:00 0 
7fe8dc021000-7fe8e0000000 ---p 00000000 00:00 0 
7fe8e0000000-7fe8e003a000 rw-p 00000000 00:00 0 
7fe8e003a000-7fe8e4000000 ---p 00000000 00:00 0 
7fe8e4000000-7fe8e4021000 rw-p 00000000 00:00 0 
7fe8e4021000-7fe8e8000000 ---p 00000000 00:00 0 
7fe8e8000000-7fe8e8e6c000 rw-p 00000000 00:00 0 
7fe8e8e6c000-7fe8ec000000 ---p 00000000 00:00 0 
7fe8ec000000-7fe8ec021000 rw-p 00000000 00:00 0 
7fe8ec021000-7fe8f0000000 ---p 00000000 00:00 0 
7fe8f0000000-7fe8f0021000 rw-p 00000000 00:00 0 
7fe8f0021000-7fe8f4000000 ---p 00000000 00:00 0 
7fe8f4000000-7fe8f5266000 rw-p 00000000 00:00 0 
7fe8f5266000-7fe8f8000000 ---p 00000000 00:00 0 
7fe8f8000000-7fe8f86f3000 rw-p 00000000 00:00 0 
7fe8f86f3000-7fe8fc000000 ---p 00000000 00:00 0 
7fe8fc000000-7fe8fc021000 rw-p 00000000 00:00 0 
7fe8fc021000-7fe900000000 ---p 00000000 00:00 0 
7fe900000000-7fe900021000 rw-p 00000000 00:00 0 
7fe900021000-7fe904000000 ---p 00000000 00:00 0 
7fe904000000-7fe904021000 rw-p 00000000 00:00 0 
7fe904021000-7fe908000000 ---p 00000000 00:00 0 
7fe908000000-7fe908021000 rw-p 00000000 00:00 0 
7fe908021000-7fe90c000000 ---p 00000000 00:00 0 
7fe90c000000-7fe90c021000 rw-p 00000000 00:00 0 
7fe90c021000-7fe910000000 ---p 00000000 00:00 0 
7fe910000000-7fe9100be000 rw-p 00000000 00:00 0 
7fe9100be000-7fe914000000 ---p 00000000 00:00 0 
7fe914000000-7fe914021000 rw-p 00000000 00:00 0 
7fe914021000-7fe918000000 ---p 00000000 00:00 0 
7fe918000000-7fe918021000 rw-p 00000000 00:00 0 
7fe918021000-7fe91c000000 ---p 00000000 00:00 0 
7fe91c071000-7fe91c271000 rw-p 00000000 00:00 0 
7fe91c308000-7fe91c30c000 ---p 00000000 00:00 0 
7fe91c30c000-7fe91c609000 rw-p 00000000 00:00 0 
7fe91c609000-7fe91c60d000 ---p 00000000 00:00 0 
7fe91c60d000-7fe91c70a000 rw-p 00000000 00:00 0 
7fe91c70a000-7fe91c70b000 r--p 00000000 103:06 3673745                   /lib/x86_64-linux-gnu/libnss_dns-2.31.so
7fe91c70b000-7fe91c70f000 r-xp 00001000 103:06 3673745                   /lib/x86_64-linux-gnu/libnss_dns-2.31.so
7fe91c70f000-7fe91c710000 r--p 00005000 103:06 3673745                   /lib/x86_64-linux-gnu/libnss_dns-2.31.so
7fe91c710000-7fe91c711000 r--p 00005000 103:06 3673745                   /lib/x86_64-linux-gnu/libnss_dns-2.31.so
7fe91c711000-7fe91c712000 rw-p 00006000 103:06 3673745                   /lib/x86_64-linux-gnu/libnss_dns-2.31.so
7fe91c712000-7fe91c716000 r--p 00000000 103:06 3673759                   /lib/x86_64-linux-gnu/libresolv-2.31.so
7fe91c716000-7fe91c726000 r-xp 00004000 103:06 3673759                   /lib/x86_64-linux-gnu/libresolv-2.31.so
7fe91c726000-7fe91c72a000 r--p 00014000 103:06 3673759                   /lib/x86_64-linux-gnu/libresolv-2.31.so
7fe91c72a000-7fe91c72b000 r--p 00017000 103:06 3673759                   /lib/x86_64-linux-gnu/libresolv-2.31.so
7fe91c72b000-7fe91c72c000 rw-p 00018000 103:06 3673759                   /lib/x86_64-linux-gnu/libresolv-2.31.so
7fe91c72c000-7fe91c72e000 rw-p 00000000 00:00 0 
7fe91c742000-7fe91c749000 r--s 00000000 103:06 3147724                   /usr/lib/x86_64-linux-gnu/gconv/gconv-modules.cache
7fe91c749000-7fe91c74d000 ---p 00000000 00:00 0 
7fe91c74d000-7fe91ca4a000 rw-p 00000000 00:00 0 
7fe91ca4a000-7fe91cc4a000 rw-p 00000000 00:00 0 
7fe91cc4a000-7fe91cc4b000 ---p 00000000 00:00 0 
7fe91cc4b000-7fe91cd4c000 rw-p 00000000 00:00 0 
7fe91cd4c000-7fe91cd4d000 ---p 00000000 00:00 0 
7fe91cd4d000-7fe91ce4e000 rw-p 00000000 00:00 0 
7fe91ce4e000-7fe91ce4f000 ---p 00000000 00:00 0 
7fe91ce4f000-7fe91cf50000 rw-p 00000000 00:00 0 
7fe91cf50000-7fe91cf51000 ---p 00000000 00:00 0 
7fe91cf51000-7fe91d052000 rw-p 00000000 00:00 0 
7fe91d052000-7fe91d053000 ---p 00000000 00:00 0 
7fe91d053000-7fe91d154000 rw-p 00000000 00:00 0 
7fe91d154000-7fe91d158000 ---p 00000000 00:00 0 
7fe91d158000-7fe91d255000 rw-p 00000000 00:00 0 
7fe91d255000-7fe91d259000 ---p 00000000 00:00 0 
7fe91d259000-7fe91d387000 rw-p 00000000 00:00 0 
7fe91d387000-7fe91d38b000 ---p 00000000 00:00 0 
7fe91d38b000-7fe91d488000 rw-p 00000000 00:00 0 
7fe91d488000-7fe91d489000 ---p 00000000 00:00 0 
7fe91d489000-7fe91d58a000 rw-p 00000000 00:00 0 
7fe91d58a000-7fe91d58e000 ---p 00000000 00:00 0 
7fe91d58e000-7fe91d68b000 rw-p 00000000 00:00 0 
7fe91d68b000-7fe91d68f000 ---p 00000000 00:00 0 
7fe91d68f000-7fe91d78c000 rw-p 00000000 00:00 0 
7fe91d78c000-7fe91d790000 ---p 00000000 00:00 0 
7fe91d790000-7fe91d88d000 rw-p 00000000 00:00 0 
7fe91d88d000-7fe91d891000 ---p 00000000 00:00 0 
7fe91d891000-7fe91d98e000 rw-p 00000000 00:00 0 
7fe91d98e000-7fe91d992000 ---p 00000000 00:00 0 
7fe91d992000-7fe91da8f000 rw-p 00000000 00:00 0 
7fe91da8f000-7fe91e000000 r--p 00000000 103:06 2889073                   /usr/lib/locale/locale-archive
7fe91e000000-7fe920000000 rw-p 00000000 00:00 0 
7fe920000000-7fe920021000 rw-p 00000000 00:00 0 
7fe920021000-7fe924000000 ---p 00000000 00:00 0 
7fe924000000-7fe924004000 r--p 00000000 103:06 2886551                   /usr/lib/jvm/java-11-openjdk-amd64/lib/libnet.so
7fe924004000-7fe924012000 r-xp 00004000 103:06 2886551                   /usr/lib/jvm/java-11-openjdk-amd64/lib/libnet.so
7fe924012000-7fe924016000 r--p 00012000 103:06 2886551                   /usr/lib/jvm/java-11-openjdk-amd64/lib/libnet.so
7fe924016000-7fe924017000 r--p 00015000 103:06 2886551                   /usr/lib/jvm/java-11-openjdk-amd64/lib/libnet.so
7fe924017000-7fe924018000 rw-p 00016000 103:06 2886551                   /usr/lib/jvm/java-11-openjdk-amd64/lib/libnet.so
7fe924018000-7fe92401c000 ---p 00000000 00:00 0 
7fe92401c000-7fe924119000 rw-p 00000000 00:00 0 
7fe924119000-7fe92411d000 ---p 00000000 00:00 0 
7fe92411d000-7fe92421a000 rw-p 00000000 00:00 0 
7fe92421a000-7fe92421b000 ---p 00000000 00:00 0 
7fe92421b000-7fe924800000 rw-p 00000000 00:00 0 
7fe924800000-7fe927208000 ---p 00000000 00:00 0 
7fe927208000-7fe927210000 rw-p 00000000 00:00 0 
7fe927210000-7fe928210000 ---p 00000000 00:00 0 
7fe928210000-7fe9285f0000 rw-p 00000000 00:00 0 
7fe9285f0000-7fe92aff8000 ---p 00000000 00:00 0 
7fe92aff8000-7fe92b000000 rw-p 00000000 00:00 0 
7fe92b000000-7fe92c000000 ---p 00000000 00:00 0 
7fe92c000000-7fe92c021000 rw-p 00000000 00:00 0 
7fe92c021000-7fe930000000 ---p 00000000 00:00 0 
7fe930004000-7fe930005000 r--p 00000000 103:06 3670771                   /lib/x86_64-linux-gnu/libnss_mdns4_minimal.so.2
7fe930005000-7fe930007000 r-xp 00001000 103:06 3670771                   /lib/x86_64-linux-gnu/libnss_mdns4_minimal.so.2
7fe930007000-7fe930008000 r--p 00003000 103:06 3670771                   /lib/x86_64-linux-gnu/libnss_mdns4_minimal.so.2
7fe930008000-7fe930009000 r--p 00003000 103:06 3670771                   /lib/x86_64-linux-gnu/libnss_mdns4_minimal.so.2
7fe930009000-7fe93000a000 rw-p 00004000 103:06 3670771                   /lib/x86_64-linux-gnu/libnss_mdns4_minimal.so.2
7fe93000a000-7fe930011000 r--p 00000000 103:06 2886553                   /usr/lib/jvm/java-11-openjdk-amd64/lib/libnio.so
7fe930011000-7fe930019000 r-xp 00007000 103:06 2886553                   /usr/lib/jvm/java-11-openjdk-amd64/lib/libnio.so
7fe930019000-7fe93001c000 r--p 0000f000 103:06 2886553                   /usr/lib/jvm/java-11-openjdk-amd64/lib/libnio.so
7fe93001c000-7fe93001d000 r--p 00011000 103:06 2886553                   /usr/lib/jvm/java-11-openjdk-amd64/lib/libnio.so
7fe93001d000-7fe93001e000 rw-p 00012000 103:06 2886553                   /usr/lib/jvm/java-11-openjdk-amd64/lib/libnio.so
7fe93001e000-7fe93081e000 rw-p 00000000 00:00 0 
7fe93081e000-7fe930a8e000 rwxp 00000000 00:00 0 
7fe930a8e000-7fe930daf000 ---p 00000000 00:00 0 
7fe930daf000-7fe9315ff000 rwxp 00000000 00:00 0 
7fe9315ff000-7fe9382e6000 ---p 00000000 00:00 0 
7fe9382e6000-7fe938556000 rwxp 00000000 00:00 0 
7fe938556000-7fe93f81e000 ---p 00000000 00:00 0 
7fe93f81e000-7fe948000000 r--s 00000000 103:06 2887407                   /usr/lib/jvm/java-11-openjdk-amd64/lib/modules
7fe948000000-7fe94943b000 rw-p 00000000 00:00 0 
7fe94943b000-7fe94c000000 ---p 00000000 00:00 0 
7fe94c003000-7fe94c005000 r--p 00000000 103:06 2886547                   /usr/lib/jvm/java-11-openjdk-amd64/lib/libmanagement_ext.so
7fe94c005000-7fe94c008000 r-xp 00002000 103:06 2886547                   /usr/lib/jvm/java-11-openjdk-amd64/lib/libmanagement_ext.so
7fe94c008000-7fe94c00a000 r--p 00005000 103:06 2886547                   /usr/lib/jvm/java-11-openjdk-amd64/lib/libmanagement_ext.so
7fe94c00a000-7fe94c00b000 r--p 00006000 103:06 2886547                   /usr/lib/jvm/java-11-openjdk-amd64/lib/libmanagement_ext.so
7fe94c00b000-7fe94c00c000 rw-p 00007000 103:06 2886547                   /usr/lib/jvm/java-11-openjdk-amd64/lib/libmanagement_ext.so
7fe94c00c000-7fe94c00f000 r--p 00000000 103:06 2886543                   /usr/lib/jvm/java-11-openjdk-amd64/lib/libmanagement.so
7fe94c00f000-7fe94c010000 r-xp 00003000 103:06 2886543                   /usr/lib/jvm/java-11-openjdk-amd64/lib/libmanagement.so
7fe94c010000-7fe94c011000 r--p 00004000 103:06 2886543                   /usr/lib/jvm/java-11-openjdk-amd64/lib/libmanagement.so
7fe94c011000-7fe94c012000 r--p 00004000 103:06 2886543                   /usr/lib/jvm/java-11-openjdk-amd64/lib/libmanagement.so
7fe94c012000-7fe94c013000 rw-p 00005000 103:06 2886543                   /usr/lib/jvm/java-11-openjdk-amd64/lib/libmanagement.so
7fe94c013000-7fe94c055000 rw-p 00000000 00:00 0 
7fe94c055000-7fe94c056000 ---p 00000000 00:00 0 
7fe94c056000-7fe94c157000 rw-p 00000000 00:00 0 
7fe94c157000-7fe94c158000 ---p 00000000 00:00 0 
7fe94c158000-7fe94cc63000 rw-p 00000000 00:00 0 
7fe94cc63000-7fe94cc64000 ---p 00000000 00:00 0 
7fe94cc64000-7fe94cd65000 rw-p 00000000 00:00 0 
7fe94cd65000-7fe94cd66000 ---p 00000000 00:00 0 
7fe94cd66000-7fe94cfe3000 rw-p 00000000 00:00 0 
7fe94cfe3000-7fe94d524000 ---p 00000000 00:00 0 
7fe94d524000-7fe94d525000 rw-p 00000000 00:00 0 
7fe94d525000-7fe94d725000 ---p 00000000 00:00 0 
7fe94d725000-7fe94d7a1000 rw-p 00000000 00:00 0 
7fe94d7a1000-7fe94dce2000 ---p 00000000 00:00 0 
7fe94dce2000-7fe94dce3000 rw-p 00000000 00:00 0 
7fe94dce3000-7fe94dee3000 ---p 00000000 00:00 0 
7fe94dee3000-7fe94df5f000 rw-p 00000000 00:00 0 
7fe94df5f000-7fe94e4a0000 ---p 00000000 00:00 0 
7fe94e4a0000-7fe94e4a1000 rw-p 00000000 00:00 0 
7fe94e4a1000-7fe94e6a1000 ---p 00000000 00:00 0 
7fe94e6a1000-7fe94f0ab000 rw-p 00000000 00:00 0 
7fe94f0ab000-7fe94f0ac000 ---p 00000000 00:00 0 
7fe94f0ac000-7fe94f1b2000 rw-p 00000000 00:00 0 
7fe94f1b2000-7fe94f298000 ---p 00000000 00:00 0 
7fe94f298000-7fe94f2a9000 rw-p 00000000 00:00 0 
7fe94f2a9000-7fe94f383000 ---p 00000000 00:00 0 
7fe94f383000-7fe94f388000 rw-p 00000000 00:00 0 
7fe94f388000-7fe94f38f000 ---p 00000000 00:00 0 
7fe94f38f000-7fe94f392000 r--p 00000000 103:06 3673747                   /lib/x86_64-linux-gnu/libnss_files-2.31.so
7fe94f392000-7fe94f399000 r-xp 00003000 103:06 3673747                   /lib/x86_64-linux-gnu/libnss_files-2.31.so
7fe94f399000-7fe94f39b000 r--p 0000a000 103:06 3673747                   /lib/x86_64-linux-gnu/libnss_files-2.31.so
7fe94f39b000-7fe94f39c000 r--p 0000b000 103:06 3673747                   /lib/x86_64-linux-gnu/libnss_files-2.31.so
7fe94f39c000-7fe94f39d000 rw-p 0000c000 103:06 3673747                   /lib/x86_64-linux-gnu/libnss_files-2.31.so
7fe94f39d000-7fe94f3a3000 rw-p 00000000 00:00 0 
7fe94f3a3000-7fe94f3a7000 r--p 00000000 103:06 3673741                   /lib/x86_64-linux-gnu/libnsl-2.31.so
7fe94f3a7000-7fe94f3b7000 r-xp 00004000 103:06 3673741                   /lib/x86_64-linux-gnu/libnsl-2.31.so
7fe94f3b7000-7fe94f3bc000 r--p 00014000 103:06 3673741                   /lib/x86_64-linux-gnu/libnsl-2.31.so
7fe94f3bc000-7fe94f3bd000 r--p 00018000 103:06 3673741                   /lib/x86_64-linux-gnu/libnsl-2.31.so
7fe94f3bd000-7fe94f3be000 rw-p 00019000 103:06 3673741                   /lib/x86_64-linux-gnu/libnsl-2.31.so
7fe94f3be000-7fe94f3c0000 rw-p 00000000 00:00 0 
7fe94f3c0000-7fe94f3c2000 r--p 00000000 103:06 3673751                   /lib/x86_64-linux-gnu/libnss_nis-2.31.so
7fe94f3c2000-7fe94f3ca000 r-xp 00002000 103:06 3673751                   /lib/x86_64-linux-gnu/libnss_nis-2.31.so
7fe94f3ca000-7fe94f3cc000 r--p 0000a000 103:06 3673751                   /lib/x86_64-linux-gnu/libnss_nis-2.31.so
7fe94f3cc000-7fe94f3cd000 r--p 0000b000 103:06 3673751                   /lib/x86_64-linux-gnu/libnss_nis-2.31.so
7fe94f3cd000-7fe94f3ce000 rw-p 0000c000 103:06 3673751                   /lib/x86_64-linux-gnu/libnss_nis-2.31.so
7fe94f3ce000-7fe94f3d0000 r--p 00000000 103:06 3673743                   /lib/x86_64-linux-gnu/libnss_compat-2.31.so
7fe94f3d0000-7fe94f3d7000 r-xp 00002000 103:06 3673743                   /lib/x86_64-linux-gnu/libnss_compat-2.31.so
7fe94f3d7000-7fe94f3d8000 r--p 00009000 103:06 3673743                   /lib/x86_64-linux-gnu/libnss_compat-2.31.so
7fe94f3d8000-7fe94f3d9000 r--p 00009000 103:06 3673743                   /lib/x86_64-linux-gnu/libnss_compat-2.31.so
7fe94f3d9000-7fe94f3da000 rw-p 0000a000 103:06 3673743                   /lib/x86_64-linux-gnu/libnss_compat-2.31.so
7fe94f3db000-7fe94f3dc000 r--p 00000000 103:06 2886528                   /usr/lib/jvm/java-11-openjdk-amd64/lib/libextnet.so
7fe94f3dc000-7fe94f3dd000 r-xp 00001000 103:06 2886528                   /usr/lib/jvm/java-11-openjdk-amd64/lib/libextnet.so
7fe94f3dd000-7fe94f3de000 r--p 00002000 103:06 2886528                   /usr/lib/jvm/java-11-openjdk-amd64/lib/libextnet.so
7fe94f3de000-7fe94f3df000 r--p 00002000 103:06 2886528                   /usr/lib/jvm/java-11-openjdk-amd64/lib/libextnet.so
7fe94f3df000-7fe94f3e0000 rw-p 00003000 103:06 2886528                   /usr/lib/jvm/java-11-openjdk-amd64/lib/libextnet.so
7fe94f3e0000-7fe94f3e2000 r--s 0000c000 103:06 3282460                   /usr/share/java/java-atk-wrapper.jar
7fe94f3e2000-7fe94f3e4000 r--p 00000000 103:06 2887380                   /usr/lib/jvm/java-11-openjdk-amd64/lib/libzip.so
7fe94f3e4000-7fe94f3e9000 r-xp 00002000 103:06 2887380                   /usr/lib/jvm/java-11-openjdk-amd64/lib/libzip.so
7fe94f3e9000-7fe94f3eb000 r--p 00007000 103:06 2887380                   /usr/lib/jvm/java-11-openjdk-amd64/lib/libzip.so
7fe94f3eb000-7fe94f3ec000 r--p 00008000 103:06 2887380                   /usr/lib/jvm/java-11-openjdk-amd64/lib/libzip.so
7fe94f3ec000-7fe94f3ed000 rw-p 00009000 103:06 2887380                   /usr/lib/jvm/java-11-openjdk-amd64/lib/libzip.so
7fe94f3ed000-7fe94f3f5000 rw-s 00000000 103:06 3801118                   /tmp/hsperfdata_artur/524392
7fe94f3f5000-7fe94f3f6000 ---p 00000000 00:00 0 
7fe94f3f6000-7fe94f3f7000 r--p 00000000 00:00 0 
7fe94f3f7000-7fe94f405000 r--p 00000000 103:06 2886535                   /usr/lib/jvm/java-11-openjdk-amd64/lib/libjava.so
7fe94f405000-7fe94f41b000 r-xp 0000e000 103:06 2886535                   /usr/lib/jvm/java-11-openjdk-amd64/lib/libjava.so
7fe94f41b000-7fe94f422000 r--p 00024000 103:06 2886535                   /usr/lib/jvm/java-11-openjdk-amd64/lib/libjava.so
7fe94f422000-7fe94f423000 r--p 0002a000 103:06 2886535                   /usr/lib/jvm/java-11-openjdk-amd64/lib/libjava.so
7fe94f423000-7fe94f424000 rw-p 0002b000 103:06 2886535                   /usr/lib/jvm/java-11-openjdk-amd64/lib/libjava.so
7fe94f424000-7fe94f425000 rw-p 00000000 00:00 0 
7fe94f425000-7fe94f427000 r--p 00000000 103:06 3673760                   /lib/x86_64-linux-gnu/librt-2.31.so
7fe94f427000-7fe94f42b000 r-xp 00002000 103:06 3673760                   /lib/x86_64-linux-gnu/librt-2.31.so
7fe94f42b000-7fe94f42d000 r--p 00006000 103:06 3673760                   /lib/x86_64-linux-gnu/librt-2.31.so
7fe94f42d000-7fe94f42e000 r--p 00007000 103:06 3673760                   /lib/x86_64-linux-gnu/librt-2.31.so
7fe94f42e000-7fe94f42f000 rw-p 00008000 103:06 3673760                   /lib/x86_64-linux-gnu/librt-2.31.so
7fe94f42f000-7fe94f433000 ---p 00000000 00:00 0 
7fe94f433000-7fe94f530000 rw-p 00000000 00:00 0 
7fe94f530000-7fe94f533000 r--p 00000000 103:06 3670736                   /lib/x86_64-linux-gnu/libgcc_s.so.1
7fe94f533000-7fe94f545000 r-xp 00003000 103:06 3670736                   /lib/x86_64-linux-gnu/libgcc_s.so.1
7fe94f545000-7fe94f549000 r--p 00015000 103:06 3670736                   /lib/x86_64-linux-gnu/libgcc_s.so.1
7fe94f549000-7fe94f54a000 r--p 00018000 103:06 3670736                   /lib/x86_64-linux-gnu/libgcc_s.so.1
7fe94f54a000-7fe94f54b000 rw-p 00019000 103:06 3670736                   /lib/x86_64-linux-gnu/libgcc_s.so.1
7fe94f54b000-7fe94f558000 r--p 00000000 103:06 3673735                   /lib/x86_64-linux-gnu/libm-2.31.so
7fe94f558000-7fe94f5ff000 r-xp 0000d000 103:06 3673735                   /lib/x86_64-linux-gnu/libm-2.31.so
7fe94f5ff000-7fe94f698000 r--p 000b4000 103:06 3673735                   /lib/x86_64-linux-gnu/libm-2.31.so
7fe94f698000-7fe94f699000 r--p 0014c000 103:06 3673735                   /lib/x86_64-linux-gnu/libm-2.31.so
7fe94f699000-7fe94f69a000 rw-p 0014d000 103:06 3673735                   /lib/x86_64-linux-gnu/libm-2.31.so
7fe94f69a000-7fe94f730000 r--p 00000000 103:06 2883678                   /usr/lib/x86_64-linux-gnu/libstdc++.so.6.0.28
7fe94f730000-7fe94f821000 r-xp 00096000 103:06 2883678                   /usr/lib/x86_64-linux-gnu/libstdc++.so.6.0.28
7fe94f821000-7fe94f86a000 r--p 00187000 103:06 2883678                   /usr/lib/x86_64-linux-gnu/libstdc++.so.6.0.28
7fe94f86a000-7fe94f86b000 ---p 001d0000 103:06 2883678                   /usr/lib/x86_64-linux-gnu/libstdc++.so.6.0.28
7fe94f86b000-7fe94f876000 r--p 001d0000 103:06 2883678                   /usr/lib/x86_64-linux-gnu/libstdc++.so.6.0.28
7fe94f876000-7fe94f879000 rw-p 001db000 103:06 2883678                   /usr/lib/x86_64-linux-gnu/libstdc++.so.6.0.28
7fe94f879000-7fe94f87c000 rw-p 00000000 00:00 0 
7fe94f87c000-7fe94fafe000 r--p 00000000 103:06 3801957                   /usr/lib/jvm/java-11-openjdk-amd64/lib/server/libjvm.so
7fe94fafe000-7fe950784000 r-xp 00282000 103:06 3801957                   /usr/lib/jvm/java-11-openjdk-amd64/lib/server/libjvm.so
7fe950784000-7fe9509e0000 r--p 00f08000 103:06 3801957                   /usr/lib/jvm/java-11-openjdk-amd64/lib/server/libjvm.so
7fe9509e0000-7fe950aa4000 r--p 01163000 103:06 3801957                   /usr/lib/jvm/java-11-openjdk-amd64/lib/server/libjvm.so
7fe950aa4000-7fe950adf000 rw-p 01227000 103:06 3801957                   /usr/lib/jvm/java-11-openjdk-amd64/lib/server/libjvm.so
7fe950adf000-7fe950b38000 rw-p 00000000 00:00 0 
7fe950b38000-7fe950b3e000 r--p 00000000 103:06 3673757                   /lib/x86_64-linux-gnu/libpthread-2.31.so
7fe950b3e000-7fe950b4f000 r-xp 00006000 103:06 3673757                   /lib/x86_64-linux-gnu/libpthread-2.31.so
7fe950b4f000-7fe950b55000 r--p 00017000 103:06 3673757                   /lib/x86_64-linux-gnu/libpthread-2.31.so
7fe950b55000-7fe950b56000 r--p 0001c000 103:06 3673757                   /lib/x86_64-linux-gnu/libpthread-2.31.so
7fe950b56000-7fe950b57000 rw-p 0001d000 103:06 3673757                   /lib/x86_64-linux-gnu/libpthread-2.31.so
7fe950b57000-7fe950b5b000 rw-p 00000000 00:00 0 
7fe950b5b000-7fe950b5c000 r--p 00000000 103:06 3673733                   /lib/x86_64-linux-gnu/libdl-2.31.so
7fe950b5c000-7fe950b5e000 r-xp 00001000 103:06 3673733                   /lib/x86_64-linux-gnu/libdl-2.31.so
7fe950b5e000-7fe950b5f000 r--p 00003000 103:06 3673733                   /lib/x86_64-linux-gnu/libdl-2.31.so
7fe950b5f000-7fe950b60000 r--p 00003000 103:06 3673733                   /lib/x86_64-linux-gnu/libdl-2.31.so
7fe950b60000-7fe950b61000 rw-p 00004000 103:06 3673733                   /lib/x86_64-linux-gnu/libdl-2.31.so
7fe950b61000-7fe950b63000 r--p 00000000 103:06 3672931                   /lib/x86_64-linux-gnu/libz.so.1.2.11
7fe950b63000-7fe950b74000 r-xp 00002000 103:06 3672931                   /lib/x86_64-linux-gnu/libz.so.1.2.11
7fe950b74000-7fe950b7a000 r--p 00013000 103:06 3672931                   /lib/x86_64-linux-gnu/libz.so.1.2.11
7fe950b7a000-7fe950b7b000 ---p 00019000 103:06 3672931                   /lib/x86_64-linux-gnu/libz.so.1.2.11
7fe950b7b000-7fe950b7c000 r--p 00019000 103:06 3672931                   /lib/x86_64-linux-gnu/libz.so.1.2.11
7fe950b7c000-7fe950b7d000 rw-p 0001a000 103:06 3672931                   /lib/x86_64-linux-gnu/libz.so.1.2.11
7fe950b7d000-7fe950b9f000 r--p 00000000 103:06 3673731                   /lib/x86_64-linux-gnu/libc-2.31.so
7fe950b9f000-7fe950d17000 r-xp 00022000 103:06 3673731                   /lib/x86_64-linux-gnu/libc-2.31.so
7fe950d17000-7fe950d65000 r--p 0019a000 103:06 3673731                   /lib/x86_64-linux-gnu/libc-2.31.so
7fe950d65000-7fe950d69000 r--p 001e7000 103:06 3673731                   /lib/x86_64-linux-gnu/libc-2.31.so
7fe950d69000-7fe950d6b000 rw-p 001eb000 103:06 3673731                   /lib/x86_64-linux-gnu/libc-2.31.so
7fe950d6b000-7fe950d6f000 rw-p 00000000 00:00 0 
7fe950d6f000-7fe950d71000 r--p 00000000 103:06 2886538                   /usr/lib/jvm/java-11-openjdk-amd64/lib/libjimage.so
7fe950d71000-7fe950d74000 r-xp 00002000 103:06 2886538                   /usr/lib/jvm/java-11-openjdk-amd64/lib/libjimage.so
7fe950d74000-7fe950d75000 r--p 00005000 103:06 2886538                   /usr/lib/jvm/java-11-openjdk-amd64/lib/libjimage.so
7fe950d75000-7fe950d76000 ---p 00006000 103:06 2886538                   /usr/lib/jvm/java-11-openjdk-amd64/lib/libjimage.so
7fe950d76000-7fe950d77000 r--p 00006000 103:06 2886538                   /usr/lib/jvm/java-11-openjdk-amd64/lib/libjimage.so
7fe950d77000-7fe950d78000 rw-p 00007000 103:06 2886538                   /usr/lib/jvm/java-11-openjdk-amd64/lib/libjimage.so
7fe950d78000-7fe950d7d000 r--p 00000000 103:06 2887376                   /usr/lib/jvm/java-11-openjdk-amd64/lib/libverify.so
7fe950d7d000-7fe950d84000 r-xp 00005000 103:06 2887376                   /usr/lib/jvm/java-11-openjdk-amd64/lib/libverify.so
7fe950d84000-7fe950d86000 r--p 0000c000 103:06 2887376                   /usr/lib/jvm/java-11-openjdk-amd64/lib/libverify.so
7fe950d86000-7fe950d87000 ---p 0000e000 103:06 2887376                   /usr/lib/jvm/java-11-openjdk-amd64/lib/libverify.so
7fe950d87000-7fe950d89000 r--p 0000e000 103:06 2887376                   /usr/lib/jvm/java-11-openjdk-amd64/lib/libverify.so
7fe950d89000-7fe950d8a000 rw-p 00010000 103:06 2887376                   /usr/lib/jvm/java-11-openjdk-amd64/lib/libverify.so
7fe950d8a000-7fe950d8d000 r--p 00000000 103:06 3671868                   /usr/lib/jvm/java-11-openjdk-amd64/lib/jli/libjli.so
7fe950d8d000-7fe950d97000 r-xp 00003000 103:06 3671868                   /usr/lib/jvm/java-11-openjdk-amd64/lib/jli/libjli.so
7fe950d97000-7fe950d9a000 r--p 0000d000 103:06 3671868                   /usr/lib/jvm/java-11-openjdk-amd64/lib/jli/libjli.so
7fe950d9a000-7fe950d9b000 ---p 00010000 103:06 3671868                   /usr/lib/jvm/java-11-openjdk-amd64/lib/jli/libjli.so
7fe950d9b000-7fe950d9c000 r--p 00010000 103:06 3671868                   /usr/lib/jvm/java-11-openjdk-amd64/lib/jli/libjli.so
7fe950d9c000-7fe950d9d000 rw-p 00011000 103:06 3671868                   /usr/lib/jvm/java-11-openjdk-amd64/lib/jli/libjli.so
7fe950d9d000-7fe950d9f000 rw-p 00000000 00:00 0 
7fe950d9f000-7fe950da0000 r--p 00000000 103:06 3673723                   /lib/x86_64-linux-gnu/ld-2.31.so
7fe950da0000-7fe950dc3000 r-xp 00001000 103:06 3673723                   /lib/x86_64-linux-gnu/ld-2.31.so
7fe950dc3000-7fe950dcb000 r--p 00024000 103:06 3673723                   /lib/x86_64-linux-gnu/ld-2.31.so
7fe950dcc000-7fe950dcd000 r--p 0002c000 103:06 3673723                   /lib/x86_64-linux-gnu/ld-2.31.so
7fe950dcd000-7fe950dce000 rw-p 0002d000 103:06 3673723                   /lib/x86_64-linux-gnu/ld-2.31.so
7fe950dce000-7fe950dcf000 rw-p 00000000 00:00 0 
7ffeb03a9000-7ffeb03cd000 rw-p 00000000 00:00 0                          [stack]
7ffeb03da000-7ffeb03dd000 r--p 00000000 00:00 0                          [vvar]
7ffeb03dd000-7ffeb03de000 r-xp 00000000 00:00 0                          [vdso]
ffffffffff600000-ffffffffff601000 --xp 00000000 00:00 0                  [vsyscall]


VM Arguments:
jvm_args: -ea -Dfile.encoding=UTF-8 
java_command: org.eclipse.jdt.internal.junit.runner.RemoteTestRunner -version 3 -port 40031 -testLoaderClass org.eclipse.jdt.internal.junit5.runner.JUnit5TestLoader -loaderpluginname org.eclipse.jdt.junit5.runtime -test com.hw1.covidmetrics.controller.CovidMetricsControllerTest:getCountryDataTest
java_class_path (initial): /home/artur/Desktop/3ano/TQS/tqs_98470/hw1/covidmetrics/target/test-classes:/home/artur/Desktop/3ano/TQS/tqs_98470/hw1/covidmetrics/target/classes:/home/artur/.m2/repository/org/springframework/boot/spring-boot-starter-data-jpa/2.6.6/spring-boot-starter-data-jpa-2.6.6.jar:/home/artur/.m2/repository/org/springframework/boot/spring-boot-starter-aop/2.6.6/spring-boot-starter-aop-2.6.6.jar:/home/artur/.m2/repository/org/springframework/spring-aop/5.3.18/spring-aop-5.3.18.jar:/home/artur/.m2/repository/org/aspectj/aspectjweaver/1.9.7/aspectjweaver-1.9.7.jar:/home/artur/.m2/repository/org/springframework/boot/spring-boot-starter-jdbc/2.6.6/spring-boot-starter-jdbc-2.6.6.jar:/home/artur/.m2/repository/com/zaxxer/HikariCP/4.0.3/HikariCP-4.0.3.jar:/home/artur/.m2/repository/org/springframework/spring-jdbc/5.3.18/spring-jdbc-5.3.18.jar:/home/artur/.m2/repository/jakarta/transaction/jakarta.transaction-api/1.3.3/jakarta.transaction-api-1.3.3.jar:/home/artur/.m2/repository/jakarta/persistence/jakarta.persistence-api/2.2.3/jakarta.persistence-api-2.2.3.jar:/home/artur/.m2/repository/org/hibernate/hibernate-core/5.6.7.Final/hibernate-core-5.6.7.Final.jar:/home/artur/.m2/repository/org/jboss/logging/jboss-logging/3.4.3.Final/jboss-logging-3.4.3.Final.jar:/home/artur/.m2/repository/net/bytebuddy/byte-buddy/1.11.22/byte-buddy-1.11.22.jar:/home/artur/.m2/repository/antlr/antlr/2.7.7/antlr-2.7.7.jar:/home/artur/.m2/repository/org/jboss/jandex/2.4.2.Final/jandex-2.4.2.Final.jar:/home/artur/.m2/repository/com/fasterxml/classmate/1.5.1/classmate-1.5.1.jar:/home/artur/.m2/repository/org/hibernate/common/hibernate-commons-annotations/5.1.2.Final/hibernate-commons-annotations-5.1.2.Final.jar:/home/artur/.m2/repository/org/glassfish/jaxb/jaxb-runtime/2.3.6/jaxb-runtime-2.3.6.jar:/home/artur/.m2/repository/org/glassfish/jaxb/txw2/2.3.6/txw2-2.3.6.jar:/home/artur/.m2/repository/com/sun/istack/istack-commons-runtime/3.0.12/istack-commons-runtime-3.0.12.jar:/home/art
Launcher Type: SUN_STANDARD

[Global flags]
     intx CICompilerCount                          = 4                                         {product} {ergonomic}
     uint ConcGCThreads                            = 3                                         {product} {ergonomic}
     uint G1ConcRefinementThreads                  = 10                                        {product} {ergonomic}
   size_t G1HeapRegionSize                         = 1048576                                   {product} {ergonomic}
    uintx GCDrainStackTargetSize                   = 64                                        {product} {ergonomic}
   size_t InitialHeapSize                          = 260046848                                 {product} {ergonomic}
   size_t MarkStackSize                            = 4194304                                   {product} {ergonomic}
   size_t MaxHeapSize                              = 4156555264                                {product} {ergonomic}
   size_t MaxNewSize                               = 2493513728                                {product} {ergonomic}
   size_t MinHeapDeltaBytes                        = 1048576                                   {product} {ergonomic}
    uintx NonNMethodCodeHeapSize                   = 5836300                                {pd product} {ergonomic}
    uintx NonProfiledCodeHeapSize                  = 122910970                              {pd product} {ergonomic}
    uintx ProfiledCodeHeapSize                     = 122910970                              {pd product} {ergonomic}
    uintx ReservedCodeCacheSize                    = 251658240                              {pd product} {ergonomic}
     bool SegmentedCodeCache                       = true                                      {product} {ergonomic}
     bool UseCompressedClassPointers               = true                                 {lp64_product} {ergonomic}
     bool UseCompressedOops                        = true                                 {lp64_product} {ergonomic}
     bool UseG1GC                                  = true                                      {product} {ergonomic}

Logging:
Log output configuration:
 #0: stdout all=warning uptime,level,tags
 #1: stderr all=off uptime,level,tags

Environment Variables:
JAVA_HOME=/usr/lib/jvm/java-16-oracle
CLASSPATH=.:/usr/local/lib/antlr-4.9.2-complete.jar:/usr/local/lib/ST-4.3.1.jar:
PATH=/home/artur/.local/bin:/usr/local/sbin:/usr/local/bin:/usr/sbin:/usr/bin:/sbin:/bin:/usr/games:/usr/local/games:/snap/bin:/usr/lib/jvm/java-16-oracle/bin:/usr/lib/jvm/java-16-oracle/db/bin
USERNAME=artur
SHELL=/bin/bash
DISPLAY=:0
LANG=en_US.UTF-8
LC_CTYPE=pt_PT.UTF-8

Signal Handlers:
SIGSEGV: [libjvm.so+0xe95100], sa_mask[0]=11111111011111111101111111111110, sa_flags=SA_RESTART|SA_SIGINFO
SIGBUS: [libjvm.so+0xe95100], sa_mask[0]=11111111011111111101111111111110, sa_flags=SA_RESTART|SA_SIGINFO
SIGFPE: [libjvm.so+0xe95100], sa_mask[0]=11111111011111111101111111111110, sa_flags=SA_RESTART|SA_SIGINFO
SIGPIPE: [libjvm.so+0xbdca50], sa_mask[0]=11111111011111111101111111111110, sa_flags=SA_RESTART|SA_SIGINFO
SIGXFSZ: [libjvm.so+0xbdca50], sa_mask[0]=11111111011111111101111111111110, sa_flags=SA_RESTART|SA_SIGINFO
SIGILL: [libjvm.so+0xe95100], sa_mask[0]=11111111011111111101111111111110, sa_flags=SA_RESTART|SA_SIGINFO
SIGUSR2: [libjvm.so+0xbdc8f0], sa_mask[0]=00100000000000000000000000000000, sa_flags=SA_RESTART|SA_SIGINFO
SIGHUP: [libjvm.so+0xbdcd90], sa_mask[0]=11111111011111111101111111111110, sa_flags=SA_RESTART|SA_SIGINFO
SIGINT: [libjvm.so+0xbdcd90], sa_mask[0]=11111111011111111101111111111110, sa_flags=SA_RESTART|SA_SIGINFO
SIGTERM: [libjvm.so+0xbdcd90], sa_mask[0]=11111111011111111101111111111110, sa_flags=SA_RESTART|SA_SIGINFO
SIGQUIT: [libjvm.so+0xbdcd90], sa_mask[0]=11111111011111111101111111111110, sa_flags=SA_RESTART|SA_SIGINFO


---------------  S Y S T E M  ---------------

OS:DISTRIB_ID=Ubuntu
DISTRIB_RELEASE=20.04
DISTRIB_CODENAME=focal
DISTRIB_DESCRIPTION="Ubuntu 20.04.4 LTS"
uname:Linux 5.4.0-109-generic #123-Ubuntu SMP Fri Apr 8 09:10:54 UTC 2022 x86_64
OS uptime: 3 days 6:40 hours
libc:glibc 2.31 NPTL 2.31 
rlimit (soft/hard): STACK 8192k/infinity , CORE 0k/infinity , NPROC 63159/63159 , NOFILE 1048576/1048576 , AS infinity/infinity , CPU infinity/infinity , DATA infinity/infinity , FSIZE infinity/infinity , MEMLOCK 65536k/65536k
load average:2,37 1,93 1,84

/proc/meminfo:
MemTotal:       16231284 kB
MemFree:         1899900 kB
MemAvailable:    6647448 kB
Buffers:          428408 kB
Cached:          5430532 kB
SwapCached:         3104 kB
Active:         10115156 kB
Inactive:        3025316 kB
Active(anon):    7178624 kB
Inactive(anon):  1223804 kB
Active(file):    2936532 kB
Inactive(file):  1801512 kB
Unevictable:      316432 kB
Mlocked:             112 kB
SwapTotal:       2097148 kB
SwapFree:        2038080 kB
Dirty:              3988 kB
Writeback:             0 kB
AnonPages:       7595636 kB
Mapped:          1442888 kB
Shmem:           1125792 kB
KReclaimable:     351552 kB
Slab:             640092 kB
SReclaimable:     351552 kB
SUnreclaim:       288540 kB
KernelStack:       29744 kB
PageTables:        87872 kB
NFS_Unstable:          0 kB
Bounce:                0 kB
WritebackTmp:          0 kB
CommitLimit:    10212788 kB
Committed_AS:   25640348 kB
VmallocTotal:   34359738367 kB
VmallocUsed:       55384 kB
VmallocChunk:          0 kB
Percpu:            20928 kB
HardwareCorrupted:     0 kB
AnonHugePages:         0 kB
ShmemHugePages:        0 kB
ShmemPmdMapped:        0 kB
FileHugePages:         0 kB
FilePmdMapped:         0 kB
CmaTotal:              0 kB
CmaFree:               0 kB
HugePages_Total:       0
HugePages_Free:        0
HugePages_Rsvd:        0
HugePages_Surp:        0
Hugepagesize:       2048 kB
Hugetlb:               0 kB
DirectMap4k:      715360 kB
DirectMap2M:    15902720 kB
DirectMap1G:           0 kB

/sys/kernel/mm/transparent_hugepage/enabled:
always [madvise] never
/sys/kernel/mm/transparent_hugepage/defrag (defrag/compaction efforts parameter):
always defer defer+madvise [madvise] never

Process Memory:
Virtual Size: 7579300K (peak: 15579328K)
Resident Set Size: 311064K (peak: 311064K) (anon: 282620K, file: 28444K, shmem: 0K)
Swapped out: 0K
C-Heap outstanding allocations: 55500K

/proc/sys/kernel/threads-max (system-wide limit on the number of threads):
126318
/proc/sys/vm/max_map_count (maximum number of memory map areas a process may have):
1048575
/proc/sys/kernel/pid_max (system-wide limit on number of process identifiers):
4194304

container (cgroup) information:
container_type: cgroupv1
cpu_cpuset_cpus: 0-11
cpu_memory_nodes: 0
active_processor_count: 12
cpu_quota: -1
cpu_period: 100000
cpu_shares: -1
memory_limit_in_bytes: -1
memory_and_swap_limit_in_bytes: -2
memory_soft_limit_in_bytes: -1
memory_usage_in_bytes: 11767083008
memory_max_usage_in_bytes: 13904535552

Steal ticks since vm start: 0
Steal ticks percentage since vm start:  0,000

CPU:total 12 (initial active 12) (6 cores per cpu, 2 threads per core) family 6 model 158 stepping 13 microcode 0xea, cmov, cx8, fxsr, mmx, sse, sse2, sse3, ssse3, sse4.1, sse4.2, popcnt, avx, avx2, aes, clmul, erms, 3dnowpref, lzcnt, ht, tsc, tscinvbit, bmi1, bmi2, adx, fma
CPU Model and flags from /proc/cpuinfo:
model name	: Intel(R) Core(TM) i7-9750H CPU @ 2.60GHz
flags		: fpu vme de pse tsc msr pae mce cx8 apic sep mtrr pge mca cmov pat pse36 clflush dts acpi mmx fxsr sse sse2 ss ht tm pbe syscall nx pdpe1gb rdtscp lm constant_tsc art arch_perfmon pebs bts rep_good nopl xtopology nonstop_tsc cpuid aperfmperf pni pclmulqdq dtes64 monitor ds_cpl vmx est tm2 ssse3 sdbg fma cx16 xtpr pdcm pcid sse4_1 sse4_2 x2apic movbe popcnt tsc_deadline_timer aes xsave avx f16c rdrand lahf_lm abm 3dnowprefetch cpuid_fault epb invpcid_single ssbd ibrs ibpb stibp ibrs_enhanced tpr_shadow vnmi flexpriority ept vpid ept_ad fsgsbase tsc_adjust bmi1 avx2 smep bmi2 erms invpcid mpx rdseed adx smap clflushopt intel_pt xsaveopt xsavec xgetbv1 xsaves dtherm ida arat pln pts hwp hwp_notify hwp_act_window hwp_epp md_clear flush_l1d arch_capabilities
Online cpus:
0-11
Offline cpus:

BIOS frequency limitation:
<Not Available>
Frequency switch latency (ns):
0
Available cpu frequencies:
<Not Available>
Current governor:
powersave
Core performance/turbo boost:
<Not Available>

Memory: 4k page, physical 16231284k(1899900k free), swap 2097148k(2038080k free)

vm_info: OpenJDK 64-Bit Server VM (11.0.15+10-Ubuntu-0ubuntu0.20.04.1) for linux-amd64 JRE (11.0.15+10-Ubuntu-0ubuntu0.20.04.1), built on Apr 23 2022 13:02:10 by "unknown" with gcc 9.4.0

END.
