#
# A fatal error has been detected by the Java Runtime Environment:
#
#  SIGSEGV (0xb) at pc=0x00007f8ea25a8f3b, pid=523981, tid=523997
#
# JRE version: OpenJDK Runtime Environment (11.0.15+10) (build 11.0.15+10-Ubuntu-0ubuntu0.20.04.1)
# Java VM: OpenJDK 64-Bit Server VM (11.0.15+10-Ubuntu-0ubuntu0.20.04.1, mixed mode, sharing, tiered, compressed oops, g1 gc, linux-amd64)
# Problematic frame:
# V  [libjvm.so+0x83ff3b]
#
# Core dump will be written. Default location: Core dumps may be processed with "/usr/share/apport/apport %p %s %c %d %P %E" (or dumping to /home/artur/Desktop/3ano/TQS/tqs_98470/hw1/covidmetrics/core.523981)
#
# If you would like to submit a bug report, please visit:
#   Unknown
#

---------------  S U M M A R Y ------------

Command Line: -ea -Dfile.encoding=UTF-8 org.eclipse.jdt.internal.junit.runner.RemoteTestRunner -version 3 -port 41763 -testLoaderClass org.eclipse.jdt.internal.junit5.runner.JUnit5TestLoader -loaderpluginname org.eclipse.jdt.junit5.runtime -test com.hw1.covidmetrics.controller.CovidMetricsControllerTest:getWorldDataTest

Host: Intel(R) Core(TM) i7-9750H CPU @ 2.60GHz, 12 cores, 15G, Ubuntu 20.04.4 LTS
Time: Mon May  2 22:52:52 2022 WEST elapsed time: 0.894879 seconds (0d 0h 0m 0s)

---------------  T H R E A D  ---------------

Current thread (0x00007f8e9c1e8800):  JavaThread "C1 CompilerThread0" daemon [_thread_in_vm, id=523997, stack(0x00007f8e740cb000,0x00007f8e741cc000)]


Current CompileTask:
C1:    894 2067       3       sun.reflect.generics.reflectiveObjects.ParameterizedTypeImpl::getActualTypeArguments (11 bytes)

Stack: [0x00007f8e740cb000,0x00007f8e741cc000],  sp=0x00007f8e741c9b28,  free space=1018k
Native frames: (J=compiled Java code, A=aot compiled Java code, j=interpreted, Vv=VM code, C=native code)
V  [libjvm.so+0x83ff3b]
V  [libjvm.so+0x84069f]
V  [libjvm.so+0x68ccf6]
V  [libjvm.so+0x68ee01]
V  [libjvm.so+0x585645]
V  [libjvm.so+0x4c0aba]
V  [libjvm.so+0x4c17eb]
V  [libjvm.so+0x4c3d11]
V  [libjvm.so+0x4c5976]
V  [libjvm.so+0x4cbaf2]
V  [libjvm.so+0x4cbbb7]
V  [libjvm.so+0x4a5cd3]
V  [libjvm.so+0x4a6c3c]
V  [libjvm.so+0x4a6db0]
V  [libjvm.so+0x4a7230]
V  [libjvm.so+0x4a7b71]
V  [libjvm.so+0x624642]
V  [libjvm.so+0x625778]
V  [libjvm.so+0xe2b44f]
V  [libjvm.so+0xe27e70]
V  [libjvm.so+0xbe65f6]


siginfo: si_signo: 11 (SIGSEGV), si_code: 1 (SEGV_MAPERR), si_addr: 0x0000000000080144

Register to memory mapping:

RAX=0x0000000000000001 is an unknown value
RBX=0x0 is NULL
RCX=0x0 is NULL
RDX=0x00000008003d0c28 is pointing into metadata
RSP=0x00007f8e741c9b28 is pointing into the stack for thread: 0x00007f8e9c1e8800
RBP=0x00007f8e741c9b50 is pointing into the stack for thread: 0x00007f8e9c1e8800
RSI=0x00000008003cedb8 is pointing into metadata
RDI=0x000000080054a2e8 is pointing into metadata
R8 =0x0000000000000001 is an unknown value
R9 =0x0000000000000001 is an unknown value
R10=0x000000080054a07a is pointing into metadata
R11=0x0000000000000002 is an unknown value
R12=0x0000000000080054 is an unknown value
R13={method} {0x0000000800028180} 
[error occurred during error reporting (printing register info), id 0xb, SIGSEGV (0xb) at pc=0x00007f8ea28d4fbb]

Registers:
RAX=0x0000000000000001, RBX=0x0000000000000000, RCX=0x0000000000000000, RDX=0x00000008003d0c28
RSP=0x00007f8e741c9b28, RBP=0x00007f8e741c9b50, RSI=0x00000008003cedb8, RDI=0x000000080054a2e8
R8 =0x0000000000000001, R9 =0x0000000000000001, R10=0x000000080054a07a, R11=0x0000000000000002
R12=0x0000000000080054, R13=0x0000000800028180, R14=0x0000000000000003, R15=0x0000000000000016
RIP=0x00007f8ea25a8f3b, EFLAGS=0x0000000000010202, CSGSFS=0x002b000000000033, ERR=0x0000000000000004
  TRAPNO=0x000000000000000e

Top of Stack: (sp=0x00007f8e741c9b28)
0x00007f8e741c9b28:   00007f8e741c9f50 0000000800027f40
0x00007f8e741c9b38:   0000000000000000 0000000000000000
0x00007f8e741c9b48:   0000000000000025 00007f8e741c9b60
0x00007f8e741c9b58:   00007f8ea25a969f 00007f8e741c9f40 

Instructions: (pc=0x00007f8ea25a8f3b)
0x00007f8ea25a8e3b:   00 48 89 de 4c 89 e7 49 83 c5 08 e8 45 ab ee ff
0x00007f8ea25a8e4b:   49 8b 17 4c 89 e6 4c 89 ff ff 12 4d 39 f5 75 dd
0x00007f8ea25a8e5b:   e9 33 ff ff ff f3 0f 1e fa 48 8b 87 e0 00 00 00
0x00007f8ea25a8e6b:   48 85 c0 74 10 48 8b bf e0 00 00 00 e9 c4 49 be
0x00007f8ea25a8e7b:   ff 0f 1f 40 00 c3 90 66 66 2e 0f 1f 84 00 00 00
0x00007f8ea25a8e8b:   00 00 0f 1f 00 f3 0f 1e fa 55 48 8b bf 98 01 00
0x00007f8ea25a8e9b:   00 45 31 c0 31 c9 48 89 e5 e8 f7 de ff ff 45 31
0x00007f8ea25a8eab:   c0 85 c0 78 07 48 98 4c 8b 44 c7 08 4c 89 c0 5d
0x00007f8ea25a8ebb:   c3 0f 1f 40 00 f3 0f 1e fa 55 45 31 c0 31 c9 48
0x00007f8ea25a8ecb:   89 e5 e8 ce de ff ff 45 31 c0 85 c0 78 07 48 98
0x00007f8ea25a8edb:   4c 8b 44 c7 08 4c 89 c0 5d c3 90 66 2e 0f 1f 84
0x00007f8ea25a8eeb:   00 00 00 00 00 f3 0f 1e fa 55 48 89 e5 41 57 41
0x00007f8ea25a8efb:   56 44 8b 37 41 55 45 89 f3 41 54 53 41 83 eb 01
0x00007f8ea25a8f0b:   78 40 31 db eb 0f 0f 1f 80 00 00 00 00 8d 58 01
0x00007f8ea25a8f1b:   44 39 db 7f 2d 42 8d 04 1b d1 f8 4c 63 d0 4e 8b
0x00007f8ea25a8f2b:   6c d7 08 4d 8b 55 08 4d 8b 62 08 45 0f b7 7a 2a
0x00007f8ea25a8f3b:   4b 39 74 fc 40 72 d6 74 24 44 8d 58 ff 44 39 db
0x00007f8ea25a8f4b:   7e d3 41 ba ff ff ff ff 5b 44 89 d0 41 5c 41 5d
0x00007f8ea25a8f5b:   41 5e 41 5f 5d c3 0f 1f 80 00 00 00 00 45 0f b7
0x00007f8ea25a8f6b:   5a 2c 4b 3b 54 dc 40 0f 84 28 01 00 00 44 8d 50
0x00007f8ea25a8f7b:   ff 85 c0 0f 84 60 06 00 00 41 83 f9 01 0f 84 aa
0x00007f8ea25a8f8b:   00 00 00 83 f9 01 49 63 ca 0f 84 c6 02 00 00 41
0x00007f8ea25a8f9b:   83 f8 01 0f 84 91 03 00 00 eb 1f 66 2e 0f 1f 84
0x00007f8ea25a8fab:   00 00 00 00 00 45 0f b7 40 2c 4b 3b 54 c1 40 74
0x00007f8ea25a8fbb:   97 48 83 e9 01 83 f9 ff 74 1c 4c 8b 44 cf 08 41
0x00007f8ea25a8fcb:   89 ca 4d 8b 40 08 4d 8b 48 08 45 0f b7 58 2a 4b
0x00007f8ea25a8fdb:   3b 74 d9 40 74 cf 83 c0 01 41 39 c6 0f 8e 60 ff
0x00007f8ea25a8feb:   ff ff 48 98 eb 23 0f 1f 80 00 00 00 00 0f b7 49
0x00007f8ea25a8ffb:   2c 49 3b 54 c8 40 0f 84 4c ff ff ff 48 83 c0 01
0x00007f8ea25a900b:   41 39 c6 0f 8e 39 ff ff ff 48 8b 4c c7 08 41 89
0x00007f8ea25a901b:   c2 48 8b 49 08 4c 8b 41 08 44 0f b7 49 2a 4b 3b
0x00007f8ea25a902b:   74 c8 40 74 c8 e9 18 ff ff ff 0f 1f 00 41 83 f8 


Stack slot to memory mapping:
stack at sp + 0 slots: 0x00007f8e741c9f50 is pointing into the stack for thread: 0x00007f8e9c1e8800
stack at sp + 1 slots: 0x0000000800027f40 is pointing into metadata
stack at sp + 2 slots: 0x0 is NULL
stack at sp + 3 slots: 0x0 is NULL
stack at sp + 4 slots: 0x0000000000000025 is an unknown value
stack at sp + 5 slots: 0x00007f8e741c9b60 is pointing into the stack for thread: 0x00007f8e9c1e8800
stack at sp + 6 slots: 0x00007f8ea25a969f: <offset 0x000000000084069f> in /usr/lib/jvm/java-11-openjdk-amd64/lib/server/libjvm.so at 0x00007f8ea1d69000
stack at sp + 7 slots: 0x00007f8e741c9f40 is pointing into the stack for thread: 0x00007f8e9c1e8800


---------------  P R O C E S S  ---------------

Threads class SMR info:
_java_thread_list=0x00007f8e9ccfb770, length=13, elements={
0x00007f8e9c01a000, 0x00007f8e9c1d9800, 0x00007f8e9c1db800, 0x00007f8e9c1e2800,
0x00007f8e9c1e4800, 0x00007f8e9c1e6800, 0x00007f8e9c1e8800, 0x00007f8e9c1ea800,
0x00007f8e9c24e000, 0x00007f8e40095800, 0x00007f8e9c6dc800, 0x00007f8e402cd800,
0x00007f8e9ccfc000
}

Java Threads: ( => current thread )
  0x00007f8e9c01a000 JavaThread "main" [_thread_blocked, id=523985, stack(0x00007f8ea191c000,0x00007f8ea1a1d000)]
  0x00007f8e9c1d9800 JavaThread "Reference Handler" daemon [_thread_blocked, id=523992, stack(0x00007f8e745d0000,0x00007f8e746d1000)]
  0x00007f8e9c1db800 JavaThread "Finalizer" daemon [_thread_blocked, id=523993, stack(0x00007f8e744cf000,0x00007f8e745d0000)]
  0x00007f8e9c1e2800 JavaThread "Signal Dispatcher" daemon [_thread_blocked, id=523994, stack(0x00007f8e743ce000,0x00007f8e744cf000)]
  0x00007f8e9c1e4800 JavaThread "Service Thread" daemon [_thread_blocked, id=523995, stack(0x00007f8e742cd000,0x00007f8e743ce000)]
  0x00007f8e9c1e6800 JavaThread "C2 CompilerThread0" daemon [_thread_in_native, id=523996, stack(0x00007f8e741cc000,0x00007f8e742cd000)]
=>0x00007f8e9c1e8800 JavaThread "C1 CompilerThread0" daemon [_thread_in_vm, id=523997, stack(0x00007f8e740cb000,0x00007f8e741cc000)]
  0x00007f8e9c1ea800 JavaThread "Sweeper thread" daemon [_thread_blocked, id=523998, stack(0x00007f8e5798e000,0x00007f8e57a8f000)]
  0x00007f8e9c24e000 JavaThread "Common-Cleaner" daemon [_thread_blocked, id=524000, stack(0x00007f8e5778b000,0x00007f8e5788c000)]
  0x00007f8e40095800 JavaThread "C2 CompilerThread1" daemon [_thread_in_native, id=524001, stack(0x00007f8e5768a000,0x00007f8e5778b000)]
  0x00007f8e9c6dc800 JavaThread "ReaderThread" [_thread_in_native, id=524002, stack(0x00007f8e57589000,0x00007f8e5768a000)]
  0x00007f8e402cd800 JavaThread "C2 CompilerThread2" daemon [_thread_in_native, id=524010, stack(0x00007f8e56b7e000,0x00007f8e56c7f000)]
  0x00007f8e9ccfc000 JavaThread "background-preinit" [_thread_blocked, id=524011, stack(0x00007f8e56a7d000,0x00007f8e56b7e000)]

Other Threads:
  0x00007f8e9c1d7000 VMThread "VM Thread" [stack: 0x00007f8e746d3000,0x00007f8e747d3000] [id=523991]
  0x00007f8e9c24b800 WatcherThread [stack: 0x00007f8e5788e000,0x00007f8e5798e000] [id=523999]
  0x00007f8e9c032800 GCTaskThread "GC Thread#0" [stack: 0x00007f8ea159a000,0x00007f8ea169a000] [id=523986]
  0x00007f8e64001000 GCTaskThread "GC Thread#1" [stack: 0x00007f8e57489000,0x00007f8e57589000] [id=524004]
  0x00007f8e64002800 GCTaskThread "GC Thread#2" [stack: 0x00007f8e57387000,0x00007f8e57487000] [id=524005]
  0x00007f8e64004000 GCTaskThread "GC Thread#3" [stack: 0x00007f8e57285000,0x00007f8e57385000] [id=524006]
  0x00007f8e64005800 GCTaskThread "GC Thread#4" [stack: 0x00007f8e57183000,0x00007f8e57283000] [id=524007]
  0x00007f8e64007000 GCTaskThread "GC Thread#5" [stack: 0x00007f8e57081000,0x00007f8e57181000] [id=524008]
  0x00007f8e9c090800 ConcurrentGCThread "G1 Main Marker" [stack: 0x00007f8ea01d0000,0x00007f8ea02d0000] [id=523987]
  0x00007f8e9c092800 ConcurrentGCThread "G1 Conc#0" [stack: 0x00007f8ea00ce000,0x00007f8ea01ce000] [id=523988]
  0x00007f8e9c199000 ConcurrentGCThread "G1 Refine#0" [stack: 0x00007f8e75158000,0x00007f8e75258000] [id=523989]
  0x00007f8e9c19a800 ConcurrentGCThread "G1 Young RemSet Sampling" [stack: 0x00007f8e75056000,0x00007f8e75156000] [id=523990]

Threads with active compile tasks:
C2 CompilerThread0      897 1994       4       org.springframework.boot.context.properties.source.ConfigurationPropertyName::getElement (161 bytes)
C1 CompilerThread0      897 2067       3       sun.reflect.generics.reflectiveObjects.ParameterizedTypeImpl::getActualTypeArguments (11 bytes)
C2 CompilerThread1      897 1964       4       java.lang.invoke.LambdaForm$Name::replaceNames (174 bytes)
C2 CompilerThread2      897 1863       4       org.springframework.boot.context.properties.source.ConfigurationPropertyName$ElementsParser::parse (234 bytes)

VM state:not at safepoint (normal execution)

VM Mutex/Monitor currently owned by a thread:  ([mutex/lock_event])
[0x00007f8e9c016910] Compile_lock - owner thread: 0x00007f8e9c1e8800

Heap address: 0x0000000708400000, size: 3964 MB, Compressed Oops mode: Zero based, Oop shift amount: 3
Narrow klass base: 0x0000000800000000, Narrow klass shift: 3
Compressed class space size: 1073741824 Address: 0x0000000840000000

Heap:
 garbage-first heap   total 256000K, used 81628K [0x0000000708400000, 0x0000000800000000)
  region size 1024K, 77 young (78848K), 3 survivors (3072K)
 Metaspace       used 14862K, capacity 15664K, committed 15872K, reserved 1062912K
  class space    used 1920K, capacity 2242K, committed 2304K, reserved 1048576K
Heap Regions: E=young(eden), S=young(survivor), O=old, HS=humongous(starts), HC=humongous(continues), CS=collection set, F=free, A=archive, TAMS=top-at-mark-start (previous, next)
|   0|0x0000000708400000, 0x0000000708500000, 0x0000000708500000|100%|HS|  |TAMS 0x0000000708400000, 0x0000000708400000| Complete 
|   1|0x0000000708500000, 0x0000000708600000, 0x0000000708600000|100%| O|  |TAMS 0x0000000708500000, 0x0000000708500000| Untracked 
|   2|0x0000000708600000, 0x0000000708700000, 0x0000000708700000|100%| O|  |TAMS 0x0000000708600000, 0x0000000708600000| Untracked 
|   3|0x0000000708700000, 0x0000000708705200, 0x0000000708800000|  2%| O|  |TAMS 0x0000000708700000, 0x0000000708700000| Untracked 
|   4|0x0000000708800000, 0x0000000708800000, 0x0000000708900000|  0%| F|  |TAMS 0x0000000708800000, 0x0000000708800000| Untracked 
|   5|0x0000000708900000, 0x0000000708900000, 0x0000000708a00000|  0%| F|  |TAMS 0x0000000708900000, 0x0000000708900000| Untracked 
|   6|0x0000000708a00000, 0x0000000708a00000, 0x0000000708b00000|  0%| F|  |TAMS 0x0000000708a00000, 0x0000000708a00000| Untracked 
|   7|0x0000000708b00000, 0x0000000708b00000, 0x0000000708c00000|  0%| F|  |TAMS 0x0000000708b00000, 0x0000000708b00000| Untracked 
|   8|0x0000000708c00000, 0x0000000708c00000, 0x0000000708d00000|  0%| F|  |TAMS 0x0000000708c00000, 0x0000000708c00000| Untracked 
|   9|0x0000000708d00000, 0x0000000708d00000, 0x0000000708e00000|  0%| F|  |TAMS 0x0000000708d00000, 0x0000000708d00000| Untracked 
|  10|0x0000000708e00000, 0x0000000708e00000, 0x0000000708f00000|  0%| F|  |TAMS 0x0000000708e00000, 0x0000000708e00000| Untracked 
|  11|0x0000000708f00000, 0x0000000708f00000, 0x0000000709000000|  0%| F|  |TAMS 0x0000000708f00000, 0x0000000708f00000| Untracked 
|  12|0x0000000709000000, 0x0000000709000000, 0x0000000709100000|  0%| F|  |TAMS 0x0000000709000000, 0x0000000709000000| Untracked 
|  13|0x0000000709100000, 0x0000000709100000, 0x0000000709200000|  0%| F|  |TAMS 0x0000000709100000, 0x0000000709100000| Untracked 
|  14|0x0000000709200000, 0x0000000709200000, 0x0000000709300000|  0%| F|  |TAMS 0x0000000709200000, 0x0000000709200000| Untracked 
|  15|0x0000000709300000, 0x0000000709300000, 0x0000000709400000|  0%| F|  |TAMS 0x0000000709300000, 0x0000000709300000| Untracked 
|  16|0x0000000709400000, 0x0000000709400000, 0x0000000709500000|  0%| F|  |TAMS 0x0000000709400000, 0x0000000709400000| Untracked 
|  17|0x0000000709500000, 0x0000000709500000, 0x0000000709600000|  0%| F|  |TAMS 0x0000000709500000, 0x0000000709500000| Untracked 
|  18|0x0000000709600000, 0x0000000709600000, 0x0000000709700000|  0%| F|  |TAMS 0x0000000709600000, 0x0000000709600000| Untracked 
|  19|0x0000000709700000, 0x0000000709700000, 0x0000000709800000|  0%| F|  |TAMS 0x0000000709700000, 0x0000000709700000| Untracked 
|  20|0x0000000709800000, 0x0000000709800000, 0x0000000709900000|  0%| F|  |TAMS 0x0000000709800000, 0x0000000709800000| Untracked 
|  21|0x0000000709900000, 0x0000000709900000, 0x0000000709a00000|  0%| F|  |TAMS 0x0000000709900000, 0x0000000709900000| Untracked 
|  22|0x0000000709a00000, 0x0000000709a00000, 0x0000000709b00000|  0%| F|  |TAMS 0x0000000709a00000, 0x0000000709a00000| Untracked 
|  23|0x0000000709b00000, 0x0000000709b00000, 0x0000000709c00000|  0%| F|  |TAMS 0x0000000709b00000, 0x0000000709b00000| Untracked 
|  24|0x0000000709c00000, 0x0000000709c00000, 0x0000000709d00000|  0%| F|  |TAMS 0x0000000709c00000, 0x0000000709c00000| Untracked 
|  25|0x0000000709d00000, 0x0000000709d00000, 0x0000000709e00000|  0%| F|  |TAMS 0x0000000709d00000, 0x0000000709d00000| Untracked 
|  26|0x0000000709e00000, 0x0000000709e00000, 0x0000000709f00000|  0%| F|  |TAMS 0x0000000709e00000, 0x0000000709e00000| Untracked 
|  27|0x0000000709f00000, 0x0000000709f00000, 0x000000070a000000|  0%| F|  |TAMS 0x0000000709f00000, 0x0000000709f00000| Untracked 
|  28|0x000000070a000000, 0x000000070a000000, 0x000000070a100000|  0%| F|  |TAMS 0x000000070a000000, 0x000000070a000000| Untracked 
|  29|0x000000070a100000, 0x000000070a100000, 0x000000070a200000|  0%| F|  |TAMS 0x000000070a100000, 0x000000070a100000| Untracked 
|  30|0x000000070a200000, 0x000000070a200000, 0x000000070a300000|  0%| F|  |TAMS 0x000000070a200000, 0x000000070a200000| Untracked 
|  31|0x000000070a300000, 0x000000070a300000, 0x000000070a400000|  0%| F|  |TAMS 0x000000070a300000, 0x000000070a300000| Untracked 
|  32|0x000000070a400000, 0x000000070a400000, 0x000000070a500000|  0%| F|  |TAMS 0x000000070a400000, 0x000000070a400000| Untracked 
|  33|0x000000070a500000, 0x000000070a500000, 0x000000070a600000|  0%| F|  |TAMS 0x000000070a500000, 0x000000070a500000| Untracked 
|  34|0x000000070a600000, 0x000000070a600000, 0x000000070a700000|  0%| F|  |TAMS 0x000000070a600000, 0x000000070a600000| Untracked 
|  35|0x000000070a700000, 0x000000070a700000, 0x000000070a800000|  0%| F|  |TAMS 0x000000070a700000, 0x000000070a700000| Untracked 
|  36|0x000000070a800000, 0x000000070a800000, 0x000000070a900000|  0%| F|  |TAMS 0x000000070a800000, 0x000000070a800000| Untracked 
|  37|0x000000070a900000, 0x000000070a900000, 0x000000070aa00000|  0%| F|  |TAMS 0x000000070a900000, 0x000000070a900000| Untracked 
|  38|0x000000070aa00000, 0x000000070aa00000, 0x000000070ab00000|  0%| F|  |TAMS 0x000000070aa00000, 0x000000070aa00000| Untracked 
|  39|0x000000070ab00000, 0x000000070ab00000, 0x000000070ac00000|  0%| F|  |TAMS 0x000000070ab00000, 0x000000070ab00000| Untracked 
|  40|0x000000070ac00000, 0x000000070ac00000, 0x000000070ad00000|  0%| F|  |TAMS 0x000000070ac00000, 0x000000070ac00000| Untracked 
|  41|0x000000070ad00000, 0x000000070ad00000, 0x000000070ae00000|  0%| F|  |TAMS 0x000000070ad00000, 0x000000070ad00000| Untracked 
|  42|0x000000070ae00000, 0x000000070ae00000, 0x000000070af00000|  0%| F|  |TAMS 0x000000070ae00000, 0x000000070ae00000| Untracked 
|  43|0x000000070af00000, 0x000000070af00000, 0x000000070b000000|  0%| F|  |TAMS 0x000000070af00000, 0x000000070af00000| Untracked 
|  44|0x000000070b000000, 0x000000070b000000, 0x000000070b100000|  0%| F|  |TAMS 0x000000070b000000, 0x000000070b000000| Untracked 
|  45|0x000000070b100000, 0x000000070b100000, 0x000000070b200000|  0%| F|  |TAMS 0x000000070b100000, 0x000000070b100000| Untracked 
|  46|0x000000070b200000, 0x000000070b200000, 0x000000070b300000|  0%| F|  |TAMS 0x000000070b200000, 0x000000070b200000| Untracked 
|  47|0x000000070b300000, 0x000000070b300000, 0x000000070b400000|  0%| F|  |TAMS 0x000000070b300000, 0x000000070b300000| Untracked 
|  48|0x000000070b400000, 0x000000070b400000, 0x000000070b500000|  0%| F|  |TAMS 0x000000070b400000, 0x000000070b400000| Untracked 
|  49|0x000000070b500000, 0x000000070b500000, 0x000000070b600000|  0%| F|  |TAMS 0x000000070b500000, 0x000000070b500000| Untracked 
|  50|0x000000070b600000, 0x000000070b600000, 0x000000070b700000|  0%| F|  |TAMS 0x000000070b600000, 0x000000070b600000| Untracked 
|  51|0x000000070b700000, 0x000000070b700000, 0x000000070b800000|  0%| F|  |TAMS 0x000000070b700000, 0x000000070b700000| Untracked 
|  52|0x000000070b800000, 0x000000070b800000, 0x000000070b900000|  0%| F|  |TAMS 0x000000070b800000, 0x000000070b800000| Untracked 
|  53|0x000000070b900000, 0x000000070b900000, 0x000000070ba00000|  0%| F|  |TAMS 0x000000070b900000, 0x000000070b900000| Untracked 
|  54|0x000000070ba00000, 0x000000070ba00000, 0x000000070bb00000|  0%| F|  |TAMS 0x000000070ba00000, 0x000000070ba00000| Untracked 
|  55|0x000000070bb00000, 0x000000070bb00000, 0x000000070bc00000|  0%| F|  |TAMS 0x000000070bb00000, 0x000000070bb00000| Untracked 
|  56|0x000000070bc00000, 0x000000070bc00000, 0x000000070bd00000|  0%| F|  |TAMS 0x000000070bc00000, 0x000000070bc00000| Untracked 
|  57|0x000000070bd00000, 0x000000070bd00000, 0x000000070be00000|  0%| F|  |TAMS 0x000000070bd00000, 0x000000070bd00000| Untracked 
|  58|0x000000070be00000, 0x000000070be00000, 0x000000070bf00000|  0%| F|  |TAMS 0x000000070be00000, 0x000000070be00000| Untracked 
|  59|0x000000070bf00000, 0x000000070bf00000, 0x000000070c000000|  0%| F|  |TAMS 0x000000070bf00000, 0x000000070bf00000| Untracked 
|  60|0x000000070c000000, 0x000000070c000000, 0x000000070c100000|  0%| F|  |TAMS 0x000000070c000000, 0x000000070c000000| Untracked 
|  61|0x000000070c100000, 0x000000070c100000, 0x000000070c200000|  0%| F|  |TAMS 0x000000070c100000, 0x000000070c100000| Untracked 
|  62|0x000000070c200000, 0x000000070c200000, 0x000000070c300000|  0%| F|  |TAMS 0x000000070c200000, 0x000000070c200000| Untracked 
|  63|0x000000070c300000, 0x000000070c300000, 0x000000070c400000|  0%| F|  |TAMS 0x000000070c300000, 0x000000070c300000| Untracked 
|  64|0x000000070c400000, 0x000000070c400000, 0x000000070c500000|  0%| F|  |TAMS 0x000000070c400000, 0x000000070c400000| Untracked 
|  65|0x000000070c500000, 0x000000070c500000, 0x000000070c600000|  0%| F|  |TAMS 0x000000070c500000, 0x000000070c500000| Untracked 
|  66|0x000000070c600000, 0x000000070c600000, 0x000000070c700000|  0%| F|  |TAMS 0x000000070c600000, 0x000000070c600000| Untracked 
|  67|0x000000070c700000, 0x000000070c700000, 0x000000070c800000|  0%| F|  |TAMS 0x000000070c700000, 0x000000070c700000| Untracked 
|  68|0x000000070c800000, 0x000000070c800000, 0x000000070c900000|  0%| F|  |TAMS 0x000000070c800000, 0x000000070c800000| Untracked 
|  69|0x000000070c900000, 0x000000070c900000, 0x000000070ca00000|  0%| F|  |TAMS 0x000000070c900000, 0x000000070c900000| Untracked 
|  70|0x000000070ca00000, 0x000000070ca00000, 0x000000070cb00000|  0%| F|  |TAMS 0x000000070ca00000, 0x000000070ca00000| Untracked 
|  71|0x000000070cb00000, 0x000000070cb00000, 0x000000070cc00000|  0%| F|  |TAMS 0x000000070cb00000, 0x000000070cb00000| Untracked 
|  72|0x000000070cc00000, 0x000000070cc00000, 0x000000070cd00000|  0%| F|  |TAMS 0x000000070cc00000, 0x000000070cc00000| Untracked 
|  73|0x000000070cd00000, 0x000000070cd00000, 0x000000070ce00000|  0%| F|  |TAMS 0x000000070cd00000, 0x000000070cd00000| Untracked 
|  74|0x000000070ce00000, 0x000000070ce00000, 0x000000070cf00000|  0%| F|  |TAMS 0x000000070ce00000, 0x000000070ce00000| Untracked 
|  75|0x000000070cf00000, 0x000000070cf00000, 0x000000070d000000|  0%| F|  |TAMS 0x000000070cf00000, 0x000000070cf00000| Untracked 
|  76|0x000000070d000000, 0x000000070d000000, 0x000000070d100000|  0%| F|  |TAMS 0x000000070d000000, 0x000000070d000000| Untracked 
|  77|0x000000070d100000, 0x000000070d100000, 0x000000070d200000|  0%| F|  |TAMS 0x000000070d100000, 0x000000070d100000| Untracked 
|  78|0x000000070d200000, 0x000000070d200000, 0x000000070d300000|  0%| F|  |TAMS 0x000000070d200000, 0x000000070d200000| Untracked 
|  79|0x000000070d300000, 0x000000070d300000, 0x000000070d400000|  0%| F|  |TAMS 0x000000070d300000, 0x000000070d300000| Untracked 
|  80|0x000000070d400000, 0x000000070d400000, 0x000000070d500000|  0%| F|  |TAMS 0x000000070d400000, 0x000000070d400000| Untracked 
|  81|0x000000070d500000, 0x000000070d500000, 0x000000070d600000|  0%| F|  |TAMS 0x000000070d500000, 0x000000070d500000| Untracked 
|  82|0x000000070d600000, 0x000000070d600000, 0x000000070d700000|  0%| F|  |TAMS 0x000000070d600000, 0x000000070d600000| Untracked 
|  83|0x000000070d700000, 0x000000070d700000, 0x000000070d800000|  0%| F|  |TAMS 0x000000070d700000, 0x000000070d700000| Untracked 
|  84|0x000000070d800000, 0x000000070d800000, 0x000000070d900000|  0%| F|  |TAMS 0x000000070d800000, 0x000000070d800000| Untracked 
|  85|0x000000070d900000, 0x000000070d900000, 0x000000070da00000|  0%| F|  |TAMS 0x000000070d900000, 0x000000070d900000| Untracked 
|  86|0x000000070da00000, 0x000000070da00000, 0x000000070db00000|  0%| F|  |TAMS 0x000000070da00000, 0x000000070da00000| Untracked 
|  87|0x000000070db00000, 0x000000070db00000, 0x000000070dc00000|  0%| F|  |TAMS 0x000000070db00000, 0x000000070db00000| Untracked 
|  88|0x000000070dc00000, 0x000000070dc00000, 0x000000070dd00000|  0%| F|  |TAMS 0x000000070dc00000, 0x000000070dc00000| Untracked 
|  89|0x000000070dd00000, 0x000000070dd00000, 0x000000070de00000|  0%| F|  |TAMS 0x000000070dd00000, 0x000000070dd00000| Untracked 
|  90|0x000000070de00000, 0x000000070de00000, 0x000000070df00000|  0%| F|  |TAMS 0x000000070de00000, 0x000000070de00000| Untracked 
|  91|0x000000070df00000, 0x000000070df00000, 0x000000070e000000|  0%| F|  |TAMS 0x000000070df00000, 0x000000070df00000| Untracked 
|  92|0x000000070e000000, 0x000000070e000000, 0x000000070e100000|  0%| F|  |TAMS 0x000000070e000000, 0x000000070e000000| Untracked 
|  93|0x000000070e100000, 0x000000070e100000, 0x000000070e200000|  0%| F|  |TAMS 0x000000070e100000, 0x000000070e100000| Untracked 
|  94|0x000000070e200000, 0x000000070e200000, 0x000000070e300000|  0%| F|  |TAMS 0x000000070e200000, 0x000000070e200000| Untracked 
|  95|0x000000070e300000, 0x000000070e300000, 0x000000070e400000|  0%| F|  |TAMS 0x000000070e300000, 0x000000070e300000| Untracked 
|  96|0x000000070e400000, 0x000000070e400000, 0x000000070e500000|  0%| F|  |TAMS 0x000000070e400000, 0x000000070e400000| Untracked 
|  97|0x000000070e500000, 0x000000070e500000, 0x000000070e600000|  0%| F|  |TAMS 0x000000070e500000, 0x000000070e500000| Untracked 
|  98|0x000000070e600000, 0x000000070e600000, 0x000000070e700000|  0%| F|  |TAMS 0x000000070e600000, 0x000000070e600000| Untracked 
|  99|0x000000070e700000, 0x000000070e700000, 0x000000070e800000|  0%| F|  |TAMS 0x000000070e700000, 0x000000070e700000| Untracked 
| 100|0x000000070e800000, 0x000000070e800000, 0x000000070e900000|  0%| F|  |TAMS 0x000000070e800000, 0x000000070e800000| Untracked 
| 101|0x000000070e900000, 0x000000070e900000, 0x000000070ea00000|  0%| F|  |TAMS 0x000000070e900000, 0x000000070e900000| Untracked 
| 102|0x000000070ea00000, 0x000000070ea00000, 0x000000070eb00000|  0%| F|  |TAMS 0x000000070ea00000, 0x000000070ea00000| Untracked 
| 103|0x000000070eb00000, 0x000000070eb00000, 0x000000070ec00000|  0%| F|  |TAMS 0x000000070eb00000, 0x000000070eb00000| Untracked 
| 104|0x000000070ec00000, 0x000000070ec00000, 0x000000070ed00000|  0%| F|  |TAMS 0x000000070ec00000, 0x000000070ec00000| Untracked 
| 105|0x000000070ed00000, 0x000000070ed00000, 0x000000070ee00000|  0%| F|  |TAMS 0x000000070ed00000, 0x000000070ed00000| Untracked 
| 106|0x000000070ee00000, 0x000000070ee00000, 0x000000070ef00000|  0%| F|  |TAMS 0x000000070ee00000, 0x000000070ee00000| Untracked 
| 107|0x000000070ef00000, 0x000000070ef00000, 0x000000070f000000|  0%| F|  |TAMS 0x000000070ef00000, 0x000000070ef00000| Untracked 
| 108|0x000000070f000000, 0x000000070f000000, 0x000000070f100000|  0%| F|  |TAMS 0x000000070f000000, 0x000000070f000000| Untracked 
| 109|0x000000070f100000, 0x000000070f100000, 0x000000070f200000|  0%| F|  |TAMS 0x000000070f100000, 0x000000070f100000| Untracked 
| 110|0x000000070f200000, 0x000000070f200000, 0x000000070f300000|  0%| F|  |TAMS 0x000000070f200000, 0x000000070f200000| Untracked 
| 111|0x000000070f300000, 0x000000070f300000, 0x000000070f400000|  0%| F|  |TAMS 0x000000070f300000, 0x000000070f300000| Untracked 
| 112|0x000000070f400000, 0x000000070f400000, 0x000000070f500000|  0%| F|  |TAMS 0x000000070f400000, 0x000000070f400000| Untracked 
| 113|0x000000070f500000, 0x000000070f500000, 0x000000070f600000|  0%| F|  |TAMS 0x000000070f500000, 0x000000070f500000| Untracked 
| 114|0x000000070f600000, 0x000000070f600000, 0x000000070f700000|  0%| F|  |TAMS 0x000000070f600000, 0x000000070f600000| Untracked 
| 115|0x000000070f700000, 0x000000070f700000, 0x000000070f800000|  0%| F|  |TAMS 0x000000070f700000, 0x000000070f700000| Untracked 
| 116|0x000000070f800000, 0x000000070f800000, 0x000000070f900000|  0%| F|  |TAMS 0x000000070f800000, 0x000000070f800000| Untracked 
| 117|0x000000070f900000, 0x000000070f900000, 0x000000070fa00000|  0%| F|  |TAMS 0x000000070f900000, 0x000000070f900000| Untracked 
| 118|0x000000070fa00000, 0x000000070fa00000, 0x000000070fb00000|  0%| F|  |TAMS 0x000000070fa00000, 0x000000070fa00000| Untracked 
| 119|0x000000070fb00000, 0x000000070fb00000, 0x000000070fc00000|  0%| F|  |TAMS 0x000000070fb00000, 0x000000070fb00000| Untracked 
| 120|0x000000070fc00000, 0x000000070fc00000, 0x000000070fd00000|  0%| F|  |TAMS 0x000000070fc00000, 0x000000070fc00000| Untracked 
| 121|0x000000070fd00000, 0x000000070fd00000, 0x000000070fe00000|  0%| F|  |TAMS 0x000000070fd00000, 0x000000070fd00000| Untracked 
| 122|0x000000070fe00000, 0x000000070fe00000, 0x000000070ff00000|  0%| F|  |TAMS 0x000000070fe00000, 0x000000070fe00000| Untracked 
| 123|0x000000070ff00000, 0x000000070ff00000, 0x0000000710000000|  0%| F|  |TAMS 0x000000070ff00000, 0x000000070ff00000| Untracked 
| 124|0x0000000710000000, 0x0000000710000000, 0x0000000710100000|  0%| F|  |TAMS 0x0000000710000000, 0x0000000710000000| Untracked 
| 125|0x0000000710100000, 0x0000000710100000, 0x0000000710200000|  0%| F|  |TAMS 0x0000000710100000, 0x0000000710100000| Untracked 
| 126|0x0000000710200000, 0x0000000710200000, 0x0000000710300000|  0%| F|  |TAMS 0x0000000710200000, 0x0000000710200000| Untracked 
| 127|0x0000000710300000, 0x0000000710300000, 0x0000000710400000|  0%| F|  |TAMS 0x0000000710300000, 0x0000000710300000| Untracked 
| 128|0x0000000710400000, 0x0000000710400000, 0x0000000710500000|  0%| F|  |TAMS 0x0000000710400000, 0x0000000710400000| Untracked 
| 129|0x0000000710500000, 0x0000000710500000, 0x0000000710600000|  0%| F|  |TAMS 0x0000000710500000, 0x0000000710500000| Untracked 
| 130|0x0000000710600000, 0x0000000710600000, 0x0000000710700000|  0%| F|  |TAMS 0x0000000710600000, 0x0000000710600000| Untracked 
| 131|0x0000000710700000, 0x0000000710700000, 0x0000000710800000|  0%| F|  |TAMS 0x0000000710700000, 0x0000000710700000| Untracked 
| 132|0x0000000710800000, 0x0000000710800000, 0x0000000710900000|  0%| F|  |TAMS 0x0000000710800000, 0x0000000710800000| Untracked 
| 133|0x0000000710900000, 0x0000000710900000, 0x0000000710a00000|  0%| F|  |TAMS 0x0000000710900000, 0x0000000710900000| Untracked 
| 134|0x0000000710a00000, 0x0000000710a00000, 0x0000000710b00000|  0%| F|  |TAMS 0x0000000710a00000, 0x0000000710a00000| Untracked 
| 135|0x0000000710b00000, 0x0000000710b00000, 0x0000000710c00000|  0%| F|  |TAMS 0x0000000710b00000, 0x0000000710b00000| Untracked 
| 136|0x0000000710c00000, 0x0000000710c00000, 0x0000000710d00000|  0%| F|  |TAMS 0x0000000710c00000, 0x0000000710c00000| Untracked 
| 137|0x0000000710d00000, 0x0000000710d00000, 0x0000000710e00000|  0%| F|  |TAMS 0x0000000710d00000, 0x0000000710d00000| Untracked 
| 138|0x0000000710e00000, 0x0000000710e00000, 0x0000000710f00000|  0%| F|  |TAMS 0x0000000710e00000, 0x0000000710e00000| Untracked 
| 139|0x0000000710f00000, 0x0000000710f00000, 0x0000000711000000|  0%| F|  |TAMS 0x0000000710f00000, 0x0000000710f00000| Untracked 
| 140|0x0000000711000000, 0x0000000711000000, 0x0000000711100000|  0%| F|  |TAMS 0x0000000711000000, 0x0000000711000000| Untracked 
| 141|0x0000000711100000, 0x0000000711100000, 0x0000000711200000|  0%| F|  |TAMS 0x0000000711100000, 0x0000000711100000| Untracked 
| 142|0x0000000711200000, 0x0000000711200000, 0x0000000711300000|  0%| F|  |TAMS 0x0000000711200000, 0x0000000711200000| Untracked 
| 143|0x0000000711300000, 0x0000000711300000, 0x0000000711400000|  0%| F|  |TAMS 0x0000000711300000, 0x0000000711300000| Untracked 
| 144|0x0000000711400000, 0x0000000711400000, 0x0000000711500000|  0%| F|  |TAMS 0x0000000711400000, 0x0000000711400000| Untracked 
| 145|0x0000000711500000, 0x0000000711500000, 0x0000000711600000|  0%| F|  |TAMS 0x0000000711500000, 0x0000000711500000| Untracked 
| 146|0x0000000711600000, 0x0000000711600000, 0x0000000711700000|  0%| F|  |TAMS 0x0000000711600000, 0x0000000711600000| Untracked 
| 147|0x0000000711700000, 0x0000000711700000, 0x0000000711800000|  0%| F|  |TAMS 0x0000000711700000, 0x0000000711700000| Untracked 
| 148|0x0000000711800000, 0x0000000711800000, 0x0000000711900000|  0%| F|  |TAMS 0x0000000711800000, 0x0000000711800000| Untracked 
| 149|0x0000000711900000, 0x0000000711900000, 0x0000000711a00000|  0%| F|  |TAMS 0x0000000711900000, 0x0000000711900000| Untracked 
| 150|0x0000000711a00000, 0x0000000711a00000, 0x0000000711b00000|  0%| F|  |TAMS 0x0000000711a00000, 0x0000000711a00000| Untracked 
| 151|0x0000000711b00000, 0x0000000711b00000, 0x0000000711c00000|  0%| F|  |TAMS 0x0000000711b00000, 0x0000000711b00000| Untracked 
| 152|0x0000000711c00000, 0x0000000711c00000, 0x0000000711d00000|  0%| F|  |TAMS 0x0000000711c00000, 0x0000000711c00000| Untracked 
| 153|0x0000000711d00000, 0x0000000711d00000, 0x0000000711e00000|  0%| F|  |TAMS 0x0000000711d00000, 0x0000000711d00000| Untracked 
| 154|0x0000000711e00000, 0x0000000711e00000, 0x0000000711f00000|  0%| F|  |TAMS 0x0000000711e00000, 0x0000000711e00000| Untracked 
| 155|0x0000000711f00000, 0x0000000711f00000, 0x0000000712000000|  0%| F|  |TAMS 0x0000000711f00000, 0x0000000711f00000| Untracked 
| 156|0x0000000712000000, 0x0000000712000000, 0x0000000712100000|  0%| F|  |TAMS 0x0000000712000000, 0x0000000712000000| Untracked 
| 157|0x0000000712100000, 0x0000000712100000, 0x0000000712200000|  0%| F|  |TAMS 0x0000000712100000, 0x0000000712100000| Untracked 
| 158|0x0000000712200000, 0x0000000712200000, 0x0000000712300000|  0%| F|  |TAMS 0x0000000712200000, 0x0000000712200000| Untracked 
| 159|0x0000000712300000, 0x0000000712300000, 0x0000000712400000|  0%| F|  |TAMS 0x0000000712300000, 0x0000000712300000| Untracked 
| 160|0x0000000712400000, 0x0000000712400000, 0x0000000712500000|  0%| F|  |TAMS 0x0000000712400000, 0x0000000712400000| Untracked 
| 161|0x0000000712500000, 0x0000000712500000, 0x0000000712600000|  0%| F|  |TAMS 0x0000000712500000, 0x0000000712500000| Untracked 
| 162|0x0000000712600000, 0x0000000712600000, 0x0000000712700000|  0%| F|  |TAMS 0x0000000712600000, 0x0000000712600000| Untracked 
| 163|0x0000000712700000, 0x0000000712700000, 0x0000000712800000|  0%| F|  |TAMS 0x0000000712700000, 0x0000000712700000| Untracked 
| 164|0x0000000712800000, 0x0000000712800000, 0x0000000712900000|  0%| F|  |TAMS 0x0000000712800000, 0x0000000712800000| Untracked 
| 165|0x0000000712900000, 0x0000000712900000, 0x0000000712a00000|  0%| F|  |TAMS 0x0000000712900000, 0x0000000712900000| Untracked 
| 166|0x0000000712a00000, 0x0000000712a00000, 0x0000000712b00000|  0%| F|  |TAMS 0x0000000712a00000, 0x0000000712a00000| Untracked 
| 167|0x0000000712b00000, 0x0000000712b00000, 0x0000000712c00000|  0%| F|  |TAMS 0x0000000712b00000, 0x0000000712b00000| Untracked 
| 168|0x0000000712c00000, 0x0000000712c00000, 0x0000000712d00000|  0%| F|  |TAMS 0x0000000712c00000, 0x0000000712c00000| Untracked 
| 169|0x0000000712d00000, 0x0000000712d00000, 0x0000000712e00000|  0%| F|  |TAMS 0x0000000712d00000, 0x0000000712d00000| Untracked 
| 170|0x0000000712e00000, 0x0000000712e00000, 0x0000000712f00000|  0%| F|  |TAMS 0x0000000712e00000, 0x0000000712e00000| Untracked 
| 171|0x0000000712f00000, 0x0000000713000000, 0x0000000713000000|100%| E|  |TAMS 0x0000000712f00000, 0x0000000712f00000| Complete 
| 172|0x0000000713000000, 0x0000000713100000, 0x0000000713100000|100%| E|CS|TAMS 0x0000000713000000, 0x0000000713000000| Complete 
| 173|0x0000000713100000, 0x0000000713200000, 0x0000000713200000|100%| E|CS|TAMS 0x0000000713100000, 0x0000000713100000| Complete 
| 174|0x0000000713200000, 0x0000000713300000, 0x0000000713300000|100%| E|CS|TAMS 0x0000000713200000, 0x0000000713200000| Complete 
| 175|0x0000000713300000, 0x0000000713400000, 0x0000000713400000|100%| E|CS|TAMS 0x0000000713300000, 0x0000000713300000| Complete 
| 176|0x0000000713400000, 0x0000000713500000, 0x0000000713500000|100%| E|CS|TAMS 0x0000000713400000, 0x0000000713400000| Complete 
| 177|0x0000000713500000, 0x0000000713600000, 0x0000000713600000|100%| E|CS|TAMS 0x0000000713500000, 0x0000000713500000| Complete 
| 178|0x0000000713600000, 0x0000000713700000, 0x0000000713700000|100%| E|CS|TAMS 0x0000000713600000, 0x0000000713600000| Complete 
| 179|0x0000000713700000, 0x0000000713800000, 0x0000000713800000|100%| E|CS|TAMS 0x0000000713700000, 0x0000000713700000| Complete 
| 180|0x0000000713800000, 0x0000000713900000, 0x0000000713900000|100%| E|CS|TAMS 0x0000000713800000, 0x0000000713800000| Complete 
| 181|0x0000000713900000, 0x0000000713a00000, 0x0000000713a00000|100%| E|CS|TAMS 0x0000000713900000, 0x0000000713900000| Complete 
| 182|0x0000000713a00000, 0x0000000713b00000, 0x0000000713b00000|100%| E|CS|TAMS 0x0000000713a00000, 0x0000000713a00000| Complete 
| 183|0x0000000713b00000, 0x0000000713c00000, 0x0000000713c00000|100%| E|CS|TAMS 0x0000000713b00000, 0x0000000713b00000| Complete 
| 184|0x0000000713c00000, 0x0000000713d00000, 0x0000000713d00000|100%| E|CS|TAMS 0x0000000713c00000, 0x0000000713c00000| Complete 
| 185|0x0000000713d00000, 0x0000000713e00000, 0x0000000713e00000|100%| E|CS|TAMS 0x0000000713d00000, 0x0000000713d00000| Complete 
| 186|0x0000000713e00000, 0x0000000713f00000, 0x0000000713f00000|100%| E|CS|TAMS 0x0000000713e00000, 0x0000000713e00000| Complete 
| 187|0x0000000713f00000, 0x0000000714000000, 0x0000000714000000|100%| E|CS|TAMS 0x0000000713f00000, 0x0000000713f00000| Complete 
| 188|0x0000000714000000, 0x0000000714100000, 0x0000000714100000|100%| E|CS|TAMS 0x0000000714000000, 0x0000000714000000| Complete 
| 189|0x0000000714100000, 0x0000000714200000, 0x0000000714200000|100%| E|CS|TAMS 0x0000000714100000, 0x0000000714100000| Complete 
| 190|0x0000000714200000, 0x0000000714300000, 0x0000000714300000|100%| E|CS|TAMS 0x0000000714200000, 0x0000000714200000| Complete 
| 191|0x0000000714300000, 0x0000000714400000, 0x0000000714400000|100%| E|CS|TAMS 0x0000000714300000, 0x0000000714300000| Complete 
| 192|0x0000000714400000, 0x0000000714500000, 0x0000000714500000|100%| E|CS|TAMS 0x0000000714400000, 0x0000000714400000| Complete 
| 193|0x0000000714500000, 0x0000000714600000, 0x0000000714600000|100%| E|CS|TAMS 0x0000000714500000, 0x0000000714500000| Complete 
| 194|0x0000000714600000, 0x0000000714700000, 0x0000000714700000|100%| E|CS|TAMS 0x0000000714600000, 0x0000000714600000| Complete 
| 195|0x0000000714700000, 0x0000000714800000, 0x0000000714800000|100%| E|CS|TAMS 0x0000000714700000, 0x0000000714700000| Complete 
| 196|0x0000000714800000, 0x0000000714900000, 0x0000000714900000|100%| E|CS|TAMS 0x0000000714800000, 0x0000000714800000| Complete 
| 197|0x0000000714900000, 0x0000000714a00000, 0x0000000714a00000|100%| E|CS|TAMS 0x0000000714900000, 0x0000000714900000| Complete 
| 198|0x0000000714a00000, 0x0000000714b00000, 0x0000000714b00000|100%| E|CS|TAMS 0x0000000714a00000, 0x0000000714a00000| Complete 
| 199|0x0000000714b00000, 0x0000000714c00000, 0x0000000714c00000|100%| E|CS|TAMS 0x0000000714b00000, 0x0000000714b00000| Complete 
| 200|0x0000000714c00000, 0x0000000714d00000, 0x0000000714d00000|100%| E|CS|TAMS 0x0000000714c00000, 0x0000000714c00000| Complete 
| 201|0x0000000714d00000, 0x0000000714e00000, 0x0000000714e00000|100%| E|CS|TAMS 0x0000000714d00000, 0x0000000714d00000| Complete 
| 202|0x0000000714e00000, 0x0000000714f00000, 0x0000000714f00000|100%| E|CS|TAMS 0x0000000714e00000, 0x0000000714e00000| Complete 
| 203|0x0000000714f00000, 0x0000000715000000, 0x0000000715000000|100%| E|CS|TAMS 0x0000000714f00000, 0x0000000714f00000| Complete 
| 204|0x0000000715000000, 0x0000000715100000, 0x0000000715100000|100%| E|CS|TAMS 0x0000000715000000, 0x0000000715000000| Complete 
| 205|0x0000000715100000, 0x0000000715200000, 0x0000000715200000|100%| E|CS|TAMS 0x0000000715100000, 0x0000000715100000| Complete 
| 206|0x0000000715200000, 0x0000000715300000, 0x0000000715300000|100%| E|CS|TAMS 0x0000000715200000, 0x0000000715200000| Complete 
| 207|0x0000000715300000, 0x0000000715400000, 0x0000000715400000|100%| E|CS|TAMS 0x0000000715300000, 0x0000000715300000| Complete 
| 208|0x0000000715400000, 0x0000000715500000, 0x0000000715500000|100%| E|CS|TAMS 0x0000000715400000, 0x0000000715400000| Complete 
| 209|0x0000000715500000, 0x0000000715600000, 0x0000000715600000|100%| E|CS|TAMS 0x0000000715500000, 0x0000000715500000| Complete 
| 210|0x0000000715600000, 0x0000000715700000, 0x0000000715700000|100%| E|CS|TAMS 0x0000000715600000, 0x0000000715600000| Complete 
| 211|0x0000000715700000, 0x0000000715800000, 0x0000000715800000|100%| E|CS|TAMS 0x0000000715700000, 0x0000000715700000| Complete 
| 212|0x0000000715800000, 0x0000000715900000, 0x0000000715900000|100%| E|CS|TAMS 0x0000000715800000, 0x0000000715800000| Complete 
| 213|0x0000000715900000, 0x0000000715a00000, 0x0000000715a00000|100%| E|CS|TAMS 0x0000000715900000, 0x0000000715900000| Complete 
| 214|0x0000000715a00000, 0x0000000715b00000, 0x0000000715b00000|100%| E|CS|TAMS 0x0000000715a00000, 0x0000000715a00000| Complete 
| 215|0x0000000715b00000, 0x0000000715c00000, 0x0000000715c00000|100%| E|CS|TAMS 0x0000000715b00000, 0x0000000715b00000| Complete 
| 216|0x0000000715c00000, 0x0000000715d00000, 0x0000000715d00000|100%| E|CS|TAMS 0x0000000715c00000, 0x0000000715c00000| Complete 
| 217|0x0000000715d00000, 0x0000000715e00000, 0x0000000715e00000|100%| E|CS|TAMS 0x0000000715d00000, 0x0000000715d00000| Complete 
| 218|0x0000000715e00000, 0x0000000715f00000, 0x0000000715f00000|100%| E|CS|TAMS 0x0000000715e00000, 0x0000000715e00000| Complete 
| 219|0x0000000715f00000, 0x0000000716000000, 0x0000000716000000|100%| E|CS|TAMS 0x0000000715f00000, 0x0000000715f00000| Complete 
| 220|0x0000000716000000, 0x0000000716100000, 0x0000000716100000|100%| E|CS|TAMS 0x0000000716000000, 0x0000000716000000| Complete 
| 221|0x0000000716100000, 0x0000000716200000, 0x0000000716200000|100%| S|CS|TAMS 0x0000000716100000, 0x0000000716100000| Complete 
| 222|0x0000000716200000, 0x0000000716300000, 0x0000000716300000|100%| S|CS|TAMS 0x0000000716200000, 0x0000000716200000| Complete 
| 223|0x0000000716300000, 0x0000000716400000, 0x0000000716400000|100%| S|CS|TAMS 0x0000000716300000, 0x0000000716300000| Complete 
| 224|0x0000000716400000, 0x0000000716500000, 0x0000000716500000|100%| E|CS|TAMS 0x0000000716400000, 0x0000000716400000| Complete 
| 225|0x0000000716500000, 0x0000000716600000, 0x0000000716600000|100%| E|CS|TAMS 0x0000000716500000, 0x0000000716500000| Complete 
| 226|0x0000000716600000, 0x0000000716700000, 0x0000000716700000|100%| E|CS|TAMS 0x0000000716600000, 0x0000000716600000| Complete 
| 227|0x0000000716700000, 0x0000000716800000, 0x0000000716800000|100%| E|CS|TAMS 0x0000000716700000, 0x0000000716700000| Complete 
| 228|0x0000000716800000, 0x0000000716900000, 0x0000000716900000|100%| E|CS|TAMS 0x0000000716800000, 0x0000000716800000| Complete 
| 229|0x0000000716900000, 0x0000000716a00000, 0x0000000716a00000|100%| E|CS|TAMS 0x0000000716900000, 0x0000000716900000| Complete 
| 230|0x0000000716a00000, 0x0000000716b00000, 0x0000000716b00000|100%| E|CS|TAMS 0x0000000716a00000, 0x0000000716a00000| Complete 
| 231|0x0000000716b00000, 0x0000000716c00000, 0x0000000716c00000|100%| E|CS|TAMS 0x0000000716b00000, 0x0000000716b00000| Complete 
| 232|0x0000000716c00000, 0x0000000716d00000, 0x0000000716d00000|100%| E|CS|TAMS 0x0000000716c00000, 0x0000000716c00000| Complete 
| 233|0x0000000716d00000, 0x0000000716e00000, 0x0000000716e00000|100%| E|CS|TAMS 0x0000000716d00000, 0x0000000716d00000| Complete 
| 234|0x0000000716e00000, 0x0000000716f00000, 0x0000000716f00000|100%| E|CS|TAMS 0x0000000716e00000, 0x0000000716e00000| Complete 
| 235|0x0000000716f00000, 0x0000000717000000, 0x0000000717000000|100%| E|CS|TAMS 0x0000000716f00000, 0x0000000716f00000| Complete 
| 236|0x0000000717000000, 0x0000000717100000, 0x0000000717100000|100%| E|CS|TAMS 0x0000000717000000, 0x0000000717000000| Complete 
| 237|0x0000000717100000, 0x0000000717200000, 0x0000000717200000|100%| E|CS|TAMS 0x0000000717100000, 0x0000000717100000| Complete 
| 238|0x0000000717200000, 0x0000000717300000, 0x0000000717300000|100%| E|CS|TAMS 0x0000000717200000, 0x0000000717200000| Complete 
| 239|0x0000000717300000, 0x0000000717400000, 0x0000000717400000|100%| E|CS|TAMS 0x0000000717300000, 0x0000000717300000| Complete 
| 240|0x0000000717400000, 0x0000000717500000, 0x0000000717500000|100%| E|CS|TAMS 0x0000000717400000, 0x0000000717400000| Complete 
| 241|0x0000000717500000, 0x0000000717600000, 0x0000000717600000|100%| E|CS|TAMS 0x0000000717500000, 0x0000000717500000| Complete 
| 242|0x0000000717600000, 0x0000000717700000, 0x0000000717700000|100%| E|CS|TAMS 0x0000000717600000, 0x0000000717600000| Complete 
| 243|0x0000000717700000, 0x0000000717800000, 0x0000000717800000|100%| E|CS|TAMS 0x0000000717700000, 0x0000000717700000| Complete 
| 244|0x0000000717800000, 0x0000000717900000, 0x0000000717900000|100%| E|CS|TAMS 0x0000000717800000, 0x0000000717800000| Complete 
| 245|0x0000000717900000, 0x0000000717a00000, 0x0000000717a00000|100%| E|CS|TAMS 0x0000000717900000, 0x0000000717900000| Complete 
| 246|0x0000000717a00000, 0x0000000717b00000, 0x0000000717b00000|100%| E|CS|TAMS 0x0000000717a00000, 0x0000000717a00000| Complete 
| 247|0x0000000717b00000, 0x0000000717c00000, 0x0000000717c00000|100%| E|CS|TAMS 0x0000000717b00000, 0x0000000717b00000| Complete 
|2938|0x00000007bfe00000, 0x00000007bfe47000, 0x00000007bff00000| 27%|OA|  |TAMS 0x00000007bfe00000, 0x00000007bfe00000| Untracked 
|2939|0x00000007bff00000, 0x00000007bff6b000, 0x00000007c0000000| 41%|CA|  |TAMS 0x00000007bff00000, 0x00000007bff00000| Untracked 

Card table byte_map: [0x00007f8e84060000,0x00007f8e8481e000] _byte_map_base: 0x00007f8e8081e000

Marking Bits (Prev, Next): (CMBitMap*) 0x00007f8e9c080358, (CMBitMap*) 0x00007f8e9c080390
 Prev Bits: [0x00007f8e7ba52000, 0x00007f8e7f842000)
 Next Bits: [0x00007f8e77c62000, 0x00007f8e7ba52000)

Polling page: 0x00007f8ea18e2000

Metaspace:

Usage:
  Non-class:     13,11 MB capacity,    12,64 MB ( 96%) used,   396,78 KB (  3%) free+waste,    84,00 KB ( <1%) overhead. 
      Class:      2,19 MB capacity,     1,88 MB ( 86%) used,   277,20 KB ( 12%) free+waste,    43,88 KB (  2%) overhead. 
       Both:     15,30 MB capacity,    14,51 MB ( 95%) used,   673,98 KB (  4%) free+waste,   127,88 KB ( <1%) overhead. 

Virtual space:
  Non-class space:       14,00 MB reserved,      13,25 MB ( 95%) committed 
      Class space:        1,00 GB reserved,       2,25 MB ( <1%) committed 
             Both:        1,01 GB reserved,      15,50 MB (  1%) committed 

Chunk freelists:
   Non-Class:  94,00 KB
       Class:  30,00 KB
        Both:  124,00 KB

MaxMetaspaceSize: unlimited
CompressedClassSpaceSize: 1,00 GB
Initial GC threshold: 20,80 MB
Current GC threshold: 20,80 MB
CDS: on

CodeHeap 'non-profiled nmethods': size=120032Kb used=819Kb max_used=819Kb free=119212Kb
 bounds [0x00007f8e8c2e6000, 0x00007f8e8c556000, 0x00007f8e9381e000]
CodeHeap 'profiled nmethods': size=120028Kb used=4262Kb max_used=4262Kb free=115765Kb
 bounds [0x00007f8e84daf000, 0x00007f8e851df000, 0x00007f8e8c2e6000]
CodeHeap 'non-nmethods': size=5700Kb used=1186Kb max_used=1215Kb free=4513Kb
 bounds [0x00007f8e8481e000, 0x00007f8e84a8e000, 0x00007f8e84daf000]
 total_blobs=2515 nmethods=2062 adapters=366
 compilation: enabled
              stopped_count=0, restarted_count=0
 full_count=0

Compilation events (20 events):
Event: 0,892 Thread 0x00007f8e9c1e8800 nmethod 2063 0x00007f8e851d3b10 code [0x00007f8e851d3d20, 0x00007f8e851d44e0]
Event: 0,892 Thread 0x00007f8e9c1e8800 2059       3       java.util.regex.Matcher::reset (128 bytes)
Event: 0,892 Thread 0x00007f8e9c1e8800 nmethod 2059 0x00007f8e851d4790 code [0x00007f8e851d49c0, 0x00007f8e851d51a0]
Event: 0,892 Thread 0x00007f8e9c1e8800 2058       3       java.util.regex.Pattern$Branch::match (66 bytes)
Event: 0,893 Thread 0x00007f8e9c1e8800 nmethod 2058 0x00007f8e851d5490 code [0x00007f8e851d5680, 0x00007f8e851d5b50]
Event: 0,893 Thread 0x00007f8e9c1e8800 2060       3       java.util.regex.Pattern$$Lambda$54/0x0000000840084040::is (13 bytes)
Event: 0,893 Thread 0x00007f8e9c1e8800 nmethod 2060 0x00007f8e851d5d10 code [0x00007f8e851d5ee0, 0x00007f8e851d6150]
Event: 0,893 Thread 0x00007f8e9c1e8800 2061       3       java.util.regex.Pattern::lambda$Range$11 (7 bytes)
Event: 0,893 Thread 0x00007f8e9c1e8800 nmethod 2061 0x00007f8e851d6290 code [0x00007f8e851d6440, 0x00007f8e851d6610]
Event: 0,893 Thread 0x00007f8e9c1e8800 2062       3       java.util.regex.Pattern::inRange (16 bytes)
Event: 0,893 Thread 0x00007f8e9c1e8800 nmethod 2062 0x00007f8e851d6710 code [0x00007f8e851d68c0, 0x00007f8e851d6a30]
Event: 0,893 Thread 0x00007f8e9c1e8800 2065       3       java.util.concurrent.locks.AbstractQueuedSynchronizer::release (33 bytes)
Event: 0,893 Thread 0x00007f8e9c1e8800 nmethod 2065 0x00007f8e851d6a90 code [0x00007f8e851d6c60, 0x00007f8e851d6f50]
Event: 0,894 Thread 0x00007f8e9c1e8800 2066       3       jdk.internal.loader.URLClassPath$1::next (59 bytes)
Event: 0,894 Thread 0x00007f8e9c1e8800 nmethod 2066 0x00007f8e851d7010 code [0x00007f8e851d7200, 0x00007f8e851d7610]
Event: 0,894 Thread 0x00007f8e9c1e8800 2068       3       java.util.Collections$UnmodifiableMap$UnmodifiableEntrySet$1::hasNext (10 bytes)
Event: 0,894 Thread 0x00007f8e9c1e8800 nmethod 2068 0x00007f8e851d7790 code [0x00007f8e851d7940, 0x00007f8e851d7b40]
Event: 0,894 Thread 0x00007f8e9c1e8800 2069       3       java.lang.AbstractStringBuilder::append (54 bytes)
Event: 0,894 Thread 0x00007f8e9c1e8800 nmethod 2069 0x00007f8e851d7c10 code [0x00007f8e851d7e40, 0x00007f8e851d87c0]
Event: 0,894 Thread 0x00007f8e9c1e8800 2067       3       sun.reflect.generics.reflectiveObjects.ParameterizedTypeImpl::getActualTypeArguments (11 bytes)

GC Heap History (2 events):
Event: 0,301 GC heap before
{Heap before GC invocations=0 (full 0):
 garbage-first heap   total 256000K, used 25288K [0x0000000708400000, 0x0000000800000000)
  region size 1024K, 24 young (24576K), 0 survivors (0K)
 Metaspace       used 3785K, capacity 6459K, committed 6656K, reserved 1056768K
  class space    used 451K, capacity 762K, committed 768K, reserved 1048576K
}
Event: 0,306 GC heap after
{Heap after GC invocations=1 (full 0):
 garbage-first heap   total 256000K, used 6876K [0x0000000708400000, 0x0000000800000000)
  region size 1024K, 3 young (3072K), 3 survivors (3072K)
 Metaspace       used 3785K, capacity 6459K, committed 6656K, reserved 1056768K
  class space    used 451K, capacity 762K, committed 768K, reserved 1048576K
}

Deoptimization events (20 events):
Event: 0,849 Thread 0x00007f8e9c01a000 DEOPT PACKING pc=0x00007f8e8c383b28 sp=0x00007f8ea1a18cd0
Event: 0,849 Thread 0x00007f8e9c01a000 DEOPT UNPACKING pc=0x00007f8e84867ea5 sp=0x00007f8ea1a18c50 mode 2
Event: 0,864 Thread 0x00007f8e9ccfc000 Uncommon trap: trap_request=0xffffff4d fr.pc=0x00007f8e8c388328 relative=0x0000000000000808
Event: 0,864 Thread 0x00007f8e9ccfc000 Uncommon trap: reason=unstable_if action=reinterpret pc=0x00007f8e8c388328 method=sun.net.www.ParseUtil.firstEncodeIndex(Ljava/lang/String;)I @ 51 c2
Event: 0,864 Thread 0x00007f8e9ccfc000 DEOPT PACKING pc=0x00007f8e8c388328 sp=0x00007f8e56b7ae70
Event: 0,864 Thread 0x00007f8e9ccfc000 DEOPT UNPACKING pc=0x00007f8e84867ea5 sp=0x00007f8e56b7ad10 mode 2
Event: 0,864 Thread 0x00007f8e9ccfc000 Uncommon trap: trap_request=0xffffff4d fr.pc=0x00007f8e8c33c028 relative=0x0000000000000068
Event: 0,864 Thread 0x00007f8e9ccfc000 Uncommon trap: reason=unstable_if action=reinterpret pc=0x00007f8e8c33c028 method=sun.net.www.ParseUtil.firstEncodeIndex(Ljava/lang/String;)I @ 51 c2
Event: 0,864 Thread 0x00007f8e9ccfc000 DEOPT PACKING pc=0x00007f8e8c33c028 sp=0x00007f8e56b7ad30
Event: 0,864 Thread 0x00007f8e9ccfc000 DEOPT UNPACKING pc=0x00007f8e84867ea5 sp=0x00007f8e56b7acd8 mode 2
Event: 0,865 Thread 0x00007f8e9ccfc000 Uncommon trap: trap_request=0xffffff4d fr.pc=0x00007f8e8c32b770 relative=0x0000000000000090
Event: 0,865 Thread 0x00007f8e9ccfc000 Uncommon trap: reason=unstable_if action=reinterpret pc=0x00007f8e8c32b770 method=sun.net.www.ParseUtil.firstEncodeIndex(Ljava/lang/String;)I @ 51 c2
Event: 0,865 Thread 0x00007f8e9ccfc000 DEOPT PACKING pc=0x00007f8e8c32b770 sp=0x00007f8e56b7ad10
Event: 0,865 Thread 0x00007f8e9ccfc000 DEOPT UNPACKING pc=0x00007f8e84867ea5 sp=0x00007f8e56b7acb8 mode 2
Event: 0,884 Thread 0x00007f8e9c01a000 DEOPT PACKING pc=0x00007f8e851c5d9f sp=0x00007f8ea1a180a0
Event: 0,884 Thread 0x00007f8e9c01a000 DEOPT UNPACKING pc=0x00007f8e8486864a sp=0x00007f8ea1a17548 mode 0
Event: 0,885 Thread 0x00007f8e9ccfc000 Uncommon trap: trap_request=0xffffff4d fr.pc=0x00007f8e8c319c10 relative=0x0000000000001950
Event: 0,885 Thread 0x00007f8e9ccfc000 Uncommon trap: reason=unstable_if action=reinterpret pc=0x00007f8e8c319c10 method=java.util.jar.JarFile.getVersionedEntry(Ljava/lang/String;Ljava/util/jar/JarEntry;)Ljava/util/jar/JarEntry; @ 7 c2
Event: 0,885 Thread 0x00007f8e9ccfc000 DEOPT PACKING pc=0x00007f8e8c319c10 sp=0x00007f8e56b78c40
Event: 0,885 Thread 0x00007f8e9ccfc000 DEOPT UNPACKING pc=0x00007f8e84867ea5 sp=0x00007f8e56b78c20 mode 2

Classes redefined (0 events):
No events

Internal exceptions (20 events):
Event: 0,650 Thread 0x00007f8e9c01a000 Exception <a 'java/lang/NoSuchMethodError'{0x0000000714ec1630}: 'java.lang.Object java.lang.invoke.DirectMethodHandle$Holder.invokeStatic(java.lang.Object, java.lang.Object, java.lang.Object, java.lang.Object, java.lang.Object, java.lang.Object, java.lang.Object, java.lang.Object, java.lang.Object, java.lang.Object, java.lang.Object, java.lang.Object, java.lang.Object, java.lang.Object, java.lang.Object)'> (0x0000000714ec1630) thrown at [src/hotspot/share/interpreter/linkResolver.cpp, line 772]
Event: 0,652 Thread 0x00007f8e9c01a000 Exception <a 'java/lang/NoSuchMethodError'{0x0000000714ecfaa0}: 'java.lang.Object java.lang.invoke.DirectMethodHandle$Holder.invokeStatic(java.lang.Object, java.lang.Object, java.lang.Object, java.lang.Object, java.lang.Object, java.lang.Object, java.lang.Object, java.lang.Object, java.lang.Object, java.lang.Object, java.lang.Object, java.lang.Object, java.lang.Object, java.lang.Object, java.lang.Object, java.lang.Object)'> (0x0000000714ecfaa0) thrown at [src/hotspot/share/interpreter/linkResolver.cpp, lin
Event: 0,652 Thread 0x00007f8e9c01a000 Exception <a 'java/lang/NoSuchMethodError'{0x0000000714eddf08}: 'java.lang.Object java.lang.invoke.DirectMethodHandle$Holder.invokeSpecial(java.lang.Object, java.lang.Object, int, int, java.lang.Object, java.lang.Object, java.lang.Object, java.lang.Object)'> (0x0000000714eddf08) thrown at [src/hotspot/share/interpreter/linkResolver.cpp, line 772]
Event: 0,653 Thread 0x00007f8e9c01a000 Exception <a 'java/lang/NoSuchMethodError'{0x0000000714ee1b90}: 'java.lang.Object java.lang.invoke.DelegatingMethodHandle$Holder.reinvoke_L(java.lang.Object, int, int, java.lang.Object, java.lang.Object, java.lang.Object, java.lang.Object)'> (0x0000000714ee1b90) thrown at [src/hotspot/share/interpreter/linkResolver.cpp, line 772]
Event: 0,654 Thread 0x00007f8e9c01a000 Exception <a 'java/lang/NoSuchMethodError'{0x0000000714ef0a98}: 'java.lang.Object java.lang.invoke.DirectMethodHandle$Holder.invokeStatic(java.lang.Object, java.lang.Object, java.lang.Object, java.lang.Object, java.lang.Object, java.lang.Object, int)'> (0x0000000714ef0a98) thrown at [src/hotspot/share/interpreter/linkResolver.cpp, line 772]
Event: 0,661 Thread 0x00007f8e9c01a000 Exception <a 'java/io/FileNotFoundException'{0x0000000714d7d610}> (0x0000000714d7d610) thrown at [src/hotspot/share/prims/jni.cpp, line 617]
Event: 0,686 Thread 0x00007f8e9c01a000 Implicit null exception at 0x00007f8e8c330088 to 0x00007f8e8c33011a
Event: 0,699 Thread 0x00007f8e9c01a000 Exception <a 'java/lang/IncompatibleClassChangeError'{0x00000007147856a0}: Found class java.lang.Object, but interface was expected> (0x00000007147856a0) thrown at [src/hotspot/share/interpreter/linkResolver.cpp, line 839]
Event: 0,715 Thread 0x00007f8e9c01a000 Exception <a 'java/lang/NoSuchMethodError'{0x000000071458c4d0}: 'int java.lang.invoke.DirectMethodHandle$Holder.invokeSpecial(java.lang.Object, java.lang.Object, java.lang.Object, java.lang.Object)'> (0x000000071458c4d0) thrown at [src/hotspot/share/interpreter/linkResolver.cpp, line 772]
Event: 0,739 Thread 0x00007f8e9c01a000 Exception <a 'java/lang/NoSuchMethodError'{0x0000000714297528}: 'void java.lang.invoke.DirectMethodHandle$Holder.invokeStatic(java.lang.Object, java.lang.Object, java.lang.Object, java.lang.Object, java.lang.Object, java.lang.Object)'> (0x0000000714297528) thrown at [src/hotspot/share/interpreter/linkResolver.cpp, line 772]
Event: 0,744 Thread 0x00007f8e9c01a000 Exception <a 'java/lang/NoSuchMethodError'{0x000000071412f488}: 'java.lang.Object java.lang.invoke.DirectMethodHandle$Holder.invokeSpecial(java.lang.Object, java.lang.Object, java.lang.Object, java.lang.Object, java.lang.Object, java.lang.Object, int)'> (0x000000071412f488) thrown at [src/hotspot/share/interpreter/linkResolver.cpp, line 772]
Event: 0,745 Thread 0x00007f8e9c01a000 Exception <a 'java/lang/NoSuchMethodError'{0x0000000714139438}: 'java.lang.Object java.lang.invoke.DirectMethodHandle$Holder.invokeSpecial(java.lang.Object, java.lang.Object, java.lang.Object, java.lang.Object, java.lang.Object, java.lang.Object, java.lang.Object, int)'> (0x0000000714139438) thrown at [src/hotspot/share/interpreter/linkResolver.cpp, line 772]
Event: 0,745 Thread 0x00007f8e9c01a000 Exception <a 'java/lang/NoSuchMethodError'{0x000000071413d830}: 'java.lang.Object java.lang.invoke.Invokers$Holder.linkToTargetMethod(java.lang.Object, java.lang.Object, java.lang.Object, java.lang.Object, java.lang.Object, int, java.lang.Object)'> (0x000000071413d830) thrown at [src/hotspot/share/interpreter/linkResolver.cpp, line 772]
Event: 0,761 Thread 0x00007f8e9c01a000 Implicit null exception at 0x00007f8e8c398b06 to 0x00007f8e8c39b664
Event: 0,771 Thread 0x00007f8e9c01a000 Exception <a 'java/lang/NoSuchMethodError'{0x0000000713e44fc0}: 'java.lang.Object java.lang.invoke.DirectMethodHandle$Holder.invokeStatic(java.lang.Object, java.lang.Object, java.lang.Object, int, java.lang.Object)'> (0x0000000713e44fc0) thrown at [src/hotspot/share/interpreter/linkResolver.cpp, line 772]
Event: 0,771 Thread 0x00007f8e9c01a000 Exception <a 'java/lang/NoSuchMethodError'{0x0000000713e4bf18}: 'java.lang.Object java.lang.invoke.Invokers$Holder.linkToTargetMethod(java.lang.Object, java.lang.Object, int, java.lang.Object, java.lang.Object)'> (0x0000000713e4bf18) thrown at [src/hotspot/share/interpreter/linkResolver.cpp, line 772]
Event: 0,772 Thread 0x00007f8e9c01a000 Exception <a 'java/lang/NoSuchMethodError'{0x0000000713e66d70}: 'int java.lang.invoke.DirectMethodHandle$Holder.invokeStatic(java.lang.Object, int, java.lang.Object, java.lang.Object)'> (0x0000000713e66d70) thrown at [src/hotspot/share/interpreter/linkResolver.cpp, line 772]
Event: 0,773 Thread 0x00007f8e9c01a000 Exception <a 'java/lang/NoSuchMethodError'{0x0000000713e6e3d0}: 'java.lang.Object java.lang.invoke.DirectMethodHandle$Holder.invokeStatic(java.lang.Object, int, java.lang.Object)'> (0x0000000713e6e3d0) thrown at [src/hotspot/share/interpreter/linkResolver.cpp, line 772]
Event: 0,798 Thread 0x00007f8e9c01a000 Exception <a 'java/lang/NoSuchMethodError'{0x0000000713cd5c08}: 'void java.lang.invoke.DirectMethodHandle$Holder.invokeStaticInit(java.lang.Object, java.lang.Object)'> (0x0000000713cd5c08) thrown at [src/hotspot/share/interpreter/linkResolver.cpp, line 772]
Event: 0,819 Thread 0x00007f8e9c01a000 Exception <a 'java/lang/NoSuchMethodError'{0x0000000713a1ac78}: 'void java.lang.invoke.DirectMethodHandle$Holder.invokeVirtual(java.lang.Object, java.lang.Object, java.lang.Object, java.lang.Object)'> (0x0000000713a1ac78) thrown at [src/hotspot/share/interpreter/linkResolver.cpp, line 772]

Events (20 events):
Event: 0,891 loading class org/apache/logging/log4j/message/DefaultFlowMessageFactory
Event: 0,891 loading class org/apache/logging/log4j/message/DefaultFlowMessageFactory done
Event: 0,891 loading class org/springframework/beans/factory/support/BeanDefinitionReaderUtils
Event: 0,891 loading class org/springframework/beans/factory/support/BeanDefinitionReaderUtils done
Event: 0,891 loading class org/apache/logging/log4j/message/FlowMessageFactory
Event: 0,891 loading class org/apache/logging/log4j/message/FlowMessageFactory done
Event: 0,892 loading class org/springframework/beans/factory/config/ConstructorArgumentValues
Event: 0,892 loading class org/springframework/beans/factory/config/ConstructorArgumentValues done
Event: 0,892 loading class org/springframework/beans/factory/config/ConstructorArgumentValues$ValueHolder
Event: 0,892 loading class org/springframework/beans/factory/config/ConstructorArgumentValues$ValueHolder done
Event: 0,892 loading class org/springframework/boot/test/context/ImportsContextCustomizer$ImportsConfiguration
Event: 0,892 loading class org/springframework/boot/test/context/ImportsContextCustomizer$ImportsConfiguration done
Event: 0,893 loading class org/springframework/boot/test/context/ImportsContextCustomizer$ImportsSelector
Event: 0,893 loading class org/springframework/boot/test/context/ImportsContextCustomizer$ImportsSelector done
Event: 0,894 loading class org/springframework/beans/BeanMetadataAttribute
Event: 0,894 loading class org/springframework/beans/BeanMetadataAttribute done
Event: 0,894 loading class org/springframework/boot/test/context/filter/TestTypeExcludeFilter
Event: 0,894 loading class org/springframework/boot/test/context/filter/TestTypeExcludeFilter done
Event: 0,894 loading class org/apache/logging/log4j/message/ParameterizedNoReferenceMessageFactory
Event: 0,894 loading class org/apache/logging/log4j/message/ParameterizedNoReferenceMessageFactory done


Dynamic libraries:
708400000-717c00000 rw-p 00000000 00:00 0 
717c00000-7bfe00000 ---p 00000000 00:00 0 
7bfe00000-7bfe47000 rw-p 01119000 103:06 3801965                         /usr/lib/jvm/java-11-openjdk-amd64/lib/server/classes.jsa
7bfe47000-7bff00000 rw-p 00000000 00:00 0 
7bff00000-7bff6b000 rw-p 010ae000 103:06 3801965                         /usr/lib/jvm/java-11-openjdk-amd64/lib/server/classes.jsa
7bff6b000-7c0000000 rw-p 00000000 00:00 0 
7c0000000-800000000 ---p 00000000 00:00 0 
800000000-800002000 rwxp 00001000 103:06 3801965                         /usr/lib/jvm/java-11-openjdk-amd64/lib/server/classes.jsa
800002000-8003cb000 rw-p 00003000 103:06 3801965                         /usr/lib/jvm/java-11-openjdk-amd64/lib/server/classes.jsa
8003cb000-800a9a000 r--p 003cc000 103:06 3801965                         /usr/lib/jvm/java-11-openjdk-amd64/lib/server/classes.jsa
800a9a000-800a9b000 rw-p 00a9b000 103:06 3801965                         /usr/lib/jvm/java-11-openjdk-amd64/lib/server/classes.jsa
800a9b000-8010ad000 r--p 00a9c000 103:06 3801965                         /usr/lib/jvm/java-11-openjdk-amd64/lib/server/classes.jsa
840000000-840240000 rw-p 00000000 00:00 0 
840240000-880000000 ---p 00000000 00:00 0 
55c5d836e000-55c5d836f000 r--p 00000000 103:06 2886492                   /usr/lib/jvm/java-11-openjdk-amd64/bin/java
55c5d836f000-55c5d8370000 r-xp 00001000 103:06 2886492                   /usr/lib/jvm/java-11-openjdk-amd64/bin/java
55c5d8370000-55c5d8371000 r--p 00002000 103:06 2886492                   /usr/lib/jvm/java-11-openjdk-amd64/bin/java
55c5d8371000-55c5d8372000 r--p 00002000 103:06 2886492                   /usr/lib/jvm/java-11-openjdk-amd64/bin/java
55c5d8372000-55c5d8373000 rw-p 00003000 103:06 2886492                   /usr/lib/jvm/java-11-openjdk-amd64/bin/java
55c5d960e000-55c5d962f000 rw-p 00000000 00:00 0                          [heap]
7f8e10000000-7f8e101e8000 rw-p 00000000 00:00 0 
7f8e101e8000-7f8e14000000 ---p 00000000 00:00 0 
7f8e18000000-7f8e18021000 rw-p 00000000 00:00 0 
7f8e18021000-7f8e1c000000 ---p 00000000 00:00 0 
7f8e1c000000-7f8e1cb5a000 rw-p 00000000 00:00 0 
7f8e1cb5a000-7f8e20000000 ---p 00000000 00:00 0 
7f8e20000000-7f8e20021000 rw-p 00000000 00:00 0 
7f8e20021000-7f8e24000000 ---p 00000000 00:00 0 
7f8e24000000-7f8e24021000 rw-p 00000000 00:00 0 
7f8e24021000-7f8e28000000 ---p 00000000 00:00 0 
7f8e28000000-7f8e28021000 rw-p 00000000 00:00 0 
7f8e28021000-7f8e2c000000 ---p 00000000 00:00 0 
7f8e2c000000-7f8e2c021000 rw-p 00000000 00:00 0 
7f8e2c021000-7f8e30000000 ---p 00000000 00:00 0 
7f8e30000000-7f8e30c10000 rw-p 00000000 00:00 0 
7f8e30c10000-7f8e34000000 ---p 00000000 00:00 0 
7f8e34000000-7f8e34021000 rw-p 00000000 00:00 0 
7f8e34021000-7f8e38000000 ---p 00000000 00:00 0 
7f8e38000000-7f8e38021000 rw-p 00000000 00:00 0 
7f8e38021000-7f8e3c000000 ---p 00000000 00:00 0 
7f8e3c000000-7f8e3c021000 rw-p 00000000 00:00 0 
7f8e3c021000-7f8e40000000 ---p 00000000 00:00 0 
7f8e40000000-7f8e404ed000 rw-p 00000000 00:00 0 
7f8e404ed000-7f8e44000000 ---p 00000000 00:00 0 
7f8e44000000-7f8e44021000 rw-p 00000000 00:00 0 
7f8e44021000-7f8e48000000 ---p 00000000 00:00 0 
7f8e48000000-7f8e48021000 rw-p 00000000 00:00 0 
7f8e48021000-7f8e4c000000 ---p 00000000 00:00 0 
7f8e4c000000-7f8e4cc35000 rw-p 00000000 00:00 0 
7f8e4cc35000-7f8e50000000 ---p 00000000 00:00 0 
7f8e50000000-7f8e50021000 rw-p 00000000 00:00 0 
7f8e50021000-7f8e54000000 ---p 00000000 00:00 0 
7f8e5687d000-7f8e569bd000 rw-p 00000000 00:00 0 
7f8e569bd000-7f8e56a7d000 ---p 00000000 00:00 0 
7f8e56a7d000-7f8e56a81000 ---p 00000000 00:00 0 
7f8e56a81000-7f8e56b7e000 rw-p 00000000 00:00 0 
7f8e56b7e000-7f8e56b82000 ---p 00000000 00:00 0 
7f8e56b82000-7f8e56e7f000 rw-p 00000000 00:00 0 
7f8e56e7f000-7f8e5707f000 rw-p 00000000 00:00 0 
7f8e5707f000-7f8e57080000 ---p 00000000 00:00 0 
7f8e57080000-7f8e57181000 rw-p 00000000 00:00 0 
7f8e57181000-7f8e57182000 ---p 00000000 00:00 0 
7f8e57182000-7f8e57283000 rw-p 00000000 00:00 0 
7f8e57283000-7f8e57284000 ---p 00000000 00:00 0 
7f8e57284000-7f8e57385000 rw-p 00000000 00:00 0 
7f8e57385000-7f8e57386000 ---p 00000000 00:00 0 
7f8e57386000-7f8e57487000 rw-p 00000000 00:00 0 
7f8e57487000-7f8e57488000 ---p 00000000 00:00 0 
7f8e57488000-7f8e57589000 rw-p 00000000 00:00 0 
7f8e57589000-7f8e5758d000 ---p 00000000 00:00 0 
7f8e5758d000-7f8e5768a000 rw-p 00000000 00:00 0 
7f8e5768a000-7f8e5768e000 ---p 00000000 00:00 0 
7f8e5768e000-7f8e5778b000 rw-p 00000000 00:00 0 
7f8e5778b000-7f8e5778f000 ---p 00000000 00:00 0 
7f8e5778f000-7f8e5788c000 rw-p 00000000 00:00 0 
7f8e5788c000-7f8e5788d000 ---p 00000000 00:00 0 
7f8e5788d000-7f8e5798e000 rw-p 00000000 00:00 0 
7f8e5798e000-7f8e57992000 ---p 00000000 00:00 0 
7f8e57992000-7f8e57a8f000 rw-p 00000000 00:00 0 
7f8e57a8f000-7f8e58000000 r--p 00000000 103:06 2889073                   /usr/lib/locale/locale-archive
7f8e58000000-7f8e58021000 rw-p 00000000 00:00 0 
7f8e58021000-7f8e5c000000 ---p 00000000 00:00 0 
7f8e5c000000-7f8e5c021000 rw-p 00000000 00:00 0 
7f8e5c021000-7f8e60000000 ---p 00000000 00:00 0 
7f8e60000000-7f8e60021000 rw-p 00000000 00:00 0 
7f8e60021000-7f8e64000000 ---p 00000000 00:00 0 
7f8e64000000-7f8e642b2000 rw-p 00000000 00:00 0 
7f8e642b2000-7f8e68000000 ---p 00000000 00:00 0 
7f8e68000000-7f8e68021000 rw-p 00000000 00:00 0 
7f8e68021000-7f8e6c000000 ---p 00000000 00:00 0 
7f8e6c000000-7f8e6c021000 rw-p 00000000 00:00 0 
7f8e6c021000-7f8e70000000 ---p 00000000 00:00 0 
7f8e70000000-7f8e70021000 rw-p 00000000 00:00 0 
7f8e70021000-7f8e74000000 ---p 00000000 00:00 0 
7f8e7407d000-7f8e7407e000 r--p 00000000 103:06 3673745                   /lib/x86_64-linux-gnu/libnss_dns-2.31.so
7f8e7407e000-7f8e74082000 r-xp 00001000 103:06 3673745                   /lib/x86_64-linux-gnu/libnss_dns-2.31.so
7f8e74082000-7f8e74083000 r--p 00005000 103:06 3673745                   /lib/x86_64-linux-gnu/libnss_dns-2.31.so
7f8e74083000-7f8e74084000 r--p 00005000 103:06 3673745                   /lib/x86_64-linux-gnu/libnss_dns-2.31.so
7f8e74084000-7f8e74085000 rw-p 00006000 103:06 3673745                   /lib/x86_64-linux-gnu/libnss_dns-2.31.so
7f8e74085000-7f8e74089000 r--p 00000000 103:06 3673759                   /lib/x86_64-linux-gnu/libresolv-2.31.so
7f8e74089000-7f8e74099000 r-xp 00004000 103:06 3673759                   /lib/x86_64-linux-gnu/libresolv-2.31.so
7f8e74099000-7f8e7409d000 r--p 00014000 103:06 3673759                   /lib/x86_64-linux-gnu/libresolv-2.31.so
7f8e7409d000-7f8e7409e000 r--p 00017000 103:06 3673759                   /lib/x86_64-linux-gnu/libresolv-2.31.so
7f8e7409e000-7f8e7409f000 rw-p 00018000 103:06 3673759                   /lib/x86_64-linux-gnu/libresolv-2.31.so
7f8e7409f000-7f8e740a1000 rw-p 00000000 00:00 0 
7f8e740a1000-7f8e740a2000 r--p 00000000 103:06 3670771                   /lib/x86_64-linux-gnu/libnss_mdns4_minimal.so.2
7f8e740a2000-7f8e740a4000 r-xp 00001000 103:06 3670771                   /lib/x86_64-linux-gnu/libnss_mdns4_minimal.so.2
7f8e740a4000-7f8e740a5000 r--p 00003000 103:06 3670771                   /lib/x86_64-linux-gnu/libnss_mdns4_minimal.so.2
7f8e740a5000-7f8e740a6000 r--p 00003000 103:06 3670771                   /lib/x86_64-linux-gnu/libnss_mdns4_minimal.so.2
7f8e740a6000-7f8e740a7000 rw-p 00004000 103:06 3670771                   /lib/x86_64-linux-gnu/libnss_mdns4_minimal.so.2
7f8e740bb000-7f8e740c2000 r--s 00000000 103:06 3147724                   /usr/lib/x86_64-linux-gnu/gconv/gconv-modules.cache
7f8e740c2000-7f8e740c4000 r--p 00000000 103:06 2886547                   /usr/lib/jvm/java-11-openjdk-amd64/lib/libmanagement_ext.so
7f8e740c4000-7f8e740c7000 r-xp 00002000 103:06 2886547                   /usr/lib/jvm/java-11-openjdk-amd64/lib/libmanagement_ext.so
7f8e740c7000-7f8e740c9000 r--p 00005000 103:06 2886547                   /usr/lib/jvm/java-11-openjdk-amd64/lib/libmanagement_ext.so
7f8e740c9000-7f8e740ca000 r--p 00006000 103:06 2886547                   /usr/lib/jvm/java-11-openjdk-amd64/lib/libmanagement_ext.so
7f8e740ca000-7f8e740cb000 rw-p 00007000 103:06 2886547                   /usr/lib/jvm/java-11-openjdk-amd64/lib/libmanagement_ext.so
7f8e740cb000-7f8e740cf000 ---p 00000000 00:00 0 
7f8e740cf000-7f8e741cc000 rw-p 00000000 00:00 0 
7f8e741cc000-7f8e741d0000 ---p 00000000 00:00 0 
7f8e741d0000-7f8e742cd000 rw-p 00000000 00:00 0 
7f8e742cd000-7f8e742d1000 ---p 00000000 00:00 0 
7f8e742d1000-7f8e743ce000 rw-p 00000000 00:00 0 
7f8e743ce000-7f8e743d2000 ---p 00000000 00:00 0 
7f8e743d2000-7f8e744cf000 rw-p 00000000 00:00 0 
7f8e744cf000-7f8e744d3000 ---p 00000000 00:00 0 
7f8e744d3000-7f8e745d0000 rw-p 00000000 00:00 0 
7f8e745d0000-7f8e745d4000 ---p 00000000 00:00 0 
7f8e745d4000-7f8e746d1000 rw-p 00000000 00:00 0 
7f8e746d1000-7f8e746d2000 ---p 00000000 00:00 0 
7f8e746d2000-7f8e75054000 rw-p 00000000 00:00 0 
7f8e75054000-7f8e75055000 ---p 00000000 00:00 0 
7f8e75055000-7f8e75156000 rw-p 00000000 00:00 0 
7f8e75156000-7f8e75157000 ---p 00000000 00:00 0 
7f8e75157000-7f8e78042000 rw-p 00000000 00:00 0 
7f8e78042000-7f8e7aa4a000 ---p 00000000 00:00 0 
7f8e7aa4a000-7f8e7aa52000 rw-p 00000000 00:00 0 
7f8e7aa52000-7f8e7ba52000 ---p 00000000 00:00 0 
7f8e7ba52000-7f8e7be32000 rw-p 00000000 00:00 0 
7f8e7be32000-7f8e7e83a000 ---p 00000000 00:00 0 
7f8e7e83a000-7f8e7e842000 rw-p 00000000 00:00 0 
7f8e7e842000-7f8e7f842000 ---p 00000000 00:00 0 
7f8e7f842000-7f8e7f8be000 rw-p 00000000 00:00 0 
7f8e7f8be000-7f8e7fdff000 ---p 00000000 00:00 0 
7f8e7fdff000-7f8e7fe00000 rw-p 00000000 00:00 0 
7f8e7fe00000-7f8e80000000 ---p 00000000 00:00 0 
7f8e80000000-7f8e80021000 rw-p 00000000 00:00 0 
7f8e80021000-7f8e84000000 ---p 00000000 00:00 0 
7f8e84003000-7f8e84034000 rw-p 00000000 00:00 0 
7f8e84034000-7f8e84038000 r--p 00000000 103:06 2886551                   /usr/lib/jvm/java-11-openjdk-amd64/lib/libnet.so
7f8e84038000-7f8e84046000 r-xp 00004000 103:06 2886551                   /usr/lib/jvm/java-11-openjdk-amd64/lib/libnet.so
7f8e84046000-7f8e8404a000 r--p 00012000 103:06 2886551                   /usr/lib/jvm/java-11-openjdk-amd64/lib/libnet.so
7f8e8404a000-7f8e8404b000 r--p 00015000 103:06 2886551                   /usr/lib/jvm/java-11-openjdk-amd64/lib/libnet.so
7f8e8404b000-7f8e8404c000 rw-p 00016000 103:06 2886551                   /usr/lib/jvm/java-11-openjdk-amd64/lib/libnet.so
7f8e8404c000-7f8e84053000 r--p 00000000 103:06 2886553                   /usr/lib/jvm/java-11-openjdk-amd64/lib/libnio.so
7f8e84053000-7f8e8405b000 r-xp 00007000 103:06 2886553                   /usr/lib/jvm/java-11-openjdk-amd64/lib/libnio.so
7f8e8405b000-7f8e8405e000 r--p 0000f000 103:06 2886553                   /usr/lib/jvm/java-11-openjdk-amd64/lib/libnio.so
7f8e8405e000-7f8e8405f000 r--p 00011000 103:06 2886553                   /usr/lib/jvm/java-11-openjdk-amd64/lib/libnio.so
7f8e8405f000-7f8e84060000 rw-p 00012000 103:06 2886553                   /usr/lib/jvm/java-11-openjdk-amd64/lib/libnio.so
7f8e84060000-7f8e840dc000 rw-p 00000000 00:00 0 
7f8e840dc000-7f8e8461d000 ---p 00000000 00:00 0 
7f8e8461d000-7f8e8461e000 rw-p 00000000 00:00 0 
7f8e8461e000-7f8e8481e000 ---p 00000000 00:00 0 
7f8e8481e000-7f8e84a8e000 rwxp 00000000 00:00 0 
7f8e84a8e000-7f8e84daf000 ---p 00000000 00:00 0 
7f8e84daf000-7f8e851df000 rwxp 00000000 00:00 0 
7f8e851df000-7f8e8c2e6000 ---p 00000000 00:00 0 
7f8e8c2e6000-7f8e8c556000 rwxp 00000000 00:00 0 
7f8e8c556000-7f8e9381e000 ---p 00000000 00:00 0 
7f8e9381e000-7f8e9c000000 r--s 00000000 103:06 2887407                   /usr/lib/jvm/java-11-openjdk-amd64/lib/modules
7f8e9c000000-7f8e9cdea000 rw-p 00000000 00:00 0 
7f8e9cdea000-7f8ea0000000 ---p 00000000 00:00 0 
7f8ea0000000-7f8ea0003000 r--p 00000000 103:06 2886543                   /usr/lib/jvm/java-11-openjdk-amd64/lib/libmanagement.so
7f8ea0003000-7f8ea0004000 r-xp 00003000 103:06 2886543                   /usr/lib/jvm/java-11-openjdk-amd64/lib/libmanagement.so
7f8ea0004000-7f8ea0005000 r--p 00004000 103:06 2886543                   /usr/lib/jvm/java-11-openjdk-amd64/lib/libmanagement.so
7f8ea0005000-7f8ea0006000 r--p 00004000 103:06 2886543                   /usr/lib/jvm/java-11-openjdk-amd64/lib/libmanagement.so
7f8ea0006000-7f8ea0007000 rw-p 00005000 103:06 2886543                   /usr/lib/jvm/java-11-openjdk-amd64/lib/libmanagement.so
7f8ea0007000-7f8ea00cc000 rw-p 00000000 00:00 0 
7f8ea00cc000-7f8ea00cd000 ---p 00000000 00:00 0 
7f8ea00cd000-7f8ea01ce000 rw-p 00000000 00:00 0 
7f8ea01ce000-7f8ea01cf000 ---p 00000000 00:00 0 
7f8ea01cf000-7f8ea044c000 rw-p 00000000 00:00 0 
7f8ea044c000-7f8ea098d000 ---p 00000000 00:00 0 
7f8ea098d000-7f8ea098e000 rw-p 00000000 00:00 0 
7f8ea098e000-7f8ea0b8e000 ---p 00000000 00:00 0 
7f8ea0b8e000-7f8ea1598000 rw-p 00000000 00:00 0 
7f8ea1598000-7f8ea1599000 ---p 00000000 00:00 0 
7f8ea1599000-7f8ea169f000 rw-p 00000000 00:00 0 
7f8ea169f000-7f8ea1785000 ---p 00000000 00:00 0 
7f8ea1785000-7f8ea178e000 rw-p 00000000 00:00 0 
7f8ea178e000-7f8ea1870000 ---p 00000000 00:00 0 
7f8ea1870000-7f8ea1875000 rw-p 00000000 00:00 0 
7f8ea1875000-7f8ea187c000 ---p 00000000 00:00 0 
7f8ea187c000-7f8ea187f000 r--p 00000000 103:06 3673747                   /lib/x86_64-linux-gnu/libnss_files-2.31.so
7f8ea187f000-7f8ea1886000 r-xp 00003000 103:06 3673747                   /lib/x86_64-linux-gnu/libnss_files-2.31.so
7f8ea1886000-7f8ea1888000 r--p 0000a000 103:06 3673747                   /lib/x86_64-linux-gnu/libnss_files-2.31.so
7f8ea1888000-7f8ea1889000 r--p 0000b000 103:06 3673747                   /lib/x86_64-linux-gnu/libnss_files-2.31.so
7f8ea1889000-7f8ea188a000 rw-p 0000c000 103:06 3673747                   /lib/x86_64-linux-gnu/libnss_files-2.31.so
7f8ea188a000-7f8ea1890000 rw-p 00000000 00:00 0 
7f8ea1890000-7f8ea1894000 r--p 00000000 103:06 3673741                   /lib/x86_64-linux-gnu/libnsl-2.31.so
7f8ea1894000-7f8ea18a4000 r-xp 00004000 103:06 3673741                   /lib/x86_64-linux-gnu/libnsl-2.31.so
7f8ea18a4000-7f8ea18a9000 r--p 00014000 103:06 3673741                   /lib/x86_64-linux-gnu/libnsl-2.31.so
7f8ea18a9000-7f8ea18aa000 r--p 00018000 103:06 3673741                   /lib/x86_64-linux-gnu/libnsl-2.31.so
7f8ea18aa000-7f8ea18ab000 rw-p 00019000 103:06 3673741                   /lib/x86_64-linux-gnu/libnsl-2.31.so
7f8ea18ab000-7f8ea18ad000 rw-p 00000000 00:00 0 
7f8ea18ad000-7f8ea18af000 r--p 00000000 103:06 3673751                   /lib/x86_64-linux-gnu/libnss_nis-2.31.so
7f8ea18af000-7f8ea18b7000 r-xp 00002000 103:06 3673751                   /lib/x86_64-linux-gnu/libnss_nis-2.31.so
7f8ea18b7000-7f8ea18b9000 r--p 0000a000 103:06 3673751                   /lib/x86_64-linux-gnu/libnss_nis-2.31.so
7f8ea18b9000-7f8ea18ba000 r--p 0000b000 103:06 3673751                   /lib/x86_64-linux-gnu/libnss_nis-2.31.so
7f8ea18ba000-7f8ea18bb000 rw-p 0000c000 103:06 3673751                   /lib/x86_64-linux-gnu/libnss_nis-2.31.so
7f8ea18bb000-7f8ea18bd000 r--p 00000000 103:06 3673743                   /lib/x86_64-linux-gnu/libnss_compat-2.31.so
7f8ea18bd000-7f8ea18c4000 r-xp 00002000 103:06 3673743                   /lib/x86_64-linux-gnu/libnss_compat-2.31.so
7f8ea18c4000-7f8ea18c5000 r--p 00009000 103:06 3673743                   /lib/x86_64-linux-gnu/libnss_compat-2.31.so
7f8ea18c5000-7f8ea18c6000 r--p 00009000 103:06 3673743                   /lib/x86_64-linux-gnu/libnss_compat-2.31.so
7f8ea18c6000-7f8ea18c7000 rw-p 0000a000 103:06 3673743                   /lib/x86_64-linux-gnu/libnss_compat-2.31.so
7f8ea18c8000-7f8ea18c9000 r--p 00000000 103:06 2886528                   /usr/lib/jvm/java-11-openjdk-amd64/lib/libextnet.so
7f8ea18c9000-7f8ea18ca000 r-xp 00001000 103:06 2886528                   /usr/lib/jvm/java-11-openjdk-amd64/lib/libextnet.so
7f8ea18ca000-7f8ea18cb000 r--p 00002000 103:06 2886528                   /usr/lib/jvm/java-11-openjdk-amd64/lib/libextnet.so
7f8ea18cb000-7f8ea18cc000 r--p 00002000 103:06 2886528                   /usr/lib/jvm/java-11-openjdk-amd64/lib/libextnet.so
7f8ea18cc000-7f8ea18cd000 rw-p 00003000 103:06 2886528                   /usr/lib/jvm/java-11-openjdk-amd64/lib/libextnet.so
7f8ea18cd000-7f8ea18cf000 r--s 0000c000 103:06 3282460                   /usr/share/java/java-atk-wrapper.jar
7f8ea18cf000-7f8ea18d1000 r--p 00000000 103:06 2887380                   /usr/lib/jvm/java-11-openjdk-amd64/lib/libzip.so
7f8ea18d1000-7f8ea18d6000 r-xp 00002000 103:06 2887380                   /usr/lib/jvm/java-11-openjdk-amd64/lib/libzip.so
7f8ea18d6000-7f8ea18d8000 r--p 00007000 103:06 2887380                   /usr/lib/jvm/java-11-openjdk-amd64/lib/libzip.so
7f8ea18d8000-7f8ea18d9000 r--p 00008000 103:06 2887380                   /usr/lib/jvm/java-11-openjdk-amd64/lib/libzip.so
7f8ea18d9000-7f8ea18da000 rw-p 00009000 103:06 2887380                   /usr/lib/jvm/java-11-openjdk-amd64/lib/libzip.so
7f8ea18da000-7f8ea18e2000 rw-s 00000000 103:06 3802045                   /tmp/hsperfdata_artur/523981
7f8ea18e2000-7f8ea18e3000 ---p 00000000 00:00 0 
7f8ea18e3000-7f8ea18e4000 r--p 00000000 00:00 0 
7f8ea18e4000-7f8ea18f2000 r--p 00000000 103:06 2886535                   /usr/lib/jvm/java-11-openjdk-amd64/lib/libjava.so
7f8ea18f2000-7f8ea1908000 r-xp 0000e000 103:06 2886535                   /usr/lib/jvm/java-11-openjdk-amd64/lib/libjava.so
7f8ea1908000-7f8ea190f000 r--p 00024000 103:06 2886535                   /usr/lib/jvm/java-11-openjdk-amd64/lib/libjava.so
7f8ea190f000-7f8ea1910000 r--p 0002a000 103:06 2886535                   /usr/lib/jvm/java-11-openjdk-amd64/lib/libjava.so
7f8ea1910000-7f8ea1911000 rw-p 0002b000 103:06 2886535                   /usr/lib/jvm/java-11-openjdk-amd64/lib/libjava.so
7f8ea1911000-7f8ea1912000 rw-p 00000000 00:00 0 
7f8ea1912000-7f8ea1914000 r--p 00000000 103:06 3673760                   /lib/x86_64-linux-gnu/librt-2.31.so
7f8ea1914000-7f8ea1918000 r-xp 00002000 103:06 3673760                   /lib/x86_64-linux-gnu/librt-2.31.so
7f8ea1918000-7f8ea191a000 r--p 00006000 103:06 3673760                   /lib/x86_64-linux-gnu/librt-2.31.so
7f8ea191a000-7f8ea191b000 r--p 00007000 103:06 3673760                   /lib/x86_64-linux-gnu/librt-2.31.so
7f8ea191b000-7f8ea191c000 rw-p 00008000 103:06 3673760                   /lib/x86_64-linux-gnu/librt-2.31.so
7f8ea191c000-7f8ea1920000 ---p 00000000 00:00 0 
7f8ea1920000-7f8ea1a1d000 rw-p 00000000 00:00 0 
7f8ea1a1d000-7f8ea1a20000 r--p 00000000 103:06 3670736                   /lib/x86_64-linux-gnu/libgcc_s.so.1
7f8ea1a20000-7f8ea1a32000 r-xp 00003000 103:06 3670736                   /lib/x86_64-linux-gnu/libgcc_s.so.1
7f8ea1a32000-7f8ea1a36000 r--p 00015000 103:06 3670736                   /lib/x86_64-linux-gnu/libgcc_s.so.1
7f8ea1a36000-7f8ea1a37000 r--p 00018000 103:06 3670736                   /lib/x86_64-linux-gnu/libgcc_s.so.1
7f8ea1a37000-7f8ea1a38000 rw-p 00019000 103:06 3670736                   /lib/x86_64-linux-gnu/libgcc_s.so.1
7f8ea1a38000-7f8ea1a45000 r--p 00000000 103:06 3673735                   /lib/x86_64-linux-gnu/libm-2.31.so
7f8ea1a45000-7f8ea1aec000 r-xp 0000d000 103:06 3673735                   /lib/x86_64-linux-gnu/libm-2.31.so
7f8ea1aec000-7f8ea1b85000 r--p 000b4000 103:06 3673735                   /lib/x86_64-linux-gnu/libm-2.31.so
7f8ea1b85000-7f8ea1b86000 r--p 0014c000 103:06 3673735                   /lib/x86_64-linux-gnu/libm-2.31.so
7f8ea1b86000-7f8ea1b87000 rw-p 0014d000 103:06 3673735                   /lib/x86_64-linux-gnu/libm-2.31.so
7f8ea1b87000-7f8ea1c1d000 r--p 00000000 103:06 2883678                   /usr/lib/x86_64-linux-gnu/libstdc++.so.6.0.28
7f8ea1c1d000-7f8ea1d0e000 r-xp 00096000 103:06 2883678                   /usr/lib/x86_64-linux-gnu/libstdc++.so.6.0.28
7f8ea1d0e000-7f8ea1d57000 r--p 00187000 103:06 2883678                   /usr/lib/x86_64-linux-gnu/libstdc++.so.6.0.28
7f8ea1d57000-7f8ea1d58000 ---p 001d0000 103:06 2883678                   /usr/lib/x86_64-linux-gnu/libstdc++.so.6.0.28
7f8ea1d58000-7f8ea1d63000 r--p 001d0000 103:06 2883678                   /usr/lib/x86_64-linux-gnu/libstdc++.so.6.0.28
7f8ea1d63000-7f8ea1d66000 rw-p 001db000 103:06 2883678                   /usr/lib/x86_64-linux-gnu/libstdc++.so.6.0.28
7f8ea1d66000-7f8ea1d69000 rw-p 00000000 00:00 0 
7f8ea1d69000-7f8ea1feb000 r--p 00000000 103:06 3801957                   /usr/lib/jvm/java-11-openjdk-amd64/lib/server/libjvm.so
7f8ea1feb000-7f8ea2c71000 r-xp 00282000 103:06 3801957                   /usr/lib/jvm/java-11-openjdk-amd64/lib/server/libjvm.so
7f8ea2c71000-7f8ea2ecd000 r--p 00f08000 103:06 3801957                   /usr/lib/jvm/java-11-openjdk-amd64/lib/server/libjvm.so
7f8ea2ecd000-7f8ea2f91000 r--p 01163000 103:06 3801957                   /usr/lib/jvm/java-11-openjdk-amd64/lib/server/libjvm.so
7f8ea2f91000-7f8ea2fcc000 rw-p 01227000 103:06 3801957                   /usr/lib/jvm/java-11-openjdk-amd64/lib/server/libjvm.so
7f8ea2fcc000-7f8ea3025000 rw-p 00000000 00:00 0 
7f8ea3025000-7f8ea302b000 r--p 00000000 103:06 3673757                   /lib/x86_64-linux-gnu/libpthread-2.31.so
7f8ea302b000-7f8ea303c000 r-xp 00006000 103:06 3673757                   /lib/x86_64-linux-gnu/libpthread-2.31.so
7f8ea303c000-7f8ea3042000 r--p 00017000 103:06 3673757                   /lib/x86_64-linux-gnu/libpthread-2.31.so
7f8ea3042000-7f8ea3043000 r--p 0001c000 103:06 3673757                   /lib/x86_64-linux-gnu/libpthread-2.31.so
7f8ea3043000-7f8ea3044000 rw-p 0001d000 103:06 3673757                   /lib/x86_64-linux-gnu/libpthread-2.31.so
7f8ea3044000-7f8ea3048000 rw-p 00000000 00:00 0 
7f8ea3048000-7f8ea3049000 r--p 00000000 103:06 3673733                   /lib/x86_64-linux-gnu/libdl-2.31.so
7f8ea3049000-7f8ea304b000 r-xp 00001000 103:06 3673733                   /lib/x86_64-linux-gnu/libdl-2.31.so
7f8ea304b000-7f8ea304c000 r--p 00003000 103:06 3673733                   /lib/x86_64-linux-gnu/libdl-2.31.so
7f8ea304c000-7f8ea304d000 r--p 00003000 103:06 3673733                   /lib/x86_64-linux-gnu/libdl-2.31.so
7f8ea304d000-7f8ea304e000 rw-p 00004000 103:06 3673733                   /lib/x86_64-linux-gnu/libdl-2.31.so
7f8ea304e000-7f8ea3050000 r--p 00000000 103:06 3672931                   /lib/x86_64-linux-gnu/libz.so.1.2.11
7f8ea3050000-7f8ea3061000 r-xp 00002000 103:06 3672931                   /lib/x86_64-linux-gnu/libz.so.1.2.11
7f8ea3061000-7f8ea3067000 r--p 00013000 103:06 3672931                   /lib/x86_64-linux-gnu/libz.so.1.2.11
7f8ea3067000-7f8ea3068000 ---p 00019000 103:06 3672931                   /lib/x86_64-linux-gnu/libz.so.1.2.11
7f8ea3068000-7f8ea3069000 r--p 00019000 103:06 3672931                   /lib/x86_64-linux-gnu/libz.so.1.2.11
7f8ea3069000-7f8ea306a000 rw-p 0001a000 103:06 3672931                   /lib/x86_64-linux-gnu/libz.so.1.2.11
7f8ea306a000-7f8ea308c000 r--p 00000000 103:06 3673731                   /lib/x86_64-linux-gnu/libc-2.31.so
7f8ea308c000-7f8ea3204000 r-xp 00022000 103:06 3673731                   /lib/x86_64-linux-gnu/libc-2.31.so
7f8ea3204000-7f8ea3252000 r--p 0019a000 103:06 3673731                   /lib/x86_64-linux-gnu/libc-2.31.so
7f8ea3252000-7f8ea3256000 r--p 001e7000 103:06 3673731                   /lib/x86_64-linux-gnu/libc-2.31.so
7f8ea3256000-7f8ea3258000 rw-p 001eb000 103:06 3673731                   /lib/x86_64-linux-gnu/libc-2.31.so
7f8ea3258000-7f8ea325c000 rw-p 00000000 00:00 0 
7f8ea325c000-7f8ea325e000 r--p 00000000 103:06 2886538                   /usr/lib/jvm/java-11-openjdk-amd64/lib/libjimage.so
7f8ea325e000-7f8ea3261000 r-xp 00002000 103:06 2886538                   /usr/lib/jvm/java-11-openjdk-amd64/lib/libjimage.so
7f8ea3261000-7f8ea3262000 r--p 00005000 103:06 2886538                   /usr/lib/jvm/java-11-openjdk-amd64/lib/libjimage.so
7f8ea3262000-7f8ea3263000 ---p 00006000 103:06 2886538                   /usr/lib/jvm/java-11-openjdk-amd64/lib/libjimage.so
7f8ea3263000-7f8ea3264000 r--p 00006000 103:06 2886538                   /usr/lib/jvm/java-11-openjdk-amd64/lib/libjimage.so
7f8ea3264000-7f8ea3265000 rw-p 00007000 103:06 2886538                   /usr/lib/jvm/java-11-openjdk-amd64/lib/libjimage.so
7f8ea3265000-7f8ea326a000 r--p 00000000 103:06 2887376                   /usr/lib/jvm/java-11-openjdk-amd64/lib/libverify.so
7f8ea326a000-7f8ea3271000 r-xp 00005000 103:06 2887376                   /usr/lib/jvm/java-11-openjdk-amd64/lib/libverify.so
7f8ea3271000-7f8ea3273000 r--p 0000c000 103:06 2887376                   /usr/lib/jvm/java-11-openjdk-amd64/lib/libverify.so
7f8ea3273000-7f8ea3274000 ---p 0000e000 103:06 2887376                   /usr/lib/jvm/java-11-openjdk-amd64/lib/libverify.so
7f8ea3274000-7f8ea3276000 r--p 0000e000 103:06 2887376                   /usr/lib/jvm/java-11-openjdk-amd64/lib/libverify.so
7f8ea3276000-7f8ea3277000 rw-p 00010000 103:06 2887376                   /usr/lib/jvm/java-11-openjdk-amd64/lib/libverify.so
7f8ea3277000-7f8ea327a000 r--p 00000000 103:06 3671868                   /usr/lib/jvm/java-11-openjdk-amd64/lib/jli/libjli.so
7f8ea327a000-7f8ea3284000 r-xp 00003000 103:06 3671868                   /usr/lib/jvm/java-11-openjdk-amd64/lib/jli/libjli.so
7f8ea3284000-7f8ea3287000 r--p 0000d000 103:06 3671868                   /usr/lib/jvm/java-11-openjdk-amd64/lib/jli/libjli.so
7f8ea3287000-7f8ea3288000 ---p 00010000 103:06 3671868                   /usr/lib/jvm/java-11-openjdk-amd64/lib/jli/libjli.so
7f8ea3288000-7f8ea3289000 r--p 00010000 103:06 3671868                   /usr/lib/jvm/java-11-openjdk-amd64/lib/jli/libjli.so
7f8ea3289000-7f8ea328a000 rw-p 00011000 103:06 3671868                   /usr/lib/jvm/java-11-openjdk-amd64/lib/jli/libjli.so
7f8ea328a000-7f8ea328c000 rw-p 00000000 00:00 0 
7f8ea328c000-7f8ea328d000 r--p 00000000 103:06 3673723                   /lib/x86_64-linux-gnu/ld-2.31.so
7f8ea328d000-7f8ea32b0000 r-xp 00001000 103:06 3673723                   /lib/x86_64-linux-gnu/ld-2.31.so
7f8ea32b0000-7f8ea32b8000 r--p 00024000 103:06 3673723                   /lib/x86_64-linux-gnu/ld-2.31.so
7f8ea32b9000-7f8ea32ba000 r--p 0002c000 103:06 3673723                   /lib/x86_64-linux-gnu/ld-2.31.so
7f8ea32ba000-7f8ea32bb000 rw-p 0002d000 103:06 3673723                   /lib/x86_64-linux-gnu/ld-2.31.so
7f8ea32bb000-7f8ea32bc000 rw-p 00000000 00:00 0 
7ffe0078b000-7ffe007af000 rw-p 00000000 00:00 0                          [stack]
7ffe007e7000-7ffe007ea000 r--p 00000000 00:00 0                          [vvar]
7ffe007ea000-7ffe007eb000 r-xp 00000000 00:00 0                          [vdso]
ffffffffff600000-ffffffffff601000 --xp 00000000 00:00 0                  [vsyscall]


VM Arguments:
jvm_args: -ea -Dfile.encoding=UTF-8 
java_command: org.eclipse.jdt.internal.junit.runner.RemoteTestRunner -version 3 -port 41763 -testLoaderClass org.eclipse.jdt.internal.junit5.runner.JUnit5TestLoader -loaderpluginname org.eclipse.jdt.junit5.runtime -test com.hw1.covidmetrics.controller.CovidMetricsControllerTest:getWorldDataTest
java_class_path (initial): /home/artur/Desktop/3ano/TQS/tqs_98470/hw1/covidmetrics/target/test-classes:/home/artur/Desktop/3ano/TQS/tqs_98470/hw1/covidmetrics/target/classes:/home/artur/.m2/repository/org/springframework/boot/spring-boot-starter-data-jpa/2.6.6/spring-boot-starter-data-jpa-2.6.6.jar:/home/artur/.m2/repository/org/springframework/boot/spring-boot-starter-aop/2.6.6/spring-boot-starter-aop-2.6.6.jar:/home/artur/.m2/repository/org/springframework/spring-aop/5.3.18/spring-aop-5.3.18.jar:/home/artur/.m2/repository/org/aspectj/aspectjweaver/1.9.7/aspectjweaver-1.9.7.jar:/home/artur/.m2/repository/org/springframework/boot/spring-boot-starter-jdbc/2.6.6/spring-boot-starter-jdbc-2.6.6.jar:/home/artur/.m2/repository/com/zaxxer/HikariCP/4.0.3/HikariCP-4.0.3.jar:/home/artur/.m2/repository/org/springframework/spring-jdbc/5.3.18/spring-jdbc-5.3.18.jar:/home/artur/.m2/repository/jakarta/transaction/jakarta.transaction-api/1.3.3/jakarta.transaction-api-1.3.3.jar:/home/artur/.m2/repository/jakarta/persistence/jakarta.persistence-api/2.2.3/jakarta.persistence-api-2.2.3.jar:/home/artur/.m2/repository/org/hibernate/hibernate-core/5.6.7.Final/hibernate-core-5.6.7.Final.jar:/home/artur/.m2/repository/org/jboss/logging/jboss-logging/3.4.3.Final/jboss-logging-3.4.3.Final.jar:/home/artur/.m2/repository/net/bytebuddy/byte-buddy/1.11.22/byte-buddy-1.11.22.jar:/home/artur/.m2/repository/antlr/antlr/2.7.7/antlr-2.7.7.jar:/home/artur/.m2/repository/org/jboss/jandex/2.4.2.Final/jandex-2.4.2.Final.jar:/home/artur/.m2/repository/com/fasterxml/classmate/1.5.1/classmate-1.5.1.jar:/home/artur/.m2/repository/org/hibernate/common/hibernate-commons-annotations/5.1.2.Final/hibernate-commons-annotations-5.1.2.Final.jar:/home/artur/.m2/repository/org/glassfish/jaxb/jaxb-runtime/2.3.6/jaxb-runtime-2.3.6.jar:/home/artur/.m2/repository/org/glassfish/jaxb/txw2/2.3.6/txw2-2.3.6.jar:/home/artur/.m2/repository/com/sun/istack/istack-commons-runtime/3.0.12/istack-commons-runtime-3.0.12.jar:/home/art
Launcher Type: SUN_STANDARD

[Global flags]
     intx CICompilerCount                          = 4                                         {product} {ergonomic}
     uint ConcGCThreads                            = 3                                         {product} {ergonomic}
     uint G1ConcRefinementThreads                  = 10                                        {product} {ergonomic}
   size_t G1HeapRegionSize                         = 1048576                                   {product} {ergonomic}
    uintx GCDrainStackTargetSize                   = 64                                        {product} {ergonomic}
   size_t InitialHeapSize                          = 260046848                                 {product} {ergonomic}
   size_t MarkStackSize                            = 4194304                                   {product} {ergonomic}
   size_t MaxHeapSize                              = 4156555264                                {product} {ergonomic}
   size_t MaxNewSize                               = 2493513728                                {product} {ergonomic}
   size_t MinHeapDeltaBytes                        = 1048576                                   {product} {ergonomic}
    uintx NonNMethodCodeHeapSize                   = 5836300                                {pd product} {ergonomic}
    uintx NonProfiledCodeHeapSize                  = 122910970                              {pd product} {ergonomic}
    uintx ProfiledCodeHeapSize                     = 122910970                              {pd product} {ergonomic}
    uintx ReservedCodeCacheSize                    = 251658240                              {pd product} {ergonomic}
     bool SegmentedCodeCache                       = true                                      {product} {ergonomic}
     bool UseCompressedClassPointers               = true                                 {lp64_product} {ergonomic}
     bool UseCompressedOops                        = true                                 {lp64_product} {ergonomic}
     bool UseG1GC                                  = true                                      {product} {ergonomic}

Logging:
Log output configuration:
 #0: stdout all=warning uptime,level,tags
 #1: stderr all=off uptime,level,tags

Environment Variables:
JAVA_HOME=/usr/lib/jvm/java-16-oracle
CLASSPATH=.:/usr/local/lib/antlr-4.9.2-complete.jar:/usr/local/lib/ST-4.3.1.jar:
PATH=/home/artur/.local/bin:/usr/local/sbin:/usr/local/bin:/usr/sbin:/usr/bin:/sbin:/bin:/usr/games:/usr/local/games:/snap/bin:/usr/lib/jvm/java-16-oracle/bin:/usr/lib/jvm/java-16-oracle/db/bin
USERNAME=artur
SHELL=/bin/bash
DISPLAY=:0
LANG=en_US.UTF-8
LC_CTYPE=pt_PT.UTF-8

Signal Handlers:
SIGSEGV: [libjvm.so+0xe95100], sa_mask[0]=11111111011111111101111111111110, sa_flags=SA_RESTART|SA_SIGINFO
SIGBUS: [libjvm.so+0xe95100], sa_mask[0]=11111111011111111101111111111110, sa_flags=SA_RESTART|SA_SIGINFO
SIGFPE: [libjvm.so+0xe95100], sa_mask[0]=11111111011111111101111111111110, sa_flags=SA_RESTART|SA_SIGINFO
SIGPIPE: [libjvm.so+0xbdca50], sa_mask[0]=11111111011111111101111111111110, sa_flags=SA_RESTART|SA_SIGINFO
SIGXFSZ: [libjvm.so+0xbdca50], sa_mask[0]=11111111011111111101111111111110, sa_flags=SA_RESTART|SA_SIGINFO
SIGILL: [libjvm.so+0xe95100], sa_mask[0]=11111111011111111101111111111110, sa_flags=SA_RESTART|SA_SIGINFO
SIGUSR2: [libjvm.so+0xbdc8f0], sa_mask[0]=00100000000000000000000000000000, sa_flags=SA_RESTART|SA_SIGINFO
SIGHUP: [libjvm.so+0xbdcd90], sa_mask[0]=11111111011111111101111111111110, sa_flags=SA_RESTART|SA_SIGINFO
SIGINT: [libjvm.so+0xbdcd90], sa_mask[0]=11111111011111111101111111111110, sa_flags=SA_RESTART|SA_SIGINFO
SIGTERM: [libjvm.so+0xbdcd90], sa_mask[0]=11111111011111111101111111111110, sa_flags=SA_RESTART|SA_SIGINFO
SIGQUIT: [libjvm.so+0xbdcd90], sa_mask[0]=11111111011111111101111111111110, sa_flags=SA_RESTART|SA_SIGINFO


---------------  S Y S T E M  ---------------

OS:DISTRIB_ID=Ubuntu
DISTRIB_RELEASE=20.04
DISTRIB_CODENAME=focal
DISTRIB_DESCRIPTION="Ubuntu 20.04.4 LTS"
uname:Linux 5.4.0-109-generic #123-Ubuntu SMP Fri Apr 8 09:10:54 UTC 2022 x86_64
OS uptime: 3 days 6:37 hours
libc:glibc 2.31 NPTL 2.31 
rlimit (soft/hard): STACK 8192k/infinity , CORE 0k/infinity , NPROC 63159/63159 , NOFILE 1048576/1048576 , AS infinity/infinity , CPU infinity/infinity , DATA infinity/infinity , FSIZE infinity/infinity , MEMLOCK 65536k/65536k
load average:2,24 1,72 1,77

/proc/meminfo:
MemTotal:       16231284 kB
MemFree:         2013012 kB
MemAvailable:    6745464 kB
Buffers:          427480 kB
Cached:          5433544 kB
SwapCached:         3104 kB
Active:          9921196 kB
Inactive:        3092604 kB
Active(anon):    7058960 kB
Inactive(anon):  1231556 kB
Active(file):    2862236 kB
Inactive(file):  1861048 kB
Unevictable:      325528 kB
Mlocked:             112 kB
SwapTotal:       2097148 kB
SwapFree:        2038080 kB
Dirty:              1056 kB
Writeback:             0 kB
AnonPages:       7476216 kB
Mapped:          1531492 kB
Shmem:           1142640 kB
KReclaimable:     351216 kB
Slab:             639620 kB
SReclaimable:     351216 kB
SUnreclaim:       288404 kB
KernelStack:       31216 kB
PageTables:        89656 kB
NFS_Unstable:          0 kB
Bounce:                0 kB
WritebackTmp:          0 kB
CommitLimit:    10212788 kB
Committed_AS:   26356072 kB
VmallocTotal:   34359738367 kB
VmallocUsed:       56856 kB
VmallocChunk:          0 kB
Percpu:            20928 kB
HardwareCorrupted:     0 kB
AnonHugePages:         0 kB
ShmemHugePages:        0 kB
ShmemPmdMapped:        0 kB
FileHugePages:         0 kB
FilePmdMapped:         0 kB
CmaTotal:              0 kB
CmaFree:               0 kB
HugePages_Total:       0
HugePages_Free:        0
HugePages_Rsvd:        0
HugePages_Surp:        0
Hugepagesize:       2048 kB
Hugetlb:               0 kB
DirectMap4k:      715360 kB
DirectMap2M:    15902720 kB
DirectMap1G:           0 kB

/sys/kernel/mm/transparent_hugepage/enabled:
always [madvise] never
/sys/kernel/mm/transparent_hugepage/defrag (defrag/compaction efforts parameter):
always defer defer+madvise [madvise] never

Process Memory:
Virtual Size: 7428752K (peak: 15579328K)
Resident Set Size: 196136K (peak: 196136K) (anon: 167620K, file: 28516K, shmem: 0K)
Swapped out: 0K
C-Heap outstanding allocations: 53351K

/proc/sys/kernel/threads-max (system-wide limit on the number of threads):
126318
/proc/sys/vm/max_map_count (maximum number of memory map areas a process may have):
1048575
/proc/sys/kernel/pid_max (system-wide limit on number of process identifiers):
4194304

container (cgroup) information:
container_type: cgroupv1
cpu_cpuset_cpus: 0-11
cpu_memory_nodes: 0
active_processor_count: 12
cpu_quota: -1
cpu_period: 100000
cpu_shares: -1
memory_limit_in_bytes: -1
memory_and_swap_limit_in_bytes: -2
memory_soft_limit_in_bytes: -1
memory_usage_in_bytes: 11666169856
memory_max_usage_in_bytes: 13904535552

Steal ticks since vm start: 0
Steal ticks percentage since vm start:  0,000

CPU:total 12 (initial active 12) (6 cores per cpu, 2 threads per core) family 6 model 158 stepping 13 microcode 0xea, cmov, cx8, fxsr, mmx, sse, sse2, sse3, ssse3, sse4.1, sse4.2, popcnt, avx, avx2, aes, clmul, erms, 3dnowpref, lzcnt, ht, tsc, tscinvbit, bmi1, bmi2, adx, fma
CPU Model and flags from /proc/cpuinfo:
model name	: Intel(R) Core(TM) i7-9750H CPU @ 2.60GHz
flags		: fpu vme de pse tsc msr pae mce cx8 apic sep mtrr pge mca cmov pat pse36 clflush dts acpi mmx fxsr sse sse2 ss ht tm pbe syscall nx pdpe1gb rdtscp lm constant_tsc art arch_perfmon pebs bts rep_good nopl xtopology nonstop_tsc cpuid aperfmperf pni pclmulqdq dtes64 monitor ds_cpl vmx est tm2 ssse3 sdbg fma cx16 xtpr pdcm pcid sse4_1 sse4_2 x2apic movbe popcnt tsc_deadline_timer aes xsave avx f16c rdrand lahf_lm abm 3dnowprefetch cpuid_fault epb invpcid_single ssbd ibrs ibpb stibp ibrs_enhanced tpr_shadow vnmi flexpriority ept vpid ept_ad fsgsbase tsc_adjust bmi1 avx2 smep bmi2 erms invpcid mpx rdseed adx smap clflushopt intel_pt xsaveopt xsavec xgetbv1 xsaves dtherm ida arat pln pts hwp hwp_notify hwp_act_window hwp_epp md_clear flush_l1d arch_capabilities
Online cpus:
0-11
Offline cpus:

BIOS frequency limitation:
<Not Available>
Frequency switch latency (ns):
0
Available cpu frequencies:
<Not Available>
Current governor:
powersave
Core performance/turbo boost:
<Not Available>

Memory: 4k page, physical 16231284k(2013012k free), swap 2097148k(2038080k free)

vm_info: OpenJDK 64-Bit Server VM (11.0.15+10-Ubuntu-0ubuntu0.20.04.1) for linux-amd64 JRE (11.0.15+10-Ubuntu-0ubuntu0.20.04.1), built on Apr 23 2022 13:02:10 by "unknown" with gcc 9.4.0

END.
