#
# A fatal error has been detected by the Java Runtime Environment:
#
#  SIGSEGV (0xb) at pc=0x00007f4b61745f32, pid=523603, tid=523619
#
# JRE version: OpenJDK Runtime Environment (11.0.15+10) (build 11.0.15+10-Ubuntu-0ubuntu0.20.04.1)
# Java VM: OpenJDK 64-Bit Server VM (11.0.15+10-Ubuntu-0ubuntu0.20.04.1, mixed mode, sharing, tiered, compressed oops, g1 gc, linux-amd64)
# Problematic frame:
# V  [libjvm.so+0x83ff32]
#
# Core dump will be written. Default location: Core dumps may be processed with "/usr/share/apport/apport %p %s %c %d %P %E" (or dumping to /home/artur/Desktop/3ano/TQS/tqs_98470/hw1/covidmetrics/core.523603)
#
# If you would like to submit a bug report, please visit:
#   Unknown
#

---------------  S U M M A R Y ------------

Command Line: -ea -Dfile.encoding=UTF-8 org.eclipse.jdt.internal.junit.runner.RemoteTestRunner -version 3 -port 46567 -testLoaderClass org.eclipse.jdt.internal.junit5.runner.JUnit5TestLoader -loaderpluginname org.eclipse.jdt.junit5.runtime -test com.hw1.covidmetrics.controller.CovidMetricsControllerTest:getWorldDataTest

Host: Intel(R) Core(TM) i7-9750H CPU @ 2.60GHz, 12 cores, 15G, Ubuntu 20.04.4 LTS
Time: Mon May  2 22:50:56 2022 WEST elapsed time: 1.606817 seconds (0d 0h 0m 1s)

---------------  T H R E A D  ---------------

Current thread (0x00007f4b5c1e8800):  JavaThread "C1 CompilerThread0" daemon [_thread_in_vm, id=523619, stack(0x00007f4b26c89000,0x00007f4b26d8a000)]


Current CompileTask:
C1:   1606 3433   !   3       org.springframework.util.ConcurrentReferenceHashMap$Segment::restructure (316 bytes)

Stack: [0x00007f4b26c89000,0x00007f4b26d8a000],  sp=0x00007f4b26d87898,  free space=1018k
Native frames: (J=compiled Java code, A=aot compiled Java code, j=interpreted, Vv=VM code, C=native code)
V  [libjvm.so+0x83ff32]
V  [libjvm.so+0x84069f]
V  [libjvm.so+0x68ccf6]
V  [libjvm.so+0x68ee01]
V  [libjvm.so+0x585645]
V  [libjvm.so+0x4c0aba]
V  [libjvm.so+0x4c17eb]
V  [libjvm.so+0x4c3d25]
V  [libjvm.so+0x4c45de]
V  [libjvm.so+0x4c4cf7]
V  [libjvm.so+0x4c0010]
V  [libjvm.so+0x4c17eb]
V  [libjvm.so+0x4c3d11]
V  [libjvm.so+0x4c5976]
V  [libjvm.so+0x4cbaf2]
V  [libjvm.so+0x4cbbb7]
V  [libjvm.so+0x4a5cd3]
V  [libjvm.so+0x4a6c3c]
V  [libjvm.so+0x4a6db0]
V  [libjvm.so+0x4a7230]
V  [libjvm.so+0x4a7b71]
V  [libjvm.so+0x624642]
V  [libjvm.so+0x625778]
V  [libjvm.so+0xe2b44f]
V  [libjvm.so+0xe27e70]
V  [libjvm.so+0xbe65f6]


siginfo: si_signo: 11 (SIGSEGV), si_code: 1 (SEGV_MAPERR), si_addr: 0x000000007f4b24c8

Register to memory mapping:

RAX=0x0000000000000001 is an unknown value
RBX=0x0000000000000001 is an unknown value
RCX=0x0 is NULL
RDX=0x00000008003e2818 is pointing into metadata
RSP=0x00007f4b26d87898 is pointing into the stack for thread: 0x00007f4b5c1e8800
RBP=0x00007f4b26d878c0 is pointing into the stack for thread: 0x00007f4b5c1e8800
RSI=0x00000008003e4280 is pointing into metadata
RDI=0x00007f4b24c021b8 is pointing into metadata
R8 =0x0000000000000001 is an unknown value
R9 =0x0000000000000001 is an unknown value
R10=0x000000007f4b24c0 is an unknown value
R11=0x0000000000000001 is an unknown value
R12=0x00007f4b24c01f50 is pointing into metadata
R13=0x00007f4b24c0243a is pointing into metadata
R14=0x0000000000000005 is an unknown value
R15=0x000000000000000b is an unknown value


Registers:
RAX=0x0000000000000001, RBX=0x0000000000000001, RCX=0x0000000000000000, RDX=0x00000008003e2818
RSP=0x00007f4b26d87898, RBP=0x00007f4b26d878c0, RSI=0x00000008003e4280, RDI=0x00007f4b24c021b8
R8 =0x0000000000000001, R9 =0x0000000000000001, R10=0x000000007f4b24c0, R11=0x0000000000000001
R12=0x00007f4b24c01f50, R13=0x00007f4b24c0243a, R14=0x0000000000000005, R15=0x000000000000000b
RIP=0x00007f4b61745f32, EFLAGS=0x0000000000010202, CSGSFS=0x002b000000000033, ERR=0x0000000000000004
  TRAPNO=0x000000000000000e

Top of Stack: (sp=0x00007f4b26d87898)
0x00007f4b26d87898:   00007f4b26d87cc0 000000084043f0d8
0x00007f4b26d878a8:   0000000000000000 0000000000000000
0x00007f4b26d878b8:   0000000000000000 00007f4b26d878d0
0x00007f4b26d878c8:   00007f4b6174669f 00007f4b26d87cb0 

Instructions: (pc=0x00007f4b61745f32)
0x00007f4b61745e32:   d0 0c 0f 1f 40 00 41 8b 55 00 48 89 de 4c 89 e7
0x00007f4b61745e42:   49 83 c5 08 e8 45 ab ee ff 49 8b 17 4c 89 e6 4c
0x00007f4b61745e52:   89 ff ff 12 4d 39 f5 75 dd e9 33 ff ff ff f3 0f
0x00007f4b61745e62:   1e fa 48 8b 87 e0 00 00 00 48 85 c0 74 10 48 8b
0x00007f4b61745e72:   bf e0 00 00 00 e9 c4 49 be ff 0f 1f 40 00 c3 90
0x00007f4b61745e82:   66 66 2e 0f 1f 84 00 00 00 00 00 0f 1f 00 f3 0f
0x00007f4b61745e92:   1e fa 55 48 8b bf 98 01 00 00 45 31 c0 31 c9 48
0x00007f4b61745ea2:   89 e5 e8 f7 de ff ff 45 31 c0 85 c0 78 07 48 98
0x00007f4b61745eb2:   4c 8b 44 c7 08 4c 89 c0 5d c3 0f 1f 40 00 f3 0f
0x00007f4b61745ec2:   1e fa 55 45 31 c0 31 c9 48 89 e5 e8 ce de ff ff
0x00007f4b61745ed2:   45 31 c0 85 c0 78 07 48 98 4c 8b 44 c7 08 4c 89
0x00007f4b61745ee2:   c0 5d c3 90 66 2e 0f 1f 84 00 00 00 00 00 f3 0f
0x00007f4b61745ef2:   1e fa 55 48 89 e5 41 57 41 56 44 8b 37 41 55 45
0x00007f4b61745f02:   89 f3 41 54 53 41 83 eb 01 78 40 31 db eb 0f 0f
0x00007f4b61745f12:   1f 80 00 00 00 00 8d 58 01 44 39 db 7f 2d 42 8d
0x00007f4b61745f22:   04 1b d1 f8 4c 63 d0 4e 8b 6c d7 08 4d 8b 55 08
0x00007f4b61745f32:   4d 8b 62 08 45 0f b7 7a 2a 4b 39 74 fc 40 72 d6
0x00007f4b61745f42:   74 24 44 8d 58 ff 44 39 db 7e d3 41 ba ff ff ff
0x00007f4b61745f52:   ff 5b 44 89 d0 41 5c 41 5d 41 5e 41 5f 5d c3 0f
0x00007f4b61745f62:   1f 80 00 00 00 00 45 0f b7 5a 2c 4b 3b 54 dc 40
0x00007f4b61745f72:   0f 84 28 01 00 00 44 8d 50 ff 85 c0 0f 84 60 06
0x00007f4b61745f82:   00 00 41 83 f9 01 0f 84 aa 00 00 00 83 f9 01 49
0x00007f4b61745f92:   63 ca 0f 84 c6 02 00 00 41 83 f8 01 0f 84 91 03
0x00007f4b61745fa2:   00 00 eb 1f 66 2e 0f 1f 84 00 00 00 00 00 45 0f
0x00007f4b61745fb2:   b7 40 2c 4b 3b 54 c1 40 74 97 48 83 e9 01 83 f9
0x00007f4b61745fc2:   ff 74 1c 4c 8b 44 cf 08 41 89 ca 4d 8b 40 08 4d
0x00007f4b61745fd2:   8b 48 08 45 0f b7 58 2a 4b 3b 74 d9 40 74 cf 83
0x00007f4b61745fe2:   c0 01 41 39 c6 0f 8e 60 ff ff ff 48 98 eb 23 0f
0x00007f4b61745ff2:   1f 80 00 00 00 00 0f b7 49 2c 49 3b 54 c8 40 0f
0x00007f4b61746002:   84 4c ff ff ff 48 83 c0 01 41 39 c6 0f 8e 39 ff
0x00007f4b61746012:   ff ff 48 8b 4c c7 08 41 89 c2 48 8b 49 08 4c 8b
0x00007f4b61746022:   41 08 44 0f b7 49 2a 4b 3b 74 c8 40 74 c8 e9 18 


Stack slot to memory mapping:
stack at sp + 0 slots: 0x00007f4b26d87cc0 is pointing into the stack for thread: 0x00007f4b5c1e8800
stack at sp + 1 slots: 0x000000084043f0d8 is a pointer to class: 
net.bytebuddy.TypeCache$WithInlineExpunction {0x000000084043f0d8}
stack at sp + 2 slots: 0x0 is NULL
stack at sp + 3 slots: 0x0 is NULL
stack at sp + 4 slots: 0x0 is NULL
stack at sp + 5 slots: 0x00007f4b26d878d0 is pointing into the stack for thread: 0x00007f4b5c1e8800
stack at sp + 6 slots: 0x00007f4b6174669f: <offset 0x000000000084069f> in /usr/lib/jvm/java-11-openjdk-amd64/lib/server/libjvm.so at 0x00007f4b60f06000
stack at sp + 7 slots: 0x00007f4b26d87cb0 is pointing into the stack for thread: 0x00007f4b5c1e8800


---------------  P R O C E S S  ---------------

Threads class SMR info:
_java_thread_list=0x00007f4ad83f4b40, length=12, elements={
0x00007f4b5c01a000, 0x00007f4b5c1d9800, 0x00007f4b5c1db800, 0x00007f4b5c1e2800,
0x00007f4b5c1e4800, 0x00007f4b5c1e6800, 0x00007f4b5c1e8800, 0x00007f4b5c1ea800,
0x00007f4b5c24e000, 0x00007f4b0407f800, 0x00007f4b5c6f4800, 0x00007f4b08382800
}

Java Threads: ( => current thread )
  0x00007f4b5c01a000 JavaThread "main" [_thread_blocked, id=523607, stack(0x00007f4b60ab9000,0x00007f4b60bba000)]
  0x00007f4b5c1d9800 JavaThread "Reference Handler" daemon [_thread_blocked, id=523614, stack(0x00007f4b276ff000,0x00007f4b27800000)]
  0x00007f4b5c1db800 JavaThread "Finalizer" daemon [_thread_blocked, id=523615, stack(0x00007f4b275fe000,0x00007f4b276ff000)]
  0x00007f4b5c1e2800 JavaThread "Signal Dispatcher" daemon [_thread_blocked, id=523616, stack(0x00007f4b26f8c000,0x00007f4b2708d000)]
  0x00007f4b5c1e4800 JavaThread "Service Thread" daemon [_thread_blocked, id=523617, stack(0x00007f4b26e8b000,0x00007f4b26f8c000)]
  0x00007f4b5c1e6800 JavaThread "C2 CompilerThread0" daemon [_thread_in_native, id=523618, stack(0x00007f4b26d8a000,0x00007f4b26e8b000)]
=>0x00007f4b5c1e8800 JavaThread "C1 CompilerThread0" daemon [_thread_in_vm, id=523619, stack(0x00007f4b26c89000,0x00007f4b26d8a000)]
  0x00007f4b5c1ea800 JavaThread "Sweeper thread" daemon [_thread_blocked, id=523620, stack(0x00007f4b26b88000,0x00007f4b26c89000)]
  0x00007f4b5c24e000 JavaThread "Common-Cleaner" daemon [_thread_blocked, id=523622, stack(0x00007f4b26985000,0x00007f4b26a86000)]
  0x00007f4b0407f800 JavaThread "C2 CompilerThread1" daemon [_thread_in_native, id=523623, stack(0x00007f4b26884000,0x00007f4b26985000)]
  0x00007f4b5c6f4800 JavaThread "ReaderThread" [_thread_in_native, id=523624, stack(0x00007f4b26783000,0x00007f4b26884000)]
  0x00007f4b08382800 JavaThread "C2 CompilerThread2" daemon [_thread_in_native, id=523632, stack(0x00007f4b25d78000,0x00007f4b25e79000)]

Other Threads:
  0x00007f4b5c1d7000 VMThread "VM Thread" [stack: 0x00007f4b340b5000,0x00007f4b341b5000] [id=523613]
  0x00007f4b5c24b000 WatcherThread [stack: 0x00007f4b26a88000,0x00007f4b26b88000] [id=523621]
  0x00007f4b5c032800 GCTaskThread "GC Thread#0" [stack: 0x00007f4b60737000,0x00007f4b60837000] [id=523608]
  0x00007f4b1c001000 GCTaskThread "GC Thread#1" [stack: 0x00007f4b26683000,0x00007f4b26783000] [id=523626]
  0x00007f4b1c002800 GCTaskThread "GC Thread#2" [stack: 0x00007f4b26581000,0x00007f4b26681000] [id=523627]
  0x00007f4b1c004000 GCTaskThread "GC Thread#3" [stack: 0x00007f4b2647f000,0x00007f4b2657f000] [id=523628]
  0x00007f4b1c005800 GCTaskThread "GC Thread#4" [stack: 0x00007f4b2637d000,0x00007f4b2647d000] [id=523629]
  0x00007f4b1c007000 GCTaskThread "GC Thread#5" [stack: 0x00007f4b2627b000,0x00007f4b2637b000] [id=523630]
  0x00007f4b5c090800 ConcurrentGCThread "G1 Main Marker" [stack: 0x00007f4b4431b000,0x00007f4b4441b000] [id=523609]
  0x00007f4b5c092800 ConcurrentGCThread "G1 Conc#0" [stack: 0x00007f4b44219000,0x00007f4b44319000] [id=523610]
  0x00007f4b30001000 ConcurrentGCThread "G1 Conc#1" [stack: 0x00007f4b253df000,0x00007f4b254df000] [id=523635]
  0x00007f4b30002000 ConcurrentGCThread "G1 Conc#2" [stack: 0x00007f4b252dd000,0x00007f4b253dd000] [id=523636]
  0x00007f4b5c199000 ConcurrentGCThread "G1 Refine#0" [stack: 0x00007f4b343de000,0x00007f4b344de000] [id=523611]
  0x00007f4b5c19a800 ConcurrentGCThread "G1 Young RemSet Sampling" [stack: 0x00007f4b342dc000,0x00007f4b343dc000] [id=523612]

Threads with active compile tasks:
C2 CompilerThread0     1609 3314       4       org.springframework.boot.context.properties.source.SystemEnvironmentPropertyMapper$$Lambda$433/0x0000000840192440::test (16 bytes)
C1 CompilerThread0     1609 3433   !   3       org.springframework.util.ConcurrentReferenceHashMap$Segment::restructure (316 bytes)
C2 CompilerThread1     1609 3332       4       org.springframework.boot.context.properties.source.SystemEnvironmentPropertyMapper::isLegacyAncestorOf (34 bytes)
C2 CompilerThread2     1609 3328       4       java.util.function.BiPredicate$$Lambda$434/0x00000008401b0040::test (14 bytes)

VM state:not at safepoint (normal execution)

VM Mutex/Monitor currently owned by a thread:  ([mutex/lock_event])
[0x00007f4b5c016910] Compile_lock - owner thread: 0x00007f4b5c1e8800

Heap address: 0x0000000708400000, size: 3964 MB, Compressed Oops mode: Zero based, Oop shift amount: 3
Narrow klass base: 0x0000000800000000, Narrow klass shift: 3
Compressed class space size: 1073741824 Address: 0x0000000840000000

Heap:
 garbage-first heap   total 256000K, used 113423K [0x0000000708400000, 0x0000000800000000)
  region size 1024K, 108 young (110592K), 9 survivors (9216K)
 Metaspace       used 31954K, capacity 33144K, committed 33328K, reserved 1077248K
  class space    used 4453K, capacity 4929K, committed 4992K, reserved 1048576K
Heap Regions: E=young(eden), S=young(survivor), O=old, HS=humongous(starts), HC=humongous(continues), CS=collection set, F=free, A=archive, TAMS=top-at-mark-start (previous, next)
|   0|0x0000000708400000, 0x0000000708500000, 0x0000000708500000|100%|HS|  |TAMS 0x0000000708500000, 0x0000000708400000| Complete 
|   1|0x0000000708500000, 0x0000000708600000, 0x0000000708600000|100%| O|  |TAMS 0x0000000708600000, 0x0000000708500000| Untracked 
|   2|0x0000000708600000, 0x0000000708700000, 0x0000000708700000|100%| O|  |TAMS 0x0000000708700000, 0x0000000708600000| Untracked 
|   3|0x0000000708700000, 0x000000070873c000, 0x0000000708800000| 23%| O|  |TAMS 0x000000070873c000, 0x0000000708700000| Untracked 
|   4|0x0000000708800000, 0x0000000708800000, 0x0000000708900000|  0%| F|  |TAMS 0x0000000708800000, 0x0000000708800000| Untracked 
|   5|0x0000000708900000, 0x0000000708900000, 0x0000000708a00000|  0%| F|  |TAMS 0x0000000708900000, 0x0000000708900000| Untracked 
|   6|0x0000000708a00000, 0x0000000708a00000, 0x0000000708b00000|  0%| F|  |TAMS 0x0000000708a00000, 0x0000000708a00000| Untracked 
|   7|0x0000000708b00000, 0x0000000708b00000, 0x0000000708c00000|  0%| F|  |TAMS 0x0000000708b00000, 0x0000000708b00000| Untracked 
|   8|0x0000000708c00000, 0x0000000708c00000, 0x0000000708d00000|  0%| F|  |TAMS 0x0000000708c00000, 0x0000000708c00000| Untracked 
|   9|0x0000000708d00000, 0x0000000708d00000, 0x0000000708e00000|  0%| F|  |TAMS 0x0000000708d00000, 0x0000000708d00000| Untracked 
|  10|0x0000000708e00000, 0x0000000708e00000, 0x0000000708f00000|  0%| F|  |TAMS 0x0000000708e00000, 0x0000000708e00000| Untracked 
|  11|0x0000000708f00000, 0x0000000708f00000, 0x0000000709000000|  0%| F|  |TAMS 0x0000000708f00000, 0x0000000708f00000| Untracked 
|  12|0x0000000709000000, 0x0000000709000000, 0x0000000709100000|  0%| F|  |TAMS 0x0000000709000000, 0x0000000709000000| Untracked 
|  13|0x0000000709100000, 0x0000000709100000, 0x0000000709200000|  0%| F|  |TAMS 0x0000000709100000, 0x0000000709100000| Untracked 
|  14|0x0000000709200000, 0x0000000709200000, 0x0000000709300000|  0%| F|  |TAMS 0x0000000709200000, 0x0000000709200000| Untracked 
|  15|0x0000000709300000, 0x0000000709300000, 0x0000000709400000|  0%| F|  |TAMS 0x0000000709300000, 0x0000000709300000| Untracked 
|  16|0x0000000709400000, 0x0000000709400000, 0x0000000709500000|  0%| F|  |TAMS 0x0000000709400000, 0x0000000709400000| Untracked 
|  17|0x0000000709500000, 0x0000000709500000, 0x0000000709600000|  0%| F|  |TAMS 0x0000000709500000, 0x0000000709500000| Untracked 
|  18|0x0000000709600000, 0x0000000709600000, 0x0000000709700000|  0%| F|  |TAMS 0x0000000709600000, 0x0000000709600000| Untracked 
|  19|0x0000000709700000, 0x0000000709700000, 0x0000000709800000|  0%| F|  |TAMS 0x0000000709700000, 0x0000000709700000| Untracked 
|  20|0x0000000709800000, 0x0000000709800000, 0x0000000709900000|  0%| F|  |TAMS 0x0000000709800000, 0x0000000709800000| Untracked 
|  21|0x0000000709900000, 0x0000000709900000, 0x0000000709a00000|  0%| F|  |TAMS 0x0000000709900000, 0x0000000709900000| Untracked 
|  22|0x0000000709a00000, 0x0000000709a00000, 0x0000000709b00000|  0%| F|  |TAMS 0x0000000709a00000, 0x0000000709a00000| Untracked 
|  23|0x0000000709b00000, 0x0000000709b00000, 0x0000000709c00000|  0%| F|  |TAMS 0x0000000709b00000, 0x0000000709b00000| Untracked 
|  24|0x0000000709c00000, 0x0000000709c00000, 0x0000000709d00000|  0%| F|  |TAMS 0x0000000709c00000, 0x0000000709c00000| Untracked 
|  25|0x0000000709d00000, 0x0000000709d00000, 0x0000000709e00000|  0%| F|  |TAMS 0x0000000709d00000, 0x0000000709d00000| Untracked 
|  26|0x0000000709e00000, 0x0000000709e00000, 0x0000000709f00000|  0%| F|  |TAMS 0x0000000709e00000, 0x0000000709e00000| Untracked 
|  27|0x0000000709f00000, 0x0000000709f00000, 0x000000070a000000|  0%| F|  |TAMS 0x0000000709f00000, 0x0000000709f00000| Untracked 
|  28|0x000000070a000000, 0x000000070a000000, 0x000000070a100000|  0%| F|  |TAMS 0x000000070a000000, 0x000000070a000000| Untracked 
|  29|0x000000070a100000, 0x000000070a100000, 0x000000070a200000|  0%| F|  |TAMS 0x000000070a100000, 0x000000070a100000| Untracked 
|  30|0x000000070a200000, 0x000000070a200000, 0x000000070a300000|  0%| F|  |TAMS 0x000000070a200000, 0x000000070a200000| Untracked 
|  31|0x000000070a300000, 0x000000070a300000, 0x000000070a400000|  0%| F|  |TAMS 0x000000070a300000, 0x000000070a300000| Untracked 
|  32|0x000000070a400000, 0x000000070a400000, 0x000000070a500000|  0%| F|  |TAMS 0x000000070a400000, 0x000000070a400000| Untracked 
|  33|0x000000070a500000, 0x000000070a500000, 0x000000070a600000|  0%| F|  |TAMS 0x000000070a500000, 0x000000070a500000| Untracked 
|  34|0x000000070a600000, 0x000000070a600000, 0x000000070a700000|  0%| F|  |TAMS 0x000000070a600000, 0x000000070a600000| Untracked 
|  35|0x000000070a700000, 0x000000070a700000, 0x000000070a800000|  0%| F|  |TAMS 0x000000070a700000, 0x000000070a700000| Untracked 
|  36|0x000000070a800000, 0x000000070a800000, 0x000000070a900000|  0%| F|  |TAMS 0x000000070a800000, 0x000000070a800000| Untracked 
|  37|0x000000070a900000, 0x000000070a900000, 0x000000070aa00000|  0%| F|  |TAMS 0x000000070a900000, 0x000000070a900000| Untracked 
|  38|0x000000070aa00000, 0x000000070aa00000, 0x000000070ab00000|  0%| F|  |TAMS 0x000000070aa00000, 0x000000070aa00000| Untracked 
|  39|0x000000070ab00000, 0x000000070ab00000, 0x000000070ac00000|  0%| F|  |TAMS 0x000000070ab00000, 0x000000070ab00000| Untracked 
|  40|0x000000070ac00000, 0x000000070ac00000, 0x000000070ad00000|  0%| F|  |TAMS 0x000000070ac00000, 0x000000070ac00000| Untracked 
|  41|0x000000070ad00000, 0x000000070ad00000, 0x000000070ae00000|  0%| F|  |TAMS 0x000000070ad00000, 0x000000070ad00000| Untracked 
|  42|0x000000070ae00000, 0x000000070ae00000, 0x000000070af00000|  0%| F|  |TAMS 0x000000070ae00000, 0x000000070ae00000| Untracked 
|  43|0x000000070af00000, 0x000000070af00000, 0x000000070b000000|  0%| F|  |TAMS 0x000000070af00000, 0x000000070af00000| Untracked 
|  44|0x000000070b000000, 0x000000070b000000, 0x000000070b100000|  0%| F|  |TAMS 0x000000070b000000, 0x000000070b000000| Untracked 
|  45|0x000000070b100000, 0x000000070b100000, 0x000000070b200000|  0%| F|  |TAMS 0x000000070b100000, 0x000000070b100000| Untracked 
|  46|0x000000070b200000, 0x000000070b200000, 0x000000070b300000|  0%| F|  |TAMS 0x000000070b200000, 0x000000070b200000| Untracked 
|  47|0x000000070b300000, 0x000000070b300000, 0x000000070b400000|  0%| F|  |TAMS 0x000000070b300000, 0x000000070b300000| Untracked 
|  48|0x000000070b400000, 0x000000070b400000, 0x000000070b500000|  0%| F|  |TAMS 0x000000070b400000, 0x000000070b400000| Untracked 
|  49|0x000000070b500000, 0x000000070b500000, 0x000000070b600000|  0%| F|  |TAMS 0x000000070b500000, 0x000000070b500000| Untracked 
|  50|0x000000070b600000, 0x000000070b600000, 0x000000070b700000|  0%| F|  |TAMS 0x000000070b600000, 0x000000070b600000| Untracked 
|  51|0x000000070b700000, 0x000000070b700000, 0x000000070b800000|  0%| F|  |TAMS 0x000000070b700000, 0x000000070b700000| Untracked 
|  52|0x000000070b800000, 0x000000070b800000, 0x000000070b900000|  0%| F|  |TAMS 0x000000070b800000, 0x000000070b800000| Untracked 
|  53|0x000000070b900000, 0x000000070b900000, 0x000000070ba00000|  0%| F|  |TAMS 0x000000070b900000, 0x000000070b900000| Untracked 
|  54|0x000000070ba00000, 0x000000070ba00000, 0x000000070bb00000|  0%| F|  |TAMS 0x000000070ba00000, 0x000000070ba00000| Untracked 
|  55|0x000000070bb00000, 0x000000070bb00000, 0x000000070bc00000|  0%| F|  |TAMS 0x000000070bb00000, 0x000000070bb00000| Untracked 
|  56|0x000000070bc00000, 0x000000070bc00000, 0x000000070bd00000|  0%| F|  |TAMS 0x000000070bc00000, 0x000000070bc00000| Untracked 
|  57|0x000000070bd00000, 0x000000070bd00000, 0x000000070be00000|  0%| F|  |TAMS 0x000000070bd00000, 0x000000070bd00000| Untracked 
|  58|0x000000070be00000, 0x000000070be00000, 0x000000070bf00000|  0%| F|  |TAMS 0x000000070be00000, 0x000000070be00000| Untracked 
|  59|0x000000070bf00000, 0x000000070bf00000, 0x000000070c000000|  0%| F|  |TAMS 0x000000070bf00000, 0x000000070bf00000| Untracked 
|  60|0x000000070c000000, 0x000000070c000000, 0x000000070c100000|  0%| F|  |TAMS 0x000000070c000000, 0x000000070c000000| Untracked 
|  61|0x000000070c100000, 0x000000070c100000, 0x000000070c200000|  0%| F|  |TAMS 0x000000070c100000, 0x000000070c100000| Untracked 
|  62|0x000000070c200000, 0x000000070c200000, 0x000000070c300000|  0%| F|  |TAMS 0x000000070c200000, 0x000000070c200000| Untracked 
|  63|0x000000070c300000, 0x000000070c300000, 0x000000070c400000|  0%| F|  |TAMS 0x000000070c300000, 0x000000070c300000| Untracked 
|  64|0x000000070c400000, 0x000000070c400000, 0x000000070c500000|  0%| F|  |TAMS 0x000000070c400000, 0x000000070c400000| Untracked 
|  65|0x000000070c500000, 0x000000070c500000, 0x000000070c600000|  0%| F|  |TAMS 0x000000070c500000, 0x000000070c500000| Untracked 
|  66|0x000000070c600000, 0x000000070c600000, 0x000000070c700000|  0%| F|  |TAMS 0x000000070c600000, 0x000000070c600000| Untracked 
|  67|0x000000070c700000, 0x000000070c700000, 0x000000070c800000|  0%| F|  |TAMS 0x000000070c700000, 0x000000070c700000| Untracked 
|  68|0x000000070c800000, 0x000000070c800000, 0x000000070c900000|  0%| F|  |TAMS 0x000000070c800000, 0x000000070c800000| Untracked 
|  69|0x000000070c900000, 0x000000070c900000, 0x000000070ca00000|  0%| F|  |TAMS 0x000000070c900000, 0x000000070c900000| Untracked 
|  70|0x000000070ca00000, 0x000000070ca00000, 0x000000070cb00000|  0%| F|  |TAMS 0x000000070ca00000, 0x000000070ca00000| Untracked 
|  71|0x000000070cb00000, 0x000000070cb00000, 0x000000070cc00000|  0%| F|  |TAMS 0x000000070cb00000, 0x000000070cb00000| Untracked 
|  72|0x000000070cc00000, 0x000000070cc00000, 0x000000070cd00000|  0%| F|  |TAMS 0x000000070cc00000, 0x000000070cc00000| Untracked 
|  73|0x000000070cd00000, 0x000000070cd00000, 0x000000070ce00000|  0%| F|  |TAMS 0x000000070cd00000, 0x000000070cd00000| Untracked 
|  74|0x000000070ce00000, 0x000000070ce00000, 0x000000070cf00000|  0%| F|  |TAMS 0x000000070ce00000, 0x000000070ce00000| Untracked 
|  75|0x000000070cf00000, 0x000000070cf00000, 0x000000070d000000|  0%| F|  |TAMS 0x000000070cf00000, 0x000000070cf00000| Untracked 
|  76|0x000000070d000000, 0x000000070d000000, 0x000000070d100000|  0%| F|  |TAMS 0x000000070d000000, 0x000000070d000000| Untracked 
|  77|0x000000070d100000, 0x000000070d100000, 0x000000070d200000|  0%| F|  |TAMS 0x000000070d100000, 0x000000070d100000| Untracked 
|  78|0x000000070d200000, 0x000000070d200000, 0x000000070d300000|  0%| F|  |TAMS 0x000000070d200000, 0x000000070d200000| Untracked 
|  79|0x000000070d300000, 0x000000070d300000, 0x000000070d400000|  0%| F|  |TAMS 0x000000070d300000, 0x000000070d300000| Untracked 
|  80|0x000000070d400000, 0x000000070d400000, 0x000000070d500000|  0%| F|  |TAMS 0x000000070d400000, 0x000000070d400000| Untracked 
|  81|0x000000070d500000, 0x000000070d500000, 0x000000070d600000|  0%| F|  |TAMS 0x000000070d500000, 0x000000070d500000| Untracked 
|  82|0x000000070d600000, 0x000000070d600000, 0x000000070d700000|  0%| F|  |TAMS 0x000000070d600000, 0x000000070d600000| Untracked 
|  83|0x000000070d700000, 0x000000070d700000, 0x000000070d800000|  0%| F|  |TAMS 0x000000070d700000, 0x000000070d700000| Untracked 
|  84|0x000000070d800000, 0x000000070d800000, 0x000000070d900000|  0%| F|  |TAMS 0x000000070d800000, 0x000000070d800000| Untracked 
|  85|0x000000070d900000, 0x000000070d900000, 0x000000070da00000|  0%| F|  |TAMS 0x000000070d900000, 0x000000070d900000| Untracked 
|  86|0x000000070da00000, 0x000000070da00000, 0x000000070db00000|  0%| F|  |TAMS 0x000000070da00000, 0x000000070da00000| Untracked 
|  87|0x000000070db00000, 0x000000070db00000, 0x000000070dc00000|  0%| F|  |TAMS 0x000000070db00000, 0x000000070db00000| Untracked 
|  88|0x000000070dc00000, 0x000000070dc00000, 0x000000070dd00000|  0%| F|  |TAMS 0x000000070dc00000, 0x000000070dc00000| Untracked 
|  89|0x000000070dd00000, 0x000000070dd00000, 0x000000070de00000|  0%| F|  |TAMS 0x000000070dd00000, 0x000000070dd00000| Untracked 
|  90|0x000000070de00000, 0x000000070de00000, 0x000000070df00000|  0%| F|  |TAMS 0x000000070de00000, 0x000000070de00000| Untracked 
|  91|0x000000070df00000, 0x000000070df00000, 0x000000070e000000|  0%| F|  |TAMS 0x000000070df00000, 0x000000070df00000| Untracked 
|  92|0x000000070e000000, 0x000000070e000000, 0x000000070e100000|  0%| F|  |TAMS 0x000000070e000000, 0x000000070e000000| Untracked 
|  93|0x000000070e100000, 0x000000070e100000, 0x000000070e200000|  0%| F|  |TAMS 0x000000070e100000, 0x000000070e100000| Untracked 
|  94|0x000000070e200000, 0x000000070e200000, 0x000000070e300000|  0%| F|  |TAMS 0x000000070e200000, 0x000000070e200000| Untracked 
|  95|0x000000070e300000, 0x000000070e300000, 0x000000070e400000|  0%| F|  |TAMS 0x000000070e300000, 0x000000070e300000| Untracked 
|  96|0x000000070e400000, 0x000000070e400000, 0x000000070e500000|  0%| F|  |TAMS 0x000000070e400000, 0x000000070e400000| Untracked 
|  97|0x000000070e500000, 0x000000070e500000, 0x000000070e600000|  0%| F|  |TAMS 0x000000070e500000, 0x000000070e500000| Untracked 
|  98|0x000000070e600000, 0x000000070e600000, 0x000000070e700000|  0%| F|  |TAMS 0x000000070e600000, 0x000000070e600000| Untracked 
|  99|0x000000070e700000, 0x000000070e700000, 0x000000070e800000|  0%| F|  |TAMS 0x000000070e700000, 0x000000070e700000| Untracked 
| 100|0x000000070e800000, 0x000000070e800000, 0x000000070e900000|  0%| F|  |TAMS 0x000000070e800000, 0x000000070e800000| Untracked 
| 101|0x000000070e900000, 0x000000070e9d5de0, 0x000000070ea00000| 83%| S|CS|TAMS 0x000000070e900000, 0x000000070e900000| Complete 
| 102|0x000000070ea00000, 0x000000070eb00000, 0x000000070eb00000|100%| S|CS|TAMS 0x000000070ea00000, 0x000000070ea00000| Complete 
| 103|0x000000070eb00000, 0x000000070ec00000, 0x000000070ec00000|100%| S|CS|TAMS 0x000000070eb00000, 0x000000070eb00000| Complete 
| 104|0x000000070ec00000, 0x000000070ed00000, 0x000000070ed00000|100%| S|CS|TAMS 0x000000070ec00000, 0x000000070ec00000| Complete 
| 105|0x000000070ed00000, 0x000000070ee00000, 0x000000070ee00000|100%| S|CS|TAMS 0x000000070ed00000, 0x000000070ed00000| Complete 
| 106|0x000000070ee00000, 0x000000070ef00000, 0x000000070ef00000|100%| S|CS|TAMS 0x000000070ee00000, 0x000000070ee00000| Complete 
| 107|0x000000070ef00000, 0x000000070f000000, 0x000000070f000000|100%| S|CS|TAMS 0x000000070ef00000, 0x000000070ef00000| Complete 
| 108|0x000000070f000000, 0x000000070f100000, 0x000000070f100000|100%| S|CS|TAMS 0x000000070f000000, 0x000000070f000000| Complete 
| 109|0x000000070f100000, 0x000000070f200000, 0x000000070f200000|100%| S|CS|TAMS 0x000000070f100000, 0x000000070f100000| Complete 
| 110|0x000000070f200000, 0x000000070f200000, 0x000000070f300000|  0%| F|  |TAMS 0x000000070f200000, 0x000000070f200000| Untracked 
| 111|0x000000070f300000, 0x000000070f300000, 0x000000070f400000|  0%| F|  |TAMS 0x000000070f300000, 0x000000070f300000| Untracked 
| 112|0x000000070f400000, 0x000000070f400000, 0x000000070f500000|  0%| F|  |TAMS 0x000000070f400000, 0x000000070f400000| Untracked 
| 113|0x000000070f500000, 0x000000070f500000, 0x000000070f600000|  0%| F|  |TAMS 0x000000070f500000, 0x000000070f500000| Untracked 
| 114|0x000000070f600000, 0x000000070f600000, 0x000000070f700000|  0%| F|  |TAMS 0x000000070f600000, 0x000000070f600000| Untracked 
| 115|0x000000070f700000, 0x000000070f700000, 0x000000070f800000|  0%| F|  |TAMS 0x000000070f700000, 0x000000070f700000| Untracked 
| 116|0x000000070f800000, 0x000000070f800000, 0x000000070f900000|  0%| F|  |TAMS 0x000000070f800000, 0x000000070f800000| Untracked 
| 117|0x000000070f900000, 0x000000070f900000, 0x000000070fa00000|  0%| F|  |TAMS 0x000000070f900000, 0x000000070f900000| Untracked 
| 118|0x000000070fa00000, 0x000000070fa00000, 0x000000070fb00000|  0%| F|  |TAMS 0x000000070fa00000, 0x000000070fa00000| Untracked 
| 119|0x000000070fb00000, 0x000000070fb00000, 0x000000070fc00000|  0%| F|  |TAMS 0x000000070fb00000, 0x000000070fb00000| Untracked 
| 120|0x000000070fc00000, 0x000000070fc00000, 0x000000070fd00000|  0%| F|  |TAMS 0x000000070fc00000, 0x000000070fc00000| Untracked 
| 121|0x000000070fd00000, 0x000000070fd00000, 0x000000070fe00000|  0%| F|  |TAMS 0x000000070fd00000, 0x000000070fd00000| Untracked 
| 122|0x000000070fe00000, 0x000000070fe00000, 0x000000070ff00000|  0%| F|  |TAMS 0x000000070fe00000, 0x000000070fe00000| Untracked 
| 123|0x000000070ff00000, 0x000000070ff00000, 0x0000000710000000|  0%| F|  |TAMS 0x000000070ff00000, 0x000000070ff00000| Untracked 
| 124|0x0000000710000000, 0x0000000710000000, 0x0000000710100000|  0%| F|  |TAMS 0x0000000710000000, 0x0000000710000000| Untracked 
| 125|0x0000000710100000, 0x0000000710100000, 0x0000000710200000|  0%| F|  |TAMS 0x0000000710100000, 0x0000000710100000| Untracked 
| 126|0x0000000710200000, 0x0000000710200000, 0x0000000710300000|  0%| F|  |TAMS 0x0000000710200000, 0x0000000710200000| Untracked 
| 127|0x0000000710300000, 0x0000000710300000, 0x0000000710400000|  0%| F|  |TAMS 0x0000000710300000, 0x0000000710300000| Untracked 
| 128|0x0000000710400000, 0x0000000710400000, 0x0000000710500000|  0%| F|  |TAMS 0x0000000710400000, 0x0000000710400000| Untracked 
| 129|0x0000000710500000, 0x0000000710500000, 0x0000000710600000|  0%| F|  |TAMS 0x0000000710500000, 0x0000000710500000| Untracked 
| 130|0x0000000710600000, 0x0000000710600000, 0x0000000710700000|  0%| F|  |TAMS 0x0000000710600000, 0x0000000710600000| Untracked 
| 131|0x0000000710700000, 0x0000000710700000, 0x0000000710800000|  0%| F|  |TAMS 0x0000000710700000, 0x0000000710700000| Untracked 
| 132|0x0000000710800000, 0x0000000710800000, 0x0000000710900000|  0%| F|  |TAMS 0x0000000710800000, 0x0000000710800000| Untracked 
| 133|0x0000000710900000, 0x0000000710900000, 0x0000000710a00000|  0%| F|  |TAMS 0x0000000710900000, 0x0000000710900000| Untracked 
| 134|0x0000000710a00000, 0x0000000710a00000, 0x0000000710b00000|  0%| F|  |TAMS 0x0000000710a00000, 0x0000000710a00000| Untracked 
| 135|0x0000000710b00000, 0x0000000710b00000, 0x0000000710c00000|  0%| F|  |TAMS 0x0000000710b00000, 0x0000000710b00000| Untracked 
| 136|0x0000000710c00000, 0x0000000710c00000, 0x0000000710d00000|  0%| F|  |TAMS 0x0000000710c00000, 0x0000000710c00000| Untracked 
| 137|0x0000000710d00000, 0x0000000710d00000, 0x0000000710e00000|  0%| F|  |TAMS 0x0000000710d00000, 0x0000000710d00000| Untracked 
| 138|0x0000000710e00000, 0x0000000710e00000, 0x0000000710f00000|  0%| F|  |TAMS 0x0000000710e00000, 0x0000000710e00000| Untracked 
| 139|0x0000000710f00000, 0x0000000710f00000, 0x0000000711000000|  0%| F|  |TAMS 0x0000000710f00000, 0x0000000710f00000| Untracked 
| 140|0x0000000711000000, 0x0000000711000000, 0x0000000711100000|  0%| F|  |TAMS 0x0000000711000000, 0x0000000711000000| Untracked 
| 141|0x0000000711100000, 0x0000000711100000, 0x0000000711200000|  0%| F|  |TAMS 0x0000000711100000, 0x0000000711100000| Untracked 
| 142|0x0000000711200000, 0x0000000711200000, 0x0000000711300000|  0%| F|  |TAMS 0x0000000711200000, 0x0000000711200000| Untracked 
| 143|0x0000000711300000, 0x0000000711300000, 0x0000000711400000|  0%| F|  |TAMS 0x0000000711300000, 0x0000000711300000| Untracked 
| 144|0x0000000711400000, 0x0000000711400000, 0x0000000711500000|  0%| F|  |TAMS 0x0000000711400000, 0x0000000711400000| Untracked 
| 145|0x0000000711500000, 0x0000000711500000, 0x0000000711600000|  0%| F|  |TAMS 0x0000000711500000, 0x0000000711500000| Untracked 
| 146|0x0000000711600000, 0x0000000711600000, 0x0000000711700000|  0%| F|  |TAMS 0x0000000711600000, 0x0000000711600000| Untracked 
| 147|0x0000000711700000, 0x0000000711700000, 0x0000000711800000|  0%| F|  |TAMS 0x0000000711700000, 0x0000000711700000| Untracked 
| 148|0x0000000711800000, 0x0000000711800000, 0x0000000711900000|  0%| F|  |TAMS 0x0000000711800000, 0x0000000711800000| Untracked 
| 149|0x0000000711900000, 0x0000000711a00000, 0x0000000711a00000|100%| E|  |TAMS 0x0000000711900000, 0x0000000711900000| Complete 
| 150|0x0000000711a00000, 0x0000000711b00000, 0x0000000711b00000|100%| E|CS|TAMS 0x0000000711a00000, 0x0000000711a00000| Complete 
| 151|0x0000000711b00000, 0x0000000711c00000, 0x0000000711c00000|100%| E|CS|TAMS 0x0000000711b00000, 0x0000000711b00000| Complete 
| 152|0x0000000711c00000, 0x0000000711d00000, 0x0000000711d00000|100%| E|CS|TAMS 0x0000000711c00000, 0x0000000711c00000| Complete 
| 153|0x0000000711d00000, 0x0000000711e00000, 0x0000000711e00000|100%| E|CS|TAMS 0x0000000711d00000, 0x0000000711d00000| Complete 
| 154|0x0000000711e00000, 0x0000000711f00000, 0x0000000711f00000|100%| E|CS|TAMS 0x0000000711e00000, 0x0000000711e00000| Complete 
| 155|0x0000000711f00000, 0x0000000712000000, 0x0000000712000000|100%| E|CS|TAMS 0x0000000711f00000, 0x0000000711f00000| Complete 
| 156|0x0000000712000000, 0x0000000712100000, 0x0000000712100000|100%| E|CS|TAMS 0x0000000712000000, 0x0000000712000000| Complete 
| 157|0x0000000712100000, 0x0000000712200000, 0x0000000712200000|100%| E|CS|TAMS 0x0000000712100000, 0x0000000712100000| Complete 
| 158|0x0000000712200000, 0x0000000712300000, 0x0000000712300000|100%| E|CS|TAMS 0x0000000712200000, 0x0000000712200000| Complete 
| 159|0x0000000712300000, 0x0000000712400000, 0x0000000712400000|100%| E|CS|TAMS 0x0000000712300000, 0x0000000712300000| Complete 
| 160|0x0000000712400000, 0x0000000712500000, 0x0000000712500000|100%| E|CS|TAMS 0x0000000712400000, 0x0000000712400000| Complete 
| 161|0x0000000712500000, 0x0000000712600000, 0x0000000712600000|100%| E|CS|TAMS 0x0000000712500000, 0x0000000712500000| Complete 
| 162|0x0000000712600000, 0x0000000712700000, 0x0000000712700000|100%| E|CS|TAMS 0x0000000712600000, 0x0000000712600000| Complete 
| 163|0x0000000712700000, 0x0000000712800000, 0x0000000712800000|100%| E|CS|TAMS 0x0000000712700000, 0x0000000712700000| Complete 
| 164|0x0000000712800000, 0x0000000712900000, 0x0000000712900000|100%| E|CS|TAMS 0x0000000712800000, 0x0000000712800000| Complete 
| 165|0x0000000712900000, 0x0000000712a00000, 0x0000000712a00000|100%| E|CS|TAMS 0x0000000712900000, 0x0000000712900000| Complete 
| 166|0x0000000712a00000, 0x0000000712b00000, 0x0000000712b00000|100%| E|CS|TAMS 0x0000000712a00000, 0x0000000712a00000| Complete 
| 167|0x0000000712b00000, 0x0000000712c00000, 0x0000000712c00000|100%| E|CS|TAMS 0x0000000712b00000, 0x0000000712b00000| Complete 
| 168|0x0000000712c00000, 0x0000000712d00000, 0x0000000712d00000|100%| E|CS|TAMS 0x0000000712c00000, 0x0000000712c00000| Complete 
| 169|0x0000000712d00000, 0x0000000712e00000, 0x0000000712e00000|100%| E|CS|TAMS 0x0000000712d00000, 0x0000000712d00000| Complete 
| 170|0x0000000712e00000, 0x0000000712f00000, 0x0000000712f00000|100%| E|CS|TAMS 0x0000000712e00000, 0x0000000712e00000| Complete 
| 171|0x0000000712f00000, 0x0000000713000000, 0x0000000713000000|100%| E|CS|TAMS 0x0000000712f00000, 0x0000000712f00000| Complete 
| 172|0x0000000713000000, 0x0000000713100000, 0x0000000713100000|100%| E|CS|TAMS 0x0000000713000000, 0x0000000713000000| Complete 
| 173|0x0000000713100000, 0x0000000713200000, 0x0000000713200000|100%| E|CS|TAMS 0x0000000713100000, 0x0000000713100000| Complete 
| 174|0x0000000713200000, 0x0000000713300000, 0x0000000713300000|100%| E|CS|TAMS 0x0000000713200000, 0x0000000713200000| Complete 
| 175|0x0000000713300000, 0x0000000713400000, 0x0000000713400000|100%| E|CS|TAMS 0x0000000713300000, 0x0000000713300000| Complete 
| 176|0x0000000713400000, 0x0000000713500000, 0x0000000713500000|100%| E|CS|TAMS 0x0000000713400000, 0x0000000713400000| Complete 
| 177|0x0000000713500000, 0x0000000713600000, 0x0000000713600000|100%| E|CS|TAMS 0x0000000713500000, 0x0000000713500000| Complete 
| 178|0x0000000713600000, 0x0000000713700000, 0x0000000713700000|100%| E|CS|TAMS 0x0000000713600000, 0x0000000713600000| Complete 
| 179|0x0000000713700000, 0x0000000713800000, 0x0000000713800000|100%| E|CS|TAMS 0x0000000713700000, 0x0000000713700000| Complete 
| 180|0x0000000713800000, 0x0000000713900000, 0x0000000713900000|100%| E|CS|TAMS 0x0000000713800000, 0x0000000713800000| Complete 
| 181|0x0000000713900000, 0x0000000713a00000, 0x0000000713a00000|100%| E|CS|TAMS 0x0000000713900000, 0x0000000713900000| Complete 
| 182|0x0000000713a00000, 0x0000000713b00000, 0x0000000713b00000|100%| E|CS|TAMS 0x0000000713a00000, 0x0000000713a00000| Complete 
| 183|0x0000000713b00000, 0x0000000713c00000, 0x0000000713c00000|100%| E|CS|TAMS 0x0000000713b00000, 0x0000000713b00000| Complete 
| 184|0x0000000713c00000, 0x0000000713d00000, 0x0000000713d00000|100%| E|CS|TAMS 0x0000000713c00000, 0x0000000713c00000| Complete 
| 185|0x0000000713d00000, 0x0000000713e00000, 0x0000000713e00000|100%| E|CS|TAMS 0x0000000713d00000, 0x0000000713d00000| Complete 
| 186|0x0000000713e00000, 0x0000000713f00000, 0x0000000713f00000|100%| E|CS|TAMS 0x0000000713e00000, 0x0000000713e00000| Complete 
| 187|0x0000000713f00000, 0x0000000714000000, 0x0000000714000000|100%| E|CS|TAMS 0x0000000713f00000, 0x0000000713f00000| Complete 
| 188|0x0000000714000000, 0x0000000714100000, 0x0000000714100000|100%| E|CS|TAMS 0x0000000714000000, 0x0000000714000000| Complete 
| 189|0x0000000714100000, 0x0000000714200000, 0x0000000714200000|100%| E|CS|TAMS 0x0000000714100000, 0x0000000714100000| Complete 
| 190|0x0000000714200000, 0x0000000714300000, 0x0000000714300000|100%| E|CS|TAMS 0x0000000714200000, 0x0000000714200000| Complete 
| 191|0x0000000714300000, 0x0000000714400000, 0x0000000714400000|100%| E|CS|TAMS 0x0000000714300000, 0x0000000714300000| Complete 
| 192|0x0000000714400000, 0x0000000714500000, 0x0000000714500000|100%| E|CS|TAMS 0x0000000714400000, 0x0000000714400000| Complete 
| 193|0x0000000714500000, 0x0000000714600000, 0x0000000714600000|100%| E|CS|TAMS 0x0000000714500000, 0x0000000714500000| Complete 
| 194|0x0000000714600000, 0x0000000714700000, 0x0000000714700000|100%| E|CS|TAMS 0x0000000714600000, 0x0000000714600000| Complete 
| 195|0x0000000714700000, 0x0000000714800000, 0x0000000714800000|100%| E|CS|TAMS 0x0000000714700000, 0x0000000714700000| Complete 
| 196|0x0000000714800000, 0x0000000714900000, 0x0000000714900000|100%| E|CS|TAMS 0x0000000714800000, 0x0000000714800000| Complete 
| 197|0x0000000714900000, 0x0000000714a00000, 0x0000000714a00000|100%| E|CS|TAMS 0x0000000714900000, 0x0000000714900000| Complete 
| 198|0x0000000714a00000, 0x0000000714b00000, 0x0000000714b00000|100%| E|CS|TAMS 0x0000000714a00000, 0x0000000714a00000| Complete 
| 199|0x0000000714b00000, 0x0000000714c00000, 0x0000000714c00000|100%| E|CS|TAMS 0x0000000714b00000, 0x0000000714b00000| Complete 
| 200|0x0000000714c00000, 0x0000000714d00000, 0x0000000714d00000|100%| E|CS|TAMS 0x0000000714c00000, 0x0000000714c00000| Complete 
| 201|0x0000000714d00000, 0x0000000714e00000, 0x0000000714e00000|100%| E|CS|TAMS 0x0000000714d00000, 0x0000000714d00000| Complete 
| 202|0x0000000714e00000, 0x0000000714f00000, 0x0000000714f00000|100%| E|CS|TAMS 0x0000000714e00000, 0x0000000714e00000| Complete 
| 203|0x0000000714f00000, 0x0000000715000000, 0x0000000715000000|100%| E|CS|TAMS 0x0000000714f00000, 0x0000000714f00000| Complete 
| 204|0x0000000715000000, 0x0000000715100000, 0x0000000715100000|100%| E|CS|TAMS 0x0000000715000000, 0x0000000715000000| Complete 
| 205|0x0000000715100000, 0x0000000715200000, 0x0000000715200000|100%| E|CS|TAMS 0x0000000715100000, 0x0000000715100000| Complete 
| 206|0x0000000715200000, 0x0000000715300000, 0x0000000715300000|100%| E|CS|TAMS 0x0000000715200000, 0x0000000715200000| Complete 
| 207|0x0000000715300000, 0x0000000715400000, 0x0000000715400000|100%| E|CS|TAMS 0x0000000715300000, 0x0000000715300000| Complete 
| 208|0x0000000715400000, 0x0000000715500000, 0x0000000715500000|100%| E|CS|TAMS 0x0000000715400000, 0x0000000715400000| Complete 
| 209|0x0000000715500000, 0x0000000715600000, 0x0000000715600000|100%| E|CS|TAMS 0x0000000715500000, 0x0000000715500000| Complete 
| 210|0x0000000715600000, 0x0000000715700000, 0x0000000715700000|100%| E|CS|TAMS 0x0000000715600000, 0x0000000715600000| Complete 
| 211|0x0000000715700000, 0x0000000715800000, 0x0000000715800000|100%| E|CS|TAMS 0x0000000715700000, 0x0000000715700000| Complete 
| 212|0x0000000715800000, 0x0000000715900000, 0x0000000715900000|100%| E|CS|TAMS 0x0000000715800000, 0x0000000715800000| Complete 
| 213|0x0000000715900000, 0x0000000715a00000, 0x0000000715a00000|100%| E|CS|TAMS 0x0000000715900000, 0x0000000715900000| Complete 
| 214|0x0000000715a00000, 0x0000000715b00000, 0x0000000715b00000|100%| E|CS|TAMS 0x0000000715a00000, 0x0000000715a00000| Complete 
| 215|0x0000000715b00000, 0x0000000715c00000, 0x0000000715c00000|100%| E|CS|TAMS 0x0000000715b00000, 0x0000000715b00000| Complete 
| 216|0x0000000715c00000, 0x0000000715d00000, 0x0000000715d00000|100%| E|CS|TAMS 0x0000000715c00000, 0x0000000715c00000| Complete 
| 217|0x0000000715d00000, 0x0000000715e00000, 0x0000000715e00000|100%| E|CS|TAMS 0x0000000715d00000, 0x0000000715d00000| Complete 
| 218|0x0000000715e00000, 0x0000000715f00000, 0x0000000715f00000|100%| E|CS|TAMS 0x0000000715e00000, 0x0000000715e00000| Complete 
| 219|0x0000000715f00000, 0x0000000716000000, 0x0000000716000000|100%| E|CS|TAMS 0x0000000715f00000, 0x0000000715f00000| Complete 
| 220|0x0000000716000000, 0x0000000716100000, 0x0000000716100000|100%| E|CS|TAMS 0x0000000716000000, 0x0000000716000000| Complete 
| 221|0x0000000716100000, 0x0000000716200000, 0x0000000716200000|100%| E|CS|TAMS 0x0000000716100000, 0x0000000716100000| Complete 
| 222|0x0000000716200000, 0x0000000716300000, 0x0000000716300000|100%| E|CS|TAMS 0x0000000716200000, 0x0000000716200000| Complete 
| 223|0x0000000716300000, 0x0000000716400000, 0x0000000716400000|100%| E|CS|TAMS 0x0000000716300000, 0x0000000716300000| Complete 
| 224|0x0000000716400000, 0x0000000716500000, 0x0000000716500000|100%| E|CS|TAMS 0x0000000716400000, 0x0000000716400000| Complete 
| 225|0x0000000716500000, 0x0000000716600000, 0x0000000716600000|100%| E|CS|TAMS 0x0000000716500000, 0x0000000716500000| Complete 
| 226|0x0000000716600000, 0x0000000716700000, 0x0000000716700000|100%| E|CS|TAMS 0x0000000716600000, 0x0000000716600000| Complete 
| 227|0x0000000716700000, 0x0000000716800000, 0x0000000716800000|100%| E|CS|TAMS 0x0000000716700000, 0x0000000716700000| Complete 
| 228|0x0000000716800000, 0x0000000716900000, 0x0000000716900000|100%| E|CS|TAMS 0x0000000716800000, 0x0000000716800000| Complete 
| 229|0x0000000716900000, 0x0000000716a00000, 0x0000000716a00000|100%| E|CS|TAMS 0x0000000716900000, 0x0000000716900000| Complete 
| 230|0x0000000716a00000, 0x0000000716b00000, 0x0000000716b00000|100%| E|CS|TAMS 0x0000000716a00000, 0x0000000716a00000| Complete 
| 231|0x0000000716b00000, 0x0000000716c00000, 0x0000000716c00000|100%| E|CS|TAMS 0x0000000716b00000, 0x0000000716b00000| Complete 
| 232|0x0000000716c00000, 0x0000000716d00000, 0x0000000716d00000|100%| E|CS|TAMS 0x0000000716c00000, 0x0000000716c00000| Complete 
| 233|0x0000000716d00000, 0x0000000716e00000, 0x0000000716e00000|100%| E|CS|TAMS 0x0000000716d00000, 0x0000000716d00000| Complete 
| 234|0x0000000716e00000, 0x0000000716f00000, 0x0000000716f00000|100%| E|CS|TAMS 0x0000000716e00000, 0x0000000716e00000| Complete 
| 235|0x0000000716f00000, 0x0000000717000000, 0x0000000717000000|100%| E|CS|TAMS 0x0000000716f00000, 0x0000000716f00000| Complete 
| 236|0x0000000717000000, 0x0000000717100000, 0x0000000717100000|100%| E|CS|TAMS 0x0000000717000000, 0x0000000717000000| Complete 
| 237|0x0000000717100000, 0x0000000717200000, 0x0000000717200000|100%| E|CS|TAMS 0x0000000717100000, 0x0000000717100000| Complete 
| 238|0x0000000717200000, 0x0000000717300000, 0x0000000717300000|100%| E|CS|TAMS 0x0000000717200000, 0x0000000717200000| Complete 
| 239|0x0000000717300000, 0x0000000717400000, 0x0000000717400000|100%| E|CS|TAMS 0x0000000717300000, 0x0000000717300000| Complete 
| 240|0x0000000717400000, 0x0000000717500000, 0x0000000717500000|100%| E|CS|TAMS 0x0000000717400000, 0x0000000717400000| Complete 
| 241|0x0000000717500000, 0x0000000717600000, 0x0000000717600000|100%| E|CS|TAMS 0x0000000717500000, 0x0000000717500000| Complete 
| 242|0x0000000717600000, 0x0000000717700000, 0x0000000717700000|100%| E|CS|TAMS 0x0000000717600000, 0x0000000717600000| Complete 
| 243|0x0000000717700000, 0x0000000717800000, 0x0000000717800000|100%| E|CS|TAMS 0x0000000717700000, 0x0000000717700000| Complete 
| 244|0x0000000717800000, 0x0000000717900000, 0x0000000717900000|100%| E|CS|TAMS 0x0000000717800000, 0x0000000717800000| Complete 
| 245|0x0000000717900000, 0x0000000717a00000, 0x0000000717a00000|100%| E|CS|TAMS 0x0000000717900000, 0x0000000717900000| Complete 
| 246|0x0000000717a00000, 0x0000000717b00000, 0x0000000717b00000|100%| E|CS|TAMS 0x0000000717a00000, 0x0000000717a00000| Complete 
| 247|0x0000000717b00000, 0x0000000717c00000, 0x0000000717c00000|100%| E|CS|TAMS 0x0000000717b00000, 0x0000000717b00000| Complete 
|2938|0x00000007bfe00000, 0x00000007bfe47000, 0x00000007bff00000| 27%|OA|  |TAMS 0x00000007bfe47000, 0x00000007bfe00000| Untracked 
|2939|0x00000007bff00000, 0x00000007bff6b000, 0x00000007c0000000| 41%|CA|  |TAMS 0x00000007bff6b000, 0x00000007bff00000| Untracked 

Card table byte_map: [0x00007f4b3f084000,0x00007f4b3f842000] _byte_map_base: 0x00007f4b3b842000

Marking Bits (Prev, Next): (CMBitMap*) 0x00007f4b5c080390, (CMBitMap*) 0x00007f4b5c080358
 Prev Bits: [0x00007f4b36ce6000, 0x00007f4b3aad6000)
 Next Bits: [0x00007f4b3aad6000, 0x00007f4b3e8c6000)

Polling page: 0x00007f4b60a7f000

Metaspace:

Usage:
  Non-class:     27,55 MB capacity,    26,86 MB ( 97%) used,   578,94 KB (  2%) free+waste,   135,19 KB ( <1%) overhead. 
      Class:      4,81 MB capacity,     4,35 MB ( 90%) used,   407,16 KB (  8%) free+waste,    68,38 KB (  1%) overhead. 
       Both:     32,37 MB capacity,    31,21 MB ( 96%) used,   986,10 KB (  3%) free+waste,   203,56 KB ( <1%) overhead. 

Virtual space:
  Non-class space:       28,00 MB reserved,      27,67 MB ( 99%) committed 
      Class space:        1,00 GB reserved,       4,88 MB ( <1%) committed 
             Both:        1,03 GB reserved,      32,55 MB (  3%) committed 

Chunk freelists:
   Non-Class:  13,00 KB
       Class:  0 bytes
        Both:  13,00 KB

MaxMetaspaceSize: unlimited
CompressedClassSpaceSize: 1,00 GB
Initial GC threshold: 20,80 MB
Current GC threshold: 35,08 MB
CDS: on

CodeHeap 'non-profiled nmethods': size=120032Kb used=1644Kb max_used=1644Kb free=118387Kb
 bounds [0x00007f4b4c2e6000, 0x00007f4b4c556000, 0x00007f4b5381e000]
CodeHeap 'profiled nmethods': size=120028Kb used=7515Kb max_used=7515Kb free=112513Kb
 bounds [0x00007f4b44daf000, 0x00007f4b4550f000, 0x00007f4b4c2e6000]
CodeHeap 'non-nmethods': size=5700Kb used=1217Kb max_used=1274Kb free=4483Kb
 bounds [0x00007f4b4481e000, 0x00007f4b44a8e000, 0x00007f4b44daf000]
 total_blobs=3919 nmethods=3427 adapters=405
 compilation: enabled
              stopped_count=0, restarted_count=0
 full_count=0

Compilation events (20 events):
Event: 1,579 Thread 0x00007f4b5c1e8800 nmethod 3421 0x00007f4b454fc790 code [0x00007f4b454fc980, 0x00007f4b454fce70]
Event: 1,579 Thread 0x00007f4b5c1e8800 3422       3       java.util.Hashtable$Enumerator::nextElement (111 bytes)
Event: 1,579 Thread 0x00007f4b5c1e8800 nmethod 3422 0x00007f4b454fd010 code [0x00007f4b454fd200, 0x00007f4b454fd740]
Event: 1,580 Thread 0x00007f4b5c1e8800 3424       3       java.lang.reflect.ProxyGenerator$ConstantPool::write (64 bytes)
Event: 1,581 Thread 0x00007f4b5c1e8800 nmethod 3424 0x00007f4b454fd910 code [0x00007f4b454fdba0, 0x00007f4b454fea00]
Event: 1,581 Thread 0x00007f4b5c1e8800 3425       3       sun.reflect.generics.repository.ClassRepository::computeSuperInterfaces (62 bytes)
Event: 1,581 Thread 0x00007f4b5c1e8800 nmethod 3425 0x00007f4b454fee90 code [0x00007f4b454ff0c0, 0x00007f4b454ffb20]
Event: 1,583 Thread 0x00007f4b5c1e8800 3426       3       java.util.Properties::keySet (12 bytes)
Event: 1,583 Thread 0x00007f4b5c1e8800 nmethod 3426 0x00007f4b454ffe90 code [0x00007f4b455000c0, 0x00007f4b45500aa0]
Event: 1,583 Thread 0x00007f4b5c1e8800 3428       3       org.springframework.boot.context.properties.source.SpringConfigurationPropertySource::containsDescendantOf (61 bytes)
Event: 1,584 Thread 0x00007f4b5c1e8800 nmethod 3428 0x00007f4b45500d90 code [0x00007f4b45501040, 0x00007f4b45501f20]
Event: 1,584 Thread 0x00007f4b5c1e8800 3427   !   3       java.util.Collections$SynchronizedCollection::isEmpty (24 bytes)
Event: 1,584 Thread 0x00007f4b5c1e8800 nmethod 3427 0x00007f4b45502290 code [0x00007f4b45502460, 0x00007f4b45502820]
Event: 1,584 Thread 0x00007f4b5c1e8800 3430       3       org.springframework.core.ResolvableType::getNested (121 bytes)
Event: 1,585 Thread 0x00007f4b5c1e8800 nmethod 3430 0x00007f4b45502990 code [0x00007f4b45502c60, 0x00007f4b45503ea0]
Event: 1,585 Thread 0x00007f4b5c1e8800 3429       3       org.springframework.boot.context.properties.bind.JavaBeanBinder$Bean$$Lambda$722/0x00000008404a1c40::apply (8 bytes)
Event: 1,585 Thread 0x00007f4b5c1e8800 nmethod 3429 0x00007f4b45504490 code [0x00007f4b45504640, 0x00007f4b45504890]
Event: 1,585 Thread 0x00007f4b5c1e8800 3432       3       org.springframework.core.SerializableTypeWrapper$MethodParameterTypeProvider::<init> (59 bytes)
Event: 1,585 Thread 0x00007f4b5c1e8800 nmethod 3432 0x00007f4b45504990 code [0x00007f4b45504bc0, 0x00007f4b455059f0]
Event: 1,588 Thread 0x00007f4b5c1e8800 3433   !   3       org.springframework.util.ConcurrentReferenceHashMap$Segment::restructure (316 bytes)

GC Heap History (4 events):
Event: 0,283 GC heap before
{Heap before GC invocations=0 (full 0):
 garbage-first heap   total 256000K, used 25288K [0x0000000708400000, 0x0000000800000000)
  region size 1024K, 24 young (24576K), 0 survivors (0K)
 Metaspace       used 3810K, capacity 6456K, committed 6656K, reserved 1056768K
  class space    used 450K, capacity 761K, committed 768K, reserved 1048576K
}
Event: 0,291 GC heap after
{Heap after GC invocations=1 (full 0):
 garbage-first heap   total 256000K, used 7096K [0x0000000708400000, 0x0000000800000000)
  region size 1024K, 3 young (3072K), 3 survivors (3072K)
 Metaspace       used 3810K, capacity 6456K, committed 6656K, reserved 1056768K
  class space    used 450K, capacity 761K, committed 768K, reserved 1048576K
}
Event: 0,994 GC heap before
{Heap before GC invocations=1 (full 0):
 garbage-first heap   total 256000K, used 144312K [0x0000000708400000, 0x0000000800000000)
  region size 1024K, 138 young (141312K), 3 survivors (3072K)
 Metaspace       used 20141K, capacity 21123K, committed 21296K, reserved 1067008K
  class space    used 2694K, capacity 3083K, committed 3200K, reserved 1048576K
}
Event: 1,002 GC heap after
{Heap after GC invocations=2 (full 0):
 garbage-first heap   total 256000K, used 13071K [0x0000000708400000, 0x0000000800000000)
  region size 1024K, 9 young (9216K), 9 survivors (9216K)
 Metaspace       used 20141K, capacity 21123K, committed 21296K, reserved 1067008K
  class space    used 2694K, capacity 3083K, committed 3200K, reserved 1048576K
}

Deoptimization events (20 events):
Event: 1,430 Thread 0x00007f4b5c01a000 Uncommon trap: trap_request=0xffffff4d fr.pc=0x00007f4b4c41c7c4 relative=0x0000000000000b24
Event: 1,430 Thread 0x00007f4b5c01a000 Uncommon trap: reason=unstable_if action=reinterpret pc=0x00007f4b4c41c7c4 method=org.springframework.beans.factory.support.DefaultSingletonBeanRegistry.getSingleton(Ljava/lang/String;Z)Ljava/lang/Object; @ 20 c2
Event: 1,430 Thread 0x00007f4b5c01a000 DEOPT PACKING pc=0x00007f4b4c41c7c4 sp=0x00007f4b60bb4800
Event: 1,430 Thread 0x00007f4b5c01a000 DEOPT UNPACKING pc=0x00007f4b44867ea5 sp=0x00007f4b60bb47d0 mode 2
Event: 1,483 Thread 0x00007f4b5c01a000 Uncommon trap: trap_request=0xffffffde fr.pc=0x00007f4b4c3b5140 relative=0x00000000000000a0
Event: 1,483 Thread 0x00007f4b5c01a000 Uncommon trap: reason=class_check action=maybe_recompile pc=0x00007f4b4c3b5140 method=java.lang.invoke.MemberName.getMethodType()Ljava/lang/invoke/MethodType; @ 39 c2
Event: 1,483 Thread 0x00007f4b5c01a000 DEOPT PACKING pc=0x00007f4b4c3b5140 sp=0x00007f4b60bb2f60
Event: 1,483 Thread 0x00007f4b5c01a000 DEOPT UNPACKING pc=0x00007f4b44867ea5 sp=0x00007f4b60bb2ee8 mode 2
Event: 1,524 Thread 0x00007f4b5c01a000 Uncommon trap: trap_request=0xffffffde fr.pc=0x00007f4b4c39d448 relative=0x0000000000000168
Event: 1,524 Thread 0x00007f4b5c01a000 Uncommon trap: reason=class_check action=maybe_recompile pc=0x00007f4b4c39d448 method=org.springframework.boot.context.properties.source.ConfigurationPropertyName$Elements.charAt(II)C @ 43 c2
Event: 1,524 Thread 0x00007f4b5c01a000 DEOPT PACKING pc=0x00007f4b4c39d448 sp=0x00007f4b60bb3aa0
Event: 1,524 Thread 0x00007f4b5c01a000 DEOPT UNPACKING pc=0x00007f4b44867ea5 sp=0x00007f4b60bb3a38 mode 2
Event: 1,524 Thread 0x00007f4b5c01a000 Uncommon trap: trap_request=0xffffffde fr.pc=0x00007f4b4c39d448 relative=0x0000000000000168
Event: 1,524 Thread 0x00007f4b5c01a000 Uncommon trap: reason=class_check action=maybe_recompile pc=0x00007f4b4c39d448 method=org.springframework.boot.context.properties.source.ConfigurationPropertyName$Elements.charAt(II)C @ 43 c2
Event: 1,524 Thread 0x00007f4b5c01a000 DEOPT PACKING pc=0x00007f4b4c39d448 sp=0x00007f4b60bb3aa0
Event: 1,524 Thread 0x00007f4b5c01a000 DEOPT UNPACKING pc=0x00007f4b44867ea5 sp=0x00007f4b60bb3a38 mode 2
Event: 1,542 Thread 0x00007f4b5c01a000 Uncommon trap: trap_request=0xffffff4d fr.pc=0x00007f4b4c470250 relative=0x0000000000000190
Event: 1,542 Thread 0x00007f4b5c01a000 Uncommon trap: reason=unstable_if action=reinterpret pc=0x00007f4b4c470250 method=java.lang.reflect.Method.equals(Ljava/lang/Object;)Z @ 1 c2
Event: 1,542 Thread 0x00007f4b5c01a000 DEOPT PACKING pc=0x00007f4b4c470250 sp=0x00007f4b60bb5320
Event: 1,542 Thread 0x00007f4b5c01a000 DEOPT UNPACKING pc=0x00007f4b44867ea5 sp=0x00007f4b60bb52d8 mode 2

Classes redefined (0 events):
No events

Internal exceptions (20 events):
Event: 1,563 Thread 0x00007f4b5c01a000 Exception <a 'java/lang/ClassNotFoundException'{0x0000000711d3e318}: org/springframework/boot/autoconfigure/web/format/WebConversionServiceCustomizer> (0x0000000711d3e318) thrown at [src/hotspot/share/classfile/systemDictionary.cpp, line 230]
Event: 1,563 Thread 0x00007f4b5c01a000 Exception <a 'java/lang/ClassNotFoundException'{0x0000000711d58660}: org/springframework/format/FormatterRegistryCustomizer> (0x0000000711d58660) thrown at [src/hotspot/share/classfile/systemDictionary.cpp, line 230]
Event: 1,563 Thread 0x00007f4b5c01a000 Exception <a 'java/lang/ClassNotFoundException'{0x0000000711d77f80}: org/springframework/core/convert/converter/ConverterRegistryCustomizer> (0x0000000711d77f80) thrown at [src/hotspot/share/classfile/systemDictionary.cpp, line 230]
Event: 1,564 Thread 0x00007f4b5c01a000 Exception <a 'java/lang/ClassNotFoundException'{0x0000000711d95840}: org/springframework/context/EmbeddedValueResolverAwareCustomizer> (0x0000000711d95840) thrown at [src/hotspot/share/classfile/systemDictionary.cpp, line 230]
Event: 1,564 Thread 0x00007f4b5c01a000 Exception <a 'java/lang/ClassNotFoundException'{0x0000000711dab0e0}: org/springframework/beans/factory/AwareCustomizer> (0x0000000711dab0e0) thrown at [src/hotspot/share/classfile/systemDictionary.cpp, line 230]
Event: 1,564 Thread 0x00007f4b5c01a000 Exception <a 'java/lang/ClassNotFoundException'{0x0000000711dc4ed0}: org/springframework/core/convert/support/ConfigurableConversionServiceCustomizer> (0x0000000711dc4ed0) thrown at [src/hotspot/share/classfile/systemDictionary.cpp, line 230]
Event: 1,564 Thread 0x00007f4b5c01a000 Exception <a 'java/lang/ClassNotFoundException'{0x0000000711ddbc10}: org/springframework/core/convert/ConversionServiceCustomizer> (0x0000000711ddbc10) thrown at [src/hotspot/share/classfile/systemDictionary.cpp, line 230]
Event: 1,565 Thread 0x00007f4b5c01a000 Exception <a 'java/lang/ClassNotFoundException'{0x0000000711df8078}: org/springframework/core/convert/converter/ConverterRegistryCustomizer> (0x0000000711df8078) thrown at [src/hotspot/share/classfile/systemDictionary.cpp, line 230]
Event: 1,567 Thread 0x00007f4b5c01a000 Exception <a 'java/lang/ClassNotFoundException'{0x0000000711c1fb00}: java/lang/ObjectCustomizer> (0x0000000711c1fb00) thrown at [src/hotspot/share/classfile/systemDictionary.cpp, line 230]
Event: 1,567 Thread 0x00007f4b5c01a000 Exception <a 'java/lang/ClassNotFoundException'{0x0000000711c3bed8}: org/springframework/boot/autoconfigure/validation/ValidatorAdapterCustomizer> (0x0000000711c3bed8) thrown at [src/hotspot/share/classfile/systemDictionary.cpp, line 230]
Event: 1,568 Thread 0x00007f4b5c01a000 Exception <a 'java/lang/ClassNotFoundException'{0x0000000711c5a060}: org/springframework/validation/SmartValidatorCustomizer> (0x0000000711c5a060) thrown at [src/hotspot/share/classfile/systemDictionary.cpp, line 230]
Event: 1,568 Thread 0x00007f4b5c01a000 Exception <a 'java/lang/ClassNotFoundException'{0x0000000711c70a68}: org/springframework/validation/ValidatorCustomizer> (0x0000000711c70a68) thrown at [src/hotspot/share/classfile/systemDictionary.cpp, line 230]
Event: 1,568 Thread 0x00007f4b5c01a000 Exception <a 'java/lang/ClassNotFoundException'{0x0000000711c884f8}: org/springframework/context/ApplicationContextAwareCustomizer> (0x0000000711c884f8) thrown at [src/hotspot/share/classfile/systemDictionary.cpp, line 230]
Event: 1,568 Thread 0x00007f4b5c01a000 Exception <a 'java/lang/ClassNotFoundException'{0x0000000711c9de10}: org/springframework/beans/factory/AwareCustomizer> (0x0000000711c9de10) thrown at [src/hotspot/share/classfile/systemDictionary.cpp, line 230]
Event: 1,569 Thread 0x00007f4b5c01a000 Exception <a 'java/lang/ClassNotFoundException'{0x0000000711cb4508}: org/springframework/beans/factory/InitializingBeanCustomizer> (0x0000000711cb4508) thrown at [src/hotspot/share/classfile/systemDictionary.cpp, line 230]
Event: 1,569 Thread 0x00007f4b5c01a000 Exception <a 'java/lang/ClassNotFoundException'{0x0000000711ccadb0}: org/springframework/beans/factory/DisposableBeanCustomizer> (0x0000000711ccadb0) thrown at [src/hotspot/share/classfile/systemDictionary.cpp, line 230]
Event: 1,577 Thread 0x00007f4b5c01a000 Exception <a 'java/lang/ClassNotFoundException'{0x0000000711a38148}: java/lang/ObjectCustomizer> (0x0000000711a38148) thrown at [src/hotspot/share/classfile/systemDictionary.cpp, line 230]
Event: 1,578 Thread 0x00007f4b5c01a000 Exception <a 'java/lang/ClassNotFoundException'{0x0000000711a57818}: org/springframework/boot/autoconfigure/http/HttpMessageConvertersAutoConfigurationCustomizer> (0x0000000711a57818) thrown at [src/hotspot/share/classfile/systemDictionary.cpp, line 230]
Event: 1,581 Thread 0x00007f4b5c01a000 Exception <a 'java/lang/ClassNotFoundException'{0x0000000711a9c880}: java/lang/ObjectCustomizer> (0x0000000711a9c880) thrown at [src/hotspot/share/classfile/systemDictionary.cpp, line 230]
Event: 1,582 Thread 0x00007f4b5c01a000 Exception <a 'java/lang/ClassNotFoundException'{0x0000000711ac3348}: org/springframework/boot/autoconfigure/http/HttpMessageConvertersAutoConfiguration$StringHttpMessageConverterConfigurationCustomizer> (0x0000000711ac3348) thrown at [src/hotspot/share/classfile/systemDictionary.cpp, line 230]

Events (20 events):
Event: 1,581 loading class java/lang/ObjectCustomizer
Event: 1,581 loading class java/lang/ObjectCustomizer done
Event: 1,581 loading class java/lang/ObjectCustomizer
Event: 1,581 loading class java/lang/ObjectCustomizer done
Event: 1,582 loading class org/springframework/boot/autoconfigure/http/HttpMessageConvertersAutoConfiguration$StringHttpMessageConverterConfigurationCustomizer
Event: 1,582 loading class org/springframework/boot/autoconfigure/http/HttpMessageConvertersAutoConfiguration$StringHttpMessageConverterConfigurationCustomizer done
Event: 1,582 loading class org/springframework/boot/autoconfigure/http/HttpMessageConvertersAutoConfiguration$StringHttpMessageConverterConfigurationCustomizer
Event: 1,582 loading class org/springframework/boot/autoconfigure/http/HttpMessageConvertersAutoConfiguration$StringHttpMessageConverterConfigurationCustomizer done
Event: 1,582 loading class org/springframework/boot/autoconfigure/http/HttpMessageConvertersAutoConfiguration$StringHttpMessageConverterConfigurationCustomizer
Event: 1,582 loading class org/springframework/boot/autoconfigure/http/HttpMessageConvertersAutoConfiguration$StringHttpMessageConverterConfigurationCustomizer done
Event: 1,583 loading class org/springframework/boot/web/servlet/server/Encoding$Type
Event: 1,583 loading class org/springframework/boot/web/servlet/server/Encoding$Type done
Event: 1,584 loading class org/springframework/boot/context/properties/bind/Bindable
Event: 1,584 loading class org/springframework/boot/context/properties/bind/Bindable done
Event: 1,585 loading class org/springframework/boot/context/properties/bind/Bindable
Event: 1,585 loading class org/springframework/boot/context/properties/bind/Bindable done
Event: 1,585 loading class org/springframework/http/HttpInputMessage
Event: 1,585 loading class org/springframework/http/HttpInputMessage done
Event: 1,585 loading class org/springframework/http/HttpHeaders
Event: 1,585 loading class org/springframework/http/HttpHeaders done


Dynamic libraries:
708400000-717c00000 rw-p 00000000 00:00 0 
717c00000-7bfe00000 ---p 00000000 00:00 0 
7bfe00000-7bfe47000 rw-p 01119000 103:06 3801965                         /usr/lib/jvm/java-11-openjdk-amd64/lib/server/classes.jsa
7bfe47000-7bff00000 rw-p 00000000 00:00 0 
7bff00000-7bff6b000 rw-p 010ae000 103:06 3801965                         /usr/lib/jvm/java-11-openjdk-amd64/lib/server/classes.jsa
7bff6b000-7c0000000 rw-p 00000000 00:00 0 
7c0000000-800000000 ---p 00000000 00:00 0 
800000000-800002000 rwxp 00001000 103:06 3801965                         /usr/lib/jvm/java-11-openjdk-amd64/lib/server/classes.jsa
800002000-8003cb000 rw-p 00003000 103:06 3801965                         /usr/lib/jvm/java-11-openjdk-amd64/lib/server/classes.jsa
8003cb000-800a9a000 r--p 003cc000 103:06 3801965                         /usr/lib/jvm/java-11-openjdk-amd64/lib/server/classes.jsa
800a9a000-800a9b000 rw-p 00a9b000 103:06 3801965                         /usr/lib/jvm/java-11-openjdk-amd64/lib/server/classes.jsa
800a9b000-8010ad000 r--p 00a9c000 103:06 3801965                         /usr/lib/jvm/java-11-openjdk-amd64/lib/server/classes.jsa
840000000-8404e0000 rw-p 00000000 00:00 0 
8404e0000-880000000 ---p 00000000 00:00 0 
55dca9a99000-55dca9a9a000 r--p 00000000 103:06 2886492                   /usr/lib/jvm/java-11-openjdk-amd64/bin/java
55dca9a9a000-55dca9a9b000 r-xp 00001000 103:06 2886492                   /usr/lib/jvm/java-11-openjdk-amd64/bin/java
55dca9a9b000-55dca9a9c000 r--p 00002000 103:06 2886492                   /usr/lib/jvm/java-11-openjdk-amd64/bin/java
55dca9a9c000-55dca9a9d000 r--p 00002000 103:06 2886492                   /usr/lib/jvm/java-11-openjdk-amd64/bin/java
55dca9a9d000-55dca9a9e000 rw-p 00003000 103:06 2886492                   /usr/lib/jvm/java-11-openjdk-amd64/bin/java
55dcab1e6000-55dcab207000 rw-p 00000000 00:00 0                          [heap]
7f4acc000000-7f4acc041000 rw-p 00000000 00:00 0 
7f4acc041000-7f4ad0000000 ---p 00000000 00:00 0 
7f4ad0000000-7f4ad0021000 rw-p 00000000 00:00 0 
7f4ad0021000-7f4ad4000000 ---p 00000000 00:00 0 
7f4ad4000000-7f4ad4b5e000 rw-p 00000000 00:00 0 
7f4ad4b5e000-7f4ad8000000 ---p 00000000 00:00 0 
7f4ad8000000-7f4ad8401000 rw-p 00000000 00:00 0 
7f4ad8401000-7f4adc000000 ---p 00000000 00:00 0 
7f4adc000000-7f4adc021000 rw-p 00000000 00:00 0 
7f4adc021000-7f4ae0000000 ---p 00000000 00:00 0 
7f4ae0000000-7f4ae0021000 rw-p 00000000 00:00 0 
7f4ae0021000-7f4ae4000000 ---p 00000000 00:00 0 
7f4ae4000000-7f4ae4021000 rw-p 00000000 00:00 0 
7f4ae4021000-7f4ae8000000 ---p 00000000 00:00 0 
7f4ae8000000-7f4ae8021000 rw-p 00000000 00:00 0 
7f4ae8021000-7f4aec000000 ---p 00000000 00:00 0 
7f4aec000000-7f4aec021000 rw-p 00000000 00:00 0 
7f4aec021000-7f4af0000000 ---p 00000000 00:00 0 
7f4af0000000-7f4af0021000 rw-p 00000000 00:00 0 
7f4af0021000-7f4af4000000 ---p 00000000 00:00 0 
7f4af4000000-7f4af4021000 rw-p 00000000 00:00 0 
7f4af4021000-7f4af8000000 ---p 00000000 00:00 0 
7f4af8000000-7f4af8a96000 rw-p 00000000 00:00 0 
7f4af8a96000-7f4afc000000 ---p 00000000 00:00 0 
7f4afc000000-7f4afc021000 rw-p 00000000 00:00 0 
7f4afc021000-7f4b00000000 ---p 00000000 00:00 0 
7f4b00000000-7f4b00021000 rw-p 00000000 00:00 0 
7f4b00021000-7f4b04000000 ---p 00000000 00:00 0 
7f4b04000000-7f4b04d10000 rw-p 00000000 00:00 0 
7f4b04d10000-7f4b08000000 ---p 00000000 00:00 0 
7f4b08000000-7f4b087f5000 rw-p 00000000 00:00 0 
7f4b087f5000-7f4b0c000000 ---p 00000000 00:00 0 
7f4b0c000000-7f4b0c021000 rw-p 00000000 00:00 0 
7f4b0c021000-7f4b10000000 ---p 00000000 00:00 0 
7f4b10000000-7f4b10021000 rw-p 00000000 00:00 0 
7f4b10021000-7f4b14000000 ---p 00000000 00:00 0 
7f4b14000000-7f4b14021000 rw-p 00000000 00:00 0 
7f4b14021000-7f4b18000000 ---p 00000000 00:00 0 
7f4b18000000-7f4b18021000 rw-p 00000000 00:00 0 
7f4b18021000-7f4b1c000000 ---p 00000000 00:00 0 
7f4b1c000000-7f4b1c021000 rw-p 00000000 00:00 0 
7f4b1c021000-7f4b20000000 ---p 00000000 00:00 0 
7f4b20000000-7f4b20021000 rw-p 00000000 00:00 0 
7f4b20021000-7f4b24000000 ---p 00000000 00:00 0 
7f4b248db000-7f4b24a9b000 rw-p 00000000 00:00 0 
7f4b24a9b000-7f4b24adb000 ---p 00000000 00:00 0 
7f4b24adb000-7f4b24cdb000 rw-p 00000000 00:00 0 
7f4b24cdb000-7f4b24edb000 rw-p 00000000 00:00 0 
7f4b24edb000-7f4b250db000 rw-p 00000000 00:00 0 
7f4b250db000-7f4b252db000 rw-p 00000000 00:00 0 
7f4b252db000-7f4b252dc000 ---p 00000000 00:00 0 
7f4b252dc000-7f4b253dd000 rw-p 00000000 00:00 0 
7f4b253dd000-7f4b253de000 ---p 00000000 00:00 0 
7f4b253de000-7f4b256cb000 rw-p 00000000 00:00 0 
7f4b256cb000-7f4b256df000 ---p 00000000 00:00 0 
7f4b256df000-7f4b258df000 rw-p 00000000 00:00 0 
7f4b25976000-7f4b2597a000 ---p 00000000 00:00 0 
7f4b2597a000-7f4b25c77000 rw-p 00000000 00:00 0 
7f4b25c77000-7f4b25c7b000 ---p 00000000 00:00 0 
7f4b25c7b000-7f4b25d78000 rw-p 00000000 00:00 0 
7f4b25d78000-7f4b25d7c000 ---p 00000000 00:00 0 
7f4b25d7c000-7f4b26079000 rw-p 00000000 00:00 0 
7f4b26079000-7f4b26279000 rw-p 00000000 00:00 0 
7f4b26279000-7f4b2627a000 ---p 00000000 00:00 0 
7f4b2627a000-7f4b2637b000 rw-p 00000000 00:00 0 
7f4b2637b000-7f4b2637c000 ---p 00000000 00:00 0 
7f4b2637c000-7f4b2647d000 rw-p 00000000 00:00 0 
7f4b2647d000-7f4b2647e000 ---p 00000000 00:00 0 
7f4b2647e000-7f4b2657f000 rw-p 00000000 00:00 0 
7f4b2657f000-7f4b26580000 ---p 00000000 00:00 0 
7f4b26580000-7f4b26681000 rw-p 00000000 00:00 0 
7f4b26681000-7f4b26682000 ---p 00000000 00:00 0 
7f4b26682000-7f4b26783000 rw-p 00000000 00:00 0 
7f4b26783000-7f4b26787000 ---p 00000000 00:00 0 
7f4b26787000-7f4b26884000 rw-p 00000000 00:00 0 
7f4b26884000-7f4b26888000 ---p 00000000 00:00 0 
7f4b26888000-7f4b26985000 rw-p 00000000 00:00 0 
7f4b26985000-7f4b26989000 ---p 00000000 00:00 0 
7f4b26989000-7f4b26a86000 rw-p 00000000 00:00 0 
7f4b26a86000-7f4b26a87000 ---p 00000000 00:00 0 
7f4b26a87000-7f4b26b88000 rw-p 00000000 00:00 0 
7f4b26b88000-7f4b26b8c000 ---p 00000000 00:00 0 
7f4b26b8c000-7f4b26c89000 rw-p 00000000 00:00 0 
7f4b26c89000-7f4b26c8d000 ---p 00000000 00:00 0 
7f4b26c8d000-7f4b26d8a000 rw-p 00000000 00:00 0 
7f4b26d8a000-7f4b26d8e000 ---p 00000000 00:00 0 
7f4b26d8e000-7f4b26e8b000 rw-p 00000000 00:00 0 
7f4b26e8b000-7f4b26e8f000 ---p 00000000 00:00 0 
7f4b26e8f000-7f4b26f8c000 rw-p 00000000 00:00 0 
7f4b26f8c000-7f4b26f90000 ---p 00000000 00:00 0 
7f4b26f90000-7f4b2708d000 rw-p 00000000 00:00 0 
7f4b2708d000-7f4b275fe000 r--p 00000000 103:06 2889073                   /usr/lib/locale/locale-archive
7f4b275fe000-7f4b27602000 ---p 00000000 00:00 0 
7f4b27602000-7f4b276ff000 rw-p 00000000 00:00 0 
7f4b276ff000-7f4b27703000 ---p 00000000 00:00 0 
7f4b27703000-7f4b28000000 rw-p 00000000 00:00 0 
7f4b28000000-7f4b28021000 rw-p 00000000 00:00 0 
7f4b28021000-7f4b2c000000 ---p 00000000 00:00 0 
7f4b2c000000-7f4b2c021000 rw-p 00000000 00:00 0 
7f4b2c021000-7f4b30000000 ---p 00000000 00:00 0 
7f4b30000000-7f4b30021000 rw-p 00000000 00:00 0 
7f4b30021000-7f4b34000000 ---p 00000000 00:00 0 
7f4b34022000-7f4b34023000 r--p 00000000 103:06 3673745                   /lib/x86_64-linux-gnu/libnss_dns-2.31.so
7f4b34023000-7f4b34027000 r-xp 00001000 103:06 3673745                   /lib/x86_64-linux-gnu/libnss_dns-2.31.so
7f4b34027000-7f4b34028000 r--p 00005000 103:06 3673745                   /lib/x86_64-linux-gnu/libnss_dns-2.31.so
7f4b34028000-7f4b34029000 r--p 00005000 103:06 3673745                   /lib/x86_64-linux-gnu/libnss_dns-2.31.so
7f4b34029000-7f4b3402a000 rw-p 00006000 103:06 3673745                   /lib/x86_64-linux-gnu/libnss_dns-2.31.so
7f4b3402a000-7f4b3402e000 r--p 00000000 103:06 3673759                   /lib/x86_64-linux-gnu/libresolv-2.31.so
7f4b3402e000-7f4b3403e000 r-xp 00004000 103:06 3673759                   /lib/x86_64-linux-gnu/libresolv-2.31.so
7f4b3403e000-7f4b34042000 r--p 00014000 103:06 3673759                   /lib/x86_64-linux-gnu/libresolv-2.31.so
7f4b34042000-7f4b34043000 r--p 00017000 103:06 3673759                   /lib/x86_64-linux-gnu/libresolv-2.31.so
7f4b34043000-7f4b34044000 rw-p 00018000 103:06 3673759                   /lib/x86_64-linux-gnu/libresolv-2.31.so
7f4b34044000-7f4b34046000 rw-p 00000000 00:00 0 
7f4b3405a000-7f4b34061000 r--s 00000000 103:06 3147724                   /usr/lib/x86_64-linux-gnu/gconv/gconv-modules.cache
7f4b34061000-7f4b34063000 r--p 00000000 103:06 2886547                   /usr/lib/jvm/java-11-openjdk-amd64/lib/libmanagement_ext.so
7f4b34063000-7f4b34066000 r-xp 00002000 103:06 2886547                   /usr/lib/jvm/java-11-openjdk-amd64/lib/libmanagement_ext.so
7f4b34066000-7f4b34068000 r--p 00005000 103:06 2886547                   /usr/lib/jvm/java-11-openjdk-amd64/lib/libmanagement_ext.so
7f4b34068000-7f4b34069000 r--p 00006000 103:06 2886547                   /usr/lib/jvm/java-11-openjdk-amd64/lib/libmanagement_ext.so
7f4b34069000-7f4b3406a000 rw-p 00007000 103:06 2886547                   /usr/lib/jvm/java-11-openjdk-amd64/lib/libmanagement_ext.so
7f4b3406a000-7f4b3409b000 rw-p 00000000 00:00 0 
7f4b3409b000-7f4b3409f000 r--p 00000000 103:06 2886551                   /usr/lib/jvm/java-11-openjdk-amd64/lib/libnet.so
7f4b3409f000-7f4b340ad000 r-xp 00004000 103:06 2886551                   /usr/lib/jvm/java-11-openjdk-amd64/lib/libnet.so
7f4b340ad000-7f4b340b1000 r--p 00012000 103:06 2886551                   /usr/lib/jvm/java-11-openjdk-amd64/lib/libnet.so
7f4b340b1000-7f4b340b2000 r--p 00015000 103:06 2886551                   /usr/lib/jvm/java-11-openjdk-amd64/lib/libnet.so
7f4b340b2000-7f4b340b3000 rw-p 00016000 103:06 2886551                   /usr/lib/jvm/java-11-openjdk-amd64/lib/libnet.so
7f4b340b3000-7f4b340b4000 ---p 00000000 00:00 0 
7f4b340b4000-7f4b342da000 rw-p 00000000 00:00 0 
7f4b342da000-7f4b342db000 ---p 00000000 00:00 0 
7f4b342db000-7f4b343dc000 rw-p 00000000 00:00 0 
7f4b343dc000-7f4b343dd000 ---p 00000000 00:00 0 
7f4b343dd000-7f4b370c6000 rw-p 00000000 00:00 0 
7f4b370c6000-7f4b39ace000 ---p 00000000 00:00 0 
7f4b39ace000-7f4b39ad6000 rw-p 00000000 00:00 0 
7f4b39ad6000-7f4b3aad6000 ---p 00000000 00:00 0 
7f4b3aad6000-7f4b3aeb6000 rw-p 00000000 00:00 0 
7f4b3aeb6000-7f4b3d8be000 ---p 00000000 00:00 0 
7f4b3d8be000-7f4b3d8c6000 rw-p 00000000 00:00 0 
7f4b3d8c6000-7f4b3e8c6000 ---p 00000000 00:00 0 
7f4b3e8c6000-7f4b3e942000 rw-p 00000000 00:00 0 
7f4b3e942000-7f4b3ee83000 ---p 00000000 00:00 0 
7f4b3ee83000-7f4b3ee84000 rw-p 00000000 00:00 0 
7f4b3ee84000-7f4b3f084000 ---p 00000000 00:00 0 
7f4b3f084000-7f4b3f100000 rw-p 00000000 00:00 0 
7f4b3f100000-7f4b3f641000 ---p 00000000 00:00 0 
7f4b3f641000-7f4b3f642000 rw-p 00000000 00:00 0 
7f4b3f642000-7f4b3f842000 ---p 00000000 00:00 0 
7f4b3f842000-7f4b3f8be000 rw-p 00000000 00:00 0 
7f4b3f8be000-7f4b3fdff000 ---p 00000000 00:00 0 
7f4b3fdff000-7f4b3fe00000 rw-p 00000000 00:00 0 
7f4b3fe00000-7f4b40000000 ---p 00000000 00:00 0 
7f4b40000000-7f4b40031000 rw-p 00000000 00:00 0 
7f4b40031000-7f4b44000000 ---p 00000000 00:00 0 
7f4b44001000-7f4b44008000 r--p 00000000 103:06 2886553                   /usr/lib/jvm/java-11-openjdk-amd64/lib/libnio.so
7f4b44008000-7f4b44010000 r-xp 00007000 103:06 2886553                   /usr/lib/jvm/java-11-openjdk-amd64/lib/libnio.so
7f4b44010000-7f4b44013000 r--p 0000f000 103:06 2886553                   /usr/lib/jvm/java-11-openjdk-amd64/lib/libnio.so
7f4b44013000-7f4b44014000 r--p 00011000 103:06 2886553                   /usr/lib/jvm/java-11-openjdk-amd64/lib/libnio.so
7f4b44014000-7f4b44015000 rw-p 00012000 103:06 2886553                   /usr/lib/jvm/java-11-openjdk-amd64/lib/libnio.so
7f4b44015000-7f4b44217000 rw-p 00000000 00:00 0 
7f4b44217000-7f4b44218000 ---p 00000000 00:00 0 
7f4b44218000-7f4b44319000 rw-p 00000000 00:00 0 
7f4b44319000-7f4b4431a000 ---p 00000000 00:00 0 
7f4b4431a000-7f4b4481e000 rw-p 00000000 00:00 0 
7f4b4481e000-7f4b44a8e000 rwxp 00000000 00:00 0 
7f4b44a8e000-7f4b44daf000 ---p 00000000 00:00 0 
7f4b44daf000-7f4b4550f000 rwxp 00000000 00:00 0 
7f4b4550f000-7f4b4c2e6000 ---p 00000000 00:00 0 
7f4b4c2e6000-7f4b4c556000 rwxp 00000000 00:00 0 
7f4b4c556000-7f4b5381e000 ---p 00000000 00:00 0 
7f4b5381e000-7f4b5c000000 r--s 00000000 103:06 2887407                   /usr/lib/jvm/java-11-openjdk-amd64/lib/modules
7f4b5c000000-7f4b5d1da000 rw-p 00000000 00:00 0 
7f4b5d1da000-7f4b60000000 ---p 00000000 00:00 0 
7f4b60000000-7f4b60001000 r--p 00000000 103:06 3670771                   /lib/x86_64-linux-gnu/libnss_mdns4_minimal.so.2
7f4b60001000-7f4b60003000 r-xp 00001000 103:06 3670771                   /lib/x86_64-linux-gnu/libnss_mdns4_minimal.so.2
7f4b60003000-7f4b60004000 r--p 00003000 103:06 3670771                   /lib/x86_64-linux-gnu/libnss_mdns4_minimal.so.2
7f4b60004000-7f4b60005000 r--p 00003000 103:06 3670771                   /lib/x86_64-linux-gnu/libnss_mdns4_minimal.so.2
7f4b60005000-7f4b60006000 rw-p 00004000 103:06 3670771                   /lib/x86_64-linux-gnu/libnss_mdns4_minimal.so.2
7f4b60006000-7f4b60009000 r--p 00000000 103:06 2886543                   /usr/lib/jvm/java-11-openjdk-amd64/lib/libmanagement.so
7f4b60009000-7f4b6000a000 r-xp 00003000 103:06 2886543                   /usr/lib/jvm/java-11-openjdk-amd64/lib/libmanagement.so
7f4b6000a000-7f4b6000b000 r--p 00004000 103:06 2886543                   /usr/lib/jvm/java-11-openjdk-amd64/lib/libmanagement.so
7f4b6000b000-7f4b6000c000 r--p 00004000 103:06 2886543                   /usr/lib/jvm/java-11-openjdk-amd64/lib/libmanagement.so
7f4b6000c000-7f4b6000d000 rw-p 00005000 103:06 2886543                   /usr/lib/jvm/java-11-openjdk-amd64/lib/libmanagement.so
7f4b6000d000-7f4b60735000 rw-p 00000000 00:00 0 
7f4b60735000-7f4b60736000 ---p 00000000 00:00 0 
7f4b60736000-7f4b6083c000 rw-p 00000000 00:00 0 
7f4b6083c000-7f4b60922000 ---p 00000000 00:00 0 
7f4b60922000-7f4b60931000 rw-p 00000000 00:00 0 
7f4b60931000-7f4b60a0d000 ---p 00000000 00:00 0 
7f4b60a0d000-7f4b60a12000 rw-p 00000000 00:00 0 
7f4b60a12000-7f4b60a19000 ---p 00000000 00:00 0 
7f4b60a19000-7f4b60a1c000 r--p 00000000 103:06 3673747                   /lib/x86_64-linux-gnu/libnss_files-2.31.so
7f4b60a1c000-7f4b60a23000 r-xp 00003000 103:06 3673747                   /lib/x86_64-linux-gnu/libnss_files-2.31.so
7f4b60a23000-7f4b60a25000 r--p 0000a000 103:06 3673747                   /lib/x86_64-linux-gnu/libnss_files-2.31.so
7f4b60a25000-7f4b60a26000 r--p 0000b000 103:06 3673747                   /lib/x86_64-linux-gnu/libnss_files-2.31.so
7f4b60a26000-7f4b60a27000 rw-p 0000c000 103:06 3673747                   /lib/x86_64-linux-gnu/libnss_files-2.31.so
7f4b60a27000-7f4b60a2d000 rw-p 00000000 00:00 0 
7f4b60a2d000-7f4b60a31000 r--p 00000000 103:06 3673741                   /lib/x86_64-linux-gnu/libnsl-2.31.so
7f4b60a31000-7f4b60a41000 r-xp 00004000 103:06 3673741                   /lib/x86_64-linux-gnu/libnsl-2.31.so
7f4b60a41000-7f4b60a46000 r--p 00014000 103:06 3673741                   /lib/x86_64-linux-gnu/libnsl-2.31.so
7f4b60a46000-7f4b60a47000 r--p 00018000 103:06 3673741                   /lib/x86_64-linux-gnu/libnsl-2.31.so
7f4b60a47000-7f4b60a48000 rw-p 00019000 103:06 3673741                   /lib/x86_64-linux-gnu/libnsl-2.31.so
7f4b60a48000-7f4b60a4a000 rw-p 00000000 00:00 0 
7f4b60a4a000-7f4b60a4c000 r--p 00000000 103:06 3673751                   /lib/x86_64-linux-gnu/libnss_nis-2.31.so
7f4b60a4c000-7f4b60a54000 r-xp 00002000 103:06 3673751                   /lib/x86_64-linux-gnu/libnss_nis-2.31.so
7f4b60a54000-7f4b60a56000 r--p 0000a000 103:06 3673751                   /lib/x86_64-linux-gnu/libnss_nis-2.31.so
7f4b60a56000-7f4b60a57000 r--p 0000b000 103:06 3673751                   /lib/x86_64-linux-gnu/libnss_nis-2.31.so
7f4b60a57000-7f4b60a58000 rw-p 0000c000 103:06 3673751                   /lib/x86_64-linux-gnu/libnss_nis-2.31.so
7f4b60a58000-7f4b60a5a000 r--p 00000000 103:06 3673743                   /lib/x86_64-linux-gnu/libnss_compat-2.31.so
7f4b60a5a000-7f4b60a61000 r-xp 00002000 103:06 3673743                   /lib/x86_64-linux-gnu/libnss_compat-2.31.so
7f4b60a61000-7f4b60a62000 r--p 00009000 103:06 3673743                   /lib/x86_64-linux-gnu/libnss_compat-2.31.so
7f4b60a62000-7f4b60a63000 r--p 00009000 103:06 3673743                   /lib/x86_64-linux-gnu/libnss_compat-2.31.so
7f4b60a63000-7f4b60a64000 rw-p 0000a000 103:06 3673743                   /lib/x86_64-linux-gnu/libnss_compat-2.31.so
7f4b60a65000-7f4b60a66000 r--p 00000000 103:06 2886528                   /usr/lib/jvm/java-11-openjdk-amd64/lib/libextnet.so
7f4b60a66000-7f4b60a67000 r-xp 00001000 103:06 2886528                   /usr/lib/jvm/java-11-openjdk-amd64/lib/libextnet.so
7f4b60a67000-7f4b60a68000 r--p 00002000 103:06 2886528                   /usr/lib/jvm/java-11-openjdk-amd64/lib/libextnet.so
7f4b60a68000-7f4b60a69000 r--p 00002000 103:06 2886528                   /usr/lib/jvm/java-11-openjdk-amd64/lib/libextnet.so
7f4b60a69000-7f4b60a6a000 rw-p 00003000 103:06 2886528                   /usr/lib/jvm/java-11-openjdk-amd64/lib/libextnet.so
7f4b60a6a000-7f4b60a6c000 r--s 0000c000 103:06 3282460                   /usr/share/java/java-atk-wrapper.jar
7f4b60a6c000-7f4b60a6e000 r--p 00000000 103:06 2887380                   /usr/lib/jvm/java-11-openjdk-amd64/lib/libzip.so
7f4b60a6e000-7f4b60a73000 r-xp 00002000 103:06 2887380                   /usr/lib/jvm/java-11-openjdk-amd64/lib/libzip.so
7f4b60a73000-7f4b60a75000 r--p 00007000 103:06 2887380                   /usr/lib/jvm/java-11-openjdk-amd64/lib/libzip.so
7f4b60a75000-7f4b60a76000 r--p 00008000 103:06 2887380                   /usr/lib/jvm/java-11-openjdk-amd64/lib/libzip.so
7f4b60a76000-7f4b60a77000 rw-p 00009000 103:06 2887380                   /usr/lib/jvm/java-11-openjdk-amd64/lib/libzip.so
7f4b60a77000-7f4b60a7f000 rw-s 00000000 103:06 3802023                   /tmp/hsperfdata_artur/523603
7f4b60a7f000-7f4b60a80000 ---p 00000000 00:00 0 
7f4b60a80000-7f4b60a81000 r--p 00000000 00:00 0 
7f4b60a81000-7f4b60a8f000 r--p 00000000 103:06 2886535                   /usr/lib/jvm/java-11-openjdk-amd64/lib/libjava.so
7f4b60a8f000-7f4b60aa5000 r-xp 0000e000 103:06 2886535                   /usr/lib/jvm/java-11-openjdk-amd64/lib/libjava.so
7f4b60aa5000-7f4b60aac000 r--p 00024000 103:06 2886535                   /usr/lib/jvm/java-11-openjdk-amd64/lib/libjava.so
7f4b60aac000-7f4b60aad000 r--p 0002a000 103:06 2886535                   /usr/lib/jvm/java-11-openjdk-amd64/lib/libjava.so
7f4b60aad000-7f4b60aae000 rw-p 0002b000 103:06 2886535                   /usr/lib/jvm/java-11-openjdk-amd64/lib/libjava.so
7f4b60aae000-7f4b60aaf000 rw-p 00000000 00:00 0 
7f4b60aaf000-7f4b60ab1000 r--p 00000000 103:06 3673760                   /lib/x86_64-linux-gnu/librt-2.31.so
7f4b60ab1000-7f4b60ab5000 r-xp 00002000 103:06 3673760                   /lib/x86_64-linux-gnu/librt-2.31.so
7f4b60ab5000-7f4b60ab7000 r--p 00006000 103:06 3673760                   /lib/x86_64-linux-gnu/librt-2.31.so
7f4b60ab7000-7f4b60ab8000 r--p 00007000 103:06 3673760                   /lib/x86_64-linux-gnu/librt-2.31.so
7f4b60ab8000-7f4b60ab9000 rw-p 00008000 103:06 3673760                   /lib/x86_64-linux-gnu/librt-2.31.so
7f4b60ab9000-7f4b60abd000 ---p 00000000 00:00 0 
7f4b60abd000-7f4b60bba000 rw-p 00000000 00:00 0 
7f4b60bba000-7f4b60bbd000 r--p 00000000 103:06 3670736                   /lib/x86_64-linux-gnu/libgcc_s.so.1
7f4b60bbd000-7f4b60bcf000 r-xp 00003000 103:06 3670736                   /lib/x86_64-linux-gnu/libgcc_s.so.1
7f4b60bcf000-7f4b60bd3000 r--p 00015000 103:06 3670736                   /lib/x86_64-linux-gnu/libgcc_s.so.1
7f4b60bd3000-7f4b60bd4000 r--p 00018000 103:06 3670736                   /lib/x86_64-linux-gnu/libgcc_s.so.1
7f4b60bd4000-7f4b60bd5000 rw-p 00019000 103:06 3670736                   /lib/x86_64-linux-gnu/libgcc_s.so.1
7f4b60bd5000-7f4b60be2000 r--p 00000000 103:06 3673735                   /lib/x86_64-linux-gnu/libm-2.31.so
7f4b60be2000-7f4b60c89000 r-xp 0000d000 103:06 3673735                   /lib/x86_64-linux-gnu/libm-2.31.so
7f4b60c89000-7f4b60d22000 r--p 000b4000 103:06 3673735                   /lib/x86_64-linux-gnu/libm-2.31.so
7f4b60d22000-7f4b60d23000 r--p 0014c000 103:06 3673735                   /lib/x86_64-linux-gnu/libm-2.31.so
7f4b60d23000-7f4b60d24000 rw-p 0014d000 103:06 3673735                   /lib/x86_64-linux-gnu/libm-2.31.so
7f4b60d24000-7f4b60dba000 r--p 00000000 103:06 2883678                   /usr/lib/x86_64-linux-gnu/libstdc++.so.6.0.28
7f4b60dba000-7f4b60eab000 r-xp 00096000 103:06 2883678                   /usr/lib/x86_64-linux-gnu/libstdc++.so.6.0.28
7f4b60eab000-7f4b60ef4000 r--p 00187000 103:06 2883678                   /usr/lib/x86_64-linux-gnu/libstdc++.so.6.0.28
7f4b60ef4000-7f4b60ef5000 ---p 001d0000 103:06 2883678                   /usr/lib/x86_64-linux-gnu/libstdc++.so.6.0.28
7f4b60ef5000-7f4b60f00000 r--p 001d0000 103:06 2883678                   /usr/lib/x86_64-linux-gnu/libstdc++.so.6.0.28
7f4b60f00000-7f4b60f03000 rw-p 001db000 103:06 2883678                   /usr/lib/x86_64-linux-gnu/libstdc++.so.6.0.28
7f4b60f03000-7f4b60f06000 rw-p 00000000 00:00 0 
7f4b60f06000-7f4b61188000 r--p 00000000 103:06 3801957                   /usr/lib/jvm/java-11-openjdk-amd64/lib/server/libjvm.so
7f4b61188000-7f4b61e0e000 r-xp 00282000 103:06 3801957                   /usr/lib/jvm/java-11-openjdk-amd64/lib/server/libjvm.so
7f4b61e0e000-7f4b6206a000 r--p 00f08000 103:06 3801957                   /usr/lib/jvm/java-11-openjdk-amd64/lib/server/libjvm.so
7f4b6206a000-7f4b6212e000 r--p 01163000 103:06 3801957                   /usr/lib/jvm/java-11-openjdk-amd64/lib/server/libjvm.so
7f4b6212e000-7f4b62169000 rw-p 01227000 103:06 3801957                   /usr/lib/jvm/java-11-openjdk-amd64/lib/server/libjvm.so
7f4b62169000-7f4b621c2000 rw-p 00000000 00:00 0 
7f4b621c2000-7f4b621c8000 r--p 00000000 103:06 3673757                   /lib/x86_64-linux-gnu/libpthread-2.31.so
7f4b621c8000-7f4b621d9000 r-xp 00006000 103:06 3673757                   /lib/x86_64-linux-gnu/libpthread-2.31.so
7f4b621d9000-7f4b621df000 r--p 00017000 103:06 3673757                   /lib/x86_64-linux-gnu/libpthread-2.31.so
7f4b621df000-7f4b621e0000 r--p 0001c000 103:06 3673757                   /lib/x86_64-linux-gnu/libpthread-2.31.so
7f4b621e0000-7f4b621e1000 rw-p 0001d000 103:06 3673757                   /lib/x86_64-linux-gnu/libpthread-2.31.so
7f4b621e1000-7f4b621e5000 rw-p 00000000 00:00 0 
7f4b621e5000-7f4b621e6000 r--p 00000000 103:06 3673733                   /lib/x86_64-linux-gnu/libdl-2.31.so
7f4b621e6000-7f4b621e8000 r-xp 00001000 103:06 3673733                   /lib/x86_64-linux-gnu/libdl-2.31.so
7f4b621e8000-7f4b621e9000 r--p 00003000 103:06 3673733                   /lib/x86_64-linux-gnu/libdl-2.31.so
7f4b621e9000-7f4b621ea000 r--p 00003000 103:06 3673733                   /lib/x86_64-linux-gnu/libdl-2.31.so
7f4b621ea000-7f4b621eb000 rw-p 00004000 103:06 3673733                   /lib/x86_64-linux-gnu/libdl-2.31.so
7f4b621eb000-7f4b621ed000 r--p 00000000 103:06 3672931                   /lib/x86_64-linux-gnu/libz.so.1.2.11
7f4b621ed000-7f4b621fe000 r-xp 00002000 103:06 3672931                   /lib/x86_64-linux-gnu/libz.so.1.2.11
7f4b621fe000-7f4b62204000 r--p 00013000 103:06 3672931                   /lib/x86_64-linux-gnu/libz.so.1.2.11
7f4b62204000-7f4b62205000 ---p 00019000 103:06 3672931                   /lib/x86_64-linux-gnu/libz.so.1.2.11
7f4b62205000-7f4b62206000 r--p 00019000 103:06 3672931                   /lib/x86_64-linux-gnu/libz.so.1.2.11
7f4b62206000-7f4b62207000 rw-p 0001a000 103:06 3672931                   /lib/x86_64-linux-gnu/libz.so.1.2.11
7f4b62207000-7f4b62229000 r--p 00000000 103:06 3673731                   /lib/x86_64-linux-gnu/libc-2.31.so
7f4b62229000-7f4b623a1000 r-xp 00022000 103:06 3673731                   /lib/x86_64-linux-gnu/libc-2.31.so
7f4b623a1000-7f4b623ef000 r--p 0019a000 103:06 3673731                   /lib/x86_64-linux-gnu/libc-2.31.so
7f4b623ef000-7f4b623f3000 r--p 001e7000 103:06 3673731                   /lib/x86_64-linux-gnu/libc-2.31.so
7f4b623f3000-7f4b623f5000 rw-p 001eb000 103:06 3673731                   /lib/x86_64-linux-gnu/libc-2.31.so
7f4b623f5000-7f4b623f9000 rw-p 00000000 00:00 0 
7f4b623f9000-7f4b623fb000 r--p 00000000 103:06 2886538                   /usr/lib/jvm/java-11-openjdk-amd64/lib/libjimage.so
7f4b623fb000-7f4b623fe000 r-xp 00002000 103:06 2886538                   /usr/lib/jvm/java-11-openjdk-amd64/lib/libjimage.so
7f4b623fe000-7f4b623ff000 r--p 00005000 103:06 2886538                   /usr/lib/jvm/java-11-openjdk-amd64/lib/libjimage.so
7f4b623ff000-7f4b62400000 ---p 00006000 103:06 2886538                   /usr/lib/jvm/java-11-openjdk-amd64/lib/libjimage.so
7f4b62400000-7f4b62401000 r--p 00006000 103:06 2886538                   /usr/lib/jvm/java-11-openjdk-amd64/lib/libjimage.so
7f4b62401000-7f4b62402000 rw-p 00007000 103:06 2886538                   /usr/lib/jvm/java-11-openjdk-amd64/lib/libjimage.so
7f4b62402000-7f4b62407000 r--p 00000000 103:06 2887376                   /usr/lib/jvm/java-11-openjdk-amd64/lib/libverify.so
7f4b62407000-7f4b6240e000 r-xp 00005000 103:06 2887376                   /usr/lib/jvm/java-11-openjdk-amd64/lib/libverify.so
7f4b6240e000-7f4b62410000 r--p 0000c000 103:06 2887376                   /usr/lib/jvm/java-11-openjdk-amd64/lib/libverify.so
7f4b62410000-7f4b62411000 ---p 0000e000 103:06 2887376                   /usr/lib/jvm/java-11-openjdk-amd64/lib/libverify.so
7f4b62411000-7f4b62413000 r--p 0000e000 103:06 2887376                   /usr/lib/jvm/java-11-openjdk-amd64/lib/libverify.so
7f4b62413000-7f4b62414000 rw-p 00010000 103:06 2887376                   /usr/lib/jvm/java-11-openjdk-amd64/lib/libverify.so
7f4b62414000-7f4b62417000 r--p 00000000 103:06 3671868                   /usr/lib/jvm/java-11-openjdk-amd64/lib/jli/libjli.so
7f4b62417000-7f4b62421000 r-xp 00003000 103:06 3671868                   /usr/lib/jvm/java-11-openjdk-amd64/lib/jli/libjli.so
7f4b62421000-7f4b62424000 r--p 0000d000 103:06 3671868                   /usr/lib/jvm/java-11-openjdk-amd64/lib/jli/libjli.so
7f4b62424000-7f4b62425000 ---p 00010000 103:06 3671868                   /usr/lib/jvm/java-11-openjdk-amd64/lib/jli/libjli.so
7f4b62425000-7f4b62426000 r--p 00010000 103:06 3671868                   /usr/lib/jvm/java-11-openjdk-amd64/lib/jli/libjli.so
7f4b62426000-7f4b62427000 rw-p 00011000 103:06 3671868                   /usr/lib/jvm/java-11-openjdk-amd64/lib/jli/libjli.so
7f4b62427000-7f4b62429000 rw-p 00000000 00:00 0 
7f4b62429000-7f4b6242a000 r--p 00000000 103:06 3673723                   /lib/x86_64-linux-gnu/ld-2.31.so
7f4b6242a000-7f4b6244d000 r-xp 00001000 103:06 3673723                   /lib/x86_64-linux-gnu/ld-2.31.so
7f4b6244d000-7f4b62455000 r--p 00024000 103:06 3673723                   /lib/x86_64-linux-gnu/ld-2.31.so
7f4b62456000-7f4b62457000 r--p 0002c000 103:06 3673723                   /lib/x86_64-linux-gnu/ld-2.31.so
7f4b62457000-7f4b62458000 rw-p 0002d000 103:06 3673723                   /lib/x86_64-linux-gnu/ld-2.31.so
7f4b62458000-7f4b62459000 rw-p 00000000 00:00 0 
7ffc73da7000-7ffc73dcb000 rw-p 00000000 00:00 0                          [stack]
7ffc73dd7000-7ffc73dda000 r--p 00000000 00:00 0                          [vvar]
7ffc73dda000-7ffc73ddb000 r-xp 00000000 00:00 0                          [vdso]
ffffffffff600000-ffffffffff601000 --xp 00000000 00:00 0                  [vsyscall]


VM Arguments:
jvm_args: -ea -Dfile.encoding=UTF-8 
java_command: org.eclipse.jdt.internal.junit.runner.RemoteTestRunner -version 3 -port 46567 -testLoaderClass org.eclipse.jdt.internal.junit5.runner.JUnit5TestLoader -loaderpluginname org.eclipse.jdt.junit5.runtime -test com.hw1.covidmetrics.controller.CovidMetricsControllerTest:getWorldDataTest
java_class_path (initial): /home/artur/Desktop/3ano/TQS/tqs_98470/hw1/covidmetrics/target/test-classes:/home/artur/Desktop/3ano/TQS/tqs_98470/hw1/covidmetrics/target/classes:/home/artur/.m2/repository/org/springframework/boot/spring-boot-starter-data-jpa/2.6.6/spring-boot-starter-data-jpa-2.6.6.jar:/home/artur/.m2/repository/org/springframework/boot/spring-boot-starter-aop/2.6.6/spring-boot-starter-aop-2.6.6.jar:/home/artur/.m2/repository/org/springframework/spring-aop/5.3.18/spring-aop-5.3.18.jar:/home/artur/.m2/repository/org/aspectj/aspectjweaver/1.9.7/aspectjweaver-1.9.7.jar:/home/artur/.m2/repository/org/springframework/boot/spring-boot-starter-jdbc/2.6.6/spring-boot-starter-jdbc-2.6.6.jar:/home/artur/.m2/repository/com/zaxxer/HikariCP/4.0.3/HikariCP-4.0.3.jar:/home/artur/.m2/repository/org/springframework/spring-jdbc/5.3.18/spring-jdbc-5.3.18.jar:/home/artur/.m2/repository/jakarta/transaction/jakarta.transaction-api/1.3.3/jakarta.transaction-api-1.3.3.jar:/home/artur/.m2/repository/jakarta/persistence/jakarta.persistence-api/2.2.3/jakarta.persistence-api-2.2.3.jar:/home/artur/.m2/repository/org/hibernate/hibernate-core/5.6.7.Final/hibernate-core-5.6.7.Final.jar:/home/artur/.m2/repository/org/jboss/logging/jboss-logging/3.4.3.Final/jboss-logging-3.4.3.Final.jar:/home/artur/.m2/repository/net/bytebuddy/byte-buddy/1.11.22/byte-buddy-1.11.22.jar:/home/artur/.m2/repository/antlr/antlr/2.7.7/antlr-2.7.7.jar:/home/artur/.m2/repository/org/jboss/jandex/2.4.2.Final/jandex-2.4.2.Final.jar:/home/artur/.m2/repository/com/fasterxml/classmate/1.5.1/classmate-1.5.1.jar:/home/artur/.m2/repository/org/hibernate/common/hibernate-commons-annotations/5.1.2.Final/hibernate-commons-annotations-5.1.2.Final.jar:/home/artur/.m2/repository/org/glassfish/jaxb/jaxb-runtime/2.3.6/jaxb-runtime-2.3.6.jar:/home/artur/.m2/repository/org/glassfish/jaxb/txw2/2.3.6/txw2-2.3.6.jar:/home/artur/.m2/repository/com/sun/istack/istack-commons-runtime/3.0.12/istack-commons-runtime-3.0.12.jar:/home/art
Launcher Type: SUN_STANDARD

[Global flags]
     intx CICompilerCount                          = 4                                         {product} {ergonomic}
     uint ConcGCThreads                            = 3                                         {product} {ergonomic}
     uint G1ConcRefinementThreads                  = 10                                        {product} {ergonomic}
   size_t G1HeapRegionSize                         = 1048576                                   {product} {ergonomic}
    uintx GCDrainStackTargetSize                   = 64                                        {product} {ergonomic}
   size_t InitialHeapSize                          = 260046848                                 {product} {ergonomic}
   size_t MarkStackSize                            = 4194304                                   {product} {ergonomic}
   size_t MaxHeapSize                              = 4156555264                                {product} {ergonomic}
   size_t MaxNewSize                               = 2493513728                                {product} {ergonomic}
   size_t MinHeapDeltaBytes                        = 1048576                                   {product} {ergonomic}
    uintx NonNMethodCodeHeapSize                   = 5836300                                {pd product} {ergonomic}
    uintx NonProfiledCodeHeapSize                  = 122910970                              {pd product} {ergonomic}
    uintx ProfiledCodeHeapSize                     = 122910970                              {pd product} {ergonomic}
    uintx ReservedCodeCacheSize                    = 251658240                              {pd product} {ergonomic}
     bool SegmentedCodeCache                       = true                                      {product} {ergonomic}
     bool UseCompressedClassPointers               = true                                 {lp64_product} {ergonomic}
     bool UseCompressedOops                        = true                                 {lp64_product} {ergonomic}
     bool UseG1GC                                  = true                                      {product} {ergonomic}

Logging:
Log output configuration:
 #0: stdout all=warning uptime,level,tags
 #1: stderr all=off uptime,level,tags

Environment Variables:
JAVA_HOME=/usr/lib/jvm/java-16-oracle
CLASSPATH=.:/usr/local/lib/antlr-4.9.2-complete.jar:/usr/local/lib/ST-4.3.1.jar:
PATH=/home/artur/.local/bin:/usr/local/sbin:/usr/local/bin:/usr/sbin:/usr/bin:/sbin:/bin:/usr/games:/usr/local/games:/snap/bin:/usr/lib/jvm/java-16-oracle/bin:/usr/lib/jvm/java-16-oracle/db/bin
USERNAME=artur
SHELL=/bin/bash
DISPLAY=:0
LANG=en_US.UTF-8
LC_CTYPE=pt_PT.UTF-8

Signal Handlers:
SIGSEGV: [libjvm.so+0xe95100], sa_mask[0]=11111111011111111101111111111110, sa_flags=SA_RESTART|SA_SIGINFO
SIGBUS: [libjvm.so+0xe95100], sa_mask[0]=11111111011111111101111111111110, sa_flags=SA_RESTART|SA_SIGINFO
SIGFPE: [libjvm.so+0xe95100], sa_mask[0]=11111111011111111101111111111110, sa_flags=SA_RESTART|SA_SIGINFO
SIGPIPE: [libjvm.so+0xbdca50], sa_mask[0]=11111111011111111101111111111110, sa_flags=SA_RESTART|SA_SIGINFO
SIGXFSZ: [libjvm.so+0xbdca50], sa_mask[0]=11111111011111111101111111111110, sa_flags=SA_RESTART|SA_SIGINFO
SIGILL: [libjvm.so+0xe95100], sa_mask[0]=11111111011111111101111111111110, sa_flags=SA_RESTART|SA_SIGINFO
SIGUSR2: [libjvm.so+0xbdc8f0], sa_mask[0]=00100000000000000000000000000000, sa_flags=SA_RESTART|SA_SIGINFO
SIGHUP: [libjvm.so+0xbdcd90], sa_mask[0]=11111111011111111101111111111110, sa_flags=SA_RESTART|SA_SIGINFO
SIGINT: [libjvm.so+0xbdcd90], sa_mask[0]=11111111011111111101111111111110, sa_flags=SA_RESTART|SA_SIGINFO
SIGTERM: [libjvm.so+0xbdcd90], sa_mask[0]=11111111011111111101111111111110, sa_flags=SA_RESTART|SA_SIGINFO
SIGQUIT: [libjvm.so+0xbdcd90], sa_mask[0]=11111111011111111101111111111110, sa_flags=SA_RESTART|SA_SIGINFO


---------------  S Y S T E M  ---------------

OS:DISTRIB_ID=Ubuntu
DISTRIB_RELEASE=20.04
DISTRIB_CODENAME=focal
DISTRIB_DESCRIPTION="Ubuntu 20.04.4 LTS"
uname:Linux 5.4.0-109-generic #123-Ubuntu SMP Fri Apr 8 09:10:54 UTC 2022 x86_64
OS uptime: 3 days 6:35 hours
libc:glibc 2.31 NPTL 2.31 
rlimit (soft/hard): STACK 8192k/infinity , CORE 0k/infinity , NPROC 63159/63159 , NOFILE 1048576/1048576 , AS infinity/infinity , CPU infinity/infinity , DATA infinity/infinity , FSIZE infinity/infinity , MEMLOCK 65536k/65536k
load average:1,20 1,45 1,70

/proc/meminfo:
MemTotal:       16231284 kB
MemFree:         2072180 kB
MemAvailable:    6797820 kB
Buffers:          426996 kB
Cached:          5397440 kB
SwapCached:         3104 kB
Active:          9894828 kB
Inactive:        3074408 kB
Active(anon):    7033244 kB
Inactive(anon):  1219656 kB
Active(file):    2861584 kB
Inactive(file):  1854752 kB
Unevictable:      307816 kB
Mlocked:             112 kB
SwapTotal:       2097148 kB
SwapFree:        2038080 kB
Dirty:              4576 kB
Writeback:             0 kB
AnonPages:       7449968 kB
Mapped:          1524744 kB
Shmem:           1113000 kB
KReclaimable:     351352 kB
Slab:             639808 kB
SReclaimable:     351352 kB
SUnreclaim:       288456 kB
KernelStack:       30000 kB
PageTables:        88604 kB
NFS_Unstable:          0 kB
Bounce:                0 kB
WritebackTmp:          0 kB
CommitLimit:    10212788 kB
Committed_AS:   25757560 kB
VmallocTotal:   34359738367 kB
VmallocUsed:       55640 kB
VmallocChunk:          0 kB
Percpu:            20928 kB
HardwareCorrupted:     0 kB
AnonHugePages:         0 kB
ShmemHugePages:        0 kB
ShmemPmdMapped:        0 kB
FileHugePages:         0 kB
FilePmdMapped:         0 kB
CmaTotal:              0 kB
CmaFree:               0 kB
HugePages_Total:       0
HugePages_Free:        0
HugePages_Rsvd:        0
HugePages_Surp:        0
Hugepagesize:       2048 kB
Hugetlb:               0 kB
DirectMap4k:      715360 kB
DirectMap2M:    15902720 kB
DirectMap1G:           0 kB

/sys/kernel/mm/transparent_hugepage/enabled:
always [madvise] never
/sys/kernel/mm/transparent_hugepage/defrag (defrag/compaction efforts parameter):
always defer defer+madvise [madvise] never

Process Memory:
Virtual Size: 7577252K (peak: 15579328K)
Resident Set Size: 295676K (peak: 297752K) (anon: 267192K, file: 28484K, shmem: 0K)
Swapped out: 0K
C-Heap outstanding allocations: 57051K

/proc/sys/kernel/threads-max (system-wide limit on the number of threads):
126318
/proc/sys/vm/max_map_count (maximum number of memory map areas a process may have):
1048575
/proc/sys/kernel/pid_max (system-wide limit on number of process identifiers):
4194304

container (cgroup) information:
container_type: cgroupv1
cpu_cpuset_cpus: 0-11
cpu_memory_nodes: 0
active_processor_count: 12
cpu_quota: -1
cpu_period: 100000
cpu_shares: -1
memory_limit_in_bytes: -1
memory_and_swap_limit_in_bytes: -2
memory_soft_limit_in_bytes: -1
memory_usage_in_bytes: 11597815808
memory_max_usage_in_bytes: 13904535552

Steal ticks since vm start: 0
Steal ticks percentage since vm start:  0,000

CPU:total 12 (initial active 12) (6 cores per cpu, 2 threads per core) family 6 model 158 stepping 13 microcode 0xea, cmov, cx8, fxsr, mmx, sse, sse2, sse3, ssse3, sse4.1, sse4.2, popcnt, avx, avx2, aes, clmul, erms, 3dnowpref, lzcnt, ht, tsc, tscinvbit, bmi1, bmi2, adx, fma
CPU Model and flags from /proc/cpuinfo:
model name	: Intel(R) Core(TM) i7-9750H CPU @ 2.60GHz
flags		: fpu vme de pse tsc msr pae mce cx8 apic sep mtrr pge mca cmov pat pse36 clflush dts acpi mmx fxsr sse sse2 ss ht tm pbe syscall nx pdpe1gb rdtscp lm constant_tsc art arch_perfmon pebs bts rep_good nopl xtopology nonstop_tsc cpuid aperfmperf pni pclmulqdq dtes64 monitor ds_cpl vmx est tm2 ssse3 sdbg fma cx16 xtpr pdcm pcid sse4_1 sse4_2 x2apic movbe popcnt tsc_deadline_timer aes xsave avx f16c rdrand lahf_lm abm 3dnowprefetch cpuid_fault epb invpcid_single ssbd ibrs ibpb stibp ibrs_enhanced tpr_shadow vnmi flexpriority ept vpid ept_ad fsgsbase tsc_adjust bmi1 avx2 smep bmi2 erms invpcid mpx rdseed adx smap clflushopt intel_pt xsaveopt xsavec xgetbv1 xsaves dtherm ida arat pln pts hwp hwp_notify hwp_act_window hwp_epp md_clear flush_l1d arch_capabilities
Online cpus:
0-11
Offline cpus:

BIOS frequency limitation:
<Not Available>
Frequency switch latency (ns):
0
Available cpu frequencies:
<Not Available>
Current governor:
powersave
Core performance/turbo boost:
<Not Available>

Memory: 4k page, physical 16231284k(2072180k free), swap 2097148k(2038080k free)

vm_info: OpenJDK 64-Bit Server VM (11.0.15+10-Ubuntu-0ubuntu0.20.04.1) for linux-amd64 JRE (11.0.15+10-Ubuntu-0ubuntu0.20.04.1), built on Apr 23 2022 13:02:10 by "unknown" with gcc 9.4.0

END.
