#
# A fatal error has been detected by the Java Runtime Environment:
#
#  SIGSEGV (0xb) at pc=0x00007fbb50dc49c0, pid=60599, tid=60627
#
# JRE version: OpenJDK Runtime Environment (11.0.14.1+1) (build 11.0.14.1+1-Ubuntu-0ubuntu1.20.04)
# Java VM: OpenJDK 64-Bit Server VM (11.0.14.1+1-Ubuntu-0ubuntu1.20.04, mixed mode, sharing, tiered, compressed oops, g1 gc, linux-amd64)
# Problematic frame:
# V  [libjvm.so+0x12749c0]
#
# Core dump will be written. Default location: Core dumps may be processed with "/usr/share/apport/apport %p %s %c %d %P %E" (or dumping to /home/artur/Desktop/3ano/TQS/tqs_98470/lab5/lab5_2/books/core.60599)
#
# If you would like to submit a bug report, please visit:
#   https://bugs.launchpad.net/ubuntu/+source/openjdk-lts
#

---------------  S U M M A R Y ------------

Command Line: -ea -Dfile.encoding=UTF-8 org.eclipse.jdt.internal.junit.runner.RemoteTestRunner -version 3 -port 40323 -testLoaderClass org.eclipse.jdt.internal.junit5.runner.JUnit5TestLoader -loaderpluginname org.eclipse.jdt.junit5.runtime -testNameFile /tmp/testNames14415221193943692435.txt

Host: Intel(R) Core(TM) i7-9750H CPU @ 2.60GHz, 12 cores, 15G, Ubuntu 20.04.4 LTS
Time: Sat Apr 16 03:06:07 2022 WEST elapsed time: 0.390917 seconds (0d 0h 0m 0s)

---------------  T H R E A D  ---------------

Current thread (0x00007fbb10007000):  GCTaskThread "GC Thread#5" [stack: 0x00007fbb1ce7f000,0x00007fbb1cf7f000] [id=60627]

Stack: [0x00007fbb1ce7f000,0x00007fbb1cf7f000],  sp=0x00007fbb1cf7daf8,  free space=1018k
Native frames: (J=compiled Java code, A=aot compiled Java code, j=interpreted, Vv=VM code, C=native code)
V  [libjvm.so+0x12749c0]
V  [libjvm.so+0x791d8e]
V  [libjvm.so+0x792793]
V  [libjvm.so+0x74f1f5]
V  [libjvm.so+0x756986]
V  [libjvm.so+0xec0d1d]
V  [libjvm.so+0xe27d20]
V  [libjvm.so+0xbe64d6]


siginfo: si_signo: 11 (SIGSEGV), si_code: 2 (SEGV_ACCERR), si_addr: 0x00007fbb50dc49c0

Register to memory mapping:

RAX=0x00007fbb50dc4a40: <offset 0x0000000001274a40> in /usr/lib/jvm/java-11-openjdk-amd64/lib/server/libjvm.so at 0x00007fbb4fb50000
RBX=0x0000000716f01980 points into unknown readable memory: 0x0000000716f01983 | 83 19 f0 16 07 00 00 00
RCX=0x0000000000000008 is an unknown value
RDX=0x000000080036b720 is pointing into metadata
RSP=0x00007fbb1cf7daf8 points into unknown readable memory: 0x00007fbb502e197e | 7e 19 2e 50 bb 7f 00 00
RBP=0x00007fbb1cf7db40 points into unknown readable memory: 0x00007fbb1cf7dbd0 | d0 db f7 1c bb 7f 00 00
RSI=0x0000000716f01980 points into unknown readable memory: 0x0000000716f01983 | 83 19 f0 16 07 00 00 00
RDI=0x00007fbad0000d40 points into unknown readable memory: 0x00007fbb50cbff90 | 90 ff cb 50 bb 7f 00 00
R8 =0x00007fbad0001730 points into unknown readable memory: 0x0000000716f01980 | 80 19 f0 16 07 00 00 00
R9 =0x000000000000007c is an unknown value
R10=0x0000000000000005 is an unknown value
R11=0x00007fbad0000080 points into unknown readable memory: 0x00007fbad0008d40 | 40 8d 00 d0 ba 7f 00 00
R12=0x00007fbad0000bd0 points into unknown readable memory: 0x00007fbb50cbffd0 | d0 ff cb 50 bb 7f 00 00
R13=0x0000000000000005 is an unknown value
R14=0x00007fbb4818b810 points into unknown readable memory: 0x00007fbb50d6b538 | 38 b5 d6 50 bb 7f 00 00
R15=0x0000000000000001 is an unknown value


Registers:
RAX=0x00007fbb50dc4a40, RBX=0x0000000716f01980, RCX=0x0000000000000008, RDX=0x000000080036b720
RSP=0x00007fbb1cf7daf8, RBP=0x00007fbb1cf7db40, RSI=0x0000000716f01980, RDI=0x00007fbad0000d40
R8 =0x00007fbad0001730, R9 =0x000000000000007c, R10=0x0000000000000005, R11=0x00007fbad0000080
R12=0x00007fbad0000bd0, R13=0x0000000000000005, R14=0x00007fbb4818b810, R15=0x0000000000000001
RIP=0x00007fbb50dc49c0, EFLAGS=0x0000000000010202, CSGSFS=0x002b000000000033, ERR=0x0000000000000015
  TRAPNO=0x000000000000000e

Top of Stack: (sp=0x00007fbb1cf7daf8)
0x00007fbb1cf7daf8:   00007fbb502e197e 00007fbb50dc73a8
0x00007fbb1cf7db08:   0000000000000000 00007fbb1cf7db70
0x00007fbb1cf7db18:   0000000000134470 0000000716f01980
0x00007fbb1cf7db28:   00007fbad0000bd0 0000000000134470 

Instructions: (pc=0x00007fbb50dc49c0)
0x00007fbb50dc48c0:   40 47 dc 50 bb 7f 00 00 02 00 00 00 00 00 00 00
0x00007fbb50dc48d0:   2a 00 00 00 2f 00 00 00 00 00 00 00 00 00 00 00
0x00007fbb50dc48e0:   00 00 00 00 00 00 00 00 00 00 00 00 00 00 00 00
0x00007fbb50dc48f0:   00 00 00 00 00 00 00 00 00 00 00 00 00 00 00 00
0x00007fbb50dc4900:   00 00 00 00 00 00 00 00 90 a4 63 5d 33 56 00 00
0x00007fbb50dc4910:   90 a4 63 5d 33 56 00 00 00 00 00 00 00 00 00 00
0x00007fbb50dc4920:   04 0c 00 00 00 00 00 00 50 d6 2d 50 bb 7f 00 00
0x00007fbb50dc4930:   01 00 00 00 00 00 00 00 00 00 00 00 00 00 00 00
0x00007fbb50dc4940:   c0 48 dc 50 bb 7f 00 00 02 00 00 00 00 00 00 00
0x00007fbb50dc4950:   2a 00 00 00 45 00 00 00 00 00 00 00 00 00 00 00
0x00007fbb50dc4960:   00 00 00 00 00 00 00 00 00 00 00 00 00 00 00 00
0x00007fbb50dc4970:   00 00 00 00 00 00 00 00 00 00 00 00 00 00 00 00
0x00007fbb50dc4980:   00 00 00 00 00 00 00 00 b0 a4 63 5d 33 56 00 00
0x00007fbb50dc4990:   b0 a4 63 5d 33 56 00 00 00 00 00 00 00 00 00 00
0x00007fbb50dc49a0:   04 0c 00 00 00 00 00 00 10 dd 2d 50 bb 7f 00 00
0x00007fbb50dc49b0:   01 00 00 00 00 00 00 00 00 00 00 00 00 00 00 00
0x00007fbb50dc49c0:   40 49 dc 50 bb 7f 00 00 03 00 00 00 00 00 00 00
0x00007fbb50dc49d0:   2a 00 00 00 03 00 00 00 71 00 00 00 00 00 00 00
0x00007fbb50dc49e0:   00 00 00 00 00 00 00 00 00 00 00 00 00 00 00 00
0x00007fbb50dc49f0:   00 00 00 00 00 00 00 00 00 00 00 00 00 00 00 00
0x00007fbb50dc4a00:   00 00 00 00 00 00 00 00 d0 a4 63 5d 33 56 00 00
0x00007fbb50dc4a10:   d0 a4 63 5d 33 56 00 00 00 00 00 00 00 00 00 00
0x00007fbb50dc4a20:   04 0c 00 00 00 00 00 00 60 eb 2d 50 bb 7f 00 00
0x00007fbb50dc4a30:   01 00 00 00 00 00 00 00 00 00 00 00 00 00 00 00
0x00007fbb50dc4a40:   90 37 2e 50 bb 7f 00 00 20 5c 2e 50 bb 7f 00 00
0x00007fbb50dc4a50:   c0 43 2e 50 bb 7f 00 00 30 32 2e 50 bb 7f 00 00
0x00007fbb50dc4a60:   90 2f 2e 50 bb 7f 00 00 60 41 2e 50 bb 7f 00 00
0x00007fbb50dc4a70:   01 00 00 00 00 00 00 00 00 00 00 00 00 00 00 00
0x00007fbb50dc4a80:   c0 49 dc 50 bb 7f 00 00 03 00 00 00 00 00 00 00
0x00007fbb50dc4a90:   2a 00 00 00 23 00 00 00 2f 00 00 00 00 00 00 00
0x00007fbb50dc4aa0:   00 00 00 00 00 00 00 00 00 00 00 00 00 00 00 00
0x00007fbb50dc4ab0:   00 00 00 00 00 00 00 00 00 00 00 00 00 00 00 00 


Stack slot to memory mapping:
stack at sp + 0 slots: 0x00007fbb502e197e: <offset 0x000000000079197e> in /usr/lib/jvm/java-11-openjdk-amd64/lib/server/libjvm.so at 0x00007fbb4fb50000
stack at sp + 1 slots: 0x00007fbb50dc73a8: <offset 0x00000000012773a8> in /usr/lib/jvm/java-11-openjdk-amd64/lib/server/libjvm.so at 0x00007fbb4fb50000
stack at sp + 2 slots: 0x0 is NULL
stack at sp + 3 slots: 0x00007fbb1cf7db70 points into unknown readable memory: 0x0000000000000005 | 05 00 00 00 00 00 00 00
stack at sp + 4 slots: 0x0000000000134470 is an unknown value
stack at sp + 5 slots: 0x0000000716f01980 points into unknown readable memory: 0x0000000716f01983 | 83 19 f0 16 07 00 00 00
stack at sp + 6 slots: 0x00007fbad0000bd0 points into unknown readable memory: 0x00007fbb50cbffd0 | d0 ff cb 50 bb 7f 00 00
stack at sp + 7 slots: 0x0000000000134470 is an unknown value


---------------  P R O C E S S  ---------------

Threads class SMR info:
_java_thread_list=0x00007fbb483ee560, length=11, elements={
0x00007fbb48018000, 0x00007fbb481d8000, 0x00007fbb481da000, 0x00007fbb481e0800,
0x00007fbb481e2800, 0x00007fbb481e4800, 0x00007fbb481e7000, 0x00007fbb481e9000,
0x00007fbb4822c000, 0x00007fbaf4106000, 0x00007fbb483ed800
}

Java Threads: ( => current thread )
  0x00007fbb48018000 JavaThread "main" [_thread_blocked, id=60604, stack(0x00007fbb4f703000,0x00007fbb4f804000)]
  0x00007fbb481d8000 JavaThread "Reference Handler" daemon [_thread_blocked, id=60611, stack(0x00007fbb2431f000,0x00007fbb24420000)]
  0x00007fbb481da000 JavaThread "Finalizer" daemon [_thread_blocked, id=60612, stack(0x00007fbb2421e000,0x00007fbb2431f000)]
  0x00007fbb481e0800 JavaThread "Signal Dispatcher" daemon [_thread_blocked, id=60613, stack(0x00007fbb2411d000,0x00007fbb2421e000)]
  0x00007fbb481e2800 JavaThread "Service Thread" daemon [_thread_blocked, id=60614, stack(0x00007fbb2401c000,0x00007fbb2411d000)]
  0x00007fbb481e4800 JavaThread "C2 CompilerThread0" daemon [_thread_blocked, id=60615, stack(0x00007fbb1d98e000,0x00007fbb1da8f000)]
  0x00007fbb481e7000 JavaThread "C1 CompilerThread0" daemon [_thread_blocked, id=60616, stack(0x00007fbb1d88d000,0x00007fbb1d98e000)]
  0x00007fbb481e9000 JavaThread "Sweeper thread" daemon [_thread_blocked, id=60617, stack(0x00007fbb1d78c000,0x00007fbb1d88d000)]
  0x00007fbb4822c000 JavaThread "Common-Cleaner" daemon [_thread_blocked, id=60619, stack(0x00007fbb1d589000,0x00007fbb1d68a000)]
  0x00007fbaf4106000 JavaThread "C2 CompilerThread1" daemon [_thread_in_native, id=60620, stack(0x00007fbb1d488000,0x00007fbb1d589000)]
  0x00007fbb483ed800 JavaThread "ReaderThread" [_thread_in_native, id=60621, stack(0x00007fbb1d387000,0x00007fbb1d488000)]

Other Threads:
  0x00007fbb481d5000 VMThread "VM Thread" [stack: 0x00007fbb4c0e2000,0x00007fbb4c1e2000] [id=60610]
  0x00007fbb48229800 WatcherThread [stack: 0x00007fbb1d68c000,0x00007fbb1d78c000] [id=60618]
  0x00007fbb48031000 GCTaskThread "GC Thread#0" [stack: 0x00007fbb4f380000,0x00007fbb4f480000] [id=60605]
  0x00007fbb10001000 GCTaskThread "GC Thread#1" [stack: 0x00007fbb1d287000,0x00007fbb1d387000] [id=60623]
  0x00007fbb10002800 GCTaskThread "GC Thread#2" [stack: 0x00007fbb1d185000,0x00007fbb1d285000] [id=60624]
  0x00007fbb10004000 GCTaskThread "GC Thread#3" [stack: 0x00007fbb1d083000,0x00007fbb1d183000] [id=60625]
  0x00007fbb10005800 GCTaskThread "GC Thread#4" [stack: 0x00007fbb1cf81000,0x00007fbb1d081000] [id=60626]
=>0x00007fbb10007000 GCTaskThread "GC Thread#5" [stack: 0x00007fbb1ce7f000,0x00007fbb1cf7f000] [id=60627]
  0x00007fbb4808f000 ConcurrentGCThread "G1 Main Marker" [stack: 0x00007fbb4d03a000,0x00007fbb4d13a000] [id=60606]
  0x00007fbb48091000 ConcurrentGCThread "G1 Conc#0" [stack: 0x00007fbb4cf38000,0x00007fbb4d038000] [id=60607]
  0x00007fbb48197800 ConcurrentGCThread "G1 Refine#0" [stack: 0x00007fbb4c42c000,0x00007fbb4c52c000] [id=60608]
  0x00007fbb48199000 ConcurrentGCThread "G1 Young RemSet Sampling" [stack: 0x00007fbb4c32a000,0x00007fbb4c42a000] [id=60609]

Threads with active compile tasks:
C1 CompilerThread0    393 1286       3       jdk.internal.reflect.ReflectionFactory::newConstructorAccessor (154 bytes)
C2 CompilerThread1    393 1272       4       java.io.DataOutputStream::writeUTF (435 bytes)

VM state:at safepoint (normal execution)

VM Mutex/Monitor currently owned by a thread:  ([mutex/lock_event])
[0x00007fbb48014130] Threads_lock - owner thread: 0x00007fbb481d5000
[0x00007fbb48014910] Heap_lock - owner thread: 0x00007fbb48018000

Heap address: 0x0000000708400000, size: 3964 MB, Compressed Oops mode: Zero based, Oop shift amount: 3
Narrow klass base: 0x0000000800000000, Narrow klass shift: 3
Compressed class space size: 1073741824 Address: 0x0000000840000000

Heap:
 garbage-first heap   total 256000K, used 25288K [0x0000000708400000, 0x0000000800000000)
  region size 1024K, 27 young (27648K), 3 survivors (3072K)
 Metaspace       used 7374K, capacity 8770K, committed 8960K, reserved 1056768K
  class space    used 956K, capacity 1243K, committed 1280K, reserved 1048576K
Heap Regions: E=young(eden), S=young(survivor), O=old, HS=humongous(starts), HC=humongous(continues), CS=collection set, F=free, A=archive, TAMS=top-at-mark-start (previous, next)
|   0|0x0000000708400000, 0x000000070849e448, 0x0000000708500000| 61%| O|  |TAMS 0x0000000708400000, 0x0000000708400000| Untracked 
|   1|0x0000000708500000, 0x0000000708500000, 0x0000000708600000|  0%| F|  |TAMS 0x0000000708500000, 0x0000000708500000| Untracked 
|   2|0x0000000708600000, 0x0000000708600000, 0x0000000708700000|  0%| F|  |TAMS 0x0000000708600000, 0x0000000708600000| Untracked 
|   3|0x0000000708700000, 0x0000000708700000, 0x0000000708800000|  0%| F|  |TAMS 0x0000000708700000, 0x0000000708700000| Untracked 
|   4|0x0000000708800000, 0x0000000708800000, 0x0000000708900000|  0%| F|  |TAMS 0x0000000708800000, 0x0000000708800000| Untracked 
|   5|0x0000000708900000, 0x0000000708900000, 0x0000000708a00000|  0%| F|  |TAMS 0x0000000708900000, 0x0000000708900000| Untracked 
|   6|0x0000000708a00000, 0x0000000708a00000, 0x0000000708b00000|  0%| F|  |TAMS 0x0000000708a00000, 0x0000000708a00000| Untracked 
|   7|0x0000000708b00000, 0x0000000708b00000, 0x0000000708c00000|  0%| F|  |TAMS 0x0000000708b00000, 0x0000000708b00000| Untracked 
|   8|0x0000000708c00000, 0x0000000708c00000, 0x0000000708d00000|  0%| F|  |TAMS 0x0000000708c00000, 0x0000000708c00000| Untracked 
|   9|0x0000000708d00000, 0x0000000708d00000, 0x0000000708e00000|  0%| F|  |TAMS 0x0000000708d00000, 0x0000000708d00000| Untracked 
|  10|0x0000000708e00000, 0x0000000708e00000, 0x0000000708f00000|  0%| F|  |TAMS 0x0000000708e00000, 0x0000000708e00000| Untracked 
|  11|0x0000000708f00000, 0x0000000708f00000, 0x0000000709000000|  0%| F|  |TAMS 0x0000000708f00000, 0x0000000708f00000| Untracked 
|  12|0x0000000709000000, 0x0000000709000000, 0x0000000709100000|  0%| F|  |TAMS 0x0000000709000000, 0x0000000709000000| Untracked 
|  13|0x0000000709100000, 0x0000000709100000, 0x0000000709200000|  0%| F|  |TAMS 0x0000000709100000, 0x0000000709100000| Untracked 
|  14|0x0000000709200000, 0x0000000709200000, 0x0000000709300000|  0%| F|  |TAMS 0x0000000709200000, 0x0000000709200000| Untracked 
|  15|0x0000000709300000, 0x0000000709300000, 0x0000000709400000|  0%| F|  |TAMS 0x0000000709300000, 0x0000000709300000| Untracked 
|  16|0x0000000709400000, 0x0000000709400000, 0x0000000709500000|  0%| F|  |TAMS 0x0000000709400000, 0x0000000709400000| Untracked 
|  17|0x0000000709500000, 0x0000000709500000, 0x0000000709600000|  0%| F|  |TAMS 0x0000000709500000, 0x0000000709500000| Untracked 
|  18|0x0000000709600000, 0x0000000709600000, 0x0000000709700000|  0%| F|  |TAMS 0x0000000709600000, 0x0000000709600000| Untracked 
|  19|0x0000000709700000, 0x0000000709700000, 0x0000000709800000|  0%| F|  |TAMS 0x0000000709700000, 0x0000000709700000| Untracked 
|  20|0x0000000709800000, 0x0000000709800000, 0x0000000709900000|  0%| F|  |TAMS 0x0000000709800000, 0x0000000709800000| Untracked 
|  21|0x0000000709900000, 0x0000000709900000, 0x0000000709a00000|  0%| F|  |TAMS 0x0000000709900000, 0x0000000709900000| Untracked 
|  22|0x0000000709a00000, 0x0000000709a00000, 0x0000000709b00000|  0%| F|  |TAMS 0x0000000709a00000, 0x0000000709a00000| Untracked 
|  23|0x0000000709b00000, 0x0000000709b00000, 0x0000000709c00000|  0%| F|  |TAMS 0x0000000709b00000, 0x0000000709b00000| Untracked 
|  24|0x0000000709c00000, 0x0000000709c00000, 0x0000000709d00000|  0%| F|  |TAMS 0x0000000709c00000, 0x0000000709c00000| Untracked 
|  25|0x0000000709d00000, 0x0000000709d00000, 0x0000000709e00000|  0%| F|  |TAMS 0x0000000709d00000, 0x0000000709d00000| Untracked 
|  26|0x0000000709e00000, 0x0000000709e00000, 0x0000000709f00000|  0%| F|  |TAMS 0x0000000709e00000, 0x0000000709e00000| Untracked 
|  27|0x0000000709f00000, 0x0000000709f00000, 0x000000070a000000|  0%| F|  |TAMS 0x0000000709f00000, 0x0000000709f00000| Untracked 
|  28|0x000000070a000000, 0x000000070a000000, 0x000000070a100000|  0%| F|  |TAMS 0x000000070a000000, 0x000000070a000000| Untracked 
|  29|0x000000070a100000, 0x000000070a100000, 0x000000070a200000|  0%| F|  |TAMS 0x000000070a100000, 0x000000070a100000| Untracked 
|  30|0x000000070a200000, 0x000000070a200000, 0x000000070a300000|  0%| F|  |TAMS 0x000000070a200000, 0x000000070a200000| Untracked 
|  31|0x000000070a300000, 0x000000070a300000, 0x000000070a400000|  0%| F|  |TAMS 0x000000070a300000, 0x000000070a300000| Untracked 
|  32|0x000000070a400000, 0x000000070a400000, 0x000000070a500000|  0%| F|  |TAMS 0x000000070a400000, 0x000000070a400000| Untracked 
|  33|0x000000070a500000, 0x000000070a500000, 0x000000070a600000|  0%| F|  |TAMS 0x000000070a500000, 0x000000070a500000| Untracked 
|  34|0x000000070a600000, 0x000000070a600000, 0x000000070a700000|  0%| F|  |TAMS 0x000000070a600000, 0x000000070a600000| Untracked 
|  35|0x000000070a700000, 0x000000070a700000, 0x000000070a800000|  0%| F|  |TAMS 0x000000070a700000, 0x000000070a700000| Untracked 
|  36|0x000000070a800000, 0x000000070a800000, 0x000000070a900000|  0%| F|  |TAMS 0x000000070a800000, 0x000000070a800000| Untracked 
|  37|0x000000070a900000, 0x000000070a900000, 0x000000070aa00000|  0%| F|  |TAMS 0x000000070a900000, 0x000000070a900000| Untracked 
|  38|0x000000070aa00000, 0x000000070aa00000, 0x000000070ab00000|  0%| F|  |TAMS 0x000000070aa00000, 0x000000070aa00000| Untracked 
|  39|0x000000070ab00000, 0x000000070ab00000, 0x000000070ac00000|  0%| F|  |TAMS 0x000000070ab00000, 0x000000070ab00000| Untracked 
|  40|0x000000070ac00000, 0x000000070ac00000, 0x000000070ad00000|  0%| F|  |TAMS 0x000000070ac00000, 0x000000070ac00000| Untracked 
|  41|0x000000070ad00000, 0x000000070ad00000, 0x000000070ae00000|  0%| F|  |TAMS 0x000000070ad00000, 0x000000070ad00000| Untracked 
|  42|0x000000070ae00000, 0x000000070ae00000, 0x000000070af00000|  0%| F|  |TAMS 0x000000070ae00000, 0x000000070ae00000| Untracked 
|  43|0x000000070af00000, 0x000000070af00000, 0x000000070b000000|  0%| F|  |TAMS 0x000000070af00000, 0x000000070af00000| Untracked 
|  44|0x000000070b000000, 0x000000070b000000, 0x000000070b100000|  0%| F|  |TAMS 0x000000070b000000, 0x000000070b000000| Untracked 
|  45|0x000000070b100000, 0x000000070b100000, 0x000000070b200000|  0%| F|  |TAMS 0x000000070b100000, 0x000000070b100000| Untracked 
|  46|0x000000070b200000, 0x000000070b200000, 0x000000070b300000|  0%| F|  |TAMS 0x000000070b200000, 0x000000070b200000| Untracked 
|  47|0x000000070b300000, 0x000000070b300000, 0x000000070b400000|  0%| F|  |TAMS 0x000000070b300000, 0x000000070b300000| Untracked 
|  48|0x000000070b400000, 0x000000070b400000, 0x000000070b500000|  0%| F|  |TAMS 0x000000070b400000, 0x000000070b400000| Untracked 
|  49|0x000000070b500000, 0x000000070b500000, 0x000000070b600000|  0%| F|  |TAMS 0x000000070b500000, 0x000000070b500000| Untracked 
|  50|0x000000070b600000, 0x000000070b600000, 0x000000070b700000|  0%| F|  |TAMS 0x000000070b600000, 0x000000070b600000| Untracked 
|  51|0x000000070b700000, 0x000000070b700000, 0x000000070b800000|  0%| F|  |TAMS 0x000000070b700000, 0x000000070b700000| Untracked 
|  52|0x000000070b800000, 0x000000070b800000, 0x000000070b900000|  0%| F|  |TAMS 0x000000070b800000, 0x000000070b800000| Untracked 
|  53|0x000000070b900000, 0x000000070b900000, 0x000000070ba00000|  0%| F|  |TAMS 0x000000070b900000, 0x000000070b900000| Untracked 
|  54|0x000000070ba00000, 0x000000070ba00000, 0x000000070bb00000|  0%| F|  |TAMS 0x000000070ba00000, 0x000000070ba00000| Untracked 
|  55|0x000000070bb00000, 0x000000070bb00000, 0x000000070bc00000|  0%| F|  |TAMS 0x000000070bb00000, 0x000000070bb00000| Untracked 
|  56|0x000000070bc00000, 0x000000070bc00000, 0x000000070bd00000|  0%| F|  |TAMS 0x000000070bc00000, 0x000000070bc00000| Untracked 
|  57|0x000000070bd00000, 0x000000070bd00000, 0x000000070be00000|  0%| F|  |TAMS 0x000000070bd00000, 0x000000070bd00000| Untracked 
|  58|0x000000070be00000, 0x000000070be00000, 0x000000070bf00000|  0%| F|  |TAMS 0x000000070be00000, 0x000000070be00000| Untracked 
|  59|0x000000070bf00000, 0x000000070bf00000, 0x000000070c000000|  0%| F|  |TAMS 0x000000070bf00000, 0x000000070bf00000| Untracked 
|  60|0x000000070c000000, 0x000000070c000000, 0x000000070c100000|  0%| F|  |TAMS 0x000000070c000000, 0x000000070c000000| Untracked 
|  61|0x000000070c100000, 0x000000070c100000, 0x000000070c200000|  0%| F|  |TAMS 0x000000070c100000, 0x000000070c100000| Untracked 
|  62|0x000000070c200000, 0x000000070c200000, 0x000000070c300000|  0%| F|  |TAMS 0x000000070c200000, 0x000000070c200000| Untracked 
|  63|0x000000070c300000, 0x000000070c300000, 0x000000070c400000|  0%| F|  |TAMS 0x000000070c300000, 0x000000070c300000| Untracked 
|  64|0x000000070c400000, 0x000000070c400000, 0x000000070c500000|  0%| F|  |TAMS 0x000000070c400000, 0x000000070c400000| Untracked 
|  65|0x000000070c500000, 0x000000070c500000, 0x000000070c600000|  0%| F|  |TAMS 0x000000070c500000, 0x000000070c500000| Untracked 
|  66|0x000000070c600000, 0x000000070c600000, 0x000000070c700000|  0%| F|  |TAMS 0x000000070c600000, 0x000000070c600000| Untracked 
|  67|0x000000070c700000, 0x000000070c700000, 0x000000070c800000|  0%| F|  |TAMS 0x000000070c700000, 0x000000070c700000| Untracked 
|  68|0x000000070c800000, 0x000000070c800000, 0x000000070c900000|  0%| F|  |TAMS 0x000000070c800000, 0x000000070c800000| Untracked 
|  69|0x000000070c900000, 0x000000070c900000, 0x000000070ca00000|  0%| F|  |TAMS 0x000000070c900000, 0x000000070c900000| Untracked 
|  70|0x000000070ca00000, 0x000000070ca00000, 0x000000070cb00000|  0%| F|  |TAMS 0x000000070ca00000, 0x000000070ca00000| Untracked 
|  71|0x000000070cb00000, 0x000000070cb00000, 0x000000070cc00000|  0%| F|  |TAMS 0x000000070cb00000, 0x000000070cb00000| Untracked 
|  72|0x000000070cc00000, 0x000000070cc00000, 0x000000070cd00000|  0%| F|  |TAMS 0x000000070cc00000, 0x000000070cc00000| Untracked 
|  73|0x000000070cd00000, 0x000000070cd00000, 0x000000070ce00000|  0%| F|  |TAMS 0x000000070cd00000, 0x000000070cd00000| Untracked 
|  74|0x000000070ce00000, 0x000000070ce00000, 0x000000070cf00000|  0%| F|  |TAMS 0x000000070ce00000, 0x000000070ce00000| Untracked 
|  75|0x000000070cf00000, 0x000000070cf00000, 0x000000070d000000|  0%| F|  |TAMS 0x000000070cf00000, 0x000000070cf00000| Untracked 
|  76|0x000000070d000000, 0x000000070d000000, 0x000000070d100000|  0%| F|  |TAMS 0x000000070d000000, 0x000000070d000000| Untracked 
|  77|0x000000070d100000, 0x000000070d100000, 0x000000070d200000|  0%| F|  |TAMS 0x000000070d100000, 0x000000070d100000| Untracked 
|  78|0x000000070d200000, 0x000000070d200000, 0x000000070d300000|  0%| F|  |TAMS 0x000000070d200000, 0x000000070d200000| Untracked 
|  79|0x000000070d300000, 0x000000070d300000, 0x000000070d400000|  0%| F|  |TAMS 0x000000070d300000, 0x000000070d300000| Untracked 
|  80|0x000000070d400000, 0x000000070d400000, 0x000000070d500000|  0%| F|  |TAMS 0x000000070d400000, 0x000000070d400000| Untracked 
|  81|0x000000070d500000, 0x000000070d500000, 0x000000070d600000|  0%| F|  |TAMS 0x000000070d500000, 0x000000070d500000| Untracked 
|  82|0x000000070d600000, 0x000000070d600000, 0x000000070d700000|  0%| F|  |TAMS 0x000000070d600000, 0x000000070d600000| Untracked 
|  83|0x000000070d700000, 0x000000070d700000, 0x000000070d800000|  0%| F|  |TAMS 0x000000070d700000, 0x000000070d700000| Untracked 
|  84|0x000000070d800000, 0x000000070d800000, 0x000000070d900000|  0%| F|  |TAMS 0x000000070d800000, 0x000000070d800000| Untracked 
|  85|0x000000070d900000, 0x000000070d900000, 0x000000070da00000|  0%| F|  |TAMS 0x000000070d900000, 0x000000070d900000| Untracked 
|  86|0x000000070da00000, 0x000000070da00000, 0x000000070db00000|  0%| F|  |TAMS 0x000000070da00000, 0x000000070da00000| Untracked 
|  87|0x000000070db00000, 0x000000070db00000, 0x000000070dc00000|  0%| F|  |TAMS 0x000000070db00000, 0x000000070db00000| Untracked 
|  88|0x000000070dc00000, 0x000000070dc00000, 0x000000070dd00000|  0%| F|  |TAMS 0x000000070dc00000, 0x000000070dc00000| Untracked 
|  89|0x000000070dd00000, 0x000000070dd00000, 0x000000070de00000|  0%| F|  |TAMS 0x000000070dd00000, 0x000000070dd00000| Untracked 
|  90|0x000000070de00000, 0x000000070de00000, 0x000000070df00000|  0%| F|  |TAMS 0x000000070de00000, 0x000000070de00000| Untracked 
|  91|0x000000070df00000, 0x000000070df00000, 0x000000070e000000|  0%| F|  |TAMS 0x000000070df00000, 0x000000070df00000| Untracked 
|  92|0x000000070e000000, 0x000000070e000000, 0x000000070e100000|  0%| F|  |TAMS 0x000000070e000000, 0x000000070e000000| Untracked 
|  93|0x000000070e100000, 0x000000070e100000, 0x000000070e200000|  0%| F|  |TAMS 0x000000070e100000, 0x000000070e100000| Untracked 
|  94|0x000000070e200000, 0x000000070e200000, 0x000000070e300000|  0%| F|  |TAMS 0x000000070e200000, 0x000000070e200000| Untracked 
|  95|0x000000070e300000, 0x000000070e300000, 0x000000070e400000|  0%| F|  |TAMS 0x000000070e300000, 0x000000070e300000| Untracked 
|  96|0x000000070e400000, 0x000000070e400000, 0x000000070e500000|  0%| F|  |TAMS 0x000000070e400000, 0x000000070e400000| Untracked 
|  97|0x000000070e500000, 0x000000070e500000, 0x000000070e600000|  0%| F|  |TAMS 0x000000070e500000, 0x000000070e500000| Untracked 
|  98|0x000000070e600000, 0x000000070e600000, 0x000000070e700000|  0%| F|  |TAMS 0x000000070e600000, 0x000000070e600000| Untracked 
|  99|0x000000070e700000, 0x000000070e700000, 0x000000070e800000|  0%| F|  |TAMS 0x000000070e700000, 0x000000070e700000| Untracked 
| 100|0x000000070e800000, 0x000000070e800000, 0x000000070e900000|  0%| F|  |TAMS 0x000000070e800000, 0x000000070e800000| Untracked 
| 101|0x000000070e900000, 0x000000070e900000, 0x000000070ea00000|  0%| F|  |TAMS 0x000000070e900000, 0x000000070e900000| Untracked 
| 102|0x000000070ea00000, 0x000000070ea00000, 0x000000070eb00000|  0%| F|  |TAMS 0x000000070ea00000, 0x000000070ea00000| Untracked 
| 103|0x000000070eb00000, 0x000000070eb00000, 0x000000070ec00000|  0%| F|  |TAMS 0x000000070eb00000, 0x000000070eb00000| Untracked 
| 104|0x000000070ec00000, 0x000000070ec00000, 0x000000070ed00000|  0%| F|  |TAMS 0x000000070ec00000, 0x000000070ec00000| Untracked 
| 105|0x000000070ed00000, 0x000000070ed00000, 0x000000070ee00000|  0%| F|  |TAMS 0x000000070ed00000, 0x000000070ed00000| Untracked 
| 106|0x000000070ee00000, 0x000000070ee00000, 0x000000070ef00000|  0%| F|  |TAMS 0x000000070ee00000, 0x000000070ee00000| Untracked 
| 107|0x000000070ef00000, 0x000000070ef00000, 0x000000070f000000|  0%| F|  |TAMS 0x000000070ef00000, 0x000000070ef00000| Untracked 
| 108|0x000000070f000000, 0x000000070f000000, 0x000000070f100000|  0%| F|  |TAMS 0x000000070f000000, 0x000000070f000000| Untracked 
| 109|0x000000070f100000, 0x000000070f100000, 0x000000070f200000|  0%| F|  |TAMS 0x000000070f100000, 0x000000070f100000| Untracked 
| 110|0x000000070f200000, 0x000000070f200000, 0x000000070f300000|  0%| F|  |TAMS 0x000000070f200000, 0x000000070f200000| Untracked 
| 111|0x000000070f300000, 0x000000070f300000, 0x000000070f400000|  0%| F|  |TAMS 0x000000070f300000, 0x000000070f300000| Untracked 
| 112|0x000000070f400000, 0x000000070f400000, 0x000000070f500000|  0%| F|  |TAMS 0x000000070f400000, 0x000000070f400000| Untracked 
| 113|0x000000070f500000, 0x000000070f500000, 0x000000070f600000|  0%| F|  |TAMS 0x000000070f500000, 0x000000070f500000| Untracked 
| 114|0x000000070f600000, 0x000000070f600000, 0x000000070f700000|  0%| F|  |TAMS 0x000000070f600000, 0x000000070f600000| Untracked 
| 115|0x000000070f700000, 0x000000070f700000, 0x000000070f800000|  0%| F|  |TAMS 0x000000070f700000, 0x000000070f700000| Untracked 
| 116|0x000000070f800000, 0x000000070f800000, 0x000000070f900000|  0%| F|  |TAMS 0x000000070f800000, 0x000000070f800000| Untracked 
| 117|0x000000070f900000, 0x000000070f900000, 0x000000070fa00000|  0%| F|  |TAMS 0x000000070f900000, 0x000000070f900000| Untracked 
| 118|0x000000070fa00000, 0x000000070fa00000, 0x000000070fb00000|  0%| F|  |TAMS 0x000000070fa00000, 0x000000070fa00000| Untracked 
| 119|0x000000070fb00000, 0x000000070fb00000, 0x000000070fc00000|  0%| F|  |TAMS 0x000000070fb00000, 0x000000070fb00000| Untracked 
| 120|0x000000070fc00000, 0x000000070fc00000, 0x000000070fd00000|  0%| F|  |TAMS 0x000000070fc00000, 0x000000070fc00000| Untracked 
| 121|0x000000070fd00000, 0x000000070fd00000, 0x000000070fe00000|  0%| F|  |TAMS 0x000000070fd00000, 0x000000070fd00000| Untracked 
| 122|0x000000070fe00000, 0x000000070fe00000, 0x000000070ff00000|  0%| F|  |TAMS 0x000000070fe00000, 0x000000070fe00000| Untracked 
| 123|0x000000070ff00000, 0x000000070ff00000, 0x0000000710000000|  0%| F|  |TAMS 0x000000070ff00000, 0x000000070ff00000| Untracked 
| 124|0x0000000710000000, 0x0000000710000000, 0x0000000710100000|  0%| F|  |TAMS 0x0000000710000000, 0x0000000710000000| Untracked 
| 125|0x0000000710100000, 0x0000000710100000, 0x0000000710200000|  0%| F|  |TAMS 0x0000000710100000, 0x0000000710100000| Untracked 
| 126|0x0000000710200000, 0x0000000710200000, 0x0000000710300000|  0%| F|  |TAMS 0x0000000710200000, 0x0000000710200000| Untracked 
| 127|0x0000000710300000, 0x0000000710300000, 0x0000000710400000|  0%| F|  |TAMS 0x0000000710300000, 0x0000000710300000| Untracked 
| 128|0x0000000710400000, 0x0000000710400000, 0x0000000710500000|  0%| F|  |TAMS 0x0000000710400000, 0x0000000710400000| Untracked 
| 129|0x0000000710500000, 0x0000000710500000, 0x0000000710600000|  0%| F|  |TAMS 0x0000000710500000, 0x0000000710500000| Untracked 
| 130|0x0000000710600000, 0x0000000710600000, 0x0000000710700000|  0%| F|  |TAMS 0x0000000710600000, 0x0000000710600000| Untracked 
| 131|0x0000000710700000, 0x0000000710700000, 0x0000000710800000|  0%| F|  |TAMS 0x0000000710700000, 0x0000000710700000| Untracked 
| 132|0x0000000710800000, 0x0000000710800000, 0x0000000710900000|  0%| F|  |TAMS 0x0000000710800000, 0x0000000710800000| Untracked 
| 133|0x0000000710900000, 0x0000000710900000, 0x0000000710a00000|  0%| F|  |TAMS 0x0000000710900000, 0x0000000710900000| Untracked 
| 134|0x0000000710a00000, 0x0000000710a00000, 0x0000000710b00000|  0%| F|  |TAMS 0x0000000710a00000, 0x0000000710a00000| Untracked 
| 135|0x0000000710b00000, 0x0000000710b00000, 0x0000000710c00000|  0%| F|  |TAMS 0x0000000710b00000, 0x0000000710b00000| Untracked 
| 136|0x0000000710c00000, 0x0000000710c00000, 0x0000000710d00000|  0%| F|  |TAMS 0x0000000710c00000, 0x0000000710c00000| Untracked 
| 137|0x0000000710d00000, 0x0000000710d00000, 0x0000000710e00000|  0%| F|  |TAMS 0x0000000710d00000, 0x0000000710d00000| Untracked 
| 138|0x0000000710e00000, 0x0000000710e00000, 0x0000000710f00000|  0%| F|  |TAMS 0x0000000710e00000, 0x0000000710e00000| Untracked 
| 139|0x0000000710f00000, 0x0000000710f00000, 0x0000000711000000|  0%| F|  |TAMS 0x0000000710f00000, 0x0000000710f00000| Untracked 
| 140|0x0000000711000000, 0x0000000711000000, 0x0000000711100000|  0%| F|  |TAMS 0x0000000711000000, 0x0000000711000000| Untracked 
| 141|0x0000000711100000, 0x0000000711100000, 0x0000000711200000|  0%| F|  |TAMS 0x0000000711100000, 0x0000000711100000| Untracked 
| 142|0x0000000711200000, 0x0000000711200000, 0x0000000711300000|  0%| F|  |TAMS 0x0000000711200000, 0x0000000711200000| Untracked 
| 143|0x0000000711300000, 0x0000000711300000, 0x0000000711400000|  0%| F|  |TAMS 0x0000000711300000, 0x0000000711300000| Untracked 
| 144|0x0000000711400000, 0x0000000711400000, 0x0000000711500000|  0%| F|  |TAMS 0x0000000711400000, 0x0000000711400000| Untracked 
| 145|0x0000000711500000, 0x0000000711500000, 0x0000000711600000|  0%| F|  |TAMS 0x0000000711500000, 0x0000000711500000| Untracked 
| 146|0x0000000711600000, 0x0000000711600000, 0x0000000711700000|  0%| F|  |TAMS 0x0000000711600000, 0x0000000711600000| Untracked 
| 147|0x0000000711700000, 0x0000000711700000, 0x0000000711800000|  0%| F|  |TAMS 0x0000000711700000, 0x0000000711700000| Untracked 
| 148|0x0000000711800000, 0x0000000711800000, 0x0000000711900000|  0%| F|  |TAMS 0x0000000711800000, 0x0000000711800000| Untracked 
| 149|0x0000000711900000, 0x0000000711900000, 0x0000000711a00000|  0%| F|  |TAMS 0x0000000711900000, 0x0000000711900000| Untracked 
| 150|0x0000000711a00000, 0x0000000711a00000, 0x0000000711b00000|  0%| F|  |TAMS 0x0000000711a00000, 0x0000000711a00000| Untracked 
| 151|0x0000000711b00000, 0x0000000711b00000, 0x0000000711c00000|  0%| F|  |TAMS 0x0000000711b00000, 0x0000000711b00000| Untracked 
| 152|0x0000000711c00000, 0x0000000711c00000, 0x0000000711d00000|  0%| F|  |TAMS 0x0000000711c00000, 0x0000000711c00000| Untracked 
| 153|0x0000000711d00000, 0x0000000711d00000, 0x0000000711e00000|  0%| F|  |TAMS 0x0000000711d00000, 0x0000000711d00000| Untracked 
| 154|0x0000000711e00000, 0x0000000711e00000, 0x0000000711f00000|  0%| F|  |TAMS 0x0000000711e00000, 0x0000000711e00000| Untracked 
| 155|0x0000000711f00000, 0x0000000711f00000, 0x0000000712000000|  0%| F|  |TAMS 0x0000000711f00000, 0x0000000711f00000| Untracked 
| 156|0x0000000712000000, 0x0000000712000000, 0x0000000712100000|  0%| F|  |TAMS 0x0000000712000000, 0x0000000712000000| Untracked 
| 157|0x0000000712100000, 0x0000000712100000, 0x0000000712200000|  0%| F|  |TAMS 0x0000000712100000, 0x0000000712100000| Untracked 
| 158|0x0000000712200000, 0x0000000712200000, 0x0000000712300000|  0%| F|  |TAMS 0x0000000712200000, 0x0000000712200000| Untracked 
| 159|0x0000000712300000, 0x0000000712300000, 0x0000000712400000|  0%| F|  |TAMS 0x0000000712300000, 0x0000000712300000| Untracked 
| 160|0x0000000712400000, 0x0000000712400000, 0x0000000712500000|  0%| F|  |TAMS 0x0000000712400000, 0x0000000712400000| Untracked 
| 161|0x0000000712500000, 0x0000000712500000, 0x0000000712600000|  0%| F|  |TAMS 0x0000000712500000, 0x0000000712500000| Untracked 
| 162|0x0000000712600000, 0x0000000712600000, 0x0000000712700000|  0%| F|  |TAMS 0x0000000712600000, 0x0000000712600000| Untracked 
| 163|0x0000000712700000, 0x0000000712700000, 0x0000000712800000|  0%| F|  |TAMS 0x0000000712700000, 0x0000000712700000| Untracked 
| 164|0x0000000712800000, 0x0000000712800000, 0x0000000712900000|  0%| F|  |TAMS 0x0000000712800000, 0x0000000712800000| Untracked 
| 165|0x0000000712900000, 0x0000000712900000, 0x0000000712a00000|  0%| F|  |TAMS 0x0000000712900000, 0x0000000712900000| Untracked 
| 166|0x0000000712a00000, 0x0000000712a00000, 0x0000000712b00000|  0%| F|  |TAMS 0x0000000712a00000, 0x0000000712a00000| Untracked 
| 167|0x0000000712b00000, 0x0000000712b00000, 0x0000000712c00000|  0%| F|  |TAMS 0x0000000712b00000, 0x0000000712b00000| Untracked 
| 168|0x0000000712c00000, 0x0000000712c00000, 0x0000000712d00000|  0%| F|  |TAMS 0x0000000712c00000, 0x0000000712c00000| Untracked 
| 169|0x0000000712d00000, 0x0000000712d00000, 0x0000000712e00000|  0%| F|  |TAMS 0x0000000712d00000, 0x0000000712d00000| Untracked 
| 170|0x0000000712e00000, 0x0000000712e00000, 0x0000000712f00000|  0%| F|  |TAMS 0x0000000712e00000, 0x0000000712e00000| Untracked 
| 171|0x0000000712f00000, 0x0000000712f00000, 0x0000000713000000|  0%| F|  |TAMS 0x0000000712f00000, 0x0000000712f00000| Untracked 
| 172|0x0000000713000000, 0x0000000713000000, 0x0000000713100000|  0%| F|  |TAMS 0x0000000713000000, 0x0000000713000000| Untracked 
| 173|0x0000000713100000, 0x0000000713100000, 0x0000000713200000|  0%| F|  |TAMS 0x0000000713100000, 0x0000000713100000| Untracked 
| 174|0x0000000713200000, 0x0000000713200000, 0x0000000713300000|  0%| F|  |TAMS 0x0000000713200000, 0x0000000713200000| Untracked 
| 175|0x0000000713300000, 0x0000000713300000, 0x0000000713400000|  0%| F|  |TAMS 0x0000000713300000, 0x0000000713300000| Untracked 
| 176|0x0000000713400000, 0x0000000713400000, 0x0000000713500000|  0%| F|  |TAMS 0x0000000713400000, 0x0000000713400000| Untracked 
| 177|0x0000000713500000, 0x0000000713500000, 0x0000000713600000|  0%| F|  |TAMS 0x0000000713500000, 0x0000000713500000| Untracked 
| 178|0x0000000713600000, 0x0000000713600000, 0x0000000713700000|  0%| F|  |TAMS 0x0000000713600000, 0x0000000713600000| Untracked 
| 179|0x0000000713700000, 0x0000000713700000, 0x0000000713800000|  0%| F|  |TAMS 0x0000000713700000, 0x0000000713700000| Untracked 
| 180|0x0000000713800000, 0x0000000713800000, 0x0000000713900000|  0%| F|  |TAMS 0x0000000713800000, 0x0000000713800000| Untracked 
| 181|0x0000000713900000, 0x0000000713900000, 0x0000000713a00000|  0%| F|  |TAMS 0x0000000713900000, 0x0000000713900000| Untracked 
| 182|0x0000000713a00000, 0x0000000713a00000, 0x0000000713b00000|  0%| F|  |TAMS 0x0000000713a00000, 0x0000000713a00000| Untracked 
| 183|0x0000000713b00000, 0x0000000713b00000, 0x0000000713c00000|  0%| F|  |TAMS 0x0000000713b00000, 0x0000000713b00000| Untracked 
| 184|0x0000000713c00000, 0x0000000713c00000, 0x0000000713d00000|  0%| F|  |TAMS 0x0000000713c00000, 0x0000000713c00000| Untracked 
| 185|0x0000000713d00000, 0x0000000713d00000, 0x0000000713e00000|  0%| F|  |TAMS 0x0000000713d00000, 0x0000000713d00000| Untracked 
| 186|0x0000000713e00000, 0x0000000713e00000, 0x0000000713f00000|  0%| F|  |TAMS 0x0000000713e00000, 0x0000000713e00000| Untracked 
| 187|0x0000000713f00000, 0x0000000713f00000, 0x0000000714000000|  0%| F|  |TAMS 0x0000000713f00000, 0x0000000713f00000| Untracked 
| 188|0x0000000714000000, 0x0000000714000000, 0x0000000714100000|  0%| F|  |TAMS 0x0000000714000000, 0x0000000714000000| Untracked 
| 189|0x0000000714100000, 0x0000000714100000, 0x0000000714200000|  0%| F|  |TAMS 0x0000000714100000, 0x0000000714100000| Untracked 
| 190|0x0000000714200000, 0x0000000714200000, 0x0000000714300000|  0%| F|  |TAMS 0x0000000714200000, 0x0000000714200000| Untracked 
| 191|0x0000000714300000, 0x0000000714300000, 0x0000000714400000|  0%| F|  |TAMS 0x0000000714300000, 0x0000000714300000| Untracked 
| 192|0x0000000714400000, 0x0000000714400000, 0x0000000714500000|  0%| F|  |TAMS 0x0000000714400000, 0x0000000714400000| Untracked 
| 193|0x0000000714500000, 0x0000000714500000, 0x0000000714600000|  0%| F|  |TAMS 0x0000000714500000, 0x0000000714500000| Untracked 
| 194|0x0000000714600000, 0x0000000714600000, 0x0000000714700000|  0%| F|  |TAMS 0x0000000714600000, 0x0000000714600000| Untracked 
| 195|0x0000000714700000, 0x0000000714700000, 0x0000000714800000|  0%| F|  |TAMS 0x0000000714700000, 0x0000000714700000| Untracked 
| 196|0x0000000714800000, 0x0000000714800000, 0x0000000714900000|  0%| F|  |TAMS 0x0000000714800000, 0x0000000714800000| Untracked 
| 197|0x0000000714900000, 0x0000000714900000, 0x0000000714a00000|  0%| F|  |TAMS 0x0000000714900000, 0x0000000714900000| Untracked 
| 198|0x0000000714a00000, 0x0000000714a00000, 0x0000000714b00000|  0%| F|  |TAMS 0x0000000714a00000, 0x0000000714a00000| Untracked 
| 199|0x0000000714b00000, 0x0000000714b00000, 0x0000000714c00000|  0%| F|  |TAMS 0x0000000714b00000, 0x0000000714b00000| Untracked 
| 200|0x0000000714c00000, 0x0000000714c00000, 0x0000000714d00000|  0%| F|  |TAMS 0x0000000714c00000, 0x0000000714c00000| Untracked 
| 201|0x0000000714d00000, 0x0000000714d00000, 0x0000000714e00000|  0%| F|  |TAMS 0x0000000714d00000, 0x0000000714d00000| Untracked 
| 202|0x0000000714e00000, 0x0000000714e00000, 0x0000000714f00000|  0%| F|  |TAMS 0x0000000714e00000, 0x0000000714e00000| Untracked 
| 203|0x0000000714f00000, 0x0000000714f00000, 0x0000000715000000|  0%| F|  |TAMS 0x0000000714f00000, 0x0000000714f00000| Untracked 
| 204|0x0000000715000000, 0x0000000715000000, 0x0000000715100000|  0%| F|  |TAMS 0x0000000715000000, 0x0000000715000000| Untracked 
| 205|0x0000000715100000, 0x0000000715100000, 0x0000000715200000|  0%| F|  |TAMS 0x0000000715100000, 0x0000000715100000| Untracked 
| 206|0x0000000715200000, 0x0000000715200000, 0x0000000715300000|  0%| F|  |TAMS 0x0000000715200000, 0x0000000715200000| Untracked 
| 207|0x0000000715300000, 0x0000000715300000, 0x0000000715400000|  0%| F|  |TAMS 0x0000000715300000, 0x0000000715300000| Untracked 
| 208|0x0000000715400000, 0x0000000715400000, 0x0000000715500000|  0%| F|  |TAMS 0x0000000715400000, 0x0000000715400000| Untracked 
| 209|0x0000000715500000, 0x0000000715500000, 0x0000000715600000|  0%| F|  |TAMS 0x0000000715500000, 0x0000000715500000| Untracked 
| 210|0x0000000715600000, 0x0000000715600000, 0x0000000715700000|  0%| F|  |TAMS 0x0000000715600000, 0x0000000715600000| Untracked 
| 211|0x0000000715700000, 0x0000000715700000, 0x0000000715800000|  0%| F|  |TAMS 0x0000000715700000, 0x0000000715700000| Untracked 
| 212|0x0000000715800000, 0x0000000715800000, 0x0000000715900000|  0%| F|  |TAMS 0x0000000715800000, 0x0000000715800000| Untracked 
| 213|0x0000000715900000, 0x0000000715900000, 0x0000000715a00000|  0%| F|  |TAMS 0x0000000715900000, 0x0000000715900000| Untracked 
| 214|0x0000000715a00000, 0x0000000715a00000, 0x0000000715b00000|  0%| F|  |TAMS 0x0000000715a00000, 0x0000000715a00000| Untracked 
| 215|0x0000000715b00000, 0x0000000715b00000, 0x0000000715c00000|  0%| F|  |TAMS 0x0000000715b00000, 0x0000000715b00000| Untracked 
| 216|0x0000000715c00000, 0x0000000715c00000, 0x0000000715d00000|  0%| F|  |TAMS 0x0000000715c00000, 0x0000000715c00000| Untracked 
| 217|0x0000000715d00000, 0x0000000715d00000, 0x0000000715e00000|  0%| F|  |TAMS 0x0000000715d00000, 0x0000000715d00000| Untracked 
| 218|0x0000000715e00000, 0x0000000715e00000, 0x0000000715f00000|  0%| F|  |TAMS 0x0000000715e00000, 0x0000000715e00000| Untracked 
| 219|0x0000000715f00000, 0x0000000715f00000, 0x0000000716000000|  0%| F|  |TAMS 0x0000000715f00000, 0x0000000715f00000| Untracked 
| 220|0x0000000716000000, 0x0000000716000000, 0x0000000716100000|  0%| F|  |TAMS 0x0000000716000000, 0x0000000716000000| Untracked 
| 221|0x0000000716100000, 0x0000000716200000, 0x0000000716200000|100%| S|  |TAMS 0x0000000716100000, 0x0000000716100000| Complete 
| 222|0x0000000716200000, 0x0000000716300000, 0x0000000716300000|100%| S|  |TAMS 0x0000000716200000, 0x0000000716200000| Complete 
| 223|0x0000000716300000, 0x0000000716400000, 0x0000000716400000|100%| S|  |TAMS 0x0000000716300000, 0x0000000716300000| Complete 
| 224|0x0000000716400000, 0x0000000716500000, 0x0000000716500000|100%| E|CS|TAMS 0x0000000716400000, 0x0000000716400000| Complete 
| 225|0x0000000716500000, 0x0000000716600000, 0x0000000716600000|100%| E|CS|TAMS 0x0000000716500000, 0x0000000716500000| Complete 
| 226|0x0000000716600000, 0x0000000716700000, 0x0000000716700000|100%| E|CS|TAMS 0x0000000716600000, 0x0000000716600000| Complete 
| 227|0x0000000716700000, 0x0000000716800000, 0x0000000716800000|100%| E|CS|TAMS 0x0000000716700000, 0x0000000716700000| Complete 
| 228|0x0000000716800000, 0x0000000716900000, 0x0000000716900000|100%| E|CS|TAMS 0x0000000716800000, 0x0000000716800000| Complete 
| 229|0x0000000716900000, 0x0000000716a00000, 0x0000000716a00000|100%| E|CS|TAMS 0x0000000716900000, 0x0000000716900000| Complete 
| 230|0x0000000716a00000, 0x0000000716b00000, 0x0000000716b00000|100%| E|CS|TAMS 0x0000000716a00000, 0x0000000716a00000| Complete 
| 231|0x0000000716b00000, 0x0000000716c00000, 0x0000000716c00000|100%| E|CS|TAMS 0x0000000716b00000, 0x0000000716b00000| Complete 
| 232|0x0000000716c00000, 0x0000000716d00000, 0x0000000716d00000|100%| E|CS|TAMS 0x0000000716c00000, 0x0000000716c00000| Complete 
| 233|0x0000000716d00000, 0x0000000716e00000, 0x0000000716e00000|100%| E|CS|TAMS 0x0000000716d00000, 0x0000000716d00000| Complete 
| 234|0x0000000716e00000, 0x0000000716f00000, 0x0000000716f00000|100%| E|CS|TAMS 0x0000000716e00000, 0x0000000716e00000| Complete 
| 235|0x0000000716f00000, 0x0000000717000000, 0x0000000717000000|100%| E|CS|TAMS 0x0000000716f00000, 0x0000000716f00000| Complete 
| 236|0x0000000717000000, 0x0000000717100000, 0x0000000717100000|100%| E|CS|TAMS 0x0000000717000000, 0x0000000717000000| Complete 
| 237|0x0000000717100000, 0x0000000717200000, 0x0000000717200000|100%| E|CS|TAMS 0x0000000717100000, 0x0000000717100000| Complete 
| 238|0x0000000717200000, 0x0000000717300000, 0x0000000717300000|100%| E|CS|TAMS 0x0000000717200000, 0x0000000717200000| Complete 
| 239|0x0000000717300000, 0x0000000717400000, 0x0000000717400000|100%| E|CS|TAMS 0x0000000717300000, 0x0000000717300000| Complete 
| 240|0x0000000717400000, 0x0000000717500000, 0x0000000717500000|100%| E|CS|TAMS 0x0000000717400000, 0x0000000717400000| Complete 
| 241|0x0000000717500000, 0x0000000717600000, 0x0000000717600000|100%| E|CS|TAMS 0x0000000717500000, 0x0000000717500000| Complete 
| 242|0x0000000717600000, 0x0000000717700000, 0x0000000717700000|100%| E|CS|TAMS 0x0000000717600000, 0x0000000717600000| Complete 
| 243|0x0000000717700000, 0x0000000717800000, 0x0000000717800000|100%| E|CS|TAMS 0x0000000717700000, 0x0000000717700000| Complete 
| 244|0x0000000717800000, 0x0000000717900000, 0x0000000717900000|100%| E|CS|TAMS 0x0000000717800000, 0x0000000717800000| Complete 
| 245|0x0000000717900000, 0x0000000717a00000, 0x0000000717a00000|100%| E|CS|TAMS 0x0000000717900000, 0x0000000717900000| Complete 
| 246|0x0000000717a00000, 0x0000000717b00000, 0x0000000717b00000|100%| E|CS|TAMS 0x0000000717a00000, 0x0000000717a00000| Complete 
| 247|0x0000000717b00000, 0x0000000717c00000, 0x0000000717c00000|100%| E|CS|TAMS 0x0000000717b00000, 0x0000000717b00000| Complete 
|2938|0x00000007bfe00000, 0x00000007bfe47000, 0x00000007bff00000| 27%|OA|  |TAMS 0x00000007bfe00000, 0x00000007bfe00000| Untracked 
|2939|0x00000007bff00000, 0x00000007bff6b000, 0x00000007c0000000| 41%|CA|  |TAMS 0x00000007bff00000, 0x00000007bff00000| Untracked 

Card table byte_map: [0x00007fbb4d9f8000,0x00007fbb4e1b6000] _byte_map_base: 0x00007fbb4a1b6000

Marking Bits (Prev, Next): (CMBitMap*) 0x00007fbb4807e8f8, (CMBitMap*) 0x00007fbb4807e930
 Prev Bits: [0x00007fbb28210000, 0x00007fbb2c000000)
 Next Bits: [0x00007fbb24420000, 0x00007fbb28210000)

Polling page: 0x00007fbb4f6c9000

Metaspace:

Usage:
  Non-class:      7,35 MB capacity,     6,27 MB ( 85%) used,     1,03 MB ( 14%) free+waste,    59,06 KB ( <1%) overhead. 
      Class:      1,21 MB capacity,   956,91 KB ( 77%) used,   254,02 KB ( 20%) free+waste,    32,06 KB (  3%) overhead. 
       Both:      8,56 MB capacity,     7,20 MB ( 84%) used,     1,27 MB ( 15%) free+waste,    91,12 KB (  1%) overhead. 

Virtual space:
  Non-class space:        8,00 MB reserved,       7,50 MB ( 94%) committed 
      Class space:        1,00 GB reserved,       1,25 MB ( <1%) committed 
             Both:        1,01 GB reserved,       8,75 MB ( <1%) committed 

Chunk freelists:
   Non-Class:  0 bytes
       Class:  5,00 KB
        Both:  5,00 KB

MaxMetaspaceSize: unlimited
CompressedClassSpaceSize: 1,00 GB
Initial GC threshold: 20,80 MB
Current GC threshold: 20,80 MB
CDS: on

CodeHeap 'non-profiled nmethods': size=120032Kb used=380Kb max_used=380Kb free=119651Kb
 bounds [0x00007fbb38305000, 0x00007fbb38575000, 0x00007fbb3f83d000]
CodeHeap 'profiled nmethods': size=120028Kb used=2622Kb max_used=2622Kb free=117405Kb
 bounds [0x00007fbb30dce000, 0x00007fbb3105e000, 0x00007fbb38305000]
CodeHeap 'non-nmethods': size=5700Kb used=1125Kb max_used=1140Kb free=4574Kb
 bounds [0x00007fbb3083d000, 0x00007fbb30aad000, 0x00007fbb30dce000]
 total_blobs=1663 nmethods=1284 adapters=293
 compilation: enabled
              stopped_count=0, restarted_count=0
 full_count=0

Compilation events (20 events):
Event: 0,384 Thread 0x00007fbb481e7000 nmethod 1274 0x00007fbb31058790 code [0x00007fbb31058960, 0x00007fbb31058bc0]
Event: 0,384 Thread 0x00007fbb481e7000 1275       3       java.util.HashMap::tableSizeFor (32 bytes)
Event: 0,384 Thread 0x00007fbb481e7000 nmethod 1275 0x00007fbb31058c90 code [0x00007fbb31058e60, 0x00007fbb31059040]
Event: 0,384 Thread 0x00007fbb481e7000 1276       3       jdk.internal.reflect.ReflectionFactory::copyConstructor (10 bytes)
Event: 0,384 Thread 0x00007fbb481e7000 nmethod 1276 0x00007fbb31059110 code [0x00007fbb31059300, 0x00007fbb31059640]
Event: 0,384 Thread 0x00007fbb481e7000 1278       3       sun.reflect.generics.parser.SignatureParser::parsePackageNameAndSimpleClassTypeSignature (119 bytes)
Event: 0,385 Thread 0x00007fbb481e7000 nmethod 1278 0x00007fbb31059790 code [0x00007fbb31059ae0, 0x00007fbb3105ac00]
Event: 0,385 Thread 0x00007fbb481e7000 1279       3       java.lang.PublicMethods$Key::hashCode (19 bytes)
Event: 0,385 Thread 0x00007fbb481e7000 nmethod 1279 0x00007fbb3105b210 code [0x00007fbb3105b3e0, 0x00007fbb3105b570]
Event: 0,385 Thread 0x00007fbb481e7000 1277       3       java.lang.reflect.ReflectAccess::copyConstructor (5 bytes)
Event: 0,385 Thread 0x00007fbb481e7000 nmethod 1277 0x00007fbb3105b610 code [0x00007fbb3105b7c0, 0x00007fbb3105b900]
Event: 0,386 Thread 0x00007fbb481e7000 1280       3       java.lang.invoke.BoundMethodHandle::editor (8 bytes)
Event: 0,386 Thread 0x00007fbb481e7000 nmethod 1280 0x00007fbb3105ba10 code [0x00007fbb3105bc00, 0x00007fbb3105bfc0]
Event: 0,386 Thread 0x00007fbb481e7000 1281       3       java.lang.Module::implIsExportedOrOpen (92 bytes)
Event: 0,386 Thread 0x00007fbb481e7000 nmethod 1281 0x00007fbb3105c190 code [0x00007fbb3105c3a0, 0x00007fbb3105ca70]
Event: 0,388 Thread 0x00007fbb481e7000 1285       3       java.lang.StringLatin1::trim (76 bytes)
Event: 0,388 Thread 0x00007fbb481e7000 nmethod 1285 0x00007fbb3105cc10 code [0x00007fbb3105ce20, 0x00007fbb3105d400]
Event: 0,388 Thread 0x00007fbb481e7000 1284       3       java.lang.String::trim (35 bytes)
Event: 0,388 Thread 0x00007fbb481e7000 nmethod 1284 0x00007fbb3105d610 code [0x00007fbb3105d7e0, 0x00007fbb3105dad0]
Event: 0,388 Thread 0x00007fbb481e7000 1286       3       jdk.internal.reflect.ReflectionFactory::newConstructorAccessor (154 bytes)

GC Heap History (1 events):
Event: 0,389 GC heap before
{Heap before GC invocations=0 (full 0):
 garbage-first heap   total 256000K, used 25288K [0x0000000708400000, 0x0000000800000000)
  region size 1024K, 24 young (24576K), 0 survivors (0K)
 Metaspace       used 7374K, capacity 8770K, committed 8960K, reserved 1056768K
  class space    used 956K, capacity 1243K, committed 1280K, reserved 1048576K
}

Deoptimization events (20 events):
Event: 0,253 Thread 0x00007fbb48018000 DEOPT PACKING pc=0x00007fbb30e3d728 sp=0x00007fbb4f7ff660
Event: 0,253 Thread 0x00007fbb48018000 DEOPT UNPACKING pc=0x00007fbb3088764a sp=0x00007fbb4f7feb98 mode 0
Event: 0,260 Thread 0x00007fbb48018000 Uncommon trap: trap_request=0xffffff4d fr.pc=0x00007fbb3834ba1c relative=0x00000000000002fc
Event: 0,260 Thread 0x00007fbb48018000 Uncommon trap: reason=unstable_if action=reinterpret pc=0x00007fbb3834ba1c method=java.lang.String.startsWith(Ljava/lang/String;I)Z @ 1 c2
Event: 0,260 Thread 0x00007fbb48018000 DEOPT PACKING pc=0x00007fbb3834ba1c sp=0x00007fbb4f7fd430
Event: 0,260 Thread 0x00007fbb48018000 DEOPT UNPACKING pc=0x00007fbb30886ea5 sp=0x00007fbb4f7fd3c0 mode 2
Event: 0,326 Thread 0x00007fbb48018000 DEOPT PACKING pc=0x00007fbb30df5c40 sp=0x00007fbb4f801030
Event: 0,326 Thread 0x00007fbb48018000 DEOPT UNPACKING pc=0x00007fbb3088764a sp=0x00007fbb4f800568 mode 0
Event: 0,357 Thread 0x00007fbb48018000 Uncommon trap: trap_request=0xffffff4d fr.pc=0x00007fbb3834aea8 relative=0x0000000000000068
Event: 0,357 Thread 0x00007fbb48018000 Uncommon trap: reason=unstable_if action=reinterpret pc=0x00007fbb3834aea8 method=sun.net.www.ParseUtil.firstEncodeIndex(Ljava/lang/String;)I @ 51 c2
Event: 0,357 Thread 0x00007fbb48018000 DEOPT PACKING pc=0x00007fbb3834aea8 sp=0x00007fbb4f8007e0
Event: 0,357 Thread 0x00007fbb48018000 DEOPT UNPACKING pc=0x00007fbb30886ea5 sp=0x00007fbb4f800788 mode 2
Event: 0,367 Thread 0x00007fbb48018000 DEOPT PACKING pc=0x00007fbb3103c5a8 sp=0x00007fbb4f7ff140
Event: 0,367 Thread 0x00007fbb48018000 DEOPT UNPACKING pc=0x00007fbb3088764a sp=0x00007fbb4f7fe678 mode 0
Event: 0,378 Thread 0x00007fbb48018000 Uncommon trap: trap_request=0xffffff4d fr.pc=0x00007fbb3833c264 relative=0x00000000000000a4
Event: 0,378 Thread 0x00007fbb48018000 Uncommon trap: reason=unstable_if action=reinterpret pc=0x00007fbb3833c264 method=sun.reflect.generics.parser.SignatureParser.current()C @ 39 c2
Event: 0,378 Thread 0x00007fbb48018000 DEOPT PACKING pc=0x00007fbb3833c264 sp=0x00007fbb4f7fff70
Event: 0,378 Thread 0x00007fbb48018000 DEOPT UNPACKING pc=0x00007fbb30886ea5 sp=0x00007fbb4f7fff28 mode 2
Event: 0,383 Thread 0x00007fbb48018000 DEOPT PACKING pc=0x00007fbb3103c5a8 sp=0x00007fbb4f7ff420
Event: 0,383 Thread 0x00007fbb48018000 DEOPT UNPACKING pc=0x00007fbb3088764a sp=0x00007fbb4f7fe958 mode 0

Classes redefined (0 events):
No events

Internal exceptions (20 events):
Event: 0,214 Thread 0x00007fbb48018000 Exception <a 'java/lang/IncompatibleClassChangeError'{0x00000007171fe818}: Found class java.lang.Object, but interface was expected> (0x00000007171fe818) thrown at [src/hotspot/share/interpreter/linkResolver.cpp, line 839]
Event: 0,214 Thread 0x00007fbb48018000 Exception <a 'java/lang/NoSuchMethodError'{0x0000000717004aa8}: 'void java.lang.invoke.DirectMethodHandle$Holder.invokeSpecial(java.lang.Object, java.lang.Object)'> (0x0000000717004aa8) thrown at [src/hotspot/share/interpreter/linkResolver.cpp, line 772]
Event: 0,222 Thread 0x00007fbb48018000 Exception <a 'java/lang/IncompatibleClassChangeError'{0x0000000717091920}: Found class java.lang.Object, but interface was expected> (0x0000000717091920) thrown at [src/hotspot/share/interpreter/linkResolver.cpp, line 839]
Event: 0,223 Thread 0x00007fbb48018000 Exception <a 'java/lang/NoSuchMethodError'{0x000000071709bb50}: 'java.lang.Object java.lang.invoke.Invokers$Holder.linkToTargetMethod(java.lang.Object, java.lang.Object, java.lang.Object, java.lang.Object, java.lang.Object, java.lang.Object)'> (0x000000071709bb50) thrown at [src/hotspot/share/interpreter/linkResolver.cpp, line 772]
Event: 0,223 Thread 0x00007fbb48018000 Exception <a 'java/lang/NoSuchMethodError'{0x00000007170a8ee8}: 'void java.lang.invoke.DirectMethodHandle$Holder.invokeStaticInit(java.lang.Object)'> (0x00000007170a8ee8) thrown at [src/hotspot/share/interpreter/linkResolver.cpp, line 772]
Event: 0,225 Thread 0x00007fbb48018000 Exception <a 'java/lang/NoSuchMethodError'{0x00000007170bd768}: 'java.lang.Object java.lang.invoke.Invokers$Holder.linkToTargetMethod(java.lang.Object, java.lang.Object, java.lang.Object, java.lang.Object, java.lang.Object, java.lang.Object, java.lang.Object)'> (0x00000007170bd768) thrown at [src/hotspot/share/interpreter/linkResolver.cpp, line 772]
Event: 0,226 Thread 0x00007fbb48018000 Exception <a 'java/lang/NoSuchMethodError'{0x00000007170c51e8}: 'java.lang.Object java.lang.invoke.DirectMethodHandle$Holder.invokeSpecialIFC(java.lang.Object, java.lang.Object, java.lang.Object, java.lang.Object, java.lang.Object)'> (0x00000007170c51e8) thrown at [src/hotspot/share/interpreter/linkResolver.cpp, line 772]
Event: 0,279 Thread 0x00007fbb48018000 Exception <a 'java/lang/NoSuchMethodError'{0x0000000716c6b628}: 'java.lang.Object java.lang.invoke.DirectMethodHandle$Holder.invokeSpecial(java.lang.Object, java.lang.Object, java.lang.Object, java.lang.Object, java.lang.Object, java.lang.Object, java.lang.Object, java.lang.Object, java.lang.Object)'> (0x0000000716c6b628) thrown at [src/hotspot/share/interpreter/linkResolver.cpp, line 772]
Event: 0,279 Thread 0x00007fbb48018000 Exception <a 'java/lang/NoSuchMethodError'{0x0000000716c6f820}: 'java.lang.Object java.lang.invoke.Invokers$Holder.linkToTargetMethod(java.lang.Object, java.lang.Object, java.lang.Object, java.lang.Object, java.lang.Object, java.lang.Object, java.lang.Object, java.lang.Object)'> (0x0000000716c6f820) thrown at [src/hotspot/share/interpreter/linkResolver.cpp, line 772]
Event: 0,283 Thread 0x00007fbb48018000 Exception <a 'java/lang/NoSuchMethodError'{0x0000000716c91ae0}: 'java.lang.Object java.lang.invoke.DirectMethodHandle$Holder.invokeSpecialIFC(java.lang.Object, java.lang.Object, java.lang.Object, java.lang.Object)'> (0x0000000716c91ae0) thrown at [src/hotspot/share/interpreter/linkResolver.cpp, line 772]
Event: 0,290 Thread 0x00007fbb48018000 Exception <a 'java/lang/NoSuchMethodError'{0x0000000716cf0808}: 'void java.lang.invoke.DirectMethodHandle$Holder.invokeStatic(java.lang.Object, java.lang.Object, java.lang.Object, java.lang.Object, java.lang.Object)'> (0x0000000716cf0808) thrown at [src/hotspot/share/interpreter/linkResolver.cpp, line 772]
Event: 0,297 Thread 0x00007fbb48018000 Exception <a 'java/lang/NoSuchMethodError'{0x0000000716b7ed28}: 'int java.lang.invoke.DirectMethodHandle$Holder.invokeSpecialIFC(java.lang.Object, java.lang.Object, java.lang.Object, java.lang.Object)'> (0x0000000716b7ed28) thrown at [src/hotspot/share/interpreter/linkResolver.cpp, line 772]
Event: 0,314 Thread 0x00007fbb48018000 Exception <a 'java/lang/NoSuchMethodError'{0x0000000716ac3948}: 'java.lang.Object java.lang.invoke.Invokers$Holder.linkToTargetMethod(java.lang.Object, int, java.lang.Object)'> (0x0000000716ac3948) thrown at [src/hotspot/share/interpreter/linkResolver.cpp, line 772]
Event: 0,321 Thread 0x00007fbb48018000 Exception <a 'java/lang/NoSuchMethodError'{0x0000000716917090}: 'void java.lang.invoke.DirectMethodHandle$Holder.invokeInterface(java.lang.Object, java.lang.Object, java.lang.Object, java.lang.Object)'> (0x0000000716917090) thrown at [src/hotspot/share/interpreter/linkResolver.cpp, line 772]
Event: 0,321 Thread 0x00007fbb48018000 Exception <a 'java/lang/IncompatibleClassChangeError'{0x0000000716919e50}: Found class java.lang.Object, but interface was expected> (0x0000000716919e50) thrown at [src/hotspot/share/interpreter/linkResolver.cpp, line 839]
Event: 0,329 Thread 0x00007fbb48018000 Exception <a 'java/lang/NoSuchMethodError'{0x00000007169b1748}: 'int java.lang.invoke.DirectMethodHandle$Holder.invokeStatic(java.lang.Object, java.lang.Object, java.lang.Object, java.lang.Object, java.lang.Object)'> (0x00000007169b1748) thrown at [src/hotspot/share/interpreter/linkResolver.cpp, line 772]
Event: 0,342 Thread 0x00007fbb48018000 Exception <a 'java/lang/NoSuchMethodError'{0x0000000716881f40}: 'void java.lang.invoke.DelegatingMethodHandle$Holder.delegate(java.lang.Object, java.lang.Object, int, java.lang.Object)'> (0x0000000716881f40) thrown at [src/hotspot/share/interpreter/linkResolver.cpp, line 772]
Event: 0,369 Thread 0x00007fbb48018000 Exception <a 'java/lang/NoSuchMethodError'{0x000000071655abf8}: 'int java.lang.invoke.DirectMethodHandle$Holder.invokeInterface(java.lang.Object, java.lang.Object)'> (0x000000071655abf8) thrown at [src/hotspot/share/interpreter/linkResolver.cpp, line 772]
Event: 0,386 Thread 0x00007fbb48018000 Exception <a 'java/lang/NoSuchMethodError'{0x00000007164bad70}: 'java.lang.Object java.lang.invoke.DirectMethodHandle$Holder.invokeInterface(java.lang.Object, java.lang.Object, java.lang.Object)'> (0x00000007164bad70) thrown at [src/hotspot/share/interpreter/linkResolver.cpp, line 772]
Event: 0,386 Thread 0x00007fbb48018000 Exception <a 'java/lang/IncompatibleClassChangeError'{0x00000007164bdfa0}: Found class java.lang.Object, but interface was expected> (0x00000007164bdfa0) thrown at [src/hotspot/share/interpreter/linkResolver.cpp, line 839]

Events (20 events):
Event: 0,387 loading class io/cucumber/plugin/event/TestSourceParsed done
Event: 0,388 loading class io/cucumber/tagexpressions/TagExpressionParser
Event: 0,388 loading class io/cucumber/tagexpressions/TagExpressionParser done
Event: 0,388 loading class io/cucumber/tagexpressions/Expression
Event: 0,388 loading class io/cucumber/tagexpressions/Expression done
Event: 0,388 loading class io/cucumber/tagexpressions/Expression
Event: 0,388 loading class io/cucumber/tagexpressions/Expression done
Event: 0,388 loading class io/cucumber/tagexpressions/Expression
Event: 0,388 loading class io/cucumber/tagexpressions/Expression done
Event: 0,388 loading class io/cucumber/tagexpressions/Expression
Event: 0,388 loading class io/cucumber/tagexpressions/Expression done
Event: 0,388 loading class io/cucumber/tagexpressions/Expression
Event: 0,388 loading class io/cucumber/tagexpressions/Expression done
Event: 0,388 loading class io/cucumber/junit/platform/engine/PickleDescriptor
Event: 0,388 loading class io/cucumber/junit/platform/engine/PickleDescriptor done
Event: 0,389 loading class io/cucumber/junit/platform/engine/PickleDescriptor
Event: 0,389 loading class io/cucumber/junit/platform/engine/PickleDescriptor done
Event: 0,389 loading class org/junit/platform/engine/support/hierarchical/Node$SkipResult
Event: 0,389 loading class org/junit/platform/engine/support/hierarchical/Node$SkipResult done
Event: 0,389 Executing VM operation: G1CollectForAllocation


Dynamic libraries:
708400000-717c00000 rw-p 00000000 00:00 0 
717c00000-7bfe00000 ---p 00000000 00:00 0 
7bfe00000-7bfe47000 rw-p 01118000 103:06 3801977                         /usr/lib/jvm/java-11-openjdk-amd64/lib/server/classes.jsa
7bfe47000-7bff00000 rw-p 00000000 00:00 0 
7bff00000-7bff6b000 rw-p 010ad000 103:06 3801977                         /usr/lib/jvm/java-11-openjdk-amd64/lib/server/classes.jsa
7bff6b000-7c0000000 rw-p 00000000 00:00 0 
7c0000000-800000000 ---p 00000000 00:00 0 
800000000-800002000 rwxp 00001000 103:06 3801977                         /usr/lib/jvm/java-11-openjdk-amd64/lib/server/classes.jsa
800002000-8003cb000 rw-p 00003000 103:06 3801977                         /usr/lib/jvm/java-11-openjdk-amd64/lib/server/classes.jsa
8003cb000-800a99000 r--p 003cc000 103:06 3801977                         /usr/lib/jvm/java-11-openjdk-amd64/lib/server/classes.jsa
800a99000-800a9a000 rw-p 00a9a000 103:06 3801977                         /usr/lib/jvm/java-11-openjdk-amd64/lib/server/classes.jsa
800a9a000-8010ac000 r--p 00a9b000 103:06 3801977                         /usr/lib/jvm/java-11-openjdk-amd64/lib/server/classes.jsa
840000000-840140000 rw-p 00000000 00:00 0 
840140000-880000000 ---p 00000000 00:00 0 
56335ba39000-56335ba3a000 r--p 00000000 103:06 2889377                   /usr/lib/jvm/java-11-openjdk-amd64/bin/java
56335ba3a000-56335ba3b000 r-xp 00001000 103:06 2889377                   /usr/lib/jvm/java-11-openjdk-amd64/bin/java
56335ba3b000-56335ba3c000 r--p 00002000 103:06 2889377                   /usr/lib/jvm/java-11-openjdk-amd64/bin/java
56335ba3c000-56335ba3d000 r--p 00002000 103:06 2889377                   /usr/lib/jvm/java-11-openjdk-amd64/bin/java
56335ba3d000-56335ba3e000 rw-p 00003000 103:06 2889377                   /usr/lib/jvm/java-11-openjdk-amd64/bin/java
56335d623000-56335d644000 rw-p 00000000 00:00 0                          [heap]
7fbacc000000-7fbacc021000 rw-p 00000000 00:00 0 
7fbacc021000-7fbad0000000 ---p 00000000 00:00 0 
7fbad0000000-7fbad0021000 rw-p 00000000 00:00 0 
7fbad0021000-7fbad4000000 ---p 00000000 00:00 0 
7fbad4000000-7fbad4021000 rw-p 00000000 00:00 0 
7fbad4021000-7fbad8000000 ---p 00000000 00:00 0 
7fbad8000000-7fbad8021000 rw-p 00000000 00:00 0 
7fbad8021000-7fbadc000000 ---p 00000000 00:00 0 
7fbadc000000-7fbadc021000 rw-p 00000000 00:00 0 
7fbadc021000-7fbae0000000 ---p 00000000 00:00 0 
7fbae0000000-7fbae0021000 rw-p 00000000 00:00 0 
7fbae0021000-7fbae4000000 ---p 00000000 00:00 0 
7fbae4000000-7fbae4021000 rw-p 00000000 00:00 0 
7fbae4021000-7fbae8000000 ---p 00000000 00:00 0 
7fbae8000000-7fbae81a3000 rw-p 00000000 00:00 0 
7fbae81a3000-7fbaec000000 ---p 00000000 00:00 0 
7fbaec000000-7fbaec021000 rw-p 00000000 00:00 0 
7fbaec021000-7fbaf0000000 ---p 00000000 00:00 0 
7fbaf0000000-7fbaf0021000 rw-p 00000000 00:00 0 
7fbaf0021000-7fbaf4000000 ---p 00000000 00:00 0 
7fbaf4000000-7fbaf422e000 rw-p 00000000 00:00 0 
7fbaf422e000-7fbaf8000000 ---p 00000000 00:00 0 
7fbaf8000000-7fbaf83f6000 rw-p 00000000 00:00 0 
7fbaf83f6000-7fbafc000000 ---p 00000000 00:00 0 
7fbafc000000-7fbafc021000 rw-p 00000000 00:00 0 
7fbafc021000-7fbb00000000 ---p 00000000 00:00 0 
7fbb00000000-7fbb00021000 rw-p 00000000 00:00 0 
7fbb00021000-7fbb04000000 ---p 00000000 00:00 0 
7fbb04000000-7fbb04021000 rw-p 00000000 00:00 0 
7fbb04021000-7fbb08000000 ---p 00000000 00:00 0 
7fbb08000000-7fbb08021000 rw-p 00000000 00:00 0 
7fbb08021000-7fbb0c000000 ---p 00000000 00:00 0 
7fbb0c000000-7fbb0c021000 rw-p 00000000 00:00 0 
7fbb0c021000-7fbb10000000 ---p 00000000 00:00 0 
7fbb10000000-7fbb10021000 rw-p 00000000 00:00 0 
7fbb10021000-7fbb14000000 ---p 00000000 00:00 0 
7fbb14000000-7fbb14021000 rw-p 00000000 00:00 0 
7fbb14021000-7fbb18000000 ---p 00000000 00:00 0 
7fbb18000000-7fbb18021000 rw-p 00000000 00:00 0 
7fbb18021000-7fbb1c000000 ---p 00000000 00:00 0 
7fbb1ce7d000-7fbb1ce7e000 ---p 00000000 00:00 0 
7fbb1ce7e000-7fbb1cf7f000 rw-p 00000000 00:00 0 
7fbb1cf7f000-7fbb1cf80000 ---p 00000000 00:00 0 
7fbb1cf80000-7fbb1d081000 rw-p 00000000 00:00 0 
7fbb1d081000-7fbb1d082000 ---p 00000000 00:00 0 
7fbb1d082000-7fbb1d183000 rw-p 00000000 00:00 0 
7fbb1d183000-7fbb1d184000 ---p 00000000 00:00 0 
7fbb1d184000-7fbb1d285000 rw-p 00000000 00:00 0 
7fbb1d285000-7fbb1d286000 ---p 00000000 00:00 0 
7fbb1d286000-7fbb1d387000 rw-p 00000000 00:00 0 
7fbb1d387000-7fbb1d38b000 ---p 00000000 00:00 0 
7fbb1d38b000-7fbb1d488000 rw-p 00000000 00:00 0 
7fbb1d488000-7fbb1d48c000 ---p 00000000 00:00 0 
7fbb1d48c000-7fbb1d589000 rw-p 00000000 00:00 0 
7fbb1d589000-7fbb1d58d000 ---p 00000000 00:00 0 
7fbb1d58d000-7fbb1d68a000 rw-p 00000000 00:00 0 
7fbb1d68a000-7fbb1d68b000 ---p 00000000 00:00 0 
7fbb1d68b000-7fbb1d78c000 rw-p 00000000 00:00 0 
7fbb1d78c000-7fbb1d790000 ---p 00000000 00:00 0 
7fbb1d790000-7fbb1d88d000 rw-p 00000000 00:00 0 
7fbb1d88d000-7fbb1d891000 ---p 00000000 00:00 0 
7fbb1d891000-7fbb1d98e000 rw-p 00000000 00:00 0 
7fbb1d98e000-7fbb1d992000 ---p 00000000 00:00 0 
7fbb1d992000-7fbb1da8f000 rw-p 00000000 00:00 0 
7fbb1da8f000-7fbb1e000000 r--p 00000000 103:06 2889073                   /usr/lib/locale/locale-archive
7fbb1e000000-7fbb20000000 rw-p 00000000 00:00 0 
7fbb20000000-7fbb20021000 rw-p 00000000 00:00 0 
7fbb20021000-7fbb24000000 ---p 00000000 00:00 0 
7fbb2401c000-7fbb24020000 ---p 00000000 00:00 0 
7fbb24020000-7fbb2411d000 rw-p 00000000 00:00 0 
7fbb2411d000-7fbb24121000 ---p 00000000 00:00 0 
7fbb24121000-7fbb2421e000 rw-p 00000000 00:00 0 
7fbb2421e000-7fbb24222000 ---p 00000000 00:00 0 
7fbb24222000-7fbb2431f000 rw-p 00000000 00:00 0 
7fbb2431f000-7fbb24323000 ---p 00000000 00:00 0 
7fbb24323000-7fbb24800000 rw-p 00000000 00:00 0 
7fbb24800000-7fbb27208000 ---p 00000000 00:00 0 
7fbb27208000-7fbb27210000 rw-p 00000000 00:00 0 
7fbb27210000-7fbb28210000 ---p 00000000 00:00 0 
7fbb28210000-7fbb285f0000 rw-p 00000000 00:00 0 
7fbb285f0000-7fbb2aff8000 ---p 00000000 00:00 0 
7fbb2aff8000-7fbb2b000000 rw-p 00000000 00:00 0 
7fbb2b000000-7fbb2c000000 ---p 00000000 00:00 0 
7fbb2c000000-7fbb2c021000 rw-p 00000000 00:00 0 
7fbb2c021000-7fbb30000000 ---p 00000000 00:00 0 
7fbb3003d000-7fbb307bd000 rw-p 00000000 00:00 0 
7fbb307bd000-7fbb3083d000 ---p 00000000 00:00 0 
7fbb3083d000-7fbb30aad000 rwxp 00000000 00:00 0 
7fbb30aad000-7fbb30dce000 ---p 00000000 00:00 0 
7fbb30dce000-7fbb3105e000 rwxp 00000000 00:00 0 
7fbb3105e000-7fbb38305000 ---p 00000000 00:00 0 
7fbb38305000-7fbb38575000 rwxp 00000000 00:00 0 
7fbb38575000-7fbb3f83d000 ---p 00000000 00:00 0 
7fbb3f83d000-7fbb48000000 r--s 00000000 103:06 2950280                   /usr/lib/jvm/java-11-openjdk-amd64/lib/modules
7fbb48000000-7fbb48717000 rw-p 00000000 00:00 0 
7fbb48717000-7fbb4c000000 ---p 00000000 00:00 0 
7fbb4c083000-7fbb4c0b4000 rw-p 00000000 00:00 0 
7fbb4c0b4000-7fbb4c0b8000 r--p 00000000 103:06 2950270                   /usr/lib/jvm/java-11-openjdk-amd64/lib/libnet.so
7fbb4c0b8000-7fbb4c0c6000 r-xp 00004000 103:06 2950270                   /usr/lib/jvm/java-11-openjdk-amd64/lib/libnet.so
7fbb4c0c6000-7fbb4c0ca000 r--p 00012000 103:06 2950270                   /usr/lib/jvm/java-11-openjdk-amd64/lib/libnet.so
7fbb4c0ca000-7fbb4c0cb000 r--p 00015000 103:06 2950270                   /usr/lib/jvm/java-11-openjdk-amd64/lib/libnet.so
7fbb4c0cb000-7fbb4c0cc000 rw-p 00016000 103:06 2950270                   /usr/lib/jvm/java-11-openjdk-amd64/lib/libnet.so
7fbb4c0cc000-7fbb4c0d3000 r--p 00000000 103:06 2950271                   /usr/lib/jvm/java-11-openjdk-amd64/lib/libnio.so
7fbb4c0d3000-7fbb4c0db000 r-xp 00007000 103:06 2950271                   /usr/lib/jvm/java-11-openjdk-amd64/lib/libnio.so
7fbb4c0db000-7fbb4c0de000 r--p 0000f000 103:06 2950271                   /usr/lib/jvm/java-11-openjdk-amd64/lib/libnio.so
7fbb4c0de000-7fbb4c0df000 r--p 00011000 103:06 2950271                   /usr/lib/jvm/java-11-openjdk-amd64/lib/libnio.so
7fbb4c0df000-7fbb4c0e0000 rw-p 00012000 103:06 2950271                   /usr/lib/jvm/java-11-openjdk-amd64/lib/libnio.so
7fbb4c0e0000-7fbb4c0e1000 ---p 00000000 00:00 0 
7fbb4c0e1000-7fbb4c328000 rw-p 00000000 00:00 0 
7fbb4c328000-7fbb4c329000 ---p 00000000 00:00 0 
7fbb4c329000-7fbb4c42a000 rw-p 00000000 00:00 0 
7fbb4c42a000-7fbb4c42b000 ---p 00000000 00:00 0 
7fbb4c42b000-7fbb4cf36000 rw-p 00000000 00:00 0 
7fbb4cf36000-7fbb4cf37000 ---p 00000000 00:00 0 
7fbb4cf37000-7fbb4d038000 rw-p 00000000 00:00 0 
7fbb4d038000-7fbb4d039000 ---p 00000000 00:00 0 
7fbb4d039000-7fbb4d2b6000 rw-p 00000000 00:00 0 
7fbb4d2b6000-7fbb4d7f7000 ---p 00000000 00:00 0 
7fbb4d7f7000-7fbb4d7f8000 rw-p 00000000 00:00 0 
7fbb4d7f8000-7fbb4d9f8000 ---p 00000000 00:00 0 
7fbb4d9f8000-7fbb4da74000 rw-p 00000000 00:00 0 
7fbb4da74000-7fbb4dfb5000 ---p 00000000 00:00 0 
7fbb4dfb5000-7fbb4dfb6000 rw-p 00000000 00:00 0 
7fbb4dfb6000-7fbb4e1b6000 ---p 00000000 00:00 0 
7fbb4e1b6000-7fbb4e232000 rw-p 00000000 00:00 0 
7fbb4e232000-7fbb4e773000 ---p 00000000 00:00 0 
7fbb4e773000-7fbb4e774000 rw-p 00000000 00:00 0 
7fbb4e774000-7fbb4e974000 ---p 00000000 00:00 0 
7fbb4e974000-7fbb4f37e000 rw-p 00000000 00:00 0 
7fbb4f37e000-7fbb4f37f000 ---p 00000000 00:00 0 
7fbb4f37f000-7fbb4f485000 rw-p 00000000 00:00 0 
7fbb4f485000-7fbb4f56b000 ---p 00000000 00:00 0 
7fbb4f56b000-7fbb4f571000 rw-p 00000000 00:00 0 
7fbb4f571000-7fbb4f656000 ---p 00000000 00:00 0 
7fbb4f656000-7fbb4f65b000 rw-p 00000000 00:00 0 
7fbb4f65b000-7fbb4f662000 ---p 00000000 00:00 0 
7fbb4f662000-7fbb4f665000 r--p 00000000 103:06 3673747                   /lib/x86_64-linux-gnu/libnss_files-2.31.so
7fbb4f665000-7fbb4f66c000 r-xp 00003000 103:06 3673747                   /lib/x86_64-linux-gnu/libnss_files-2.31.so
7fbb4f66c000-7fbb4f66e000 r--p 0000a000 103:06 3673747                   /lib/x86_64-linux-gnu/libnss_files-2.31.so
7fbb4f66e000-7fbb4f66f000 r--p 0000b000 103:06 3673747                   /lib/x86_64-linux-gnu/libnss_files-2.31.so
7fbb4f66f000-7fbb4f670000 rw-p 0000c000 103:06 3673747                   /lib/x86_64-linux-gnu/libnss_files-2.31.so
7fbb4f670000-7fbb4f676000 rw-p 00000000 00:00 0 
7fbb4f676000-7fbb4f67a000 r--p 00000000 103:06 3673741                   /lib/x86_64-linux-gnu/libnsl-2.31.so
7fbb4f67a000-7fbb4f68a000 r-xp 00004000 103:06 3673741                   /lib/x86_64-linux-gnu/libnsl-2.31.so
7fbb4f68a000-7fbb4f68f000 r--p 00014000 103:06 3673741                   /lib/x86_64-linux-gnu/libnsl-2.31.so
7fbb4f68f000-7fbb4f690000 r--p 00018000 103:06 3673741                   /lib/x86_64-linux-gnu/libnsl-2.31.so
7fbb4f690000-7fbb4f691000 rw-p 00019000 103:06 3673741                   /lib/x86_64-linux-gnu/libnsl-2.31.so
7fbb4f691000-7fbb4f693000 rw-p 00000000 00:00 0 
7fbb4f693000-7fbb4f695000 r--p 00000000 103:06 3673751                   /lib/x86_64-linux-gnu/libnss_nis-2.31.so
7fbb4f695000-7fbb4f69d000 r-xp 00002000 103:06 3673751                   /lib/x86_64-linux-gnu/libnss_nis-2.31.so
7fbb4f69d000-7fbb4f69f000 r--p 0000a000 103:06 3673751                   /lib/x86_64-linux-gnu/libnss_nis-2.31.so
7fbb4f69f000-7fbb4f6a0000 r--p 0000b000 103:06 3673751                   /lib/x86_64-linux-gnu/libnss_nis-2.31.so
7fbb4f6a0000-7fbb4f6a1000 rw-p 0000c000 103:06 3673751                   /lib/x86_64-linux-gnu/libnss_nis-2.31.so
7fbb4f6a1000-7fbb4f6a3000 r--p 00000000 103:06 3673743                   /lib/x86_64-linux-gnu/libnss_compat-2.31.so
7fbb4f6a3000-7fbb4f6aa000 r-xp 00002000 103:06 3673743                   /lib/x86_64-linux-gnu/libnss_compat-2.31.so
7fbb4f6aa000-7fbb4f6ab000 r--p 00009000 103:06 3673743                   /lib/x86_64-linux-gnu/libnss_compat-2.31.so
7fbb4f6ab000-7fbb4f6ac000 r--p 00009000 103:06 3673743                   /lib/x86_64-linux-gnu/libnss_compat-2.31.so
7fbb4f6ac000-7fbb4f6ad000 rw-p 0000a000 103:06 3673743                   /lib/x86_64-linux-gnu/libnss_compat-2.31.so
7fbb4f6af000-7fbb4f6b0000 r--p 00000000 103:06 2921601                   /usr/lib/jvm/java-11-openjdk-amd64/lib/libextnet.so
7fbb4f6b0000-7fbb4f6b1000 r-xp 00001000 103:06 2921601                   /usr/lib/jvm/java-11-openjdk-amd64/lib/libextnet.so
7fbb4f6b1000-7fbb4f6b2000 r--p 00002000 103:06 2921601                   /usr/lib/jvm/java-11-openjdk-amd64/lib/libextnet.so
7fbb4f6b2000-7fbb4f6b3000 r--p 00002000 103:06 2921601                   /usr/lib/jvm/java-11-openjdk-amd64/lib/libextnet.so
7fbb4f6b3000-7fbb4f6b4000 rw-p 00003000 103:06 2921601                   /usr/lib/jvm/java-11-openjdk-amd64/lib/libextnet.so
7fbb4f6b4000-7fbb4f6b6000 r--s 0000c000 103:06 3282460                   /usr/share/java/java-atk-wrapper.jar
7fbb4f6b6000-7fbb4f6b8000 r--p 00000000 103:06 2950279                   /usr/lib/jvm/java-11-openjdk-amd64/lib/libzip.so
7fbb4f6b8000-7fbb4f6bd000 r-xp 00002000 103:06 2950279                   /usr/lib/jvm/java-11-openjdk-amd64/lib/libzip.so
7fbb4f6bd000-7fbb4f6bf000 r--p 00007000 103:06 2950279                   /usr/lib/jvm/java-11-openjdk-amd64/lib/libzip.so
7fbb4f6bf000-7fbb4f6c0000 r--p 00008000 103:06 2950279                   /usr/lib/jvm/java-11-openjdk-amd64/lib/libzip.so
7fbb4f6c0000-7fbb4f6c1000 rw-p 00009000 103:06 2950279                   /usr/lib/jvm/java-11-openjdk-amd64/lib/libzip.so
7fbb4f6c1000-7fbb4f6c9000 rw-s 00000000 103:06 3804833                   /tmp/hsperfdata_artur/60599
7fbb4f6c9000-7fbb4f6ca000 ---p 00000000 00:00 0 
7fbb4f6ca000-7fbb4f6cb000 r--p 00000000 00:00 0 
7fbb4f6cb000-7fbb4f6d9000 r--p 00000000 103:06 2950259                   /usr/lib/jvm/java-11-openjdk-amd64/lib/libjava.so
7fbb4f6d9000-7fbb4f6ef000 r-xp 0000e000 103:06 2950259                   /usr/lib/jvm/java-11-openjdk-amd64/lib/libjava.so
7fbb4f6ef000-7fbb4f6f6000 r--p 00024000 103:06 2950259                   /usr/lib/jvm/java-11-openjdk-amd64/lib/libjava.so
7fbb4f6f6000-7fbb4f6f7000 r--p 0002a000 103:06 2950259                   /usr/lib/jvm/java-11-openjdk-amd64/lib/libjava.so
7fbb4f6f7000-7fbb4f6f8000 rw-p 0002b000 103:06 2950259                   /usr/lib/jvm/java-11-openjdk-amd64/lib/libjava.so
7fbb4f6f8000-7fbb4f6f9000 rw-p 00000000 00:00 0 
7fbb4f6f9000-7fbb4f6fb000 r--p 00000000 103:06 3673760                   /lib/x86_64-linux-gnu/librt-2.31.so
7fbb4f6fb000-7fbb4f6ff000 r-xp 00002000 103:06 3673760                   /lib/x86_64-linux-gnu/librt-2.31.so
7fbb4f6ff000-7fbb4f701000 r--p 00006000 103:06 3673760                   /lib/x86_64-linux-gnu/librt-2.31.so
7fbb4f701000-7fbb4f702000 r--p 00007000 103:06 3673760                   /lib/x86_64-linux-gnu/librt-2.31.so
7fbb4f702000-7fbb4f703000 rw-p 00008000 103:06 3673760                   /lib/x86_64-linux-gnu/librt-2.31.so
7fbb4f703000-7fbb4f707000 ---p 00000000 00:00 0 
7fbb4f707000-7fbb4f804000 rw-p 00000000 00:00 0 
7fbb4f804000-7fbb4f807000 r--p 00000000 103:06 3670736                   /lib/x86_64-linux-gnu/libgcc_s.so.1
7fbb4f807000-7fbb4f819000 r-xp 00003000 103:06 3670736                   /lib/x86_64-linux-gnu/libgcc_s.so.1
7fbb4f819000-7fbb4f81d000 r--p 00015000 103:06 3670736                   /lib/x86_64-linux-gnu/libgcc_s.so.1
7fbb4f81d000-7fbb4f81e000 r--p 00018000 103:06 3670736                   /lib/x86_64-linux-gnu/libgcc_s.so.1
7fbb4f81e000-7fbb4f81f000 rw-p 00019000 103:06 3670736                   /lib/x86_64-linux-gnu/libgcc_s.so.1
7fbb4f81f000-7fbb4f82c000 r--p 00000000 103:06 3673735                   /lib/x86_64-linux-gnu/libm-2.31.so
7fbb4f82c000-7fbb4f8d3000 r-xp 0000d000 103:06 3673735                   /lib/x86_64-linux-gnu/libm-2.31.so
7fbb4f8d3000-7fbb4f96c000 r--p 000b4000 103:06 3673735                   /lib/x86_64-linux-gnu/libm-2.31.so
7fbb4f96c000-7fbb4f96d000 r--p 0014c000 103:06 3673735                   /lib/x86_64-linux-gnu/libm-2.31.so
7fbb4f96d000-7fbb4f96e000 rw-p 0014d000 103:06 3673735                   /lib/x86_64-linux-gnu/libm-2.31.so
7fbb4f96e000-7fbb4fa04000 r--p 00000000 103:06 2883678                   /usr/lib/x86_64-linux-gnu/libstdc++.so.6.0.28
7fbb4fa04000-7fbb4faf5000 r-xp 00096000 103:06 2883678                   /usr/lib/x86_64-linux-gnu/libstdc++.so.6.0.28
7fbb4faf5000-7fbb4fb3e000 r--p 00187000 103:06 2883678                   /usr/lib/x86_64-linux-gnu/libstdc++.so.6.0.28
7fbb4fb3e000-7fbb4fb3f000 ---p 001d0000 103:06 2883678                   /usr/lib/x86_64-linux-gnu/libstdc++.so.6.0.28
7fbb4fb3f000-7fbb4fb4a000 r--p 001d0000 103:06 2883678                   /usr/lib/x86_64-linux-gnu/libstdc++.so.6.0.28
7fbb4fb4a000-7fbb4fb4d000 rw-p 001db000 103:06 2883678                   /usr/lib/x86_64-linux-gnu/libstdc++.so.6.0.28
7fbb4fb4d000-7fbb4fb50000 rw-p 00000000 00:00 0 
7fbb4fb50000-7fbb4fdd2000 r--p 00000000 103:06 3801974                   /usr/lib/jvm/java-11-openjdk-amd64/lib/server/libjvm.so
7fbb4fdd2000-7fbb50a57000 r-xp 00282000 103:06 3801974                   /usr/lib/jvm/java-11-openjdk-amd64/lib/server/libjvm.so
7fbb50a57000-7fbb50cb3000 r--p 00f07000 103:06 3801974                   /usr/lib/jvm/java-11-openjdk-amd64/lib/server/libjvm.so
7fbb50cb3000-7fbb50d77000 r--p 01162000 103:06 3801974                   /usr/lib/jvm/java-11-openjdk-amd64/lib/server/libjvm.so
7fbb50d77000-7fbb50db2000 rw-p 01226000 103:06 3801974                   /usr/lib/jvm/java-11-openjdk-amd64/lib/server/libjvm.so
7fbb50db2000-7fbb50e0b000 rw-p 00000000 00:00 0 
7fbb50e0b000-7fbb50e11000 r--p 00000000 103:06 3673757                   /lib/x86_64-linux-gnu/libpthread-2.31.so
7fbb50e11000-7fbb50e22000 r-xp 00006000 103:06 3673757                   /lib/x86_64-linux-gnu/libpthread-2.31.so
7fbb50e22000-7fbb50e28000 r--p 00017000 103:06 3673757                   /lib/x86_64-linux-gnu/libpthread-2.31.so
7fbb50e28000-7fbb50e29000 r--p 0001c000 103:06 3673757                   /lib/x86_64-linux-gnu/libpthread-2.31.so
7fbb50e29000-7fbb50e2a000 rw-p 0001d000 103:06 3673757                   /lib/x86_64-linux-gnu/libpthread-2.31.so
7fbb50e2a000-7fbb50e2e000 rw-p 00000000 00:00 0 
7fbb50e2e000-7fbb50e2f000 r--p 00000000 103:06 3673733                   /lib/x86_64-linux-gnu/libdl-2.31.so
7fbb50e2f000-7fbb50e31000 r-xp 00001000 103:06 3673733                   /lib/x86_64-linux-gnu/libdl-2.31.so
7fbb50e31000-7fbb50e32000 r--p 00003000 103:06 3673733                   /lib/x86_64-linux-gnu/libdl-2.31.so
7fbb50e32000-7fbb50e33000 r--p 00003000 103:06 3673733                   /lib/x86_64-linux-gnu/libdl-2.31.so
7fbb50e33000-7fbb50e34000 rw-p 00004000 103:06 3673733                   /lib/x86_64-linux-gnu/libdl-2.31.so
7fbb50e34000-7fbb50e36000 r--p 00000000 103:06 3672931                   /lib/x86_64-linux-gnu/libz.so.1.2.11
7fbb50e36000-7fbb50e47000 r-xp 00002000 103:06 3672931                   /lib/x86_64-linux-gnu/libz.so.1.2.11
7fbb50e47000-7fbb50e4d000 r--p 00013000 103:06 3672931                   /lib/x86_64-linux-gnu/libz.so.1.2.11
7fbb50e4d000-7fbb50e4e000 ---p 00019000 103:06 3672931                   /lib/x86_64-linux-gnu/libz.so.1.2.11
7fbb50e4e000-7fbb50e4f000 r--p 00019000 103:06 3672931                   /lib/x86_64-linux-gnu/libz.so.1.2.11
7fbb50e4f000-7fbb50e50000 rw-p 0001a000 103:06 3672931                   /lib/x86_64-linux-gnu/libz.so.1.2.11
7fbb50e50000-7fbb50e72000 r--p 00000000 103:06 3673731                   /lib/x86_64-linux-gnu/libc-2.31.so
7fbb50e72000-7fbb50fea000 r-xp 00022000 103:06 3673731                   /lib/x86_64-linux-gnu/libc-2.31.so
7fbb50fea000-7fbb51038000 r--p 0019a000 103:06 3673731                   /lib/x86_64-linux-gnu/libc-2.31.so
7fbb51038000-7fbb5103c000 r--p 001e7000 103:06 3673731                   /lib/x86_64-linux-gnu/libc-2.31.so
7fbb5103c000-7fbb5103e000 rw-p 001eb000 103:06 3673731                   /lib/x86_64-linux-gnu/libc-2.31.so
7fbb5103e000-7fbb51042000 rw-p 00000000 00:00 0 
7fbb51043000-7fbb51045000 r--p 00000000 103:06 2950262                   /usr/lib/jvm/java-11-openjdk-amd64/lib/libjimage.so
7fbb51045000-7fbb51048000 r-xp 00002000 103:06 2950262                   /usr/lib/jvm/java-11-openjdk-amd64/lib/libjimage.so
7fbb51048000-7fbb51049000 r--p 00005000 103:06 2950262                   /usr/lib/jvm/java-11-openjdk-amd64/lib/libjimage.so
7fbb51049000-7fbb5104a000 ---p 00006000 103:06 2950262                   /usr/lib/jvm/java-11-openjdk-amd64/lib/libjimage.so
7fbb5104a000-7fbb5104b000 r--p 00006000 103:06 2950262                   /usr/lib/jvm/java-11-openjdk-amd64/lib/libjimage.so
7fbb5104b000-7fbb5104c000 rw-p 00007000 103:06 2950262                   /usr/lib/jvm/java-11-openjdk-amd64/lib/libjimage.so
7fbb5104c000-7fbb51051000 r--p 00000000 103:06 2950278                   /usr/lib/jvm/java-11-openjdk-amd64/lib/libverify.so
7fbb51051000-7fbb51058000 r-xp 00005000 103:06 2950278                   /usr/lib/jvm/java-11-openjdk-amd64/lib/libverify.so
7fbb51058000-7fbb5105a000 r--p 0000c000 103:06 2950278                   /usr/lib/jvm/java-11-openjdk-amd64/lib/libverify.so
7fbb5105a000-7fbb5105b000 ---p 0000e000 103:06 2950278                   /usr/lib/jvm/java-11-openjdk-amd64/lib/libverify.so
7fbb5105b000-7fbb5105d000 r--p 0000e000 103:06 2950278                   /usr/lib/jvm/java-11-openjdk-amd64/lib/libverify.so
7fbb5105d000-7fbb5105e000 rw-p 00010000 103:06 2950278                   /usr/lib/jvm/java-11-openjdk-amd64/lib/libverify.so
7fbb5105e000-7fbb51061000 r--p 00000000 103:06 3671919                   /usr/lib/jvm/java-11-openjdk-amd64/lib/jli/libjli.so
7fbb51061000-7fbb5106b000 r-xp 00003000 103:06 3671919                   /usr/lib/jvm/java-11-openjdk-amd64/lib/jli/libjli.so
7fbb5106b000-7fbb5106e000 r--p 0000d000 103:06 3671919                   /usr/lib/jvm/java-11-openjdk-amd64/lib/jli/libjli.so
7fbb5106e000-7fbb5106f000 ---p 00010000 103:06 3671919                   /usr/lib/jvm/java-11-openjdk-amd64/lib/jli/libjli.so
7fbb5106f000-7fbb51070000 r--p 00010000 103:06 3671919                   /usr/lib/jvm/java-11-openjdk-amd64/lib/jli/libjli.so
7fbb51070000-7fbb51071000 rw-p 00011000 103:06 3671919                   /usr/lib/jvm/java-11-openjdk-amd64/lib/jli/libjli.so
7fbb51071000-7fbb51073000 rw-p 00000000 00:00 0 
7fbb51073000-7fbb51074000 r--p 00000000 103:06 3673723                   /lib/x86_64-linux-gnu/ld-2.31.so
7fbb51074000-7fbb51097000 r-xp 00001000 103:06 3673723                   /lib/x86_64-linux-gnu/ld-2.31.so
7fbb51097000-7fbb5109f000 r--p 00024000 103:06 3673723                   /lib/x86_64-linux-gnu/ld-2.31.so
7fbb510a0000-7fbb510a1000 r--p 0002c000 103:06 3673723                   /lib/x86_64-linux-gnu/ld-2.31.so
7fbb510a1000-7fbb510a2000 rw-p 0002d000 103:06 3673723                   /lib/x86_64-linux-gnu/ld-2.31.so
7fbb510a2000-7fbb510a3000 rw-p 00000000 00:00 0 
7ffc0c5fd000-7ffc0c61f000 rw-p 00000000 00:00 0                          [stack]
7ffc0c7a9000-7ffc0c7ac000 r--p 00000000 00:00 0                          [vvar]
7ffc0c7ac000-7ffc0c7ad000 r-xp 00000000 00:00 0                          [vdso]
ffffffffff600000-ffffffffff601000 --xp 00000000 00:00 0                  [vsyscall]


VM Arguments:
jvm_args: -ea -Dfile.encoding=UTF-8 
java_command: org.eclipse.jdt.internal.junit.runner.RemoteTestRunner -version 3 -port 40323 -testLoaderClass org.eclipse.jdt.internal.junit5.runner.JUnit5TestLoader -loaderpluginname org.eclipse.jdt.junit5.runtime -testNameFile /tmp/testNames14415221193943692435.txt
java_class_path (initial): /home/artur/Desktop/3ano/TQS/tqs_98470/lab5/lab5_2/books/target/test-classes:/home/artur/Desktop/3ano/TQS/tqs_98470/lab5/lab5_2/books/target/classes:/home/artur/.m2/repository/io/cucumber/cucumber-java/7.2.3/cucumber-java-7.2.3.jar:/home/artur/.m2/repository/io/cucumber/cucumber-core/7.2.3/cucumber-core-7.2.3.jar:/home/artur/.m2/repository/io/cucumber/cucumber-gherkin/7.2.3/cucumber-gherkin-7.2.3.jar:/home/artur/.m2/repository/io/cucumber/cucumber-gherkin-messages/7.2.3/cucumber-gherkin-messages-7.2.3.jar:/home/artur/.m2/repository/io/cucumber/messages/17.1.1/messages-17.1.1.jar:/home/artur/.m2/repository/io/cucumber/tag-expressions/4.1.0/tag-expressions-4.1.0.jar:/home/artur/.m2/repository/io/cucumber/cucumber-expressions/15.0.1/cucumber-expressions-15.0.1.jar:/home/artur/.m2/repository/io/cucumber/datatable/7.2.3/datatable-7.2.3.jar:/home/artur/.m2/repository/io/cucumber/cucumber-plugin/7.2.3/cucumber-plugin-7.2.3.jar:/home/artur/.m2/repository/io/cucumber/docstring/7.2.3/docstring-7.2.3.jar:/home/artur/.m2/repository/io/cucumber/html-formatter/17.0.0/html-formatter-17.0.0.jar:/home/artur/.m2/repository/io/cucumber/ci-environment/8.1.0/ci-environment-8.1.0.jar:/home/artur/.m2/repository/org/apiguardian/apiguardian-api/1.1.2/apiguardian-api-1.1.2.jar:/home/artur/.m2/repository/io/cucumber/cucumber-junit-platform-engine/7.2.3/cucumber-junit-platform-engine-7.2.3.jar:/home/artur/.m2/repository/org/junit/platform/junit-platform-engine/1.8.2/junit-platform-engine-1.8.2.jar:/home/artur/.m2/repository/org/opentest4j/opentest4j/1.2.0/opentest4j-1.2.0.jar:/home/artur/.m2/repository/org/junit/platform/junit-platform-commons/1.8.2/junit-platform-commons-1.8.2.jar:/home/artur/.m2/repository/org/junit/platform/junit-platform-suite/1.8.2/junit-platform-suite-1.8.2.jar:/home/artur/.m2/repository/org/junit/platform/junit-platform-suite-api/1.8.2/junit-platform-suite-api-1.8.2.jar:/home/artur/.m2/repository/org/junit/platform/junit-platform-suite-engin
Launcher Type: SUN_STANDARD

[Global flags]
     intx CICompilerCount                          = 4                                         {product} {ergonomic}
     uint ConcGCThreads                            = 3                                         {product} {ergonomic}
     uint G1ConcRefinementThreads                  = 10                                        {product} {ergonomic}
   size_t G1HeapRegionSize                         = 1048576                                   {product} {ergonomic}
    uintx GCDrainStackTargetSize                   = 64                                        {product} {ergonomic}
   size_t InitialHeapSize                          = 260046848                                 {product} {ergonomic}
   size_t MarkStackSize                            = 4194304                                   {product} {ergonomic}
   size_t MaxHeapSize                              = 4156555264                                {product} {ergonomic}
   size_t MaxNewSize                               = 2493513728                                {product} {ergonomic}
   size_t MinHeapDeltaBytes                        = 1048576                                   {product} {ergonomic}
    uintx NonNMethodCodeHeapSize                   = 5836300                                {pd product} {ergonomic}
    uintx NonProfiledCodeHeapSize                  = 122910970                              {pd product} {ergonomic}
    uintx ProfiledCodeHeapSize                     = 122910970                              {pd product} {ergonomic}
    uintx ReservedCodeCacheSize                    = 251658240                              {pd product} {ergonomic}
     bool SegmentedCodeCache                       = true                                      {product} {ergonomic}
     bool UseCompressedClassPointers               = true                                 {lp64_product} {ergonomic}
     bool UseCompressedOops                        = true                                 {lp64_product} {ergonomic}
     bool UseG1GC                                  = true                                      {product} {ergonomic}

Logging:
Log output configuration:
 #0: stdout all=warning uptime,level,tags
 #1: stderr all=off uptime,level,tags

Environment Variables:
JAVA_HOME=/usr/lib/jvm/java-11-openjdk-amd64
CLASSPATH=.:/usr/local/lib/antlr-4.9.2-complete.jar:/usr/local/lib/ST-4.3.1.jar:
PATH=/home/artur/.local/bin:/home/artur/.nvm/versions/node/v14.17.0/bin:/home/artur/.local/bin:/usr/local/sbin:/usr/local/bin:/usr/sbin:/usr/bin:/sbin:/bin:/usr/games:/usr/local/games:/snap/bin:/usr/lib/jvm/java-16-oracle/bin:/usr/lib/jvm/java-16-oracle/db/bin:/usr/lib/jvm/java-16-oracle/bin:/usr/lib/jvm/java-16-oracle/db/bin:/opt/bin:.:
USERNAME=artur
SHELL=/bin/bash
DISPLAY=:0
LANG=en_US.UTF-8
LC_CTYPE=pt_PT.UTF-8

Signal Handlers:
SIGSEGV: [libjvm.so+0xe94e20], sa_mask[0]=11111111011111111101111111111110, sa_flags=SA_RESTART|SA_SIGINFO
SIGBUS: [libjvm.so+0xe94e20], sa_mask[0]=11111111011111111101111111111110, sa_flags=SA_RESTART|SA_SIGINFO
SIGFPE: [libjvm.so+0xe94e20], sa_mask[0]=11111111011111111101111111111110, sa_flags=SA_RESTART|SA_SIGINFO
SIGPIPE: [libjvm.so+0xbdc9e0], sa_mask[0]=11111111011111111101111111111110, sa_flags=SA_RESTART|SA_SIGINFO
SIGXFSZ: [libjvm.so+0xbdc9e0], sa_mask[0]=11111111011111111101111111111110, sa_flags=SA_RESTART|SA_SIGINFO
SIGILL: [libjvm.so+0xe94e20], sa_mask[0]=11111111011111111101111111111110, sa_flags=SA_RESTART|SA_SIGINFO
SIGUSR2: [libjvm.so+0xbdc880], sa_mask[0]=00100000000000000000000000000000, sa_flags=SA_RESTART|SA_SIGINFO
SIGHUP: [libjvm.so+0xbdcd20], sa_mask[0]=11111111011111111101111111111110, sa_flags=SA_RESTART|SA_SIGINFO
SIGINT: [libjvm.so+0xbdcd20], sa_mask[0]=11111111011111111101111111111110, sa_flags=SA_RESTART|SA_SIGINFO
SIGTERM: [libjvm.so+0xbdcd20], sa_mask[0]=11111111011111111101111111111110, sa_flags=SA_RESTART|SA_SIGINFO
SIGQUIT: [libjvm.so+0xbdcd20], sa_mask[0]=11111111011111111101111111111110, sa_flags=SA_RESTART|SA_SIGINFO


---------------  S Y S T E M  ---------------

OS:DISTRIB_ID=Ubuntu
DISTRIB_RELEASE=20.04
DISTRIB_CODENAME=focal
DISTRIB_DESCRIPTION="Ubuntu 20.04.4 LTS"
uname:Linux 5.4.0-107-generic #121-Ubuntu SMP Thu Mar 24 16:04:27 UTC 2022 x86_64
OS uptime: 0 days 6:08 hours
libc:glibc 2.31 NPTL 2.31 
rlimit (soft/hard): STACK 8192k/infinity , CORE 0k/infinity , NPROC 63159/63159 , NOFILE 1048576/1048576 , AS infinity/infinity , CPU infinity/infinity , DATA infinity/infinity , FSIZE infinity/infinity , MEMLOCK 65536k/65536k
load average:0,80 0,91 1,02

/proc/meminfo:
MemTotal:       16231284 kB
MemFree:         2750616 kB
MemAvailable:    9299712 kB
Buffers:          778072 kB
Cached:          6703956 kB
SwapCached:            0 kB
Active:          8156880 kB
Inactive:        3880056 kB
Active(anon):    5130448 kB
Inactive(anon):   383308 kB
Active(file):    3026432 kB
Inactive(file):  3496748 kB
Unevictable:      577976 kB
Mlocked:              48 kB
SwapTotal:       2097148 kB
SwapFree:        2097148 kB
Dirty:              3664 kB
Writeback:             0 kB
AnonPages:       5133520 kB
Mapped:          1800556 kB
Shmem:            965940 kB
KReclaimable:     367964 kB
Slab:             648916 kB
SReclaimable:     367964 kB
SUnreclaim:       280952 kB
KernelStack:       25556 kB
PageTables:        67560 kB
NFS_Unstable:          0 kB
Bounce:                0 kB
WritebackTmp:          0 kB
CommitLimit:    10212788 kB
Committed_AS:   19874568 kB
VmallocTotal:   34359738367 kB
VmallocUsed:       51496 kB
VmallocChunk:          0 kB
Percpu:            17024 kB
HardwareCorrupted:     0 kB
AnonHugePages:         0 kB
ShmemHugePages:        0 kB
ShmemPmdMapped:        0 kB
FileHugePages:         0 kB
FilePmdMapped:         0 kB
CmaTotal:              0 kB
CmaFree:               0 kB
HugePages_Total:       0
HugePages_Free:        0
HugePages_Rsvd:        0
HugePages_Surp:        0
Hugepagesize:       2048 kB
Hugetlb:               0 kB
DirectMap4k:      572000 kB
DirectMap2M:    14997504 kB
DirectMap1G:     1048576 kB

/sys/kernel/mm/transparent_hugepage/enabled:
always [madvise] never
/sys/kernel/mm/transparent_hugepage/defrag (defrag/compaction efforts parameter):
always defer defer+madvise [madvise] never

Process Memory:
Virtual Size: 7289080K (peak: 15579188K)
Resident Set Size: 87276K (peak: 87276K) (anon: 59356K, file: 27920K, shmem: 0K)
Swapped out: 0K
C-Heap outstanding allocations: 13501K

/proc/sys/kernel/threads-max (system-wide limit on the number of threads):
126318
/proc/sys/vm/max_map_count (maximum number of memory map areas a process may have):
1048575
/proc/sys/kernel/pid_max (system-wide limit on number of process identifiers):
4194304

container (cgroup) information:
container_type: cgroupv1
cpu_cpuset_cpus: 0-11
cpu_memory_nodes: 0
active_processor_count: 12
cpu_quota: -1
cpu_period: 100000
cpu_shares: -1
memory_limit_in_bytes: -1
memory_and_swap_limit_in_bytes: -2
memory_soft_limit_in_bytes: -1
memory_usage_in_bytes: 10207260672
memory_max_usage_in_bytes: 11285872640

Steal ticks since vm start: 0
Steal ticks percentage since vm start:  0,000

CPU:total 12 (initial active 12) (6 cores per cpu, 2 threads per core) family 6 model 158 stepping 13 microcode 0xea, cmov, cx8, fxsr, mmx, sse, sse2, sse3, ssse3, sse4.1, sse4.2, popcnt, avx, avx2, aes, clmul, erms, 3dnowpref, lzcnt, ht, tsc, tscinvbit, bmi1, bmi2, adx, fma
CPU Model and flags from /proc/cpuinfo:
model name	: Intel(R) Core(TM) i7-9750H CPU @ 2.60GHz
flags		: fpu vme de pse tsc msr pae mce cx8 apic sep mtrr pge mca cmov pat pse36 clflush dts acpi mmx fxsr sse sse2 ss ht tm pbe syscall nx pdpe1gb rdtscp lm constant_tsc art arch_perfmon pebs bts rep_good nopl xtopology nonstop_tsc cpuid aperfmperf pni pclmulqdq dtes64 monitor ds_cpl vmx est tm2 ssse3 sdbg fma cx16 xtpr pdcm pcid sse4_1 sse4_2 x2apic movbe popcnt tsc_deadline_timer aes xsave avx f16c rdrand lahf_lm abm 3dnowprefetch cpuid_fault epb invpcid_single ssbd ibrs ibpb stibp ibrs_enhanced tpr_shadow vnmi flexpriority ept vpid ept_ad fsgsbase tsc_adjust bmi1 avx2 smep bmi2 erms invpcid mpx rdseed adx smap clflushopt intel_pt xsaveopt xsavec xgetbv1 xsaves dtherm ida arat pln pts hwp hwp_notify hwp_act_window hwp_epp md_clear flush_l1d arch_capabilities
Online cpus:
0-11
Offline cpus:

BIOS frequency limitation:
<Not Available>
Frequency switch latency (ns):
0
Available cpu frequencies:
<Not Available>
Current governor:
powersave
Core performance/turbo boost:
<Not Available>

Memory: 4k page, physical 16231284k(2750616k free), swap 2097148k(2097148k free)

vm_info: OpenJDK 64-Bit Server VM (11.0.14.1+1-Ubuntu-0ubuntu1.20.04) for linux-amd64 JRE (11.0.14.1+1-Ubuntu-0ubuntu1.20.04), built on Mar 27 2022 10:06:41 by "unknown" with gcc 9.4.0

END.
