#
# A fatal error has been detected by the Java Runtime Environment:
#
#  SIGSEGV (0xb) at pc=0x00007f71193b09c0, pid=61371, tid=61396
#
# JRE version: OpenJDK Runtime Environment (11.0.14.1+1) (build 11.0.14.1+1-Ubuntu-0ubuntu1.20.04)
# Java VM: OpenJDK 64-Bit Server VM (11.0.14.1+1-Ubuntu-0ubuntu1.20.04, mixed mode, sharing, tiered, compressed oops, g1 gc, linux-amd64)
# Problematic frame:
# V  [libjvm.so+0x12749c0]
#
# Core dump will be written. Default location: Core dumps may be processed with "/usr/share/apport/apport %p %s %c %d %P %E" (or dumping to /home/artur/Desktop/3ano/TQS/tqs_98470/lab5/lab5_2/books/core.61371)
#
# If you would like to submit a bug report, please visit:
#   https://bugs.launchpad.net/ubuntu/+source/openjdk-lts
#

---------------  S U M M A R Y ------------

Command Line: -ea -Dfile.encoding=UTF-8 org.eclipse.jdt.internal.junit.runner.RemoteTestRunner -version 3 -port 33683 -testLoaderClass org.eclipse.jdt.internal.junit5.runner.JUnit5TestLoader -loaderpluginname org.eclipse.jdt.junit5.runtime -testNameFile /tmp/testNames1220761446144440399.txt

Host: Intel(R) Core(TM) i7-9750H CPU @ 2.60GHz, 12 cores, 15G, Ubuntu 20.04.4 LTS
Time: Sat Apr 16 03:11:04 2022 WEST elapsed time: 0.380745 seconds (0d 0h 0m 0s)

---------------  T H R E A D  ---------------

Current thread (0x00007f70d8004000):  GCTaskThread "GC Thread#3" [stack: 0x00007f70e568a000,0x00007f70e578a000] [id=61396]

Stack: [0x00007f70e568a000,0x00007f70e578a000],  sp=0x00007f70e57889c8,  free space=1018k
Native frames: (J=compiled Java code, A=aot compiled Java code, j=interpreted, Vv=VM code, C=native code)
V  [libjvm.so+0x12749c0]
V  [libjvm.so+0x791d8e]
V  [libjvm.so+0x7ae541]
V  [libjvm.so+0x5c146a]
V  [libjvm.so+0x78ecc9]
V  [libjvm.so+0x5c3d21]
V  [libjvm.so+0x7aeb7b]
V  [libjvm.so+0x7af20b]
V  [libjvm.so+0x75690c]
V  [libjvm.so+0xec0d1d]
V  [libjvm.so+0xe27d20]
V  [libjvm.so+0xbe64d6]


siginfo: si_signo: 11 (SIGSEGV), si_code: 2 (SEGV_ACCERR), si_addr: 0x00007f71193b09c0

Register to memory mapping:

RAX=0x00007f71193b0a40: <offset 0x0000000001274a40> in /usr/lib/jvm/java-11-openjdk-amd64/lib/server/libjvm.so at 0x00007f711813c000
RBX=0x0000000716aa1bb8 points into unknown readable memory: 0x0000000716aa1bbb | bb 1b aa 16 07 00 00 00
RCX=0x0000000000000008 is an unknown value
RDX=0x000000080036b780 is pointing into metadata
RSP=0x00007f70e57889c8 points into unknown readable memory: 0x00007f71188cd97e | 7e d9 8c 18 71 7f 00 00
RBP=0x00007f70e5788a10 points into unknown readable memory: 0x00007f70e5788aa0 | a0 8a 78 e5 70 7f 00 00
RSI=0x0000000716aa1bb8 points into unknown readable memory: 0x0000000716aa1bbb | bb 1b aa 16 07 00 00 00
RDI=0x00007f70a0000d40 points into unknown readable memory: 0x00007f71192abf90 | 90 bf 2a 19 71 7f 00 00
R8 =0x00007f70a0001180 points into unknown readable memory: 0x0000000716aa1bb8 | b8 1b aa 16 07 00 00 00
R9 =0x000000000000007c is an unknown value
R10=0x0000002f177a4b01 is an unknown value
R11=0x00007f70a0000080 points into unknown readable memory: 0x00007f70a0008790 | 90 87 00 a0 70 7f 00 00
R12=0x00007f70a0000bd0 points into unknown readable memory: 0x00007f71192abfd0 | d0 bf 2a 19 71 7f 00 00
R13=0x0000002f177a4b01 is an unknown value
R14=0x00007f7110187170 points into unknown readable memory: 0x00007f7119357538 | 38 75 35 19 71 7f 00 00
R15=0x0000000000000001 is an unknown value


Registers:
RAX=0x00007f71193b0a40, RBX=0x0000000716aa1bb8, RCX=0x0000000000000008, RDX=0x000000080036b780
RSP=0x00007f70e57889c8, RBP=0x00007f70e5788a10, RSI=0x0000000716aa1bb8, RDI=0x00007f70a0000d40
R8 =0x00007f70a0001180, R9 =0x000000000000007c, R10=0x0000002f177a4b01, R11=0x00007f70a0000080
R12=0x00007f70a0000bd0, R13=0x0000002f177a4b01, R14=0x00007f7110187170, R15=0x0000000000000001
RIP=0x00007f71193b09c0, EFLAGS=0x0000000000010202, CSGSFS=0x002b000000000033, ERR=0x0000000000000015
  TRAPNO=0x000000000000000e

Top of Stack: (sp=0x00007f70e57889c8)
0x00007f70e57889c8:   00007f71188cd97e 0000000000000001
0x00007f70e57889d8:   0000000000000000 0000000000000015
0x00007f70e57889e8:   000000000006d684 0000000716aa1bb8
0x00007f70e57889f8:   00007f70a0000bd0 000000000006d684 

Instructions: (pc=0x00007f71193b09c0)
0x00007f71193b08c0:   40 07 3b 19 71 7f 00 00 02 00 00 00 00 00 00 00
0x00007f71193b08d0:   2a 00 00 00 2f 00 00 00 00 00 00 00 00 00 00 00
0x00007f71193b08e0:   00 00 00 00 00 00 00 00 00 00 00 00 00 00 00 00
0x00007f71193b08f0:   00 00 00 00 00 00 00 00 00 00 00 00 00 00 00 00
0x00007f71193b0900:   00 00 00 00 00 00 00 00 90 c4 85 20 05 56 00 00
0x00007f71193b0910:   90 c4 85 20 05 56 00 00 00 00 00 00 00 00 00 00
0x00007f71193b0920:   04 0c 00 00 00 00 00 00 50 96 8c 18 71 7f 00 00
0x00007f71193b0930:   01 00 00 00 00 00 00 00 00 00 00 00 00 00 00 00
0x00007f71193b0940:   c0 08 3b 19 71 7f 00 00 02 00 00 00 00 00 00 00
0x00007f71193b0950:   2a 00 00 00 45 00 00 00 00 00 00 00 00 00 00 00
0x00007f71193b0960:   00 00 00 00 00 00 00 00 00 00 00 00 00 00 00 00
0x00007f71193b0970:   00 00 00 00 00 00 00 00 00 00 00 00 00 00 00 00
0x00007f71193b0980:   00 00 00 00 00 00 00 00 b0 c4 85 20 05 56 00 00
0x00007f71193b0990:   b0 c4 85 20 05 56 00 00 00 00 00 00 00 00 00 00
0x00007f71193b09a0:   04 0c 00 00 00 00 00 00 10 9d 8c 18 71 7f 00 00
0x00007f71193b09b0:   01 00 00 00 00 00 00 00 00 00 00 00 00 00 00 00
0x00007f71193b09c0:   40 09 3b 19 71 7f 00 00 03 00 00 00 00 00 00 00
0x00007f71193b09d0:   2a 00 00 00 03 00 00 00 71 00 00 00 00 00 00 00
0x00007f71193b09e0:   00 00 00 00 00 00 00 00 00 00 00 00 00 00 00 00
0x00007f71193b09f0:   00 00 00 00 00 00 00 00 00 00 00 00 00 00 00 00
0x00007f71193b0a00:   00 00 00 00 00 00 00 00 d0 c4 85 20 05 56 00 00
0x00007f71193b0a10:   d0 c4 85 20 05 56 00 00 00 00 00 00 00 00 00 00
0x00007f71193b0a20:   04 0c 00 00 00 00 00 00 60 ab 8c 18 71 7f 00 00
0x00007f71193b0a30:   01 00 00 00 00 00 00 00 00 00 00 00 00 00 00 00
0x00007f71193b0a40:   90 f7 8c 18 71 7f 00 00 20 1c 8d 18 71 7f 00 00
0x00007f71193b0a50:   c0 03 8d 18 71 7f 00 00 30 f2 8c 18 71 7f 00 00
0x00007f71193b0a60:   90 ef 8c 18 71 7f 00 00 60 01 8d 18 71 7f 00 00
0x00007f71193b0a70:   01 00 00 00 00 00 00 00 00 00 00 00 00 00 00 00
0x00007f71193b0a80:   c0 09 3b 19 71 7f 00 00 03 00 00 00 00 00 00 00
0x00007f71193b0a90:   2a 00 00 00 23 00 00 00 2f 00 00 00 00 00 00 00
0x00007f71193b0aa0:   00 00 00 00 00 00 00 00 00 00 00 00 00 00 00 00
0x00007f71193b0ab0:   00 00 00 00 00 00 00 00 00 00 00 00 00 00 00 00 


Stack slot to memory mapping:
stack at sp + 0 slots: 0x00007f71188cd97e: <offset 0x000000000079197e> in /usr/lib/jvm/java-11-openjdk-amd64/lib/server/libjvm.so at 0x00007f711813c000
stack at sp + 1 slots: 0x0000000000000001 is an unknown value
stack at sp + 2 slots: 0x0 is NULL
stack at sp + 3 slots: 0x0000000000000015 is an unknown value
stack at sp + 4 slots: 0x000000000006d684 is an unknown value
stack at sp + 5 slots: 0x0000000716aa1bb8 points into unknown readable memory: 0x0000000716aa1bbb | bb 1b aa 16 07 00 00 00
stack at sp + 6 slots: 0x00007f70a0000bd0 points into unknown readable memory: 0x00007f71192abfd0 | d0 bf 2a 19 71 7f 00 00
stack at sp + 7 slots: 0x000000000006d684 is an unknown value


---------------  P R O C E S S  ---------------

Threads class SMR info:
_java_thread_list=0x00007f711040e320, length=11, elements={
0x00007f7110018000, 0x00007f71101d8000, 0x00007f71101da000, 0x00007f71101e0800,
0x00007f71101e2800, 0x00007f71101e4800, 0x00007f71101e7000, 0x00007f71101e9000,
0x00007f7110244000, 0x00007f70bc0ee000, 0x00007f711040d800
}

Java Threads: ( => current thread )
  0x00007f7110018000 JavaThread "main" [_thread_blocked, id=61375, stack(0x00007f7117cef000,0x00007f7117df0000)]
  0x00007f71101d8000 JavaThread "Reference Handler" daemon [_thread_blocked, id=61382, stack(0x00007f70f85b9000,0x00007f70f86ba000)]
  0x00007f71101da000 JavaThread "Finalizer" daemon [_thread_blocked, id=61383, stack(0x00007f70f84b8000,0x00007f70f85b9000)]
  0x00007f71101e0800 JavaThread "Signal Dispatcher" daemon [_thread_blocked, id=61384, stack(0x00007f70f83b7000,0x00007f70f84b8000)]
  0x00007f71101e2800 JavaThread "Service Thread" daemon [_thread_blocked, id=61385, stack(0x00007f70f82b6000,0x00007f70f83b7000)]
  0x00007f71101e4800 JavaThread "C2 CompilerThread0" daemon [_thread_blocked, id=61386, stack(0x00007f70f81b5000,0x00007f70f82b6000)]
  0x00007f71101e7000 JavaThread "C1 CompilerThread0" daemon [_thread_blocked, id=61387, stack(0x00007f70f80b4000,0x00007f70f81b5000)]
  0x00007f71101e9000 JavaThread "Sweeper thread" daemon [_thread_blocked, id=61388, stack(0x00007f70ec31f000,0x00007f70ec420000)]
  0x00007f7110244000 JavaThread "Common-Cleaner" daemon [_thread_blocked, id=61390, stack(0x00007f70ec11c000,0x00007f70ec21d000)]
  0x00007f70bc0ee000 JavaThread "C2 CompilerThread1" daemon [_thread_in_native, id=61391, stack(0x00007f70ec01b000,0x00007f70ec11c000)]
  0x00007f711040d800 JavaThread "ReaderThread" [_thread_in_native, id=61392, stack(0x00007f70e598e000,0x00007f70e5a8f000)]

Other Threads:
  0x00007f71101d5000 VMThread "VM Thread" [stack: 0x00007f70f86bc000,0x00007f70f87bc000] [id=61381]
  0x00007f7110241800 WatcherThread [stack: 0x00007f70ec21f000,0x00007f70ec31f000] [id=61389]
  0x00007f7110031000 GCTaskThread "GC Thread#0" [stack: 0x00007f711796c000,0x00007f7117a6c000] [id=61376]
  0x00007f70d8001000 GCTaskThread "GC Thread#1" [stack: 0x00007f70e588e000,0x00007f70e598e000] [id=61394]
  0x00007f70d8002800 GCTaskThread "GC Thread#2" [stack: 0x00007f70e578c000,0x00007f70e588c000] [id=61395]
=>0x00007f70d8004000 GCTaskThread "GC Thread#3" [stack: 0x00007f70e568a000,0x00007f70e578a000] [id=61396]
  0x00007f70d8005800 GCTaskThread "GC Thread#4" [stack: 0x00007f70e5588000,0x00007f70e5688000] [id=61397]
  0x00007f70d8007000 GCTaskThread "GC Thread#5" [stack: 0x00007f70e5486000,0x00007f70e5586000] [id=61398]
  0x00007f711008f000 ConcurrentGCThread "G1 Main Marker" [stack: 0x00007f7115626000,0x00007f7115726000] [id=61377]
  0x00007f7110091000 ConcurrentGCThread "G1 Conc#0" [stack: 0x00007f7115524000,0x00007f7115624000] [id=61378]
  0x00007f7110197800 ConcurrentGCThread "G1 Refine#0" [stack: 0x00007f7114a18000,0x00007f7114b18000] [id=61379]
  0x00007f7110199000 ConcurrentGCThread "G1 Young RemSet Sampling" [stack: 0x00007f7114916000,0x00007f7114a16000] [id=61380]

Threads with active compile tasks:
C1 CompilerThread0    383 1252       3       jdk.internal.reflect.ReflectionFactory::newConstructorAccessor (154 bytes)
C2 CompilerThread1    383 1239       4       java.io.DataOutputStream::writeUTF (435 bytes)

VM state:at safepoint (normal execution)

VM Mutex/Monitor currently owned by a thread:  ([mutex/lock_event])
[0x00007f7110014130] Threads_lock - owner thread: 0x00007f71101d5000
[0x00007f7110014910] Heap_lock - owner thread: 0x00007f7110018000

Heap address: 0x0000000708400000, size: 3964 MB, Compressed Oops mode: Zero based, Oop shift amount: 3
Narrow klass base: 0x0000000800000000, Narrow klass shift: 3
Compressed class space size: 1073741824 Address: 0x0000000840000000

Heap:
 garbage-first heap   total 256000K, used 25288K [0x0000000708400000, 0x0000000800000000)
  region size 1024K, 27 young (27648K), 3 survivors (3072K)
 Metaspace       used 7350K, capacity 8763K, committed 8960K, reserved 1056768K
  class space    used 955K, capacity 1241K, committed 1280K, reserved 1048576K
Heap Regions: E=young(eden), S=young(survivor), O=old, HS=humongous(starts), HC=humongous(continues), CS=collection set, F=free, A=archive, TAMS=top-at-mark-start (previous, next)
|   0|0x0000000708400000, 0x00000007084152b0, 0x0000000708500000|  8%| O|  |TAMS 0x0000000708400000, 0x0000000708400000| Untracked 
|   1|0x0000000708500000, 0x0000000708500000, 0x0000000708600000|  0%| F|  |TAMS 0x0000000708500000, 0x0000000708500000| Untracked 
|   2|0x0000000708600000, 0x0000000708600000, 0x0000000708700000|  0%| F|  |TAMS 0x0000000708600000, 0x0000000708600000| Untracked 
|   3|0x0000000708700000, 0x0000000708700000, 0x0000000708800000|  0%| F|  |TAMS 0x0000000708700000, 0x0000000708700000| Untracked 
|   4|0x0000000708800000, 0x0000000708800000, 0x0000000708900000|  0%| F|  |TAMS 0x0000000708800000, 0x0000000708800000| Untracked 
|   5|0x0000000708900000, 0x0000000708900000, 0x0000000708a00000|  0%| F|  |TAMS 0x0000000708900000, 0x0000000708900000| Untracked 
|   6|0x0000000708a00000, 0x0000000708a00000, 0x0000000708b00000|  0%| F|  |TAMS 0x0000000708a00000, 0x0000000708a00000| Untracked 
|   7|0x0000000708b00000, 0x0000000708b00000, 0x0000000708c00000|  0%| F|  |TAMS 0x0000000708b00000, 0x0000000708b00000| Untracked 
|   8|0x0000000708c00000, 0x0000000708c00000, 0x0000000708d00000|  0%| F|  |TAMS 0x0000000708c00000, 0x0000000708c00000| Untracked 
|   9|0x0000000708d00000, 0x0000000708d00000, 0x0000000708e00000|  0%| F|  |TAMS 0x0000000708d00000, 0x0000000708d00000| Untracked 
|  10|0x0000000708e00000, 0x0000000708e00000, 0x0000000708f00000|  0%| F|  |TAMS 0x0000000708e00000, 0x0000000708e00000| Untracked 
|  11|0x0000000708f00000, 0x0000000708f00000, 0x0000000709000000|  0%| F|  |TAMS 0x0000000708f00000, 0x0000000708f00000| Untracked 
|  12|0x0000000709000000, 0x0000000709000000, 0x0000000709100000|  0%| F|  |TAMS 0x0000000709000000, 0x0000000709000000| Untracked 
|  13|0x0000000709100000, 0x0000000709100000, 0x0000000709200000|  0%| F|  |TAMS 0x0000000709100000, 0x0000000709100000| Untracked 
|  14|0x0000000709200000, 0x0000000709200000, 0x0000000709300000|  0%| F|  |TAMS 0x0000000709200000, 0x0000000709200000| Untracked 
|  15|0x0000000709300000, 0x0000000709300000, 0x0000000709400000|  0%| F|  |TAMS 0x0000000709300000, 0x0000000709300000| Untracked 
|  16|0x0000000709400000, 0x0000000709400000, 0x0000000709500000|  0%| F|  |TAMS 0x0000000709400000, 0x0000000709400000| Untracked 
|  17|0x0000000709500000, 0x0000000709500000, 0x0000000709600000|  0%| F|  |TAMS 0x0000000709500000, 0x0000000709500000| Untracked 
|  18|0x0000000709600000, 0x0000000709600000, 0x0000000709700000|  0%| F|  |TAMS 0x0000000709600000, 0x0000000709600000| Untracked 
|  19|0x0000000709700000, 0x0000000709700000, 0x0000000709800000|  0%| F|  |TAMS 0x0000000709700000, 0x0000000709700000| Untracked 
|  20|0x0000000709800000, 0x0000000709800000, 0x0000000709900000|  0%| F|  |TAMS 0x0000000709800000, 0x0000000709800000| Untracked 
|  21|0x0000000709900000, 0x0000000709900000, 0x0000000709a00000|  0%| F|  |TAMS 0x0000000709900000, 0x0000000709900000| Untracked 
|  22|0x0000000709a00000, 0x0000000709a00000, 0x0000000709b00000|  0%| F|  |TAMS 0x0000000709a00000, 0x0000000709a00000| Untracked 
|  23|0x0000000709b00000, 0x0000000709b00000, 0x0000000709c00000|  0%| F|  |TAMS 0x0000000709b00000, 0x0000000709b00000| Untracked 
|  24|0x0000000709c00000, 0x0000000709c00000, 0x0000000709d00000|  0%| F|  |TAMS 0x0000000709c00000, 0x0000000709c00000| Untracked 
|  25|0x0000000709d00000, 0x0000000709d00000, 0x0000000709e00000|  0%| F|  |TAMS 0x0000000709d00000, 0x0000000709d00000| Untracked 
|  26|0x0000000709e00000, 0x0000000709e00000, 0x0000000709f00000|  0%| F|  |TAMS 0x0000000709e00000, 0x0000000709e00000| Untracked 
|  27|0x0000000709f00000, 0x0000000709f00000, 0x000000070a000000|  0%| F|  |TAMS 0x0000000709f00000, 0x0000000709f00000| Untracked 
|  28|0x000000070a000000, 0x000000070a000000, 0x000000070a100000|  0%| F|  |TAMS 0x000000070a000000, 0x000000070a000000| Untracked 
|  29|0x000000070a100000, 0x000000070a100000, 0x000000070a200000|  0%| F|  |TAMS 0x000000070a100000, 0x000000070a100000| Untracked 
|  30|0x000000070a200000, 0x000000070a200000, 0x000000070a300000|  0%| F|  |TAMS 0x000000070a200000, 0x000000070a200000| Untracked 
|  31|0x000000070a300000, 0x000000070a300000, 0x000000070a400000|  0%| F|  |TAMS 0x000000070a300000, 0x000000070a300000| Untracked 
|  32|0x000000070a400000, 0x000000070a400000, 0x000000070a500000|  0%| F|  |TAMS 0x000000070a400000, 0x000000070a400000| Untracked 
|  33|0x000000070a500000, 0x000000070a500000, 0x000000070a600000|  0%| F|  |TAMS 0x000000070a500000, 0x000000070a500000| Untracked 
|  34|0x000000070a600000, 0x000000070a600000, 0x000000070a700000|  0%| F|  |TAMS 0x000000070a600000, 0x000000070a600000| Untracked 
|  35|0x000000070a700000, 0x000000070a700000, 0x000000070a800000|  0%| F|  |TAMS 0x000000070a700000, 0x000000070a700000| Untracked 
|  36|0x000000070a800000, 0x000000070a800000, 0x000000070a900000|  0%| F|  |TAMS 0x000000070a800000, 0x000000070a800000| Untracked 
|  37|0x000000070a900000, 0x000000070a900000, 0x000000070aa00000|  0%| F|  |TAMS 0x000000070a900000, 0x000000070a900000| Untracked 
|  38|0x000000070aa00000, 0x000000070aa00000, 0x000000070ab00000|  0%| F|  |TAMS 0x000000070aa00000, 0x000000070aa00000| Untracked 
|  39|0x000000070ab00000, 0x000000070ab00000, 0x000000070ac00000|  0%| F|  |TAMS 0x000000070ab00000, 0x000000070ab00000| Untracked 
|  40|0x000000070ac00000, 0x000000070ac00000, 0x000000070ad00000|  0%| F|  |TAMS 0x000000070ac00000, 0x000000070ac00000| Untracked 
|  41|0x000000070ad00000, 0x000000070ad00000, 0x000000070ae00000|  0%| F|  |TAMS 0x000000070ad00000, 0x000000070ad00000| Untracked 
|  42|0x000000070ae00000, 0x000000070ae00000, 0x000000070af00000|  0%| F|  |TAMS 0x000000070ae00000, 0x000000070ae00000| Untracked 
|  43|0x000000070af00000, 0x000000070af00000, 0x000000070b000000|  0%| F|  |TAMS 0x000000070af00000, 0x000000070af00000| Untracked 
|  44|0x000000070b000000, 0x000000070b000000, 0x000000070b100000|  0%| F|  |TAMS 0x000000070b000000, 0x000000070b000000| Untracked 
|  45|0x000000070b100000, 0x000000070b100000, 0x000000070b200000|  0%| F|  |TAMS 0x000000070b100000, 0x000000070b100000| Untracked 
|  46|0x000000070b200000, 0x000000070b200000, 0x000000070b300000|  0%| F|  |TAMS 0x000000070b200000, 0x000000070b200000| Untracked 
|  47|0x000000070b300000, 0x000000070b300000, 0x000000070b400000|  0%| F|  |TAMS 0x000000070b300000, 0x000000070b300000| Untracked 
|  48|0x000000070b400000, 0x000000070b400000, 0x000000070b500000|  0%| F|  |TAMS 0x000000070b400000, 0x000000070b400000| Untracked 
|  49|0x000000070b500000, 0x000000070b500000, 0x000000070b600000|  0%| F|  |TAMS 0x000000070b500000, 0x000000070b500000| Untracked 
|  50|0x000000070b600000, 0x000000070b600000, 0x000000070b700000|  0%| F|  |TAMS 0x000000070b600000, 0x000000070b600000| Untracked 
|  51|0x000000070b700000, 0x000000070b700000, 0x000000070b800000|  0%| F|  |TAMS 0x000000070b700000, 0x000000070b700000| Untracked 
|  52|0x000000070b800000, 0x000000070b800000, 0x000000070b900000|  0%| F|  |TAMS 0x000000070b800000, 0x000000070b800000| Untracked 
|  53|0x000000070b900000, 0x000000070b900000, 0x000000070ba00000|  0%| F|  |TAMS 0x000000070b900000, 0x000000070b900000| Untracked 
|  54|0x000000070ba00000, 0x000000070ba00000, 0x000000070bb00000|  0%| F|  |TAMS 0x000000070ba00000, 0x000000070ba00000| Untracked 
|  55|0x000000070bb00000, 0x000000070bb00000, 0x000000070bc00000|  0%| F|  |TAMS 0x000000070bb00000, 0x000000070bb00000| Untracked 
|  56|0x000000070bc00000, 0x000000070bc00000, 0x000000070bd00000|  0%| F|  |TAMS 0x000000070bc00000, 0x000000070bc00000| Untracked 
|  57|0x000000070bd00000, 0x000000070bd00000, 0x000000070be00000|  0%| F|  |TAMS 0x000000070bd00000, 0x000000070bd00000| Untracked 
|  58|0x000000070be00000, 0x000000070be00000, 0x000000070bf00000|  0%| F|  |TAMS 0x000000070be00000, 0x000000070be00000| Untracked 
|  59|0x000000070bf00000, 0x000000070bf00000, 0x000000070c000000|  0%| F|  |TAMS 0x000000070bf00000, 0x000000070bf00000| Untracked 
|  60|0x000000070c000000, 0x000000070c000000, 0x000000070c100000|  0%| F|  |TAMS 0x000000070c000000, 0x000000070c000000| Untracked 
|  61|0x000000070c100000, 0x000000070c100000, 0x000000070c200000|  0%| F|  |TAMS 0x000000070c100000, 0x000000070c100000| Untracked 
|  62|0x000000070c200000, 0x000000070c200000, 0x000000070c300000|  0%| F|  |TAMS 0x000000070c200000, 0x000000070c200000| Untracked 
|  63|0x000000070c300000, 0x000000070c300000, 0x000000070c400000|  0%| F|  |TAMS 0x000000070c300000, 0x000000070c300000| Untracked 
|  64|0x000000070c400000, 0x000000070c400000, 0x000000070c500000|  0%| F|  |TAMS 0x000000070c400000, 0x000000070c400000| Untracked 
|  65|0x000000070c500000, 0x000000070c500000, 0x000000070c600000|  0%| F|  |TAMS 0x000000070c500000, 0x000000070c500000| Untracked 
|  66|0x000000070c600000, 0x000000070c600000, 0x000000070c700000|  0%| F|  |TAMS 0x000000070c600000, 0x000000070c600000| Untracked 
|  67|0x000000070c700000, 0x000000070c700000, 0x000000070c800000|  0%| F|  |TAMS 0x000000070c700000, 0x000000070c700000| Untracked 
|  68|0x000000070c800000, 0x000000070c800000, 0x000000070c900000|  0%| F|  |TAMS 0x000000070c800000, 0x000000070c800000| Untracked 
|  69|0x000000070c900000, 0x000000070c900000, 0x000000070ca00000|  0%| F|  |TAMS 0x000000070c900000, 0x000000070c900000| Untracked 
|  70|0x000000070ca00000, 0x000000070ca00000, 0x000000070cb00000|  0%| F|  |TAMS 0x000000070ca00000, 0x000000070ca00000| Untracked 
|  71|0x000000070cb00000, 0x000000070cb00000, 0x000000070cc00000|  0%| F|  |TAMS 0x000000070cb00000, 0x000000070cb00000| Untracked 
|  72|0x000000070cc00000, 0x000000070cc00000, 0x000000070cd00000|  0%| F|  |TAMS 0x000000070cc00000, 0x000000070cc00000| Untracked 
|  73|0x000000070cd00000, 0x000000070cd00000, 0x000000070ce00000|  0%| F|  |TAMS 0x000000070cd00000, 0x000000070cd00000| Untracked 
|  74|0x000000070ce00000, 0x000000070ce00000, 0x000000070cf00000|  0%| F|  |TAMS 0x000000070ce00000, 0x000000070ce00000| Untracked 
|  75|0x000000070cf00000, 0x000000070cf00000, 0x000000070d000000|  0%| F|  |TAMS 0x000000070cf00000, 0x000000070cf00000| Untracked 
|  76|0x000000070d000000, 0x000000070d000000, 0x000000070d100000|  0%| F|  |TAMS 0x000000070d000000, 0x000000070d000000| Untracked 
|  77|0x000000070d100000, 0x000000070d100000, 0x000000070d200000|  0%| F|  |TAMS 0x000000070d100000, 0x000000070d100000| Untracked 
|  78|0x000000070d200000, 0x000000070d200000, 0x000000070d300000|  0%| F|  |TAMS 0x000000070d200000, 0x000000070d200000| Untracked 
|  79|0x000000070d300000, 0x000000070d300000, 0x000000070d400000|  0%| F|  |TAMS 0x000000070d300000, 0x000000070d300000| Untracked 
|  80|0x000000070d400000, 0x000000070d400000, 0x000000070d500000|  0%| F|  |TAMS 0x000000070d400000, 0x000000070d400000| Untracked 
|  81|0x000000070d500000, 0x000000070d500000, 0x000000070d600000|  0%| F|  |TAMS 0x000000070d500000, 0x000000070d500000| Untracked 
|  82|0x000000070d600000, 0x000000070d600000, 0x000000070d700000|  0%| F|  |TAMS 0x000000070d600000, 0x000000070d600000| Untracked 
|  83|0x000000070d700000, 0x000000070d700000, 0x000000070d800000|  0%| F|  |TAMS 0x000000070d700000, 0x000000070d700000| Untracked 
|  84|0x000000070d800000, 0x000000070d800000, 0x000000070d900000|  0%| F|  |TAMS 0x000000070d800000, 0x000000070d800000| Untracked 
|  85|0x000000070d900000, 0x000000070d900000, 0x000000070da00000|  0%| F|  |TAMS 0x000000070d900000, 0x000000070d900000| Untracked 
|  86|0x000000070da00000, 0x000000070da00000, 0x000000070db00000|  0%| F|  |TAMS 0x000000070da00000, 0x000000070da00000| Untracked 
|  87|0x000000070db00000, 0x000000070db00000, 0x000000070dc00000|  0%| F|  |TAMS 0x000000070db00000, 0x000000070db00000| Untracked 
|  88|0x000000070dc00000, 0x000000070dc00000, 0x000000070dd00000|  0%| F|  |TAMS 0x000000070dc00000, 0x000000070dc00000| Untracked 
|  89|0x000000070dd00000, 0x000000070dd00000, 0x000000070de00000|  0%| F|  |TAMS 0x000000070dd00000, 0x000000070dd00000| Untracked 
|  90|0x000000070de00000, 0x000000070de00000, 0x000000070df00000|  0%| F|  |TAMS 0x000000070de00000, 0x000000070de00000| Untracked 
|  91|0x000000070df00000, 0x000000070df00000, 0x000000070e000000|  0%| F|  |TAMS 0x000000070df00000, 0x000000070df00000| Untracked 
|  92|0x000000070e000000, 0x000000070e000000, 0x000000070e100000|  0%| F|  |TAMS 0x000000070e000000, 0x000000070e000000| Untracked 
|  93|0x000000070e100000, 0x000000070e100000, 0x000000070e200000|  0%| F|  |TAMS 0x000000070e100000, 0x000000070e100000| Untracked 
|  94|0x000000070e200000, 0x000000070e200000, 0x000000070e300000|  0%| F|  |TAMS 0x000000070e200000, 0x000000070e200000| Untracked 
|  95|0x000000070e300000, 0x000000070e300000, 0x000000070e400000|  0%| F|  |TAMS 0x000000070e300000, 0x000000070e300000| Untracked 
|  96|0x000000070e400000, 0x000000070e400000, 0x000000070e500000|  0%| F|  |TAMS 0x000000070e400000, 0x000000070e400000| Untracked 
|  97|0x000000070e500000, 0x000000070e500000, 0x000000070e600000|  0%| F|  |TAMS 0x000000070e500000, 0x000000070e500000| Untracked 
|  98|0x000000070e600000, 0x000000070e600000, 0x000000070e700000|  0%| F|  |TAMS 0x000000070e600000, 0x000000070e600000| Untracked 
|  99|0x000000070e700000, 0x000000070e700000, 0x000000070e800000|  0%| F|  |TAMS 0x000000070e700000, 0x000000070e700000| Untracked 
| 100|0x000000070e800000, 0x000000070e800000, 0x000000070e900000|  0%| F|  |TAMS 0x000000070e800000, 0x000000070e800000| Untracked 
| 101|0x000000070e900000, 0x000000070e900000, 0x000000070ea00000|  0%| F|  |TAMS 0x000000070e900000, 0x000000070e900000| Untracked 
| 102|0x000000070ea00000, 0x000000070ea00000, 0x000000070eb00000|  0%| F|  |TAMS 0x000000070ea00000, 0x000000070ea00000| Untracked 
| 103|0x000000070eb00000, 0x000000070eb00000, 0x000000070ec00000|  0%| F|  |TAMS 0x000000070eb00000, 0x000000070eb00000| Untracked 
| 104|0x000000070ec00000, 0x000000070ec00000, 0x000000070ed00000|  0%| F|  |TAMS 0x000000070ec00000, 0x000000070ec00000| Untracked 
| 105|0x000000070ed00000, 0x000000070ed00000, 0x000000070ee00000|  0%| F|  |TAMS 0x000000070ed00000, 0x000000070ed00000| Untracked 
| 106|0x000000070ee00000, 0x000000070ee00000, 0x000000070ef00000|  0%| F|  |TAMS 0x000000070ee00000, 0x000000070ee00000| Untracked 
| 107|0x000000070ef00000, 0x000000070ef00000, 0x000000070f000000|  0%| F|  |TAMS 0x000000070ef00000, 0x000000070ef00000| Untracked 
| 108|0x000000070f000000, 0x000000070f000000, 0x000000070f100000|  0%| F|  |TAMS 0x000000070f000000, 0x000000070f000000| Untracked 
| 109|0x000000070f100000, 0x000000070f100000, 0x000000070f200000|  0%| F|  |TAMS 0x000000070f100000, 0x000000070f100000| Untracked 
| 110|0x000000070f200000, 0x000000070f200000, 0x000000070f300000|  0%| F|  |TAMS 0x000000070f200000, 0x000000070f200000| Untracked 
| 111|0x000000070f300000, 0x000000070f300000, 0x000000070f400000|  0%| F|  |TAMS 0x000000070f300000, 0x000000070f300000| Untracked 
| 112|0x000000070f400000, 0x000000070f400000, 0x000000070f500000|  0%| F|  |TAMS 0x000000070f400000, 0x000000070f400000| Untracked 
| 113|0x000000070f500000, 0x000000070f500000, 0x000000070f600000|  0%| F|  |TAMS 0x000000070f500000, 0x000000070f500000| Untracked 
| 114|0x000000070f600000, 0x000000070f600000, 0x000000070f700000|  0%| F|  |TAMS 0x000000070f600000, 0x000000070f600000| Untracked 
| 115|0x000000070f700000, 0x000000070f700000, 0x000000070f800000|  0%| F|  |TAMS 0x000000070f700000, 0x000000070f700000| Untracked 
| 116|0x000000070f800000, 0x000000070f800000, 0x000000070f900000|  0%| F|  |TAMS 0x000000070f800000, 0x000000070f800000| Untracked 
| 117|0x000000070f900000, 0x000000070f900000, 0x000000070fa00000|  0%| F|  |TAMS 0x000000070f900000, 0x000000070f900000| Untracked 
| 118|0x000000070fa00000, 0x000000070fa00000, 0x000000070fb00000|  0%| F|  |TAMS 0x000000070fa00000, 0x000000070fa00000| Untracked 
| 119|0x000000070fb00000, 0x000000070fb00000, 0x000000070fc00000|  0%| F|  |TAMS 0x000000070fb00000, 0x000000070fb00000| Untracked 
| 120|0x000000070fc00000, 0x000000070fc00000, 0x000000070fd00000|  0%| F|  |TAMS 0x000000070fc00000, 0x000000070fc00000| Untracked 
| 121|0x000000070fd00000, 0x000000070fd00000, 0x000000070fe00000|  0%| F|  |TAMS 0x000000070fd00000, 0x000000070fd00000| Untracked 
| 122|0x000000070fe00000, 0x000000070fe00000, 0x000000070ff00000|  0%| F|  |TAMS 0x000000070fe00000, 0x000000070fe00000| Untracked 
| 123|0x000000070ff00000, 0x000000070ff00000, 0x0000000710000000|  0%| F|  |TAMS 0x000000070ff00000, 0x000000070ff00000| Untracked 
| 124|0x0000000710000000, 0x0000000710000000, 0x0000000710100000|  0%| F|  |TAMS 0x0000000710000000, 0x0000000710000000| Untracked 
| 125|0x0000000710100000, 0x0000000710100000, 0x0000000710200000|  0%| F|  |TAMS 0x0000000710100000, 0x0000000710100000| Untracked 
| 126|0x0000000710200000, 0x0000000710200000, 0x0000000710300000|  0%| F|  |TAMS 0x0000000710200000, 0x0000000710200000| Untracked 
| 127|0x0000000710300000, 0x0000000710300000, 0x0000000710400000|  0%| F|  |TAMS 0x0000000710300000, 0x0000000710300000| Untracked 
| 128|0x0000000710400000, 0x0000000710400000, 0x0000000710500000|  0%| F|  |TAMS 0x0000000710400000, 0x0000000710400000| Untracked 
| 129|0x0000000710500000, 0x0000000710500000, 0x0000000710600000|  0%| F|  |TAMS 0x0000000710500000, 0x0000000710500000| Untracked 
| 130|0x0000000710600000, 0x0000000710600000, 0x0000000710700000|  0%| F|  |TAMS 0x0000000710600000, 0x0000000710600000| Untracked 
| 131|0x0000000710700000, 0x0000000710700000, 0x0000000710800000|  0%| F|  |TAMS 0x0000000710700000, 0x0000000710700000| Untracked 
| 132|0x0000000710800000, 0x0000000710800000, 0x0000000710900000|  0%| F|  |TAMS 0x0000000710800000, 0x0000000710800000| Untracked 
| 133|0x0000000710900000, 0x0000000710900000, 0x0000000710a00000|  0%| F|  |TAMS 0x0000000710900000, 0x0000000710900000| Untracked 
| 134|0x0000000710a00000, 0x0000000710a00000, 0x0000000710b00000|  0%| F|  |TAMS 0x0000000710a00000, 0x0000000710a00000| Untracked 
| 135|0x0000000710b00000, 0x0000000710b00000, 0x0000000710c00000|  0%| F|  |TAMS 0x0000000710b00000, 0x0000000710b00000| Untracked 
| 136|0x0000000710c00000, 0x0000000710c00000, 0x0000000710d00000|  0%| F|  |TAMS 0x0000000710c00000, 0x0000000710c00000| Untracked 
| 137|0x0000000710d00000, 0x0000000710d00000, 0x0000000710e00000|  0%| F|  |TAMS 0x0000000710d00000, 0x0000000710d00000| Untracked 
| 138|0x0000000710e00000, 0x0000000710e00000, 0x0000000710f00000|  0%| F|  |TAMS 0x0000000710e00000, 0x0000000710e00000| Untracked 
| 139|0x0000000710f00000, 0x0000000710f00000, 0x0000000711000000|  0%| F|  |TAMS 0x0000000710f00000, 0x0000000710f00000| Untracked 
| 140|0x0000000711000000, 0x0000000711000000, 0x0000000711100000|  0%| F|  |TAMS 0x0000000711000000, 0x0000000711000000| Untracked 
| 141|0x0000000711100000, 0x0000000711100000, 0x0000000711200000|  0%| F|  |TAMS 0x0000000711100000, 0x0000000711100000| Untracked 
| 142|0x0000000711200000, 0x0000000711200000, 0x0000000711300000|  0%| F|  |TAMS 0x0000000711200000, 0x0000000711200000| Untracked 
| 143|0x0000000711300000, 0x0000000711300000, 0x0000000711400000|  0%| F|  |TAMS 0x0000000711300000, 0x0000000711300000| Untracked 
| 144|0x0000000711400000, 0x0000000711400000, 0x0000000711500000|  0%| F|  |TAMS 0x0000000711400000, 0x0000000711400000| Untracked 
| 145|0x0000000711500000, 0x0000000711500000, 0x0000000711600000|  0%| F|  |TAMS 0x0000000711500000, 0x0000000711500000| Untracked 
| 146|0x0000000711600000, 0x0000000711600000, 0x0000000711700000|  0%| F|  |TAMS 0x0000000711600000, 0x0000000711600000| Untracked 
| 147|0x0000000711700000, 0x0000000711700000, 0x0000000711800000|  0%| F|  |TAMS 0x0000000711700000, 0x0000000711700000| Untracked 
| 148|0x0000000711800000, 0x0000000711800000, 0x0000000711900000|  0%| F|  |TAMS 0x0000000711800000, 0x0000000711800000| Untracked 
| 149|0x0000000711900000, 0x0000000711900000, 0x0000000711a00000|  0%| F|  |TAMS 0x0000000711900000, 0x0000000711900000| Untracked 
| 150|0x0000000711a00000, 0x0000000711a00000, 0x0000000711b00000|  0%| F|  |TAMS 0x0000000711a00000, 0x0000000711a00000| Untracked 
| 151|0x0000000711b00000, 0x0000000711b00000, 0x0000000711c00000|  0%| F|  |TAMS 0x0000000711b00000, 0x0000000711b00000| Untracked 
| 152|0x0000000711c00000, 0x0000000711c00000, 0x0000000711d00000|  0%| F|  |TAMS 0x0000000711c00000, 0x0000000711c00000| Untracked 
| 153|0x0000000711d00000, 0x0000000711d00000, 0x0000000711e00000|  0%| F|  |TAMS 0x0000000711d00000, 0x0000000711d00000| Untracked 
| 154|0x0000000711e00000, 0x0000000711e00000, 0x0000000711f00000|  0%| F|  |TAMS 0x0000000711e00000, 0x0000000711e00000| Untracked 
| 155|0x0000000711f00000, 0x0000000711f00000, 0x0000000712000000|  0%| F|  |TAMS 0x0000000711f00000, 0x0000000711f00000| Untracked 
| 156|0x0000000712000000, 0x0000000712000000, 0x0000000712100000|  0%| F|  |TAMS 0x0000000712000000, 0x0000000712000000| Untracked 
| 157|0x0000000712100000, 0x0000000712100000, 0x0000000712200000|  0%| F|  |TAMS 0x0000000712100000, 0x0000000712100000| Untracked 
| 158|0x0000000712200000, 0x0000000712200000, 0x0000000712300000|  0%| F|  |TAMS 0x0000000712200000, 0x0000000712200000| Untracked 
| 159|0x0000000712300000, 0x0000000712300000, 0x0000000712400000|  0%| F|  |TAMS 0x0000000712300000, 0x0000000712300000| Untracked 
| 160|0x0000000712400000, 0x0000000712400000, 0x0000000712500000|  0%| F|  |TAMS 0x0000000712400000, 0x0000000712400000| Untracked 
| 161|0x0000000712500000, 0x0000000712500000, 0x0000000712600000|  0%| F|  |TAMS 0x0000000712500000, 0x0000000712500000| Untracked 
| 162|0x0000000712600000, 0x0000000712600000, 0x0000000712700000|  0%| F|  |TAMS 0x0000000712600000, 0x0000000712600000| Untracked 
| 163|0x0000000712700000, 0x0000000712700000, 0x0000000712800000|  0%| F|  |TAMS 0x0000000712700000, 0x0000000712700000| Untracked 
| 164|0x0000000712800000, 0x0000000712800000, 0x0000000712900000|  0%| F|  |TAMS 0x0000000712800000, 0x0000000712800000| Untracked 
| 165|0x0000000712900000, 0x0000000712900000, 0x0000000712a00000|  0%| F|  |TAMS 0x0000000712900000, 0x0000000712900000| Untracked 
| 166|0x0000000712a00000, 0x0000000712a00000, 0x0000000712b00000|  0%| F|  |TAMS 0x0000000712a00000, 0x0000000712a00000| Untracked 
| 167|0x0000000712b00000, 0x0000000712b00000, 0x0000000712c00000|  0%| F|  |TAMS 0x0000000712b00000, 0x0000000712b00000| Untracked 
| 168|0x0000000712c00000, 0x0000000712c00000, 0x0000000712d00000|  0%| F|  |TAMS 0x0000000712c00000, 0x0000000712c00000| Untracked 
| 169|0x0000000712d00000, 0x0000000712d00000, 0x0000000712e00000|  0%| F|  |TAMS 0x0000000712d00000, 0x0000000712d00000| Untracked 
| 170|0x0000000712e00000, 0x0000000712e00000, 0x0000000712f00000|  0%| F|  |TAMS 0x0000000712e00000, 0x0000000712e00000| Untracked 
| 171|0x0000000712f00000, 0x0000000712f00000, 0x0000000713000000|  0%| F|  |TAMS 0x0000000712f00000, 0x0000000712f00000| Untracked 
| 172|0x0000000713000000, 0x0000000713000000, 0x0000000713100000|  0%| F|  |TAMS 0x0000000713000000, 0x0000000713000000| Untracked 
| 173|0x0000000713100000, 0x0000000713100000, 0x0000000713200000|  0%| F|  |TAMS 0x0000000713100000, 0x0000000713100000| Untracked 
| 174|0x0000000713200000, 0x0000000713200000, 0x0000000713300000|  0%| F|  |TAMS 0x0000000713200000, 0x0000000713200000| Untracked 
| 175|0x0000000713300000, 0x0000000713300000, 0x0000000713400000|  0%| F|  |TAMS 0x0000000713300000, 0x0000000713300000| Untracked 
| 176|0x0000000713400000, 0x0000000713400000, 0x0000000713500000|  0%| F|  |TAMS 0x0000000713400000, 0x0000000713400000| Untracked 
| 177|0x0000000713500000, 0x0000000713500000, 0x0000000713600000|  0%| F|  |TAMS 0x0000000713500000, 0x0000000713500000| Untracked 
| 178|0x0000000713600000, 0x0000000713600000, 0x0000000713700000|  0%| F|  |TAMS 0x0000000713600000, 0x0000000713600000| Untracked 
| 179|0x0000000713700000, 0x0000000713700000, 0x0000000713800000|  0%| F|  |TAMS 0x0000000713700000, 0x0000000713700000| Untracked 
| 180|0x0000000713800000, 0x0000000713800000, 0x0000000713900000|  0%| F|  |TAMS 0x0000000713800000, 0x0000000713800000| Untracked 
| 181|0x0000000713900000, 0x0000000713900000, 0x0000000713a00000|  0%| F|  |TAMS 0x0000000713900000, 0x0000000713900000| Untracked 
| 182|0x0000000713a00000, 0x0000000713a00000, 0x0000000713b00000|  0%| F|  |TAMS 0x0000000713a00000, 0x0000000713a00000| Untracked 
| 183|0x0000000713b00000, 0x0000000713b00000, 0x0000000713c00000|  0%| F|  |TAMS 0x0000000713b00000, 0x0000000713b00000| Untracked 
| 184|0x0000000713c00000, 0x0000000713c00000, 0x0000000713d00000|  0%| F|  |TAMS 0x0000000713c00000, 0x0000000713c00000| Untracked 
| 185|0x0000000713d00000, 0x0000000713d00000, 0x0000000713e00000|  0%| F|  |TAMS 0x0000000713d00000, 0x0000000713d00000| Untracked 
| 186|0x0000000713e00000, 0x0000000713e00000, 0x0000000713f00000|  0%| F|  |TAMS 0x0000000713e00000, 0x0000000713e00000| Untracked 
| 187|0x0000000713f00000, 0x0000000713f00000, 0x0000000714000000|  0%| F|  |TAMS 0x0000000713f00000, 0x0000000713f00000| Untracked 
| 188|0x0000000714000000, 0x0000000714000000, 0x0000000714100000|  0%| F|  |TAMS 0x0000000714000000, 0x0000000714000000| Untracked 
| 189|0x0000000714100000, 0x0000000714100000, 0x0000000714200000|  0%| F|  |TAMS 0x0000000714100000, 0x0000000714100000| Untracked 
| 190|0x0000000714200000, 0x0000000714200000, 0x0000000714300000|  0%| F|  |TAMS 0x0000000714200000, 0x0000000714200000| Untracked 
| 191|0x0000000714300000, 0x0000000714300000, 0x0000000714400000|  0%| F|  |TAMS 0x0000000714300000, 0x0000000714300000| Untracked 
| 192|0x0000000714400000, 0x0000000714400000, 0x0000000714500000|  0%| F|  |TAMS 0x0000000714400000, 0x0000000714400000| Untracked 
| 193|0x0000000714500000, 0x0000000714500000, 0x0000000714600000|  0%| F|  |TAMS 0x0000000714500000, 0x0000000714500000| Untracked 
| 194|0x0000000714600000, 0x0000000714600000, 0x0000000714700000|  0%| F|  |TAMS 0x0000000714600000, 0x0000000714600000| Untracked 
| 195|0x0000000714700000, 0x0000000714700000, 0x0000000714800000|  0%| F|  |TAMS 0x0000000714700000, 0x0000000714700000| Untracked 
| 196|0x0000000714800000, 0x0000000714800000, 0x0000000714900000|  0%| F|  |TAMS 0x0000000714800000, 0x0000000714800000| Untracked 
| 197|0x0000000714900000, 0x0000000714900000, 0x0000000714a00000|  0%| F|  |TAMS 0x0000000714900000, 0x0000000714900000| Untracked 
| 198|0x0000000714a00000, 0x0000000714a00000, 0x0000000714b00000|  0%| F|  |TAMS 0x0000000714a00000, 0x0000000714a00000| Untracked 
| 199|0x0000000714b00000, 0x0000000714b00000, 0x0000000714c00000|  0%| F|  |TAMS 0x0000000714b00000, 0x0000000714b00000| Untracked 
| 200|0x0000000714c00000, 0x0000000714c00000, 0x0000000714d00000|  0%| F|  |TAMS 0x0000000714c00000, 0x0000000714c00000| Untracked 
| 201|0x0000000714d00000, 0x0000000714d00000, 0x0000000714e00000|  0%| F|  |TAMS 0x0000000714d00000, 0x0000000714d00000| Untracked 
| 202|0x0000000714e00000, 0x0000000714e00000, 0x0000000714f00000|  0%| F|  |TAMS 0x0000000714e00000, 0x0000000714e00000| Untracked 
| 203|0x0000000714f00000, 0x0000000714f00000, 0x0000000715000000|  0%| F|  |TAMS 0x0000000714f00000, 0x0000000714f00000| Untracked 
| 204|0x0000000715000000, 0x0000000715000000, 0x0000000715100000|  0%| F|  |TAMS 0x0000000715000000, 0x0000000715000000| Untracked 
| 205|0x0000000715100000, 0x0000000715100000, 0x0000000715200000|  0%| F|  |TAMS 0x0000000715100000, 0x0000000715100000| Untracked 
| 206|0x0000000715200000, 0x0000000715200000, 0x0000000715300000|  0%| F|  |TAMS 0x0000000715200000, 0x0000000715200000| Untracked 
| 207|0x0000000715300000, 0x0000000715300000, 0x0000000715400000|  0%| F|  |TAMS 0x0000000715300000, 0x0000000715300000| Untracked 
| 208|0x0000000715400000, 0x0000000715400000, 0x0000000715500000|  0%| F|  |TAMS 0x0000000715400000, 0x0000000715400000| Untracked 
| 209|0x0000000715500000, 0x0000000715500000, 0x0000000715600000|  0%| F|  |TAMS 0x0000000715500000, 0x0000000715500000| Untracked 
| 210|0x0000000715600000, 0x0000000715600000, 0x0000000715700000|  0%| F|  |TAMS 0x0000000715600000, 0x0000000715600000| Untracked 
| 211|0x0000000715700000, 0x0000000715700000, 0x0000000715800000|  0%| F|  |TAMS 0x0000000715700000, 0x0000000715700000| Untracked 
| 212|0x0000000715800000, 0x0000000715800000, 0x0000000715900000|  0%| F|  |TAMS 0x0000000715800000, 0x0000000715800000| Untracked 
| 213|0x0000000715900000, 0x0000000715900000, 0x0000000715a00000|  0%| F|  |TAMS 0x0000000715900000, 0x0000000715900000| Untracked 
| 214|0x0000000715a00000, 0x0000000715a00000, 0x0000000715b00000|  0%| F|  |TAMS 0x0000000715a00000, 0x0000000715a00000| Untracked 
| 215|0x0000000715b00000, 0x0000000715b00000, 0x0000000715c00000|  0%| F|  |TAMS 0x0000000715b00000, 0x0000000715b00000| Untracked 
| 216|0x0000000715c00000, 0x0000000715c00000, 0x0000000715d00000|  0%| F|  |TAMS 0x0000000715c00000, 0x0000000715c00000| Untracked 
| 217|0x0000000715d00000, 0x0000000715d00000, 0x0000000715e00000|  0%| F|  |TAMS 0x0000000715d00000, 0x0000000715d00000| Untracked 
| 218|0x0000000715e00000, 0x0000000715e00000, 0x0000000715f00000|  0%| F|  |TAMS 0x0000000715e00000, 0x0000000715e00000| Untracked 
| 219|0x0000000715f00000, 0x0000000715f00000, 0x0000000716000000|  0%| F|  |TAMS 0x0000000715f00000, 0x0000000715f00000| Untracked 
| 220|0x0000000716000000, 0x0000000716000000, 0x0000000716100000|  0%| F|  |TAMS 0x0000000716000000, 0x0000000716000000| Untracked 
| 221|0x0000000716100000, 0x0000000716200000, 0x0000000716200000|100%| S|  |TAMS 0x0000000716100000, 0x0000000716100000| Complete 
| 222|0x0000000716200000, 0x0000000716300000, 0x0000000716300000|100%| S|  |TAMS 0x0000000716200000, 0x0000000716200000| Complete 
| 223|0x0000000716300000, 0x0000000716400000, 0x0000000716400000|100%| S|  |TAMS 0x0000000716300000, 0x0000000716300000| Complete 
| 224|0x0000000716400000, 0x0000000716500000, 0x0000000716500000|100%| E|CS|TAMS 0x0000000716400000, 0x0000000716400000| Complete 
| 225|0x0000000716500000, 0x0000000716600000, 0x0000000716600000|100%| E|CS|TAMS 0x0000000716500000, 0x0000000716500000| Complete 
| 226|0x0000000716600000, 0x0000000716700000, 0x0000000716700000|100%| E|CS|TAMS 0x0000000716600000, 0x0000000716600000| Complete 
| 227|0x0000000716700000, 0x0000000716800000, 0x0000000716800000|100%| E|CS|TAMS 0x0000000716700000, 0x0000000716700000| Complete 
| 228|0x0000000716800000, 0x0000000716900000, 0x0000000716900000|100%| E|CS|TAMS 0x0000000716800000, 0x0000000716800000| Complete 
| 229|0x0000000716900000, 0x0000000716a00000, 0x0000000716a00000|100%| E|CS|TAMS 0x0000000716900000, 0x0000000716900000| Complete 
| 230|0x0000000716a00000, 0x0000000716b00000, 0x0000000716b00000|100%| E|CS|TAMS 0x0000000716a00000, 0x0000000716a00000| Complete 
| 231|0x0000000716b00000, 0x0000000716c00000, 0x0000000716c00000|100%| E|CS|TAMS 0x0000000716b00000, 0x0000000716b00000| Complete 
| 232|0x0000000716c00000, 0x0000000716d00000, 0x0000000716d00000|100%| E|CS|TAMS 0x0000000716c00000, 0x0000000716c00000| Complete 
| 233|0x0000000716d00000, 0x0000000716e00000, 0x0000000716e00000|100%| E|CS|TAMS 0x0000000716d00000, 0x0000000716d00000| Complete 
| 234|0x0000000716e00000, 0x0000000716f00000, 0x0000000716f00000|100%| E|CS|TAMS 0x0000000716e00000, 0x0000000716e00000| Complete 
| 235|0x0000000716f00000, 0x0000000717000000, 0x0000000717000000|100%| E|CS|TAMS 0x0000000716f00000, 0x0000000716f00000| Complete 
| 236|0x0000000717000000, 0x0000000717100000, 0x0000000717100000|100%| E|CS|TAMS 0x0000000717000000, 0x0000000717000000| Complete 
| 237|0x0000000717100000, 0x0000000717200000, 0x0000000717200000|100%| E|CS|TAMS 0x0000000717100000, 0x0000000717100000| Complete 
| 238|0x0000000717200000, 0x0000000717300000, 0x0000000717300000|100%| E|CS|TAMS 0x0000000717200000, 0x0000000717200000| Complete 
| 239|0x0000000717300000, 0x0000000717400000, 0x0000000717400000|100%| E|CS|TAMS 0x0000000717300000, 0x0000000717300000| Complete 
| 240|0x0000000717400000, 0x0000000717500000, 0x0000000717500000|100%| E|CS|TAMS 0x0000000717400000, 0x0000000717400000| Complete 
| 241|0x0000000717500000, 0x0000000717600000, 0x0000000717600000|100%| E|CS|TAMS 0x0000000717500000, 0x0000000717500000| Complete 
| 242|0x0000000717600000, 0x0000000717700000, 0x0000000717700000|100%| E|CS|TAMS 0x0000000717600000, 0x0000000717600000| Complete 
| 243|0x0000000717700000, 0x0000000717800000, 0x0000000717800000|100%| E|CS|TAMS 0x0000000717700000, 0x0000000717700000| Complete 
| 244|0x0000000717800000, 0x0000000717900000, 0x0000000717900000|100%| E|CS|TAMS 0x0000000717800000, 0x0000000717800000| Complete 
| 245|0x0000000717900000, 0x0000000717a00000, 0x0000000717a00000|100%| E|CS|TAMS 0x0000000717900000, 0x0000000717900000| Complete 
| 246|0x0000000717a00000, 0x0000000717b00000, 0x0000000717b00000|100%| E|CS|TAMS 0x0000000717a00000, 0x0000000717a00000| Complete 
| 247|0x0000000717b00000, 0x0000000717c00000, 0x0000000717c00000|100%| E|CS|TAMS 0x0000000717b00000, 0x0000000717b00000| Complete 
|2938|0x00000007bfe00000, 0x00000007bfe47000, 0x00000007bff00000| 27%|OA|  |TAMS 0x00000007bfe00000, 0x00000007bfe00000| Untracked 
|2939|0x00000007bff00000, 0x00000007bff6b000, 0x00000007c0000000| 41%|CA|  |TAMS 0x00000007bff00000, 0x00000007bff00000| Untracked 

Card table byte_map: [0x00007f7115fe4000,0x00007f71167a2000] _byte_map_base: 0x00007f71127a2000

Marking Bits (Prev, Next): (CMBitMap*) 0x00007f711007e8f8, (CMBitMap*) 0x00007f711007e930
 Prev Bits: [0x00007f70f0210000, 0x00007f70f4000000)
 Next Bits: [0x00007f70ec420000, 0x00007f70f0210000)

Polling page: 0x00007f7117cb5000

Metaspace:

Usage:
  Non-class:      7,35 MB capacity,     6,24 MB ( 85%) used,     1,04 MB ( 14%) free+waste,    58,75 KB ( <1%) overhead. 
      Class:      1,21 MB capacity,   955,76 KB ( 77%) used,   253,30 KB ( 20%) free+waste,    31,94 KB (  3%) overhead. 
       Both:      8,56 MB capacity,     7,18 MB ( 84%) used,     1,29 MB ( 15%) free+waste,    90,69 KB (  1%) overhead. 

Virtual space:
  Non-class space:        8,00 MB reserved,       7,50 MB ( 94%) committed 
      Class space:        1,00 GB reserved,       1,25 MB ( <1%) committed 
             Both:        1,01 GB reserved,       8,75 MB ( <1%) committed 

Chunk freelists:
   Non-Class:  22,00 KB
       Class:  7,00 KB
        Both:  29,00 KB

MaxMetaspaceSize: unlimited
CompressedClassSpaceSize: 1,00 GB
Initial GC threshold: 20,80 MB
Current GC threshold: 20,80 MB
CDS: on

CodeHeap 'non-profiled nmethods': size=120032Kb used=393Kb max_used=393Kb free=119638Kb
 bounds [0x00007f7100305000, 0x00007f7100575000, 0x00007f710783d000]
CodeHeap 'profiled nmethods': size=120028Kb used=2590Kb max_used=2590Kb free=117437Kb
 bounds [0x00007f70f8dce000, 0x00007f70f905e000, 0x00007f7100305000]
CodeHeap 'non-nmethods': size=5700Kb used=1126Kb max_used=1141Kb free=4573Kb
 bounds [0x00007f70f883d000, 0x00007f70f8aad000, 0x00007f70f8dce000]
 total_blobs=1629 nmethods=1250 adapters=293
 compilation: enabled
              stopped_count=0, restarted_count=0
 full_count=0

Compilation events (20 events):
Event: 0,373 Thread 0x00007f71101e7000 nmethod 1241 0x00007f70f904f590 code [0x00007f70f904f760, 0x00007f70f904f9c0]
Event: 0,373 Thread 0x00007f71101e7000 1240       3       java.lang.reflect.Constructor::<init> (50 bytes)
Event: 0,374 Thread 0x00007f71101e7000 nmethod 1240 0x00007f70f904fa90 code [0x00007f70f904fc60, 0x00007f70f9050110]
Event: 0,374 Thread 0x00007f71101e7000 1242       3       java.lang.reflect.ProxyGenerator$ConstantPool::getMethodRef (33 bytes)
Event: 0,374 Thread 0x00007f71101e7000 nmethod 1242 0x00007f70f9050210 code [0x00007f70f90504e0, 0x00007f70f90511c0]
Event: 0,374 Thread 0x00007f71101e7000 1245       3       sun.reflect.generics.parser.SignatureParser::parsePackageNameAndSimpleClassTypeSignature (119 bytes)
Event: 0,374 Thread 0x00007f71101e7000 nmethod 1245 0x00007f70f9051710 code [0x00007f70f9051a60, 0x00007f70f9052b80]
Event: 0,374 Thread 0x00007f71101e7000 1246       3       jdk.internal.loader.AbstractClassLoaderValue::map (20 bytes)
Event: 0,375 Thread 0x00007f71101e7000 nmethod 1246 0x00007f70f9053190 code [0x00007f70f9053360, 0x00007f70f9053620]
Event: 0,375 Thread 0x00007f71101e7000 1243       3       jdk.internal.reflect.ReflectionFactory::copyConstructor (10 bytes)
Event: 0,375 Thread 0x00007f71101e7000 nmethod 1243 0x00007f70f9053790 code [0x00007f70f9053980, 0x00007f70f9053cc0]
Event: 0,375 Thread 0x00007f71101e7000 1244       3       java.lang.reflect.ReflectAccess::copyConstructor (5 bytes)
Event: 0,375 Thread 0x00007f71101e7000 nmethod 1244 0x00007f70f9053e10 code [0x00007f70f9053fc0, 0x00007f70f9054100]
Event: 0,375 Thread 0x00007f71101e7000 1247       3       java.lang.invoke.BoundMethodHandle::editor (8 bytes)
Event: 0,375 Thread 0x00007f71101e7000 nmethod 1247 0x00007f70f9054210 code [0x00007f70f9054400, 0x00007f70f90547c0]
Event: 0,377 Thread 0x00007f71101e7000 1251       3       java.lang.StringLatin1::trim (76 bytes)
Event: 0,378 Thread 0x00007f71101e7000 nmethod 1251 0x00007f70f9054990 code [0x00007f70f9054ba0, 0x00007f70f9055180]
Event: 0,378 Thread 0x00007f71101e7000 1250       3       java.lang.String::trim (35 bytes)
Event: 0,378 Thread 0x00007f71101e7000 nmethod 1250 0x00007f70f9055390 code [0x00007f70f9055560, 0x00007f70f9055850]
Event: 0,378 Thread 0x00007f71101e7000 1252       3       jdk.internal.reflect.ReflectionFactory::newConstructorAccessor (154 bytes)

GC Heap History (1 events):
Event: 0,379 GC heap before
{Heap before GC invocations=0 (full 0):
 garbage-first heap   total 256000K, used 25288K [0x0000000708400000, 0x0000000800000000)
  region size 1024K, 24 young (24576K), 0 survivors (0K)
 Metaspace       used 7350K, capacity 8763K, committed 8960K, reserved 1056768K
  class space    used 955K, capacity 1241K, committed 1280K, reserved 1048576K
}

Deoptimization events (20 events):
Event: 0,255 Thread 0x00007f7110018000 DEOPT PACKING pc=0x00007f70f8e38128 sp=0x00007f7117deb660
Event: 0,255 Thread 0x00007f7110018000 DEOPT UNPACKING pc=0x00007f70f888764a sp=0x00007f7117deab98 mode 0
Event: 0,262 Thread 0x00007f7110018000 Uncommon trap: trap_request=0xffffff4d fr.pc=0x00007f710034af1c relative=0x00000000000002fc
Event: 0,262 Thread 0x00007f7110018000 Uncommon trap: reason=unstable_if action=reinterpret pc=0x00007f710034af1c method=java.lang.String.startsWith(Ljava/lang/String;I)Z @ 1 c2
Event: 0,262 Thread 0x00007f7110018000 DEOPT PACKING pc=0x00007f710034af1c sp=0x00007f7117de9430
Event: 0,262 Thread 0x00007f7110018000 DEOPT UNPACKING pc=0x00007f70f8886ea5 sp=0x00007f7117de93c0 mode 2
Event: 0,292 Thread 0x00007f7110018000 DEOPT PACKING pc=0x00007f70f8df4740 sp=0x00007f7117deb8b0
Event: 0,292 Thread 0x00007f7110018000 DEOPT UNPACKING pc=0x00007f70f888764a sp=0x00007f7117deade8 mode 0
Event: 0,345 Thread 0x00007f7110018000 Uncommon trap: trap_request=0xffffff4d fr.pc=0x00007f710034a6a8 relative=0x0000000000000068
Event: 0,345 Thread 0x00007f7110018000 Uncommon trap: reason=unstable_if action=reinterpret pc=0x00007f710034a6a8 method=sun.net.www.ParseUtil.firstEncodeIndex(Ljava/lang/String;)I @ 51 c2
Event: 0,345 Thread 0x00007f7110018000 DEOPT PACKING pc=0x00007f710034a6a8 sp=0x00007f7117dec7e0
Event: 0,345 Thread 0x00007f7110018000 DEOPT UNPACKING pc=0x00007f70f8886ea5 sp=0x00007f7117dec788 mode 2
Event: 0,356 Thread 0x00007f7110018000 DEOPT PACKING pc=0x00007f70f9021428 sp=0x00007f7117deb140
Event: 0,356 Thread 0x00007f7110018000 DEOPT UNPACKING pc=0x00007f70f888764a sp=0x00007f7117dea678 mode 0
Event: 0,367 Thread 0x00007f7110018000 Uncommon trap: trap_request=0xffffff4d fr.pc=0x00007f710033bbe4 relative=0x00000000000000a4
Event: 0,367 Thread 0x00007f7110018000 Uncommon trap: reason=unstable_if action=reinterpret pc=0x00007f710033bbe4 method=sun.reflect.generics.parser.SignatureParser.current()C @ 39 c2
Event: 0,367 Thread 0x00007f7110018000 DEOPT PACKING pc=0x00007f710033bbe4 sp=0x00007f7117debf70
Event: 0,367 Thread 0x00007f7110018000 DEOPT UNPACKING pc=0x00007f70f8886ea5 sp=0x00007f7117debf28 mode 2
Event: 0,373 Thread 0x00007f7110018000 DEOPT PACKING pc=0x00007f70f9021428 sp=0x00007f7117deb3e0
Event: 0,373 Thread 0x00007f7110018000 DEOPT UNPACKING pc=0x00007f70f888764a sp=0x00007f7117dea918 mode 0

Classes redefined (0 events):
No events

Internal exceptions (20 events):
Event: 0,214 Thread 0x00007f7110018000 Exception <a 'java/lang/IncompatibleClassChangeError'{0x00000007171fe818}: Found class java.lang.Object, but interface was expected> (0x00000007171fe818) thrown at [src/hotspot/share/interpreter/linkResolver.cpp, line 839]
Event: 0,215 Thread 0x00007f7110018000 Exception <a 'java/lang/NoSuchMethodError'{0x0000000717004aa8}: 'void java.lang.invoke.DirectMethodHandle$Holder.invokeSpecial(java.lang.Object, java.lang.Object)'> (0x0000000717004aa8) thrown at [src/hotspot/share/interpreter/linkResolver.cpp, line 772]
Event: 0,223 Thread 0x00007f7110018000 Exception <a 'java/lang/IncompatibleClassChangeError'{0x0000000717091920}: Found class java.lang.Object, but interface was expected> (0x0000000717091920) thrown at [src/hotspot/share/interpreter/linkResolver.cpp, line 839]
Event: 0,224 Thread 0x00007f7110018000 Exception <a 'java/lang/NoSuchMethodError'{0x000000071709bb50}: 'java.lang.Object java.lang.invoke.Invokers$Holder.linkToTargetMethod(java.lang.Object, java.lang.Object, java.lang.Object, java.lang.Object, java.lang.Object, java.lang.Object)'> (0x000000071709bb50) thrown at [src/hotspot/share/interpreter/linkResolver.cpp, line 772]
Event: 0,224 Thread 0x00007f7110018000 Exception <a 'java/lang/NoSuchMethodError'{0x00000007170a8ee8}: 'void java.lang.invoke.DirectMethodHandle$Holder.invokeStaticInit(java.lang.Object)'> (0x00000007170a8ee8) thrown at [src/hotspot/share/interpreter/linkResolver.cpp, line 772]
Event: 0,226 Thread 0x00007f7110018000 Exception <a 'java/lang/NoSuchMethodError'{0x00000007170bd768}: 'java.lang.Object java.lang.invoke.Invokers$Holder.linkToTargetMethod(java.lang.Object, java.lang.Object, java.lang.Object, java.lang.Object, java.lang.Object, java.lang.Object, java.lang.Object)'> (0x00000007170bd768) thrown at [src/hotspot/share/interpreter/linkResolver.cpp, line 772]
Event: 0,227 Thread 0x00007f7110018000 Exception <a 'java/lang/NoSuchMethodError'{0x00000007170c51e8}: 'java.lang.Object java.lang.invoke.DirectMethodHandle$Holder.invokeSpecialIFC(java.lang.Object, java.lang.Object, java.lang.Object, java.lang.Object, java.lang.Object)'> (0x00000007170c51e8) thrown at [src/hotspot/share/interpreter/linkResolver.cpp, line 772]
Event: 0,282 Thread 0x00007f7110018000 Exception <a 'java/lang/NoSuchMethodError'{0x0000000716c6b628}: 'java.lang.Object java.lang.invoke.DirectMethodHandle$Holder.invokeSpecial(java.lang.Object, java.lang.Object, java.lang.Object, java.lang.Object, java.lang.Object, java.lang.Object, java.lang.Object, java.lang.Object, java.lang.Object)'> (0x0000000716c6b628) thrown at [src/hotspot/share/interpreter/linkResolver.cpp, line 772]
Event: 0,282 Thread 0x00007f7110018000 Exception <a 'java/lang/NoSuchMethodError'{0x0000000716c6f820}: 'java.lang.Object java.lang.invoke.Invokers$Holder.linkToTargetMethod(java.lang.Object, java.lang.Object, java.lang.Object, java.lang.Object, java.lang.Object, java.lang.Object, java.lang.Object, java.lang.Object)'> (0x0000000716c6f820) thrown at [src/hotspot/share/interpreter/linkResolver.cpp, line 772]
Event: 0,284 Thread 0x00007f7110018000 Exception <a 'java/lang/NoSuchMethodError'{0x0000000716c91ae0}: 'java.lang.Object java.lang.invoke.DirectMethodHandle$Holder.invokeSpecialIFC(java.lang.Object, java.lang.Object, java.lang.Object, java.lang.Object)'> (0x0000000716c91ae0) thrown at [src/hotspot/share/interpreter/linkResolver.cpp, line 772]
Event: 0,291 Thread 0x00007f7110018000 Exception <a 'java/lang/NoSuchMethodError'{0x0000000716cf0808}: 'void java.lang.invoke.DirectMethodHandle$Holder.invokeStatic(java.lang.Object, java.lang.Object, java.lang.Object, java.lang.Object, java.lang.Object)'> (0x0000000716cf0808) thrown at [src/hotspot/share/interpreter/linkResolver.cpp, line 772]
Event: 0,295 Thread 0x00007f7110018000 Exception <a 'java/lang/NoSuchMethodError'{0x0000000716b7ed28}: 'int java.lang.invoke.DirectMethodHandle$Holder.invokeSpecialIFC(java.lang.Object, java.lang.Object, java.lang.Object, java.lang.Object)'> (0x0000000716b7ed28) thrown at [src/hotspot/share/interpreter/linkResolver.cpp, line 772]
Event: 0,309 Thread 0x00007f7110018000 Exception <a 'java/lang/NoSuchMethodError'{0x0000000716ac3948}: 'java.lang.Object java.lang.invoke.Invokers$Holder.linkToTargetMethod(java.lang.Object, int, java.lang.Object)'> (0x0000000716ac3948) thrown at [src/hotspot/share/interpreter/linkResolver.cpp, line 772]
Event: 0,314 Thread 0x00007f7110018000 Exception <a 'java/lang/NoSuchMethodError'{0x0000000716917090}: 'void java.lang.invoke.DirectMethodHandle$Holder.invokeInterface(java.lang.Object, java.lang.Object, java.lang.Object, java.lang.Object)'> (0x0000000716917090) thrown at [src/hotspot/share/interpreter/linkResolver.cpp, line 772]
Event: 0,314 Thread 0x00007f7110018000 Exception <a 'java/lang/IncompatibleClassChangeError'{0x0000000716919e50}: Found class java.lang.Object, but interface was expected> (0x0000000716919e50) thrown at [src/hotspot/share/interpreter/linkResolver.cpp, line 839]
Event: 0,320 Thread 0x00007f7110018000 Exception <a 'java/lang/NoSuchMethodError'{0x00000007169b1748}: 'int java.lang.invoke.DirectMethodHandle$Holder.invokeStatic(java.lang.Object, java.lang.Object, java.lang.Object, java.lang.Object, java.lang.Object)'> (0x00000007169b1748) thrown at [src/hotspot/share/interpreter/linkResolver.cpp, line 772]
Event: 0,330 Thread 0x00007f7110018000 Exception <a 'java/lang/NoSuchMethodError'{0x0000000716881f40}: 'void java.lang.invoke.DelegatingMethodHandle$Holder.delegate(java.lang.Object, java.lang.Object, int, java.lang.Object)'> (0x0000000716881f40) thrown at [src/hotspot/share/interpreter/linkResolver.cpp, line 772]
Event: 0,358 Thread 0x00007f7110018000 Exception <a 'java/lang/NoSuchMethodError'{0x000000071655ebf0}: 'int java.lang.invoke.DirectMethodHandle$Holder.invokeInterface(java.lang.Object, java.lang.Object)'> (0x000000071655ebf0) thrown at [src/hotspot/share/interpreter/linkResolver.cpp, line 772]
Event: 0,375 Thread 0x00007f7110018000 Exception <a 'java/lang/NoSuchMethodError'{0x00000007164bdf18}: 'java.lang.Object java.lang.invoke.DirectMethodHandle$Holder.invokeInterface(java.lang.Object, java.lang.Object, java.lang.Object)'> (0x00000007164bdf18) thrown at [src/hotspot/share/interpreter/linkResolver.cpp, line 772]
Event: 0,375 Thread 0x00007f7110018000 Exception <a 'java/lang/IncompatibleClassChangeError'{0x00000007164c1148}: Found class java.lang.Object, but interface was expected> (0x00000007164c1148) thrown at [src/hotspot/share/interpreter/linkResolver.cpp, line 839]

Events (20 events):
Event: 0,377 loading class io/cucumber/plugin/event/TestSourceRead done
Event: 0,377 loading class io/cucumber/plugin/event/TestSourceParsed
Event: 0,377 loading class io/cucumber/plugin/event/TestSourceParsed done
Event: 0,377 loading class io/cucumber/tagexpressions/TagExpressionParser
Event: 0,377 loading class io/cucumber/tagexpressions/TagExpressionParser done
Event: 0,378 loading class io/cucumber/tagexpressions/Expression
Event: 0,378 loading class io/cucumber/tagexpressions/Expression done
Event: 0,378 loading class io/cucumber/tagexpressions/Expression
Event: 0,378 loading class io/cucumber/tagexpressions/Expression done
Event: 0,378 loading class io/cucumber/tagexpressions/Expression
Event: 0,378 loading class io/cucumber/tagexpressions/Expression done
Event: 0,378 loading class io/cucumber/tagexpressions/Expression
Event: 0,378 loading class io/cucumber/tagexpressions/Expression done
Event: 0,378 loading class io/cucumber/tagexpressions/Expression
Event: 0,378 loading class io/cucumber/tagexpressions/Expression done
Event: 0,378 loading class io/cucumber/junit/platform/engine/PickleDescriptor
Event: 0,378 loading class io/cucumber/junit/platform/engine/PickleDescriptor done
Event: 0,378 loading class io/cucumber/junit/platform/engine/PickleDescriptor
Event: 0,378 loading class io/cucumber/junit/platform/engine/PickleDescriptor done
Event: 0,378 Executing VM operation: G1CollectForAllocation


Dynamic libraries:
708400000-717c00000 rw-p 00000000 00:00 0 
717c00000-7bfe00000 ---p 00000000 00:00 0 
7bfe00000-7bfe47000 rw-p 01118000 103:06 3801977                         /usr/lib/jvm/java-11-openjdk-amd64/lib/server/classes.jsa
7bfe47000-7bff00000 rw-p 00000000 00:00 0 
7bff00000-7bff6b000 rw-p 010ad000 103:06 3801977                         /usr/lib/jvm/java-11-openjdk-amd64/lib/server/classes.jsa
7bff6b000-7c0000000 rw-p 00000000 00:00 0 
7c0000000-800000000 ---p 00000000 00:00 0 
800000000-800002000 rwxp 00001000 103:06 3801977                         /usr/lib/jvm/java-11-openjdk-amd64/lib/server/classes.jsa
800002000-8003cb000 rw-p 00003000 103:06 3801977                         /usr/lib/jvm/java-11-openjdk-amd64/lib/server/classes.jsa
8003cb000-800a99000 r--p 003cc000 103:06 3801977                         /usr/lib/jvm/java-11-openjdk-amd64/lib/server/classes.jsa
800a99000-800a9a000 rw-p 00a9a000 103:06 3801977                         /usr/lib/jvm/java-11-openjdk-amd64/lib/server/classes.jsa
800a9a000-8010ac000 r--p 00a9b000 103:06 3801977                         /usr/lib/jvm/java-11-openjdk-amd64/lib/server/classes.jsa
840000000-840140000 rw-p 00000000 00:00 0 
840140000-880000000 ---p 00000000 00:00 0 
56051f98a000-56051f98b000 r--p 00000000 103:06 2889377                   /usr/lib/jvm/java-11-openjdk-amd64/bin/java
56051f98b000-56051f98c000 r-xp 00001000 103:06 2889377                   /usr/lib/jvm/java-11-openjdk-amd64/bin/java
56051f98c000-56051f98d000 r--p 00002000 103:06 2889377                   /usr/lib/jvm/java-11-openjdk-amd64/bin/java
56051f98d000-56051f98e000 r--p 00002000 103:06 2889377                   /usr/lib/jvm/java-11-openjdk-amd64/bin/java
56051f98e000-56051f98f000 rw-p 00003000 103:06 2889377                   /usr/lib/jvm/java-11-openjdk-amd64/bin/java
560520845000-560520866000 rw-p 00000000 00:00 0                          [heap]
7f7094000000-7f7094021000 rw-p 00000000 00:00 0 
7f7094021000-7f7098000000 ---p 00000000 00:00 0 
7f7098000000-7f7098021000 rw-p 00000000 00:00 0 
7f7098021000-7f709c000000 ---p 00000000 00:00 0 
7f709c000000-7f709c021000 rw-p 00000000 00:00 0 
7f709c021000-7f70a0000000 ---p 00000000 00:00 0 
7f70a0000000-7f70a0021000 rw-p 00000000 00:00 0 
7f70a0021000-7f70a4000000 ---p 00000000 00:00 0 
7f70a4000000-7f70a4021000 rw-p 00000000 00:00 0 
7f70a4021000-7f70a8000000 ---p 00000000 00:00 0 
7f70a8000000-7f70a8021000 rw-p 00000000 00:00 0 
7f70a8021000-7f70ac000000 ---p 00000000 00:00 0 
7f70ac000000-7f70ac021000 rw-p 00000000 00:00 0 
7f70ac021000-7f70b0000000 ---p 00000000 00:00 0 
7f70b0000000-7f70b0200000 rw-p 00000000 00:00 0 
7f70b0200000-7f70b4000000 ---p 00000000 00:00 0 
7f70b4000000-7f70b4021000 rw-p 00000000 00:00 0 
7f70b4021000-7f70b8000000 ---p 00000000 00:00 0 
7f70b8000000-7f70b8021000 rw-p 00000000 00:00 0 
7f70b8021000-7f70bc000000 ---p 00000000 00:00 0 
7f70bc000000-7f70bc3e4000 rw-p 00000000 00:00 0 
7f70bc3e4000-7f70c0000000 ---p 00000000 00:00 0 
7f70c0000000-7f70c0346000 rw-p 00000000 00:00 0 
7f70c0346000-7f70c4000000 ---p 00000000 00:00 0 
7f70c4000000-7f70c4021000 rw-p 00000000 00:00 0 
7f70c4021000-7f70c8000000 ---p 00000000 00:00 0 
7f70c8000000-7f70c8021000 rw-p 00000000 00:00 0 
7f70c8021000-7f70cc000000 ---p 00000000 00:00 0 
7f70cc000000-7f70cc021000 rw-p 00000000 00:00 0 
7f70cc021000-7f70d0000000 ---p 00000000 00:00 0 
7f70d0000000-7f70d0021000 rw-p 00000000 00:00 0 
7f70d0021000-7f70d4000000 ---p 00000000 00:00 0 
7f70d4000000-7f70d4021000 rw-p 00000000 00:00 0 
7f70d4021000-7f70d8000000 ---p 00000000 00:00 0 
7f70d8000000-7f70d8021000 rw-p 00000000 00:00 0 
7f70d8021000-7f70dc000000 ---p 00000000 00:00 0 
7f70dc000000-7f70dc021000 rw-p 00000000 00:00 0 
7f70dc021000-7f70e0000000 ---p 00000000 00:00 0 
7f70e0000000-7f70e0021000 rw-p 00000000 00:00 0 
7f70e0021000-7f70e4000000 ---p 00000000 00:00 0 
7f70e5484000-7f70e5485000 ---p 00000000 00:00 0 
7f70e5485000-7f70e5586000 rw-p 00000000 00:00 0 
7f70e5586000-7f70e5587000 ---p 00000000 00:00 0 
7f70e5587000-7f70e5688000 rw-p 00000000 00:00 0 
7f70e5688000-7f70e5689000 ---p 00000000 00:00 0 
7f70e5689000-7f70e578a000 rw-p 00000000 00:00 0 
7f70e578a000-7f70e578b000 ---p 00000000 00:00 0 
7f70e578b000-7f70e588c000 rw-p 00000000 00:00 0 
7f70e588c000-7f70e588d000 ---p 00000000 00:00 0 
7f70e588d000-7f70e598e000 rw-p 00000000 00:00 0 
7f70e598e000-7f70e5992000 ---p 00000000 00:00 0 
7f70e5992000-7f70e5a8f000 rw-p 00000000 00:00 0 
7f70e5a8f000-7f70e6000000 r--p 00000000 103:06 2889073                   /usr/lib/locale/locale-archive
7f70e6000000-7f70e8000000 rw-p 00000000 00:00 0 
7f70e8000000-7f70e8021000 rw-p 00000000 00:00 0 
7f70e8021000-7f70ec000000 ---p 00000000 00:00 0 
7f70ec01b000-7f70ec01f000 ---p 00000000 00:00 0 
7f70ec01f000-7f70ec11c000 rw-p 00000000 00:00 0 
7f70ec11c000-7f70ec120000 ---p 00000000 00:00 0 
7f70ec120000-7f70ec21d000 rw-p 00000000 00:00 0 
7f70ec21d000-7f70ec21e000 ---p 00000000 00:00 0 
7f70ec21e000-7f70ec31f000 rw-p 00000000 00:00 0 
7f70ec31f000-7f70ec323000 ---p 00000000 00:00 0 
7f70ec323000-7f70ec800000 rw-p 00000000 00:00 0 
7f70ec800000-7f70ef208000 ---p 00000000 00:00 0 
7f70ef208000-7f70ef210000 rw-p 00000000 00:00 0 
7f70ef210000-7f70f0210000 ---p 00000000 00:00 0 
7f70f0210000-7f70f05f0000 rw-p 00000000 00:00 0 
7f70f05f0000-7f70f2ff8000 ---p 00000000 00:00 0 
7f70f2ff8000-7f70f3000000 rw-p 00000000 00:00 0 
7f70f3000000-7f70f4000000 ---p 00000000 00:00 0 
7f70f4000000-7f70f4021000 rw-p 00000000 00:00 0 
7f70f4021000-7f70f8000000 ---p 00000000 00:00 0 
7f70f8083000-7f70f80b4000 rw-p 00000000 00:00 0 
7f70f80b4000-7f70f80b8000 ---p 00000000 00:00 0 
7f70f80b8000-7f70f81b5000 rw-p 00000000 00:00 0 
7f70f81b5000-7f70f81b9000 ---p 00000000 00:00 0 
7f70f81b9000-7f70f82b6000 rw-p 00000000 00:00 0 
7f70f82b6000-7f70f82ba000 ---p 00000000 00:00 0 
7f70f82ba000-7f70f83b7000 rw-p 00000000 00:00 0 
7f70f83b7000-7f70f83bb000 ---p 00000000 00:00 0 
7f70f83bb000-7f70f84b8000 rw-p 00000000 00:00 0 
7f70f84b8000-7f70f84bc000 ---p 00000000 00:00 0 
7f70f84bc000-7f70f85b9000 rw-p 00000000 00:00 0 
7f70f85b9000-7f70f85bd000 ---p 00000000 00:00 0 
7f70f85bd000-7f70f86ba000 rw-p 00000000 00:00 0 
7f70f86ba000-7f70f86bb000 ---p 00000000 00:00 0 
7f70f86bb000-7f70f883d000 rw-p 00000000 00:00 0 
7f70f883d000-7f70f8aad000 rwxp 00000000 00:00 0 
7f70f8aad000-7f70f8dce000 ---p 00000000 00:00 0 
7f70f8dce000-7f70f905e000 rwxp 00000000 00:00 0 
7f70f905e000-7f7100305000 ---p 00000000 00:00 0 
7f7100305000-7f7100575000 rwxp 00000000 00:00 0 
7f7100575000-7f710783d000 ---p 00000000 00:00 0 
7f710783d000-7f7110000000 r--s 00000000 103:06 2950280                   /usr/lib/jvm/java-11-openjdk-amd64/lib/modules
7f7110000000-7f71106d7000 rw-p 00000000 00:00 0 
7f71106d7000-7f7114000000 ---p 00000000 00:00 0 
7f7114023000-7f7114027000 r--p 00000000 103:06 2950270                   /usr/lib/jvm/java-11-openjdk-amd64/lib/libnet.so
7f7114027000-7f7114035000 r-xp 00004000 103:06 2950270                   /usr/lib/jvm/java-11-openjdk-amd64/lib/libnet.so
7f7114035000-7f7114039000 r--p 00012000 103:06 2950270                   /usr/lib/jvm/java-11-openjdk-amd64/lib/libnet.so
7f7114039000-7f711403a000 r--p 00015000 103:06 2950270                   /usr/lib/jvm/java-11-openjdk-amd64/lib/libnet.so
7f711403a000-7f711403b000 rw-p 00016000 103:06 2950270                   /usr/lib/jvm/java-11-openjdk-amd64/lib/libnet.so
7f711403b000-7f7114042000 r--p 00000000 103:06 2950271                   /usr/lib/jvm/java-11-openjdk-amd64/lib/libnio.so
7f7114042000-7f711404a000 r-xp 00007000 103:06 2950271                   /usr/lib/jvm/java-11-openjdk-amd64/lib/libnio.so
7f711404a000-7f711404d000 r--p 0000f000 103:06 2950271                   /usr/lib/jvm/java-11-openjdk-amd64/lib/libnio.so
7f711404d000-7f711404e000 r--p 00011000 103:06 2950271                   /usr/lib/jvm/java-11-openjdk-amd64/lib/libnio.so
7f711404e000-7f711404f000 rw-p 00012000 103:06 2950271                   /usr/lib/jvm/java-11-openjdk-amd64/lib/libnio.so
7f711404f000-7f7114852000 rw-p 00000000 00:00 0 
7f7114852000-7f71148d2000 ---p 00000000 00:00 0 
7f71148d2000-7f7114914000 rw-p 00000000 00:00 0 
7f7114914000-7f7114915000 ---p 00000000 00:00 0 
7f7114915000-7f7114a16000 rw-p 00000000 00:00 0 
7f7114a16000-7f7114a17000 ---p 00000000 00:00 0 
7f7114a17000-7f7115522000 rw-p 00000000 00:00 0 
7f7115522000-7f7115523000 ---p 00000000 00:00 0 
7f7115523000-7f7115624000 rw-p 00000000 00:00 0 
7f7115624000-7f7115625000 ---p 00000000 00:00 0 
7f7115625000-7f71158a2000 rw-p 00000000 00:00 0 
7f71158a2000-7f7115de3000 ---p 00000000 00:00 0 
7f7115de3000-7f7115de4000 rw-p 00000000 00:00 0 
7f7115de4000-7f7115fe4000 ---p 00000000 00:00 0 
7f7115fe4000-7f7116060000 rw-p 00000000 00:00 0 
7f7116060000-7f71165a1000 ---p 00000000 00:00 0 
7f71165a1000-7f71165a2000 rw-p 00000000 00:00 0 
7f71165a2000-7f71167a2000 ---p 00000000 00:00 0 
7f71167a2000-7f711681e000 rw-p 00000000 00:00 0 
7f711681e000-7f7116d5f000 ---p 00000000 00:00 0 
7f7116d5f000-7f7116d60000 rw-p 00000000 00:00 0 
7f7116d60000-7f7116f60000 ---p 00000000 00:00 0 
7f7116f60000-7f711796a000 rw-p 00000000 00:00 0 
7f711796a000-7f711796b000 ---p 00000000 00:00 0 
7f711796b000-7f7117a71000 rw-p 00000000 00:00 0 
7f7117a71000-7f7117b57000 ---p 00000000 00:00 0 
7f7117b57000-7f7117b5d000 rw-p 00000000 00:00 0 
7f7117b5d000-7f7117c42000 ---p 00000000 00:00 0 
7f7117c42000-7f7117c47000 rw-p 00000000 00:00 0 
7f7117c47000-7f7117c4e000 ---p 00000000 00:00 0 
7f7117c4e000-7f7117c51000 r--p 00000000 103:06 3673747                   /lib/x86_64-linux-gnu/libnss_files-2.31.so
7f7117c51000-7f7117c58000 r-xp 00003000 103:06 3673747                   /lib/x86_64-linux-gnu/libnss_files-2.31.so
7f7117c58000-7f7117c5a000 r--p 0000a000 103:06 3673747                   /lib/x86_64-linux-gnu/libnss_files-2.31.so
7f7117c5a000-7f7117c5b000 r--p 0000b000 103:06 3673747                   /lib/x86_64-linux-gnu/libnss_files-2.31.so
7f7117c5b000-7f7117c5c000 rw-p 0000c000 103:06 3673747                   /lib/x86_64-linux-gnu/libnss_files-2.31.so
7f7117c5c000-7f7117c62000 rw-p 00000000 00:00 0 
7f7117c62000-7f7117c66000 r--p 00000000 103:06 3673741                   /lib/x86_64-linux-gnu/libnsl-2.31.so
7f7117c66000-7f7117c76000 r-xp 00004000 103:06 3673741                   /lib/x86_64-linux-gnu/libnsl-2.31.so
7f7117c76000-7f7117c7b000 r--p 00014000 103:06 3673741                   /lib/x86_64-linux-gnu/libnsl-2.31.so
7f7117c7b000-7f7117c7c000 r--p 00018000 103:06 3673741                   /lib/x86_64-linux-gnu/libnsl-2.31.so
7f7117c7c000-7f7117c7d000 rw-p 00019000 103:06 3673741                   /lib/x86_64-linux-gnu/libnsl-2.31.so
7f7117c7d000-7f7117c7f000 rw-p 00000000 00:00 0 
7f7117c7f000-7f7117c81000 r--p 00000000 103:06 3673751                   /lib/x86_64-linux-gnu/libnss_nis-2.31.so
7f7117c81000-7f7117c89000 r-xp 00002000 103:06 3673751                   /lib/x86_64-linux-gnu/libnss_nis-2.31.so
7f7117c89000-7f7117c8b000 r--p 0000a000 103:06 3673751                   /lib/x86_64-linux-gnu/libnss_nis-2.31.so
7f7117c8b000-7f7117c8c000 r--p 0000b000 103:06 3673751                   /lib/x86_64-linux-gnu/libnss_nis-2.31.so
7f7117c8c000-7f7117c8d000 rw-p 0000c000 103:06 3673751                   /lib/x86_64-linux-gnu/libnss_nis-2.31.so
7f7117c8d000-7f7117c8f000 r--p 00000000 103:06 3673743                   /lib/x86_64-linux-gnu/libnss_compat-2.31.so
7f7117c8f000-7f7117c96000 r-xp 00002000 103:06 3673743                   /lib/x86_64-linux-gnu/libnss_compat-2.31.so
7f7117c96000-7f7117c97000 r--p 00009000 103:06 3673743                   /lib/x86_64-linux-gnu/libnss_compat-2.31.so
7f7117c97000-7f7117c98000 r--p 00009000 103:06 3673743                   /lib/x86_64-linux-gnu/libnss_compat-2.31.so
7f7117c98000-7f7117c99000 rw-p 0000a000 103:06 3673743                   /lib/x86_64-linux-gnu/libnss_compat-2.31.so
7f7117c9b000-7f7117c9c000 r--p 00000000 103:06 2921601                   /usr/lib/jvm/java-11-openjdk-amd64/lib/libextnet.so
7f7117c9c000-7f7117c9d000 r-xp 00001000 103:06 2921601                   /usr/lib/jvm/java-11-openjdk-amd64/lib/libextnet.so
7f7117c9d000-7f7117c9e000 r--p 00002000 103:06 2921601                   /usr/lib/jvm/java-11-openjdk-amd64/lib/libextnet.so
7f7117c9e000-7f7117c9f000 r--p 00002000 103:06 2921601                   /usr/lib/jvm/java-11-openjdk-amd64/lib/libextnet.so
7f7117c9f000-7f7117ca0000 rw-p 00003000 103:06 2921601                   /usr/lib/jvm/java-11-openjdk-amd64/lib/libextnet.so
7f7117ca0000-7f7117ca2000 r--s 0000c000 103:06 3282460                   /usr/share/java/java-atk-wrapper.jar
7f7117ca2000-7f7117ca4000 r--p 00000000 103:06 2950279                   /usr/lib/jvm/java-11-openjdk-amd64/lib/libzip.so
7f7117ca4000-7f7117ca9000 r-xp 00002000 103:06 2950279                   /usr/lib/jvm/java-11-openjdk-amd64/lib/libzip.so
7f7117ca9000-7f7117cab000 r--p 00007000 103:06 2950279                   /usr/lib/jvm/java-11-openjdk-amd64/lib/libzip.so
7f7117cab000-7f7117cac000 r--p 00008000 103:06 2950279                   /usr/lib/jvm/java-11-openjdk-amd64/lib/libzip.so
7f7117cac000-7f7117cad000 rw-p 00009000 103:06 2950279                   /usr/lib/jvm/java-11-openjdk-amd64/lib/libzip.so
7f7117cad000-7f7117cb5000 rw-s 00000000 103:06 3805113                   /tmp/hsperfdata_artur/61371
7f7117cb5000-7f7117cb6000 ---p 00000000 00:00 0 
7f7117cb6000-7f7117cb7000 r--p 00000000 00:00 0 
7f7117cb7000-7f7117cc5000 r--p 00000000 103:06 2950259                   /usr/lib/jvm/java-11-openjdk-amd64/lib/libjava.so
7f7117cc5000-7f7117cdb000 r-xp 0000e000 103:06 2950259                   /usr/lib/jvm/java-11-openjdk-amd64/lib/libjava.so
7f7117cdb000-7f7117ce2000 r--p 00024000 103:06 2950259                   /usr/lib/jvm/java-11-openjdk-amd64/lib/libjava.so
7f7117ce2000-7f7117ce3000 r--p 0002a000 103:06 2950259                   /usr/lib/jvm/java-11-openjdk-amd64/lib/libjava.so
7f7117ce3000-7f7117ce4000 rw-p 0002b000 103:06 2950259                   /usr/lib/jvm/java-11-openjdk-amd64/lib/libjava.so
7f7117ce4000-7f7117ce5000 rw-p 00000000 00:00 0 
7f7117ce5000-7f7117ce7000 r--p 00000000 103:06 3673760                   /lib/x86_64-linux-gnu/librt-2.31.so
7f7117ce7000-7f7117ceb000 r-xp 00002000 103:06 3673760                   /lib/x86_64-linux-gnu/librt-2.31.so
7f7117ceb000-7f7117ced000 r--p 00006000 103:06 3673760                   /lib/x86_64-linux-gnu/librt-2.31.so
7f7117ced000-7f7117cee000 r--p 00007000 103:06 3673760                   /lib/x86_64-linux-gnu/librt-2.31.so
7f7117cee000-7f7117cef000 rw-p 00008000 103:06 3673760                   /lib/x86_64-linux-gnu/librt-2.31.so
7f7117cef000-7f7117cf3000 ---p 00000000 00:00 0 
7f7117cf3000-7f7117df0000 rw-p 00000000 00:00 0 
7f7117df0000-7f7117df3000 r--p 00000000 103:06 3670736                   /lib/x86_64-linux-gnu/libgcc_s.so.1
7f7117df3000-7f7117e05000 r-xp 00003000 103:06 3670736                   /lib/x86_64-linux-gnu/libgcc_s.so.1
7f7117e05000-7f7117e09000 r--p 00015000 103:06 3670736                   /lib/x86_64-linux-gnu/libgcc_s.so.1
7f7117e09000-7f7117e0a000 r--p 00018000 103:06 3670736                   /lib/x86_64-linux-gnu/libgcc_s.so.1
7f7117e0a000-7f7117e0b000 rw-p 00019000 103:06 3670736                   /lib/x86_64-linux-gnu/libgcc_s.so.1
7f7117e0b000-7f7117e18000 r--p 00000000 103:06 3673735                   /lib/x86_64-linux-gnu/libm-2.31.so
7f7117e18000-7f7117ebf000 r-xp 0000d000 103:06 3673735                   /lib/x86_64-linux-gnu/libm-2.31.so
7f7117ebf000-7f7117f58000 r--p 000b4000 103:06 3673735                   /lib/x86_64-linux-gnu/libm-2.31.so
7f7117f58000-7f7117f59000 r--p 0014c000 103:06 3673735                   /lib/x86_64-linux-gnu/libm-2.31.so
7f7117f59000-7f7117f5a000 rw-p 0014d000 103:06 3673735                   /lib/x86_64-linux-gnu/libm-2.31.so
7f7117f5a000-7f7117ff0000 r--p 00000000 103:06 2883678                   /usr/lib/x86_64-linux-gnu/libstdc++.so.6.0.28
7f7117ff0000-7f71180e1000 r-xp 00096000 103:06 2883678                   /usr/lib/x86_64-linux-gnu/libstdc++.so.6.0.28
7f71180e1000-7f711812a000 r--p 00187000 103:06 2883678                   /usr/lib/x86_64-linux-gnu/libstdc++.so.6.0.28
7f711812a000-7f711812b000 ---p 001d0000 103:06 2883678                   /usr/lib/x86_64-linux-gnu/libstdc++.so.6.0.28
7f711812b000-7f7118136000 r--p 001d0000 103:06 2883678                   /usr/lib/x86_64-linux-gnu/libstdc++.so.6.0.28
7f7118136000-7f7118139000 rw-p 001db000 103:06 2883678                   /usr/lib/x86_64-linux-gnu/libstdc++.so.6.0.28
7f7118139000-7f711813c000 rw-p 00000000 00:00 0 
7f711813c000-7f71183be000 r--p 00000000 103:06 3801974                   /usr/lib/jvm/java-11-openjdk-amd64/lib/server/libjvm.so
7f71183be000-7f7119043000 r-xp 00282000 103:06 3801974                   /usr/lib/jvm/java-11-openjdk-amd64/lib/server/libjvm.so
7f7119043000-7f711929f000 r--p 00f07000 103:06 3801974                   /usr/lib/jvm/java-11-openjdk-amd64/lib/server/libjvm.so
7f711929f000-7f7119363000 r--p 01162000 103:06 3801974                   /usr/lib/jvm/java-11-openjdk-amd64/lib/server/libjvm.so
7f7119363000-7f711939e000 rw-p 01226000 103:06 3801974                   /usr/lib/jvm/java-11-openjdk-amd64/lib/server/libjvm.so
7f711939e000-7f71193f7000 rw-p 00000000 00:00 0 
7f71193f7000-7f71193fd000 r--p 00000000 103:06 3673757                   /lib/x86_64-linux-gnu/libpthread-2.31.so
7f71193fd000-7f711940e000 r-xp 00006000 103:06 3673757                   /lib/x86_64-linux-gnu/libpthread-2.31.so
7f711940e000-7f7119414000 r--p 00017000 103:06 3673757                   /lib/x86_64-linux-gnu/libpthread-2.31.so
7f7119414000-7f7119415000 r--p 0001c000 103:06 3673757                   /lib/x86_64-linux-gnu/libpthread-2.31.so
7f7119415000-7f7119416000 rw-p 0001d000 103:06 3673757                   /lib/x86_64-linux-gnu/libpthread-2.31.so
7f7119416000-7f711941a000 rw-p 00000000 00:00 0 
7f711941a000-7f711941b000 r--p 00000000 103:06 3673733                   /lib/x86_64-linux-gnu/libdl-2.31.so
7f711941b000-7f711941d000 r-xp 00001000 103:06 3673733                   /lib/x86_64-linux-gnu/libdl-2.31.so
7f711941d000-7f711941e000 r--p 00003000 103:06 3673733                   /lib/x86_64-linux-gnu/libdl-2.31.so
7f711941e000-7f711941f000 r--p 00003000 103:06 3673733                   /lib/x86_64-linux-gnu/libdl-2.31.so
7f711941f000-7f7119420000 rw-p 00004000 103:06 3673733                   /lib/x86_64-linux-gnu/libdl-2.31.so
7f7119420000-7f7119422000 r--p 00000000 103:06 3672931                   /lib/x86_64-linux-gnu/libz.so.1.2.11
7f7119422000-7f7119433000 r-xp 00002000 103:06 3672931                   /lib/x86_64-linux-gnu/libz.so.1.2.11
7f7119433000-7f7119439000 r--p 00013000 103:06 3672931                   /lib/x86_64-linux-gnu/libz.so.1.2.11
7f7119439000-7f711943a000 ---p 00019000 103:06 3672931                   /lib/x86_64-linux-gnu/libz.so.1.2.11
7f711943a000-7f711943b000 r--p 00019000 103:06 3672931                   /lib/x86_64-linux-gnu/libz.so.1.2.11
7f711943b000-7f711943c000 rw-p 0001a000 103:06 3672931                   /lib/x86_64-linux-gnu/libz.so.1.2.11
7f711943c000-7f711945e000 r--p 00000000 103:06 3673731                   /lib/x86_64-linux-gnu/libc-2.31.so
7f711945e000-7f71195d6000 r-xp 00022000 103:06 3673731                   /lib/x86_64-linux-gnu/libc-2.31.so
7f71195d6000-7f7119624000 r--p 0019a000 103:06 3673731                   /lib/x86_64-linux-gnu/libc-2.31.so
7f7119624000-7f7119628000 r--p 001e7000 103:06 3673731                   /lib/x86_64-linux-gnu/libc-2.31.so
7f7119628000-7f711962a000 rw-p 001eb000 103:06 3673731                   /lib/x86_64-linux-gnu/libc-2.31.so
7f711962a000-7f711962e000 rw-p 00000000 00:00 0 
7f711962f000-7f7119631000 r--p 00000000 103:06 2950262                   /usr/lib/jvm/java-11-openjdk-amd64/lib/libjimage.so
7f7119631000-7f7119634000 r-xp 00002000 103:06 2950262                   /usr/lib/jvm/java-11-openjdk-amd64/lib/libjimage.so
7f7119634000-7f7119635000 r--p 00005000 103:06 2950262                   /usr/lib/jvm/java-11-openjdk-amd64/lib/libjimage.so
7f7119635000-7f7119636000 ---p 00006000 103:06 2950262                   /usr/lib/jvm/java-11-openjdk-amd64/lib/libjimage.so
7f7119636000-7f7119637000 r--p 00006000 103:06 2950262                   /usr/lib/jvm/java-11-openjdk-amd64/lib/libjimage.so
7f7119637000-7f7119638000 rw-p 00007000 103:06 2950262                   /usr/lib/jvm/java-11-openjdk-amd64/lib/libjimage.so
7f7119638000-7f711963d000 r--p 00000000 103:06 2950278                   /usr/lib/jvm/java-11-openjdk-amd64/lib/libverify.so
7f711963d000-7f7119644000 r-xp 00005000 103:06 2950278                   /usr/lib/jvm/java-11-openjdk-amd64/lib/libverify.so
7f7119644000-7f7119646000 r--p 0000c000 103:06 2950278                   /usr/lib/jvm/java-11-openjdk-amd64/lib/libverify.so
7f7119646000-7f7119647000 ---p 0000e000 103:06 2950278                   /usr/lib/jvm/java-11-openjdk-amd64/lib/libverify.so
7f7119647000-7f7119649000 r--p 0000e000 103:06 2950278                   /usr/lib/jvm/java-11-openjdk-amd64/lib/libverify.so
7f7119649000-7f711964a000 rw-p 00010000 103:06 2950278                   /usr/lib/jvm/java-11-openjdk-amd64/lib/libverify.so
7f711964a000-7f711964d000 r--p 00000000 103:06 3671919                   /usr/lib/jvm/java-11-openjdk-amd64/lib/jli/libjli.so
7f711964d000-7f7119657000 r-xp 00003000 103:06 3671919                   /usr/lib/jvm/java-11-openjdk-amd64/lib/jli/libjli.so
7f7119657000-7f711965a000 r--p 0000d000 103:06 3671919                   /usr/lib/jvm/java-11-openjdk-amd64/lib/jli/libjli.so
7f711965a000-7f711965b000 ---p 00010000 103:06 3671919                   /usr/lib/jvm/java-11-openjdk-amd64/lib/jli/libjli.so
7f711965b000-7f711965c000 r--p 00010000 103:06 3671919                   /usr/lib/jvm/java-11-openjdk-amd64/lib/jli/libjli.so
7f711965c000-7f711965d000 rw-p 00011000 103:06 3671919                   /usr/lib/jvm/java-11-openjdk-amd64/lib/jli/libjli.so
7f711965d000-7f711965f000 rw-p 00000000 00:00 0 
7f711965f000-7f7119660000 r--p 00000000 103:06 3673723                   /lib/x86_64-linux-gnu/ld-2.31.so
7f7119660000-7f7119683000 r-xp 00001000 103:06 3673723                   /lib/x86_64-linux-gnu/ld-2.31.so
7f7119683000-7f711968b000 r--p 00024000 103:06 3673723                   /lib/x86_64-linux-gnu/ld-2.31.so
7f711968c000-7f711968d000 r--p 0002c000 103:06 3673723                   /lib/x86_64-linux-gnu/ld-2.31.so
7f711968d000-7f711968e000 rw-p 0002d000 103:06 3673723                   /lib/x86_64-linux-gnu/ld-2.31.so
7f711968e000-7f711968f000 rw-p 00000000 00:00 0 
7ffd0e9d6000-7ffd0e9f8000 rw-p 00000000 00:00 0                          [stack]
7ffd0e9fa000-7ffd0e9fd000 r--p 00000000 00:00 0                          [vvar]
7ffd0e9fd000-7ffd0e9fe000 r-xp 00000000 00:00 0                          [vdso]
ffffffffff600000-ffffffffff601000 --xp 00000000 00:00 0                  [vsyscall]


VM Arguments:
jvm_args: -ea -Dfile.encoding=UTF-8 
java_command: org.eclipse.jdt.internal.junit.runner.RemoteTestRunner -version 3 -port 33683 -testLoaderClass org.eclipse.jdt.internal.junit5.runner.JUnit5TestLoader -loaderpluginname org.eclipse.jdt.junit5.runtime -testNameFile /tmp/testNames1220761446144440399.txt
java_class_path (initial): /home/artur/Desktop/3ano/TQS/tqs_98470/lab5/lab5_2/books/target/test-classes:/home/artur/Desktop/3ano/TQS/tqs_98470/lab5/lab5_2/books/target/classes:/home/artur/.m2/repository/io/cucumber/cucumber-java/7.2.3/cucumber-java-7.2.3.jar:/home/artur/.m2/repository/io/cucumber/cucumber-core/7.2.3/cucumber-core-7.2.3.jar:/home/artur/.m2/repository/io/cucumber/cucumber-gherkin/7.2.3/cucumber-gherkin-7.2.3.jar:/home/artur/.m2/repository/io/cucumber/cucumber-gherkin-messages/7.2.3/cucumber-gherkin-messages-7.2.3.jar:/home/artur/.m2/repository/io/cucumber/messages/17.1.1/messages-17.1.1.jar:/home/artur/.m2/repository/io/cucumber/tag-expressions/4.1.0/tag-expressions-4.1.0.jar:/home/artur/.m2/repository/io/cucumber/cucumber-expressions/15.0.1/cucumber-expressions-15.0.1.jar:/home/artur/.m2/repository/io/cucumber/datatable/7.2.3/datatable-7.2.3.jar:/home/artur/.m2/repository/io/cucumber/cucumber-plugin/7.2.3/cucumber-plugin-7.2.3.jar:/home/artur/.m2/repository/io/cucumber/docstring/7.2.3/docstring-7.2.3.jar:/home/artur/.m2/repository/io/cucumber/html-formatter/17.0.0/html-formatter-17.0.0.jar:/home/artur/.m2/repository/io/cucumber/ci-environment/8.1.0/ci-environment-8.1.0.jar:/home/artur/.m2/repository/org/apiguardian/apiguardian-api/1.1.2/apiguardian-api-1.1.2.jar:/home/artur/.m2/repository/io/cucumber/cucumber-junit-platform-engine/7.2.3/cucumber-junit-platform-engine-7.2.3.jar:/home/artur/.m2/repository/org/junit/platform/junit-platform-engine/1.8.2/junit-platform-engine-1.8.2.jar:/home/artur/.m2/repository/org/opentest4j/opentest4j/1.2.0/opentest4j-1.2.0.jar:/home/artur/.m2/repository/org/junit/platform/junit-platform-commons/1.8.2/junit-platform-commons-1.8.2.jar:/home/artur/.m2/repository/org/junit/platform/junit-platform-suite/1.8.2/junit-platform-suite-1.8.2.jar:/home/artur/.m2/repository/org/junit/platform/junit-platform-suite-api/1.8.2/junit-platform-suite-api-1.8.2.jar:/home/artur/.m2/repository/org/junit/platform/junit-platform-suite-engin
Launcher Type: SUN_STANDARD

[Global flags]
     intx CICompilerCount                          = 4                                         {product} {ergonomic}
     uint ConcGCThreads                            = 3                                         {product} {ergonomic}
     uint G1ConcRefinementThreads                  = 10                                        {product} {ergonomic}
   size_t G1HeapRegionSize                         = 1048576                                   {product} {ergonomic}
    uintx GCDrainStackTargetSize                   = 64                                        {product} {ergonomic}
   size_t InitialHeapSize                          = 260046848                                 {product} {ergonomic}
   size_t MarkStackSize                            = 4194304                                   {product} {ergonomic}
   size_t MaxHeapSize                              = 4156555264                                {product} {ergonomic}
   size_t MaxNewSize                               = 2493513728                                {product} {ergonomic}
   size_t MinHeapDeltaBytes                        = 1048576                                   {product} {ergonomic}
    uintx NonNMethodCodeHeapSize                   = 5836300                                {pd product} {ergonomic}
    uintx NonProfiledCodeHeapSize                  = 122910970                              {pd product} {ergonomic}
    uintx ProfiledCodeHeapSize                     = 122910970                              {pd product} {ergonomic}
    uintx ReservedCodeCacheSize                    = 251658240                              {pd product} {ergonomic}
     bool SegmentedCodeCache                       = true                                      {product} {ergonomic}
     bool UseCompressedClassPointers               = true                                 {lp64_product} {ergonomic}
     bool UseCompressedOops                        = true                                 {lp64_product} {ergonomic}
     bool UseG1GC                                  = true                                      {product} {ergonomic}

Logging:
Log output configuration:
 #0: stdout all=warning uptime,level,tags
 #1: stderr all=off uptime,level,tags

Environment Variables:
JAVA_HOME=/usr/lib/jvm/java-11-openjdk-amd64
CLASSPATH=.:/usr/local/lib/antlr-4.9.2-complete.jar:/usr/local/lib/ST-4.3.1.jar:
PATH=/home/artur/.local/bin:/home/artur/.nvm/versions/node/v14.17.0/bin:/home/artur/.local/bin:/usr/local/sbin:/usr/local/bin:/usr/sbin:/usr/bin:/sbin:/bin:/usr/games:/usr/local/games:/snap/bin:/usr/lib/jvm/java-16-oracle/bin:/usr/lib/jvm/java-16-oracle/db/bin:/usr/lib/jvm/java-16-oracle/bin:/usr/lib/jvm/java-16-oracle/db/bin:/opt/bin:.:
USERNAME=artur
SHELL=/bin/bash
DISPLAY=:0
LANG=en_US.UTF-8
LC_CTYPE=pt_PT.UTF-8

Signal Handlers:
SIGSEGV: [libjvm.so+0xe94e20], sa_mask[0]=11111111011111111101111111111110, sa_flags=SA_RESTART|SA_SIGINFO
SIGBUS: [libjvm.so+0xe94e20], sa_mask[0]=11111111011111111101111111111110, sa_flags=SA_RESTART|SA_SIGINFO
SIGFPE: [libjvm.so+0xe94e20], sa_mask[0]=11111111011111111101111111111110, sa_flags=SA_RESTART|SA_SIGINFO
SIGPIPE: [libjvm.so+0xbdc9e0], sa_mask[0]=11111111011111111101111111111110, sa_flags=SA_RESTART|SA_SIGINFO
SIGXFSZ: [libjvm.so+0xbdc9e0], sa_mask[0]=11111111011111111101111111111110, sa_flags=SA_RESTART|SA_SIGINFO
SIGILL: [libjvm.so+0xe94e20], sa_mask[0]=11111111011111111101111111111110, sa_flags=SA_RESTART|SA_SIGINFO
SIGUSR2: [libjvm.so+0xbdc880], sa_mask[0]=00100000000000000000000000000000, sa_flags=SA_RESTART|SA_SIGINFO
SIGHUP: [libjvm.so+0xbdcd20], sa_mask[0]=11111111011111111101111111111110, sa_flags=SA_RESTART|SA_SIGINFO
SIGINT: [libjvm.so+0xbdcd20], sa_mask[0]=11111111011111111101111111111110, sa_flags=SA_RESTART|SA_SIGINFO
SIGTERM: [libjvm.so+0xbdcd20], sa_mask[0]=11111111011111111101111111111110, sa_flags=SA_RESTART|SA_SIGINFO
SIGQUIT: [libjvm.so+0xbdcd20], sa_mask[0]=11111111011111111101111111111110, sa_flags=SA_RESTART|SA_SIGINFO


---------------  S Y S T E M  ---------------

OS:DISTRIB_ID=Ubuntu
DISTRIB_RELEASE=20.04
DISTRIB_CODENAME=focal
DISTRIB_DESCRIPTION="Ubuntu 20.04.4 LTS"
uname:Linux 5.4.0-107-generic #121-Ubuntu SMP Thu Mar 24 16:04:27 UTC 2022 x86_64
OS uptime: 0 days 6:13 hours
libc:glibc 2.31 NPTL 2.31 
rlimit (soft/hard): STACK 8192k/infinity , CORE 0k/infinity , NPROC 63159/63159 , NOFILE 1048576/1048576 , AS infinity/infinity , CPU infinity/infinity , DATA infinity/infinity , FSIZE infinity/infinity , MEMLOCK 65536k/65536k
load average:1,14 0,92 0,99

/proc/meminfo:
MemTotal:       16231284 kB
MemFree:         2616524 kB
MemAvailable:    9180312 kB
Buffers:          779660 kB
Cached:          6753956 kB
SwapCached:            0 kB
Active:          8240652 kB
Inactive:        3897492 kB
Active(anon):    5211140 kB
Inactive(anon):   389864 kB
Active(file):    3029512 kB
Inactive(file):  3507628 kB
Unevictable:      608428 kB
Mlocked:              48 kB
SwapTotal:       2097148 kB
SwapFree:        2097148 kB
Dirty:              1880 kB
Writeback:             0 kB
AnonPages:       5213232 kB
Mapped:          1816676 kB
Shmem:           1003528 kB
KReclaimable:     368696 kB
Slab:             649520 kB
SReclaimable:     368696 kB
SUnreclaim:       280824 kB
KernelStack:       25504 kB
PageTables:        68508 kB
NFS_Unstable:          0 kB
Bounce:                0 kB
WritebackTmp:          0 kB
CommitLimit:    10212788 kB
Committed_AS:   20209932 kB
VmallocTotal:   34359738367 kB
VmallocUsed:       51576 kB
VmallocChunk:          0 kB
Percpu:            17024 kB
HardwareCorrupted:     0 kB
AnonHugePages:         0 kB
ShmemHugePages:        0 kB
ShmemPmdMapped:        0 kB
FileHugePages:         0 kB
FilePmdMapped:         0 kB
CmaTotal:              0 kB
CmaFree:               0 kB
HugePages_Total:       0
HugePages_Free:        0
HugePages_Rsvd:        0
HugePages_Surp:        0
Hugepagesize:       2048 kB
Hugetlb:               0 kB
DirectMap4k:      572000 kB
DirectMap2M:    14997504 kB
DirectMap1G:     1048576 kB

/sys/kernel/mm/transparent_hugepage/enabled:
always [madvise] never
/sys/kernel/mm/transparent_hugepage/defrag (defrag/compaction efforts parameter):
always defer defer+madvise [madvise] never

Process Memory:
Virtual Size: 7289080K (peak: 15579188K)
Resident Set Size: 87896K (peak: 87896K) (anon: 59708K, file: 28188K, shmem: 0K)
Swapped out: 0K
C-Heap outstanding allocations: 13715K

/proc/sys/kernel/threads-max (system-wide limit on the number of threads):
126318
/proc/sys/vm/max_map_count (maximum number of memory map areas a process may have):
1048575
/proc/sys/kernel/pid_max (system-wide limit on number of process identifiers):
4194304

container (cgroup) information:
container_type: cgroupv1
cpu_cpuset_cpus: 0-11
cpu_memory_nodes: 0
active_processor_count: 12
cpu_quota: -1
cpu_period: 100000
cpu_shares: -1
memory_limit_in_bytes: -1
memory_and_swap_limit_in_bytes: -2
memory_soft_limit_in_bytes: -1
memory_usage_in_bytes: 10336526336
memory_max_usage_in_bytes: 11285872640

Steal ticks since vm start: 0
Steal ticks percentage since vm start:  0,000

CPU:total 12 (initial active 12) (6 cores per cpu, 2 threads per core) family 6 model 158 stepping 13 microcode 0xea, cmov, cx8, fxsr, mmx, sse, sse2, sse3, ssse3, sse4.1, sse4.2, popcnt, avx, avx2, aes, clmul, erms, 3dnowpref, lzcnt, ht, tsc, tscinvbit, bmi1, bmi2, adx, fma
CPU Model and flags from /proc/cpuinfo:
model name	: Intel(R) Core(TM) i7-9750H CPU @ 2.60GHz
flags		: fpu vme de pse tsc msr pae mce cx8 apic sep mtrr pge mca cmov pat pse36 clflush dts acpi mmx fxsr sse sse2 ss ht tm pbe syscall nx pdpe1gb rdtscp lm constant_tsc art arch_perfmon pebs bts rep_good nopl xtopology nonstop_tsc cpuid aperfmperf pni pclmulqdq dtes64 monitor ds_cpl vmx est tm2 ssse3 sdbg fma cx16 xtpr pdcm pcid sse4_1 sse4_2 x2apic movbe popcnt tsc_deadline_timer aes xsave avx f16c rdrand lahf_lm abm 3dnowprefetch cpuid_fault epb invpcid_single ssbd ibrs ibpb stibp ibrs_enhanced tpr_shadow vnmi flexpriority ept vpid ept_ad fsgsbase tsc_adjust bmi1 avx2 smep bmi2 erms invpcid mpx rdseed adx smap clflushopt intel_pt xsaveopt xsavec xgetbv1 xsaves dtherm ida arat pln pts hwp hwp_notify hwp_act_window hwp_epp md_clear flush_l1d arch_capabilities
Online cpus:
0-11
Offline cpus:

BIOS frequency limitation:
<Not Available>
Frequency switch latency (ns):
0
Available cpu frequencies:
<Not Available>
Current governor:
powersave
Core performance/turbo boost:
<Not Available>

Memory: 4k page, physical 16231284k(2616524k free), swap 2097148k(2097148k free)

vm_info: OpenJDK 64-Bit Server VM (11.0.14.1+1-Ubuntu-0ubuntu1.20.04) for linux-amd64 JRE (11.0.14.1+1-Ubuntu-0ubuntu1.20.04), built on Mar 27 2022 10:06:41 by "unknown" with gcc 9.4.0

END.
