#
# A fatal error has been detected by the Java Runtime Environment:
#
#  SIGSEGV (0xb) at pc=0x00007f4c0407c52c, pid=58889, tid=58917
#
# JRE version: OpenJDK Runtime Environment Temurin-17.0.2+8 (17.0.2+8) (build 17.0.2+8)
# Java VM: OpenJDK 64-Bit Server VM Temurin-17.0.2+8 (17.0.2+8, mixed mode, tiered, compressed oops, compressed class ptrs, parallel gc, linux-amd64)
# Problematic frame:
# V  [libjvm.so+0xcba52c]  oopDesc* PSPromotionManager::copy_unmarked_to_survivor_space<false>(oopDesc*, markWord)+0xdc
#
# Core dump will be written. Default location: Core dumps may be processed with "/usr/share/apport/apport %p %s %c %d %P %E" (or dumping to /home/artur/Desktop/3ano/TQS/tqs_98470/lab5/core.58889)
#
# If you would like to submit a bug report, please visit:
#   https://github.com/adoptium/adoptium-support/issues
#

---------------  S U M M A R Y ------------

Command Line: --add-modules=ALL-SYSTEM --add-opens=java.base/java.util=ALL-UNNAMED --add-opens=java.base/java.lang=ALL-UNNAMED --add-opens=java.base/sun.nio.fs=ALL-UNNAMED -Declipse.application=org.eclipse.jdt.ls.core.id1 -Dosgi.bundles.defaultStartLevel=4 -Declipse.product=org.eclipse.jdt.ls.core.product -Djava.import.generatesMetadataFilesAtProjectRoot=false -Dfile.encoding=utf8 -XX:+UseParallelGC -XX:GCTimeRatio=4 -XX:AdaptiveSizePolicyWeight=90 -Dsun.zip.disableMemoryMapping=true -Xmx1G -Xms100m -XX:+HeapDumpOnOutOfMemoryError -XX:HeapDumpPath=/home/artur/.config/Code/User/workspaceStorage/d6e39b932d2555773ac479df722083ba/redhat.java /home/artur/.vscode/extensions/redhat.java-1.5.0-linux-x64/server/plugins/org.eclipse.equinox.launcher_1.6.400.v20210924-0641.jar -configuration /home/artur/.config/Code/User/globalStorage/redhat.java/1.5.0/config_linux -data /home/artur/.config/Code/User/workspaceStorage/d6e39b932d2555773ac479df722083ba/redhat.java/jdt_ws

Host: Intel(R) Core(TM) i7-9750H CPU @ 2.60GHz, 12 cores, 15G, Ubuntu 20.04.4 LTS
Time: Sat Apr 16 02:54:30 2022 WEST elapsed time: 52.325793 seconds (0d 0h 0m 52s)

---------------  T H R E A D  ---------------

Current thread (0x00007f4bdc004bd0):  GCTaskThread "GC Thread#5" [stack: 0x00007f4be14f6000,0x00007f4be15f6000] [id=58917]

Stack: [0x00007f4be14f6000,0x00007f4be15f6000],  sp=0x00007f4be15f4bb0,  free space=1018k
Native frames: (J=compiled Java code, j=interpreted, Vv=VM code, C=native code)
V  [libjvm.so+0xcba52c]  oopDesc* PSPromotionManager::copy_unmarked_to_survivor_space<false>(oopDesc*, markWord)+0xdc
V  [libjvm.so+0xcba400]  PSPromotionManager::drain_stacks_depth(bool)+0x7a0
V  [libjvm.so+0xcbd315]  steal_work(TaskTerminator&, unsigned int)+0x285
V  [libjvm.so+0xcbf54e]  ScavengeRootsTask::work(unsigned int)+0x46e
V  [libjvm.so+0xfb005c]  GangWorker::loop()+0x5c
V  [libjvm.so+0xfb00ae]
V  [libjvm.so+0xf062e2]  Thread::call_run()+0xe2
V  [libjvm.so+0xc40b81]  thread_native_entry(Thread*)+0xe1


siginfo: si_signo: 11 (SIGSEGV), si_code: 1 (SEGV_MAPERR), si_addr: 0x0000000000e00100

Register to memory mapping:

RAX=0x0000000000e00000 is an unknown value
RBX=0x0 is NULL
RCX=0x0000000000000003 is an unknown value
RDX=0x0000000000000001 is an unknown value
RSP=0x00007f4be15f4bb0 points into unknown readable memory: 0x000000000000539c | 9c 53 00 00 00 00 00 00
RBP=0x00007f4be15f4c30 points into unknown readable memory: 0x00007f4be15f4c80 | 80 4c 5f e1 4b 7f 00 00
RSI=0x00000000f439f3b8 points into unknown readable memory: 0x0000000000000009 | 09 00 00 00 00 00 00 00
RDI=0x0000000100040a80 is pointing into metadata
R8 =0x00007f4bfc213de0 points into unknown readable memory: 0x0000000000000000 | 00 00 00 00 00 00 00 00
R9 =0x0000000000000001 is an unknown value
R10=0x00007f4bfc2131e0 points into unknown readable memory: 0x0000e256000095ab | ab 95 00 00 56 e2 00 00
R11=0x0 is NULL
R12=0x00007f4bfc213d80 points into unknown readable memory: 0x00007f4c0495a408 | 08 a4 95 04 4c 7f 00 00
R13=0x00000000f439f3b8 points into unknown readable memory: 0x0000000000000009 | 09 00 00 00 00 00 00 00
R14=0x00007f4c04963330: <offset 0x00000000015a1330> in /home/artur/.vscode/extensions/redhat.java-1.5.0-linux-x64/jre/17.0.2-linux-x86_64/lib/server/libjvm.so at 0x00007f4c033c2000
R15=0x00000000f09cc0cc points into unknown readable memory: b8 f3 39 f4


Registers:
RAX=0x0000000000e00000, RBX=0x0000000000000000, RCX=0x0000000000000003, RDX=0x0000000000000001
RSP=0x00007f4be15f4bb0, RBP=0x00007f4be15f4c30, RSI=0x00000000f439f3b8, RDI=0x0000000100040a80
R8 =0x00007f4bfc213de0, R9 =0x0000000000000001, R10=0x00007f4bfc2131e0, R11=0x0000000000000000
R12=0x00007f4bfc213d80, R13=0x00000000f439f3b8, R14=0x00007f4c04963330, R15=0x00000000f09cc0cc
RIP=0x00007f4c0407c52c, EFLAGS=0x0000000000010246, CSGSFS=0x002b000000000033, ERR=0x0000000000000004
  TRAPNO=0x000000000000000e

Top of Stack: (sp=0x00007f4be15f4bb0)
0x00007f4be15f4bb0:   000000000000539c 000000003a7aaff3
0x00007f4be15f4bc0:   000000000000539c 000000013a6b6db3
0x00007f4be15f4bd0:   0000000000000003 0000000000000009
0x00007f4be15f4be0:   00007f4bdc004bd0 0000000000000001 

Instructions: (pc=0x00007f4c0407c52c)
0x00007f4c0407c42c:   ff 31 d2 45 31 ed e9 aa fb ff ff 31 d2 45 31 ed
0x00007f4c0407c43c:   e9 c0 fe ff ff 66 2e 0f 1f 84 00 00 00 00 00 0f
0x00007f4c0407c44c:   1f 44 00 00 55 48 89 e5 41 57 41 56 41 55 41 54
0x00007f4c0407c45c:   49 89 f5 53 49 89 fc 48 83 ec 58 48 8d 05 bf db
0x00007f4c0407c46c:   92 00 48 89 55 a8 0f b6 10 84 d2 0f 85 53 05 00
0x00007f4c0407c47c:   00 48 8b 7e 08 8b 5f 08 83 fb 00 0f 8e 93 00 00
0x00007f4c0407c48c:   00 f6 c3 01 0f 85 90 00 00 00 c1 fb 03 48 8b 55
0x00007f4c0407c49c:   a8 48 63 c3 48 89 45 a0 49 89 d6 49 c1 ee 03 44
0x00007f4c0407c4ac:   89 f0 83 e0 0f 83 e2 01 89 45 9c 0f 84 33 05 00
0x00007f4c0407c4bc:   00 48 8d 05 34 95 94 00 8b 4d 9c 3b 08 0f 83 41
0x00007f4c0407c4cc:   02 00 00 4d 8b 74 24 08 49 8b 44 24 18 4c 29 f0
0x00007f4c0407c4dc:   48 c1 e8 03 48 39 45 a0 0f 87 46 01 00 00 48 63
0x00007f4c0407c4ec:   c3 45 31 ff 4d 85 f6 49 8d 04 c6 49 89 44 24 08
0x00007f4c0407c4fc:   0f 84 2e 01 00 00 83 fb 08 77 39 48 8d 15 6a 76
0x00007f4c0407c50c:   3e 00 89 db 48 63 04 9a 48 01 d0 ff e0 0f 1f 80
0x00007f4c0407c51c:   00 00 00 00 0f 85 8a 05 00 00 48 8b 07 4c 89 ee
0x00007f4c0407c52c:   ff 90 00 01 00 00 89 c3 e9 60 ff ff ff 0f 1f 80
0x00007f4c0407c53c:   00 00 00 00 48 8b 45 a0 4c 89 ee 4c 89 f7 48 8d
0x00007f4c0407c54c:   14 c5 00 00 00 00 e8 79 6d 59 ff 66 0f 1f 84 00
0x00007f4c0407c55c:   00 00 00 00 48 8b 55 a8 4c 89 f3 48 83 cb 03 48
0x00007f4c0407c56c:   89 d0 f0 49 0f b1 5d 00 48 39 c2 0f 84 a3 02 00
0x00007f4c0407c57c:   00 48 8d 15 34 d9 92 00 80 3a 00 74 10 48 89 c2
0x00007f4c0407c58c:   83 e2 07 48 83 fa 05 0f 84 87 02 00 00 48 83 e0
0x00007f4c0407c59c:   fc 48 89 c3 0f 84 7a 02 00 00 45 84 ff 0f 84 d9
0x00007f4c0407c5ac:   04 00 00 48 8b 55 a0 49 8d 7c 24 28 4c 89 f6 e8
0x00007f4c0407c5bc:   00 e4 ff ff 84 c0 0f 85 d7 04 00 00 48 8b 75 a0
0x00007f4c0407c5cc:   4c 89 f7 ba 01 00 00 00 49 89 de e8 34 ab 90 ff
0x00007f4c0407c5dc:   e9 e5 02 00 00 0f 1f 80 00 00 00 00 49 8b 45 38
0x00007f4c0407c5ec:   49 89 46 38 49 8b 45 30 49 89 46 30 49 8b 45 28
0x00007f4c0407c5fc:   49 89 46 28 49 8b 45 20 49 89 46 20 49 8b 45 18
0x00007f4c0407c60c:   49 89 46 18 49 8b 45 10 49 89 46 10 49 8b 45 08
0x00007f4c0407c61c:   49 89 46 08 49 8b 45 00 49 89 06 e9 34 ff ff ff 


Stack slot to memory mapping:
stack at sp + 0 slots: 0x000000000000539c is an unknown value
stack at sp + 1 slots: 0x000000003a7aaff3 is an unknown value
stack at sp + 2 slots: 0x000000000000539c is an unknown value
stack at sp + 3 slots: 0x000000013a6b6db3 is an unknown value
stack at sp + 4 slots: 0x0000000000000003 is an unknown value
stack at sp + 5 slots: 0x0000000000000009 is an unknown value
stack at sp + 6 slots: 0x00007f4bdc004bd0 points into unknown readable memory: 0x00007f4c0495d1d8 | d8 d1 95 04 4c 7f 00 00
stack at sp + 7 slots: 0x0000000000000001 is an unknown value


---------------  P R O C E S S  ---------------

Threads class SMR info:
_java_thread_list=0x00007f4b30054370, length=37, elements={
0x00007f4bfc026270, 0x00007f4bfc227a80, 0x00007f4bfc228ff0, 0x00007f4bfc251290,
0x00007f4bfc254ba0, 0x00007f4bfc255af0, 0x00007f4bfc257140, 0x00007f4bfc2585f0,
0x00007f4bfc261a20, 0x00007f4bfc2d7220, 0x00007f4bfc322b60, 0x00007f4bfc40fbf0,
0x00007f4bfc505350, 0x00007f4bfc5577b0, 0x00007f4bfc55a060, 0x00007f4ba002fc50,
0x00007f4ba0268db0, 0x00007f4ba030b240, 0x00007f4ba0317e00, 0x00007f4ba0558a20,
0x00007f4bfc59ea80, 0x00007f4bfc638580, 0x00007f4b78022d50, 0x00007f4b504cfa20,
0x00007f4b4c23de80, 0x00007f4b34080580, 0x00007f4b34081aa0, 0x00007f4b340b8df0,
0x00007f4b5073b230, 0x00007f4b5073b7a0, 0x00007f4b507c8940, 0x00007f4ba43cee00,
0x00007f4ba43cf980, 0x00007f4b3421c100, 0x00007f4bbcdd0870, 0x00007f4bbcdcc9a0,
0x00007f4b3005d7a0
}

Java Threads: ( => current thread )
  0x00007f4bfc026270 JavaThread "main" [_thread_blocked, id=58890, stack(0x00007f4c03168000,0x00007f4c03269000)]
  0x00007f4bfc227a80 JavaThread "Reference Handler" daemon [_thread_blocked, id=58893, stack(0x00007f4be39e1000,0x00007f4be3ae2000)]
  0x00007f4bfc228ff0 JavaThread "Finalizer" daemon [_thread_blocked, id=58894, stack(0x00007f4be38e0000,0x00007f4be39e1000)]
  0x00007f4bfc251290 JavaThread "Signal Dispatcher" daemon [_thread_blocked, id=58895, stack(0x00007f4be326e000,0x00007f4be336f000)]
  0x00007f4bfc254ba0 JavaThread "Service Thread" daemon [_thread_blocked, id=58896, stack(0x00007f4be316d000,0x00007f4be326e000)]
  0x00007f4bfc255af0 JavaThread "Monitor Deflation Thread" daemon [_thread_blocked, id=58897, stack(0x00007f4be306c000,0x00007f4be316d000)]
  0x00007f4bfc257140 JavaThread "C2 CompilerThread0" daemon [_thread_blocked, id=58898, stack(0x00007f4be2f6b000,0x00007f4be306c000)]
  0x00007f4bfc2585f0 JavaThread "C1 CompilerThread0" daemon [_thread_blocked, id=58899, stack(0x00007f4be2e6a000,0x00007f4be2f6b000)]
  0x00007f4bfc261a20 JavaThread "Sweeper thread" daemon [_thread_blocked, id=58900, stack(0x00007f4be2d69000,0x00007f4be2e6a000)]
  0x00007f4bfc2d7220 JavaThread "Common-Cleaner" daemon [_thread_blocked, id=58901, stack(0x00007f4be2c68000,0x00007f4be2d69000)]
  0x00007f4bfc322b60 JavaThread "Notification Thread" daemon [_thread_blocked, id=58902, stack(0x00007f4be2b67000,0x00007f4be2c68000)]
  0x00007f4bfc40fbf0 JavaThread "process reaper" daemon [_thread_blocked, id=58905, stack(0x00007f4c00005000,0x00007f4c00027000)]
  0x00007f4bfc505350 JavaThread "Active Thread: Equinox Container: 2307a19a-8226-4854-a7de-6f6632a8d6a9" [_thread_blocked, id=58910, stack(0x00007f4be243a000,0x00007f4be253b000)]
  0x00007f4bfc5577b0 JavaThread "Framework Event Dispatcher: Equinox Container: 2307a19a-8226-4854-a7de-6f6632a8d6a9" daemon [_thread_blocked, id=58911, stack(0x00007f4be1aff000,0x00007f4be1c00000)]
  0x00007f4bfc55a060 JavaThread "Start Level: Equinox Container: 2307a19a-8226-4854-a7de-6f6632a8d6a9" daemon [_thread_blocked, id=58912, stack(0x00007f4be19fe000,0x00007f4be1aff000)]
  0x00007f4ba002fc50 JavaThread "SCR Component Actor" daemon [_thread_blocked, id=58919, stack(0x00007f4be10e0000,0x00007f4be11e1000)]
  0x00007f4ba0268db0 JavaThread "Worker-JM" [_thread_blocked, id=58921, stack(0x00007f4be0ede000,0x00007f4be0fdf000)]
  0x00007f4ba030b240 JavaThread "Worker-0" [_thread_blocked, id=58928, stack(0x00007f4be0ddd000,0x00007f4be0ede000)]
  0x00007f4ba0317e00 JavaThread "Worker-1" [_thread_blocked, id=58929, stack(0x00007f4be0cdc000,0x00007f4be0ddd000)]
  0x00007f4ba0558a20 JavaThread "Java indexing" daemon [_thread_blocked, id=58933, stack(0x00007f4b63eff000,0x00007f4b64000000)]
  0x00007f4bfc59ea80 JavaThread "pool-3-thread-1" [_thread_blocked, id=58935, stack(0x00007f4b631fe000,0x00007f4b632ff000)]
  0x00007f4bfc638580 JavaThread "pool-2-thread-1" [_thread_in_native, id=58936, stack(0x00007f4b630fd000,0x00007f4b631fe000)]
  0x00007f4b78022d50 JavaThread "Worker-2" [_thread_blocked, id=58937, stack(0x00007f4b62ffc000,0x00007f4b630fd000)]
  0x00007f4b504cfa20 JavaThread "Bundle File Closer" daemon [_thread_blocked, id=58938, stack(0x00007f4b62efb000,0x00007f4b62ffc000)]
  0x00007f4b4c23de80 JavaThread "ForkJoinPool.commonPool-worker-1" daemon [_thread_blocked, id=58941, stack(0x00007f4b62dfa000,0x00007f4b62efb000)]
  0x00007f4b34080580 JavaThread "ForkJoinPool.commonPool-worker-2" daemon [_thread_blocked, id=58965, stack(0x00007f4b62cf9000,0x00007f4b62dfa000)]
  0x00007f4b34081aa0 JavaThread "ForkJoinPool.commonPool-worker-3" daemon [_thread_blocked, id=58966, stack(0x00007f4b612ff000,0x00007f4b61400000)]
  0x00007f4b340b8df0 JavaThread "ForkJoinPool.commonPool-worker-4" daemon [_thread_blocked, id=58967, stack(0x00007f4b611fe000,0x00007f4b612ff000)]
  0x00007f4b5073b230 JavaThread "OkHttp repo.maven.apache.org" [_thread_in_native, id=58987, stack(0x00007f4be253b000,0x00007f4be263c000)]
  0x00007f4b5073b7a0 JavaThread "OkHttp ConnectionPool" daemon [_thread_blocked, id=58988, stack(0x00007f4b610fd000,0x00007f4b611fe000)]
  0x00007f4b507c8940 JavaThread "Okio Watchdog" daemon [_thread_blocked, id=58989, stack(0x00007f4b604fc000,0x00007f4b605fd000)]
  0x00007f4ba43cee00 JavaThread "OkHttp repo.maven.apache.org Writer" [_thread_blocked, id=58990, stack(0x00007f4b603fb000,0x00007f4b604fc000)]
  0x00007f4ba43cf980 JavaThread "OkHttp Http2Connection" daemon [_thread_blocked, id=58991, stack(0x00007f4b602fa000,0x00007f4b603fb000)]
  0x00007f4b3421c100 JavaThread "ForkJoinPool.commonPool-worker-5" daemon [_thread_blocked, id=59001, stack(0x00007f4be0fdf000,0x00007f4be10e0000)]
  0x00007f4bbcdd0870 JavaThread "C2 CompilerThread1" daemon [_thread_in_native, id=59002, stack(0x00007f4b632ff000,0x00007f4b63400000)]
  0x00007f4bbcdcc9a0 JavaThread "C2 CompilerThread2" daemon [_thread_blocked, id=59003, stack(0x00007f4b601f9000,0x00007f4b602fa000)]
  0x00007f4b3005d7a0 JavaThread "ForkJoinPool.commonPool-worker-6" daemon [_thread_blocked, id=59020, stack(0x00007f4b600f8000,0x00007f4b601f9000)]

Other Threads:
  0x00007f4bfc217ab0 VMThread "VM Thread" [stack: 0x00007f4be3ae4000,0x00007f4be3be4000] [id=58892]
  0x00007f4bfc070730 WatcherThread [stack: 0x00007f4be2a67000,0x00007f4be2b67000] [id=58903]
  0x00007f4bfc03d010 GCTaskThread "GC Thread#0" [stack: 0x00007f4becb29000,0x00007f4becc29000] [id=58891]
  0x00007f4bdc001110 GCTaskThread "GC Thread#1" [stack: 0x00007f4be18fe000,0x00007f4be19fe000] [id=58913]
  0x00007f4bdc001b10 GCTaskThread "GC Thread#2" [stack: 0x00007f4be17fc000,0x00007f4be18fc000] [id=58914]
  0x00007f4bdc002510 GCTaskThread "GC Thread#3" [stack: 0x00007f4be16fa000,0x00007f4be17fa000] [id=58915]
  0x00007f4bdc0041d0 GCTaskThread "GC Thread#4" [stack: 0x00007f4be15f8000,0x00007f4be16f8000] [id=58916]
=>0x00007f4bdc004bd0 GCTaskThread "GC Thread#5" [stack: 0x00007f4be14f6000,0x00007f4be15f6000] [id=58917]
  0x00007f4bdc0055d0 GCTaskThread "GC Thread#6" [stack: 0x00007f4be13f4000,0x00007f4be14f4000] [id=58918]
  0x00007f4bdc003650 GCTaskThread "GC Thread#7" [stack: 0x00007f4be0300000,0x00007f4be0400000] [id=58930]
  0x00007f4bdc0065c0 GCTaskThread "GC Thread#8" [stack: 0x00007f4be01fe000,0x00007f4be02fe000] [id=58931]
  0x00007f4bdc006b70 GCTaskThread "GC Thread#9" [stack: 0x00007f4be00fc000,0x00007f4be01fc000] [id=58932]

Threads with active compile tasks:
C2 CompilerThread0    52329 8455       4       org.eclipse.jdt.internal.compiler.lookup.LookupEnvironment::getTypeFromTypeSignature (770 bytes)
C1 CompilerThread0    52329 8606   !   2       java.util.concurrent.ConcurrentHashMap::putVal (433 bytes)
C2 CompilerThread1    52329 8532       4       org.eclipse.osgi.internal.loader.BundleLoader::addExportedProvidersFor (167 bytes)
C2 CompilerThread2    52329 8562       4       org.eclipse.jdt.internal.compiler.parser.Parser::consumeRule (7765 bytes)

VM state: at safepoint (normal execution)

VM Mutex/Monitor currently owned by a thread:  ([mutex/lock_event])
[0x00007f4bfc021330] Threads_lock - owner thread: 0x00007f4bfc217ab0
[0x00007f4bfc021ae0] Heap_lock - owner thread: 0x00007f4b340b8df0

Heap address: 0x00000000c0000000, size: 1024 MB, Compressed Oops mode: 32-bit

CDS archive(s) not mapped
Compressed class space mapped at: 0x0000000100000000-0x0000000140000000, reserved size: 1073741824
Narrow klass base: 0x0000000000000000, Narrow klass shift: 3, Narrow klass range: 0x140000000

GC Precious Log:
 CPUs: 12 total, 12 available
 Memory: 15850M
 Large Page Support: Disabled
 NUMA Support: Disabled
 Compressed Oops: Enabled (32-bit)
 Alignments: Space 512K, Generation 512K, Heap 2M
 Heap Min Capacity: 100M
 Heap Initial Capacity: 100M
 Heap Max Capacity: 1G
 Pre-touch: Disabled
 Parallel Workers: 10

Heap:
 PSYoungGen      total 91648K, used 91624K [0x00000000eab00000, 0x00000000f4400000, 0x0000000100000000)
  eden space 65536K, 100% used [0x00000000eab00000,0x00000000eeb00000,0x00000000eeb00000)
  from space 26112K, 99% used [0x00000000f2a80000,0x00000000f43fa2a8,0x00000000f4400000)
  to   space 37888K, 89% used [0x00000000efa00000,0x00000000f1af8710,0x00000000f1f00000)
 ParOldGen       total 627200K, used 552157K [0x00000000c0000000, 0x00000000e6480000, 0x00000000eab00000)
  object space 627200K, 88% used [0x00000000c0000000,0x00000000e1b37608,0x00000000e6480000)
 Metaspace       used 72168K, committed 73088K, reserved 1114112K
  class space    used 7795K, committed 8192K, reserved 1048576K

Card table byte_map: [0x00007f4becc29000,0x00007f4bece2a000] _byte_map_base: 0x00007f4bec629000

Marking Bits: (ParMarkBitMap*) 0x00007f4c049c54a0
 Begin Bits: [0x00007f4be6000000, 0x00007f4be7000000)
 End Bits:   [0x00007f4be7000000, 0x00007f4be8000000)

Polling page: 0x00007f4c04e51000

Metaspace:

Usage:
  Non-class:     62,86 MB used.
      Class:      7,61 MB used.
       Both:     70,48 MB used.

Virtual space:
  Non-class space:       64,00 MB reserved,      63,38 MB (>99%) committed,  8 nodes.
      Class space:        1,00 GB reserved,       8,00 MB ( <1%) committed,  1 nodes.
             Both:        1,06 GB reserved,      71,38 MB (  7%) committed. 

Chunk freelists:
   Non-Class:  256,00 KB
       Class:  3,94 MB
        Both:  4,19 MB

MaxMetaspaceSize: unlimited
CompressedClassSpaceSize: 1,00 GB
Initial GC threshold: 21,00 MB
Current GC threshold: 113,12 MB
CDS: off
MetaspaceReclaimPolicy: balanced
 - commit_granule_bytes: 65536.
 - commit_granule_words: 8192.
 - virtual_space_node_default_size: 1048576.
 - enlarge_chunks_in_place: 1.
 - new_chunks_are_fully_committed: 0.
 - uncommit_free_chunks: 1.
 - use_allocation_guard: 0.
 - handle_deallocations: 1.


Internal statistics:

num_allocs_failed_limit: 15.
num_arena_births: 478.
num_arena_deaths: 0.
num_vsnodes_births: 9.
num_vsnodes_deaths: 0.
num_space_committed: 1142.
num_space_uncommitted: 0.
num_chunks_returned_to_freelist: 15.
num_chunks_taken_from_freelist: 3047.
num_chunk_merges: 15.
num_chunk_splits: 2047.
num_chunks_enlarged: 1403.
num_purges: 0.
num_inconsistent_stats: 0.

CodeHeap 'non-profiled nmethods': size=120028Kb used=4646Kb max_used=4646Kb free=115382Kb
 bounds [0x00007f4bf4ac9000, 0x00007f4bf4f59000, 0x00007f4bfc000000]
CodeHeap 'profiled nmethods': size=120028Kb used=15155Kb max_used=15155Kb free=104872Kb
 bounds [0x00007f4bed592000, 0x00007f4bee462000, 0x00007f4bf4ac9000]
CodeHeap 'non-nmethods': size=5704Kb used=1382Kb max_used=1465Kb free=4321Kb
 bounds [0x00007f4bed000000, 0x00007f4bed270000, 0x00007f4bed592000]
 total_blobs=7990 nmethods=7257 adapters=647
 compilation: enabled
              stopped_count=0, restarted_count=0
 full_count=0

Compilation events (20 events):
Event: 52,295 Thread 0x00007f4bfc2585f0 nmethod 8588 0x00007f4bee45d290 code [0x00007f4bee45d440, 0x00007f4bee45d5c0]
Event: 52,295 Thread 0x00007f4bfc2585f0 8597       3       org.eclipse.jdt.internal.compiler.lookup.MethodScope::referenceType (18 bytes)
Event: 52,295 Thread 0x00007f4bfc2585f0 nmethod 8597 0x00007f4bee45d690 code [0x00007f4bee45d860, 0x00007f4bee45dd30]
Event: 52,295 Thread 0x00007f4bfc2585f0 8599       3       org.eclipse.jdt.internal.compiler.lookup.ReferenceBinding::computeUniqueKey (14 bytes)
Event: 52,296 Thread 0x00007f4bfc2585f0 nmethod 8599 0x00007f4bee45de90 code [0x00007f4bee45e060, 0x00007f4bee45e330]
Event: 52,296 Thread 0x00007f4bfc2585f0 8598       1       org.eclipse.jdt.internal.compiler.ast.Annotation::getPersistibleAnnotation (5 bytes)
Event: 52,296 Thread 0x00007f4bfc2585f0 nmethod 8598 0x00007f4bf4f51f10 code [0x00007f4bf4f520a0, 0x00007f4bf4f52170]
Event: 52,296 Thread 0x00007f4bfc2585f0 8600       1       org.eclipse.jdt.internal.compiler.ast.TypeReference::dimensions (2 bytes)
Event: 52,296 Thread 0x00007f4bfc2585f0 nmethod 8600 0x00007f4bf4f52210 code [0x00007f4bf4f523a0, 0x00007f4bf4f52470]
Event: 52,296 Thread 0x00007f4bfc2585f0 8601       1       org.eclipse.jdt.core.dom.Modifier::getNodeType0 (3 bytes)
Event: 52,296 Thread 0x00007f4bfc2585f0 nmethod 8601 0x00007f4bf4f52510 code [0x00007f4bf4f526a0, 0x00007f4bf4f52770]
Event: 52,296 Thread 0x00007f4bfc2585f0 8602       3       org.eclipse.jdt.core.dom.ImportDeclaration::accept0 (25 bytes)
Event: 52,296 Thread 0x00007f4bfc2585f0 nmethod 8602 0x00007f4bee45e410 code [0x00007f4bee45e640, 0x00007f4bee45edf0]
Event: 52,296 Thread 0x00007f4bfc2585f0 8603       3       org.eclipse.jdt.core.dom.DefaultBindingResolver$AnnotationIdentityBinding::hashCode (8 bytes)
Event: 52,296 Thread 0x00007f4bfc2585f0 nmethod 8603 0x00007f4bee45f010 code [0x00007f4bee45f200, 0x00007f4bee45f670]
Event: 52,296 Thread 0x00007f4bfc2585f0 8604       3       org.eclipse.jdt.internal.compiler.lookup.AnnotationBinding::hashCode (35 bytes)
Event: 52,296 Thread 0x00007f4bfc2585f0 nmethod 8604 0x00007f4bee45f810 code [0x00007f4bee45f9e0, 0x00007f4bee45fd70]
Event: 52,297 Thread 0x00007f4bfc2585f0 8605  s!   3       org.eclipse.jdt.core.dom.TypeBinding::getSuperclass (108 bytes)
Event: 52,297 Thread 0x00007f4bfc2585f0 nmethod 8605 0x00007f4bee45fe90 code [0x00007f4bee4600e0, 0x00007f4bee460ad0]
Event: 52,297 Thread 0x00007f4bfc2585f0 8606   !   2       java.util.concurrent.ConcurrentHashMap::putVal (433 bytes)

GC Heap History (20 events):
Event: 46,912 GC heap after
{Heap after GC invocations=80 (full 8):
 PSYoungGen      total 58368K, used 16890K [0x00000000eab00000, 0x00000000f0780000, 0x0000000100000000)
  eden space 41472K, 0% used [0x00000000eab00000,0x00000000eab00000,0x00000000ed380000)
  from space 16896K, 99% used [0x00000000ed380000,0x00000000ee3fe9d8,0x00000000ee400000)
  to   space 25600K, 0% used [0x00000000eee80000,0x00000000eee80000,0x00000000f0780000)
 ParOldGen       total 235520K, used 228841K [0x00000000c0000000, 0x00000000ce600000, 0x00000000eab00000)
  object space 235520K, 97% used [0x00000000c0000000,0x00000000cdf7a458,0x00000000ce600000)
 Metaspace       used 68688K, committed 69568K, reserved 1114112K
  class space    used 7478K, committed 7936K, reserved 1048576K
}
Event: 46,912 GC heap before
{Heap before GC invocations=81 (full 9):
 PSYoungGen      total 58368K, used 16890K [0x00000000eab00000, 0x00000000f0780000, 0x0000000100000000)
  eden space 41472K, 0% used [0x00000000eab00000,0x00000000eab00000,0x00000000ed380000)
  from space 16896K, 99% used [0x00000000ed380000,0x00000000ee3fe9d8,0x00000000ee400000)
  to   space 25600K, 0% used [0x00000000eee80000,0x00000000eee80000,0x00000000f0780000)
 ParOldGen       total 235520K, used 228841K [0x00000000c0000000, 0x00000000ce600000, 0x00000000eab00000)
  object space 235520K, 97% used [0x00000000c0000000,0x00000000cdf7a458,0x00000000ce600000)
 Metaspace       used 68688K, committed 69568K, reserved 1114112K
  class space    used 7478K, committed 7936K, reserved 1048576K
}
Event: 46,989 GC heap after
{Heap after GC invocations=81 (full 9):
 PSYoungGen      total 58368K, used 7951K [0x00000000eab00000, 0x00000000f0900000, 0x0000000100000000)
  eden space 41472K, 0% used [0x00000000eab00000,0x00000000eab00000,0x00000000ed380000)
  from space 16896K, 47% used [0x00000000ed380000,0x00000000edb43fa8,0x00000000ee400000)
  to   space 25600K, 0% used [0x00000000ef000000,0x00000000ef000000,0x00000000f0900000)
 ParOldGen       total 294912K, used 235174K [0x00000000c0000000, 0x00000000d2000000, 0x00000000eab00000)
  object space 294912K, 79% used [0x00000000c0000000,0x00000000ce5a9bc8,0x00000000d2000000)
 Metaspace       used 68688K, committed 69568K, reserved 1114112K
  class space    used 7478K, committed 7936K, reserved 1048576K
}
Event: 47,054 GC heap before
{Heap before GC invocations=82 (full 9):
 PSYoungGen      total 58368K, used 49423K [0x00000000eab00000, 0x00000000f0900000, 0x0000000100000000)
  eden space 41472K, 100% used [0x00000000eab00000,0x00000000ed380000,0x00000000ed380000)
  from space 16896K, 47% used [0x00000000ed380000,0x00000000edb43fa8,0x00000000ee400000)
  to   space 25600K, 0% used [0x00000000ef000000,0x00000000ef000000,0x00000000f0900000)
 ParOldGen       total 294912K, used 235174K [0x00000000c0000000, 0x00000000d2000000, 0x00000000eab00000)
  object space 294912K, 79% used [0x00000000c0000000,0x00000000ce5a9bc8,0x00000000d2000000)
 Metaspace       used 68688K, committed 69568K, reserved 1114112K
  class space    used 7478K, committed 7936K, reserved 1048576K
}
Event: 47,065 GC heap after
{Heap after GC invocations=82 (full 9):
 PSYoungGen      total 57856K, used 12695K [0x00000000eab00000, 0x00000000efc80000, 0x0000000100000000)
  eden space 45056K, 0% used [0x00000000eab00000,0x00000000eab00000,0x00000000ed700000)
  from space 12800K, 99% used [0x00000000ef000000,0x00000000efc65c50,0x00000000efc80000)
  to   space 16896K, 0% used [0x00000000edb80000,0x00000000edb80000,0x00000000eec00000)
 ParOldGen       total 294912K, used 240301K [0x00000000c0000000, 0x00000000d2000000, 0x00000000eab00000)
  object space 294912K, 81% used [0x00000000c0000000,0x00000000ceaab490,0x00000000d2000000)
 Metaspace       used 68688K, committed 69568K, reserved 1114112K
  class space    used 7478K, committed 7936K, reserved 1048576K
}
Event: 47,133 GC heap before
{Heap before GC invocations=83 (full 9):
 PSYoungGen      total 57856K, used 57751K [0x00000000eab00000, 0x00000000efc80000, 0x0000000100000000)
  eden space 45056K, 100% used [0x00000000eab00000,0x00000000ed700000,0x00000000ed700000)
  from space 12800K, 99% used [0x00000000ef000000,0x00000000efc65c50,0x00000000efc80000)
  to   space 16896K, 0% used [0x00000000edb80000,0x00000000edb80000,0x00000000eec00000)
 ParOldGen       total 294912K, used 240301K [0x00000000c0000000, 0x00000000d2000000, 0x00000000eab00000)
  object space 294912K, 81% used [0x00000000c0000000,0x00000000ceaab490,0x00000000d2000000)
 Metaspace       used 68690K, committed 69568K, reserved 1114112K
  class space    used 7478K, committed 7936K, reserved 1048576K
}
Event: 47,138 GC heap after
{Heap after GC invocations=83 (full 9):
 PSYoungGen      total 65536K, used 16889K [0x00000000eab00000, 0x00000000f0a80000, 0x0000000100000000)
  eden space 48640K, 0% used [0x00000000eab00000,0x00000000eab00000,0x00000000eda80000)
  from space 16896K, 99% used [0x00000000edb80000,0x00000000eebfe5b0,0x00000000eec00000)
  to   space 24576K, 0% used [0x00000000ef280000,0x00000000ef280000,0x00000000f0a80000)
 ParOldGen       total 294912K, used 246016K [0x00000000c0000000, 0x00000000d2000000, 0x00000000eab00000)
  object space 294912K, 83% used [0x00000000c0000000,0x00000000cf0403e8,0x00000000d2000000)
 Metaspace       used 68690K, committed 69568K, reserved 1114112K
  class space    used 7478K, committed 7936K, reserved 1048576K
}
Event: 47,212 GC heap before
{Heap before GC invocations=84 (full 9):
 PSYoungGen      total 65536K, used 65529K [0x00000000eab00000, 0x00000000f0a80000, 0x0000000100000000)
  eden space 48640K, 100% used [0x00000000eab00000,0x00000000eda80000,0x00000000eda80000)
  from space 16896K, 99% used [0x00000000edb80000,0x00000000eebfe5b0,0x00000000eec00000)
  to   space 24576K, 0% used [0x00000000ef280000,0x00000000ef280000,0x00000000f0a80000)
 ParOldGen       total 294912K, used 246016K [0x00000000c0000000, 0x00000000d2000000, 0x00000000eab00000)
  object space 294912K, 83% used [0x00000000c0000000,0x00000000cf0403e8,0x00000000d2000000)
 Metaspace       used 68690K, committed 69568K, reserved 1114112K
  class space    used 7478K, committed 7936K, reserved 1048576K
}
Event: 47,219 GC heap after
{Heap after GC invocations=84 (full 9):
 PSYoungGen      total 73216K, used 18984K [0x00000000eab00000, 0x00000000f0680000, 0x0000000100000000)
  eden space 52736K, 0% used [0x00000000eab00000,0x00000000eab00000,0x00000000ede80000)
  from space 20480K, 92% used [0x00000000ef280000,0x00000000f050a108,0x00000000f0680000)
  to   space 20480K, 0% used [0x00000000ede80000,0x00000000ede80000,0x00000000ef280000)
 ParOldGen       total 294912K, used 255731K [0x00000000c0000000, 0x00000000d2000000, 0x00000000eab00000)
  object space 294912K, 86% used [0x00000000c0000000,0x00000000cf9bcc48,0x00000000d2000000)
 Metaspace       used 68690K, committed 69568K, reserved 1114112K
  class space    used 7478K, committed 7936K, reserved 1048576K
}
Event: 47,283 GC heap before
{Heap before GC invocations=85 (full 9):
 PSYoungGen      total 73216K, used 71720K [0x00000000eab00000, 0x00000000f0680000, 0x0000000100000000)
  eden space 52736K, 100% used [0x00000000eab00000,0x00000000ede80000,0x00000000ede80000)
  from space 20480K, 92% used [0x00000000ef280000,0x00000000f050a108,0x00000000f0680000)
  to   space 20480K, 0% used [0x00000000ede80000,0x00000000ede80000,0x00000000ef280000)
 ParOldGen       total 294912K, used 255731K [0x00000000c0000000, 0x00000000d2000000, 0x00000000eab00000)
  object space 294912K, 86% used [0x00000000c0000000,0x00000000cf9bcc48,0x00000000d2000000)
 Metaspace       used 68690K, committed 69568K, reserved 1114112K
  class space    used 7478K, committed 7936K, reserved 1048576K
}
Event: 47,291 GC heap after
{Heap after GC invocations=85 (full 9):
 PSYoungGen      total 73216K, used 20476K [0x00000000eab00000, 0x00000000f2800000, 0x0000000100000000)
  eden space 52736K, 0% used [0x00000000eab00000,0x00000000eab00000,0x00000000ede80000)
  from space 20480K, 99% used [0x00000000ede80000,0x00000000ef27f178,0x00000000ef280000)
  to   space 35328K, 0% used [0x00000000f0580000,0x00000000f0580000,0x00000000f2800000)
 ParOldGen       total 294912K, used 267757K [0x00000000c0000000, 0x00000000d2000000, 0x00000000eab00000)
  object space 294912K, 90% used [0x00000000c0000000,0x00000000d057b560,0x00000000d2000000)
 Metaspace       used 68690K, committed 69568K, reserved 1114112K
  class space    used 7478K, committed 7936K, reserved 1048576K
}
Event: 47,311 GC heap before
{Heap before GC invocations=86 (full 9):
 PSYoungGen      total 73216K, used 73212K [0x00000000eab00000, 0x00000000f2800000, 0x0000000100000000)
  eden space 52736K, 100% used [0x00000000eab00000,0x00000000ede80000,0x00000000ede80000)
  from space 20480K, 99% used [0x00000000ede80000,0x00000000ef27f178,0x00000000ef280000)
  to   space 35328K, 0% used [0x00000000f0580000,0x00000000f0580000,0x00000000f2800000)
 ParOldGen       total 294912K, used 267757K [0x00000000c0000000, 0x00000000d2000000, 0x00000000eab00000)
  object space 294912K, 90% used [0x00000000c0000000,0x00000000d057b560,0x00000000d2000000)
 Metaspace       used 68690K, committed 69568K, reserved 1114112K
  class space    used 7478K, committed 7936K, reserved 1048576K
}
Event: 47,318 GC heap after
{Heap after GC invocations=86 (full 9):
 PSYoungGen      total 87040K, used 28396K [0x00000000eab00000, 0x00000000f2180000, 0x0000000100000000)
  eden space 58368K, 0% used [0x00000000eab00000,0x00000000eab00000,0x00000000ee400000)
  from space 28672K, 99% used [0x00000000f0580000,0x00000000f213b008,0x00000000f2180000)
  to   space 30208K, 0% used [0x00000000ee680000,0x00000000ee680000,0x00000000f0400000)
 ParOldGen       total 294912K, used 280063K [0x00000000c0000000, 0x00000000d2000000, 0x00000000eab00000)
  object space 294912K, 94% used [0x00000000c0000000,0x00000000d117fcc0,0x00000000d2000000)
 Metaspace       used 68690K, committed 69568K, reserved 1114112K
  class space    used 7478K, committed 7936K, reserved 1048576K
}
Event: 47,670 GC heap before
{Heap before GC invocations=87 (full 9):
 PSYoungGen      total 87040K, used 86764K [0x00000000eab00000, 0x00000000f2180000, 0x0000000100000000)
  eden space 58368K, 100% used [0x00000000eab00000,0x00000000ee400000,0x00000000ee400000)
  from space 28672K, 99% used [0x00000000f0580000,0x00000000f213b008,0x00000000f2180000)
  to   space 30208K, 0% used [0x00000000ee680000,0x00000000ee680000,0x00000000f0400000)
 ParOldGen       total 294912K, used 280063K [0x00000000c0000000, 0x00000000d2000000, 0x00000000eab00000)
  object space 294912K, 94% used [0x00000000c0000000,0x00000000d117fcc0,0x00000000d2000000)
 Metaspace       used 68703K, committed 69632K, reserved 1114112K
  class space    used 7478K, committed 7936K, reserved 1048576K
}
Event: 47,682 GC heap after
{Heap after GC invocations=87 (full 9):
 PSYoungGen      total 91136K, used 30200K [0x00000000eab00000, 0x00000000f6680000, 0x0000000100000000)
  eden space 60928K, 0% used [0x00000000eab00000,0x00000000eab00000,0x00000000ee680000)
  from space 30208K, 99% used [0x00000000ee680000,0x00000000f03fe0f0,0x00000000f0400000)
  to   space 64000K, 0% used [0x00000000f2800000,0x00000000f2800000,0x00000000f6680000)
 ParOldGen       total 308736K, used 308505K [0x00000000c0000000, 0x00000000d2d80000, 0x00000000eab00000)
  object space 308736K, 99% used [0x00000000c0000000,0x00000000d2d46570,0x00000000d2d80000)
 Metaspace       used 68703K, committed 69632K, reserved 1114112K
  class space    used 7478K, committed 7936K, reserved 1048576K
}
Event: 47,682 GC heap before
{Heap before GC invocations=88 (full 10):
 PSYoungGen      total 91136K, used 30200K [0x00000000eab00000, 0x00000000f6680000, 0x0000000100000000)
  eden space 60928K, 0% used [0x00000000eab00000,0x00000000eab00000,0x00000000ee680000)
  from space 30208K, 99% used [0x00000000ee680000,0x00000000f03fe0f0,0x00000000f0400000)
  to   space 64000K, 0% used [0x00000000f2800000,0x00000000f2800000,0x00000000f6680000)
 ParOldGen       total 308736K, used 308505K [0x00000000c0000000, 0x00000000d2d80000, 0x00000000eab00000)
  object space 308736K, 99% used [0x00000000c0000000,0x00000000d2d46570,0x00000000d2d80000)
 Metaspace       used 68703K, committed 69632K, reserved 1114112K
  class space    used 7478K, committed 7936K, reserved 1048576K
}
Event: 47,840 GC heap after
{Heap after GC invocations=88 (full 10):
 PSYoungGen      total 91136K, used 27275K [0x00000000eab00000, 0x00000000f6900000, 0x0000000100000000)
  eden space 60928K, 0% used [0x00000000eab00000,0x00000000eab00000,0x00000000ee680000)
  from space 30208K, 90% used [0x00000000ee680000,0x00000000f0122e20,0x00000000f0400000)
  to   space 64000K, 0% used [0x00000000f2a80000,0x00000000f2a80000,0x00000000f6900000)
 ParOldGen       total 401408K, used 308725K [0x00000000c0000000, 0x00000000d8800000, 0x00000000eab00000)
  object space 401408K, 76% used [0x00000000c0000000,0x00000000d2d7d718,0x00000000d8800000)
 Metaspace       used 68703K, committed 69632K, reserved 1114112K
  class space    used 7478K, committed 7936K, reserved 1048576K
}
Event: 48,512 GC heap before
{Heap before GC invocations=89 (full 10):
 PSYoungGen      total 91136K, used 88203K [0x00000000eab00000, 0x00000000f6900000, 0x0000000100000000)
  eden space 60928K, 100% used [0x00000000eab00000,0x00000000ee680000,0x00000000ee680000)
  from space 30208K, 90% used [0x00000000ee680000,0x00000000f0122e20,0x00000000f0400000)
  to   space 64000K, 0% used [0x00000000f2a80000,0x00000000f2a80000,0x00000000f6900000)
 ParOldGen       total 401408K, used 308725K [0x00000000c0000000, 0x00000000d8800000, 0x00000000eab00000)
  object space 401408K, 76% used [0x00000000c0000000,0x00000000d2d7d718,0x00000000d8800000)
 Metaspace       used 68741K, committed 69632K, reserved 1114112K
  class space    used 7480K, committed 7936K, reserved 1048576K
}
Event: 48,529 GC heap after
{Heap after GC invocations=89 (full 10):
 PSYoungGen      total 91648K, used 26088K [0x00000000eab00000, 0x00000000f4400000, 0x0000000100000000)
  eden space 65536K, 0% used [0x00000000eab00000,0x00000000eab00000,0x00000000eeb00000)
  from space 26112K, 99% used [0x00000000f2a80000,0x00000000f43fa2a8,0x00000000f4400000)
  to   space 37888K, 0% used [0x00000000efa00000,0x00000000efa00000,0x00000000f1f00000)
 ParOldGen       total 401408K, used 326774K [0x00000000c0000000, 0x00000000d8800000, 0x00000000eab00000)
  object space 401408K, 81% used [0x00000000c0000000,0x00000000d3f1da90,0x00000000d8800000)
 Metaspace       used 68741K, committed 69632K, reserved 1114112K
  class space    used 7480K, committed 7936K, reserved 1048576K
}
Event: 52,297 GC heap before
{Heap before GC invocations=90 (full 10):
 PSYoungGen      total 91648K, used 91624K [0x00000000eab00000, 0x00000000f4400000, 0x0000000100000000)
  eden space 65536K, 100% used [0x00000000eab00000,0x00000000eeb00000,0x00000000eeb00000)
  from space 26112K, 99% used [0x00000000f2a80000,0x00000000f43fa2a8,0x00000000f4400000)
  to   space 37888K, 0% used [0x00000000efa00000,0x00000000efa00000,0x00000000f1f00000)
 ParOldGen       total 401408K, used 326774K [0x00000000c0000000, 0x00000000d8800000, 0x00000000eab00000)
  object space 401408K, 81% used [0x00000000c0000000,0x00000000d3f1da90,0x00000000d8800000)
 Metaspace       used 72168K, committed 73088K, reserved 1114112K
  class space    used 7795K, committed 8192K, reserved 1048576K
}

Deoptimization events (20 events):
Event: 52,212 Thread 0x00007f4b340b8df0 Uncommon trap: trap_request=0xffffffc6 fr.pc=0x00007f4bf4f2c354 relative=0x0000000000000eb4
Event: 52,212 Thread 0x00007f4b340b8df0 Uncommon trap: reason=bimorphic_or_optimized_type_check action=maybe_recompile pc=0x00007f4bf4f2c354 method=java.util.concurrent.ConcurrentHashMap.putVal(Ljava/lang/Object;Ljava/lang/Object;Z)Ljava/lang/Object; @ 242 c2
Event: 52,212 Thread 0x00007f4b340b8df0 DEOPT PACKING pc=0x00007f4bf4f2c354 sp=0x00007f4b612fc7d0
Event: 52,212 Thread 0x00007f4b340b8df0 DEOPT UNPACKING pc=0x00007f4bed051d99 sp=0x00007f4b612fc740 mode 2
Event: 52,212 Thread 0x00007f4b340b8df0 Uncommon trap: trap_request=0xffffffc6 fr.pc=0x00007f4bf4f2c354 relative=0x0000000000000eb4
Event: 52,212 Thread 0x00007f4b340b8df0 Uncommon trap: reason=bimorphic_or_optimized_type_check action=maybe_recompile pc=0x00007f4bf4f2c354 method=java.util.concurrent.ConcurrentHashMap.putVal(Ljava/lang/Object;Ljava/lang/Object;Z)Ljava/lang/Object; @ 242 c2
Event: 52,212 Thread 0x00007f4b340b8df0 DEOPT PACKING pc=0x00007f4bf4f2c354 sp=0x00007f4b612fc7d0
Event: 52,212 Thread 0x00007f4b340b8df0 DEOPT UNPACKING pc=0x00007f4bed051d99 sp=0x00007f4b612fc740 mode 2
Event: 52,213 Thread 0x00007f4b340b8df0 Uncommon trap: trap_request=0xffffffc6 fr.pc=0x00007f4bf4f2c354 relative=0x0000000000000eb4
Event: 52,213 Thread 0x00007f4b340b8df0 Uncommon trap: reason=bimorphic_or_optimized_type_check action=maybe_recompile pc=0x00007f4bf4f2c354 method=java.util.concurrent.ConcurrentHashMap.putVal(Ljava/lang/Object;Ljava/lang/Object;Z)Ljava/lang/Object; @ 242 c2
Event: 52,213 Thread 0x00007f4b340b8df0 DEOPT PACKING pc=0x00007f4bf4f2c354 sp=0x00007f4b612fcbc0
Event: 52,213 Thread 0x00007f4b340b8df0 DEOPT UNPACKING pc=0x00007f4bed051d99 sp=0x00007f4b612fcb30 mode 2
Event: 52,217 Thread 0x00007f4b340b8df0 DEOPT PACKING pc=0x00007f4bee303c17 sp=0x00007f4b612fc570
Event: 52,217 Thread 0x00007f4b340b8df0 DEOPT UNPACKING pc=0x00007f4bed05252f sp=0x00007f4b612fbad0 mode 0
Event: 52,286 Thread 0x00007f4b340b8df0 Uncommon trap: trap_request=0xffffffc6 fr.pc=0x00007f4bf4f2c354 relative=0x0000000000000eb4
Event: 52,286 Thread 0x00007f4b340b8df0 Uncommon trap: reason=bimorphic_or_optimized_type_check action=maybe_recompile pc=0x00007f4bf4f2c354 method=java.util.concurrent.ConcurrentHashMap.putVal(Ljava/lang/Object;Ljava/lang/Object;Z)Ljava/lang/Object; @ 242 c2
Event: 52,286 Thread 0x00007f4b340b8df0 DEOPT PACKING pc=0x00007f4bf4f2c354 sp=0x00007f4b612fcc60
Event: 52,286 Thread 0x00007f4b340b8df0 DEOPT UNPACKING pc=0x00007f4bed051d99 sp=0x00007f4b612fcbd0 mode 2
Event: 52,296 Thread 0x00007f4b340b8df0 DEOPT PACKING pc=0x00007f4bee21d1eb sp=0x00007f4b612fc360
Event: 52,296 Thread 0x00007f4b340b8df0 DEOPT UNPACKING pc=0x00007f4bed05252f sp=0x00007f4b612fb890 mode 0

Classes unloaded (0 events):
No events

Classes redefined (0 events):
No events

Internal exceptions (20 events):
Event: 44,298 Thread 0x00007f4b4c23de80 Implicit null exception at 0x00007f4bf4c2a3c0 to 0x00007f4bf4c2a8d4
Event: 44,299 Thread 0x00007f4b4c23de80 Exception <a 'java/io/FileNotFoundException'{0x00000000eb2c7d08}> (0x00000000eb2c7d08) 
thrown [src/hotspot/share/prims/jni.cpp, line 516]
Event: 44,299 Thread 0x00007f4b4c23de80 Exception <a 'java/io/FileNotFoundException'{0x00000000eb2c9e08}> (0x00000000eb2c9e08) 
thrown [src/hotspot/share/prims/jni.cpp, line 516]
Event: 44,302 Thread 0x00007f4b78022d50 Exception <a 'java/io/FileNotFoundException'{0x00000000eb2ea6e8}> (0x00000000eb2ea6e8) 
thrown [src/hotspot/share/prims/jni.cpp, line 516]
Event: 44,302 Thread 0x00007f4b78022d50 Exception <a 'java/io/FileNotFoundException'{0x00000000eb2ec7e8}> (0x00000000eb2ec7e8) 
thrown [src/hotspot/share/prims/jni.cpp, line 516]
Event: 44,380 Thread 0x00007f4b78022d50 Exception <a 'java/lang/NoSuchMethodError'{0x00000000ebb393f8}: 'java.lang.Object java.lang.invoke.DirectMethodHandle$Holder.invokeStaticInit(java.lang.Object, java.lang.Object, java.lang.Object)'> (0x00000000ebb393f8) 
thrown [src/hotspot/share/interpreter/linkResolver.cpp, line 766]
Event: 44,552 Thread 0x00007f4b78022d50 Implicit null exception at 0x00007f4bf4de7396 to 0x00007f4bf4de7a3c
Event: 44,656 Thread 0x00007f4b78022d50 Exception <a 'java/io/FileNotFoundException'{0x00000000eae11458}> (0x00000000eae11458) 
thrown [src/hotspot/share/prims/jni.cpp, line 516]
Event: 44,788 Thread 0x00007f4ba0558a20 Implicit null exception at 0x00007f4bf4dab733 to 0x00007f4bf4dabb38
Event: 44,806 Thread 0x00007f4b78022d50 Exception <a 'java/lang/NoSuchMethodError'{0x00000000eb3883e8}: 'void java.lang.invoke.DirectMethodHandle$Holder.invokeSpecial(java.lang.Object, java.lang.Object, java.lang.Object, java.lang.Object, java.lang.Object)'> (0x00000000eb3883e8) 
thrown [src/hotspot/share/interpreter/linkResolver.cpp, line 766]
Event: 44,870 Thread 0x00007f4b78022d50 Exception <a 'java/lang/NoSuchMethodError'{0x00000000ebc65378}: static [Lorg/eclipse/jdt/core/IClasspathEntry;.<clinit>()V> (0x00000000ebc65378) 
thrown [src/hotspot/share/prims/jni.cpp, line 1107]
Event: 44,871 Thread 0x00007f4b78022d50 Exception <a 'java/lang/NoSuchMethodError'{0x00000000ebc65fd8}: static [Lorg/eclipse/jdt/core/IAccessRule;.<clinit>()V> (0x00000000ebc65fd8) 
thrown [src/hotspot/share/prims/jni.cpp, line 1107]
Event: 44,871 Thread 0x00007f4b78022d50 Exception <a 'java/lang/NoSuchMethodError'{0x00000000ebd4c2f8}: static [Lorg/eclipse/jdt/core/IClasspathAttribute;.<clinit>()V> (0x00000000ebd4c2f8) 
thrown [src/hotspot/share/prims/jni.cpp, line 1107]
Event: 44,879 Thread 0x00007f4ba0558a20 Implicit null exception at 0x00007f4bf4e42acf to 0x00007f4bf4e42be0
Event: 46,407 Thread 0x00007f4ba0558a20 Implicit null exception at 0x00007f4bf4cdab40 to 0x00007f4bf4cdb084
Event: 48,473 Thread 0x00007f4ba0558a20 Exception <a 'sun/nio/fs/UnixException'{0x00000000ed716000}> (0x00000000ed716000) 
thrown [src/hotspot/share/prims/jni.cpp, line 516]
Event: 52,036 Thread 0x00007f4b340b8df0 Implicit null exception at 0x00007f4bf4da7540 to 0x00007f4bf4da76a8
Event: 52,155 Thread 0x00007f4b3005d7a0 Exception <a 'java/lang/NoSuchMethodError'{0x00000000eddde4e8}: 'java.lang.Object java.lang.invoke.DirectMethodHandle$Holder.invokeStatic(java.lang.Object, int, java.lang.Object)'> (0x00000000eddde4e8) 
thrown [src/hotspot/share/interpreter/linkResolver.cpp, line 766]
Event: 52,158 Thread 0x00007f4b3005d7a0 Exception <a 'java/lang/ClassNotFoundException'{0x00000000eddefc58}: sun/util/logging/resources/spi/loggingProvider> (0x00000000eddefc58) 
thrown [src/hotspot/share/classfile/systemDictionary.cpp, line 256]
Event: 52,181 Thread 0x00007f4b340b8df0 Exception <a 'java/lang/NoSuchMethodError'{0x00000000ee096f98}: 'void java.lang.invoke.DirectMethodHandle$Holder.invokeVirtual(java.lang.Object, java.lang.Object)'> (0x00000000ee096f98) 
thrown [src/hotspot/share/interpreter/linkResolver.cpp, line 766]

VM Operations (20 events):
Event: 47,291 Executing VM operation: ParallelGCFailedAllocation done
Event: 47,310 Executing VM operation: ParallelGCFailedAllocation
Event: 47,318 Executing VM operation: ParallelGCFailedAllocation done
Event: 47,670 Executing VM operation: ParallelGCFailedAllocation
Event: 47,841 Executing VM operation: ParallelGCFailedAllocation done
Event: 48,512 Executing VM operation: ParallelGCFailedAllocation
Event: 48,529 Executing VM operation: ParallelGCFailedAllocation done
Event: 49,529 Executing VM operation: Cleanup
Event: 49,529 Executing VM operation: Cleanup done
Event: 51,963 Executing VM operation: HandshakeAllThreads
Event: 51,963 Executing VM operation: HandshakeAllThreads done
Event: 51,963 Executing VM operation: Cleanup
Event: 51,963 Executing VM operation: Cleanup done
Event: 52,076 Executing VM operation: HandshakeAllThreads
Event: 52,077 Executing VM operation: HandshakeAllThreads done
Event: 52,138 Executing VM operation: ICBufferFull
Event: 52,138 Executing VM operation: ICBufferFull done
Event: 52,225 Executing VM operation: HandshakeAllThreads
Event: 52,225 Executing VM operation: HandshakeAllThreads done
Event: 52,297 Executing VM operation: ParallelGCFailedAllocation

Events (20 events):
Event: 52,158 loading class sun/util/logging/resources/logging
Event: 52,158 loading class sun/util/logging/resources/logging done
Event: 52,158 loading class sun/util/logging/resources/logging_en
Event: 52,158 loading class sun/util/logging/resources/logging_en done
Event: 52,158 loading class sun/util/logging/resources/logging_en
Event: 52,158 loading class sun/util/logging/resources/logging_en done
Event: 52,158 loading class sun/util/logging/resources/logging_en_US
Event: 52,158 loading class sun/util/logging/resources/logging_en_US done
Event: 52,158 loading class sun/util/logging/resources/logging_en_US
Event: 52,158 loading class sun/util/logging/resources/logging_en_US done
Event: 52,158 loading class java/util/Formatter$DateTime
Event: 52,158 loading class java/util/Formatter$DateTime done
Event: 52,158 loading class java/time/ZonedDateTime$1
Event: 52,158 loading class java/time/ZonedDateTime$1 done
Event: 52,158 loading class java/time/LocalTime$1
Event: 52,159 loading class java/time/LocalTime$1 done
Event: 52,161 loading class java/util/concurrent/locks/ReentrantReadWriteLock$Sync$HoldCounter
Event: 52,161 loading class java/util/concurrent/locks/ReentrantReadWriteLock$Sync$HoldCounter done
Event: 52,272 loading class java/util/LinkedList$LLSpliterator
Event: 52,272 loading class java/util/LinkedList$LLSpliterator done


Dynamic libraries:
c0000000-e6480000 rw-p 00000000 00:00 0 
e6480000-eab00000 ---p 00000000 00:00 0 
eab00000-f4400000 rw-p 00000000 00:00 0 
f4400000-100000000 ---p 00000000 00:00 0 
100000000-100020000 rw-p 00000000 00:00 0 
100020000-100040000 rw-p 00000000 00:00 0 
100040000-100100000 rw-p 00000000 00:00 0 
100100000-100180000 rw-p 00000000 00:00 0 
100180000-100240000 rw-p 00000000 00:00 0 
100240000-100280000 rw-p 00000000 00:00 0 
100280000-1003e0000 rw-p 00000000 00:00 0 
1003e0000-100400000 rw-p 00000000 00:00 0 
100400000-1006c0000 rw-p 00000000 00:00 0 
1006c0000-100700000 rw-p 00000000 00:00 0 
100700000-100740000 rw-p 00000000 00:00 0 
100740000-1007f0000 rw-p 00000000 00:00 0 
1007f0000-100800000 ---p 00000000 00:00 0 
100800000-100810000 rw-p 00000000 00:00 0 
100810000-140000000 ---p 00000000 00:00 0 
557087eaa000-557087eab000 r-xp 00000000 103:06 1846999                   /home/artur/.vscode/extensions/redhat.java-1.5.0-linux-x64/jre/17.0.2-linux-x86_64/bin/java
5570880ab000-5570880ac000 r--p 00001000 103:06 1846999                   /home/artur/.vscode/extensions/redhat.java-1.5.0-linux-x64/jre/17.0.2-linux-x86_64/bin/java
5570880ac000-5570880ad000 rw-p 00002000 103:06 1846999                   /home/artur/.vscode/extensions/redhat.java-1.5.0-linux-x64/jre/17.0.2-linux-x86_64/bin/java
557089d88000-557089da9000 rw-p 00000000 00:00 0                          [heap]
7f4b14000000-7f4b15346000 rw-p 00000000 00:00 0 
7f4b15346000-7f4b18000000 ---p 00000000 00:00 0 
7f4b18000000-7f4b1805f000 rw-p 00000000 00:00 0 
7f4b1805f000-7f4b1c000000 ---p 00000000 00:00 0 
7f4b1c000000-7f4b1c021000 rw-p 00000000 00:00 0 
7f4b1c021000-7f4b20000000 ---p 00000000 00:00 0 
7f4b20000000-7f4b20021000 rw-p 00000000 00:00 0 
7f4b20021000-7f4b24000000 ---p 00000000 00:00 0 
7f4b24000000-7f4b24021000 rw-p 00000000 00:00 0 
7f4b24021000-7f4b28000000 ---p 00000000 00:00 0 
7f4b28000000-7f4b28021000 rw-p 00000000 00:00 0 
7f4b28021000-7f4b2c000000 ---p 00000000 00:00 0 
7f4b2c000000-7f4b2c021000 rw-p 00000000 00:00 0 
7f4b2c021000-7f4b30000000 ---p 00000000 00:00 0 
7f4b30000000-7f4b300f7000 rw-p 00000000 00:00 0 
7f4b300f7000-7f4b34000000 ---p 00000000 00:00 0 
7f4b34000000-7f4b34283000 rw-p 00000000 00:00 0 
7f4b34283000-7f4b38000000 ---p 00000000 00:00 0 
7f4b38000000-7f4b38027000 rw-p 00000000 00:00 0 
7f4b38027000-7f4b3c000000 ---p 00000000 00:00 0 
7f4b3c000000-7f4b3c021000 rw-p 00000000 00:00 0 
7f4b3c021000-7f4b40000000 ---p 00000000 00:00 0 
7f4b4383d000-7f4b4c000000 r--s 00000000 103:06 2950280                   /usr/lib/jvm/java-11-openjdk-amd64/lib/modules
7f4b4c000000-7f4b4c289000 rw-p 00000000 00:00 0 
7f4b4c289000-7f4b50000000 ---p 00000000 00:00 0 
7f4b50000000-7f4b507fd000 rw-p 00000000 00:00 0 
7f4b507fd000-7f4b54000000 ---p 00000000 00:00 0 
7f4b54000000-7f4b55489000 rw-p 00000000 00:00 0 
7f4b55489000-7f4b58000000 ---p 00000000 00:00 0 
7f4b58000000-7f4b58021000 rw-p 00000000 00:00 0 
7f4b58021000-7f4b5c000000 ---p 00000000 00:00 0 
7f4b5c000000-7f4b5c04e000 rw-p 00000000 00:00 0 
7f4b5c04e000-7f4b60000000 ---p 00000000 00:00 0 
7f4b600f8000-7f4b600fc000 ---p 00000000 00:00 0 
7f4b600fc000-7f4b601f9000 rw-p 00000000 00:00 0 
7f4b601f9000-7f4b601fd000 ---p 00000000 00:00 0 
7f4b601fd000-7f4b602fa000 rw-p 00000000 00:00 0 
7f4b602fa000-7f4b602fe000 ---p 00000000 00:00 0 
7f4b602fe000-7f4b603fb000 rw-p 00000000 00:00 0 
7f4b603fb000-7f4b603ff000 ---p 00000000 00:00 0 
7f4b603ff000-7f4b604fc000 rw-p 00000000 00:00 0 
7f4b604fc000-7f4b60500000 ---p 00000000 00:00 0 
7f4b60500000-7f4b605fd000 rw-p 00000000 00:00 0 
7f4b605fd000-7f4b605ff000 r-xp 00000000 103:06 1862633                   /home/artur/.vscode/extensions/redhat.java-1.5.0-linux-x64/jre/17.0.2-linux-x86_64/lib/libextnet.so
7f4b605ff000-7f4b607fe000 ---p 00002000 103:06 1862633                   /home/artur/.vscode/extensions/redhat.java-1.5.0-linux-x64/jre/17.0.2-linux-x86_64/lib/libextnet.so
7f4b607fe000-7f4b607ff000 r--p 00001000 103:06 1862633                   /home/artur/.vscode/extensions/redhat.java-1.5.0-linux-x64/jre/17.0.2-linux-x86_64/lib/libextnet.so
7f4b607ff000-7f4b60800000 rw-p 00002000 103:06 1862633                   /home/artur/.vscode/extensions/redhat.java-1.5.0-linux-x64/jre/17.0.2-linux-x86_64/lib/libextnet.so
7f4b60800000-7f4b60880000 rw-p 00000000 00:00 0 
7f4b60880000-7f4b60900000 rw-p 00000000 00:00 0 
7f4b60900000-7f4b60b00000 rw-p 00000000 00:00 0 
7f4b60b00000-7f4b60ba0000 rw-p 00000000 00:00 0 
7f4b60ba0000-7f4b60c00000 ---p 00000000 00:00 0 
7f4b60c00000-7f4b60fc0000 rw-p 00000000 00:00 0 
7f4b60fc0000-7f4b61000000 ---p 00000000 00:00 0 
7f4b610fd000-7f4b61101000 ---p 00000000 00:00 0 
7f4b61101000-7f4b611fe000 rw-p 00000000 00:00 0 
7f4b611fe000-7f4b61202000 ---p 00000000 00:00 0 
7f4b61202000-7f4b612ff000 rw-p 00000000 00:00 0 
7f4b612ff000-7f4b61303000 ---p 00000000 00:00 0 
7f4b61303000-7f4b61500000 rw-p 00000000 00:00 0 
7f4b61500000-7f4b61600000 rw-p 00000000 00:00 0 
7f4b61600000-7f4b61b00000 rw-p 00000000 00:00 0 
7f4b61b00000-7f4b61c00000 rw-p 00000000 00:00 0 
7f4b61c00000-7f4b61e00000 rw-p 00000000 00:00 0 
7f4b61e00000-7f4b62400000 rw-p 00000000 00:00 0 
7f4b62400000-7f4b62c00000 rw-p 00000000 00:00 0 
7f4b62cf9000-7f4b62cfd000 ---p 00000000 00:00 0 
7f4b62cfd000-7f4b62dfa000 rw-p 00000000 00:00 0 
7f4b62dfa000-7f4b62dfe000 ---p 00000000 00:00 0 
7f4b62dfe000-7f4b62efb000 rw-p 00000000 00:00 0 
7f4b62efb000-7f4b62eff000 ---p 00000000 00:00 0 
7f4b62eff000-7f4b62ffc000 rw-p 00000000 00:00 0 
7f4b62ffc000-7f4b63000000 ---p 00000000 00:00 0 
7f4b63000000-7f4b630fd000 rw-p 00000000 00:00 0 
7f4b630fd000-7f4b63101000 ---p 00000000 00:00 0 
7f4b63101000-7f4b631fe000 rw-p 00000000 00:00 0 
7f4b631fe000-7f4b63202000 ---p 00000000 00:00 0 
7f4b63202000-7f4b632ff000 rw-p 00000000 00:00 0 
7f4b632ff000-7f4b63303000 ---p 00000000 00:00 0 
7f4b63303000-7f4b63500000 rw-p 00000000 00:00 0 
7f4b63500000-7f4b63600000 rw-p 00000000 00:00 0 
7f4b63600000-7f4b63780000 rw-p 00000000 00:00 0 
7f4b63780000-7f4b63800000 rw-p 00000000 00:00 0 
7f4b63800000-7f4b63b00000 rw-p 00000000 00:00 0 
7f4b63b00000-7f4b63c00000 rw-p 00000000 00:00 0 
7f4b63cf0000-7f4b63cfd000 r-xp 00000000 103:06 1863154                   /home/artur/.vscode/extensions/redhat.java-1.5.0-linux-x64/jre/17.0.2-linux-x86_64/lib/libverify.so
7f4b63cfd000-7f4b63efc000 ---p 0000d000 103:06 1863154                   /home/artur/.vscode/extensions/redhat.java-1.5.0-linux-x64/jre/17.0.2-linux-x86_64/lib/libverify.so
7f4b63efc000-7f4b63efe000 r--p 0000c000 103:06 1863154                   /home/artur/.vscode/extensions/redhat.java-1.5.0-linux-x64/jre/17.0.2-linux-x86_64/lib/libverify.so
7f4b63efe000-7f4b63eff000 rw-p 0000e000 103:06 1863154                   /home/artur/.vscode/extensions/redhat.java-1.5.0-linux-x64/jre/17.0.2-linux-x86_64/lib/libverify.so
7f4b63eff000-7f4b63f03000 ---p 00000000 00:00 0 
7f4b63f03000-7f4b64000000 rw-p 00000000 00:00 0 
7f4b64000000-7f4b64021000 rw-p 00000000 00:00 0 
7f4b64021000-7f4b68000000 ---p 00000000 00:00 0 
7f4b68000000-7f4b68021000 rw-p 00000000 00:00 0 
7f4b68021000-7f4b6c000000 ---p 00000000 00:00 0 
7f4b6c000000-7f4b6c0ac000 rw-p 00000000 00:00 0 
7f4b6c0ac000-7f4b70000000 ---p 00000000 00:00 0 
7f4b70000000-7f4b70021000 rw-p 00000000 00:00 0 
7f4b70021000-7f4b74000000 ---p 00000000 00:00 0 
7f4b74000000-7f4b74021000 rw-p 00000000 00:00 0 
7f4b74021000-7f4b78000000 ---p 00000000 00:00 0 
7f4b78000000-7f4b781e9000 rw-p 00000000 00:00 0 
7f4b781e9000-7f4b7c000000 ---p 00000000 00:00 0 
7f4b7c000000-7f4b7c021000 rw-p 00000000 00:00 0 
7f4b7c021000-7f4b80000000 ---p 00000000 00:00 0 
7f4b80000000-7f4b81b2b000 rw-p 00000000 00:00 0 
7f4b81b2b000-7f4b84000000 ---p 00000000 00:00 0 
7f4b84000000-7f4b843fc000 rw-p 00000000 00:00 0 
7f4b843fc000-7f4b88000000 ---p 00000000 00:00 0 
7f4b88000000-7f4b88021000 rw-p 00000000 00:00 0 
7f4b88021000-7f4b8c000000 ---p 00000000 00:00 0 
7f4b8c000000-7f4b8c021000 rw-p 00000000 00:00 0 
7f4b8c021000-7f4b90000000 ---p 00000000 00:00 0 
7f4b90000000-7f4b90021000 rw-p 00000000 00:00 0 
7f4b90021000-7f4b94000000 ---p 00000000 00:00 0 
7f4b94000000-7f4b94021000 rw-p 00000000 00:00 0 
7f4b94021000-7f4b98000000 ---p 00000000 00:00 0 
7f4b98000000-7f4b98021000 rw-p 00000000 00:00 0 
7f4b98021000-7f4b9c000000 ---p 00000000 00:00 0 
7f4b9c000000-7f4b9c021000 rw-p 00000000 00:00 0 
7f4b9c021000-7f4ba0000000 ---p 00000000 00:00 0 
7f4ba0000000-7f4ba0971000 rw-p 00000000 00:00 0 
7f4ba0971000-7f4ba4000000 ---p 00000000 00:00 0 
7f4ba4000000-7f4ba4f4d000 rw-p 00000000 00:00 0 
7f4ba4f4d000-7f4ba8000000 ---p 00000000 00:00 0 
7f4ba8000000-7f4ba8021000 rw-p 00000000 00:00 0 
7f4ba8021000-7f4bac000000 ---p 00000000 00:00 0 
7f4bac000000-7f4bac021000 rw-p 00000000 00:00 0 
7f4bac021000-7f4bb0000000 ---p 00000000 00:00 0 
7f4bb0000000-7f4bb0021000 rw-p 00000000 00:00 0 
7f4bb0021000-7f4bb4000000 ---p 00000000 00:00 0 
7f4bb4000000-7f4bb4021000 rw-p 00000000 00:00 0 
7f4bb4021000-7f4bb8000000 ---p 00000000 00:00 0 
7f4bb8000000-7f4bb8021000 rw-p 00000000 00:00 0 
7f4bb8021000-7f4bbc000000 ---p 00000000 00:00 0 
7f4bbc000000-7f4bbcea7000 rw-p 00000000 00:00 0 
7f4bbcea7000-7f4bc0000000 ---p 00000000 00:00 0 
7f4bc0000000-7f4bc0021000 rw-p 00000000 00:00 0 
7f4bc0021000-7f4bc4000000 ---p 00000000 00:00 0 
7f4bc4000000-7f4bc4021000 rw-p 00000000 00:00 0 
7f4bc4021000-7f4bc8000000 ---p 00000000 00:00 0 
7f4bc8000000-7f4bc9d78000 rw-p 00000000 00:00 0 
7f4bc9d78000-7f4bcc000000 ---p 00000000 00:00 0 
7f4bcc000000-7f4bcc021000 rw-p 00000000 00:00 0 
7f4bcc021000-7f4bd0000000 ---p 00000000 00:00 0 
7f4bd0000000-7f4bd0021000 rw-p 00000000 00:00 0 
7f4bd0021000-7f4bd4000000 ---p 00000000 00:00 0 
7f4bd4000000-7f4bd4021000 rw-p 00000000 00:00 0 
7f4bd4021000-7f4bd8000000 ---p 00000000 00:00 0 
7f4bd8000000-7f4bd8021000 rw-p 00000000 00:00 0 
7f4bd8021000-7f4bdc000000 ---p 00000000 00:00 0 
7f4bdc000000-7f4bdc021000 rw-p 00000000 00:00 0 
7f4bdc021000-7f4be0000000 ---p 00000000 00:00 0 
7f4be00fa000-7f4be00fb000 ---p 00000000 00:00 0 
7f4be00fb000-7f4be01fc000 rw-p 00000000 00:00 0 
7f4be01fc000-7f4be01fd000 ---p 00000000 00:00 0 
7f4be01fd000-7f4be02fe000 rw-p 00000000 00:00 0 
7f4be02fe000-7f4be02ff000 ---p 00000000 00:00 0 
7f4be02ff000-7f4be0500000 rw-p 00000000 00:00 0 
7f4be0500000-7f4be0600000 rw-p 00000000 00:00 0 
7f4be0600000-7f4be0c00000 rw-p 00000000 00:00 0 
7f4be0cdc000-7f4be0ce0000 ---p 00000000 00:00 0 
7f4be0ce0000-7f4be0ddd000 rw-p 00000000 00:00 0 
7f4be0ddd000-7f4be0de1000 ---p 00000000 00:00 0 
7f4be0de1000-7f4be0ede000 rw-p 00000000 00:00 0 
7f4be0ede000-7f4be0ee2000 ---p 00000000 00:00 0 
7f4be0ee2000-7f4be0fdf000 rw-p 00000000 00:00 0 
7f4be0fdf000-7f4be0fe3000 ---p 00000000 00:00 0 
7f4be0fe3000-7f4be10e0000 rw-p 00000000 00:00 0 
7f4be10e0000-7f4be10e4000 ---p 00000000 00:00 0 
7f4be10e4000-7f4be11e1000 rw-p 00000000 00:00 0 
7f4be11e1000-7f4be11f1000 r-xp 00000000 103:06 2621648                   /home/artur/.config/Code/User/globalStorage/redhat.java/1.5.0/config_linux/org.eclipse.equinox.launcher/org.eclipse.equinox.launcher.gtk.linux.x86_64_1.2.400.v20211117-0650/eclipse_11600.so
7f4be11f1000-7f4be13f0000 ---p 00010000 103:06 2621648                   /home/artur/.config/Code/User/globalStorage/redhat.java/1.5.0/config_linux/org.eclipse.equinox.launcher/org.eclipse.equinox.launcher.gtk.linux.x86_64_1.2.400.v20211117-0650/eclipse_11600.so
7f4be13f0000-7f4be13f1000 r--p 0000f000 103:06 2621648                   /home/artur/.config/Code/User/globalStorage/redhat.java/1.5.0/config_linux/org.eclipse.equinox.launcher/org.eclipse.equinox.launcher.gtk.linux.x86_64_1.2.400.v20211117-0650/eclipse_11600.so
7f4be13f1000-7f4be13f2000 rw-p 00010000 103:06 2621648                   /home/artur/.config/Code/User/globalStorage/redhat.java/1.5.0/config_linux/org.eclipse.equinox.launcher/org.eclipse.equinox.launcher.gtk.linux.x86_64_1.2.400.v20211117-0650/eclipse_11600.so
7f4be13f2000-7f4be13f3000 ---p 00000000 00:00 0 
7f4be13f3000-7f4be14f4000 rw-p 00000000 00:00 0 
7f4be14f4000-7f4be14f5000 ---p 00000000 00:00 0 
7f4be14f5000-7f4be15f6000 rw-p 00000000 00:00 0 
7f4be15f6000-7f4be15f7000 ---p 00000000 00:00 0 
7f4be15f7000-7f4be16f8000 rw-p 00000000 00:00 0 
7f4be16f8000-7f4be16f9000 ---p 00000000 00:00 0 
7f4be16f9000-7f4be17fa000 rw-p 00000000 00:00 0 
7f4be17fa000-7f4be17fb000 ---p 00000000 00:00 0 
7f4be17fb000-7f4be18fc000 rw-p 00000000 00:00 0 
7f4be18fc000-7f4be18fd000 ---p 00000000 00:00 0 
7f4be18fd000-7f4be19fe000 rw-p 00000000 00:00 0 
7f4be19fe000-7f4be1a02000 ---p 00000000 00:00 0 
7f4be1a02000-7f4be1aff000 rw-p 00000000 00:00 0 
7f4be1aff000-7f4be1b03000 ---p 00000000 00:00 0 
7f4be1b03000-7f4be1d00000 rw-p 00000000 00:00 0 
7f4be1d00000-7f4be1f00000 rw-p 00000000 00:00 0 
7f4be1f00000-7f4be2000000 rw-p 00000000 00:00 0 
7f4be2000000-7f4be2100000 rw-p 00000000 00:00 0 
7f4be2100000-7f4be2200000 rw-p 00000000 00:00 0 
7f4be2200000-7f4be2400000 rw-p 00000000 00:00 0 
7f4be243a000-7f4be243e000 ---p 00000000 00:00 0 
7f4be243e000-7f4be253b000 rw-p 00000000 00:00 0 
7f4be253b000-7f4be253f000 ---p 00000000 00:00 0 
7f4be253f000-7f4be263c000 rw-p 00000000 00:00 0 
7f4be263c000-7f4be2651000 r-xp 00000000 103:06 1862964                   /home/artur/.vscode/extensions/redhat.java-1.5.0-linux-x64/jre/17.0.2-linux-x86_64/lib/libnet.so
7f4be2651000-7f4be2850000 ---p 00015000 103:06 1862964                   /home/artur/.vscode/extensions/redhat.java-1.5.0-linux-x64/jre/17.0.2-linux-x86_64/lib/libnet.so
7f4be2850000-7f4be2851000 r--p 00014000 103:06 1862964                   /home/artur/.vscode/extensions/redhat.java-1.5.0-linux-x64/jre/17.0.2-linux-x86_64/lib/libnet.so
7f4be2851000-7f4be2852000 rw-p 00015000 103:06 1862964                   /home/artur/.vscode/extensions/redhat.java-1.5.0-linux-x64/jre/17.0.2-linux-x86_64/lib/libnet.so
7f4be2852000-7f4be2864000 r-xp 00000000 103:06 1863007                   /home/artur/.vscode/extensions/redhat.java-1.5.0-linux-x64/jre/17.0.2-linux-x86_64/lib/libnio.so
7f4be2864000-7f4be2a63000 ---p 00012000 103:06 1863007                   /home/artur/.vscode/extensions/redhat.java-1.5.0-linux-x64/jre/17.0.2-linux-x86_64/lib/libnio.so
7f4be2a63000-7f4be2a64000 r--p 00011000 103:06 1863007                   /home/artur/.vscode/extensions/redhat.java-1.5.0-linux-x64/jre/17.0.2-linux-x86_64/lib/libnio.so
7f4be2a64000-7f4be2a65000 rw-p 00012000 103:06 1863007                   /home/artur/.vscode/extensions/redhat.java-1.5.0-linux-x64/jre/17.0.2-linux-x86_64/lib/libnio.so
7f4be2a65000-7f4be2a66000 ---p 00000000 00:00 0 
7f4be2a66000-7f4be2b67000 rw-p 00000000 00:00 0 
7f4be2b67000-7f4be2b6b000 ---p 00000000 00:00 0 
7f4be2b6b000-7f4be2c68000 rw-p 00000000 00:00 0 
7f4be2c68000-7f4be2c6c000 ---p 00000000 00:00 0 
7f4be2c6c000-7f4be2d69000 rw-p 00000000 00:00 0 
7f4be2d69000-7f4be2d6d000 ---p 00000000 00:00 0 
7f4be2d6d000-7f4be2e6a000 rw-p 00000000 00:00 0 
7f4be2e6a000-7f4be2e6e000 ---p 00000000 00:00 0 
7f4be2e6e000-7f4be2f6b000 rw-p 00000000 00:00 0 
7f4be2f6b000-7f4be2f6f000 ---p 00000000 00:00 0 
7f4be2f6f000-7f4be306c000 rw-p 00000000 00:00 0 
7f4be306c000-7f4be3070000 ---p 00000000 00:00 0 
7f4be3070000-7f4be316d000 rw-p 00000000 00:00 0 
7f4be316d000-7f4be3171000 ---p 00000000 00:00 0 
7f4be3171000-7f4be326e000 rw-p 00000000 00:00 0 
7f4be326e000-7f4be3272000 ---p 00000000 00:00 0 
7f4be3272000-7f4be336f000 rw-p 00000000 00:00 0 
7f4be336f000-7f4be38e0000 r--p 00000000 103:06 2889073                   /usr/lib/locale/locale-archive
7f4be38e0000-7f4be38e4000 ---p 00000000 00:00 0 
7f4be38e4000-7f4be39e1000 rw-p 00000000 00:00 0 
7f4be39e1000-7f4be39e5000 ---p 00000000 00:00 0 
7f4be39e5000-7f4be3ae2000 rw-p 00000000 00:00 0 
7f4be3ae2000-7f4be3ae3000 ---p 00000000 00:00 0 
7f4be3ae3000-7f4be5c00000 rw-p 00000000 00:00 0 
7f4be5c00000-7f4be5c20000 rw-p 00000000 00:00 0 
7f4be5c20000-7f4be5c40000 rw-p 00000000 00:00 0 
7f4be5c40000-7f4be5c80000 rw-p 00000000 00:00 0 
7f4be5c80000-7f4be5d00000 rw-p 00000000 00:00 0 
7f4be5d00000-7f4be5f00000 rw-p 00000000 00:00 0 
7f4be5f00000-7f4be5f40000 rw-p 00000000 00:00 0 
7f4be5f40000-7f4be5f80000 rw-p 00000000 00:00 0 
7f4be5f80000-7f4be8000000 rw-p 00000000 00:00 0 
7f4be8000000-7f4be8021000 rw-p 00000000 00:00 0 
7f4be8021000-7f4bec000000 ---p 00000000 00:00 0 
7f4bec002000-7f4bec003000 r--p 00000000 103:06 3673745                   /lib/x86_64-linux-gnu/libnss_dns-2.31.so
7f4bec003000-7f4bec007000 r-xp 00001000 103:06 3673745                   /lib/x86_64-linux-gnu/libnss_dns-2.31.so
7f4bec007000-7f4bec008000 r--p 00005000 103:06 3673745                   /lib/x86_64-linux-gnu/libnss_dns-2.31.so
7f4bec008000-7f4bec009000 r--p 00005000 103:06 3673745                   /lib/x86_64-linux-gnu/libnss_dns-2.31.so
7f4bec009000-7f4bec00a000 rw-p 00006000 103:06 3673745                   /lib/x86_64-linux-gnu/libnss_dns-2.31.so
7f4bec00a000-7f4bec00e000 r--p 00000000 103:06 3673759                   /lib/x86_64-linux-gnu/libresolv-2.31.so
7f4bec00e000-7f4bec01e000 r-xp 00004000 103:06 3673759                   /lib/x86_64-linux-gnu/libresolv-2.31.so
7f4bec01e000-7f4bec022000 r--p 00014000 103:06 3673759                   /lib/x86_64-linux-gnu/libresolv-2.31.so
7f4bec022000-7f4bec023000 r--p 00017000 103:06 3673759                   /lib/x86_64-linux-gnu/libresolv-2.31.so
7f4bec023000-7f4bec024000 rw-p 00018000 103:06 3673759                   /lib/x86_64-linux-gnu/libresolv-2.31.so
7f4bec024000-7f4bec026000 rw-p 00000000 00:00 0 
7f4bec03b000-7f4bec042000 r--s 00000000 103:06 3147724                   /usr/lib/x86_64-linux-gnu/gconv/gconv-modules.cache
7f4bec042000-7f4bec547000 rw-p 00000000 00:00 0 
7f4bec547000-7f4bec54e000 r-xp 00000000 103:06 1863340                   /home/artur/.vscode/extensions/redhat.java-1.5.0-linux-x64/jre/17.0.2-linux-x86_64/lib/libzip.so
7f4bec54e000-7f4bec74e000 ---p 00007000 103:06 1863340                   /home/artur/.vscode/extensions/redhat.java-1.5.0-linux-x64/jre/17.0.2-linux-x86_64/lib/libzip.so
7f4bec74e000-7f4bec74f000 r--p 00007000 103:06 1863340                   /home/artur/.vscode/extensions/redhat.java-1.5.0-linux-x64/jre/17.0.2-linux-x86_64/lib/libzip.so
7f4bec74f000-7f4bec750000 rw-p 00008000 103:06 1863340                   /home/artur/.vscode/extensions/redhat.java-1.5.0-linux-x64/jre/17.0.2-linux-x86_64/lib/libzip.so
7f4bec750000-7f4becb04000 rw-p 00000000 00:00 0 
7f4becb04000-7f4becb27000 ---p 00000000 00:00 0 
7f4becb27000-7f4becb28000 ---p 00000000 00:00 0 
7f4becb28000-7f4becd5c000 rw-p 00000000 00:00 0 
7f4becd5c000-7f4becd7e000 ---p 00000000 00:00 0 
7f4becd7e000-7f4becdcb000 rw-p 00000000 00:00 0 
7f4becdcb000-7f4bece29000 ---p 00000000 00:00 0 
7f4bece29000-7f4bece34000 rw-p 00000000 00:00 0 
7f4bece34000-7f4becf15000 ---p 00000000 00:00 0 
7f4becf15000-7f4becf33000 rw-p 00000000 00:00 0 
7f4becf33000-7f4bed000000 ---p 00000000 00:00 0 
7f4bed000000-7f4bed270000 rwxp 00000000 00:00 0 
7f4bed270000-7f4bed592000 ---p 00000000 00:00 0 
7f4bed592000-7f4bee462000 rwxp 00000000 00:00 0 
7f4bee462000-7f4bf4ac9000 ---p 00000000 00:00 0 
7f4bf4ac9000-7f4bf4f59000 rwxp 00000000 00:00 0 
7f4bf4f59000-7f4bfc000000 ---p 00000000 00:00 0 
7f4bfc000000-7f4bfc63d000 rw-p 00000000 00:00 0 
7f4bfc63d000-7f4c00000000 ---p 00000000 00:00 0 
7f4c00005000-7f4c00009000 ---p 00000000 00:00 0 
7f4c00009000-7f4c000d7000 rw-p 00000000 00:00 0 
7f4c000d7000-7f4c000fb000 r-xp 00000000 103:06 1862758                   /home/artur/.vscode/extensions/redhat.java-1.5.0-linux-x64/jre/17.0.2-linux-x86_64/lib/libjava.so
7f4c000fb000-7f4c002fb000 ---p 00024000 103:06 1862758                   /home/artur/.vscode/extensions/redhat.java-1.5.0-linux-x64/jre/17.0.2-linux-x86_64/lib/libjava.so
7f4c002fb000-7f4c002fc000 r--p 00024000 103:06 1862758                   /home/artur/.vscode/extensions/redhat.java-1.5.0-linux-x64/jre/17.0.2-linux-x86_64/lib/libjava.so
7f4c002fc000-7f4c002fd000 rw-p 00025000 103:06 1862758                   /home/artur/.vscode/extensions/redhat.java-1.5.0-linux-x64/jre/17.0.2-linux-x86_64/lib/libjava.so
7f4c002fd000-7f4c002fe000 rw-p 00000000 00:00 0 
7f4c002fe000-7f4c00301000 r--p 00000000 103:06 3673747                   /lib/x86_64-linux-gnu/libnss_files-2.31.so
7f4c00301000-7f4c00308000 r-xp 00003000 103:06 3673747                   /lib/x86_64-linux-gnu/libnss_files-2.31.so
7f4c00308000-7f4c0030a000 r--p 0000a000 103:06 3673747                   /lib/x86_64-linux-gnu/libnss_files-2.31.so
7f4c0030a000-7f4c0030b000 r--p 0000b000 103:06 3673747                   /lib/x86_64-linux-gnu/libnss_files-2.31.so
7f4c0030b000-7f4c0030c000 rw-p 0000c000 103:06 3673747                   /lib/x86_64-linux-gnu/libnss_files-2.31.so
7f4c0030c000-7f4c00312000 rw-p 00000000 00:00 0 
7f4c00312000-7f4c00316000 r--p 00000000 103:06 3673741                   /lib/x86_64-linux-gnu/libnsl-2.31.so
7f4c00316000-7f4c00326000 r-xp 00004000 103:06 3673741                   /lib/x86_64-linux-gnu/libnsl-2.31.so
7f4c00326000-7f4c0032b000 r--p 00014000 103:06 3673741                   /lib/x86_64-linux-gnu/libnsl-2.31.so
7f4c0032b000-7f4c0032c000 r--p 00018000 103:06 3673741                   /lib/x86_64-linux-gnu/libnsl-2.31.so
7f4c0032c000-7f4c0032d000 rw-p 00019000 103:06 3673741                   /lib/x86_64-linux-gnu/libnsl-2.31.so
7f4c0032d000-7f4c0032f000 rw-p 00000000 00:00 0 
7f4c00331000-7f4c00332000 r--p 00000000 103:06 3670771                   /lib/x86_64-linux-gnu/libnss_mdns4_minimal.so.2
7f4c00332000-7f4c00334000 r-xp 00001000 103:06 3670771                   /lib/x86_64-linux-gnu/libnss_mdns4_minimal.so.2
7f4c00334000-7f4c00335000 r--p 00003000 103:06 3670771                   /lib/x86_64-linux-gnu/libnss_mdns4_minimal.so.2
7f4c00335000-7f4c00336000 r--p 00003000 103:06 3670771                   /lib/x86_64-linux-gnu/libnss_mdns4_minimal.so.2
7f4c00336000-7f4c00337000 rw-p 00004000 103:06 3670771                   /lib/x86_64-linux-gnu/libnss_mdns4_minimal.so.2
7f4c00337000-7f4c0033c000 rw-p 00000000 00:00 0 
7f4c0033c000-7f4c00343000 ---p 00000000 00:00 0 
7f4c00343000-7f4c0034b000 rw-s 00000000 103:06 3803864                   /tmp/hsperfdata_artur/58889
7f4c0034b000-7f4c02f4b000 r--s 00000000 103:06 1863356                   /home/artur/.vscode/extensions/redhat.java-1.5.0-linux-x64/jre/17.0.2-linux-x86_64/lib/modules
7f4c02f4b000-7f4c02f66000 r-xp 00000000 103:06 1862785                   /home/artur/.vscode/extensions/redhat.java-1.5.0-linux-x64/jre/17.0.2-linux-x86_64/lib/libjimage.so
7f4c02f66000-7f4c03165000 ---p 0001b000 103:06 1862785                   /home/artur/.vscode/extensions/redhat.java-1.5.0-linux-x64/jre/17.0.2-linux-x86_64/lib/libjimage.so
7f4c03165000-7f4c03167000 r--p 0001a000 103:06 1862785                   /home/artur/.vscode/extensions/redhat.java-1.5.0-linux-x64/jre/17.0.2-linux-x86_64/lib/libjimage.so
7f4c03167000-7f4c03168000 rw-p 0001c000 103:06 1862785                   /home/artur/.vscode/extensions/redhat.java-1.5.0-linux-x64/jre/17.0.2-linux-x86_64/lib/libjimage.so
7f4c03168000-7f4c0316c000 ---p 00000000 00:00 0 
7f4c0316c000-7f4c03269000 rw-p 00000000 00:00 0 
7f4c03269000-7f4c03276000 r--p 00000000 103:06 3673735                   /lib/x86_64-linux-gnu/libm-2.31.so
7f4c03276000-7f4c0331d000 r-xp 0000d000 103:06 3673735                   /lib/x86_64-linux-gnu/libm-2.31.so
7f4c0331d000-7f4c033b6000 r--p 000b4000 103:06 3673735                   /lib/x86_64-linux-gnu/libm-2.31.so
7f4c033b6000-7f4c033b7000 r--p 0014c000 103:06 3673735                   /lib/x86_64-linux-gnu/libm-2.31.so
7f4c033b7000-7f4c033b8000 rw-p 0014d000 103:06 3673735                   /lib/x86_64-linux-gnu/libm-2.31.so
7f4c033b8000-7f4c033ba000 r--p 00000000 103:06 3673760                   /lib/x86_64-linux-gnu/librt-2.31.so
7f4c033ba000-7f4c033be000 r-xp 00002000 103:06 3673760                   /lib/x86_64-linux-gnu/librt-2.31.so
7f4c033be000-7f4c033c0000 r--p 00006000 103:06 3673760                   /lib/x86_64-linux-gnu/librt-2.31.so
7f4c033c0000-7f4c033c1000 r--p 00007000 103:06 3673760                   /lib/x86_64-linux-gnu/librt-2.31.so
7f4c033c1000-7f4c033c2000 rw-p 00008000 103:06 3673760                   /lib/x86_64-linux-gnu/librt-2.31.so
7f4c033c2000-7f4c046a6000 r-xp 00000000 103:06 1863417                   /home/artur/.vscode/extensions/redhat.java-1.5.0-linux-x64/jre/17.0.2-linux-x86_64/lib/server/libjvm.so
7f4c046a6000-7f4c048a6000 ---p 012e4000 103:06 1863417                   /home/artur/.vscode/extensions/redhat.java-1.5.0-linux-x64/jre/17.0.2-linux-x86_64/lib/server/libjvm.so
7f4c048a6000-7f4c0495f000 r--p 012e4000 103:06 1863417                   /home/artur/.vscode/extensions/redhat.java-1.5.0-linux-x64/jre/17.0.2-linux-x86_64/lib/server/libjvm.so
7f4c0495f000-7f4c04994000 rw-p 0139d000 103:06 1863417                   /home/artur/.vscode/extensions/redhat.java-1.5.0-linux-x64/jre/17.0.2-linux-x86_64/lib/server/libjvm.so
7f4c04994000-7f4c049ef000 rw-p 00000000 00:00 0 
7f4c049ef000-7f4c04a11000 r--p 00000000 103:06 3673731                   /lib/x86_64-linux-gnu/libc-2.31.so
7f4c04a11000-7f4c04b89000 r-xp 00022000 103:06 3673731                   /lib/x86_64-linux-gnu/libc-2.31.so
7f4c04b89000-7f4c04bd7000 r--p 0019a000 103:06 3673731                   /lib/x86_64-linux-gnu/libc-2.31.so
7f4c04bd7000-7f4c04bdb000 r--p 001e7000 103:06 3673731                   /lib/x86_64-linux-gnu/libc-2.31.so
7f4c04bdb000-7f4c04bdd000 rw-p 001eb000 103:06 3673731                   /lib/x86_64-linux-gnu/libc-2.31.so
7f4c04bdd000-7f4c04be1000 rw-p 00000000 00:00 0 
7f4c04be1000-7f4c04be2000 r--p 00000000 103:06 3673733                   /lib/x86_64-linux-gnu/libdl-2.31.so
7f4c04be2000-7f4c04be4000 r-xp 00001000 103:06 3673733                   /lib/x86_64-linux-gnu/libdl-2.31.so
7f4c04be4000-7f4c04be5000 r--p 00003000 103:06 3673733                   /lib/x86_64-linux-gnu/libdl-2.31.so
7f4c04be5000-7f4c04be6000 r--p 00003000 103:06 3673733                   /lib/x86_64-linux-gnu/libdl-2.31.so
7f4c04be6000-7f4c04be7000 rw-p 00004000 103:06 3673733                   /lib/x86_64-linux-gnu/libdl-2.31.so
7f4c04be7000-7f4c04bed000 r--p 00000000 103:06 3673757                   /lib/x86_64-linux-gnu/libpthread-2.31.so
7f4c04bed000-7f4c04bfe000 r-xp 00006000 103:06 3673757                   /lib/x86_64-linux-gnu/libpthread-2.31.so
7f4c04bfe000-7f4c04c04000 r--p 00017000 103:06 3673757                   /lib/x86_64-linux-gnu/libpthread-2.31.so
7f4c04c04000-7f4c04c05000 r--p 0001c000 103:06 3673757                   /lib/x86_64-linux-gnu/libpthread-2.31.so
7f4c04c05000-7f4c04c06000 rw-p 0001d000 103:06 3673757                   /lib/x86_64-linux-gnu/libpthread-2.31.so
7f4c04c06000-7f4c04c0a000 rw-p 00000000 00:00 0 
7f4c04c0a000-7f4c04c19000 r-xp 00000000 103:06 1862816                   /home/artur/.vscode/extensions/redhat.java-1.5.0-linux-x64/jre/17.0.2-linux-x86_64/lib/libjli.so
7f4c04c19000-7f4c04e19000 ---p 0000f000 103:06 1862816                   /home/artur/.vscode/extensions/redhat.java-1.5.0-linux-x64/jre/17.0.2-linux-x86_64/lib/libjli.so
7f4c04e19000-7f4c04e1a000 r--p 0000f000 103:06 1862816                   /home/artur/.vscode/extensions/redhat.java-1.5.0-linux-x64/jre/17.0.2-linux-x86_64/lib/libjli.so
7f4c04e1a000-7f4c04e1b000 rw-p 00010000 103:06 1862816                   /home/artur/.vscode/extensions/redhat.java-1.5.0-linux-x64/jre/17.0.2-linux-x86_64/lib/libjli.so
7f4c04e1b000-7f4c04e1d000 r--p 00000000 103:06 3672931                   /lib/x86_64-linux-gnu/libz.so.1.2.11
7f4c04e1d000-7f4c04e2e000 r-xp 00002000 103:06 3672931                   /lib/x86_64-linux-gnu/libz.so.1.2.11
7f4c04e2e000-7f4c04e34000 r--p 00013000 103:06 3672931                   /lib/x86_64-linux-gnu/libz.so.1.2.11
7f4c04e34000-7f4c04e35000 ---p 00019000 103:06 3672931                   /lib/x86_64-linux-gnu/libz.so.1.2.11
7f4c04e35000-7f4c04e36000 r--p 00019000 103:06 3672931                   /lib/x86_64-linux-gnu/libz.so.1.2.11
7f4c04e36000-7f4c04e37000 rw-p 0001a000 103:06 3672931                   /lib/x86_64-linux-gnu/libz.so.1.2.11
7f4c04e37000-7f4c04e39000 r--p 00000000 103:06 3673751                   /lib/x86_64-linux-gnu/libnss_nis-2.31.so
7f4c04e39000-7f4c04e41000 r-xp 00002000 103:06 3673751                   /lib/x86_64-linux-gnu/libnss_nis-2.31.so
7f4c04e41000-7f4c04e43000 r--p 0000a000 103:06 3673751                   /lib/x86_64-linux-gnu/libnss_nis-2.31.so
7f4c04e43000-7f4c04e44000 r--p 0000b000 103:06 3673751                   /lib/x86_64-linux-gnu/libnss_nis-2.31.so
7f4c04e44000-7f4c04e45000 rw-p 0000c000 103:06 3673751                   /lib/x86_64-linux-gnu/libnss_nis-2.31.so
7f4c04e45000-7f4c04e47000 r--p 00000000 103:06 3673743                   /lib/x86_64-linux-gnu/libnss_compat-2.31.so
7f4c04e47000-7f4c04e4e000 r-xp 00002000 103:06 3673743                   /lib/x86_64-linux-gnu/libnss_compat-2.31.so
7f4c04e4e000-7f4c04e4f000 r--p 00009000 103:06 3673743                   /lib/x86_64-linux-gnu/libnss_compat-2.31.so
7f4c04e4f000-7f4c04e50000 r--p 00009000 103:06 3673743                   /lib/x86_64-linux-gnu/libnss_compat-2.31.so
7f4c04e50000-7f4c04e51000 rw-p 0000a000 103:06 3673743                   /lib/x86_64-linux-gnu/libnss_compat-2.31.so
7f4c04e51000-7f4c04e52000 ---p 00000000 00:00 0 
7f4c04e52000-7f4c04e53000 r--p 00000000 00:00 0 
7f4c04e53000-7f4c04e55000 rw-p 00000000 00:00 0 
7f4c04e55000-7f4c04e56000 r--p 00000000 103:06 3673723                   /lib/x86_64-linux-gnu/ld-2.31.so
7f4c04e56000-7f4c04e79000 r-xp 00001000 103:06 3673723                   /lib/x86_64-linux-gnu/ld-2.31.so
7f4c04e79000-7f4c04e81000 r--p 00024000 103:06 3673723                   /lib/x86_64-linux-gnu/ld-2.31.so
7f4c04e81000-7f4c04e82000 ---p 00000000 00:00 0 
7f4c04e82000-7f4c04e83000 r--p 0002c000 103:06 3673723                   /lib/x86_64-linux-gnu/ld-2.31.so
7f4c04e83000-7f4c04e84000 rw-p 0002d000 103:06 3673723                   /lib/x86_64-linux-gnu/ld-2.31.so
7f4c04e84000-7f4c04e85000 rw-p 00000000 00:00 0 
7fff7941c000-7fff7943e000 rw-p 00000000 00:00 0                          [stack]
7fff7953a000-7fff7953d000 r--p 00000000 00:00 0                          [vvar]
7fff7953d000-7fff7953e000 r-xp 00000000 00:00 0                          [vdso]
ffffffffff600000-ffffffffff601000 --xp 00000000 00:00 0                  [vsyscall]


VM Arguments:
jvm_args: --add-modules=ALL-SYSTEM --add-opens=java.base/java.util=ALL-UNNAMED --add-opens=java.base/java.lang=ALL-UNNAMED --add-opens=java.base/sun.nio.fs=ALL-UNNAMED -Declipse.application=org.eclipse.jdt.ls.core.id1 -Dosgi.bundles.defaultStartLevel=4 -Declipse.product=org.eclipse.jdt.ls.core.product -Djava.import.generatesMetadataFilesAtProjectRoot=false -Dfile.encoding=utf8 -XX:+UseParallelGC -XX:GCTimeRatio=4 -XX:AdaptiveSizePolicyWeight=90 -Dsun.zip.disableMemoryMapping=true -Xmx1G -Xms100m -XX:+HeapDumpOnOutOfMemoryError -XX:HeapDumpPath=/home/artur/.config/Code/User/workspaceStorage/d6e39b932d2555773ac479df722083ba/redhat.java 
java_command: /home/artur/.vscode/extensions/redhat.java-1.5.0-linux-x64/server/plugins/org.eclipse.equinox.launcher_1.6.400.v20210924-0641.jar -configuration /home/artur/.config/Code/User/globalStorage/redhat.java/1.5.0/config_linux -data /home/artur/.config/Code/User/workspaceStorage/d6e39b932d2555773ac479df722083ba/redhat.java/jdt_ws
java_class_path (initial): /home/artur/.vscode/extensions/redhat.java-1.5.0-linux-x64/server/plugins/org.eclipse.equinox.launcher_1.6.400.v20210924-0641.jar
Launcher Type: SUN_STANDARD

[Global flags]
    uintx AdaptiveSizePolicyWeight                 = 90                                        {product} {command line}
     intx CICompilerCount                          = 4                                         {product} {ergonomic}
    uintx GCTimeRatio                              = 4                                         {product} {command line}
     bool HeapDumpOnOutOfMemoryError               = true                                   {manageable} {command line}
    ccstr HeapDumpPath                             = /home/artur/.config/Code/User/workspaceStorage/d6e39b932d2555773ac479df722083ba/redhat.java         {manageable} {command line}
   size_t InitialHeapSize                          = 104857600                                 {product} {command line}
   size_t MaxHeapSize                              = 1073741824                                {product} {command line}
   size_t MaxNewSize                               = 357564416                                 {product} {ergonomic}
   size_t MinHeapDeltaBytes                        = 524288                                    {product} {ergonomic}
   size_t MinHeapSize                              = 104857600                                 {product} {command line}
   size_t NewSize                                  = 34603008                                  {product} {ergonomic}
    uintx NonNMethodCodeHeapSize                   = 5839372                                {pd product} {ergonomic}
    uintx NonProfiledCodeHeapSize                  = 122909434                              {pd product} {ergonomic}
   size_t OldSize                                  = 70254592                                  {product} {ergonomic}
    uintx ProfiledCodeHeapSize                     = 122909434                              {pd product} {ergonomic}
    uintx ReservedCodeCacheSize                    = 251658240                              {pd product} {ergonomic}
     bool SegmentedCodeCache                       = true                                      {product} {ergonomic}
   size_t SoftMaxHeapSize                          = 1073741824                             {manageable} {ergonomic}
     bool UseCompressedClassPointers               = true                           {product lp64_product} {ergonomic}
     bool UseCompressedOops                        = true                           {product lp64_product} {ergonomic}
     bool UseParallelGC                            = true                                      {product} {command line}

Logging:
Log output configuration:
 #0: stdout all=warning uptime,level,tags
 #1: stderr all=off uptime,level,tags

Environment Variables:
JAVA_HOME=/usr/lib/jvm/java-11-openjdk-amd64
CLASSPATH=.:/usr/local/lib/antlr-4.9.2-complete.jar:/usr/local/lib/ST-4.3.1.jar:
PATH=/home/artur/.local/bin:/home/artur/.nvm/versions/node/v14.17.0/bin:/home/artur/.local/bin:/usr/local/sbin:/usr/local/bin:/usr/sbin:/usr/bin:/sbin:/bin:/usr/games:/usr/local/games:/snap/bin:/usr/lib/jvm/java-16-oracle/bin:/usr/lib/jvm/java-16-oracle/db/bin:/usr/lib/jvm/java-16-oracle/bin:/usr/lib/jvm/java-16-oracle/db/bin:/opt/bin:.:
USERNAME=artur
SHELL=/bin/bash
DISPLAY=:0
LANG=en_US.UTF-8
LC_CTYPE=pt_PT.UTF-8

Signal Handlers:
   SIGSEGV: crash_handler in libjvm.so, mask=11100100010111111101111111111110, flags=SA_RESTART|SA_SIGINFO
    SIGBUS: crash_handler in libjvm.so, mask=11100100010111111101111111111110, flags=SA_RESTART|SA_SIGINFO
    SIGFPE: crash_handler in libjvm.so, mask=11100100010111111101111111111110, flags=SA_RESTART|SA_SIGINFO
   SIGPIPE: javaSignalHandler in libjvm.so, mask=11100100010111111101111111111110, flags=SA_RESTART|SA_SIGINFO
   SIGXFSZ: javaSignalHandler in libjvm.so, mask=11100100010111111101111111111110, flags=SA_RESTART|SA_SIGINFO
    SIGILL: crash_handler in libjvm.so, mask=11100100010111111101111111111110, flags=SA_RESTART|SA_SIGINFO
   SIGUSR2: SR_handler in libjvm.so, mask=00000000000000000000000000000000, flags=SA_RESTART|SA_SIGINFO
    SIGHUP: UserHandler in libjvm.so, mask=11100100010111111101111111111110, flags=SA_RESTART|SA_SIGINFO
    SIGINT: UserHandler in libjvm.so, mask=11100100010111111101111111111110, flags=SA_RESTART|SA_SIGINFO
   SIGTERM: UserHandler in libjvm.so, mask=11100100010111111101111111111110, flags=SA_RESTART|SA_SIGINFO
   SIGQUIT: UserHandler in libjvm.so, mask=11100100010111111101111111111110, flags=SA_RESTART|SA_SIGINFO
   SIGTRAP: crash_handler in libjvm.so, mask=11100100010111111101111111111110, flags=SA_RESTART|SA_SIGINFO


---------------  S Y S T E M  ---------------

OS:
DISTRIB_ID=Ubuntu
DISTRIB_RELEASE=20.04
DISTRIB_CODENAME=focal
DISTRIB_DESCRIPTION="Ubuntu 20.04.4 LTS"
uname: Linux 5.4.0-107-generic #121-Ubuntu SMP Thu Mar 24 16:04:27 UTC 2022 x86_64
OS uptime: 0 days 5:56 hours
libc: glibc 2.31 NPTL 2.31 
rlimit (soft/hard): STACK 8192k/infinity , CORE 0k/infinity , NPROC 63159/63159 , NOFILE 1048576/1048576 , AS infinity/infinity , CPU infinity/infinity , DATA infinity/infinity , FSIZE infinity/infinity , MEMLOCK 65536k/65536k
load average: 1,84 1,43 1,23

/proc/meminfo:
MemTotal:       16231284 kB
MemFree:         2736532 kB
MemAvailable:    9242776 kB
Buffers:          774420 kB
Cached:          6675656 kB
SwapCached:            0 kB
Active:          8194288 kB
Inactive:        3840076 kB
Active(anon):    5180128 kB
Inactive(anon):   372820 kB
Active(file):    3014160 kB
Inactive(file):  3467256 kB
Unevictable:      598252 kB
Mlocked:              48 kB
SwapTotal:       2097148 kB
SwapFree:        2097148 kB
Dirty:              2844 kB
Writeback:             0 kB
AnonPages:       5182516 kB
Mapped:          1886784 kB
Shmem:            975760 kB
KReclaimable:     366876 kB
Slab:             648036 kB
SReclaimable:     366876 kB
SUnreclaim:       281160 kB
KernelStack:       24576 kB
PageTables:        65976 kB
NFS_Unstable:          0 kB
Bounce:                0 kB
WritebackTmp:          0 kB
CommitLimit:    10212788 kB
Committed_AS:   19724384 kB
VmallocTotal:   34359738367 kB
VmallocUsed:       50584 kB
VmallocChunk:          0 kB
Percpu:            17024 kB
HardwareCorrupted:     0 kB
AnonHugePages:         0 kB
ShmemHugePages:        0 kB
ShmemPmdMapped:        0 kB
FileHugePages:         0 kB
FilePmdMapped:         0 kB
CmaTotal:              0 kB
CmaFree:               0 kB
HugePages_Total:       0
HugePages_Free:        0
HugePages_Rsvd:        0
HugePages_Surp:        0
Hugepagesize:       2048 kB
Hugetlb:               0 kB
DirectMap4k:      572000 kB
DirectMap2M:    14997504 kB
DirectMap1G:     1048576 kB

/sys/kernel/mm/transparent_hugepage/enabled: always [madvise] never
/sys/kernel/mm/transparent_hugepage/defrag (defrag/compaction efforts parameter): always defer defer+madvise [madvise] never

Process Memory:
Virtual Size: 5980696K (peak: 5980696K)
Resident Set Size: 903936K (peak: 903936K) (anon: 735356K, file: 168580K, shmem: 0K)
Swapped out: 0K
C-Heap outstanding allocations: 82909K

/proc/sys/kernel/threads-max (system-wide limit on the number of threads): 126318
/proc/sys/vm/max_map_count (maximum number of memory map areas a process may have): 1048575
/proc/sys/kernel/pid_max (system-wide limit on number of process identifiers): 4194304

container (cgroup) information:
container_type: cgroupv1
cpu_cpuset_cpus: 0-11
cpu_memory_nodes: 0
active_processor_count: 12
cpu_quota: no quota
cpu_period: 100000
cpu_shares: no shares
memory_limit_in_bytes: unlimited
memory_and_swap_limit_in_bytes: not supported
memory_soft_limit_in_bytes: unlimited
memory_usage_in_bytes: 10236547072
memory_max_usage_in_bytes: 11285872640

Steal ticks since vm start: 0
Steal ticks percentage since vm start:  0,000

CPU: total 12 (initial active 12) (6 cores per cpu, 2 threads per core) family 6 model 158 stepping 13 microcode 0xea, cx8, cmov, fxsr, ht, mmx, 3dnowpref, sse, sse2, sse3, ssse3, sse4.1, sse4.2, popcnt, lzcnt, tsc, tscinvbit, avx, avx2, aes, erms, clmul, bmi1, bmi2, adx, fma, vzeroupper, clflush, clflushopt
CPU Model and flags from /proc/cpuinfo:
model name	: Intel(R) Core(TM) i7-9750H CPU @ 2.60GHz
flags		: fpu vme de pse tsc msr pae mce cx8 apic sep mtrr pge mca cmov pat pse36 clflush dts acpi mmx fxsr sse sse2 ss ht tm pbe syscall nx pdpe1gb rdtscp lm constant_tsc art arch_perfmon pebs bts rep_good nopl xtopology nonstop_tsc cpuid aperfmperf pni pclmulqdq dtes64 monitor ds_cpl vmx est tm2 ssse3 sdbg fma cx16 xtpr pdcm pcid sse4_1 sse4_2 x2apic movbe popcnt tsc_deadline_timer aes xsave avx f16c rdrand lahf_lm abm 3dnowprefetch cpuid_fault epb invpcid_single ssbd ibrs ibpb stibp ibrs_enhanced tpr_shadow vnmi flexpriority ept vpid ept_ad fsgsbase tsc_adjust bmi1 avx2 smep bmi2 erms invpcid mpx rdseed adx smap clflushopt intel_pt xsaveopt xsavec xgetbv1 xsaves dtherm ida arat pln pts hwp hwp_notify hwp_act_window hwp_epp md_clear flush_l1d arch_capabilities

Online cpus: 0-11
Offline cpus: 
BIOS frequency limitation: <Not Available>
Frequency switch latency (ns): 0
Available cpu frequencies: <Not Available>
Current governor: powersave
Core performance/turbo boost: <Not Available>

Memory: 4k page, physical 16231284k(2736532k free), swap 2097148k(2097148k free)
Page Sizes: 4k

vm_info: OpenJDK 64-Bit Server VM (17.0.2+8) for linux-amd64 JRE (17.0.2+8), built on Jan 20 2022 09:56:58 by "" with gcc 7.5.0

END.
