#
# A fatal error has been detected by the Java Runtime Environment:
#
#  SIGSEGV (0xb) at pc=0x00007fa2fd8e5ca6, pid=58613, tid=58677
#
# JRE version: OpenJDK Runtime Environment Temurin-17.0.2+8 (17.0.2+8) (build 17.0.2+8)
# Java VM: OpenJDK 64-Bit Server VM Temurin-17.0.2+8 (17.0.2+8, mixed mode, tiered, compressed oops, compressed class ptrs, parallel gc, linux-amd64)
# Problematic frame:
# V  [libjvm.so+0xca6ca6]  void OopOopIterateDispatch<PCIterateMarkAndPushClosure>::Table::oop_oop_iterate<InstanceKlass, narrowOop>(PCIterateMarkAndPushClosure*, oopDesc*, Klass*)+0x1e6
#
# Core dump will be written. Default location: Core dumps may be processed with "/usr/share/apport/apport %p %s %c %d %P %E" (or dumping to /home/artur/Desktop/3ano/TQS/tqs_98470/lab5/core.58613)
#
# If you would like to submit a bug report, please visit:
#   https://github.com/adoptium/adoptium-support/issues
#

---------------  S U M M A R Y ------------

Command Line: --add-modules=ALL-SYSTEM --add-opens=java.base/java.util=ALL-UNNAMED --add-opens=java.base/java.lang=ALL-UNNAMED --add-opens=java.base/sun.nio.fs=ALL-UNNAMED -Declipse.application=org.eclipse.jdt.ls.core.id1 -Dosgi.bundles.defaultStartLevel=4 -Declipse.product=org.eclipse.jdt.ls.core.product -Djava.import.generatesMetadataFilesAtProjectRoot=false -Dfile.encoding=utf8 -XX:+UseParallelGC -XX:GCTimeRatio=4 -XX:AdaptiveSizePolicyWeight=90 -Dsun.zip.disableMemoryMapping=true -Xmx1G -Xms100m -XX:+HeapDumpOnOutOfMemoryError -XX:HeapDumpPath=/home/artur/.config/Code/User/workspaceStorage/d6e39b932d2555773ac479df722083ba/redhat.java /home/artur/.vscode/extensions/redhat.java-1.5.0-linux-x64/server/plugins/org.eclipse.equinox.launcher_1.6.400.v20210924-0641.jar -configuration /home/artur/.config/Code/User/globalStorage/redhat.java/1.5.0/config_linux -data /home/artur/.config/Code/User/workspaceStorage/d6e39b932d2555773ac479df722083ba/redhat.java/jdt_ws

Host: Intel(R) Core(TM) i7-9750H CPU @ 2.60GHz, 12 cores, 15G, Ubuntu 20.04.4 LTS
Time: Sat Apr 16 02:53:37 2022 WEST elapsed time: 10.820530 seconds (0d 0h 0m 10s)

---------------  T H R E A D  ---------------

Current thread (0x00007fa2d80041d0):  GCTaskThread "GC Thread#4" [stack: 0x00007fa2aecf7000,0x00007fa2aedf7000] [id=58677]

Stack: [0x00007fa2aecf7000,0x00007fa2aedf7000],  sp=0x00007fa2aedf5bc0,  free space=1018k
Native frames: (J=compiled Java code, j=interpreted, Vv=VM code, C=native code)
V  [libjvm.so+0xca6ca6]  void OopOopIterateDispatch<PCIterateMarkAndPushClosure>::Table::oop_oop_iterate<InstanceKlass, narrowOop>(PCIterateMarkAndPushClosure*, oopDesc*, Klass*)+0x1e6
V  [libjvm.so+0xca3ac5]  ParCompactionManager::follow_marking_stacks()+0x3f5
V  [libjvm.so+0xcb55dd]  steal_marking_work(TaskTerminator&, unsigned int)+0xcd
V  [libjvm.so+0xcb824a]  MarkFromRootsTask::work(unsigned int)+0x2aa
V  [libjvm.so+0xfb005c]  GangWorker::loop()+0x5c
V  [libjvm.so+0xfb00ae]
V  [libjvm.so+0xf062e2]  Thread::call_run()+0xe2
V  [libjvm.so+0xc40b81]  thread_native_entry(Thread*)+0xe1


siginfo: si_signo: 11 (SIGSEGV), si_code: 1 (SEGV_MAPERR), si_addr: 0x0000000580100d02

Register to memory mapping:

RAX=0x0000000580100c02 is an unknown value
RBX=0x00007fa2f80aa930 points into unknown readable memory: 0x1219143a7401b412 | 12 b4 01 74 3a 14 19 12
RCX=0x0000000000000005 is an unknown value
RDX=0x00007fa2fe1e0320: <offset 0x00000000015a1320> in /home/artur/.vscode/extensions/redhat.java-1.5.0-linux-x64/jre/17.0.2-linux-x86_64/lib/server/libjvm.so at 0x00007fa2fcc3f000
RSP=0x00007fa2aedf5bc0 points into unknown readable memory: 0x00000000d113f360 | 60 f3 13 d1 00 00 00 00
RBP=0x00007fa2aedf5c10 points into unknown readable memory: 0x00007fa2aedf5c80 | 80 5c df ae a2 7f 00 00
RSI=
[error occurred during error reporting (printing register info), id 0xb, SIGSEGV (0xb) at pc=0x00007fa2fd8a19f6]

Registers:
RAX=0x0000000580100c02, RBX=0x00007fa2f80aa930, RCX=0x0000000000000005, RDX=0x00007fa2fe1e0320
RSP=0x00007fa2aedf5bc0, RBP=0x00007fa2aedf5c10, RSI=0x00000000d113f378, RDI=0x00000001001996c8
R8 =0x00000000d113f378, R9 =0x0000000000000014, R10=0x00007fa2981ed9c8, R11=0x00000000d0be7eb0
R12=0x00000000d113f378, R13=0x00000000d113f378, R14=0x00000000d113f374, R15=0x0000000100639878
RIP=0x00007fa2fd8e5ca6, EFLAGS=0x0000000000010202, CSGSFS=0x002b000000000033, ERR=0x0000000000000004
  TRAPNO=0x000000000000000e

Top of Stack: (sp=0x00007fa2aedf5bc0)
0x00007fa2aedf5bc0:   00000000d113f360 0000000100639880
0x00007fa2aedf5bd0:   00007fa2aedf5c30 0000000000000025
0x00007fa2aedf5be0:   00007fa2aedf5c10 00007fa2f80aa930
0x00007fa2aedf5bf0:   00007fa2fe22702d 00007fa2aedf5c30 

Instructions: (pc=0x00007fa2fd8e5ca6)
0x00007fa2fd8e5ba6:   99 48 8d 05 7f 14 94 00 0f b6 00 84 c0 0f 85 ff
0x00007fa2fd8e5bb6:   00 00 00 49 8b 78 08 48 8b 5d c0 8b 4f 08 48 8b
0x00007fa2fd8e5bc6:   5b 18 83 f9 00 0f 8e 0f 01 00 00 f6 c1 01 0f 85
0x00007fa2fd8e5bd6:   c6 00 00 00 89 c8 c1 f8 03 48 8d 3d ba c8 95 00
0x00007fa2fd8e5be6:   48 63 c8 4c 89 e6 48 89 ca 48 89 4d c8 e8 08 90
0x00007fa2fd8e5bf6:   fb ff 84 c0 48 8b 4d c8 0f 84 3c ff ff ff 48 8d
0x00007fa2fd8e5c06:   3d 55 c8 95 00 48 89 ca 4c 89 e6 e8 8a 89 00 00
0x00007fa2fd8e5c16:   8b 83 88 00 00 00 8b 93 08 01 00 00 89 c7 29 d7
0x00007fa2fd8e5c26:   89 fa 81 e2 ff ff 01 00 81 fa fd ff 01 00 0f 86
0x00007fa2fd8e5c36:   e6 00 00 00 48 8b 93 a8 02 00 00 48 3b 93 90 02
0x00007fa2fd8e5c46:   00 00 48 8d 0c d5 00 00 00 00 0f 84 ea 00 00 00
0x00007fa2fd8e5c56:   48 8b 83 c0 02 00 00 48 83 c2 01 49 83 c6 04 4c
0x00007fa2fd8e5c66:   89 24 08 48 89 93 a8 02 00 00 4d 39 f5 0f 87 d4
0x00007fa2fd8e5c76:   fe ff ff 0f 1f 80 00 00 00 00 49 83 c7 08 4c 39
0x00007fa2fd8e5c86:   7d b8 0f 87 92 fe ff ff 48 83 c4 28 5b 41 5c 41
0x00007fa2fd8e5c96:   5d 41 5e 41 5f 5d c3 0f 1f 00 48 8b 07 4c 89 e6
0x00007fa2fd8e5ca6:   ff 90 00 01 00 00 e9 2e ff ff ff 0f 1f 80 00 00
0x00007fa2fd8e5cb6:   00 00 48 8d 15 61 a6 8f 00 41 8b 78 08 48 8b 5d
0x00007fa2fd8e5cc6:   c0 8b 4a 08 48 8b 5b 18 48 d3 e7 48 03 3a 8b 4f
0x00007fa2fd8e5cd6:   08 83 f9 00 0f 8f f1 fe ff ff 74 be 3c 01 48 8d
0x00007fa2fd8e5ce6:   15 41 b0 8f 00 48 19 c0 83 e0 04 8b 12 49 63 74
0x00007fa2fd8e5cf6:   04 0c 8d 42 ff f7 da 48 d3 e6 c1 f9 10 48 98 0f
0x00007fa2fd8e5d06:   b6 c9 48 01 c1 48 63 c2 48 01 f1 48 21 c1 48 c1
0x00007fa2fd8e5d16:   e9 03 89 c8 e9 c0 fe ff ff 90 48 8b 93 88 01 00
0x00007fa2fd8e5d26:   00 89 c1 83 c0 01 25 ff ff 01 00 4c 89 24 ca 89
0x00007fa2fd8e5d36:   83 88 00 00 00 e9 00 fe ff ff 48 8b b3 b8 02 00
0x00007fa2fd8e5d46:   00 48 85 f6 74 55 48 8b 83 c8 02 00 00 48 83 ee
0x00007fa2fd8e5d56:   01 48 8b 0c 08 48 89 b3 b8 02 00 00 48 89 8b c8
0x00007fa2fd8e5d66:   02 00 00 48 8b 8b c0 02 00 00 48 85 c9 48 89 0c
0x00007fa2fd8e5d76:   d0 48 89 83 c0 02 00 00 48 8b 93 b0 02 00 00 74
0x00007fa2fd8e5d86:   07 48 03 93 90 02 00 00 48 89 93 b0 02 00 00 31
0x00007fa2fd8e5d96:   c9 ba 01 00 00 00 e9 c0 fe ff ff 48 8d 79 08 31 


Stack slot to memory mapping:
stack at sp + 0 slots: 0x00000000d113f360 is an oop: org.eclipse.jdt.internal.core.util.SimpleWordSet 
{0x00000000d113f360} - klass: 'org/eclipse/jdt/internal/core/util/SimpleWordSet'
 - ---- fields (total size 3 words):
 - public 'elementSize' 'I' @12  1
 - public 'threshold' 'I' @16  1
 - public 'words' '[[C' @20  
[error occurred during error reporting (inspecting top of stack), id 0xb, SIGSEGV (0xb) at pc=0x00007fa2fd865483]


---------------  P R O C E S S  ---------------

Threads class SMR info:
_java_thread_list=0x00007fa2c45a90d0, length=37, elements={
0x00007fa2f8026270, 0x00007fa2f8227a80, 0x00007fa2f8228ff0, 0x00007fa2f8251290,
0x00007fa2f8254ba0, 0x00007fa2f8255af0, 0x00007fa2f8257140, 0x00007fa2f82585f0,
0x00007fa2f8259a30, 0x00007fa2f82c7390, 0x00007fa2f83124a0, 0x00007fa2f842fa70,
0x00007fa2f8575e80, 0x00007fa2f85c8370, 0x00007fa2f85cac20, 0x00007fa29802fc30,
0x00007fa298268b00, 0x00007fa29830ad50, 0x00007fa298317910, 0x00007fa2985561e0,
0x00007fa270006120, 0x00007fa2f86173e0, 0x00007fa2f86abc30, 0x00007fa26445b860,
0x00007fa2501d1a20, 0x00007fa2501d2fd0, 0x00007fa22c061540, 0x00007fa22c062a60,
0x00007fa25816a720, 0x00007fa23008bd00, 0x00007fa22c249b50, 0x00007fa2780f3ff0,
0x00007fa2a4058d80, 0x00007fa2a405c750, 0x00007fa228031090, 0x00007fa2c8000d30,
0x00007fa2c446cf30
}

Java Threads: ( => current thread )
  0x00007fa2f8026270 JavaThread "main" [_thread_blocked, id=58616, stack(0x00007fa2fc9e5000,0x00007fa2fcae6000)]
  0x00007fa2f8227a80 JavaThread "Reference Handler" daemon [_thread_blocked, id=58622, stack(0x00007fa2dd1dd000,0x00007fa2dd2de000)]
  0x00007fa2f8228ff0 JavaThread "Finalizer" daemon [_thread_blocked, id=58623, stack(0x00007fa2dd0dc000,0x00007fa2dd1dd000)]
  0x00007fa2f8251290 JavaThread "Signal Dispatcher" daemon [_thread_blocked, id=58624, stack(0x00007fa2dca6a000,0x00007fa2dcb6b000)]
  0x00007fa2f8254ba0 JavaThread "Service Thread" daemon [_thread_blocked, id=58625, stack(0x00007fa2dc969000,0x00007fa2dca6a000)]
  0x00007fa2f8255af0 JavaThread "Monitor Deflation Thread" daemon [_thread_blocked, id=58626, stack(0x00007fa2dc868000,0x00007fa2dc969000)]
  0x00007fa2f8257140 JavaThread "C2 CompilerThread0" daemon [_thread_blocked, id=58627, stack(0x00007fa2dc767000,0x00007fa2dc868000)]
  0x00007fa2f82585f0 JavaThread "C1 CompilerThread0" daemon [_thread_blocked, id=58628, stack(0x00007fa2dc666000,0x00007fa2dc767000)]
  0x00007fa2f8259a30 JavaThread "Sweeper thread" daemon [_thread_blocked, id=58629, stack(0x00007fa2dc565000,0x00007fa2dc666000)]
  0x00007fa2f82c7390 JavaThread "Common-Cleaner" daemon [_thread_blocked, id=58630, stack(0x00007fa2dc464000,0x00007fa2dc565000)]
  0x00007fa2f83124a0 JavaThread "Notification Thread" daemon [_thread_blocked, id=58631, stack(0x00007fa2dc363000,0x00007fa2dc464000)]
  0x00007fa2f842fa70 JavaThread "process reaper" daemon [_thread_blocked, id=58645, stack(0x00007fa2fc004000,0x00007fa2fc026000)]
  0x00007fa2f8575e80 JavaThread "Active Thread: Equinox Container: 5acb6b2a-2210-4f40-b694-021743b7b954" [_thread_blocked, id=58663, stack(0x00007fa2af2ff000,0x00007fa2af400000)]
  0x00007fa2f85c8370 JavaThread "Framework Event Dispatcher: Equinox Container: 5acb6b2a-2210-4f40-b694-021743b7b954" daemon [_thread_blocked, id=58672, stack(0x00007fa2af1fe000,0x00007fa2af2ff000)]
  0x00007fa2f85cac20 JavaThread "Start Level: Equinox Container: 5acb6b2a-2210-4f40-b694-021743b7b954" daemon [_thread_blocked, id=58673, stack(0x00007fa2af0fd000,0x00007fa2af1fe000)]
  0x00007fa29802fc30 JavaThread "SCR Component Actor" daemon [_thread_blocked, id=58680, stack(0x00007fa2ae7df000,0x00007fa2ae8e0000)]
  0x00007fa298268b00 JavaThread "Worker-JM" [_thread_blocked, id=58687, stack(0x00007fa2ae5dd000,0x00007fa2ae6de000)]
  0x00007fa29830ad50 JavaThread "Worker-0" [_thread_blocked, id=58690, stack(0x00007fa2ae4dc000,0x00007fa2ae5dd000)]
  0x00007fa298317910 JavaThread "Worker-1" [_thread_blocked, id=58691, stack(0x00007fa2adaff000,0x00007fa2adc00000)]
  0x00007fa2985561e0 JavaThread "Java indexing" daemon [_thread_blocked, id=58697, stack(0x00007fa2ad6f8000,0x00007fa2ad7f9000)]
  0x00007fa270006120 JavaThread "Worker-2" [_thread_blocked, id=58698, stack(0x00007fa2ad5f7000,0x00007fa2ad6f8000)]
  0x00007fa2f86173e0 JavaThread "pool-3-thread-1" [_thread_blocked, id=58727, stack(0x00007fa2ad2e7000,0x00007fa2ad3e8000)]
  0x00007fa2f86abc30 JavaThread "pool-2-thread-1" [_thread_in_native, id=58735, stack(0x00007fa2ad1e6000,0x00007fa2ad2e7000)]
  0x00007fa26445b860 JavaThread "Bundle File Closer" daemon [_thread_blocked, id=58751, stack(0x00007fa24beff000,0x00007fa24c000000)]
  0x00007fa2501d1a20 JavaThread "ForkJoinPool.commonPool-worker-1" daemon [_thread_blocked, id=58752, stack(0x00007fa24bdfe000,0x00007fa24beff000)]
  0x00007fa2501d2fd0 JavaThread "ForkJoinPool.commonPool-worker-2" daemon [_thread_blocked, id=58753, stack(0x00007fa24bcfd000,0x00007fa24bdfe000)]
  0x00007fa22c061540 JavaThread "ForkJoinPool.commonPool-worker-3" daemon [_thread_blocked, id=58754, stack(0x00007fa24b2ff000,0x00007fa24b400000)]
  0x00007fa22c062a60 JavaThread "ForkJoinPool.commonPool-worker-4" daemon [_thread_blocked, id=58755, stack(0x00007fa24b1fe000,0x00007fa24b2ff000)]
  0x00007fa25816a720 JavaThread "Worker-3: Java indexing... " [_thread_blocked, id=58756, stack(0x00007fa24b0fd000,0x00007fa24b1fe000)]
  0x00007fa23008bd00 JavaThread "ForkJoinPool.commonPool-worker-5" daemon [_thread_blocked, id=58777, stack(0x00007fa24a5fe000,0x00007fa24a6ff000)]
  0x00007fa22c249b50 JavaThread "Java Debug Server" daemon [_thread_in_native, id=58818, stack(0x00007fa2ae6de000,0x00007fa2ae7df000)]
  0x00007fa2780f3ff0 JavaThread "pool-4-thread-1" [_thread_blocked, id=58819, stack(0x00007fa2afce9000,0x00007fa2afdea000)]
  0x00007fa2a4058d80 JavaThread "RxSchedulerPurge-1" daemon [_thread_blocked, id=58820, stack(0x00007fa2ad0e5000,0x00007fa2ad1e6000)]
  0x00007fa2a405c750 JavaThread "RxCachedWorkerPoolEvictor-1" daemon [_thread_blocked, id=58821, stack(0x00007fa24a4fd000,0x00007fa24a5fe000)]
  0x00007fa228031090 JavaThread "ForkJoinPool.commonPool-worker-6" daemon [_thread_blocked, id=58855, stack(0x00007fa2497fb000,0x00007fa2498fc000)]
  0x00007fa2c8000d30 JavaThread "Attach Listener" daemon [_thread_blocked, id=58880, stack(0x00007fa2498fc000,0x00007fa2499fd000)]
  0x00007fa2c446cf30 JavaThread "C2 CompilerThread1" daemon [_thread_blocked, id=58887, stack(0x00007fa2493f7000,0x00007fa2494f8000)]

Other Threads:
  0x00007fa2f8217ab0 VMThread "VM Thread" [stack: 0x00007fa2dd2e0000,0x00007fa2dd3e0000] [id=58620]
  0x00007fa2f8070730 WatcherThread [stack: 0x00007fa2dc263000,0x00007fa2dc363000] [id=58632]
  0x00007fa2f803d010 GCTaskThread "GC Thread#0" [stack: 0x00007fa2fc07d000,0x00007fa2fc17d000] [id=58617]
  0x00007fa2d8001110 GCTaskThread "GC Thread#1" [stack: 0x00007fa2aeffd000,0x00007fa2af0fd000] [id=58674]
  0x00007fa2d8001b10 GCTaskThread "GC Thread#2" [stack: 0x00007fa2aeefb000,0x00007fa2aeffb000] [id=58675]
  0x00007fa2d8002510 GCTaskThread "GC Thread#3" [stack: 0x00007fa2aedf9000,0x00007fa2aeef9000] [id=58676]
=>0x00007fa2d80041d0 GCTaskThread "GC Thread#4" [stack: 0x00007fa2aecf7000,0x00007fa2aedf7000] [id=58677]
  0x00007fa2d8004bd0 GCTaskThread "GC Thread#5" [stack: 0x00007fa2aebf5000,0x00007fa2aecf5000] [id=58678]
  0x00007fa2d80055d0 GCTaskThread "GC Thread#6" [stack: 0x00007fa2aeaf3000,0x00007fa2aebf3000] [id=58679]
  0x00007fa2d8003650 GCTaskThread "GC Thread#7" [stack: 0x00007fa2ad9ff000,0x00007fa2adaff000] [id=58692]
  0x00007fa2d80061d0 GCTaskThread "GC Thread#8" [stack: 0x00007fa2ad8fd000,0x00007fa2ad9fd000] [id=58693]
  0x00007fa2d8006780 GCTaskThread "GC Thread#9" [stack: 0x00007fa2ad7fb000,0x00007fa2ad8fb000] [id=58694]

Threads with active compile tasks:

VM state: at safepoint (normal execution)

VM Mutex/Monitor currently owned by a thread:  ([mutex/lock_event])
[0x00007fa2f8021330] Threads_lock - owner thread: 0x00007fa2f8217ab0
[0x00007fa2f8021ae0] Heap_lock - owner thread: 0x00007fa2985561e0

Heap address: 0x00000000c0000000, size: 1024 MB, Compressed Oops mode: 32-bit

CDS archive(s) not mapped
Compressed class space mapped at: 0x0000000100000000-0x0000000140000000, reserved size: 1073741824
Narrow klass base: 0x0000000000000000, Narrow klass shift: 3, Narrow klass range: 0x140000000

GC Precious Log:
 CPUs: 12 total, 12 available
 Memory: 15850M
 Large Page Support: Disabled
 NUMA Support: Disabled
 Compressed Oops: Enabled (32-bit)
 Alignments: Space 512K, Generation 512K, Heap 2M
 Heap Min Capacity: 100M
 Heap Initial Capacity: 100M
 Heap Max Capacity: 1G
 Pre-touch: Disabled
 Parallel Workers: 10

Heap:
 PSYoungGen      total 47104K, used 12779K [0x00000000eab00000, 0x00000000f0380000, 0x0000000100000000)
  eden space 34304K, 0% used [0x00000000eab00000,0x00000000eab00000,0x00000000ecc80000)
  from space 12800K, 99% used [0x00000000ecc80000,0x00000000ed8faf08,0x00000000ed900000)
  to   space 28160K, 0% used [0x00000000ee800000,0x00000000ee800000,0x00000000f0380000)
 ParOldGen       total 357888K, used 354253K [0x00000000c0000000, 0x00000000d5d80000, 0x00000000eab00000)
  object space 357888K, 98% used [0x00000000c0000000,0x00000000d59f3668,0x00000000d5d80000)
 Metaspace       used 68909K, committed 69952K, reserved 1114112K
  class space    used 7579K, committed 8064K, reserved 1048576K

Card table byte_map: [0x00007fa2fc17d000,0x00007fa2fc37e000] _byte_map_base: 0x00007fa2fbb7d000

Marking Bits: (ParMarkBitMap*) 0x00007fa2fe2424a0
 Begin Bits: [0x00007fa2e42aa000, 0x00007fa2e52aa000)
 End Bits:   [0x00007fa2e52aa000, 0x00007fa2e62aa000)

Polling page: 0x00007fa2fe6ce000

Metaspace:

Usage:
  Non-class:     59,89 MB used.
      Class:      7,40 MB used.
       Both:     67,29 MB used.

Virtual space:
  Non-class space:       64,00 MB reserved,      60,44 MB ( 94%) committed,  8 nodes.
      Class space:        1,00 GB reserved,       7,88 MB ( <1%) committed,  1 nodes.
             Both:        1,06 GB reserved,      68,31 MB (  6%) committed. 

Chunk freelists:
   Non-Class:  3,50 MB
       Class:  144,00 KB
        Both:  3,64 MB

MaxMetaspaceSize: unlimited
CompressedClassSpaceSize: 1,00 GB
Initial GC threshold: 21,00 MB
Current GC threshold: 113,88 MB
CDS: off
MetaspaceReclaimPolicy: balanced
 - commit_granule_bytes: 65536.
 - commit_granule_words: 8192.
 - virtual_space_node_default_size: 1048576.
 - enlarge_chunks_in_place: 1.
 - new_chunks_are_fully_committed: 0.
 - uncommit_free_chunks: 1.
 - use_allocation_guard: 0.
 - handle_deallocations: 1.


Internal statistics:

num_allocs_failed_limit: 15.
num_arena_births: 568.
num_arena_deaths: 0.
num_vsnodes_births: 9.
num_vsnodes_deaths: 0.
num_space_committed: 1093.
num_space_uncommitted: 0.
num_chunks_returned_to_freelist: 15.
num_chunks_taken_from_freelist: 3128.
num_chunk_merges: 15.
num_chunk_splits: 2065.
num_chunks_enlarged: 1325.
num_purges: 0.
num_inconsistent_stats: 0.

CodeHeap 'non-profiled nmethods': size=120028Kb used=4406Kb max_used=4585Kb free=115621Kb
 bounds [0x00007fa2edec9000, 0x00007fa2ee359000, 0x00007fa2f5400000]
CodeHeap 'profiled nmethods': size=120028Kb used=12411Kb max_used=14240Kb free=107616Kb
 bounds [0x00007fa2e6992000, 0x00007fa2e7782000, 0x00007fa2edec9000]
CodeHeap 'non-nmethods': size=5704Kb used=1369Kb max_used=1508Kb free=4334Kb
 bounds [0x00007fa2e6400000, 0x00007fa2e6670000, 0x00007fa2e6992000]
 total_blobs=7159 nmethods=6437 adapters=637
 compilation: enabled
              stopped_count=0, restarted_count=0
 full_count=0

Compilation events (20 events):
Event: 10,627 Thread 0x00007fa2f8257140 7950       4       org.eclipse.jdt.internal.compiler.util.HashtableOfObject::get (68 bytes)
Event: 10,630 Thread 0x00007fa2f8257140 nmethod 7950 0x00007fa2edf9c010 code [0x00007fa2edf9c1a0, 0x00007fa2edf9c678]
Event: 10,630 Thread 0x00007fa2f8257140 7947 %     4       org.eclipse.jdt.internal.compiler.util.HashtableOfObject::rehash @ 27 (84 bytes)
Event: 10,635 Thread 0x00007fa2f8257140 nmethod 7947% 0x00007fa2ee1d2890 code [0x00007fa2ee1d2a40, 0x00007fa2ee1d2f88]
Event: 10,635 Thread 0x00007fa2f8257140 7953 %     4       org.eclipse.jdt.internal.core.index.DiskIndex::copyQueryResults @ 104 (218 bytes)
Event: 10,635 Thread 0x00007fa2c446cf30 7954       4       org.eclipse.jdt.internal.compiler.util.SimpleLookupTable::get (59 bytes)
Event: 10,642 Thread 0x00007fa2c446cf30 nmethod 7954 0x00007fa2ee24d510 code [0x00007fa2ee24d6c0, 0x00007fa2ee24dd98]
Event: 10,642 Thread 0x00007fa2c446cf30 7955       4       org.eclipse.jdt.internal.compiler.util.HashtableOfObject::rehash (84 bytes)
Event: 10,650 Thread 0x00007fa2c446cf30 nmethod 7955 0x00007fa2edf1ef10 code [0x00007fa2edf1f100, 0x00007fa2edf1f9c8]
Event: 10,650 Thread 0x00007fa2c446cf30 7957       4       org.eclipse.jdt.internal.compiler.util.HashtableOfObject::put (113 bytes)
Event: 10,663 Thread 0x00007fa2c446cf30 nmethod 7957 0x00007fa2ee259990 code [0x00007fa2ee259bc0, 0x00007fa2ee25ab28]
Event: 10,663 Thread 0x00007fa2c446cf30 7952       4       org.eclipse.jdt.internal.core.index.DiskIndex$IntList::add (67 bytes)
Event: 10,665 Thread 0x00007fa2c446cf30 nmethod 7952 0x00007fa2edf4e390 code [0x00007fa2edf4e520, 0x00007fa2edf4e818]
Event: 10,665 Thread 0x00007fa2c446cf30 7942       4       org.eclipse.jdt.internal.core.index.DiskIndex::writeStreamChars (220 bytes)
Event: 10,667 Thread 0x00007fa2c446cf30 nmethod 7942 0x00007fa2ee259090 code [0x00007fa2ee259240, 0x00007fa2ee2595a8]
Event: 10,667 Thread 0x00007fa2c446cf30 7956       4       org.eclipse.jdt.internal.compiler.util.HashtableOfObject::<init> (98 bytes)
Event: 10,669 Thread 0x00007fa2c446cf30 nmethod 7956 0x00007fa2ee244510 code [0x00007fa2ee2446c0, 0x00007fa2ee244a38]
Event: 10,697 Thread 0x00007fa2f8257140 nmethod 7953% 0x00007fa2ee1fb110 code [0x00007fa2ee1fb3e0, 0x00007fa2ee1fe598]
Event: 10,699 Thread 0x00007fa2f8257140 7958       4       org.eclipse.jdt.internal.core.index.DiskIndex::copyQueryResults (218 bytes)
Event: 10,724 Thread 0x00007fa2f8257140 nmethod 7958 0x00007fa2edffc310 code [0x00007fa2edffc580, 0x00007fa2edffe288]

GC Heap History (20 events):
Event: 10,308 GC heap after
{Heap after GC invocations=107 (full 7):
 PSYoungGen      total 27136K, used 9707K [0x00000000eab00000, 0x00000000ed680000, 0x0000000100000000)
  eden space 17408K, 0% used [0x00000000eab00000,0x00000000eab00000,0x00000000ebc00000)
  from space 9728K, 99% used [0x00000000ec800000,0x00000000ed17ac68,0x00000000ed180000)
  to   space 12288K, 0% used [0x00000000ebc00000,0x00000000ebc00000,0x00000000ec800000)
 ParOldGen       total 357888K, used 292075K [0x00000000c0000000, 0x00000000d5d80000, 0x00000000eab00000)
  object space 357888K, 81% used [0x00000000c0000000,0x00000000d1d3ae18,0x00000000d5d80000)
 Metaspace       used 68896K, committed 69952K, reserved 1114112K
  class space    used 7579K, committed 8064K, reserved 1048576K
}
Event: 10,338 GC heap before
{Heap before GC invocations=108 (full 7):
 PSYoungGen      total 27136K, used 27115K [0x00000000eab00000, 0x00000000ed680000, 0x0000000100000000)
  eden space 17408K, 100% used [0x00000000eab00000,0x00000000ebc00000,0x00000000ebc00000)
  from space 9728K, 99% used [0x00000000ec800000,0x00000000ed17ac68,0x00000000ed180000)
  to   space 12288K, 0% used [0x00000000ebc00000,0x00000000ebc00000,0x00000000ec800000)
 ParOldGen       total 357888K, used 292075K [0x00000000c0000000, 0x00000000d5d80000, 0x00000000eab00000)
  object space 357888K, 81% used [0x00000000c0000000,0x00000000d1d3ae18,0x00000000d5d80000)
 Metaspace       used 68896K, committed 69952K, reserved 1114112K
  class space    used 7579K, committed 8064K, reserved 1048576K
}
Event: 10,342 GC heap after
{Heap after GC invocations=108 (full 7):
 PSYoungGen      total 25088K, used 7492K [0x00000000eab00000, 0x00000000ed000000, 0x0000000100000000)
  eden space 17408K, 0% used [0x00000000eab00000,0x00000000eab00000,0x00000000ebc00000)
  from space 7680K, 97% used [0x00000000ebc00000,0x00000000ec351258,0x00000000ec380000)
  to   space 9216K, 0% used [0x00000000ec700000,0x00000000ec700000,0x00000000ed000000)
 ParOldGen       total 357888K, used 298329K [0x00000000c0000000, 0x00000000d5d80000, 0x00000000eab00000)
  object space 357888K, 83% used [0x00000000c0000000,0x00000000d23565f0,0x00000000d5d80000)
 Metaspace       used 68896K, committed 69952K, reserved 1114112K
  class space    used 7579K, committed 8064K, reserved 1048576K
}
Event: 10,369 GC heap before
{Heap before GC invocations=109 (full 7):
 PSYoungGen      total 25088K, used 24900K [0x00000000eab00000, 0x00000000ed000000, 0x0000000100000000)
  eden space 17408K, 100% used [0x00000000eab00000,0x00000000ebc00000,0x00000000ebc00000)
  from space 7680K, 97% used [0x00000000ebc00000,0x00000000ec351258,0x00000000ec380000)
  to   space 9216K, 0% used [0x00000000ec700000,0x00000000ec700000,0x00000000ed000000)
 ParOldGen       total 357888K, used 298329K [0x00000000c0000000, 0x00000000d5d80000, 0x00000000eab00000)
  object space 357888K, 83% used [0x00000000c0000000,0x00000000d23565f0,0x00000000d5d80000)
 Metaspace       used 68896K, committed 69952K, reserved 1114112K
  class space    used 7579K, committed 8064K, reserved 1048576K
}
Event: 10,373 GC heap after
{Heap after GC invocations=109 (full 7):
 PSYoungGen      total 27648K, used 8037K [0x00000000eab00000, 0x00000000ecf00000, 0x0000000100000000)
  eden space 19456K, 0% used [0x00000000eab00000,0x00000000eab00000,0x00000000ebe00000)
  from space 8192K, 98% used [0x00000000ec700000,0x00000000eced94b8,0x00000000ecf00000)
  to   space 8192K, 0% used [0x00000000ebf00000,0x00000000ebf00000,0x00000000ec700000)
 ParOldGen       total 357888K, used 301800K [0x00000000c0000000, 0x00000000d5d80000, 0x00000000eab00000)
  object space 357888K, 84% used [0x00000000c0000000,0x00000000d26ba1c8,0x00000000d5d80000)
 Metaspace       used 68896K, committed 69952K, reserved 1114112K
  class space    used 7579K, committed 8064K, reserved 1048576K
}
Event: 10,405 GC heap before
{Heap before GC invocations=110 (full 7):
 PSYoungGen      total 27648K, used 27493K [0x00000000eab00000, 0x00000000ecf00000, 0x0000000100000000)
  eden space 19456K, 100% used [0x00000000eab00000,0x00000000ebe00000,0x00000000ebe00000)
  from space 8192K, 98% used [0x00000000ec700000,0x00000000eced94b8,0x00000000ecf00000)
  to   space 8192K, 0% used [0x00000000ebf00000,0x00000000ebf00000,0x00000000ec700000)
 ParOldGen       total 357888K, used 301800K [0x00000000c0000000, 0x00000000d5d80000, 0x00000000eab00000)
  object space 357888K, 84% used [0x00000000c0000000,0x00000000d26ba1c8,0x00000000d5d80000)
 Metaspace       used 68896K, committed 69952K, reserved 1114112K
  class space    used 7579K, committed 8064K, reserved 1048576K
}
Event: 10,408 GC heap after
{Heap after GC invocations=110 (full 7):
 PSYoungGen      total 28672K, used 8189K [0x00000000eab00000, 0x00000000eda00000, 0x0000000100000000)
  eden space 20480K, 0% used [0x00000000eab00000,0x00000000eab00000,0x00000000ebf00000)
  from space 8192K, 99% used [0x00000000ebf00000,0x00000000ec6ff448,0x00000000ec700000)
  to   space 13312K, 0% used [0x00000000ecd00000,0x00000000ecd00000,0x00000000eda00000)
 ParOldGen       total 357888K, used 306030K [0x00000000c0000000, 0x00000000d5d80000, 0x00000000eab00000)
  object space 357888K, 85% used [0x00000000c0000000,0x00000000d2adb990,0x00000000d5d80000)
 Metaspace       used 68896K, committed 69952K, reserved 1114112K
  class space    used 7579K, committed 8064K, reserved 1048576K
}
Event: 10,443 GC heap before
{Heap before GC invocations=111 (full 7):
 PSYoungGen      total 28672K, used 28669K [0x00000000eab00000, 0x00000000eda00000, 0x0000000100000000)
  eden space 20480K, 100% used [0x00000000eab00000,0x00000000ebf00000,0x00000000ebf00000)
  from space 8192K, 99% used [0x00000000ebf00000,0x00000000ec6ff448,0x00000000ec700000)
  to   space 13312K, 0% used [0x00000000ecd00000,0x00000000ecd00000,0x00000000eda00000)
 ParOldGen       total 357888K, used 306030K [0x00000000c0000000, 0x00000000d5d80000, 0x00000000eab00000)
  object space 357888K, 85% used [0x00000000c0000000,0x00000000d2adb990,0x00000000d5d80000)
 Metaspace       used 68896K, committed 69952K, reserved 1114112K
  class space    used 7579K, committed 8064K, reserved 1048576K
}
Event: 10,447 GC heap after
{Heap after GC invocations=111 (full 7):
 PSYoungGen      total 27648K, used 4989K [0x00000000eab00000, 0x00000000ed200000, 0x0000000100000000)
  eden space 22528K, 0% used [0x00000000eab00000,0x00000000eab00000,0x00000000ec100000)
  from space 5120K, 97% used [0x00000000ecd00000,0x00000000ed1df748,0x00000000ed200000)
  to   space 8192K, 0% used [0x00000000ec200000,0x00000000ec200000,0x00000000eca00000)
 ParOldGen       total 357888K, used 314257K [0x00000000c0000000, 0x00000000d5d80000, 0x00000000eab00000)
  object space 357888K, 87% used [0x00000000c0000000,0x00000000d32e46b0,0x00000000d5d80000)
 Metaspace       used 68896K, committed 69952K, reserved 1114112K
  class space    used 7579K, committed 8064K, reserved 1048576K
}
Event: 10,477 GC heap before
{Heap before GC invocations=112 (full 7):
 PSYoungGen      total 27648K, used 27517K [0x00000000eab00000, 0x00000000ed200000, 0x0000000100000000)
  eden space 22528K, 100% used [0x00000000eab00000,0x00000000ec100000,0x00000000ec100000)
  from space 5120K, 97% used [0x00000000ecd00000,0x00000000ed1df748,0x00000000ed200000)
  to   space 8192K, 0% used [0x00000000ec200000,0x00000000ec200000,0x00000000eca00000)
 ParOldGen       total 357888K, used 314257K [0x00000000c0000000, 0x00000000d5d80000, 0x00000000eab00000)
  object space 357888K, 87% used [0x00000000c0000000,0x00000000d32e46b0,0x00000000d5d80000)
 Metaspace       used 68896K, committed 69952K, reserved 1114112K
  class space    used 7579K, committed 8064K, reserved 1048576K
}
Event: 10,480 GC heap after
{Heap after GC invocations=112 (full 7):
 PSYoungGen      total 31744K, used 8184K [0x00000000eab00000, 0x00000000edb80000, 0x0000000100000000)
  eden space 23552K, 0% used [0x00000000eab00000,0x00000000eab00000,0x00000000ec200000)
  from space 8192K, 99% used [0x00000000ec200000,0x00000000ec9fe190,0x00000000eca00000)
  to   space 12288K, 0% used [0x00000000ecf80000,0x00000000ecf80000,0x00000000edb80000)
 ParOldGen       total 357888K, used 317049K [0x00000000c0000000, 0x00000000d5d80000, 0x00000000eab00000)
  object space 357888K, 88% used [0x00000000c0000000,0x00000000d359e728,0x00000000d5d80000)
 Metaspace       used 68896K, committed 69952K, reserved 1114112K
  class space    used 7579K, committed 8064K, reserved 1048576K
}
Event: 10,501 GC heap before
{Heap before GC invocations=113 (full 7):
 PSYoungGen      total 31744K, used 31736K [0x00000000eab00000, 0x00000000edb80000, 0x0000000100000000)
  eden space 23552K, 100% used [0x00000000eab00000,0x00000000ec200000,0x00000000ec200000)
  from space 8192K, 99% used [0x00000000ec200000,0x00000000ec9fe190,0x00000000eca00000)
  to   space 12288K, 0% used [0x00000000ecf80000,0x00000000ecf80000,0x00000000edb80000)
 ParOldGen       total 357888K, used 317049K [0x00000000c0000000, 0x00000000d5d80000, 0x00000000eab00000)
  object space 357888K, 88% used [0x00000000c0000000,0x00000000d359e728,0x00000000d5d80000)
 Metaspace       used 68896K, committed 69952K, reserved 1114112K
  class space    used 7579K, committed 8064K, reserved 1048576K
}
Event: 10,505 GC heap after
{Heap after GC invocations=113 (full 7):
 PSYoungGen      total 33792K, used 7010K [0x00000000eab00000, 0x00000000ed680000, 0x0000000100000000)
  eden space 26624K, 0% used [0x00000000eab00000,0x00000000eab00000,0x00000000ec500000)
  from space 7168K, 97% used [0x00000000ecf80000,0x00000000ed658820,0x00000000ed680000)
  to   space 8704K, 0% used [0x00000000ec580000,0x00000000ec580000,0x00000000ece00000)
 ParOldGen       total 357888K, used 325208K [0x00000000c0000000, 0x00000000d5d80000, 0x00000000eab00000)
  object space 357888K, 90% used [0x00000000c0000000,0x00000000d3d963d8,0x00000000d5d80000)
 Metaspace       used 68896K, committed 69952K, reserved 1114112K
  class space    used 7579K, committed 8064K, reserved 1048576K
}
Event: 10,515 GC heap before
{Heap before GC invocations=114 (full 7):
 PSYoungGen      total 33792K, used 33634K [0x00000000eab00000, 0x00000000ed680000, 0x0000000100000000)
  eden space 26624K, 100% used [0x00000000eab00000,0x00000000ec500000,0x00000000ec500000)
  from space 7168K, 97% used [0x00000000ecf80000,0x00000000ed658820,0x00000000ed680000)
  to   space 8704K, 0% used [0x00000000ec580000,0x00000000ec580000,0x00000000ece00000)
 ParOldGen       total 357888K, used 325208K [0x00000000c0000000, 0x00000000d5d80000, 0x00000000eab00000)
  object space 357888K, 90% used [0x00000000c0000000,0x00000000d3d963d8,0x00000000d5d80000)
 Metaspace       used 68896K, committed 69952K, reserved 1114112K
  class space    used 7579K, committed 8064K, reserved 1048576K
}
Event: 10,519 GC heap after
{Heap after GC invocations=114 (full 7):
 PSYoungGen      total 35840K, used 8698K [0x00000000eab00000, 0x00000000eed80000, 0x0000000100000000)
  eden space 27136K, 0% used [0x00000000eab00000,0x00000000eab00000,0x00000000ec580000)
  from space 8704K, 99% used [0x00000000ec580000,0x00000000ecdfea98,0x00000000ece00000)
  to   space 18944K, 0% used [0x00000000edb00000,0x00000000edb00000,0x00000000eed80000)
 ParOldGen       total 357888K, used 333344K [0x00000000c0000000, 0x00000000d5d80000, 0x00000000eab00000)
  object space 357888K, 93% used [0x00000000c0000000,0x00000000d45881c8,0x00000000d5d80000)
 Metaspace       used 68896K, committed 69952K, reserved 1114112K
  class space    used 7579K, committed 8064K, reserved 1048576K
}
Event: 10,532 GC heap before
{Heap before GC invocations=115 (full 7):
 PSYoungGen      total 35840K, used 35834K [0x00000000eab00000, 0x00000000eed80000, 0x0000000100000000)
  eden space 27136K, 100% used [0x00000000eab00000,0x00000000ec580000,0x00000000ec580000)
  from space 8704K, 99% used [0x00000000ec580000,0x00000000ecdfea98,0x00000000ece00000)
  to   space 18944K, 0% used [0x00000000edb00000,0x00000000edb00000,0x00000000eed80000)
 ParOldGen       total 357888K, used 333344K [0x00000000c0000000, 0x00000000d5d80000, 0x00000000eab00000)
  object space 357888K, 93% used [0x00000000c0000000,0x00000000d45881c8,0x00000000d5d80000)
 Metaspace       used 68896K, committed 69952K, reserved 1114112K
  class space    used 7579K, committed 8064K, reserved 1048576K
}
Event: 10,535 GC heap after
{Heap after GC invocations=115 (full 7):
 PSYoungGen      total 41472K, used 10476K [0x00000000eab00000, 0x00000000ee580000, 0x0000000100000000)
  eden space 30720K, 0% used [0x00000000eab00000,0x00000000eab00000,0x00000000ec900000)
  from space 10752K, 97% used [0x00000000edb00000,0x00000000ee53b1d0,0x00000000ee580000)
  to   space 12800K, 0% used [0x00000000ecc80000,0x00000000ecc80000,0x00000000ed900000)
 ParOldGen       total 357888K, used 341784K [0x00000000c0000000, 0x00000000d5d80000, 0x00000000eab00000)
  object space 357888K, 95% used [0x00000000c0000000,0x00000000d4dc6030,0x00000000d5d80000)
 Metaspace       used 68896K, committed 69952K, reserved 1114112K
  class space    used 7579K, committed 8064K, reserved 1048576K
}
Event: 10,773 GC heap before
{Heap before GC invocations=116 (full 7):
 PSYoungGen      total 41472K, used 41196K [0x00000000eab00000, 0x00000000ee580000, 0x0000000100000000)
  eden space 30720K, 100% used [0x00000000eab00000,0x00000000ec900000,0x00000000ec900000)
  from space 10752K, 97% used [0x00000000edb00000,0x00000000ee53b1d0,0x00000000ee580000)
  to   space 12800K, 0% used [0x00000000ecc80000,0x00000000ecc80000,0x00000000ed900000)
 ParOldGen       total 357888K, used 341784K [0x00000000c0000000, 0x00000000d5d80000, 0x00000000eab00000)
  object space 357888K, 95% used [0x00000000c0000000,0x00000000d4dc6030,0x00000000d5d80000)
 Metaspace       used 68909K, committed 69952K, reserved 1114112K
  class space    used 7579K, committed 8064K, reserved 1048576K
}
Event: 10,778 GC heap after
{Heap after GC invocations=116 (full 7):
 PSYoungGen      total 47104K, used 12779K [0x00000000eab00000, 0x00000000f0380000, 0x0000000100000000)
  eden space 34304K, 0% used [0x00000000eab00000,0x00000000eab00000,0x00000000ecc80000)
  from space 12800K, 99% used [0x00000000ecc80000,0x00000000ed8faf08,0x00000000ed900000)
  to   space 28160K, 0% used [0x00000000ee800000,0x00000000ee800000,0x00000000f0380000)
 ParOldGen       total 357888K, used 354253K [0x00000000c0000000, 0x00000000d5d80000, 0x00000000eab00000)
  object space 357888K, 98% used [0x00000000c0000000,0x00000000d59f3668,0x00000000d5d80000)
 Metaspace       used 68909K, committed 69952K, reserved 1114112K
  class space    used 7579K, committed 8064K, reserved 1048576K
}
Event: 10,778 GC heap before
{Heap before GC invocations=117 (full 8):
 PSYoungGen      total 47104K, used 12779K [0x00000000eab00000, 0x00000000f0380000, 0x0000000100000000)
  eden space 34304K, 0% used [0x00000000eab00000,0x00000000eab00000,0x00000000ecc80000)
  from space 12800K, 99% used [0x00000000ecc80000,0x00000000ed8faf08,0x00000000ed900000)
  to   space 28160K, 0% used [0x00000000ee800000,0x00000000ee800000,0x00000000f0380000)
 ParOldGen       total 357888K, used 354253K [0x00000000c0000000, 0x00000000d5d80000, 0x00000000eab00000)
  object space 357888K, 98% used [0x00000000c0000000,0x00000000d59f3668,0x00000000d5d80000)
 Metaspace       used 68909K, committed 69952K, reserved 1114112K
  class space    used 7579K, committed 8064K, reserved 1048576K
}

Deoptimization events (20 events):
Event: 10,711 Thread 0x00007fa2985561e0 DEOPT PACKING pc=0x00007fa2e77320bd sp=0x00007fa2ad7f7590
Event: 10,711 Thread 0x00007fa2985561e0 DEOPT UNPACKING pc=0x00007fa2e645252f sp=0x00007fa2ad7f6a80 mode 0
Event: 10,711 Thread 0x00007fa2985561e0 DEOPT PACKING pc=0x00007fa2e77320bd sp=0x00007fa2ad7f7590
Event: 10,711 Thread 0x00007fa2985561e0 DEOPT UNPACKING pc=0x00007fa2e645252f sp=0x00007fa2ad7f6a80 mode 0
Event: 10,714 Thread 0x00007fa2985561e0 DEOPT PACKING pc=0x00007fa2e77320bd sp=0x00007fa2ad7f7590
Event: 10,714 Thread 0x00007fa2985561e0 DEOPT UNPACKING pc=0x00007fa2e645252f sp=0x00007fa2ad7f6a80 mode 0
Event: 10,715 Thread 0x00007fa2985561e0 DEOPT PACKING pc=0x00007fa2e77320bd sp=0x00007fa2ad7f7590
Event: 10,715 Thread 0x00007fa2985561e0 DEOPT UNPACKING pc=0x00007fa2e645252f sp=0x00007fa2ad7f6a80 mode 0
Event: 10,716 Thread 0x00007fa2985561e0 DEOPT PACKING pc=0x00007fa2e77320bd sp=0x00007fa2ad7f7590
Event: 10,716 Thread 0x00007fa2985561e0 DEOPT UNPACKING pc=0x00007fa2e645252f sp=0x00007fa2ad7f6a80 mode 0
Event: 10,716 Thread 0x00007fa2985561e0 DEOPT PACKING pc=0x00007fa2e77320bd sp=0x00007fa2ad7f7590
Event: 10,716 Thread 0x00007fa2985561e0 DEOPT UNPACKING pc=0x00007fa2e645252f sp=0x00007fa2ad7f6a80 mode 0
Event: 10,717 Thread 0x00007fa2985561e0 DEOPT PACKING pc=0x00007fa2e77320bd sp=0x00007fa2ad7f7590
Event: 10,717 Thread 0x00007fa2985561e0 DEOPT UNPACKING pc=0x00007fa2e645252f sp=0x00007fa2ad7f6a80 mode 0
Event: 10,718 Thread 0x00007fa2985561e0 DEOPT PACKING pc=0x00007fa2e77320bd sp=0x00007fa2ad7f7590
Event: 10,718 Thread 0x00007fa2985561e0 DEOPT UNPACKING pc=0x00007fa2e645252f sp=0x00007fa2ad7f6a80 mode 0
Event: 10,718 Thread 0x00007fa2985561e0 DEOPT PACKING pc=0x00007fa2e77320bd sp=0x00007fa2ad7f7590
Event: 10,718 Thread 0x00007fa2985561e0 DEOPT UNPACKING pc=0x00007fa2e645252f sp=0x00007fa2ad7f6a80 mode 0
Event: 10,719 Thread 0x00007fa2985561e0 DEOPT PACKING pc=0x00007fa2e77320bd sp=0x00007fa2ad7f7590
Event: 10,719 Thread 0x00007fa2985561e0 DEOPT UNPACKING pc=0x00007fa2e645252f sp=0x00007fa2ad7f6a80 mode 0

Classes unloaded (0 events):
No events

Classes redefined (0 events):
No events

Internal exceptions (20 events):
Event: 7,971 Thread 0x00007fa204001030 Exception <a 'sun/nio/fs/UnixException'{0x00000000eb2152a8}> (0x00000000eb2152a8) 
thrown [src/hotspot/share/prims/jni.cpp, line 516]
Event: 7,971 Thread 0x00007fa204001030 Exception <a 'sun/nio/fs/UnixException'{0x00000000eb216670}> (0x00000000eb216670) 
thrown [src/hotspot/share/prims/jni.cpp, line 516]
Event: 7,971 Thread 0x00007fa204001030 Exception <a 'sun/nio/fs/UnixException'{0x00000000eb2179f8}> (0x00000000eb2179f8) 
thrown [src/hotspot/share/prims/jni.cpp, line 516]
Event: 7,971 Thread 0x00007fa204001030 Exception <a 'sun/nio/fs/UnixException'{0x00000000eb218330}> (0x00000000eb218330) 
thrown [src/hotspot/share/prims/jni.cpp, line 516]
Event: 7,972 Thread 0x00007fa204001030 Exception <a 'sun/nio/fs/UnixException'{0x00000000eb219dc0}> (0x00000000eb219dc0) 
thrown [src/hotspot/share/prims/jni.cpp, line 516]
Event: 7,972 Thread 0x00007fa204001030 Exception <a 'sun/nio/fs/UnixException'{0x00000000eb21b1d8}> (0x00000000eb21b1d8) 
thrown [src/hotspot/share/prims/jni.cpp, line 516]
Event: 7,972 Thread 0x00007fa204001030 Exception <a 'sun/nio/fs/UnixException'{0x00000000eb21c628}> (0x00000000eb21c628) 
thrown [src/hotspot/share/prims/jni.cpp, line 516]
Event: 7,972 Thread 0x00007fa204001030 Exception <a 'sun/nio/fs/UnixException'{0x00000000eb21f818}> (0x00000000eb21f818) 
thrown [src/hotspot/share/prims/jni.cpp, line 516]
Event: 7,972 Thread 0x00007fa204001030 Exception <a 'sun/nio/fs/UnixException'{0x00000000eb220b10}> (0x00000000eb220b10) 
thrown [src/hotspot/share/prims/jni.cpp, line 516]
Event: 7,972 Thread 0x00007fa204001030 Exception <a 'sun/nio/fs/UnixException'{0x00000000eb24ec60}> (0x00000000eb24ec60) 
thrown [src/hotspot/share/prims/jni.cpp, line 516]
Event: 7,972 Thread 0x00007fa204001030 Exception <a 'sun/nio/fs/UnixException'{0x00000000eb24ff88}> (0x00000000eb24ff88) 
thrown [src/hotspot/share/prims/jni.cpp, line 516]
Event: 7,972 Thread 0x00007fa204001030 Exception <a 'sun/nio/fs/UnixException'{0x00000000eb2512e8}> (0x00000000eb2512e8) 
thrown [src/hotspot/share/prims/jni.cpp, line 516]
Event: 7,972 Thread 0x00007fa204001030 Exception <a 'sun/nio/fs/UnixException'{0x00000000eb252570}> (0x00000000eb252570) 
thrown [src/hotspot/share/prims/jni.cpp, line 516]
Event: 7,972 Thread 0x00007fa204001030 Exception <a 'sun/nio/fs/UnixException'{0x00000000eb2537c0}> (0x00000000eb2537c0) 
thrown [src/hotspot/share/prims/jni.cpp, line 516]
Event: 7,972 Thread 0x00007fa204001030 Exception <a 'sun/nio/fs/UnixException'{0x00000000eb2540e0}> (0x00000000eb2540e0) 
thrown [src/hotspot/share/prims/jni.cpp, line 516]
Event: 7,973 Thread 0x00007fa204001030 Exception <a 'sun/nio/fs/UnixException'{0x00000000eb255a50}> (0x00000000eb255a50) 
thrown [src/hotspot/share/prims/jni.cpp, line 516]
Event: 7,973 Thread 0x00007fa204001030 Exception <a 'sun/nio/fs/UnixException'{0x00000000eb256d30}> (0x00000000eb256d30) 
thrown [src/hotspot/share/prims/jni.cpp, line 516]
Event: 7,973 Thread 0x00007fa204001030 Exception <a 'sun/nio/fs/UnixException'{0x00000000eb258038}> (0x00000000eb258038) 
thrown [src/hotspot/share/prims/jni.cpp, line 516]
Event: 8,027 Thread 0x00007fa2985561e0 Implicit null exception at 0x00007fa2ee238a4f to 0x00007fa2ee238b60
Event: 8,953 Thread 0x00007fa2985561e0 Implicit null exception at 0x00007fa2ee2ce3cd to 0x00007fa2ee2d7c54

VM Operations (20 events):
Event: 10,273 Executing VM operation: ParallelGCFailedAllocation done
Event: 10,304 Executing VM operation: ParallelGCFailedAllocation
Event: 10,308 Executing VM operation: ParallelGCFailedAllocation done
Event: 10,338 Executing VM operation: ParallelGCFailedAllocation
Event: 10,342 Executing VM operation: ParallelGCFailedAllocation done
Event: 10,369 Executing VM operation: ParallelGCFailedAllocation
Event: 10,373 Executing VM operation: ParallelGCFailedAllocation done
Event: 10,405 Executing VM operation: ParallelGCFailedAllocation
Event: 10,408 Executing VM operation: ParallelGCFailedAllocation done
Event: 10,442 Executing VM operation: ParallelGCFailedAllocation
Event: 10,447 Executing VM operation: ParallelGCFailedAllocation done
Event: 10,477 Executing VM operation: ParallelGCFailedAllocation
Event: 10,480 Executing VM operation: ParallelGCFailedAllocation done
Event: 10,501 Executing VM operation: ParallelGCFailedAllocation
Event: 10,505 Executing VM operation: ParallelGCFailedAllocation done
Event: 10,515 Executing VM operation: ParallelGCFailedAllocation
Event: 10,519 Executing VM operation: ParallelGCFailedAllocation done
Event: 10,532 Executing VM operation: ParallelGCFailedAllocation
Event: 10,535 Executing VM operation: ParallelGCFailedAllocation done
Event: 10,773 Executing VM operation: ParallelGCFailedAllocation

Events (20 events):
Event: 9,841 Thread 0x00007fa2f8259a30 flushing nmethod 0x00007fa2e771a090
Event: 9,841 Thread 0x00007fa2f8259a30 flushing nmethod 0x00007fa2e771bf10
Event: 9,841 Thread 0x00007fa2f8259a30 flushing nmethod 0x00007fa2e771c610
Event: 9,841 Thread 0x00007fa2f8259a30 flushing nmethod 0x00007fa2e7722d90
Event: 9,841 Thread 0x00007fa2f8259a30 flushing nmethod 0x00007fa2e7723a10
Event: 9,841 Thread 0x00007fa2f8259a30 flushing nmethod 0x00007fa2e7727490
Event: 9,841 Thread 0x00007fa2f8259a30 flushing nmethod 0x00007fa2e772c790
Event: 9,841 Thread 0x00007fa2f8259a30 flushing nmethod 0x00007fa2e7731190
Event: 9,841 Thread 0x00007fa2f8259a30 flushing nmethod 0x00007fa2e7733790
Event: 9,841 Thread 0x00007fa2f8259a30 flushing nmethod 0x00007fa2e7735c90
Event: 9,841 Thread 0x00007fa2f8259a30 flushing nmethod 0x00007fa2e7740990
Event: 9,841 Thread 0x00007fa2f8259a30 flushing nmethod 0x00007fa2e774ae10
Event: 9,841 Thread 0x00007fa2f8259a30 flushing nmethod 0x00007fa2e774ca90
Event: 9,841 Thread 0x00007fa2f8259a30 flushing nmethod 0x00007fa2e7750b90
Event: 9,841 Thread 0x00007fa2f8259a30 flushing nmethod 0x00007fa2e7757a90
Event: 9,841 Thread 0x00007fa2f8259a30 flushing nmethod 0x00007fa2e7758a90
Event: 10,319 Thread 0x00007fa2b861acd0 Thread exited: 0x00007fa2b861acd0
Event: 10,544 Thread 0x00007fa2b8616440 Thread exited: 0x00007fa2b8616440
Event: 10,635 Thread 0x00007fa2c446cf30 Thread added: 0x00007fa2c446cf30
Event: 10,635 Protecting memory [0x00007fa2493f7000,0x00007fa2493fb000] with protection modes 0


Dynamic libraries:
c0000000-d5d80000 rw-p 00000000 00:00 0 
d5d80000-eab00000 ---p 00000000 00:00 0 
eab00000-f0380000 rw-p 00000000 00:00 0 
f0380000-100000000 ---p 00000000 00:00 0 
100000000-100020000 rw-p 00000000 00:00 0 
100020000-100040000 rw-p 00000000 00:00 0 
100040000-100100000 rw-p 00000000 00:00 0 
100100000-100160000 rw-p 00000000 00:00 0 
100160000-1001c0000 rw-p 00000000 00:00 0 
1001c0000-100300000 rw-p 00000000 00:00 0 
100300000-100460000 rw-p 00000000 00:00 0 
100460000-100480000 rw-p 00000000 00:00 0 
100480000-100740000 rw-p 00000000 00:00 0 
100740000-100780000 rw-p 00000000 00:00 0 
100780000-1007e0000 rw-p 00000000 00:00 0 
1007e0000-140000000 ---p 00000000 00:00 0 
55c0780d4000-55c0780d5000 r-xp 00000000 103:06 1846999                   /home/artur/.vscode/extensions/redhat.java-1.5.0-linux-x64/jre/17.0.2-linux-x86_64/bin/java
55c0782d5000-55c0782d6000 r--p 00001000 103:06 1846999                   /home/artur/.vscode/extensions/redhat.java-1.5.0-linux-x64/jre/17.0.2-linux-x86_64/bin/java
55c0782d6000-55c0782d7000 rw-p 00002000 103:06 1846999                   /home/artur/.vscode/extensions/redhat.java-1.5.0-linux-x64/jre/17.0.2-linux-x86_64/bin/java
55c079e83000-55c079ea4000 rw-p 00000000 00:00 0                          [heap]
7fa1f4000000-7fa1f5f12000 rw-p 00000000 00:00 0 
7fa1f5f12000-7fa1f8000000 ---p 00000000 00:00 0 
7fa1fc000000-7fa1fc021000 rw-p 00000000 00:00 0 
7fa1fc021000-7fa200000000 ---p 00000000 00:00 0 
7fa200000000-7fa201cfd000 rw-p 00000000 00:00 0 
7fa201cfd000-7fa204000000 ---p 00000000 00:00 0 
7fa204000000-7fa204021000 rw-p 00000000 00:00 0 
7fa204021000-7fa208000000 ---p 00000000 00:00 0 
7fa208000000-7fa208021000 rw-p 00000000 00:00 0 
7fa208021000-7fa20c000000 ---p 00000000 00:00 0 
7fa20c000000-7fa20c021000 rw-p 00000000 00:00 0 
7fa20c021000-7fa210000000 ---p 00000000 00:00 0 
7fa210000000-7fa210021000 rw-p 00000000 00:00 0 
7fa210021000-7fa214000000 ---p 00000000 00:00 0 
7fa214000000-7fa21402e000 rw-p 00000000 00:00 0 
7fa21402e000-7fa218000000 ---p 00000000 00:00 0 
7fa218000000-7fa218021000 rw-p 00000000 00:00 0 
7fa218021000-7fa21c000000 ---p 00000000 00:00 0 
7fa21c000000-7fa21c021000 rw-p 00000000 00:00 0 
7fa21c021000-7fa220000000 ---p 00000000 00:00 0 
7fa220000000-7fa22016c000 rw-p 00000000 00:00 0 
7fa22016c000-7fa224000000 ---p 00000000 00:00 0 
7fa224000000-7fa224021000 rw-p 00000000 00:00 0 
7fa224021000-7fa228000000 ---p 00000000 00:00 0 
7fa228000000-7fa2281b2000 rw-p 00000000 00:00 0 
7fa2281b2000-7fa22c000000 ---p 00000000 00:00 0 
7fa22c000000-7fa22c258000 rw-p 00000000 00:00 0 
7fa22c258000-7fa230000000 ---p 00000000 00:00 0 
7fa230000000-7fa230104000 rw-p 00000000 00:00 0 
7fa230104000-7fa234000000 ---p 00000000 00:00 0 
7fa234000000-7fa234021000 rw-p 00000000 00:00 0 
7fa234021000-7fa238000000 ---p 00000000 00:00 0 
7fa23b83d000-7fa244000000 r--s 00000000 103:06 2950280                   /usr/lib/jvm/java-11-openjdk-amd64/lib/modules
7fa244000000-7fa245282000 rw-p 00000000 00:00 0 
7fa245282000-7fa248000000 ---p 00000000 00:00 0 
7fa2492f6000-7fa2492fa000 ---p 00000000 00:00 0 
7fa2492fa000-7fa2493f7000 rw-p 00000000 00:00 0 
7fa2493f7000-7fa2493fb000 ---p 00000000 00:00 0 
7fa2493fb000-7fa2494f8000 rw-p 00000000 00:00 0 
7fa2494f8000-7fa2494fc000 ---p 00000000 00:00 0 
7fa2494fc000-7fa2495f9000 rw-p 00000000 00:00 0 
7fa2495f9000-7fa2495fd000 ---p 00000000 00:00 0 
7fa2495fd000-7fa2496fa000 rw-p 00000000 00:00 0 
7fa2496fa000-7fa2496fe000 ---p 00000000 00:00 0 
7fa2496fe000-7fa2497fb000 rw-p 00000000 00:00 0 
7fa2497fb000-7fa2497ff000 ---p 00000000 00:00 0 
7fa2497ff000-7fa2498fc000 rw-p 00000000 00:00 0 
7fa2498fc000-7fa249900000 ---p 00000000 00:00 0 
7fa249900000-7fa2499fd000 rw-p 00000000 00:00 0 
7fa2499fd000-7fa2499ff000 r-xp 00000000 103:06 1862633                   /home/artur/.vscode/extensions/redhat.java-1.5.0-linux-x64/jre/17.0.2-linux-x86_64/lib/libextnet.so
7fa2499ff000-7fa249bfe000 ---p 00002000 103:06 1862633                   /home/artur/.vscode/extensions/redhat.java-1.5.0-linux-x64/jre/17.0.2-linux-x86_64/lib/libextnet.so
7fa249bfe000-7fa249bff000 r--p 00001000 103:06 1862633                   /home/artur/.vscode/extensions/redhat.java-1.5.0-linux-x64/jre/17.0.2-linux-x86_64/lib/libextnet.so
7fa249bff000-7fa249c00000 rw-p 00002000 103:06 1862633                   /home/artur/.vscode/extensions/redhat.java-1.5.0-linux-x64/jre/17.0.2-linux-x86_64/lib/libextnet.so
7fa249c00000-7fa249d00000 rw-p 00000000 00:00 0 
7fa249d00000-7fa249df0000 rw-p 00000000 00:00 0 
7fa249df0000-7fa249e00000 ---p 00000000 00:00 0 
7fa249e00000-7fa24a080000 rw-p 00000000 00:00 0 
7fa24a080000-7fa24a400000 ---p 00000000 00:00 0 
7fa24a4fd000-7fa24a501000 ---p 00000000 00:00 0 
7fa24a501000-7fa24a5fe000 rw-p 00000000 00:00 0 
7fa24a5fe000-7fa24a602000 ---p 00000000 00:00 0 
7fa24a602000-7fa24a6ff000 rw-p 00000000 00:00 0 
7fa24a6ff000-7fa24a703000 ---p 00000000 00:00 0 
7fa24a703000-7fa24ab80000 rw-p 00000000 00:00 0 
7fa24ab80000-7fa24ac00000 rw-p 00000000 00:00 0 
7fa24ac00000-7fa24ad80000 rw-p 00000000 00:00 0 
7fa24ad80000-7fa24ae00000 rw-p 00000000 00:00 0 
7fa24ae00000-7fa24aee0000 rw-p 00000000 00:00 0 
7fa24aee0000-7fa24af00000 rw-p 00000000 00:00 0 
7fa24af00000-7fa24b000000 rw-p 00000000 00:00 0 
7fa24b0fd000-7fa24b101000 ---p 00000000 00:00 0 
7fa24b101000-7fa24b1fe000 rw-p 00000000 00:00 0 
7fa24b1fe000-7fa24b202000 ---p 00000000 00:00 0 
7fa24b202000-7fa24b2ff000 rw-p 00000000 00:00 0 
7fa24b2ff000-7fa24b303000 ---p 00000000 00:00 0 
7fa24b303000-7fa24b5c0000 rw-p 00000000 00:00 0 
7fa24b5c0000-7fa24b600000 rw-p 00000000 00:00 0 
7fa24b600000-7fa24bbe0000 rw-p 00000000 00:00 0 
7fa24bbe0000-7fa24bc00000 rw-p 00000000 00:00 0 
7fa24bcfd000-7fa24bd01000 ---p 00000000 00:00 0 
7fa24bd01000-7fa24bdfe000 rw-p 00000000 00:00 0 
7fa24bdfe000-7fa24be02000 ---p 00000000 00:00 0 
7fa24be02000-7fa24beff000 rw-p 00000000 00:00 0 
7fa24beff000-7fa24bf03000 ---p 00000000 00:00 0 
7fa24bf03000-7fa24c000000 rw-p 00000000 00:00 0 
7fa24c000000-7fa24c021000 rw-p 00000000 00:00 0 
7fa24c021000-7fa250000000 ---p 00000000 00:00 0 
7fa250000000-7fa25021f000 rw-p 00000000 00:00 0 
7fa25021f000-7fa254000000 ---p 00000000 00:00 0 
7fa254000000-7fa25403c000 rw-p 00000000 00:00 0 
7fa25403c000-7fa258000000 ---p 00000000 00:00 0 
7fa258000000-7fa25819c000 rw-p 00000000 00:00 0 
7fa25819c000-7fa25c000000 ---p 00000000 00:00 0 
7fa25c000000-7fa25c021000 rw-p 00000000 00:00 0 
7fa25c021000-7fa260000000 ---p 00000000 00:00 0 
7fa260000000-7fa260021000 rw-p 00000000 00:00 0 
7fa260021000-7fa264000000 ---p 00000000 00:00 0 
7fa264000000-7fa264663000 rw-p 00000000 00:00 0 
7fa264663000-7fa268000000 ---p 00000000 00:00 0 
7fa268000000-7fa268021000 rw-p 00000000 00:00 0 
7fa268021000-7fa26c000000 ---p 00000000 00:00 0 
7fa26c000000-7fa26c021000 rw-p 00000000 00:00 0 
7fa26c021000-7fa270000000 ---p 00000000 00:00 0 
7fa270000000-7fa2700c1000 rw-p 00000000 00:00 0 
7fa2700c1000-7fa274000000 ---p 00000000 00:00 0 
7fa274000000-7fa274021000 rw-p 00000000 00:00 0 
7fa274021000-7fa278000000 ---p 00000000 00:00 0 
7fa278000000-7fa27846f000 rw-p 00000000 00:00 0 
7fa27846f000-7fa27c000000 ---p 00000000 00:00 0 
7fa27c000000-7fa27c021000 rw-p 00000000 00:00 0 
7fa27c021000-7fa280000000 ---p 00000000 00:00 0 
7fa280000000-7fa280021000 rw-p 00000000 00:00 0 
7fa280021000-7fa284000000 ---p 00000000 00:00 0 
7fa284000000-7fa284021000 rw-p 00000000 00:00 0 
7fa284021000-7fa288000000 ---p 00000000 00:00 0 
7fa288000000-7fa2883f5000 rw-p 00000000 00:00 0 
7fa2883f5000-7fa28c000000 ---p 00000000 00:00 0 
7fa28c000000-7fa28c021000 rw-p 00000000 00:00 0 
7fa28c021000-7fa290000000 ---p 00000000 00:00 0 
7fa290000000-7fa290021000 rw-p 00000000 00:00 0 
7fa290021000-7fa294000000 ---p 00000000 00:00 0 
7fa294000000-7fa294021000 rw-p 00000000 00:00 0 
7fa294021000-7fa298000000 ---p 00000000 00:00 0 
7fa298000000-7fa298934000 rw-p 00000000 00:00 0 
7fa298934000-7fa29c000000 ---p 00000000 00:00 0 
7fa29c000000-7fa29c021000 rw-p 00000000 00:00 0 
7fa29c021000-7fa2a0000000 ---p 00000000 00:00 0 
7fa2a0000000-7fa2a0021000 rw-p 00000000 00:00 0 
7fa2a0021000-7fa2a4000000 ---p 00000000 00:00 0 
7fa2a4000000-7fa2a4fbf000 rw-p 00000000 00:00 0 
7fa2a4fbf000-7fa2a8000000 ---p 00000000 00:00 0 
7fa2a8000000-7fa2a8021000 rw-p 00000000 00:00 0 
7fa2a8021000-7fa2ac000000 ---p 00000000 00:00 0 
7fa2ac000000-7fa2ac800000 rw-p 00000000 00:00 0 
7fa2ac800000-7fa2ac900000 rw-p 00000000 00:00 0 
7fa2ac900000-7fa2aca00000 rw-p 00000000 00:00 0 
7fa2aca00000-7fa2acb80000 rw-p 00000000 00:00 0 
7fa2acb80000-7fa2acc00000 rw-p 00000000 00:00 0 
7fa2acc00000-7fa2acf00000 rw-p 00000000 00:00 0 
7fa2acf00000-7fa2ad000000 rw-p 00000000 00:00 0 
7fa2ad0e5000-7fa2ad0e9000 ---p 00000000 00:00 0 
7fa2ad0e9000-7fa2ad1e6000 rw-p 00000000 00:00 0 
7fa2ad1e6000-7fa2ad1ea000 ---p 00000000 00:00 0 
7fa2ad1ea000-7fa2ad2e7000 rw-p 00000000 00:00 0 
7fa2ad2e7000-7fa2ad2eb000 ---p 00000000 00:00 0 
7fa2ad2eb000-7fa2ad3e8000 rw-p 00000000 00:00 0 
7fa2ad3e8000-7fa2ad3f5000 r-xp 00000000 103:06 1863154                   /home/artur/.vscode/extensions/redhat.java-1.5.0-linux-x64/jre/17.0.2-linux-x86_64/lib/libverify.so
7fa2ad3f5000-7fa2ad5f4000 ---p 0000d000 103:06 1863154                   /home/artur/.vscode/extensions/redhat.java-1.5.0-linux-x64/jre/17.0.2-linux-x86_64/lib/libverify.so
7fa2ad5f4000-7fa2ad5f6000 r--p 0000c000 103:06 1863154                   /home/artur/.vscode/extensions/redhat.java-1.5.0-linux-x64/jre/17.0.2-linux-x86_64/lib/libverify.so
7fa2ad5f6000-7fa2ad5f7000 rw-p 0000e000 103:06 1863154                   /home/artur/.vscode/extensions/redhat.java-1.5.0-linux-x64/jre/17.0.2-linux-x86_64/lib/libverify.so
7fa2ad5f7000-7fa2ad5fb000 ---p 00000000 00:00 0 
7fa2ad5fb000-7fa2ad6f8000 rw-p 00000000 00:00 0 
7fa2ad6f8000-7fa2ad6fc000 ---p 00000000 00:00 0 
7fa2ad6fc000-7fa2ad7f9000 rw-p 00000000 00:00 0 
7fa2ad7f9000-7fa2ad7fa000 ---p 00000000 00:00 0 
7fa2ad7fa000-7fa2ad8fb000 rw-p 00000000 00:00 0 
7fa2ad8fb000-7fa2ad8fc000 ---p 00000000 00:00 0 
7fa2ad8fc000-7fa2ad9fd000 rw-p 00000000 00:00 0 
7fa2ad9fd000-7fa2ad9fe000 ---p 00000000 00:00 0 
7fa2ad9fe000-7fa2adaff000 rw-p 00000000 00:00 0 
7fa2adaff000-7fa2adb03000 ---p 00000000 00:00 0 
7fa2adb03000-7fa2add00000 rw-p 00000000 00:00 0 
7fa2add00000-7fa2ade00000 rw-p 00000000 00:00 0 
7fa2ade00000-7fa2ae400000 rw-p 00000000 00:00 0 
7fa2ae4dc000-7fa2ae4e0000 ---p 00000000 00:00 0 
7fa2ae4e0000-7fa2ae5dd000 rw-p 00000000 00:00 0 
7fa2ae5dd000-7fa2ae5e1000 ---p 00000000 00:00 0 
7fa2ae5e1000-7fa2ae6de000 rw-p 00000000 00:00 0 
7fa2ae6de000-7fa2ae6e2000 ---p 00000000 00:00 0 
7fa2ae6e2000-7fa2ae7df000 rw-p 00000000 00:00 0 
7fa2ae7df000-7fa2ae7e3000 ---p 00000000 00:00 0 
7fa2ae7e3000-7fa2ae8e0000 rw-p 00000000 00:00 0 
7fa2ae8e0000-7fa2ae8f0000 r-xp 00000000 103:06 2621648                   /home/artur/.config/Code/User/globalStorage/redhat.java/1.5.0/config_linux/org.eclipse.equinox.launcher/org.eclipse.equinox.launcher.gtk.linux.x86_64_1.2.400.v20211117-0650/eclipse_11600.so
7fa2ae8f0000-7fa2aeaef000 ---p 00010000 103:06 2621648                   /home/artur/.config/Code/User/globalStorage/redhat.java/1.5.0/config_linux/org.eclipse.equinox.launcher/org.eclipse.equinox.launcher.gtk.linux.x86_64_1.2.400.v20211117-0650/eclipse_11600.so
7fa2aeaef000-7fa2aeaf0000 r--p 0000f000 103:06 2621648                   /home/artur/.config/Code/User/globalStorage/redhat.java/1.5.0/config_linux/org.eclipse.equinox.launcher/org.eclipse.equinox.launcher.gtk.linux.x86_64_1.2.400.v20211117-0650/eclipse_11600.so
7fa2aeaf0000-7fa2aeaf1000 rw-p 00010000 103:06 2621648                   /home/artur/.config/Code/User/globalStorage/redhat.java/1.5.0/config_linux/org.eclipse.equinox.launcher/org.eclipse.equinox.launcher.gtk.linux.x86_64_1.2.400.v20211117-0650/eclipse_11600.so
7fa2aeaf1000-7fa2aeaf2000 ---p 00000000 00:00 0 
7fa2aeaf2000-7fa2aebf3000 rw-p 00000000 00:00 0 
7fa2aebf3000-7fa2aebf4000 ---p 00000000 00:00 0 
7fa2aebf4000-7fa2aecf5000 rw-p 00000000 00:00 0 
7fa2aecf5000-7fa2aecf6000 ---p 00000000 00:00 0 
7fa2aecf6000-7fa2aedf7000 rw-p 00000000 00:00 0 
7fa2aedf7000-7fa2aedf8000 ---p 00000000 00:00 0 
7fa2aedf8000-7fa2aeef9000 rw-p 00000000 00:00 0 
7fa2aeef9000-7fa2aeefa000 ---p 00000000 00:00 0 
7fa2aeefa000-7fa2aeffb000 rw-p 00000000 00:00 0 
7fa2aeffb000-7fa2aeffc000 ---p 00000000 00:00 0 
7fa2aeffc000-7fa2af0fd000 rw-p 00000000 00:00 0 
7fa2af0fd000-7fa2af101000 ---p 00000000 00:00 0 
7fa2af101000-7fa2af1fe000 rw-p 00000000 00:00 0 
7fa2af1fe000-7fa2af202000 ---p 00000000 00:00 0 
7fa2af202000-7fa2af2ff000 rw-p 00000000 00:00 0 
7fa2af2ff000-7fa2af303000 ---p 00000000 00:00 0 
7fa2af303000-7fa2af500000 rw-p 00000000 00:00 0 
7fa2af500000-7fa2af700000 rw-p 00000000 00:00 0 
7fa2af700000-7fa2af800000 rw-p 00000000 00:00 0 
7fa2af800000-7fa2af900000 rw-p 00000000 00:00 0 
7fa2af900000-7fa2afa00000 rw-p 00000000 00:00 0 
7fa2afa00000-7fa2afc00000 rw-p 00000000 00:00 0 
7fa2afce9000-7fa2afced000 ---p 00000000 00:00 0 
7fa2afced000-7fa2afdea000 rw-p 00000000 00:00 0 
7fa2afdea000-7fa2afdff000 r-xp 00000000 103:06 1862964                   /home/artur/.vscode/extensions/redhat.java-1.5.0-linux-x64/jre/17.0.2-linux-x86_64/lib/libnet.so
7fa2afdff000-7fa2afffe000 ---p 00015000 103:06 1862964                   /home/artur/.vscode/extensions/redhat.java-1.5.0-linux-x64/jre/17.0.2-linux-x86_64/lib/libnet.so
7fa2afffe000-7fa2affff000 r--p 00014000 103:06 1862964                   /home/artur/.vscode/extensions/redhat.java-1.5.0-linux-x64/jre/17.0.2-linux-x86_64/lib/libnet.so
7fa2affff000-7fa2b0000000 rw-p 00015000 103:06 1862964                   /home/artur/.vscode/extensions/redhat.java-1.5.0-linux-x64/jre/17.0.2-linux-x86_64/lib/libnet.so
7fa2b0000000-7fa2b0021000 rw-p 00000000 00:00 0 
7fa2b0021000-7fa2b4000000 ---p 00000000 00:00 0 
7fa2b4000000-7fa2b4021000 rw-p 00000000 00:00 0 
7fa2b4021000-7fa2b8000000 ---p 00000000 00:00 0 
7fa2b8000000-7fa2b8d8f000 rw-p 00000000 00:00 0 
7fa2b8d8f000-7fa2bc000000 ---p 00000000 00:00 0 
7fa2bc000000-7fa2bc021000 rw-p 00000000 00:00 0 
7fa2bc021000-7fa2c0000000 ---p 00000000 00:00 0 
7fa2c0000000-7fa2c0021000 rw-p 00000000 00:00 0 
7fa2c0021000-7fa2c4000000 ---p 00000000 00:00 0 
7fa2c4000000-7fa2c6161000 rw-p 00000000 00:00 0 
7fa2c6161000-7fa2c8000000 ---p 00000000 00:00 0 
7fa2c8000000-7fa2c8021000 rw-p 00000000 00:00 0 
7fa2c8021000-7fa2cc000000 ---p 00000000 00:00 0 
7fa2cc000000-7fa2cc021000 rw-p 00000000 00:00 0 
7fa2cc021000-7fa2d0000000 ---p 00000000 00:00 0 
7fa2d0000000-7fa2d0021000 rw-p 00000000 00:00 0 
7fa2d0021000-7fa2d4000000 ---p 00000000 00:00 0 
7fa2d4000000-7fa2d4021000 rw-p 00000000 00:00 0 
7fa2d4021000-7fa2d8000000 ---p 00000000 00:00 0 
7fa2d8000000-7fa2d802c000 rw-p 00000000 00:00 0 
7fa2d802c000-7fa2dc000000 ---p 00000000 00:00 0 
7fa2dc04e000-7fa2dc060000 r-xp 00000000 103:06 1863007                   /home/artur/.vscode/extensions/redhat.java-1.5.0-linux-x64/jre/17.0.2-linux-x86_64/lib/libnio.so
7fa2dc060000-7fa2dc25f000 ---p 00012000 103:06 1863007                   /home/artur/.vscode/extensions/redhat.java-1.5.0-linux-x64/jre/17.0.2-linux-x86_64/lib/libnio.so
7fa2dc25f000-7fa2dc260000 r--p 00011000 103:06 1863007                   /home/artur/.vscode/extensions/redhat.java-1.5.0-linux-x64/jre/17.0.2-linux-x86_64/lib/libnio.so
7fa2dc260000-7fa2dc261000 rw-p 00012000 103:06 1863007                   /home/artur/.vscode/extensions/redhat.java-1.5.0-linux-x64/jre/17.0.2-linux-x86_64/lib/libnio.so
7fa2dc261000-7fa2dc262000 ---p 00000000 00:00 0 
7fa2dc262000-7fa2dc363000 rw-p 00000000 00:00 0 
7fa2dc363000-7fa2dc367000 ---p 00000000 00:00 0 
7fa2dc367000-7fa2dc464000 rw-p 00000000 00:00 0 
7fa2dc464000-7fa2dc468000 ---p 00000000 00:00 0 
7fa2dc468000-7fa2dc565000 rw-p 00000000 00:00 0 
7fa2dc565000-7fa2dc569000 ---p 00000000 00:00 0 
7fa2dc569000-7fa2dc666000 rw-p 00000000 00:00 0 
7fa2dc666000-7fa2dc66a000 ---p 00000000 00:00 0 
7fa2dc66a000-7fa2dc767000 rw-p 00000000 00:00 0 
7fa2dc767000-7fa2dc76b000 ---p 00000000 00:00 0 
7fa2dc76b000-7fa2dc868000 rw-p 00000000 00:00 0 
7fa2dc868000-7fa2dc86c000 ---p 00000000 00:00 0 
7fa2dc86c000-7fa2dc969000 rw-p 00000000 00:00 0 
7fa2dc969000-7fa2dc96d000 ---p 00000000 00:00 0 
7fa2dc96d000-7fa2dca6a000 rw-p 00000000 00:00 0 
7fa2dca6a000-7fa2dca6e000 ---p 00000000 00:00 0 
7fa2dca6e000-7fa2dcb6b000 rw-p 00000000 00:00 0 
7fa2dcb6b000-7fa2dd0dc000 r--p 00000000 103:06 2889073                   /usr/lib/locale/locale-archive
7fa2dd0dc000-7fa2dd0e0000 ---p 00000000 00:00 0 
7fa2dd0e0000-7fa2dd1dd000 rw-p 00000000 00:00 0 
7fa2dd1dd000-7fa2dd1e1000 ---p 00000000 00:00 0 
7fa2dd1e1000-7fa2dd2de000 rw-p 00000000 00:00 0 
7fa2dd2de000-7fa2dd2df000 ---p 00000000 00:00 0 
7fa2dd2df000-7fa2df800000 rw-p 00000000 00:00 0 
7fa2df800000-7fa2df820000 rw-p 00000000 00:00 0 
7fa2df820000-7fa2df840000 rw-p 00000000 00:00 0 
7fa2df840000-7fa2df880000 rw-p 00000000 00:00 0 
7fa2df880000-7fa2df900000 rw-p 00000000 00:00 0 
7fa2df900000-7fa2dfb00000 rw-p 00000000 00:00 0 
7fa2dfb00000-7fa2dfb40000 rw-p 00000000 00:00 0 
7fa2dfb40000-7fa2dfb80000 rw-p 00000000 00:00 0 
7fa2dfb80000-7fa2dfc00000 rw-p 00000000 00:00 0 
7fa2dfc75000-7fa2dfd76000 rw-p 00000000 00:00 0 
7fa2dfd76000-7fa2dfd7d000 r-xp 00000000 103:06 1863340                   /home/artur/.vscode/extensions/redhat.java-1.5.0-linux-x64/jre/17.0.2-linux-x86_64/lib/libzip.so
7fa2dfd7d000-7fa2dff7d000 ---p 00007000 103:06 1863340                   /home/artur/.vscode/extensions/redhat.java-1.5.0-linux-x64/jre/17.0.2-linux-x86_64/lib/libzip.so
7fa2dff7d000-7fa2dff7e000 r--p 00007000 103:06 1863340                   /home/artur/.vscode/extensions/redhat.java-1.5.0-linux-x64/jre/17.0.2-linux-x86_64/lib/libzip.so
7fa2dff7e000-7fa2dff7f000 rw-p 00008000 103:06 1863340                   /home/artur/.vscode/extensions/redhat.java-1.5.0-linux-x64/jre/17.0.2-linux-x86_64/lib/libzip.so
7fa2dff7f000-7fa2e0000000 rw-p 00000000 00:00 0 
7fa2e0000000-7fa2e0021000 rw-p 00000000 00:00 0 
7fa2e0021000-7fa2e4000000 ---p 00000000 00:00 0 
7fa2e404f000-7fa2e6359000 rw-p 00000000 00:00 0 
7fa2e6359000-7fa2e6400000 ---p 00000000 00:00 0 
7fa2e6400000-7fa2e6670000 rwxp 00000000 00:00 0 
7fa2e6670000-7fa2e6992000 ---p 00000000 00:00 0 
7fa2e6992000-7fa2e7782000 rwxp 00000000 00:00 0 
7fa2e7782000-7fa2edec9000 ---p 00000000 00:00 0 
7fa2edec9000-7fa2ee359000 rwxp 00000000 00:00 0 
7fa2ee359000-7fa2f5400000 ---p 00000000 00:00 0 
7fa2f5400000-7fa2f8000000 r--s 00000000 103:06 1863356                   /home/artur/.vscode/extensions/redhat.java-1.5.0-linux-x64/jre/17.0.2-linux-x86_64/lib/modules
7fa2f8000000-7fa2f86b0000 rw-p 00000000 00:00 0 
7fa2f86b0000-7fa2fc000000 ---p 00000000 00:00 0 
7fa2fc004000-7fa2fc008000 ---p 00000000 00:00 0 
7fa2fc008000-7fa2fc07b000 rw-p 00000000 00:00 0 
7fa2fc07b000-7fa2fc07c000 ---p 00000000 00:00 0 
7fa2fc07c000-7fa2fc22c000 rw-p 00000000 00:00 0 
7fa2fc22c000-7fa2fc2d2000 ---p 00000000 00:00 0 
7fa2fc2d2000-7fa2fc2ff000 rw-p 00000000 00:00 0 
7fa2fc2ff000-7fa2fc37d000 ---p 00000000 00:00 0 
7fa2fc37d000-7fa2fc388000 rw-p 00000000 00:00 0 
7fa2fc388000-7fa2fc469000 ---p 00000000 00:00 0 
7fa2fc469000-7fa2fc485000 rw-p 00000000 00:00 0 
7fa2fc485000-7fa2fc554000 ---p 00000000 00:00 0 
7fa2fc554000-7fa2fc578000 r-xp 00000000 103:06 1862758                   /home/artur/.vscode/extensions/redhat.java-1.5.0-linux-x64/jre/17.0.2-linux-x86_64/lib/libjava.so
7fa2fc578000-7fa2fc778000 ---p 00024000 103:06 1862758                   /home/artur/.vscode/extensions/redhat.java-1.5.0-linux-x64/jre/17.0.2-linux-x86_64/lib/libjava.so
7fa2fc778000-7fa2fc779000 r--p 00024000 103:06 1862758                   /home/artur/.vscode/extensions/redhat.java-1.5.0-linux-x64/jre/17.0.2-linux-x86_64/lib/libjava.so
7fa2fc779000-7fa2fc77a000 rw-p 00025000 103:06 1862758                   /home/artur/.vscode/extensions/redhat.java-1.5.0-linux-x64/jre/17.0.2-linux-x86_64/lib/libjava.so
7fa2fc77a000-7fa2fc77b000 rw-p 00000000 00:00 0 
7fa2fc77b000-7fa2fc77e000 r--p 00000000 103:06 3673747                   /lib/x86_64-linux-gnu/libnss_files-2.31.so
7fa2fc77e000-7fa2fc785000 r-xp 00003000 103:06 3673747                   /lib/x86_64-linux-gnu/libnss_files-2.31.so
7fa2fc785000-7fa2fc787000 r--p 0000a000 103:06 3673747                   /lib/x86_64-linux-gnu/libnss_files-2.31.so
7fa2fc787000-7fa2fc788000 r--p 0000b000 103:06 3673747                   /lib/x86_64-linux-gnu/libnss_files-2.31.so
7fa2fc788000-7fa2fc789000 rw-p 0000c000 103:06 3673747                   /lib/x86_64-linux-gnu/libnss_files-2.31.so
7fa2fc789000-7fa2fc78f000 rw-p 00000000 00:00 0 
7fa2fc78f000-7fa2fc793000 r--p 00000000 103:06 3673741                   /lib/x86_64-linux-gnu/libnsl-2.31.so
7fa2fc793000-7fa2fc7a3000 r-xp 00004000 103:06 3673741                   /lib/x86_64-linux-gnu/libnsl-2.31.so
7fa2fc7a3000-7fa2fc7a8000 r--p 00014000 103:06 3673741                   /lib/x86_64-linux-gnu/libnsl-2.31.so
7fa2fc7a8000-7fa2fc7a9000 r--p 00018000 103:06 3673741                   /lib/x86_64-linux-gnu/libnsl-2.31.so
7fa2fc7a9000-7fa2fc7aa000 rw-p 00019000 103:06 3673741                   /lib/x86_64-linux-gnu/libnsl-2.31.so
7fa2fc7aa000-7fa2fc7ac000 rw-p 00000000 00:00 0 
7fa2fc7ad000-7fa2fc7b4000 r--s 00000000 103:06 3147724                   /usr/lib/x86_64-linux-gnu/gconv/gconv-modules.cache
7fa2fc7b4000-7fa2fc7b9000 rw-p 00000000 00:00 0 
7fa2fc7b9000-7fa2fc7c0000 ---p 00000000 00:00 0 
7fa2fc7c0000-7fa2fc7c8000 rw-s 00000000 103:06 3803864                   /tmp/hsperfdata_artur/58613
7fa2fc7c8000-7fa2fc7e3000 r-xp 00000000 103:06 1862785                   /home/artur/.vscode/extensions/redhat.java-1.5.0-linux-x64/jre/17.0.2-linux-x86_64/lib/libjimage.so
7fa2fc7e3000-7fa2fc9e2000 ---p 0001b000 103:06 1862785                   /home/artur/.vscode/extensions/redhat.java-1.5.0-linux-x64/jre/17.0.2-linux-x86_64/lib/libjimage.so
7fa2fc9e2000-7fa2fc9e4000 r--p 0001a000 103:06 1862785                   /home/artur/.vscode/extensions/redhat.java-1.5.0-linux-x64/jre/17.0.2-linux-x86_64/lib/libjimage.so
7fa2fc9e4000-7fa2fc9e5000 rw-p 0001c000 103:06 1862785                   /home/artur/.vscode/extensions/redhat.java-1.5.0-linux-x64/jre/17.0.2-linux-x86_64/lib/libjimage.so
7fa2fc9e5000-7fa2fc9e9000 ---p 00000000 00:00 0 
7fa2fc9e9000-7fa2fcae6000 rw-p 00000000 00:00 0 
7fa2fcae6000-7fa2fcaf3000 r--p 00000000 103:06 3673735                   /lib/x86_64-linux-gnu/libm-2.31.so
7fa2fcaf3000-7fa2fcb9a000 r-xp 0000d000 103:06 3673735                   /lib/x86_64-linux-gnu/libm-2.31.so
7fa2fcb9a000-7fa2fcc33000 r--p 000b4000 103:06 3673735                   /lib/x86_64-linux-gnu/libm-2.31.so
7fa2fcc33000-7fa2fcc34000 r--p 0014c000 103:06 3673735                   /lib/x86_64-linux-gnu/libm-2.31.so
7fa2fcc34000-7fa2fcc35000 rw-p 0014d000 103:06 3673735                   /lib/x86_64-linux-gnu/libm-2.31.so
7fa2fcc35000-7fa2fcc37000 r--p 00000000 103:06 3673760                   /lib/x86_64-linux-gnu/librt-2.31.so
7fa2fcc37000-7fa2fcc3b000 r-xp 00002000 103:06 3673760                   /lib/x86_64-linux-gnu/librt-2.31.so
7fa2fcc3b000-7fa2fcc3d000 r--p 00006000 103:06 3673760                   /lib/x86_64-linux-gnu/librt-2.31.so
7fa2fcc3d000-7fa2fcc3e000 r--p 00007000 103:06 3673760                   /lib/x86_64-linux-gnu/librt-2.31.so
7fa2fcc3e000-7fa2fcc3f000 rw-p 00008000 103:06 3673760                   /lib/x86_64-linux-gnu/librt-2.31.so
7fa2fcc3f000-7fa2fdf23000 r-xp 00000000 103:06 1863417                   /home/artur/.vscode/extensions/redhat.java-1.5.0-linux-x64/jre/17.0.2-linux-x86_64/lib/server/libjvm.so
7fa2fdf23000-7fa2fe123000 ---p 012e4000 103:06 1863417                   /home/artur/.vscode/extensions/redhat.java-1.5.0-linux-x64/jre/17.0.2-linux-x86_64/lib/server/libjvm.so
7fa2fe123000-7fa2fe1dc000 r--p 012e4000 103:06 1863417                   /home/artur/.vscode/extensions/redhat.java-1.5.0-linux-x64/jre/17.0.2-linux-x86_64/lib/server/libjvm.so
7fa2fe1dc000-7fa2fe211000 rw-p 0139d000 103:06 1863417                   /home/artur/.vscode/extensions/redhat.java-1.5.0-linux-x64/jre/17.0.2-linux-x86_64/lib/server/libjvm.so
7fa2fe211000-7fa2fe26c000 rw-p 00000000 00:00 0 
7fa2fe26c000-7fa2fe28e000 r--p 00000000 103:06 3673731                   /lib/x86_64-linux-gnu/libc-2.31.so
7fa2fe28e000-7fa2fe406000 r-xp 00022000 103:06 3673731                   /lib/x86_64-linux-gnu/libc-2.31.so
7fa2fe406000-7fa2fe454000 r--p 0019a000 103:06 3673731                   /lib/x86_64-linux-gnu/libc-2.31.so
7fa2fe454000-7fa2fe458000 r--p 001e7000 103:06 3673731                   /lib/x86_64-linux-gnu/libc-2.31.so
7fa2fe458000-7fa2fe45a000 rw-p 001eb000 103:06 3673731                   /lib/x86_64-linux-gnu/libc-2.31.so
7fa2fe45a000-7fa2fe45e000 rw-p 00000000 00:00 0 
7fa2fe45e000-7fa2fe45f000 r--p 00000000 103:06 3673733                   /lib/x86_64-linux-gnu/libdl-2.31.so
7fa2fe45f000-7fa2fe461000 r-xp 00001000 103:06 3673733                   /lib/x86_64-linux-gnu/libdl-2.31.so
7fa2fe461000-7fa2fe462000 r--p 00003000 103:06 3673733                   /lib/x86_64-linux-gnu/libdl-2.31.so
7fa2fe462000-7fa2fe463000 r--p 00003000 103:06 3673733                   /lib/x86_64-linux-gnu/libdl-2.31.so
7fa2fe463000-7fa2fe464000 rw-p 00004000 103:06 3673733                   /lib/x86_64-linux-gnu/libdl-2.31.so
7fa2fe464000-7fa2fe46a000 r--p 00000000 103:06 3673757                   /lib/x86_64-linux-gnu/libpthread-2.31.so
7fa2fe46a000-7fa2fe47b000 r-xp 00006000 103:06 3673757                   /lib/x86_64-linux-gnu/libpthread-2.31.so
7fa2fe47b000-7fa2fe481000 r--p 00017000 103:06 3673757                   /lib/x86_64-linux-gnu/libpthread-2.31.so
7fa2fe481000-7fa2fe482000 r--p 0001c000 103:06 3673757                   /lib/x86_64-linux-gnu/libpthread-2.31.so
7fa2fe482000-7fa2fe483000 rw-p 0001d000 103:06 3673757                   /lib/x86_64-linux-gnu/libpthread-2.31.so
7fa2fe483000-7fa2fe487000 rw-p 00000000 00:00 0 
7fa2fe487000-7fa2fe496000 r-xp 00000000 103:06 1862816                   /home/artur/.vscode/extensions/redhat.java-1.5.0-linux-x64/jre/17.0.2-linux-x86_64/lib/libjli.so
7fa2fe496000-7fa2fe696000 ---p 0000f000 103:06 1862816                   /home/artur/.vscode/extensions/redhat.java-1.5.0-linux-x64/jre/17.0.2-linux-x86_64/lib/libjli.so
7fa2fe696000-7fa2fe697000 r--p 0000f000 103:06 1862816                   /home/artur/.vscode/extensions/redhat.java-1.5.0-linux-x64/jre/17.0.2-linux-x86_64/lib/libjli.so
7fa2fe697000-7fa2fe698000 rw-p 00010000 103:06 1862816                   /home/artur/.vscode/extensions/redhat.java-1.5.0-linux-x64/jre/17.0.2-linux-x86_64/lib/libjli.so
7fa2fe698000-7fa2fe69a000 r--p 00000000 103:06 3672931                   /lib/x86_64-linux-gnu/libz.so.1.2.11
7fa2fe69a000-7fa2fe6ab000 r-xp 00002000 103:06 3672931                   /lib/x86_64-linux-gnu/libz.so.1.2.11
7fa2fe6ab000-7fa2fe6b1000 r--p 00013000 103:06 3672931                   /lib/x86_64-linux-gnu/libz.so.1.2.11
7fa2fe6b1000-7fa2fe6b2000 ---p 00019000 103:06 3672931                   /lib/x86_64-linux-gnu/libz.so.1.2.11
7fa2fe6b2000-7fa2fe6b3000 r--p 00019000 103:06 3672931                   /lib/x86_64-linux-gnu/libz.so.1.2.11
7fa2fe6b3000-7fa2fe6b4000 rw-p 0001a000 103:06 3672931                   /lib/x86_64-linux-gnu/libz.so.1.2.11
7fa2fe6b4000-7fa2fe6b6000 r--p 00000000 103:06 3673751                   /lib/x86_64-linux-gnu/libnss_nis-2.31.so
7fa2fe6b6000-7fa2fe6be000 r-xp 00002000 103:06 3673751                   /lib/x86_64-linux-gnu/libnss_nis-2.31.so
7fa2fe6be000-7fa2fe6c0000 r--p 0000a000 103:06 3673751                   /lib/x86_64-linux-gnu/libnss_nis-2.31.so
7fa2fe6c0000-7fa2fe6c1000 r--p 0000b000 103:06 3673751                   /lib/x86_64-linux-gnu/libnss_nis-2.31.so
7fa2fe6c1000-7fa2fe6c2000 rw-p 0000c000 103:06 3673751                   /lib/x86_64-linux-gnu/libnss_nis-2.31.so
7fa2fe6c2000-7fa2fe6c4000 r--p 00000000 103:06 3673743                   /lib/x86_64-linux-gnu/libnss_compat-2.31.so
7fa2fe6c4000-7fa2fe6cb000 r-xp 00002000 103:06 3673743                   /lib/x86_64-linux-gnu/libnss_compat-2.31.so
7fa2fe6cb000-7fa2fe6cc000 r--p 00009000 103:06 3673743                   /lib/x86_64-linux-gnu/libnss_compat-2.31.so
7fa2fe6cc000-7fa2fe6cd000 r--p 00009000 103:06 3673743                   /lib/x86_64-linux-gnu/libnss_compat-2.31.so
7fa2fe6cd000-7fa2fe6ce000 rw-p 0000a000 103:06 3673743                   /lib/x86_64-linux-gnu/libnss_compat-2.31.so
7fa2fe6ce000-7fa2fe6cf000 ---p 00000000 00:00 0 
7fa2fe6cf000-7fa2fe6d0000 r--p 00000000 00:00 0 
7fa2fe6d0000-7fa2fe6d2000 rw-p 00000000 00:00 0 
7fa2fe6d2000-7fa2fe6d3000 r--p 00000000 103:06 3673723                   /lib/x86_64-linux-gnu/ld-2.31.so
7fa2fe6d3000-7fa2fe6f6000 r-xp 00001000 103:06 3673723                   /lib/x86_64-linux-gnu/ld-2.31.so
7fa2fe6f6000-7fa2fe6fe000 r--p 00024000 103:06 3673723                   /lib/x86_64-linux-gnu/ld-2.31.so
7fa2fe6fe000-7fa2fe6ff000 ---p 00000000 00:00 0 
7fa2fe6ff000-7fa2fe700000 r--p 0002c000 103:06 3673723                   /lib/x86_64-linux-gnu/ld-2.31.so
7fa2fe700000-7fa2fe701000 rw-p 0002d000 103:06 3673723                   /lib/x86_64-linux-gnu/ld-2.31.so
7fa2fe701000-7fa2fe702000 rw-p 00000000 00:00 0 
7fff54ce7000-7fff54d09000 rw-p 00000000 00:00 0                          [stack]
7fff54d4d000-7fff54d50000 r--p 00000000 00:00 0                          [vvar]
7fff54d50000-7fff54d51000 r-xp 00000000 00:00 0                          [vdso]
ffffffffff600000-ffffffffff601000 --xp 00000000 00:00 0                  [vsyscall]


VM Arguments:
jvm_args: --add-modules=ALL-SYSTEM --add-opens=java.base/java.util=ALL-UNNAMED --add-opens=java.base/java.lang=ALL-UNNAMED --add-opens=java.base/sun.nio.fs=ALL-UNNAMED -Declipse.application=org.eclipse.jdt.ls.core.id1 -Dosgi.bundles.defaultStartLevel=4 -Declipse.product=org.eclipse.jdt.ls.core.product -Djava.import.generatesMetadataFilesAtProjectRoot=false -Dfile.encoding=utf8 -XX:+UseParallelGC -XX:GCTimeRatio=4 -XX:AdaptiveSizePolicyWeight=90 -Dsun.zip.disableMemoryMapping=true -Xmx1G -Xms100m -XX:+HeapDumpOnOutOfMemoryError -XX:HeapDumpPath=/home/artur/.config/Code/User/workspaceStorage/d6e39b932d2555773ac479df722083ba/redhat.java 
java_command: /home/artur/.vscode/extensions/redhat.java-1.5.0-linux-x64/server/plugins/org.eclipse.equinox.launcher_1.6.400.v20210924-0641.jar -configuration /home/artur/.config/Code/User/globalStorage/redhat.java/1.5.0/config_linux -data /home/artur/.config/Code/User/workspaceStorage/d6e39b932d2555773ac479df722083ba/redhat.java/jdt_ws
java_class_path (initial): /home/artur/.vscode/extensions/redhat.java-1.5.0-linux-x64/server/plugins/org.eclipse.equinox.launcher_1.6.400.v20210924-0641.jar
Launcher Type: SUN_STANDARD

[Global flags]
    uintx AdaptiveSizePolicyWeight                 = 90                                        {product} {command line}
     intx CICompilerCount                          = 4                                         {product} {ergonomic}
    uintx GCTimeRatio                              = 4                                         {product} {command line}
     bool HeapDumpOnOutOfMemoryError               = true                                   {manageable} {command line}
    ccstr HeapDumpPath                             = /home/artur/.config/Code/User/workspaceStorage/d6e39b932d2555773ac479df722083ba/redhat.java         {manageable} {command line}
   size_t InitialHeapSize                          = 104857600                                 {product} {command line}
   size_t MaxHeapSize                              = 1073741824                                {product} {command line}
   size_t MaxNewSize                               = 357564416                                 {product} {ergonomic}
   size_t MinHeapDeltaBytes                        = 524288                                    {product} {ergonomic}
   size_t MinHeapSize                              = 104857600                                 {product} {command line}
   size_t NewSize                                  = 34603008                                  {product} {ergonomic}
    uintx NonNMethodCodeHeapSize                   = 5839372                                {pd product} {ergonomic}
    uintx NonProfiledCodeHeapSize                  = 122909434                              {pd product} {ergonomic}
   size_t OldSize                                  = 70254592                                  {product} {ergonomic}
    uintx ProfiledCodeHeapSize                     = 122909434                              {pd product} {ergonomic}
    uintx ReservedCodeCacheSize                    = 251658240                              {pd product} {ergonomic}
     bool SegmentedCodeCache                       = true                                      {product} {ergonomic}
   size_t SoftMaxHeapSize                          = 1073741824                             {manageable} {ergonomic}
     bool UseCompressedClassPointers               = true                           {product lp64_product} {ergonomic}
     bool UseCompressedOops                        = true                           {product lp64_product} {ergonomic}
     bool UseParallelGC                            = true                                      {product} {command line}

Logging:
Log output configuration:
 #0: stdout all=warning uptime,level,tags
 #1: stderr all=off uptime,level,tags

Environment Variables:
JAVA_HOME=/usr/lib/jvm/java-11-openjdk-amd64
CLASSPATH=.:/usr/local/lib/antlr-4.9.2-complete.jar:/usr/local/lib/ST-4.3.1.jar:
PATH=/home/artur/.local/bin:/home/artur/.nvm/versions/node/v14.17.0/bin:/home/artur/.local/bin:/usr/local/sbin:/usr/local/bin:/usr/sbin:/usr/bin:/sbin:/bin:/usr/games:/usr/local/games:/snap/bin:/usr/lib/jvm/java-16-oracle/bin:/usr/lib/jvm/java-16-oracle/db/bin:/usr/lib/jvm/java-16-oracle/bin:/usr/lib/jvm/java-16-oracle/db/bin:/opt/bin:.:
USERNAME=artur
SHELL=/bin/bash
DISPLAY=:0
LANG=en_US.UTF-8
LC_CTYPE=pt_PT.UTF-8

Signal Handlers:
   SIGSEGV: crash_handler in libjvm.so, mask=11100100010111111101111111111110, flags=SA_RESTART|SA_SIGINFO
    SIGBUS: crash_handler in libjvm.so, mask=11100100010111111101111111111110, flags=SA_RESTART|SA_SIGINFO
    SIGFPE: crash_handler in libjvm.so, mask=11100100010111111101111111111110, flags=SA_RESTART|SA_SIGINFO
   SIGPIPE: javaSignalHandler in libjvm.so, mask=11100100010111111101111111111110, flags=SA_RESTART|SA_SIGINFO
   SIGXFSZ: javaSignalHandler in libjvm.so, mask=11100100010111111101111111111110, flags=SA_RESTART|SA_SIGINFO
    SIGILL: crash_handler in libjvm.so, mask=11100100010111111101111111111110, flags=SA_RESTART|SA_SIGINFO
   SIGUSR2: SR_handler in libjvm.so, mask=00000000000000000000000000000000, flags=SA_RESTART|SA_SIGINFO
    SIGHUP: UserHandler in libjvm.so, mask=11100100010111111101111111111110, flags=SA_RESTART|SA_SIGINFO
    SIGINT: UserHandler in libjvm.so, mask=11100100010111111101111111111110, flags=SA_RESTART|SA_SIGINFO
   SIGTERM: UserHandler in libjvm.so, mask=11100100010111111101111111111110, flags=SA_RESTART|SA_SIGINFO
   SIGQUIT: UserHandler in libjvm.so, mask=11100100010111111101111111111110, flags=SA_RESTART|SA_SIGINFO
   SIGTRAP: crash_handler in libjvm.so, mask=11100100010111111101111111111110, flags=SA_RESTART|SA_SIGINFO


---------------  S Y S T E M  ---------------

OS:
DISTRIB_ID=Ubuntu
DISTRIB_RELEASE=20.04
DISTRIB_CODENAME=focal
DISTRIB_DESCRIPTION="Ubuntu 20.04.4 LTS"
uname: Linux 5.4.0-107-generic #121-Ubuntu SMP Thu Mar 24 16:04:27 UTC 2022 x86_64
OS uptime: 0 days 5:55 hours
libc: glibc 2.31 NPTL 2.31 
rlimit (soft/hard): STACK 8192k/infinity , CORE 0k/infinity , NPROC 63159/63159 , NOFILE 1048576/1048576 , AS infinity/infinity , CPU infinity/infinity , DATA infinity/infinity , FSIZE infinity/infinity , MEMLOCK 65536k/65536k
load average: 2,32 1,45 1,23

/proc/meminfo:
MemTotal:       16231284 kB
MemFree:         2686364 kB
MemAvailable:    9140464 kB
Buffers:          774208 kB
Cached:          6621628 kB
SwapCached:            0 kB
Active:          8260572 kB
Inactive:        3832840 kB
Active(anon):    5286780 kB
Inactive(anon):   376016 kB
Active(file):    2973792 kB
Inactive(file):  3456824 kB
Unevictable:      591740 kB
Mlocked:              48 kB
SwapTotal:       2097148 kB
SwapFree:        2097148 kB
Dirty:             14820 kB
Writeback:             0 kB
AnonPages:       5289544 kB
Mapped:          1889968 kB
Shmem:            972320 kB
KReclaimable:     365532 kB
Slab:             646524 kB
SReclaimable:     365532 kB
SUnreclaim:       280992 kB
KernelStack:       25040 kB
PageTables:        65932 kB
NFS_Unstable:          0 kB
Bounce:                0 kB
WritebackTmp:          0 kB
CommitLimit:    10212788 kB
Committed_AS:   19489020 kB
VmallocTotal:   34359738367 kB
VmallocUsed:       51128 kB
VmallocChunk:          0 kB
Percpu:            17024 kB
HardwareCorrupted:     0 kB
AnonHugePages:         0 kB
ShmemHugePages:        0 kB
ShmemPmdMapped:        0 kB
FileHugePages:         0 kB
FilePmdMapped:         0 kB
CmaTotal:              0 kB
CmaFree:               0 kB
HugePages_Total:       0
HugePages_Free:        0
HugePages_Rsvd:        0
HugePages_Surp:        0
Hugepagesize:       2048 kB
Hugetlb:               0 kB
DirectMap4k:      572000 kB
DirectMap2M:    14997504 kB
DirectMap1G:     1048576 kB

/sys/kernel/mm/transparent_hugepage/enabled: always [madvise] never
/sys/kernel/mm/transparent_hugepage/defrag (defrag/compaction efforts parameter): always defer defer+madvise [madvise] never

Process Memory:
Virtual Size: 6313348K (peak: 6378856K)
Resident Set Size: 860588K (peak: 860588K) (anon: 692416K, file: 168172K, shmem: 0K)
Swapped out: 0K
C-Heap outstanding allocations: 49444K

/proc/sys/kernel/threads-max (system-wide limit on the number of threads): 126318
/proc/sys/vm/max_map_count (maximum number of memory map areas a process may have): 1048575
/proc/sys/kernel/pid_max (system-wide limit on number of process identifiers): 4194304

container (cgroup) information:
container_type: cgroupv1
cpu_cpuset_cpus: 0-11
cpu_memory_nodes: 0
active_processor_count: 12
cpu_quota: no quota
cpu_period: 100000
cpu_shares: no shares
memory_limit_in_bytes: unlimited
memory_and_swap_limit_in_bytes: not supported
memory_soft_limit_in_bytes: unlimited
memory_usage_in_bytes: 10298261504
memory_max_usage_in_bytes: 11285872640

Steal ticks since vm start: 0
Steal ticks percentage since vm start:  0,000

CPU: total 12 (initial active 12) (6 cores per cpu, 2 threads per core) family 6 model 158 stepping 13 microcode 0xea, cx8, cmov, fxsr, ht, mmx, 3dnowpref, sse, sse2, sse3, ssse3, sse4.1, sse4.2, popcnt, lzcnt, tsc, tscinvbit, avx, avx2, aes, erms, clmul, bmi1, bmi2, adx, fma, vzeroupper, clflush, clflushopt
CPU Model and flags from /proc/cpuinfo:
model name	: Intel(R) Core(TM) i7-9750H CPU @ 2.60GHz
flags		: fpu vme de pse tsc msr pae mce cx8 apic sep mtrr pge mca cmov pat pse36 clflush dts acpi mmx fxsr sse sse2 ss ht tm pbe syscall nx pdpe1gb rdtscp lm constant_tsc art arch_perfmon pebs bts rep_good nopl xtopology nonstop_tsc cpuid aperfmperf pni pclmulqdq dtes64 monitor ds_cpl vmx est tm2 ssse3 sdbg fma cx16 xtpr pdcm pcid sse4_1 sse4_2 x2apic movbe popcnt tsc_deadline_timer aes xsave avx f16c rdrand lahf_lm abm 3dnowprefetch cpuid_fault epb invpcid_single ssbd ibrs ibpb stibp ibrs_enhanced tpr_shadow vnmi flexpriority ept vpid ept_ad fsgsbase tsc_adjust bmi1 avx2 smep bmi2 erms invpcid mpx rdseed adx smap clflushopt intel_pt xsaveopt xsavec xgetbv1 xsaves dtherm ida arat pln pts hwp hwp_notify hwp_act_window hwp_epp md_clear flush_l1d arch_capabilities

Online cpus: 0-11
Offline cpus: 
BIOS frequency limitation: <Not Available>
Frequency switch latency (ns): 0
Available cpu frequencies: <Not Available>
Current governor: powersave
Core performance/turbo boost: <Not Available>

Memory: 4k page, physical 16231284k(2686364k free), swap 2097148k(2097148k free)
Page Sizes: 4k

vm_info: OpenJDK 64-Bit Server VM (17.0.2+8) for linux-amd64 JRE (17.0.2+8), built on Jan 20 2022 09:56:58 by "" with gcc 7.5.0

END.
