#
# A fatal error has been detected by the Java Runtime Environment:
#
#  SIGSEGV (0xb) at pc=0x00007fcf3eafdcfd, pid=262958, tid=262989
#
# JRE version: OpenJDK Runtime Environment (11.0.14.1+1) (build 11.0.14.1+1-Ubuntu-0ubuntu1.20.04)
# Java VM: OpenJDK 64-Bit Server VM (11.0.14.1+1-Ubuntu-0ubuntu1.20.04, mixed mode, sharing, tiered, compressed oops, g1 gc, linux-amd64)
# Problematic frame:
# V  [libjvm.so+0x791cfd]
#
# Core dump will be written. Default location: Core dumps may be processed with "/usr/share/apport/apport %p %s %c %d %P %E" (or dumping to /home/artur/Desktop/3ano/TQS/tqs_98470/lab7/lab7_1/ex1/core.262958)
#
# If you would like to submit a bug report, please visit:
#   https://bugs.launchpad.net/ubuntu/+source/openjdk-lts
#

---------------  S U M M A R Y ------------

Command Line: /home/artur/Desktop/3ano/TQS/tqs_98470/lab7/lab7_1/ex1/target/surefire/surefirebooter270928832817644219.jar /home/artur/Desktop/3ano/TQS/tqs_98470/lab7/lab7_1/ex1/target/surefire 2022-04-21T17-46-06_900-jvmRun1 surefire17315532166357936703tmp surefire_016780086738348318856tmp

Host: Intel(R) Core(TM) i7-9750H CPU @ 2.60GHz, 12 cores, 15G, Ubuntu 20.04.4 LTS
Time: Thu Apr 21 17:46:09 2022 WEST elapsed time: 2.528622 seconds (0d 0h 0m 2s)

---------------  T H R E A D  ---------------

Current thread (0x00007fcf0001e000):  GCTaskThread "GC Thread#4" [stack: 0x00007fcee35f3000,0x00007fcee36f3000] [id=262989]

Stack: [0x00007fcee35f3000,0x00007fcee36f3000],  sp=0x00007fcee36f1a00,  free space=1018k
Native frames: (J=compiled Java code, A=aot compiled Java code, j=interpreted, Vv=VM code, C=native code)
V  [libjvm.so+0x791cfd]
V  [libjvm.so+0x7acdc4]
V  [libjvm.so+0x5c146a]
V  [libjvm.so+0x78ecc9]
V  [libjvm.so+0x5c3d21]
V  [libjvm.so+0x7aeb7b]
V  [libjvm.so+0x7af20b]
V  [libjvm.so+0x75690c]
V  [libjvm.so+0xec0d1d]
V  [libjvm.so+0xe27d20]
V  [libjvm.so+0xbe64d6]


siginfo: si_signo: 11 (SIGSEGV), si_code: 1 (SEGV_MAPERR), si_addr: 0x0000000000000000

Register to memory mapping:

RAX=0x0 is NULL
RBX=0x0000000000000009 is an unknown value
RCX=0x0000000000000014 is an unknown value
RDX=0x0000000000007179 is an unknown value
RSP=0x00007fcee36f1a00 points into unknown readable memory: 0x000000000000a00a | 0a a0 00 00 00 00 00 00
RBP=0x00007fcee36f1a80 points into unknown readable memory: 0x00007fcee36f1ac0 | c0 1a 6f e3 ce 7f 00 00
RSI=0x0000000000000007 is an unknown value
RDI=0x0000000800000000 is pointing into metadata
R8 =0x000000080036b8d0 is pointing into metadata
R9 =0x000000080036b700 is pointing into metadata
R10=0x0 is NULL
R11=0x0000000000000001 is an unknown value
R12=0x00000007179bad98 points into unknown readable memory: 0x0000000000000000 | 00 00 00 00 00 00 00 00
R13=0x00007fceb4001d10 points into unknown readable memory: 0x00007fcf3f4dbfd0 | d0 bf 4d 3f cf 7f 00 00
R14=0x0000000000000009 is an unknown value
R15=0x0000000000000001 is an unknown value


Registers:
RAX=0x0000000000000000, RBX=0x0000000000000009, RCX=0x0000000000000014, RDX=0x0000000000007179
RSP=0x00007fcee36f1a00, RBP=0x00007fcee36f1a80, RSI=0x0000000000000007, RDI=0x0000000800000000
R8 =0x000000080036b8d0, R9 =0x000000080036b700, R10=0x0000000000000000, R11=0x0000000000000001
R12=0x00000007179bad98, R13=0x00007fceb4001d10, R14=0x0000000000000009, R15=0x0000000000000001
RIP=0x00007fcf3eafdcfd, EFLAGS=0x0000000000010246, CSGSFS=0x002b000000000033, ERR=0x0000000000000004
  TRAPNO=0x000000000000000e

Top of Stack: (sp=0x00007fcee36f1a00)
0x00007fcee36f1a00:   000000000000a00a 0000000033d3818e
0x00007fcee36f1a10:   00007fcee36f1a30 00007fcf3f1a5083
0x00007fcee36f1a20:   0000000e48bf9a01 0000000714c55e01
0x00007fcee36f1a30:   00007fce00000013 0000000700000000 

Instructions: (pc=0x00007fcf3eafdcfd)
0x00007fcf3eafdbfd:   b6 30 40 84 f6 0f 84 98 03 00 00 48 8d 05 81 6c
0x00007fcf3eafdc0d:   ab 00 8b 78 08 4c 8b 00 41 8b 41 08 89 f9 48 d3
0x00007fcf3eafdc1d:   e0 41 81 7c 00 08 00 00 00 c0 0f 8c 03 04 00 00
0x00007fcf3eafdc2d:   49 8b 45 08 4c 89 ca 8b 88 c0 02 00 00 48 8b 80
0x00007fcf3eafdc3d:   b0 02 00 00 48 d3 ea 48 8b 04 d0 49 89 85 90 01
0x00007fcf3eafdc4d:   00 00 41 8b 51 08 89 f9 48 d3 e2 4c 01 c2 48 63
0x00007fcf3eafdc5d:   4a 0c 4c 89 4d b8 4c 89 ce 4c 89 f7 48 8d 05 d0
0x00007fcf3eafdc6d:   2d ae 00 ff 14 c8 4c 8b 4d b8 48 83 c4 58 5b 41
0x00007fcf3eafdc7d:   5c 4c 89 c8 41 5d 41 5e 41 5f 5d c3 0f 1f 80 00
0x00007fcf3eafdc8d:   00 00 00 0f 84 9a 00 00 00 3c 01 48 8d 05 4d a8
0x00007fcf3eafdc9d:   a9 00 48 19 c9 8b 10 83 e1 04 89 d8 4d 63 74 0c
0x00007fcf3eafdcad:   0c c1 f8 10 89 d9 8d 72 ff 0f b6 c0 f7 da 48 63
0x00007fcf3eafdcbd:   f6 49 d3 e6 48 01 f0 49 01 c6 48 63 c2 49 21 c6
0x00007fcf3eafdccd:   49 c1 ee 03 44 89 f3 4d 63 f6 e9 24 fd ff ff 0f
0x00007fcf3eafdcdd:   1f 40 00 48 8b 7a 08 e9 fd fc ff ff 0f 1f 80 00
0x00007fcf3eafdced:   00 00 00 41 f6 c2 01 75 62 4c 89 d0 48 83 e0 fd
0x00007fcf3eafdcfd:   4c 8b 00 49 c1 e8 03 44 89 c0 83 e0 0f 89 45 b8
0x00007fcf3eafdd0d:   41 3b 85 6c 01 00 00 0f 83 1b fd ff ff 41 bb 01
0x00007fcf3eafdd1d:   00 00 00 31 c9 b8 01 00 00 00 e9 35 fd ff ff 0f
0x00007fcf3eafdd2d:   1f 40 00 48 8b 07 48 8d 15 96 43 dc ff 45 31 f6
0x00007fcf3eafdd3d:   48 8b 80 10 01 00 00 48 39 d0 0f 84 b3 fc ff ff
0x00007fcf3eafdd4d:   e9 08 fe ff ff 66 0f 1f 44 00 00 4d 89 d0 49 c1
0x00007fcf3eafdd5d:   e8 03 44 89 c0 83 e0 0f 89 45 b8 eb a3 44 0f b6
0x00007fcf3eafdd6d:   45 ce 41 80 fb 01 0f 84 23 03 00 00 45 88 85 c8
0x00007fcf3eafdd7d:   01 00 00 4c 89 e6 4c 89 ef 4c 89 d2 e8 92 fa ff
0x00007fcf3eafdd8d:   ff 48 83 c4 58 5b 41 5c 41 5d 41 5e 41 5f 5d c3
0x00007fcf3eafdd9d:   0f 1f 00 48 8d 35 71 b4 a9 00 41 0f b7 c8 48 3b
0x00007fcf3eafddad:   0e 0f 8e 8c 00 00 00 45 0f b7 c0 41 8d 48 ff 44
0x00007fcf3eafddbd:   89 c6 f7 de 48 63 c9 4c 01 c9 48 63 f6 48 21 f1
0x00007fcf3eafddcd:   48 89 ce 48 89 4d a0 4c 29 ce 48 c1 ee 03 48 89
0x00007fcf3eafdddd:   75 a8 74 5f 48 8d 0d 08 a7 a9 00 8b 31 8d 4e 01
0x00007fcf3eafdded:   f7 de 21 ce 48 63 ce 48 39 4d a8 0f 82 ce 03 00 


Stack slot to memory mapping:
stack at sp + 0 slots: 0x000000000000a00a is an unknown value
stack at sp + 1 slots: 0x0000000033d3818e is an unknown value
stack at sp + 2 slots: 0x00007fcee36f1a30 points into unknown readable memory: 0x00007fce00000013 | 13 00 00 00 ce 7f 00 00
stack at sp + 3 slots: 0x00007fcf3f1a5083: <offset 0x0000000000e39083> in /usr/lib/jvm/java-11-openjdk-amd64/lib/server/libjvm.so at 0x00007fcf3e36c000
stack at sp + 4 slots: 0x0000000e48bf9a01 is an unknown value
stack at sp + 5 slots: 0x0000000714c55e01 points into unknown readable memory: 00 00 00 00 00 00 00
stack at sp + 6 slots: 0x00007fce00000013 is an unknown value
stack at sp + 7 slots: 0x0000000700000000 is an unknown value


---------------  P R O C E S S  ---------------

Threads class SMR info:
_java_thread_list=0x00007fcf38de8e40, length=16, elements={
0x00007fcf38017800, 0x00007fcf3823e800, 0x00007fcf38240800, 0x00007fcf38247000,
0x00007fcf38249000, 0x00007fcf3824b000, 0x00007fcf3824d000, 0x00007fcf3824f000,
0x00007fcf382a2000, 0x00007fcf3832d800, 0x00007fcf38364000, 0x00007fcec8009800,
0x00007fcee8066800, 0x00007fcee85a3800, 0x00007fcf38de6000, 0x00007fcf38de7800
}

Java Threads: ( => current thread )
  0x00007fcf38017800 JavaThread "main" [_thread_blocked, id=262959, stack(0x00007fcf3df1f000,0x00007fcf3e020000)]
  0x00007fcf3823e800 JavaThread "Reference Handler" daemon [_thread_blocked, id=262970, stack(0x00007fcf0cc71000,0x00007fcf0cd72000)]
  0x00007fcf38240800 JavaThread "Finalizer" daemon [_thread_blocked, id=262971, stack(0x00007fcf0cb70000,0x00007fcf0cc71000)]
  0x00007fcf38247000 JavaThread "Signal Dispatcher" daemon [_thread_blocked, id=262972, stack(0x00007fcf0c4fe000,0x00007fcf0c5ff000)]
  0x00007fcf38249000 JavaThread "Service Thread" daemon [_thread_blocked, id=262973, stack(0x00007fcf0c3fd000,0x00007fcf0c4fe000)]
  0x00007fcf3824b000 JavaThread "C2 CompilerThread0" daemon [_thread_blocked, id=262974, stack(0x00007fcf0c2fc000,0x00007fcf0c3fd000)]
  0x00007fcf3824d000 JavaThread "C1 CompilerThread0" daemon [_thread_blocked, id=262975, stack(0x00007fcf0c1fb000,0x00007fcf0c2fc000)]
  0x00007fcf3824f000 JavaThread "Sweeper thread" daemon [_thread_blocked, id=262976, stack(0x00007fcf0c0fa000,0x00007fcf0c1fb000)]
  0x00007fcf382a2000 JavaThread "Common-Cleaner" daemon [_thread_blocked, id=262978, stack(0x00007fcee3dfd000,0x00007fcee3efe000)]
  0x00007fcf3832d800 JavaThread "surefire-forkedjvm-command-thread" daemon [_thread_in_native, id=262979, stack(0x00007fcee3cfc000,0x00007fcee3dfd000)]
  0x00007fcf38364000 JavaThread "surefire-forkedjvm-ping-30s" daemon [_thread_blocked, id=262980, stack(0x00007fcee3bfb000,0x00007fcee3cfc000)]
  0x00007fcec8009800 JavaThread "process reaper" daemon [_thread_blocked, id=262983, stack(0x00007fcf0c0d8000,0x00007fcf0c0fa000)]
  0x00007fcee8066800 JavaThread "C2 CompilerThread1" daemon [_thread_in_native, id=262984, stack(0x00007fcee3afa000,0x00007fcee3bfb000)]
  0x00007fcee85a3800 JavaThread "C2 CompilerThread2" daemon [_thread_in_native, id=262985, stack(0x00007fcee39f9000,0x00007fcee3afa000)]
  0x00007fcf38de6000 JavaThread "ForkJoinPool.commonPool-worker-19" daemon [_thread_blocked, id=262991, stack(0x00007fcee2dee000,0x00007fcee2eef000)]
  0x00007fcf38de7800 JavaThread "ForkJoinPool.commonPool-worker-5" daemon [_thread_blocked, id=262992, stack(0x00007fcee2ced000,0x00007fcee2dee000)]

Other Threads:
  0x00007fcf3823b800 VMThread "VM Thread" [stack: 0x00007fcf0cd74000,0x00007fcf0ce74000] [id=262969]
  0x00007fcf382a0000 WatcherThread [stack: 0x00007fcee3f00000,0x00007fcee4000000] [id=262977]
  0x00007fcf38030800 GCTaskThread "GC Thread#0" [stack: 0x00007fcf3db9d000,0x00007fcf3dc9d000] [id=262962]
  0x00007fcf00019000 GCTaskThread "GC Thread#1" [stack: 0x00007fcee38f9000,0x00007fcee39f9000] [id=262986]
  0x00007fcf0001a800 GCTaskThread "GC Thread#2" [stack: 0x00007fcee37f7000,0x00007fcee38f7000] [id=262987]
  0x00007fcf0001c000 GCTaskThread "GC Thread#3" [stack: 0x00007fcee36f5000,0x00007fcee37f5000] [id=262988]
=>0x00007fcf0001e000 GCTaskThread "GC Thread#4" [stack: 0x00007fcee35f3000,0x00007fcee36f3000] [id=262989]
  0x00007fcf0001f800 GCTaskThread "GC Thread#5" [stack: 0x00007fcee34f1000,0x00007fcee35f1000] [id=262990]
  0x00007fcf3808e800 ConcurrentGCThread "G1 Main Marker" [stack: 0x00007fcf3c015000,0x00007fcf3c115000] [id=262965]
  0x00007fcf38090000 ConcurrentGCThread "G1 Conc#0" [stack: 0x00007fcf14320000,0x00007fcf14420000] [id=262966]
  0x00007fcf10001000 ConcurrentGCThread "G1 Conc#1" [stack: 0x00007fcee25ed000,0x00007fcee26ed000] [id=262995]
  0x00007fcf10002800 ConcurrentGCThread "G1 Conc#2" [stack: 0x00007fcee24eb000,0x00007fcee25eb000] [id=262996]
  0x00007fcf38196800 ConcurrentGCThread "G1 Refine#0" [stack: 0x00007fcf0d7f9000,0x00007fcf0d8f9000] [id=262967]
  0x00007fcf38198800 ConcurrentGCThread "G1 Young RemSet Sampling" [stack: 0x00007fcf0d6f7000,0x00007fcf0d7f7000] [id=262968]

Threads with active compile tasks:
C2 CompilerThread1   2533 3625       4       com.sun.beans.TypeResolver::resolve (37 bytes)
C2 CompilerThread2   2533 3397   !   4       com.sun.beans.TypeResolver::resolve (261 bytes)

VM state:at safepoint (normal execution)

VM Mutex/Monitor currently owned by a thread:  ([mutex/lock_event])
[0x00007fcf380135d0] Threads_lock - owner thread: 0x00007fcf3823b800
[0x00007fcf38013db0] Heap_lock - owner thread: 0x00007fcf38017800

Heap address: 0x0000000708400000, size: 3964 MB, Compressed Oops mode: Zero based, Oop shift amount: 3
Narrow klass base: 0x0000000800000000, Narrow klass shift: 3
Compressed class space size: 1073741824 Address: 0x0000000840000000

Heap:
 garbage-first heap   total 256000K, used 67702K [0x0000000708400000, 0x0000000800000000)
  region size 1024K, 51 young (52224K), 4 survivors (4096K)
 Metaspace       used 27127K, capacity 28582K, committed 28744K, reserved 1075200K
  class space    used 3408K, capacity 4096K, committed 4096K, reserved 1048576K
Heap Regions: E=young(eden), S=young(survivor), O=old, HS=humongous(starts), HC=humongous(continues), CS=collection set, F=free, A=archive, TAMS=top-at-mark-start (previous, next)
|   0|0x0000000708400000, 0x0000000708500000, 0x0000000708500000|100%| O|  |TAMS 0x0000000708500000, 0x0000000708500000| Untracked 
|   1|0x0000000708500000, 0x0000000708600000, 0x0000000708600000|100%| O|  |TAMS 0x00000007085fa400, 0x0000000708600000| Untracked 
|   2|0x0000000708600000, 0x0000000708700000, 0x0000000708700000|100%| O|  |TAMS 0x0000000708600000, 0x0000000708700000| Untracked 
|   3|0x0000000708700000, 0x0000000708800000, 0x0000000708800000|100%| O|  |TAMS 0x0000000708700000, 0x0000000708800000| Untracked 
|   4|0x0000000708800000, 0x0000000708900000, 0x0000000708900000|100%| O|  |TAMS 0x0000000708800000, 0x0000000708900000| Untracked 
|   5|0x0000000708900000, 0x0000000708a00000, 0x0000000708a00000|100%| O|  |TAMS 0x0000000708900000, 0x0000000708a00000| Untracked 
|   6|0x0000000708a00000, 0x0000000708b00000, 0x0000000708b00000|100%| O|  |TAMS 0x0000000708a00000, 0x0000000708b00000| Untracked 
|   7|0x0000000708b00000, 0x0000000708c00000, 0x0000000708c00000|100%| O|  |TAMS 0x0000000708b00000, 0x0000000708c00000| Untracked 
|   8|0x0000000708c00000, 0x0000000708cdf080, 0x0000000708d00000| 87%| O|  |TAMS 0x0000000708c00000, 0x0000000708d00000| Untracked 
|   9|0x0000000708d00000, 0x0000000708d00000, 0x0000000708e00000|  0%| F|  |TAMS 0x0000000708d00000, 0x0000000708d00000| Untracked 
|  10|0x0000000708e00000, 0x0000000708e00000, 0x0000000708f00000|  0%| F|  |TAMS 0x0000000708e00000, 0x0000000708e00000| Untracked 
|  11|0x0000000708f00000, 0x0000000708f00000, 0x0000000709000000|  0%| F|  |TAMS 0x0000000708f00000, 0x0000000708f00000| Untracked 
|  12|0x0000000709000000, 0x0000000709000000, 0x0000000709100000|  0%| F|  |TAMS 0x0000000709000000, 0x0000000709000000| Untracked 
|  13|0x0000000709100000, 0x0000000709100000, 0x0000000709200000|  0%| F|  |TAMS 0x0000000709100000, 0x0000000709100000| Untracked 
|  14|0x0000000709200000, 0x0000000709200000, 0x0000000709300000|  0%| F|  |TAMS 0x0000000709200000, 0x0000000709200000| Untracked 
|  15|0x0000000709300000, 0x0000000709300000, 0x0000000709400000|  0%| F|  |TAMS 0x0000000709300000, 0x0000000709300000| Untracked 
|  16|0x0000000709400000, 0x0000000709400000, 0x0000000709500000|  0%| F|  |TAMS 0x0000000709400000, 0x0000000709400000| Untracked 
|  17|0x0000000709500000, 0x0000000709500000, 0x0000000709600000|  0%| F|  |TAMS 0x0000000709500000, 0x0000000709500000| Untracked 
|  18|0x0000000709600000, 0x0000000709600000, 0x0000000709700000|  0%| F|  |TAMS 0x0000000709600000, 0x0000000709600000| Untracked 
|  19|0x0000000709700000, 0x0000000709700000, 0x0000000709800000|  0%| F|  |TAMS 0x0000000709700000, 0x0000000709700000| Untracked 
|  20|0x0000000709800000, 0x0000000709800000, 0x0000000709900000|  0%| F|  |TAMS 0x0000000709800000, 0x0000000709800000| Untracked 
|  21|0x0000000709900000, 0x0000000709900000, 0x0000000709a00000|  0%| F|  |TAMS 0x0000000709900000, 0x0000000709900000| Untracked 
|  22|0x0000000709a00000, 0x0000000709a00000, 0x0000000709b00000|  0%| F|  |TAMS 0x0000000709a00000, 0x0000000709a00000| Untracked 
|  23|0x0000000709b00000, 0x0000000709b00000, 0x0000000709c00000|  0%| F|  |TAMS 0x0000000709b00000, 0x0000000709b00000| Untracked 
|  24|0x0000000709c00000, 0x0000000709c00000, 0x0000000709d00000|  0%| F|  |TAMS 0x0000000709c00000, 0x0000000709c00000| Untracked 
|  25|0x0000000709d00000, 0x0000000709d00000, 0x0000000709e00000|  0%| F|  |TAMS 0x0000000709d00000, 0x0000000709d00000| Untracked 
|  26|0x0000000709e00000, 0x0000000709e00000, 0x0000000709f00000|  0%| F|  |TAMS 0x0000000709e00000, 0x0000000709e00000| Untracked 
|  27|0x0000000709f00000, 0x0000000709f00000, 0x000000070a000000|  0%| F|  |TAMS 0x0000000709f00000, 0x0000000709f00000| Untracked 
|  28|0x000000070a000000, 0x000000070a000000, 0x000000070a100000|  0%| F|  |TAMS 0x000000070a000000, 0x000000070a000000| Untracked 
|  29|0x000000070a100000, 0x000000070a100000, 0x000000070a200000|  0%| F|  |TAMS 0x000000070a100000, 0x000000070a100000| Untracked 
|  30|0x000000070a200000, 0x000000070a200000, 0x000000070a300000|  0%| F|  |TAMS 0x000000070a200000, 0x000000070a200000| Untracked 
|  31|0x000000070a300000, 0x000000070a300000, 0x000000070a400000|  0%| F|  |TAMS 0x000000070a300000, 0x000000070a300000| Untracked 
|  32|0x000000070a400000, 0x000000070a400000, 0x000000070a500000|  0%| F|  |TAMS 0x000000070a400000, 0x000000070a400000| Untracked 
|  33|0x000000070a500000, 0x000000070a500000, 0x000000070a600000|  0%| F|  |TAMS 0x000000070a500000, 0x000000070a500000| Untracked 
|  34|0x000000070a600000, 0x000000070a600000, 0x000000070a700000|  0%| F|  |TAMS 0x000000070a600000, 0x000000070a600000| Untracked 
|  35|0x000000070a700000, 0x000000070a700000, 0x000000070a800000|  0%| F|  |TAMS 0x000000070a700000, 0x000000070a700000| Untracked 
|  36|0x000000070a800000, 0x000000070a800000, 0x000000070a900000|  0%| F|  |TAMS 0x000000070a800000, 0x000000070a800000| Untracked 
|  37|0x000000070a900000, 0x000000070a900000, 0x000000070aa00000|  0%| F|  |TAMS 0x000000070a900000, 0x000000070a900000| Untracked 
|  38|0x000000070aa00000, 0x000000070aa00000, 0x000000070ab00000|  0%| F|  |TAMS 0x000000070aa00000, 0x000000070aa00000| Untracked 
|  39|0x000000070ab00000, 0x000000070ab00000, 0x000000070ac00000|  0%| F|  |TAMS 0x000000070ab00000, 0x000000070ab00000| Untracked 
|  40|0x000000070ac00000, 0x000000070ac00000, 0x000000070ad00000|  0%| F|  |TAMS 0x000000070ac00000, 0x000000070ac00000| Untracked 
|  41|0x000000070ad00000, 0x000000070ad00000, 0x000000070ae00000|  0%| F|  |TAMS 0x000000070ad00000, 0x000000070ad00000| Untracked 
|  42|0x000000070ae00000, 0x000000070ae00000, 0x000000070af00000|  0%| F|  |TAMS 0x000000070ae00000, 0x000000070ae00000| Untracked 
|  43|0x000000070af00000, 0x000000070af00000, 0x000000070b000000|  0%| F|  |TAMS 0x000000070af00000, 0x000000070af00000| Untracked 
|  44|0x000000070b000000, 0x000000070b000000, 0x000000070b100000|  0%| F|  |TAMS 0x000000070b000000, 0x000000070b000000| Untracked 
|  45|0x000000070b100000, 0x000000070b100000, 0x000000070b200000|  0%| F|  |TAMS 0x000000070b100000, 0x000000070b100000| Untracked 
|  46|0x000000070b200000, 0x000000070b200000, 0x000000070b300000|  0%| F|  |TAMS 0x000000070b200000, 0x000000070b200000| Untracked 
|  47|0x000000070b300000, 0x000000070b300000, 0x000000070b400000|  0%| F|  |TAMS 0x000000070b300000, 0x000000070b300000| Untracked 
|  48|0x000000070b400000, 0x000000070b400000, 0x000000070b500000|  0%| F|  |TAMS 0x000000070b400000, 0x000000070b400000| Untracked 
|  49|0x000000070b500000, 0x000000070b500000, 0x000000070b600000|  0%| F|  |TAMS 0x000000070b500000, 0x000000070b500000| Untracked 
|  50|0x000000070b600000, 0x000000070b600000, 0x000000070b700000|  0%| F|  |TAMS 0x000000070b600000, 0x000000070b600000| Untracked 
|  51|0x000000070b700000, 0x000000070b700000, 0x000000070b800000|  0%| F|  |TAMS 0x000000070b700000, 0x000000070b700000| Untracked 
|  52|0x000000070b800000, 0x000000070b800000, 0x000000070b900000|  0%| F|  |TAMS 0x000000070b800000, 0x000000070b800000| Untracked 
|  53|0x000000070b900000, 0x000000070b900000, 0x000000070ba00000|  0%| F|  |TAMS 0x000000070b900000, 0x000000070b900000| Untracked 
|  54|0x000000070ba00000, 0x000000070ba00000, 0x000000070bb00000|  0%| F|  |TAMS 0x000000070ba00000, 0x000000070ba00000| Untracked 
|  55|0x000000070bb00000, 0x000000070bb00000, 0x000000070bc00000|  0%| F|  |TAMS 0x000000070bb00000, 0x000000070bb00000| Untracked 
|  56|0x000000070bc00000, 0x000000070bc00000, 0x000000070bd00000|  0%| F|  |TAMS 0x000000070bc00000, 0x000000070bc00000| Untracked 
|  57|0x000000070bd00000, 0x000000070bd00000, 0x000000070be00000|  0%| F|  |TAMS 0x000000070bd00000, 0x000000070bd00000| Untracked 
|  58|0x000000070be00000, 0x000000070be00000, 0x000000070bf00000|  0%| F|  |TAMS 0x000000070be00000, 0x000000070be00000| Untracked 
|  59|0x000000070bf00000, 0x000000070bf00000, 0x000000070c000000|  0%| F|  |TAMS 0x000000070bf00000, 0x000000070bf00000| Untracked 
|  60|0x000000070c000000, 0x000000070c000000, 0x000000070c100000|  0%| F|  |TAMS 0x000000070c000000, 0x000000070c000000| Untracked 
|  61|0x000000070c100000, 0x000000070c100000, 0x000000070c200000|  0%| F|  |TAMS 0x000000070c100000, 0x000000070c100000| Untracked 
|  62|0x000000070c200000, 0x000000070c200000, 0x000000070c300000|  0%| F|  |TAMS 0x000000070c200000, 0x000000070c200000| Untracked 
|  63|0x000000070c300000, 0x000000070c300000, 0x000000070c400000|  0%| F|  |TAMS 0x000000070c300000, 0x000000070c300000| Untracked 
|  64|0x000000070c400000, 0x000000070c400000, 0x000000070c500000|  0%| F|  |TAMS 0x000000070c400000, 0x000000070c400000| Untracked 
|  65|0x000000070c500000, 0x000000070c500000, 0x000000070c600000|  0%| F|  |TAMS 0x000000070c500000, 0x000000070c500000| Untracked 
|  66|0x000000070c600000, 0x000000070c600000, 0x000000070c700000|  0%| F|  |TAMS 0x000000070c600000, 0x000000070c600000| Untracked 
|  67|0x000000070c700000, 0x000000070c700000, 0x000000070c800000|  0%| F|  |TAMS 0x000000070c700000, 0x000000070c700000| Untracked 
|  68|0x000000070c800000, 0x000000070c800000, 0x000000070c900000|  0%| F|  |TAMS 0x000000070c800000, 0x000000070c800000| Untracked 
|  69|0x000000070c900000, 0x000000070c900000, 0x000000070ca00000|  0%| F|  |TAMS 0x000000070c900000, 0x000000070c900000| Untracked 
|  70|0x000000070ca00000, 0x000000070ca00000, 0x000000070cb00000|  0%| F|  |TAMS 0x000000070ca00000, 0x000000070ca00000| Untracked 
|  71|0x000000070cb00000, 0x000000070cb00000, 0x000000070cc00000|  0%| F|  |TAMS 0x000000070cb00000, 0x000000070cb00000| Untracked 
|  72|0x000000070cc00000, 0x000000070cc00000, 0x000000070cd00000|  0%| F|  |TAMS 0x000000070cc00000, 0x000000070cc00000| Untracked 
|  73|0x000000070cd00000, 0x000000070cd00000, 0x000000070ce00000|  0%| F|  |TAMS 0x000000070cd00000, 0x000000070cd00000| Untracked 
|  74|0x000000070ce00000, 0x000000070ce00000, 0x000000070cf00000|  0%| F|  |TAMS 0x000000070ce00000, 0x000000070ce00000| Untracked 
|  75|0x000000070cf00000, 0x000000070cf00000, 0x000000070d000000|  0%| F|  |TAMS 0x000000070cf00000, 0x000000070cf00000| Untracked 
|  76|0x000000070d000000, 0x000000070d000000, 0x000000070d100000|  0%| F|  |TAMS 0x000000070d000000, 0x000000070d000000| Untracked 
|  77|0x000000070d100000, 0x000000070d100000, 0x000000070d200000|  0%| F|  |TAMS 0x000000070d100000, 0x000000070d100000| Untracked 
|  78|0x000000070d200000, 0x000000070d200000, 0x000000070d300000|  0%| F|  |TAMS 0x000000070d200000, 0x000000070d200000| Untracked 
|  79|0x000000070d300000, 0x000000070d300000, 0x000000070d400000|  0%| F|  |TAMS 0x000000070d300000, 0x000000070d300000| Untracked 
|  80|0x000000070d400000, 0x000000070d400000, 0x000000070d500000|  0%| F|  |TAMS 0x000000070d400000, 0x000000070d400000| Untracked 
|  81|0x000000070d500000, 0x000000070d500000, 0x000000070d600000|  0%| F|  |TAMS 0x000000070d500000, 0x000000070d500000| Untracked 
|  82|0x000000070d600000, 0x000000070d600000, 0x000000070d700000|  0%| F|  |TAMS 0x000000070d600000, 0x000000070d600000| Untracked 
|  83|0x000000070d700000, 0x000000070d700000, 0x000000070d800000|  0%| F|  |TAMS 0x000000070d700000, 0x000000070d700000| Untracked 
|  84|0x000000070d800000, 0x000000070d800000, 0x000000070d900000|  0%| F|  |TAMS 0x000000070d800000, 0x000000070d800000| Untracked 
|  85|0x000000070d900000, 0x000000070d900000, 0x000000070da00000|  0%| F|  |TAMS 0x000000070d900000, 0x000000070d900000| Untracked 
|  86|0x000000070da00000, 0x000000070da00000, 0x000000070db00000|  0%| F|  |TAMS 0x000000070da00000, 0x000000070da00000| Untracked 
|  87|0x000000070db00000, 0x000000070db00000, 0x000000070dc00000|  0%| F|  |TAMS 0x000000070db00000, 0x000000070db00000| Untracked 
|  88|0x000000070dc00000, 0x000000070dc00000, 0x000000070dd00000|  0%| F|  |TAMS 0x000000070dc00000, 0x000000070dc00000| Untracked 
|  89|0x000000070dd00000, 0x000000070dd00000, 0x000000070de00000|  0%| F|  |TAMS 0x000000070dd00000, 0x000000070dd00000| Untracked 
|  90|0x000000070de00000, 0x000000070de00000, 0x000000070df00000|  0%| F|  |TAMS 0x000000070de00000, 0x000000070de00000| Untracked 
|  91|0x000000070df00000, 0x000000070df00000, 0x000000070e000000|  0%| F|  |TAMS 0x000000070df00000, 0x000000070df00000| Untracked 
|  92|0x000000070e000000, 0x000000070e000000, 0x000000070e100000|  0%| F|  |TAMS 0x000000070e000000, 0x000000070e000000| Untracked 
|  93|0x000000070e100000, 0x000000070e100000, 0x000000070e200000|  0%| F|  |TAMS 0x000000070e100000, 0x000000070e100000| Untracked 
|  94|0x000000070e200000, 0x000000070e200000, 0x000000070e300000|  0%| F|  |TAMS 0x000000070e200000, 0x000000070e200000| Untracked 
|  95|0x000000070e300000, 0x000000070e300000, 0x000000070e400000|  0%| F|  |TAMS 0x000000070e300000, 0x000000070e300000| Untracked 
|  96|0x000000070e400000, 0x000000070e400000, 0x000000070e500000|  0%| F|  |TAMS 0x000000070e400000, 0x000000070e400000| Untracked 
|  97|0x000000070e500000, 0x000000070e500000, 0x000000070e600000|  0%| F|  |TAMS 0x000000070e500000, 0x000000070e500000| Untracked 
|  98|0x000000070e600000, 0x000000070e600000, 0x000000070e700000|  0%| F|  |TAMS 0x000000070e600000, 0x000000070e600000| Untracked 
|  99|0x000000070e700000, 0x000000070e700000, 0x000000070e800000|  0%| F|  |TAMS 0x000000070e700000, 0x000000070e700000| Untracked 
| 100|0x000000070e800000, 0x000000070e800000, 0x000000070e900000|  0%| F|  |TAMS 0x000000070e800000, 0x000000070e800000| Untracked 
| 101|0x000000070e900000, 0x000000070e900000, 0x000000070ea00000|  0%| F|  |TAMS 0x000000070e900000, 0x000000070e900000| Untracked 
| 102|0x000000070ea00000, 0x000000070ea00000, 0x000000070eb00000|  0%| F|  |TAMS 0x000000070ea00000, 0x000000070ea00000| Untracked 
| 103|0x000000070eb00000, 0x000000070eb00000, 0x000000070ec00000|  0%| F|  |TAMS 0x000000070eb00000, 0x000000070eb00000| Untracked 
| 104|0x000000070ec00000, 0x000000070ec00000, 0x000000070ed00000|  0%| F|  |TAMS 0x000000070ec00000, 0x000000070ec00000| Untracked 
| 105|0x000000070ed00000, 0x000000070ed00000, 0x000000070ee00000|  0%| F|  |TAMS 0x000000070ed00000, 0x000000070ed00000| Untracked 
| 106|0x000000070ee00000, 0x000000070ee00000, 0x000000070ef00000|  0%| F|  |TAMS 0x000000070ee00000, 0x000000070ee00000| Untracked 
| 107|0x000000070ef00000, 0x000000070ef00000, 0x000000070f000000|  0%| F|  |TAMS 0x000000070ef00000, 0x000000070ef00000| Untracked 
| 108|0x000000070f000000, 0x000000070f000000, 0x000000070f100000|  0%| F|  |TAMS 0x000000070f000000, 0x000000070f000000| Untracked 
| 109|0x000000070f100000, 0x000000070f100000, 0x000000070f200000|  0%| F|  |TAMS 0x000000070f100000, 0x000000070f100000| Untracked 
| 110|0x000000070f200000, 0x000000070f200000, 0x000000070f300000|  0%| F|  |TAMS 0x000000070f200000, 0x000000070f200000| Untracked 
| 111|0x000000070f300000, 0x000000070f300000, 0x000000070f400000|  0%| F|  |TAMS 0x000000070f300000, 0x000000070f300000| Untracked 
| 112|0x000000070f400000, 0x000000070f400000, 0x000000070f500000|  0%| F|  |TAMS 0x000000070f400000, 0x000000070f400000| Untracked 
| 113|0x000000070f500000, 0x000000070f500000, 0x000000070f600000|  0%| F|  |TAMS 0x000000070f500000, 0x000000070f500000| Untracked 
| 114|0x000000070f600000, 0x000000070f600000, 0x000000070f700000|  0%| F|  |TAMS 0x000000070f600000, 0x000000070f600000| Untracked 
| 115|0x000000070f700000, 0x000000070f700000, 0x000000070f800000|  0%| F|  |TAMS 0x000000070f700000, 0x000000070f700000| Untracked 
| 116|0x000000070f800000, 0x000000070f800000, 0x000000070f900000|  0%| F|  |TAMS 0x000000070f800000, 0x000000070f800000| Untracked 
| 117|0x000000070f900000, 0x000000070f900000, 0x000000070fa00000|  0%| F|  |TAMS 0x000000070f900000, 0x000000070f900000| Untracked 
| 118|0x000000070fa00000, 0x000000070fa00000, 0x000000070fb00000|  0%| F|  |TAMS 0x000000070fa00000, 0x000000070fa00000| Untracked 
| 119|0x000000070fb00000, 0x000000070fb00000, 0x000000070fc00000|  0%| F|  |TAMS 0x000000070fb00000, 0x000000070fb00000| Untracked 
| 120|0x000000070fc00000, 0x000000070fc00000, 0x000000070fd00000|  0%| F|  |TAMS 0x000000070fc00000, 0x000000070fc00000| Untracked 
| 121|0x000000070fd00000, 0x000000070fd00000, 0x000000070fe00000|  0%| F|  |TAMS 0x000000070fd00000, 0x000000070fd00000| Untracked 
| 122|0x000000070fe00000, 0x000000070fe00000, 0x000000070ff00000|  0%| F|  |TAMS 0x000000070fe00000, 0x000000070fe00000| Untracked 
| 123|0x000000070ff00000, 0x000000070ff00000, 0x0000000710000000|  0%| F|  |TAMS 0x000000070ff00000, 0x000000070ff00000| Untracked 
| 124|0x0000000710000000, 0x0000000710000000, 0x0000000710100000|  0%| F|  |TAMS 0x0000000710000000, 0x0000000710000000| Untracked 
| 125|0x0000000710100000, 0x0000000710100000, 0x0000000710200000|  0%| F|  |TAMS 0x0000000710100000, 0x0000000710100000| Untracked 
| 126|0x0000000710200000, 0x0000000710200000, 0x0000000710300000|  0%| F|  |TAMS 0x0000000710200000, 0x0000000710200000| Untracked 
| 127|0x0000000710300000, 0x0000000710300000, 0x0000000710400000|  0%| F|  |TAMS 0x0000000710300000, 0x0000000710300000| Untracked 
| 128|0x0000000710400000, 0x0000000710471520, 0x0000000710500000| 44%| E|CS|TAMS 0x0000000710400000, 0x0000000710471520| Complete 
| 129|0x0000000710500000, 0x0000000710600000, 0x0000000710600000|100%| E|CS|TAMS 0x0000000710500000, 0x0000000710600000| Complete 
| 130|0x0000000710600000, 0x0000000710700000, 0x0000000710700000|100%| E|CS|TAMS 0x0000000710600000, 0x0000000710700000| Complete 
| 131|0x0000000710700000, 0x0000000710800000, 0x0000000710800000|100%| E|CS|TAMS 0x0000000710700000, 0x0000000710800000| Complete 
| 132|0x0000000710800000, 0x0000000710900000, 0x0000000710900000|100%| E|CS|TAMS 0x0000000710800000, 0x0000000710900000| Complete 
| 133|0x0000000710900000, 0x0000000710a00000, 0x0000000710a00000|100%| E|CS|TAMS 0x0000000710900000, 0x0000000710a00000| Complete 
| 134|0x0000000710a00000, 0x0000000710b00000, 0x0000000710b00000|100%| E|CS|TAMS 0x0000000710a00000, 0x0000000710b00000| Complete 
| 135|0x0000000710b00000, 0x0000000710c00000, 0x0000000710c00000|100%| E|CS|TAMS 0x0000000710b00000, 0x0000000710c00000| Complete 
| 136|0x0000000710c00000, 0x0000000710d00000, 0x0000000710d00000|100%| E|CS|TAMS 0x0000000710c00000, 0x0000000710d00000| Complete 
| 137|0x0000000710d00000, 0x0000000710e00000, 0x0000000710e00000|100%| E|CS|TAMS 0x0000000710d00000, 0x0000000710e00000| Complete 
| 138|0x0000000710e00000, 0x0000000710f00000, 0x0000000710f00000|100%| E|CS|TAMS 0x0000000710e00000, 0x0000000710f00000| Complete 
| 139|0x0000000710f00000, 0x0000000711000000, 0x0000000711000000|100%| E|CS|TAMS 0x0000000710f00000, 0x0000000711000000| Complete 
| 140|0x0000000711000000, 0x0000000711100000, 0x0000000711100000|100%| E|CS|TAMS 0x0000000711000000, 0x0000000711100000| Complete 
| 141|0x0000000711100000, 0x0000000711200000, 0x0000000711200000|100%| E|CS|TAMS 0x0000000711100000, 0x0000000711200000| Complete 
| 142|0x0000000711200000, 0x0000000711300000, 0x0000000711300000|100%| E|CS|TAMS 0x0000000711200000, 0x0000000711300000| Complete 
| 143|0x0000000711300000, 0x0000000711400000, 0x0000000711400000|100%| E|CS|TAMS 0x0000000711300000, 0x0000000711400000| Complete 
| 144|0x0000000711400000, 0x0000000711500000, 0x0000000711500000|100%| E|CS|TAMS 0x0000000711400000, 0x0000000711500000| Complete 
| 145|0x0000000711500000, 0x0000000711500000, 0x0000000711600000|  0%| F|  |TAMS 0x0000000711500000, 0x0000000711500000| Untracked 
| 146|0x0000000711600000, 0x0000000711600000, 0x0000000711700000|  0%| F|  |TAMS 0x0000000711600000, 0x0000000711600000| Untracked 
| 147|0x0000000711700000, 0x0000000711700000, 0x0000000711800000|  0%| F|  |TAMS 0x0000000711700000, 0x0000000711700000| Untracked 
| 148|0x0000000711800000, 0x0000000711800000, 0x0000000711900000|  0%| F|  |TAMS 0x0000000711800000, 0x0000000711800000| Untracked 
| 149|0x0000000711900000, 0x0000000711900000, 0x0000000711a00000|  0%| F|  |TAMS 0x0000000711900000, 0x0000000711900000| Untracked 
| 150|0x0000000711a00000, 0x0000000711a00000, 0x0000000711b00000|  0%| F|  |TAMS 0x0000000711a00000, 0x0000000711a00000| Untracked 
| 151|0x0000000711b00000, 0x0000000711b00000, 0x0000000711c00000|  0%| F|  |TAMS 0x0000000711b00000, 0x0000000711b00000| Untracked 
| 152|0x0000000711c00000, 0x0000000711c00000, 0x0000000711d00000|  0%| F|  |TAMS 0x0000000711c00000, 0x0000000711c00000| Untracked 
| 153|0x0000000711d00000, 0x0000000711d00000, 0x0000000711e00000|  0%| F|  |TAMS 0x0000000711d00000, 0x0000000711d00000| Untracked 
| 154|0x0000000711e00000, 0x0000000711e00000, 0x0000000711f00000|  0%| F|  |TAMS 0x0000000711e00000, 0x0000000711e00000| Untracked 
| 155|0x0000000711f00000, 0x0000000711f00000, 0x0000000712000000|  0%| F|  |TAMS 0x0000000711f00000, 0x0000000711f00000| Untracked 
| 156|0x0000000712000000, 0x0000000712000000, 0x0000000712100000|  0%| F|  |TAMS 0x0000000712000000, 0x0000000712000000| Untracked 
| 157|0x0000000712100000, 0x0000000712100000, 0x0000000712200000|  0%| F|  |TAMS 0x0000000712100000, 0x0000000712100000| Untracked 
| 158|0x0000000712200000, 0x0000000712200000, 0x0000000712300000|  0%| F|  |TAMS 0x0000000712200000, 0x0000000712200000| Untracked 
| 159|0x0000000712300000, 0x0000000712300000, 0x0000000712400000|  0%| F|  |TAMS 0x0000000712300000, 0x0000000712300000| Untracked 
| 160|0x0000000712400000, 0x0000000712400000, 0x0000000712500000|  0%| F|  |TAMS 0x0000000712400000, 0x0000000712400000| Untracked 
| 161|0x0000000712500000, 0x0000000712500000, 0x0000000712600000|  0%| F|  |TAMS 0x0000000712500000, 0x0000000712500000| Untracked 
| 162|0x0000000712600000, 0x0000000712600000, 0x0000000712700000|  0%| F|  |TAMS 0x0000000712600000, 0x0000000712600000| Untracked 
| 163|0x0000000712700000, 0x0000000712700000, 0x0000000712800000|  0%| F|  |TAMS 0x0000000712700000, 0x0000000712700000| Untracked 
| 164|0x0000000712800000, 0x0000000712800000, 0x0000000712900000|  0%| F|  |TAMS 0x0000000712800000, 0x0000000712800000| Untracked 
| 165|0x0000000712900000, 0x0000000712900000, 0x0000000712a00000|  0%| F|  |TAMS 0x0000000712900000, 0x0000000712900000| Untracked 
| 166|0x0000000712a00000, 0x0000000712a00000, 0x0000000712b00000|  0%| F|  |TAMS 0x0000000712a00000, 0x0000000712a00000| Untracked 
| 167|0x0000000712b00000, 0x0000000712b00000, 0x0000000712c00000|  0%| F|  |TAMS 0x0000000712b00000, 0x0000000712b00000| Untracked 
| 168|0x0000000712c00000, 0x0000000712c00000, 0x0000000712d00000|  0%| F|  |TAMS 0x0000000712c00000, 0x0000000712c00000| Untracked 
| 169|0x0000000712d00000, 0x0000000712d00000, 0x0000000712e00000|  0%| F|  |TAMS 0x0000000712d00000, 0x0000000712d00000| Untracked 
| 170|0x0000000712e00000, 0x0000000712e00000, 0x0000000712f00000|  0%| F|  |TAMS 0x0000000712e00000, 0x0000000712e00000| Untracked 
| 171|0x0000000712f00000, 0x0000000712f00000, 0x0000000713000000|  0%| F|  |TAMS 0x0000000712f00000, 0x0000000712f00000| Untracked 
| 172|0x0000000713000000, 0x0000000713000000, 0x0000000713100000|  0%| F|  |TAMS 0x0000000713000000, 0x0000000713000000| Untracked 
| 173|0x0000000713100000, 0x0000000713100000, 0x0000000713200000|  0%| F|  |TAMS 0x0000000713100000, 0x0000000713100000| Untracked 
| 174|0x0000000713200000, 0x0000000713200000, 0x0000000713300000|  0%| F|  |TAMS 0x0000000713200000, 0x0000000713200000| Untracked 
| 175|0x0000000713300000, 0x0000000713300000, 0x0000000713400000|  0%| F|  |TAMS 0x0000000713300000, 0x0000000713300000| Untracked 
| 176|0x0000000713400000, 0x0000000713400000, 0x0000000713500000|  0%| F|  |TAMS 0x0000000713400000, 0x0000000713400000| Untracked 
| 177|0x0000000713500000, 0x0000000713500000, 0x0000000713600000|  0%| F|  |TAMS 0x0000000713500000, 0x0000000713500000| Untracked 
| 178|0x0000000713600000, 0x0000000713600000, 0x0000000713700000|  0%| F|  |TAMS 0x0000000713600000, 0x0000000713600000| Untracked 
| 179|0x0000000713700000, 0x0000000713700000, 0x0000000713800000|  0%| F|  |TAMS 0x0000000713700000, 0x0000000713700000| Untracked 
| 180|0x0000000713800000, 0x0000000713800000, 0x0000000713900000|  0%| F|  |TAMS 0x0000000713800000, 0x0000000713800000| Untracked 
| 181|0x0000000713900000, 0x0000000713900000, 0x0000000713a00000|  0%| F|  |TAMS 0x0000000713900000, 0x0000000713900000| Untracked 
| 182|0x0000000713a00000, 0x0000000713a00000, 0x0000000713b00000|  0%| F|  |TAMS 0x0000000713a00000, 0x0000000713a00000| Untracked 
| 183|0x0000000713b00000, 0x0000000713b00000, 0x0000000713c00000|  0%| F|  |TAMS 0x0000000713b00000, 0x0000000713b00000| Untracked 
| 184|0x0000000713c00000, 0x0000000713c00000, 0x0000000713d00000|  0%| F|  |TAMS 0x0000000713c00000, 0x0000000713c00000| Untracked 
| 185|0x0000000713d00000, 0x0000000713d00000, 0x0000000713e00000|  0%| F|  |TAMS 0x0000000713d00000, 0x0000000713d00000| Untracked 
| 186|0x0000000713e00000, 0x0000000713e00000, 0x0000000713f00000|  0%| F|  |TAMS 0x0000000713e00000, 0x0000000713e00000| Untracked 
| 187|0x0000000713f00000, 0x0000000713f00000, 0x0000000714000000|  0%| F|  |TAMS 0x0000000713f00000, 0x0000000713f00000| Untracked 
| 188|0x0000000714000000, 0x0000000714000000, 0x0000000714100000|  0%| F|  |TAMS 0x0000000714000000, 0x0000000714000000| Untracked 
| 189|0x0000000714100000, 0x0000000714100000, 0x0000000714200000|  0%| F|  |TAMS 0x0000000714100000, 0x0000000714100000| Untracked 
| 190|0x0000000714200000, 0x0000000714200000, 0x0000000714300000|  0%| F|  |TAMS 0x0000000714200000, 0x0000000714200000| Untracked 
| 191|0x0000000714300000, 0x0000000714300000, 0x0000000714400000|  0%| F|  |TAMS 0x0000000714300000, 0x0000000714300000| Untracked 
| 192|0x0000000714400000, 0x0000000714400000, 0x0000000714500000|  0%| F|  |TAMS 0x0000000714400000, 0x0000000714400000| Untracked 
| 193|0x0000000714500000, 0x0000000714500000, 0x0000000714600000|  0%| F|  |TAMS 0x0000000714500000, 0x0000000714500000| Untracked 
| 194|0x0000000714600000, 0x0000000714600000, 0x0000000714700000|  0%| F|  |TAMS 0x0000000714600000, 0x0000000714600000| Untracked 
| 195|0x0000000714700000, 0x0000000714700000, 0x0000000714800000|  0%| F|  |TAMS 0x0000000714700000, 0x0000000714700000| Untracked 
| 196|0x0000000714800000, 0x0000000714800000, 0x0000000714900000|  0%| F|  |TAMS 0x0000000714800000, 0x0000000714800000| Untracked 
| 197|0x0000000714900000, 0x0000000714951da8, 0x0000000714a00000| 31%| S|  |TAMS 0x0000000714900000, 0x0000000714900000| Complete 
| 198|0x0000000714a00000, 0x0000000714b00000, 0x0000000714b00000|100%| S|  |TAMS 0x0000000714a00000, 0x0000000714a00000| Complete 
| 199|0x0000000714b00000, 0x0000000714c00000, 0x0000000714c00000|100%| S|  |TAMS 0x0000000714b00000, 0x0000000714b00000| Complete 
| 200|0x0000000714c00000, 0x0000000714d00000, 0x0000000714d00000|100%| S|  |TAMS 0x0000000714c00000, 0x0000000714c00000| Complete 
| 201|0x0000000714d00000, 0x0000000714e00000, 0x0000000714e00000|100%| E|CS|TAMS 0x0000000714d00000, 0x0000000714e00000| Complete 
| 202|0x0000000714e00000, 0x0000000714f00000, 0x0000000714f00000|100%| E|CS|TAMS 0x0000000714e00000, 0x0000000714f00000| Complete 
| 203|0x0000000714f00000, 0x0000000715000000, 0x0000000715000000|100%| E|CS|TAMS 0x0000000714f00000, 0x0000000715000000| Complete 
| 204|0x0000000715000000, 0x0000000715100000, 0x0000000715100000|100%| E|CS|TAMS 0x0000000715000000, 0x0000000715100000| Complete 
| 205|0x0000000715100000, 0x0000000715200000, 0x0000000715200000|100%| E|CS|TAMS 0x0000000715100000, 0x0000000715200000| Complete 
| 206|0x0000000715200000, 0x0000000715300000, 0x0000000715300000|100%| E|CS|TAMS 0x0000000715200000, 0x0000000715300000| Complete 
| 207|0x0000000715300000, 0x0000000715400000, 0x0000000715400000|100%| E|CS|TAMS 0x0000000715300000, 0x0000000715400000| Complete 
| 208|0x0000000715400000, 0x0000000715500000, 0x0000000715500000|100%| E|CS|TAMS 0x0000000715400000, 0x0000000715500000| Complete 
| 209|0x0000000715500000, 0x0000000715600000, 0x0000000715600000|100%| E|CS|TAMS 0x0000000715500000, 0x0000000715600000| Complete 
| 210|0x0000000715600000, 0x0000000715700000, 0x0000000715700000|100%| E|CS|TAMS 0x0000000715600000, 0x0000000715700000| Complete 
| 211|0x0000000715700000, 0x0000000715800000, 0x0000000715800000|100%| E|CS|TAMS 0x0000000715700000, 0x0000000715800000| Complete 
| 212|0x0000000715800000, 0x0000000715900000, 0x0000000715900000|100%| E|CS|TAMS 0x0000000715800000, 0x0000000715900000| Complete 
| 213|0x0000000715900000, 0x0000000715a00000, 0x0000000715a00000|100%| E|CS|TAMS 0x0000000715900000, 0x0000000715a00000| Complete 
| 214|0x0000000715a00000, 0x0000000715b00000, 0x0000000715b00000|100%| E|CS|TAMS 0x0000000715a00000, 0x0000000715b00000| Complete 
| 215|0x0000000715b00000, 0x0000000715c00000, 0x0000000715c00000|100%| E|CS|TAMS 0x0000000715b00000, 0x0000000715c00000| Complete 
| 216|0x0000000715c00000, 0x0000000715d00000, 0x0000000715d00000|100%| E|CS|TAMS 0x0000000715c00000, 0x0000000715d00000| Complete 
| 217|0x0000000715d00000, 0x0000000715e00000, 0x0000000715e00000|100%| E|CS|TAMS 0x0000000715d00000, 0x0000000715e00000| Complete 
| 218|0x0000000715e00000, 0x0000000715f00000, 0x0000000715f00000|100%| E|CS|TAMS 0x0000000715e00000, 0x0000000715f00000| Complete 
| 219|0x0000000715f00000, 0x0000000716000000, 0x0000000716000000|100%| E|CS|TAMS 0x0000000715f00000, 0x0000000716000000| Complete 
| 220|0x0000000716000000, 0x0000000716100000, 0x0000000716100000|100%| E|CS|TAMS 0x0000000716000000, 0x0000000716100000| Complete 
| 221|0x0000000716100000, 0x0000000716200000, 0x0000000716200000|100%| E|CS|TAMS 0x0000000716100000, 0x0000000716200000| Complete 
| 222|0x0000000716200000, 0x0000000716300000, 0x0000000716300000|100%| E|CS|TAMS 0x0000000716200000, 0x0000000716300000| Complete 
| 223|0x0000000716300000, 0x0000000716400000, 0x0000000716400000|100%| E|CS|TAMS 0x0000000716300000, 0x0000000716400000| Complete 
| 224|0x0000000716400000, 0x0000000716500000, 0x0000000716500000|100%| E|CS|TAMS 0x0000000716400000, 0x0000000716500000| Complete 
| 225|0x0000000716500000, 0x0000000716600000, 0x0000000716600000|100%| E|CS|TAMS 0x0000000716500000, 0x0000000716600000| Complete 
| 226|0x0000000716600000, 0x0000000716700000, 0x0000000716700000|100%| E|CS|TAMS 0x0000000716600000, 0x0000000716700000| Complete 
| 227|0x0000000716700000, 0x0000000716800000, 0x0000000716800000|100%| E|CS|TAMS 0x0000000716700000, 0x0000000716800000| Complete 
| 228|0x0000000716800000, 0x0000000716900000, 0x0000000716900000|100%| E|CS|TAMS 0x0000000716800000, 0x0000000716900000| Complete 
| 229|0x0000000716900000, 0x0000000716a00000, 0x0000000716a00000|100%| E|CS|TAMS 0x0000000716900000, 0x0000000716a00000| Complete 
| 230|0x0000000716a00000, 0x0000000716b00000, 0x0000000716b00000|100%| E|CS|TAMS 0x0000000716a00000, 0x0000000716b00000| Complete 
| 231|0x0000000716b00000, 0x0000000716c00000, 0x0000000716c00000|100%| E|CS|TAMS 0x0000000716b00000, 0x0000000716c00000| Complete 
| 232|0x0000000716c00000, 0x0000000716d00000, 0x0000000716d00000|100%| E|CS|TAMS 0x0000000716c00000, 0x0000000716d00000| Complete 
| 233|0x0000000716d00000, 0x0000000716e00000, 0x0000000716e00000|100%| E|CS|TAMS 0x0000000716d00000, 0x0000000716e00000| Complete 
| 234|0x0000000716e00000, 0x0000000716f00000, 0x0000000716f00000|100%| E|CS|TAMS 0x0000000716e00000, 0x0000000716f00000| Complete 
| 235|0x0000000716f00000, 0x0000000717000000, 0x0000000717000000|100%| E|CS|TAMS 0x0000000716f00000, 0x0000000717000000| Complete 
| 236|0x0000000717000000, 0x0000000717100000, 0x0000000717100000|100%| E|CS|TAMS 0x0000000717000000, 0x0000000717100000| Complete 
| 237|0x0000000717100000, 0x0000000717200000, 0x0000000717200000|100%| E|CS|TAMS 0x0000000717100000, 0x0000000717200000| Complete 
| 238|0x0000000717200000, 0x0000000717300000, 0x0000000717300000|100%| E|CS|TAMS 0x0000000717200000, 0x0000000717300000| Complete 
| 239|0x0000000717300000, 0x0000000717400000, 0x0000000717400000|100%| E|CS|TAMS 0x0000000717300000, 0x0000000717400000| Complete 
| 240|0x0000000717400000, 0x0000000717500000, 0x0000000717500000|100%| E|CS|TAMS 0x0000000717400000, 0x0000000717500000| Complete 
| 241|0x0000000717500000, 0x0000000717600000, 0x0000000717600000|100%| E|CS|TAMS 0x0000000717500000, 0x0000000717600000| Complete 
| 242|0x0000000717600000, 0x0000000717700000, 0x0000000717700000|100%| E|CS|TAMS 0x0000000717600000, 0x0000000717700000| Complete 
| 243|0x0000000717700000, 0x0000000717800000, 0x0000000717800000|100%| E|CS|TAMS 0x0000000717700000, 0x0000000717800000| Complete 
| 244|0x0000000717800000, 0x0000000717900000, 0x0000000717900000|100%| E|CS|TAMS 0x0000000717800000, 0x0000000717900000| Complete 
| 245|0x0000000717900000, 0x0000000717a00000, 0x0000000717a00000|100%| E|CS|TAMS 0x0000000717900000, 0x0000000717a00000| Complete 
| 246|0x0000000717a00000, 0x0000000717b00000, 0x0000000717b00000|100%| E|CS|TAMS 0x0000000717a00000, 0x0000000717b00000| Complete 
| 247|0x0000000717b00000, 0x0000000717c00000, 0x0000000717c00000|100%| E|CS|TAMS 0x0000000717b00000, 0x0000000717c00000| Complete 
|2938|0x00000007bfe00000, 0x00000007bfe47000, 0x00000007bff00000| 27%|OA|  |TAMS 0x00000007bfe47000, 0x00000007bfe47000| Untracked 
|2939|0x00000007bff00000, 0x00000007bff6b000, 0x00000007c0000000| 41%|CA|  |TAMS 0x00000007bff6b000, 0x00000007bff6b000| Untracked 

Card table byte_map: [0x00007fcf3c215000,0x00007fcf3c9d3000] _byte_map_base: 0x00007fcf389d3000

Marking Bits (Prev, Next): (CMBitMap*) 0x00007fcf3807ddd0, (CMBitMap*) 0x00007fcf3807dd98
 Prev Bits: [0x00007fcf14420000, 0x00007fcf18210000)
 Next Bits: [0x00007fcf18210000, 0x00007fcf1c000000)

Polling page: 0x00007fcf3dee5000

Metaspace:

Usage:
  Non-class:     23,91 MB capacity,    23,16 MB ( 97%) used,   659,69 KB (  3%) free+waste,   107,44 KB ( <1%) overhead. 
      Class:      4,00 MB capacity,     3,33 MB ( 83%) used,   628,63 KB ( 15%) free+waste,    58,88 KB (  1%) overhead. 
       Both:     27,91 MB capacity,    26,49 MB ( 95%) used,     1,26 MB (  5%) free+waste,   166,31 KB ( <1%) overhead. 

Virtual space:
  Non-class space:       26,00 MB reserved,      24,07 MB ( 93%) committed 
      Class space:        1,00 GB reserved,       4,00 MB ( <1%) committed 
             Both:        1,03 GB reserved,      28,07 MB (  3%) committed 

Chunk freelists:
   Non-Class:  126,00 KB
       Class:  0 bytes
        Both:  126,00 KB

MaxMetaspaceSize: unlimited
CompressedClassSpaceSize: 1,00 GB
Initial GC threshold: 20,80 MB
Current GC threshold: 35,74 MB
CDS: on

CodeHeap 'non-profiled nmethods': size=120032Kb used=1737Kb max_used=1737Kb free=118294Kb
 bounds [0x00007fcf28305000, 0x00007fcf28575000, 0x00007fcf2f83d000]
CodeHeap 'profiled nmethods': size=120028Kb used=8271Kb max_used=8271Kb free=111757Kb
 bounds [0x00007fcf20dce000, 0x00007fcf215ee000, 0x00007fcf28305000]
CodeHeap 'non-nmethods': size=5700Kb used=2263Kb max_used=2301Kb free=3436Kb
 bounds [0x00007fcf2083d000, 0x00007fcf20aad000, 0x00007fcf20dce000]
 total_blobs=4449 nmethods=3691 adapters=670
 compilation: enabled
              stopped_count=0, restarted_count=0
 full_count=0

Compilation events (20 events):
Event: 2,474 Thread 0x00007fcf3824d000 nmethod 3686 0x00007fcf215dfa10 code [0x00007fcf215dfbe0, 0x00007fcf215dfe90]
Event: 2,474 Thread 0x00007fcf3824d000 3689       3       java.util.BitSet::initWords (15 bytes)
Event: 2,474 Thread 0x00007fcf3824d000 nmethod 3689 0x00007fcf215e0010 code [0x00007fcf215e01c0, 0x00007fcf215e0450]
Event: 2,474 Thread 0x00007fcf3824d000 3690       3       java.util.BitSet::<init> (56 bytes)
Event: 2,475 Thread 0x00007fcf3824d000 nmethod 3690 0x00007fcf215e0510 code [0x00007fcf215e07a0, 0x00007fcf215e1230]
Event: 2,475 Thread 0x00007fcf3824d000 3692       3       java.util.ArrayDeque::<init> (14 bytes)
Event: 2,475 Thread 0x00007fcf3824d000 nmethod 3692 0x00007fcf215e1610 code [0x00007fcf215e17e0, 0x00007fcf215e1ad0]
Event: 2,491 Thread 0x00007fcf3824b000 nmethod 3630 0x00007fcf284b4310 code [0x00007fcf284b4520, 0x00007fcf284b5468]
Event: 2,491 Thread 0x00007fcf3824b000 3681       4       groovyjarjarantlr4.v4.runtime.atn.ATNState::getNumberOfOptimizedTransitions (10 bytes)
Event: 2,492 Thread 0x00007fcf3824b000 nmethod 3681 0x00007fcf284b5e10 code [0x00007fcf284b5fa0, 0x00007fcf284b6038]
Event: 2,492 Thread 0x00007fcf3824b000 3670       4       groovyjarjarantlr4.v4.runtime.atn.ATNState::getNumberOfTransitions (10 bytes)
Event: 2,492 Thread 0x00007fcf3824b000 nmethod 3670 0x00007fcf284b6110 code [0x00007fcf284b62a0, 0x00007fcf284b6338]
Event: 2,492 Thread 0x00007fcf3824b000 3682       4       groovyjarjarantlr4.v4.runtime.atn.ATNState::getOptimizedTransition (14 bytes)
Event: 2,494 Thread 0x00007fcf3824b000 nmethod 3682 0x00007fcf284b6410 code [0x00007fcf284b65c0, 0x00007fcf284b6738]
Event: 2,494 Thread 0x00007fcf3824b000 3684       4       groovyjarjarantlr4.v4.runtime.atn.ATNDeserializer::checkCondition (7 bytes)
Event: 2,494 Thread 0x00007fcf3824b000 nmethod 3684 0x00007fcf284b6910 code [0x00007fcf284b6aa0, 0x00007fcf284b6b18]
Event: 2,494 Thread 0x00007fcf3824b000 3691       4       java.util.BitSet::wordIndex (5 bytes)
Event: 2,494 Thread 0x00007fcf3824b000 nmethod 3691 0x00007fcf284b6c10 code [0x00007fcf284b6da0, 0x00007fcf284b6df8]
Event: 2,496 Thread 0x00007fcf3824b000 3693       4       java.util.LinkedHashMap::get (33 bytes)
Event: 2,501 Thread 0x00007fcf3824b000 nmethod 3693 0x00007fcf284b6f10 code [0x00007fcf284b70c0, 0x00007fcf284b7388]

GC Heap History (5 events):
Event: 0,470 GC heap before
{Heap before GC invocations=0 (full 0):
 garbage-first heap   total 256000K, used 24264K [0x0000000708400000, 0x0000000800000000)
  region size 1024K, 24 young (24576K), 0 survivors (0K)
 Metaspace       used 6239K, capacity 7964K, committed 8320K, reserved 1056768K
  class space    used 773K, capacity 1038K, committed 1152K, reserved 1048576K
}
Event: 0,485 GC heap after
{Heap after GC invocations=1 (full 0):
 garbage-first heap   total 256000K, used 5809K [0x0000000708400000, 0x0000000800000000)
  region size 1024K, 3 young (3072K), 3 survivors (3072K)
 Metaspace       used 6239K, capacity 7964K, committed 8320K, reserved 1056768K
  class space    used 773K, capacity 1038K, committed 1152K, reserved 1048576K
}
Event: 1,495 GC heap before
{Heap before GC invocations=1 (full 0):
 garbage-first heap   total 256000K, used 109233K [0x0000000708400000, 0x0000000800000000)
  region size 1024K, 103 young (105472K), 3 survivors (3072K)
 Metaspace       used 20017K, capacity 21124K, committed 21296K, reserved 1067008K
  class space    used 2363K, capacity 2865K, committed 2944K, reserved 1048576K
}
Event: 1,543 GC heap after
{Heap after GC invocations=2 (full 0):
 garbage-first heap   total 256000K, used 19574K [0x0000000708400000, 0x0000000800000000)
  region size 1024K, 17 young (17408K), 17 survivors (17408K)
 Metaspace       used 20017K, capacity 21124K, committed 21296K, reserved 1067008K
  class space    used 2363K, capacity 2865K, committed 2944K, reserved 1048576K
}
Event: 2,511 GC heap before
{Heap before GC invocations=3 (full 0):
 garbage-first heap   total 256000K, used 67702K [0x0000000708400000, 0x0000000800000000)
  region size 1024K, 64 young (65536K), 17 survivors (17408K)
 Metaspace       used 27127K, capacity 28582K, committed 28744K, reserved 1075200K
  class space    used 3408K, capacity 4096K, committed 4096K, reserved 1048576K
}

Deoptimization events (20 events):
Event: 1,987 Thread 0x00007fcf38017800 DEOPT PACKING pc=0x00007fcf21438486 sp=0x00007fcf3e016d60
Event: 1,987 Thread 0x00007fcf38017800 DEOPT UNPACKING pc=0x00007fcf2088764a sp=0x00007fcf3e0161b0 mode 0
Event: 1,988 Thread 0x00007fcf38017800 DEOPT PACKING pc=0x00007fcf21438453 sp=0x00007fcf3e016d60
Event: 1,988 Thread 0x00007fcf38017800 DEOPT UNPACKING pc=0x00007fcf2088764a sp=0x00007fcf3e0161b0 mode 0
Event: 1,993 Thread 0x00007fcf38017800 DEOPT PACKING pc=0x00007fcf21438486 sp=0x00007fcf3e017200
Event: 1,993 Thread 0x00007fcf38017800 DEOPT UNPACKING pc=0x00007fcf2088764a sp=0x00007fcf3e016650 mode 0
Event: 1,993 Thread 0x00007fcf38017800 DEOPT PACKING pc=0x00007fcf21438453 sp=0x00007fcf3e017200
Event: 1,993 Thread 0x00007fcf38017800 DEOPT UNPACKING pc=0x00007fcf2088764a sp=0x00007fcf3e016650 mode 0
Event: 1,995 Thread 0x00007fcf38017800 DEOPT PACKING pc=0x00007fcf21438486 sp=0x00007fcf3e017200
Event: 1,995 Thread 0x00007fcf38017800 DEOPT UNPACKING pc=0x00007fcf2088764a sp=0x00007fcf3e016650 mode 0
Event: 1,996 Thread 0x00007fcf38017800 DEOPT PACKING pc=0x00007fcf21438453 sp=0x00007fcf3e017200
Event: 1,996 Thread 0x00007fcf38017800 DEOPT UNPACKING pc=0x00007fcf2088764a sp=0x00007fcf3e016650 mode 0
Event: 2,078 Thread 0x00007fcf38017800 Uncommon trap: trap_request=0xffffffde fr.pc=0x00007fcf283d1f68 relative=0x00000000000000c8
Event: 2,078 Thread 0x00007fcf38017800 Uncommon trap: reason=class_check action=maybe_recompile pc=0x00007fcf283d1f68 method=org.codehaus.groovy.util.ManagedReference.get()Ljava/lang/Object; @ 4 c2
Event: 2,078 Thread 0x00007fcf38017800 DEOPT PACKING pc=0x00007fcf283d1f68 sp=0x00007fcf3e019f40
Event: 2,078 Thread 0x00007fcf38017800 DEOPT UNPACKING pc=0x00007fcf20886ea5 sp=0x00007fcf3e019f00 mode 2
Event: 2,331 Thread 0x00007fcf38017800 Uncommon trap: trap_request=0xffffffde fr.pc=0x00007fcf2844c27c relative=0x000000000000029c
Event: 2,331 Thread 0x00007fcf38017800 Uncommon trap: reason=class_check action=maybe_recompile pc=0x00007fcf2844c27c method=java.util.regex.Matcher.search(I)Z @ 121 c2
Event: 2,331 Thread 0x00007fcf38017800 DEOPT PACKING pc=0x00007fcf2844c27c sp=0x00007fcf3e0191e0
Event: 2,331 Thread 0x00007fcf38017800 DEOPT UNPACKING pc=0x00007fcf20886ea5 sp=0x00007fcf3e0191a0 mode 2

Classes redefined (0 events):
No events

Internal exceptions (20 events):
Event: 2,284 Thread 0x00007fcf38017800 Exception <a 'java/lang/ClassNotFoundException'{0x0000000715848428}: io/restassured/internal/common/assertion/GetAtPathFragmentEscaperCustomizer> (0x0000000715848428) thrown at [src/hotspot/share/classfile/systemDictionary.cpp, line 230]
Event: 2,285 Thread 0x00007fcf38017800 Exception <a 'java/lang/ClassNotFoundException'{0x0000000715860008}: io/restassured/internal/common/assertion/AssertionSupport$2Customizer> (0x0000000715860008) thrown at [src/hotspot/share/classfile/systemDictionary.cpp, line 230]
Event: 2,288 Thread 0x00007fcf38017800 Exception <a 'java/lang/ClassNotFoundException'{0x00000007158a3a28}: io/restassured/internal/common/assertion/AssertionSupport$3BeanInfo> (0x00000007158a3a28) thrown at [src/hotspot/share/classfile/systemDictionary.cpp, line 230]
Event: 2,289 Thread 0x00007fcf38017800 Exception <a 'java/lang/ClassNotFoundException'{0x00000007158b1d00}: io/restassured/internal/common/assertion/AssertionSupport$3Customizer> (0x00000007158b1d00) thrown at [src/hotspot/share/classfile/systemDictionary.cpp, line 230]
Event: 2,290 Thread 0x00007fcf38017800 Exception <a 'java/lang/ClassNotFoundException'{0x00000007158c52c8}: groovy/runtime/metaclass/[Lio/restassured/internal/common/assertion/PathFragmentEscaper;MetaClass> (0x00000007158c52c8) thrown at [src/hotspot/share/prims/jni.cpp, line 637]
Event: 2,291 Thread 0x00007fcf38017800 Exception <a 'java/lang/ClassNotFoundException'{0x00000007158cc480}: [Lio/restassured/internal/common/assertion/PathFragmentEscaper;BeanInfo> (0x00000007158cc480) thrown at [src/hotspot/share/prims/jni.cpp, line 637]
Event: 2,291 Thread 0x00007fcf38017800 Exception <a 'java/lang/ClassNotFoundException'{0x00000007158cd508}: [Lio/restassured/internal/common/assertion/PathFragmentEscaper;BeanInfo> (0x00000007158cd508) thrown at [src/hotspot/share/prims/jni.cpp, line 637]
Event: 2,291 Thread 0x00007fcf38017800 Exception <a 'java/lang/ClassNotFoundException'{0x00000007158ce590}: [Lio/restassured/internal/common/assertion/PathFragmentEscaper;BeanInfo> (0x00000007158ce590) thrown at [src/hotspot/share/prims/jni.cpp, line 637]
Event: 2,291 Thread 0x00007fcf38017800 Exception <a 'java/lang/ClassNotFoundException'{0x00000007158cf720}: [Lio/restassured/internal/common/assertion/PathFragmentEscaper;Customizer> (0x00000007158cf720) thrown at [src/hotspot/share/prims/jni.cpp, line 637]
Event: 2,291 Thread 0x00007fcf38017800 Exception <a 'java/lang/ClassNotFoundException'{0x00000007158d0508}: [Lio/restassured/internal/common/assertion/PathFragmentEscaper;Customizer> (0x00000007158d0508) thrown at [src/hotspot/share/prims/jni.cpp, line 637]
Event: 2,291 Thread 0x00007fcf38017800 Exception <a 'java/lang/ClassNotFoundException'{0x00000007158d1598}: [Lio/restassured/internal/common/assertion/PathFragmentEscaper;Customizer> (0x00000007158d1598) thrown at [src/hotspot/share/prims/jni.cpp, line 637]
Event: 2,307 Thread 0x00007fcf38017800 Exception <a 'java/lang/ClassNotFoundException'{0x0000000715703898}: java/lang/CharacterBeanInfo> (0x0000000715703898) thrown at [src/hotspot/share/classfile/systemDictionary.cpp, line 230]
Event: 2,307 Thread 0x00007fcf38017800 Exception <a 'java/lang/ClassNotFoundException'{0x0000000715705b18}: java/lang/CharacterCustomizer> (0x0000000715705b18) thrown at [src/hotspot/share/classfile/systemDictionary.cpp, line 230]
Event: 2,319 Thread 0x00007fcf38017800 Exception <a 'java/lang/ClassNotFoundException'{0x000000071576bdd8}: org/apache/commons/lang3/math/NumberUtilsBeanInfo> (0x000000071576bdd8) thrown at [src/hotspot/share/classfile/systemDictionary.cpp, line 230]
Event: 2,319 Thread 0x00007fcf38017800 Exception <a 'java/lang/ClassNotFoundException'{0x0000000715778e90}: org/apache/commons/lang3/math/NumberUtilsCustomizer> (0x0000000715778e90) thrown at [src/hotspot/share/classfile/systemDictionary.cpp, line 230]
Event: 2,334 Thread 0x00007fcf38017800 Exception <a 'java/lang/ClassNotFoundException'{0x00000007157fad40}: groovy/lang/BindingBeanInfo> (0x00000007157fad40) thrown at [src/hotspot/share/classfile/systemDictionary.cpp, line 230]
Event: 2,334 Thread 0x00007fcf38017800 Exception <a 'java/lang/ClassNotFoundException'{0x00000007156119c0}: groovy/lang/BindingCustomizer> (0x00000007156119c0) thrown at [src/hotspot/share/classfile/systemDictionary.cpp, line 230]
Event: 2,343 Thread 0x00007fcf38017800 Exception <a 'java/lang/ClassNotFoundException'{0x000000071564b828}: groovy/lang/GroovyShellBeanInfo> (0x000000071564b828) thrown at [src/hotspot/share/classfile/systemDictionary.cpp, line 230]
Event: 2,343 Thread 0x00007fcf38017800 Exception <a 'java/lang/ClassNotFoundException'{0x0000000715662350}: groovy/lang/GroovyShellCustomizer> (0x0000000715662350) thrown at [src/hotspot/share/classfile/systemDictionary.cpp, line 230]
Event: 2,354 Thread 0x00007fcf38017800 Exception <a 'java/lang/NoSuchMethodError'{0x00000007156ff268}: 'void java.lang.invoke.DirectMethodHandle$Holder.invokeVirtual(java.lang.Object, java.lang.Object)'> (0x00000007156ff268) thrown at [src/hotspot/share/interpreter/linkResolver.cpp, line 772]

Events (20 events):
Event: 2,508 loading class org/apache/groovy/parser/antlr4/GroovyParser$StandardLambdaParametersContext done
Event: 2,508 loading class org/apache/groovy/parser/antlr4/GroovyParser$FormalParameterListContext
Event: 2,508 loading class org/apache/groovy/parser/antlr4/GroovyParser$FormalParameterListContext done
Event: 2,508 loading class org/apache/groovy/parser/antlr4/GroovyParser$VariableModifiersOptContext
Event: 2,508 loading class org/apache/groovy/parser/antlr4/GroovyParser$VariableModifiersOptContext done
Event: 2,509 loading class org/apache/groovy/parser/antlr4/GroovyParser$ClassOrInterfaceModifiersContext
Event: 2,509 loading class org/apache/groovy/parser/antlr4/GroovyParser$ClassOrInterfaceModifiersContext done
Event: 2,509 loading class org/apache/groovy/parser/antlr4/GroovyParser$VariableModifiersContext
Event: 2,509 loading class org/apache/groovy/parser/antlr4/GroovyParser$VariableModifiersContext done
Event: 2,509 loading class org/apache/groovy/parser/antlr4/GroovyParser$EmptyDimsContext
Event: 2,509 loading class org/apache/groovy/parser/antlr4/GroovyParser$EmptyDimsContext done
Event: 2,510 loading class org/apache/groovy/parser/antlr4/GroovyParser$EmptyDimsOptContext
Event: 2,510 loading class org/apache/groovy/parser/antlr4/GroovyParser$EmptyDimsOptContext done
Event: 2,510 loading class org/apache/groovy/parser/antlr4/GroovyParser$ElementValuesContext
Event: 2,510 loading class org/apache/groovy/parser/antlr4/GroovyParser$ElementValuesContext done
Event: 2,510 loading class org/apache/groovy/parser/antlr4/GroovyParser$ElementValuePairsContext
Event: 2,510 loading class org/apache/groovy/parser/antlr4/GroovyParser$ElementValuePairsContext done
Event: 2,510 loading class org/apache/groovy/parser/antlr4/GroovyParser$ElementValuePairContext
Event: 2,510 loading class org/apache/groovy/parser/antlr4/GroovyParser$ElementValuePairContext done
Event: 2,510 Executing VM operation: G1CollectForAllocation


Dynamic libraries:
708400000-717c00000 rw-p 00000000 00:00 0 
717c00000-7bfe00000 ---p 00000000 00:00 0 
7bfe00000-7bfe47000 rw-p 01118000 103:06 3801977                         /usr/lib/jvm/java-11-openjdk-amd64/lib/server/classes.jsa
7bfe47000-7bff00000 rw-p 00000000 00:00 0 
7bff00000-7bff6b000 rw-p 010ad000 103:06 3801977                         /usr/lib/jvm/java-11-openjdk-amd64/lib/server/classes.jsa
7bff6b000-7c0000000 rw-p 00000000 00:00 0 
7c0000000-800000000 ---p 00000000 00:00 0 
800000000-800002000 rwxp 00001000 103:06 3801977                         /usr/lib/jvm/java-11-openjdk-amd64/lib/server/classes.jsa
800002000-8003cb000 rw-p 00003000 103:06 3801977                         /usr/lib/jvm/java-11-openjdk-amd64/lib/server/classes.jsa
8003cb000-800a99000 r--p 003cc000 103:06 3801977                         /usr/lib/jvm/java-11-openjdk-amd64/lib/server/classes.jsa
800a99000-800a9a000 rw-p 00a9a000 103:06 3801977                         /usr/lib/jvm/java-11-openjdk-amd64/lib/server/classes.jsa
800a9a000-8010ac000 r--p 00a9b000 103:06 3801977                         /usr/lib/jvm/java-11-openjdk-amd64/lib/server/classes.jsa
840000000-840400000 rw-p 00000000 00:00 0 
840400000-880000000 ---p 00000000 00:00 0 
558736aaf000-558736ab0000 r--p 00000000 103:06 2889377                   /usr/lib/jvm/java-11-openjdk-amd64/bin/java
558736ab0000-558736ab1000 r-xp 00001000 103:06 2889377                   /usr/lib/jvm/java-11-openjdk-amd64/bin/java
558736ab1000-558736ab2000 r--p 00002000 103:06 2889377                   /usr/lib/jvm/java-11-openjdk-amd64/bin/java
558736ab2000-558736ab3000 r--p 00002000 103:06 2889377                   /usr/lib/jvm/java-11-openjdk-amd64/bin/java
558736ab3000-558736ab4000 rw-p 00003000 103:06 2889377                   /usr/lib/jvm/java-11-openjdk-amd64/bin/java
558736b81000-558736ba2000 rw-p 00000000 00:00 0                          [heap]
7fce98000000-7fce98021000 rw-p 00000000 00:00 0 
7fce98021000-7fce9c000000 ---p 00000000 00:00 0 
7fcea0000000-7fcea0082000 rw-p 00000000 00:00 0 
7fcea0082000-7fcea4000000 ---p 00000000 00:00 0 
7fcea4000000-7fcea4021000 rw-p 00000000 00:00 0 
7fcea4021000-7fcea8000000 ---p 00000000 00:00 0 
7fcea8000000-7fcea8021000 rw-p 00000000 00:00 0 
7fcea8021000-7fceac000000 ---p 00000000 00:00 0 
7fceac000000-7fceac021000 rw-p 00000000 00:00 0 
7fceac021000-7fceb0000000 ---p 00000000 00:00 0 
7fceb0000000-7fceb0021000 rw-p 00000000 00:00 0 
7fceb0021000-7fceb4000000 ---p 00000000 00:00 0 
7fceb4000000-7fceb4021000 rw-p 00000000 00:00 0 
7fceb4021000-7fceb8000000 ---p 00000000 00:00 0 
7fceb8000000-7fceb8021000 rw-p 00000000 00:00 0 
7fceb8021000-7fcebc000000 ---p 00000000 00:00 0 
7fcebc000000-7fcebc021000 rw-p 00000000 00:00 0 
7fcebc021000-7fcec0000000 ---p 00000000 00:00 0 
7fcec0000000-7fcec13b5000 rw-p 00000000 00:00 0 
7fcec13b5000-7fcec4000000 ---p 00000000 00:00 0 
7fcec4000000-7fcec4f88000 rw-p 00000000 00:00 0 
7fcec4f88000-7fcec8000000 ---p 00000000 00:00 0 
7fcec8000000-7fcec8037000 rw-p 00000000 00:00 0 
7fcec8037000-7fcecc000000 ---p 00000000 00:00 0 
7fcecc000000-7fcecc021000 rw-p 00000000 00:00 0 
7fcecc021000-7fced0000000 ---p 00000000 00:00 0 
7fced0000000-7fced0021000 rw-p 00000000 00:00 0 
7fced0021000-7fced4000000 ---p 00000000 00:00 0 
7fced4000000-7fced4021000 rw-p 00000000 00:00 0 
7fced4021000-7fced8000000 ---p 00000000 00:00 0 
7fced8000000-7fced8021000 rw-p 00000000 00:00 0 
7fced8021000-7fcedc000000 ---p 00000000 00:00 0 
7fcedc000000-7fcedc021000 rw-p 00000000 00:00 0 
7fcedc021000-7fcee0000000 ---p 00000000 00:00 0 
7fcee1ee9000-7fcee1f29000 rw-p 00000000 00:00 0 
7fcee1f29000-7fcee20e9000 ---p 00000000 00:00 0 
7fcee20e9000-7fcee22e9000 rw-p 00000000 00:00 0 
7fcee22e9000-7fcee24e9000 rw-p 00000000 00:00 0 
7fcee24e9000-7fcee24ea000 ---p 00000000 00:00 0 
7fcee24ea000-7fcee25eb000 rw-p 00000000 00:00 0 
7fcee25eb000-7fcee25ec000 ---p 00000000 00:00 0 
7fcee25ec000-7fcee28d3000 rw-p 00000000 00:00 0 
7fcee28d3000-7fcee28ed000 ---p 00000000 00:00 0 
7fcee28ed000-7fcee2ad9000 rw-p 00000000 00:00 0 
7fcee2ad9000-7fcee2aed000 ---p 00000000 00:00 0 
7fcee2aed000-7fcee2ced000 rw-p 00000000 00:00 0 
7fcee2ced000-7fcee2cf1000 ---p 00000000 00:00 0 
7fcee2cf1000-7fcee2dee000 rw-p 00000000 00:00 0 
7fcee2dee000-7fcee2df2000 ---p 00000000 00:00 0 
7fcee2df2000-7fcee30ef000 rw-p 00000000 00:00 0 
7fcee30ef000-7fcee32ef000 rw-p 00000000 00:00 0 
7fcee32ef000-7fcee34ef000 rw-p 00000000 00:00 0 
7fcee34ef000-7fcee34f0000 ---p 00000000 00:00 0 
7fcee34f0000-7fcee35f1000 rw-p 00000000 00:00 0 
7fcee35f1000-7fcee35f2000 ---p 00000000 00:00 0 
7fcee35f2000-7fcee36f3000 rw-p 00000000 00:00 0 
7fcee36f3000-7fcee36f4000 ---p 00000000 00:00 0 
7fcee36f4000-7fcee37f5000 rw-p 00000000 00:00 0 
7fcee37f5000-7fcee37f6000 ---p 00000000 00:00 0 
7fcee37f6000-7fcee38f7000 rw-p 00000000 00:00 0 
7fcee38f7000-7fcee38f8000 ---p 00000000 00:00 0 
7fcee38f8000-7fcee39f9000 rw-p 00000000 00:00 0 
7fcee39f9000-7fcee39fd000 ---p 00000000 00:00 0 
7fcee39fd000-7fcee3afa000 rw-p 00000000 00:00 0 
7fcee3afa000-7fcee3afe000 ---p 00000000 00:00 0 
7fcee3afe000-7fcee3bfb000 rw-p 00000000 00:00 0 
7fcee3bfb000-7fcee3bff000 ---p 00000000 00:00 0 
7fcee3bff000-7fcee3cfc000 rw-p 00000000 00:00 0 
7fcee3cfc000-7fcee3d00000 ---p 00000000 00:00 0 
7fcee3d00000-7fcee3dfd000 rw-p 00000000 00:00 0 
7fcee3dfd000-7fcee3e01000 ---p 00000000 00:00 0 
7fcee3e01000-7fcee3efe000 rw-p 00000000 00:00 0 
7fcee3efe000-7fcee3eff000 ---p 00000000 00:00 0 
7fcee3eff000-7fcee4000000 rw-p 00000000 00:00 0 
7fcee4000000-7fcee4f71000 rw-p 00000000 00:00 0 
7fcee4f71000-7fcee8000000 ---p 00000000 00:00 0 
7fcee8000000-7fcee8821000 rw-p 00000000 00:00 0 
7fcee8821000-7fceec000000 ---p 00000000 00:00 0 
7fceec000000-7fceec021000 rw-p 00000000 00:00 0 
7fceec021000-7fcef0000000 ---p 00000000 00:00 0 
7fcef0000000-7fcef0021000 rw-p 00000000 00:00 0 
7fcef0021000-7fcef4000000 ---p 00000000 00:00 0 
7fcef4000000-7fcef4021000 rw-p 00000000 00:00 0 
7fcef4021000-7fcef8000000 ---p 00000000 00:00 0 
7fcef8000000-7fcef8021000 rw-p 00000000 00:00 0 
7fcef8021000-7fcefc000000 ---p 00000000 00:00 0 
7fcefc000000-7fcefc021000 rw-p 00000000 00:00 0 
7fcefc021000-7fcf00000000 ---p 00000000 00:00 0 
7fcf00000000-7fcf00030000 rw-p 00000000 00:00 0 
7fcf00030000-7fcf04000000 ---p 00000000 00:00 0 
7fcf04000000-7fcf04021000 rw-p 00000000 00:00 0 
7fcf04021000-7fcf08000000 ---p 00000000 00:00 0 
7fcf08000000-7fcf08021000 rw-p 00000000 00:00 0 
7fcf08021000-7fcf0c000000 ---p 00000000 00:00 0 
7fcf0c06f000-7fcf0c073000 r--p 00000000 103:06 3673759                   /lib/x86_64-linux-gnu/libresolv-2.31.so
7fcf0c073000-7fcf0c083000 r-xp 00004000 103:06 3673759                   /lib/x86_64-linux-gnu/libresolv-2.31.so
7fcf0c083000-7fcf0c087000 r--p 00014000 103:06 3673759                   /lib/x86_64-linux-gnu/libresolv-2.31.so
7fcf0c087000-7fcf0c088000 r--p 00017000 103:06 3673759                   /lib/x86_64-linux-gnu/libresolv-2.31.so
7fcf0c088000-7fcf0c089000 rw-p 00018000 103:06 3673759                   /lib/x86_64-linux-gnu/libresolv-2.31.so
7fcf0c089000-7fcf0c08b000 rw-p 00000000 00:00 0 
7fcf0c0a6000-7fcf0c0ae000 r--p 00000000 103:06 2950276                   /usr/lib/jvm/java-11-openjdk-amd64/lib/libsunec.so
7fcf0c0ae000-7fcf0c0c7000 r-xp 00008000 103:06 2950276                   /usr/lib/jvm/java-11-openjdk-amd64/lib/libsunec.so
7fcf0c0c7000-7fcf0c0d1000 r--p 00021000 103:06 2950276                   /usr/lib/jvm/java-11-openjdk-amd64/lib/libsunec.so
7fcf0c0d1000-7fcf0c0d2000 ---p 0002b000 103:06 2950276                   /usr/lib/jvm/java-11-openjdk-amd64/lib/libsunec.so
7fcf0c0d2000-7fcf0c0d6000 r--p 0002b000 103:06 2950276                   /usr/lib/jvm/java-11-openjdk-amd64/lib/libsunec.so
7fcf0c0d6000-7fcf0c0d8000 rw-p 0002f000 103:06 2950276                   /usr/lib/jvm/java-11-openjdk-amd64/lib/libsunec.so
7fcf0c0d8000-7fcf0c0dc000 ---p 00000000 00:00 0 
7fcf0c0dc000-7fcf0c0fa000 rw-p 00000000 00:00 0 
7fcf0c0fa000-7fcf0c0fe000 ---p 00000000 00:00 0 
7fcf0c0fe000-7fcf0c1fb000 rw-p 00000000 00:00 0 
7fcf0c1fb000-7fcf0c1ff000 ---p 00000000 00:00 0 
7fcf0c1ff000-7fcf0c2fc000 rw-p 00000000 00:00 0 
7fcf0c2fc000-7fcf0c300000 ---p 00000000 00:00 0 
7fcf0c300000-7fcf0c3fd000 rw-p 00000000 00:00 0 
7fcf0c3fd000-7fcf0c401000 ---p 00000000 00:00 0 
7fcf0c401000-7fcf0c4fe000 rw-p 00000000 00:00 0 
7fcf0c4fe000-7fcf0c502000 ---p 00000000 00:00 0 
7fcf0c502000-7fcf0c5ff000 rw-p 00000000 00:00 0 
7fcf0c5ff000-7fcf0cb70000 r--p 00000000 103:06 2889073                   /usr/lib/locale/locale-archive
7fcf0cb70000-7fcf0cb74000 ---p 00000000 00:00 0 
7fcf0cb74000-7fcf0cc71000 rw-p 00000000 00:00 0 
7fcf0cc71000-7fcf0cc75000 ---p 00000000 00:00 0 
7fcf0cc75000-7fcf0cd72000 rw-p 00000000 00:00 0 
7fcf0cd72000-7fcf0cd73000 ---p 00000000 00:00 0 
7fcf0cd73000-7fcf0d6f5000 rw-p 00000000 00:00 0 
7fcf0d6f5000-7fcf0d6f6000 ---p 00000000 00:00 0 
7fcf0d6f6000-7fcf0d7f7000 rw-p 00000000 00:00 0 
7fcf0d7f7000-7fcf0d7f8000 ---p 00000000 00:00 0 
7fcf0d7f8000-7fcf10000000 rw-p 00000000 00:00 0 
7fcf10000000-7fcf10021000 rw-p 00000000 00:00 0 
7fcf10021000-7fcf14000000 ---p 00000000 00:00 0 
7fcf14003000-7fcf14007000 r--p 00000000 103:06 2950270                   /usr/lib/jvm/java-11-openjdk-amd64/lib/libnet.so
7fcf14007000-7fcf14015000 r-xp 00004000 103:06 2950270                   /usr/lib/jvm/java-11-openjdk-amd64/lib/libnet.so
7fcf14015000-7fcf14019000 r--p 00012000 103:06 2950270                   /usr/lib/jvm/java-11-openjdk-amd64/lib/libnet.so
7fcf14019000-7fcf1401a000 r--p 00015000 103:06 2950270                   /usr/lib/jvm/java-11-openjdk-amd64/lib/libnet.so
7fcf1401a000-7fcf1401b000 rw-p 00016000 103:06 2950270                   /usr/lib/jvm/java-11-openjdk-amd64/lib/libnet.so
7fcf1401b000-7fcf1431e000 rw-p 00000000 00:00 0 
7fcf1431e000-7fcf1431f000 ---p 00000000 00:00 0 
7fcf1431f000-7fcf14800000 rw-p 00000000 00:00 0 
7fcf14800000-7fcf17208000 ---p 00000000 00:00 0 
7fcf17208000-7fcf17210000 rw-p 00000000 00:00 0 
7fcf17210000-7fcf18210000 ---p 00000000 00:00 0 
7fcf18210000-7fcf185f0000 rw-p 00000000 00:00 0 
7fcf185f0000-7fcf1aff8000 ---p 00000000 00:00 0 
7fcf1aff8000-7fcf1b000000 rw-p 00000000 00:00 0 
7fcf1b000000-7fcf1c000000 ---p 00000000 00:00 0 
7fcf1c000000-7fcf1c021000 rw-p 00000000 00:00 0 
7fcf1c021000-7fcf20000000 ---p 00000000 00:00 0 
7fcf20003000-7fcf20004000 r--p 00000000 103:06 2921601                   /usr/lib/jvm/java-11-openjdk-amd64/lib/libextnet.so
7fcf20004000-7fcf20005000 r-xp 00001000 103:06 2921601                   /usr/lib/jvm/java-11-openjdk-amd64/lib/libextnet.so
7fcf20005000-7fcf20006000 r--p 00002000 103:06 2921601                   /usr/lib/jvm/java-11-openjdk-amd64/lib/libextnet.so
7fcf20006000-7fcf20007000 r--p 00002000 103:06 2921601                   /usr/lib/jvm/java-11-openjdk-amd64/lib/libextnet.so
7fcf20007000-7fcf20008000 rw-p 00003000 103:06 2921601                   /usr/lib/jvm/java-11-openjdk-amd64/lib/libextnet.so
7fcf20008000-7fcf20009000 r--p 00000000 103:06 3673745                   /lib/x86_64-linux-gnu/libnss_dns-2.31.so
7fcf20009000-7fcf2000d000 r-xp 00001000 103:06 3673745                   /lib/x86_64-linux-gnu/libnss_dns-2.31.so
7fcf2000d000-7fcf2000e000 r--p 00005000 103:06 3673745                   /lib/x86_64-linux-gnu/libnss_dns-2.31.so
7fcf2000e000-7fcf2000f000 r--p 00005000 103:06 3673745                   /lib/x86_64-linux-gnu/libnss_dns-2.31.so
7fcf2000f000-7fcf20010000 rw-p 00006000 103:06 3673745                   /lib/x86_64-linux-gnu/libnss_dns-2.31.so
7fcf20010000-7fcf20017000 r--p 00000000 103:06 2950271                   /usr/lib/jvm/java-11-openjdk-amd64/lib/libnio.so
7fcf20017000-7fcf2001f000 r-xp 00007000 103:06 2950271                   /usr/lib/jvm/java-11-openjdk-amd64/lib/libnio.so
7fcf2001f000-7fcf20022000 r--p 0000f000 103:06 2950271                   /usr/lib/jvm/java-11-openjdk-amd64/lib/libnio.so
7fcf20022000-7fcf20023000 r--p 00011000 103:06 2950271                   /usr/lib/jvm/java-11-openjdk-amd64/lib/libnio.so
7fcf20023000-7fcf20024000 rw-p 00012000 103:06 2950271                   /usr/lib/jvm/java-11-openjdk-amd64/lib/libnio.so
7fcf20024000-7fcf200fb000 rw-p 00000000 00:00 0 
7fcf200fb000-7fcf2063c000 ---p 00000000 00:00 0 
7fcf2063c000-7fcf2063d000 rw-p 00000000 00:00 0 
7fcf2063d000-7fcf2083d000 ---p 00000000 00:00 0 
7fcf2083d000-7fcf20aad000 rwxp 00000000 00:00 0 
7fcf20aad000-7fcf20dce000 ---p 00000000 00:00 0 
7fcf20dce000-7fcf215ee000 rwxp 00000000 00:00 0 
7fcf215ee000-7fcf28305000 ---p 00000000 00:00 0 
7fcf28305000-7fcf28575000 rwxp 00000000 00:00 0 
7fcf28575000-7fcf2f83d000 ---p 00000000 00:00 0 
7fcf2f83d000-7fcf38000000 r--s 00000000 103:06 2950280                   /usr/lib/jvm/java-11-openjdk-amd64/lib/modules
7fcf38000000-7fcf3936a000 rw-p 00000000 00:00 0 
7fcf3936a000-7fcf3c000000 ---p 00000000 00:00 0 
7fcf3c003000-7fcf3c005000 r--p 00000000 103:06 2950268                   /usr/lib/jvm/java-11-openjdk-amd64/lib/libmanagement_ext.so
7fcf3c005000-7fcf3c008000 r-xp 00002000 103:06 2950268                   /usr/lib/jvm/java-11-openjdk-amd64/lib/libmanagement_ext.so
7fcf3c008000-7fcf3c00a000 r--p 00005000 103:06 2950268                   /usr/lib/jvm/java-11-openjdk-amd64/lib/libmanagement_ext.so
7fcf3c00a000-7fcf3c00b000 r--p 00006000 103:06 2950268                   /usr/lib/jvm/java-11-openjdk-amd64/lib/libmanagement_ext.so
7fcf3c00b000-7fcf3c00c000 rw-p 00007000 103:06 2950268                   /usr/lib/jvm/java-11-openjdk-amd64/lib/libmanagement_ext.so
7fcf3c00c000-7fcf3c00f000 r--p 00000000 103:06 2950266                   /usr/lib/jvm/java-11-openjdk-amd64/lib/libmanagement.so
7fcf3c00f000-7fcf3c010000 r-xp 00003000 103:06 2950266                   /usr/lib/jvm/java-11-openjdk-amd64/lib/libmanagement.so
7fcf3c010000-7fcf3c011000 r--p 00004000 103:06 2950266                   /usr/lib/jvm/java-11-openjdk-amd64/lib/libmanagement.so
7fcf3c011000-7fcf3c012000 r--p 00004000 103:06 2950266                   /usr/lib/jvm/java-11-openjdk-amd64/lib/libmanagement.so
7fcf3c012000-7fcf3c013000 rw-p 00005000 103:06 2950266                   /usr/lib/jvm/java-11-openjdk-amd64/lib/libmanagement.so
7fcf3c013000-7fcf3c014000 ---p 00000000 00:00 0 
7fcf3c014000-7fcf3c291000 rw-p 00000000 00:00 0 
7fcf3c291000-7fcf3c7d2000 ---p 00000000 00:00 0 
7fcf3c7d2000-7fcf3c7d3000 rw-p 00000000 00:00 0 
7fcf3c7d3000-7fcf3c9d3000 ---p 00000000 00:00 0 
7fcf3c9d3000-7fcf3ca4f000 rw-p 00000000 00:00 0 
7fcf3ca4f000-7fcf3cf90000 ---p 00000000 00:00 0 
7fcf3cf90000-7fcf3cf91000 rw-p 00000000 00:00 0 
7fcf3cf91000-7fcf3d191000 ---p 00000000 00:00 0 
7fcf3d191000-7fcf3db9b000 rw-p 00000000 00:00 0 
7fcf3db9b000-7fcf3db9c000 ---p 00000000 00:00 0 
7fcf3db9c000-7fcf3dca2000 rw-p 00000000 00:00 0 
7fcf3dca2000-7fcf3dd88000 ---p 00000000 00:00 0 
7fcf3dd88000-7fcf3dd99000 rw-p 00000000 00:00 0 
7fcf3dd99000-7fcf3de73000 ---p 00000000 00:00 0 
7fcf3de73000-7fcf3de78000 rw-p 00000000 00:00 0 
7fcf3de78000-7fcf3de7f000 ---p 00000000 00:00 0 
7fcf3de7f000-7fcf3de82000 r--p 00000000 103:06 3673747                   /lib/x86_64-linux-gnu/libnss_files-2.31.so
7fcf3de82000-7fcf3de89000 r-xp 00003000 103:06 3673747                   /lib/x86_64-linux-gnu/libnss_files-2.31.so
7fcf3de89000-7fcf3de8b000 r--p 0000a000 103:06 3673747                   /lib/x86_64-linux-gnu/libnss_files-2.31.so
7fcf3de8b000-7fcf3de8c000 r--p 0000b000 103:06 3673747                   /lib/x86_64-linux-gnu/libnss_files-2.31.so
7fcf3de8c000-7fcf3de8d000 rw-p 0000c000 103:06 3673747                   /lib/x86_64-linux-gnu/libnss_files-2.31.so
7fcf3de8d000-7fcf3de93000 rw-p 00000000 00:00 0 
7fcf3de93000-7fcf3de97000 r--p 00000000 103:06 3673741                   /lib/x86_64-linux-gnu/libnsl-2.31.so
7fcf3de97000-7fcf3dea7000 r-xp 00004000 103:06 3673741                   /lib/x86_64-linux-gnu/libnsl-2.31.so
7fcf3dea7000-7fcf3deac000 r--p 00014000 103:06 3673741                   /lib/x86_64-linux-gnu/libnsl-2.31.so
7fcf3deac000-7fcf3dead000 r--p 00018000 103:06 3673741                   /lib/x86_64-linux-gnu/libnsl-2.31.so
7fcf3dead000-7fcf3deae000 rw-p 00019000 103:06 3673741                   /lib/x86_64-linux-gnu/libnsl-2.31.so
7fcf3deae000-7fcf3deb0000 rw-p 00000000 00:00 0 
7fcf3deb0000-7fcf3deb2000 r--p 00000000 103:06 3673751                   /lib/x86_64-linux-gnu/libnss_nis-2.31.so
7fcf3deb2000-7fcf3deba000 r-xp 00002000 103:06 3673751                   /lib/x86_64-linux-gnu/libnss_nis-2.31.so
7fcf3deba000-7fcf3debc000 r--p 0000a000 103:06 3673751                   /lib/x86_64-linux-gnu/libnss_nis-2.31.so
7fcf3debc000-7fcf3debd000 r--p 0000b000 103:06 3673751                   /lib/x86_64-linux-gnu/libnss_nis-2.31.so
7fcf3debd000-7fcf3debe000 rw-p 0000c000 103:06 3673751                   /lib/x86_64-linux-gnu/libnss_nis-2.31.so
7fcf3debe000-7fcf3dec0000 r--p 00000000 103:06 3673743                   /lib/x86_64-linux-gnu/libnss_compat-2.31.so
7fcf3dec0000-7fcf3dec7000 r-xp 00002000 103:06 3673743                   /lib/x86_64-linux-gnu/libnss_compat-2.31.so
7fcf3dec7000-7fcf3dec8000 r--p 00009000 103:06 3673743                   /lib/x86_64-linux-gnu/libnss_compat-2.31.so
7fcf3dec8000-7fcf3dec9000 r--p 00009000 103:06 3673743                   /lib/x86_64-linux-gnu/libnss_compat-2.31.so
7fcf3dec9000-7fcf3deca000 rw-p 0000a000 103:06 3673743                   /lib/x86_64-linux-gnu/libnss_compat-2.31.so
7fcf3deca000-7fcf3decb000 r--p 00000000 103:06 3670771                   /lib/x86_64-linux-gnu/libnss_mdns4_minimal.so.2
7fcf3decb000-7fcf3decd000 r-xp 00001000 103:06 3670771                   /lib/x86_64-linux-gnu/libnss_mdns4_minimal.so.2
7fcf3decd000-7fcf3dece000 r--p 00003000 103:06 3670771                   /lib/x86_64-linux-gnu/libnss_mdns4_minimal.so.2
7fcf3dece000-7fcf3decf000 r--p 00003000 103:06 3670771                   /lib/x86_64-linux-gnu/libnss_mdns4_minimal.so.2
7fcf3decf000-7fcf3ded0000 rw-p 00004000 103:06 3670771                   /lib/x86_64-linux-gnu/libnss_mdns4_minimal.so.2
7fcf3ded0000-7fcf3ded2000 r--s 0000c000 103:06 3282460                   /usr/share/java/java-atk-wrapper.jar
7fcf3ded2000-7fcf3ded4000 r--p 00000000 103:06 2950279                   /usr/lib/jvm/java-11-openjdk-amd64/lib/libzip.so
7fcf3ded4000-7fcf3ded9000 r-xp 00002000 103:06 2950279                   /usr/lib/jvm/java-11-openjdk-amd64/lib/libzip.so
7fcf3ded9000-7fcf3dedb000 r--p 00007000 103:06 2950279                   /usr/lib/jvm/java-11-openjdk-amd64/lib/libzip.so
7fcf3dedb000-7fcf3dedc000 r--p 00008000 103:06 2950279                   /usr/lib/jvm/java-11-openjdk-amd64/lib/libzip.so
7fcf3dedc000-7fcf3dedd000 rw-p 00009000 103:06 2950279                   /usr/lib/jvm/java-11-openjdk-amd64/lib/libzip.so
7fcf3dedd000-7fcf3dee5000 rw-s 00000000 103:06 3801710                   /tmp/hsperfdata_artur/262958
7fcf3dee5000-7fcf3dee6000 ---p 00000000 00:00 0 
7fcf3dee6000-7fcf3dee7000 r--p 00000000 00:00 0 
7fcf3dee7000-7fcf3def5000 r--p 00000000 103:06 2950259                   /usr/lib/jvm/java-11-openjdk-amd64/lib/libjava.so
7fcf3def5000-7fcf3df0b000 r-xp 0000e000 103:06 2950259                   /usr/lib/jvm/java-11-openjdk-amd64/lib/libjava.so
7fcf3df0b000-7fcf3df12000 r--p 00024000 103:06 2950259                   /usr/lib/jvm/java-11-openjdk-amd64/lib/libjava.so
7fcf3df12000-7fcf3df13000 r--p 0002a000 103:06 2950259                   /usr/lib/jvm/java-11-openjdk-amd64/lib/libjava.so
7fcf3df13000-7fcf3df14000 rw-p 0002b000 103:06 2950259                   /usr/lib/jvm/java-11-openjdk-amd64/lib/libjava.so
7fcf3df14000-7fcf3df15000 rw-p 00000000 00:00 0 
7fcf3df15000-7fcf3df17000 r--p 00000000 103:06 3673760                   /lib/x86_64-linux-gnu/librt-2.31.so
7fcf3df17000-7fcf3df1b000 r-xp 00002000 103:06 3673760                   /lib/x86_64-linux-gnu/librt-2.31.so
7fcf3df1b000-7fcf3df1d000 r--p 00006000 103:06 3673760                   /lib/x86_64-linux-gnu/librt-2.31.so
7fcf3df1d000-7fcf3df1e000 r--p 00007000 103:06 3673760                   /lib/x86_64-linux-gnu/librt-2.31.so
7fcf3df1e000-7fcf3df1f000 rw-p 00008000 103:06 3673760                   /lib/x86_64-linux-gnu/librt-2.31.so
7fcf3df1f000-7fcf3df23000 ---p 00000000 00:00 0 
7fcf3df23000-7fcf3e020000 rw-p 00000000 00:00 0 
7fcf3e020000-7fcf3e023000 r--p 00000000 103:06 3670736                   /lib/x86_64-linux-gnu/libgcc_s.so.1
7fcf3e023000-7fcf3e035000 r-xp 00003000 103:06 3670736                   /lib/x86_64-linux-gnu/libgcc_s.so.1
7fcf3e035000-7fcf3e039000 r--p 00015000 103:06 3670736                   /lib/x86_64-linux-gnu/libgcc_s.so.1
7fcf3e039000-7fcf3e03a000 r--p 00018000 103:06 3670736                   /lib/x86_64-linux-gnu/libgcc_s.so.1
7fcf3e03a000-7fcf3e03b000 rw-p 00019000 103:06 3670736                   /lib/x86_64-linux-gnu/libgcc_s.so.1
7fcf3e03b000-7fcf3e048000 r--p 00000000 103:06 3673735                   /lib/x86_64-linux-gnu/libm-2.31.so
7fcf3e048000-7fcf3e0ef000 r-xp 0000d000 103:06 3673735                   /lib/x86_64-linux-gnu/libm-2.31.so
7fcf3e0ef000-7fcf3e188000 r--p 000b4000 103:06 3673735                   /lib/x86_64-linux-gnu/libm-2.31.so
7fcf3e188000-7fcf3e189000 r--p 0014c000 103:06 3673735                   /lib/x86_64-linux-gnu/libm-2.31.so
7fcf3e189000-7fcf3e18a000 rw-p 0014d000 103:06 3673735                   /lib/x86_64-linux-gnu/libm-2.31.so
7fcf3e18a000-7fcf3e220000 r--p 00000000 103:06 2883678                   /usr/lib/x86_64-linux-gnu/libstdc++.so.6.0.28
7fcf3e220000-7fcf3e311000 r-xp 00096000 103:06 2883678                   /usr/lib/x86_64-linux-gnu/libstdc++.so.6.0.28
7fcf3e311000-7fcf3e35a000 r--p 00187000 103:06 2883678                   /usr/lib/x86_64-linux-gnu/libstdc++.so.6.0.28
7fcf3e35a000-7fcf3e35b000 ---p 001d0000 103:06 2883678                   /usr/lib/x86_64-linux-gnu/libstdc++.so.6.0.28
7fcf3e35b000-7fcf3e366000 r--p 001d0000 103:06 2883678                   /usr/lib/x86_64-linux-gnu/libstdc++.so.6.0.28
7fcf3e366000-7fcf3e369000 rw-p 001db000 103:06 2883678                   /usr/lib/x86_64-linux-gnu/libstdc++.so.6.0.28
7fcf3e369000-7fcf3e36c000 rw-p 00000000 00:00 0 
7fcf3e36c000-7fcf3e5ee000 r--p 00000000 103:06 3801974                   /usr/lib/jvm/java-11-openjdk-amd64/lib/server/libjvm.so
7fcf3e5ee000-7fcf3f273000 r-xp 00282000 103:06 3801974                   /usr/lib/jvm/java-11-openjdk-amd64/lib/server/libjvm.so
7fcf3f273000-7fcf3f4cf000 r--p 00f07000 103:06 3801974                   /usr/lib/jvm/java-11-openjdk-amd64/lib/server/libjvm.so
7fcf3f4cf000-7fcf3f593000 r--p 01162000 103:06 3801974                   /usr/lib/jvm/java-11-openjdk-amd64/lib/server/libjvm.so
7fcf3f593000-7fcf3f5ce000 rw-p 01226000 103:06 3801974                   /usr/lib/jvm/java-11-openjdk-amd64/lib/server/libjvm.so
7fcf3f5ce000-7fcf3f627000 rw-p 00000000 00:00 0 
7fcf3f627000-7fcf3f62d000 r--p 00000000 103:06 3673757                   /lib/x86_64-linux-gnu/libpthread-2.31.so
7fcf3f62d000-7fcf3f63e000 r-xp 00006000 103:06 3673757                   /lib/x86_64-linux-gnu/libpthread-2.31.so
7fcf3f63e000-7fcf3f644000 r--p 00017000 103:06 3673757                   /lib/x86_64-linux-gnu/libpthread-2.31.so
7fcf3f644000-7fcf3f645000 r--p 0001c000 103:06 3673757                   /lib/x86_64-linux-gnu/libpthread-2.31.so
7fcf3f645000-7fcf3f646000 rw-p 0001d000 103:06 3673757                   /lib/x86_64-linux-gnu/libpthread-2.31.so
7fcf3f646000-7fcf3f64a000 rw-p 00000000 00:00 0 
7fcf3f64a000-7fcf3f64b000 r--p 00000000 103:06 3673733                   /lib/x86_64-linux-gnu/libdl-2.31.so
7fcf3f64b000-7fcf3f64d000 r-xp 00001000 103:06 3673733                   /lib/x86_64-linux-gnu/libdl-2.31.so
7fcf3f64d000-7fcf3f64e000 r--p 00003000 103:06 3673733                   /lib/x86_64-linux-gnu/libdl-2.31.so
7fcf3f64e000-7fcf3f64f000 r--p 00003000 103:06 3673733                   /lib/x86_64-linux-gnu/libdl-2.31.so
7fcf3f64f000-7fcf3f650000 rw-p 00004000 103:06 3673733                   /lib/x86_64-linux-gnu/libdl-2.31.so
7fcf3f650000-7fcf3f652000 r--p 00000000 103:06 3672931                   /lib/x86_64-linux-gnu/libz.so.1.2.11
7fcf3f652000-7fcf3f663000 r-xp 00002000 103:06 3672931                   /lib/x86_64-linux-gnu/libz.so.1.2.11
7fcf3f663000-7fcf3f669000 r--p 00013000 103:06 3672931                   /lib/x86_64-linux-gnu/libz.so.1.2.11
7fcf3f669000-7fcf3f66a000 ---p 00019000 103:06 3672931                   /lib/x86_64-linux-gnu/libz.so.1.2.11
7fcf3f66a000-7fcf3f66b000 r--p 00019000 103:06 3672931                   /lib/x86_64-linux-gnu/libz.so.1.2.11
7fcf3f66b000-7fcf3f66c000 rw-p 0001a000 103:06 3672931                   /lib/x86_64-linux-gnu/libz.so.1.2.11
7fcf3f66c000-7fcf3f68e000 r--p 00000000 103:06 3673731                   /lib/x86_64-linux-gnu/libc-2.31.so
7fcf3f68e000-7fcf3f806000 r-xp 00022000 103:06 3673731                   /lib/x86_64-linux-gnu/libc-2.31.so
7fcf3f806000-7fcf3f854000 r--p 0019a000 103:06 3673731                   /lib/x86_64-linux-gnu/libc-2.31.so
7fcf3f854000-7fcf3f858000 r--p 001e7000 103:06 3673731                   /lib/x86_64-linux-gnu/libc-2.31.so
7fcf3f858000-7fcf3f85a000 rw-p 001eb000 103:06 3673731                   /lib/x86_64-linux-gnu/libc-2.31.so
7fcf3f85a000-7fcf3f85e000 rw-p 00000000 00:00 0 
7fcf3f85e000-7fcf3f860000 r--p 00000000 103:06 2950262                   /usr/lib/jvm/java-11-openjdk-amd64/lib/libjimage.so
7fcf3f860000-7fcf3f863000 r-xp 00002000 103:06 2950262                   /usr/lib/jvm/java-11-openjdk-amd64/lib/libjimage.so
7fcf3f863000-7fcf3f864000 r--p 00005000 103:06 2950262                   /usr/lib/jvm/java-11-openjdk-amd64/lib/libjimage.so
7fcf3f864000-7fcf3f865000 ---p 00006000 103:06 2950262                   /usr/lib/jvm/java-11-openjdk-amd64/lib/libjimage.so
7fcf3f865000-7fcf3f866000 r--p 00006000 103:06 2950262                   /usr/lib/jvm/java-11-openjdk-amd64/lib/libjimage.so
7fcf3f866000-7fcf3f867000 rw-p 00007000 103:06 2950262                   /usr/lib/jvm/java-11-openjdk-amd64/lib/libjimage.so
7fcf3f867000-7fcf3f86c000 r--p 00000000 103:06 2950278                   /usr/lib/jvm/java-11-openjdk-amd64/lib/libverify.so
7fcf3f86c000-7fcf3f873000 r-xp 00005000 103:06 2950278                   /usr/lib/jvm/java-11-openjdk-amd64/lib/libverify.so
7fcf3f873000-7fcf3f875000 r--p 0000c000 103:06 2950278                   /usr/lib/jvm/java-11-openjdk-amd64/lib/libverify.so
7fcf3f875000-7fcf3f876000 ---p 0000e000 103:06 2950278                   /usr/lib/jvm/java-11-openjdk-amd64/lib/libverify.so
7fcf3f876000-7fcf3f878000 r--p 0000e000 103:06 2950278                   /usr/lib/jvm/java-11-openjdk-amd64/lib/libverify.so
7fcf3f878000-7fcf3f879000 rw-p 00010000 103:06 2950278                   /usr/lib/jvm/java-11-openjdk-amd64/lib/libverify.so
7fcf3f879000-7fcf3f87c000 r--p 00000000 103:06 3671919                   /usr/lib/jvm/java-11-openjdk-amd64/lib/jli/libjli.so
7fcf3f87c000-7fcf3f886000 r-xp 00003000 103:06 3671919                   /usr/lib/jvm/java-11-openjdk-amd64/lib/jli/libjli.so
7fcf3f886000-7fcf3f889000 r--p 0000d000 103:06 3671919                   /usr/lib/jvm/java-11-openjdk-amd64/lib/jli/libjli.so
7fcf3f889000-7fcf3f88a000 ---p 00010000 103:06 3671919                   /usr/lib/jvm/java-11-openjdk-amd64/lib/jli/libjli.so
7fcf3f88a000-7fcf3f88b000 r--p 00010000 103:06 3671919                   /usr/lib/jvm/java-11-openjdk-amd64/lib/jli/libjli.so
7fcf3f88b000-7fcf3f88c000 rw-p 00011000 103:06 3671919                   /usr/lib/jvm/java-11-openjdk-amd64/lib/jli/libjli.so
7fcf3f88c000-7fcf3f88e000 rw-p 00000000 00:00 0 
7fcf3f88e000-7fcf3f88f000 r--p 00000000 103:06 3673723                   /lib/x86_64-linux-gnu/ld-2.31.so
7fcf3f88f000-7fcf3f8b2000 r-xp 00001000 103:06 3673723                   /lib/x86_64-linux-gnu/ld-2.31.so
7fcf3f8b2000-7fcf3f8ba000 r--p 00024000 103:06 3673723                   /lib/x86_64-linux-gnu/ld-2.31.so
7fcf3f8bb000-7fcf3f8bc000 r--p 0002c000 103:06 3673723                   /lib/x86_64-linux-gnu/ld-2.31.so
7fcf3f8bc000-7fcf3f8bd000 rw-p 0002d000 103:06 3673723                   /lib/x86_64-linux-gnu/ld-2.31.so
7fcf3f8bd000-7fcf3f8be000 rw-p 00000000 00:00 0 
7ffcc5b13000-7ffcc5b35000 rw-p 00000000 00:00 0                          [stack]
7ffcc5b9e000-7ffcc5ba1000 r--p 00000000 00:00 0                          [vvar]
7ffcc5ba1000-7ffcc5ba2000 r-xp 00000000 00:00 0                          [vdso]
ffffffffff600000-ffffffffff601000 --xp 00000000 00:00 0                  [vsyscall]


VM Arguments:
java_command: /home/artur/Desktop/3ano/TQS/tqs_98470/lab7/lab7_1/ex1/target/surefire/surefirebooter270928832817644219.jar /home/artur/Desktop/3ano/TQS/tqs_98470/lab7/lab7_1/ex1/target/surefire 2022-04-21T17-46-06_900-jvmRun1 surefire17315532166357936703tmp surefire_016780086738348318856tmp
java_class_path (initial): /home/artur/Desktop/3ano/TQS/tqs_98470/lab7/lab7_1/ex1/target/surefire/surefirebooter270928832817644219.jar
Launcher Type: SUN_STANDARD

[Global flags]
     intx CICompilerCount                          = 4                                         {product} {ergonomic}
     uint ConcGCThreads                            = 3                                         {product} {ergonomic}
     uint G1ConcRefinementThreads                  = 10                                        {product} {ergonomic}
   size_t G1HeapRegionSize                         = 1048576                                   {product} {ergonomic}
    uintx GCDrainStackTargetSize                   = 64                                        {product} {ergonomic}
   size_t InitialHeapSize                          = 260046848                                 {product} {ergonomic}
   size_t MarkStackSize                            = 4194304                                   {product} {ergonomic}
   size_t MaxHeapSize                              = 4156555264                                {product} {ergonomic}
   size_t MaxNewSize                               = 2493513728                                {product} {ergonomic}
   size_t MinHeapDeltaBytes                        = 1048576                                   {product} {ergonomic}
    uintx NonNMethodCodeHeapSize                   = 5836300                                {pd product} {ergonomic}
    uintx NonProfiledCodeHeapSize                  = 122910970                              {pd product} {ergonomic}
    uintx ProfiledCodeHeapSize                     = 122910970                              {pd product} {ergonomic}
    uintx ReservedCodeCacheSize                    = 251658240                              {pd product} {ergonomic}
     bool SegmentedCodeCache                       = true                                      {product} {ergonomic}
     bool UseCompressedClassPointers               = true                                 {lp64_product} {ergonomic}
     bool UseCompressedOops                        = true                                 {lp64_product} {ergonomic}
     bool UseG1GC                                  = true                                      {product} {ergonomic}

Logging:
Log output configuration:
 #0: stdout all=warning uptime,level,tags
 #1: stderr all=off uptime,level,tags

Environment Variables:
JAVA_HOME=/usr/lib/jvm/java-11-openjdk-amd64
CLASSPATH=.:/usr/local/lib/antlr-4.9.2-complete.jar:/usr/local/lib/ST-4.3.1.jar:
PATH=/home/artur/.local/bin:/home/artur/.nvm/versions/node/v14.17.0/bin:/home/artur/.local/bin:/usr/local/sbin:/usr/local/bin:/usr/sbin:/usr/bin:/sbin:/bin:/usr/games:/usr/local/games:/snap/bin:/usr/lib/jvm/java-16-oracle/bin:/usr/lib/jvm/java-16-oracle/db/bin:/usr/lib/jvm/java-16-oracle/bin:/usr/lib/jvm/java-16-oracle/db/bin:/opt/bin:.::/opt/bin:.:
USERNAME=artur
SHELL=/bin/bash
DISPLAY=:0
LANG=en_US.UTF-8
LC_CTYPE=pt_PT.UTF-8

Signal Handlers:
SIGSEGV: [libjvm.so+0xe94e20], sa_mask[0]=11111111011111111101111111111110, sa_flags=SA_RESTART|SA_SIGINFO
SIGBUS: [libjvm.so+0xe94e20], sa_mask[0]=11111111011111111101111111111110, sa_flags=SA_RESTART|SA_SIGINFO
SIGFPE: [libjvm.so+0xe94e20], sa_mask[0]=11111111011111111101111111111110, sa_flags=SA_RESTART|SA_SIGINFO
SIGPIPE: [libjvm.so+0xbdc9e0], sa_mask[0]=11111111011111111101111111111110, sa_flags=SA_RESTART|SA_SIGINFO
SIGXFSZ: [libjvm.so+0xbdc9e0], sa_mask[0]=11111111011111111101111111111110, sa_flags=SA_RESTART|SA_SIGINFO
SIGILL: [libjvm.so+0xe94e20], sa_mask[0]=11111111011111111101111111111110, sa_flags=SA_RESTART|SA_SIGINFO
SIGUSR2: [libjvm.so+0xbdc880], sa_mask[0]=00100000000000000000000000000000, sa_flags=SA_RESTART|SA_SIGINFO
SIGHUP: [libjvm.so+0xbdcd20], sa_mask[0]=11111111011111111101111111111110, sa_flags=SA_RESTART|SA_SIGINFO
SIGINT: [libjvm.so+0xbdcd20], sa_mask[0]=11111111011111111101111111111110, sa_flags=SA_RESTART|SA_SIGINFO
SIGTERM: [libjvm.so+0xbdcd20], sa_mask[0]=11111111011111111101111111111110, sa_flags=SA_RESTART|SA_SIGINFO
SIGQUIT: [libjvm.so+0xbdcd20], sa_mask[0]=11111111011111111101111111111110, sa_flags=SA_RESTART|SA_SIGINFO


---------------  S Y S T E M  ---------------

OS:DISTRIB_ID=Ubuntu
DISTRIB_RELEASE=20.04
DISTRIB_CODENAME=focal
DISTRIB_DESCRIPTION="Ubuntu 20.04.4 LTS"
uname:Linux 5.4.0-107-generic #121-Ubuntu SMP Thu Mar 24 16:04:27 UTC 2022 x86_64
OS uptime: 2 days 1:47 hours
libc:glibc 2.31 NPTL 2.31 
rlimit (soft/hard): STACK 8192k/infinity , CORE 0k/infinity , NPROC 63159/63159 , NOFILE 1048576/1048576 , AS infinity/infinity , CPU infinity/infinity , DATA infinity/infinity , FSIZE infinity/infinity , MEMLOCK 65536k/65536k
load average:1,06 1,36 1,24

/proc/meminfo:
MemTotal:       16231500 kB
MemFree:         1289744 kB
MemAvailable:    8658904 kB
Buffers:          613828 kB
Cached:          7302168 kB
SwapCached:         1264 kB
Active:         10035440 kB
Inactive:        3504408 kB
Active(anon):    5788632 kB
Inactive(anon):   707628 kB
Active(file):    4246808 kB
Inactive(file):  2796780 kB
Unevictable:      268632 kB
Mlocked:             112 kB
SwapTotal:       2097148 kB
SwapFree:        2084668 kB
Dirty:              1392 kB
Writeback:             0 kB
AnonPages:       5891996 kB
Mapped:          1596812 kB
Shmem:            880128 kB
KReclaimable:     667752 kB
Slab:             920332 kB
SReclaimable:     667752 kB
SUnreclaim:       252580 kB
KernelStack:       24896 kB
PageTables:        60972 kB
NFS_Unstable:          0 kB
Bounce:                0 kB
WritebackTmp:          0 kB
CommitLimit:    10212896 kB
Committed_AS:   18969636 kB
VmallocTotal:   34359738367 kB
VmallocUsed:       59640 kB
VmallocChunk:          0 kB
Percpu:            17280 kB
HardwareCorrupted:     0 kB
AnonHugePages:         0 kB
ShmemHugePages:        0 kB
ShmemPmdMapped:        0 kB
FileHugePages:         0 kB
FilePmdMapped:         0 kB
CmaTotal:              0 kB
CmaFree:               0 kB
HugePages_Total:       0
HugePages_Free:        0
HugePages_Rsvd:        0
HugePages_Surp:        0
Hugepagesize:       2048 kB
Hugetlb:               0 kB
DirectMap4k:      664356 kB
DirectMap2M:    12808192 kB
DirectMap1G:     3145728 kB

/sys/kernel/mm/transparent_hugepage/enabled:
always [madvise] never
/sys/kernel/mm/transparent_hugepage/defrag (defrag/compaction efforts parameter):
always defer defer+madvise [madvise] never

Process Memory:
Virtual Size: 7772388K (peak: 15579188K)
Resident Set Size: 287568K (peak: 288004K) (anon: 257388K, file: 30180K, shmem: 0K)
Swapped out: 0K
C-Heap outstanding allocations: 67669K

/proc/sys/kernel/threads-max (system-wide limit on the number of threads):
126319
/proc/sys/vm/max_map_count (maximum number of memory map areas a process may have):
1048575
/proc/sys/kernel/pid_max (system-wide limit on number of process identifiers):
4194304

container (cgroup) information:
container_type: cgroupv1
cpu_cpuset_cpus: 0-11
cpu_memory_nodes: 0
active_processor_count: 12
cpu_quota: -1
cpu_period: 100000
cpu_shares: -1
memory_limit_in_bytes: -1
memory_and_swap_limit_in_bytes: -2
memory_soft_limit_in_bytes: -1
memory_usage_in_bytes: 11212496896
memory_max_usage_in_bytes: 12677107712

Steal ticks since vm start: 0
Steal ticks percentage since vm start:  0,000

CPU:total 12 (initial active 12) (6 cores per cpu, 2 threads per core) family 6 model 158 stepping 13 microcode 0xea, cmov, cx8, fxsr, mmx, sse, sse2, sse3, ssse3, sse4.1, sse4.2, popcnt, avx, avx2, aes, clmul, erms, 3dnowpref, lzcnt, ht, tsc, tscinvbit, bmi1, bmi2, adx, fma
CPU Model and flags from /proc/cpuinfo:
model name	: Intel(R) Core(TM) i7-9750H CPU @ 2.60GHz
flags		: fpu vme de pse tsc msr pae mce cx8 apic sep mtrr pge mca cmov pat pse36 clflush dts acpi mmx fxsr sse sse2 ss ht tm pbe syscall nx pdpe1gb rdtscp lm constant_tsc art arch_perfmon pebs bts rep_good nopl xtopology nonstop_tsc cpuid aperfmperf pni pclmulqdq dtes64 monitor ds_cpl vmx est tm2 ssse3 sdbg fma cx16 xtpr pdcm pcid sse4_1 sse4_2 x2apic movbe popcnt tsc_deadline_timer aes xsave avx f16c rdrand lahf_lm abm 3dnowprefetch cpuid_fault epb invpcid_single ssbd ibrs ibpb stibp ibrs_enhanced tpr_shadow vnmi flexpriority ept vpid ept_ad fsgsbase tsc_adjust bmi1 avx2 smep bmi2 erms invpcid mpx rdseed adx smap clflushopt intel_pt xsaveopt xsavec xgetbv1 xsaves dtherm ida arat pln pts hwp hwp_notify hwp_act_window hwp_epp md_clear flush_l1d arch_capabilities
Online cpus:
0-11
Offline cpus:

BIOS frequency limitation:
<Not Available>
Frequency switch latency (ns):
0
Available cpu frequencies:
<Not Available>
Current governor:
powersave
Core performance/turbo boost:
<Not Available>

Memory: 4k page, physical 16231500k(1290248k free), swap 2097148k(2084668k free)

vm_info: OpenJDK 64-Bit Server VM (11.0.14.1+1-Ubuntu-0ubuntu1.20.04) for linux-amd64 JRE (11.0.14.1+1-Ubuntu-0ubuntu1.20.04), built on Mar 27 2022 10:06:41 by "unknown" with gcc 9.4.0

END.
