#
# A fatal error has been detected by the Java Runtime Environment:
#
#  SIGSEGV (0xb) at pc=0x00007f16a2e97c5d, pid=371564, tid=371595
#
# JRE version: OpenJDK Runtime Environment (11.0.14+9) (build 11.0.14+9-Ubuntu-0ubuntu2.20.04)
# Java VM: OpenJDK 64-Bit Server VM (11.0.14+9-Ubuntu-0ubuntu2.20.04, mixed mode, sharing, tiered, compressed oops, g1 gc, linux-amd64)
# Problematic frame:
# V  [libjvm.so+0x791c5d]
#
# Core dump will be written. Default location: Core dumps may be processed with "/usr/share/apport/apport %p %s %c %d %P %E" (or dumping to /home/artur/Desktop/3ano/TQS/tqs_98470/lab3/lab3_2/ex2/core.371564)
#
# If you would like to submit a bug report, please visit:
#   https://bugs.launchpad.net/ubuntu/+source/openjdk-lts
#

---------------  S U M M A R Y ------------

Command Line: /home/artur/Desktop/3ano/TQS/tqs_98470/lab3/lab3_2/ex2/target/surefire/surefirebooter15910717613826768173.jar /home/artur/Desktop/3ano/TQS/tqs_98470/lab3/lab3_2/ex2/target/surefire 2022-04-04T02-29-39_435-jvmRun1 surefire13534547731373654382tmp surefire_02928359234847842332tmp

Host: Intel(R) Core(TM) i7-9750H CPU @ 2.60GHz, 12 cores, 15G, Ubuntu 20.04.4 LTS
Time: Mon Apr  4 02:29:42 2022 WEST elapsed time: 2.672192 seconds (0d 0h 0m 2s)

---------------  T H R E A D  ---------------

Current thread (0x00007f1664006000):  GCTaskThread "GC Thread#4" [stack: 0x00007f16378f7000,0x00007f16379f7000] [id=371595]

Stack: [0x00007f16378f7000,0x00007f16379f7000],  sp=0x00007f16379f5980,  free space=1018k
Native frames: (J=compiled Java code, A=aot compiled Java code, j=interpreted, Vv=VM code, C=native code)
V  [libjvm.so+0x791c5d]
V  [libjvm.so+0x78f62b]
V  [libjvm.so+0x7a29bd]
V  [libjvm.so+0x7027ff]
V  [libjvm.so+0x7462f2]
V  [libjvm.so+0x79dadf]
V  [libjvm.so+0x79dc50]
V  [libjvm.so+0x756892]
V  [libjvm.so+0xec0bdd]
V  [libjvm.so+0xe27bf0]
V  [libjvm.so+0xbe63f6]


siginfo: si_signo: 11 (SIGSEGV), si_code: 1 (SEGV_MAPERR), si_addr: 0x000000000000001c

Register to memory mapping:

RAX=0x000000000000001c is an unknown value
RBX=0x0000000000000007 is an unknown value
RCX=0x0000000000000014 is an unknown value
RDX=0x000000000000710a is an unknown value
RSP=0x00007f16379f5980 points into unknown readable memory: 0x00007f16379f59a0 | a0 59 9f 37 16 7f 00 00
RBP=0x00007f16379f5a00 points into unknown readable memory: 0x00007f16379f5a90 | 90 5a 9f 37 16 7f 00 00
RSI=0x0000000000000001 is an unknown value
RDI=0x0000000800295d68 is pointing into metadata
R8 =0x0000000710a31040 points into unknown readable memory: 0x000000000000001c | 1c 00 00 00 00 00 00 00
R9 =0x0000000000000001 is an unknown value
R10=0x000000000000001c is an unknown value
R11=0x0000000000000001 is an unknown value
R12=0x0000000710a31040 points into unknown readable memory: 0x000000000000001c | 1c 00 00 00 00 00 00 00
R13=0x00007f16100027d0 points into unknown readable memory: 0x00007f16a3875fd0 | d0 5f 87 a3 16 7f 00 00
R14=0x0000000000000007 is an unknown value
R15=0x0000000000000001 is an unknown value


Registers:
RAX=0x000000000000001c, RBX=0x0000000000000007, RCX=0x0000000000000014, RDX=0x000000000000710a
RSP=0x00007f16379f5980, RBP=0x00007f16379f5a00, RSI=0x0000000000000001, RDI=0x0000000800295d68
R8 =0x0000000710a31040, R9 =0x0000000000000001, R10=0x000000000000001c, R11=0x0000000000000001
R12=0x0000000710a31040, R13=0x00007f16100027d0, R14=0x0000000000000007, R15=0x0000000000000001
RIP=0x00007f16a2e97c5d, EFLAGS=0x0000000000010202, CSGSFS=0x002b000000000033, ERR=0x0000000000000004
  TRAPNO=0x000000000000000e

Top of Stack: (sp=0x00007f16379f5980)
0x00007f16379f5980:   00007f16379f59a0 00007ffd07c56918
0x00007f16379f5990:   00007f16379f59d0 00007f16a3979d80
0x00007f16379f59a0:   0000000000000009 00007f16a3ae3001
0x00007f16379f59b0:   0000000000000005 0000000700000000 

Instructions: (pc=0x00007f16a2e97c5d)
0x00007f16a2e97b5d:   b6 30 40 84 f6 0f 84 98 03 00 00 48 8d 05 e1 6c
0x00007f16a2e97b6d:   ab 00 8b 78 08 4c 8b 00 41 8b 41 08 89 f9 48 d3
0x00007f16a2e97b7d:   e0 41 81 7c 00 08 00 00 00 c0 0f 8c 03 04 00 00
0x00007f16a2e97b8d:   49 8b 45 08 4c 89 ca 8b 88 c0 02 00 00 48 8b 80
0x00007f16a2e97b9d:   b0 02 00 00 48 d3 ea 48 8b 04 d0 49 89 85 90 01
0x00007f16a2e97bad:   00 00 41 8b 51 08 89 f9 48 d3 e2 4c 01 c2 48 63
0x00007f16a2e97bbd:   4a 0c 4c 89 4d b8 4c 89 ce 4c 89 f7 48 8d 05 30
0x00007f16a2e97bcd:   2e ae 00 ff 14 c8 4c 8b 4d b8 48 83 c4 58 5b 41
0x00007f16a2e97bdd:   5c 4c 89 c8 41 5d 41 5e 41 5f 5d c3 0f 1f 80 00
0x00007f16a2e97bed:   00 00 00 0f 84 9a 00 00 00 3c 01 48 8d 05 cd a8
0x00007f16a2e97bfd:   a9 00 48 19 c9 8b 10 83 e1 04 89 d8 4d 63 74 0c
0x00007f16a2e97c0d:   0c c1 f8 10 89 d9 8d 72 ff 0f b6 c0 f7 da 48 63
0x00007f16a2e97c1d:   f6 49 d3 e6 48 01 f0 49 01 c6 48 63 c2 49 21 c6
0x00007f16a2e97c2d:   49 c1 ee 03 44 89 f3 4d 63 f6 e9 24 fd ff ff 0f
0x00007f16a2e97c3d:   1f 40 00 48 8b 7a 08 e9 fd fc ff ff 0f 1f 80 00
0x00007f16a2e97c4d:   00 00 00 41 f6 c2 01 75 62 4c 89 d0 48 83 e0 fd
0x00007f16a2e97c5d:   4c 8b 00 49 c1 e8 03 44 89 c0 83 e0 0f 89 45 b8
0x00007f16a2e97c6d:   41 3b 85 6c 01 00 00 0f 83 1b fd ff ff 41 bb 01
0x00007f16a2e97c7d:   00 00 00 31 c9 b8 01 00 00 00 e9 35 fd ff ff 0f
0x00007f16a2e97c8d:   1f 40 00 48 8b 07 48 8d 15 06 44 dc ff 45 31 f6
0x00007f16a2e97c9d:   48 8b 80 10 01 00 00 48 39 d0 0f 84 b3 fc ff ff
0x00007f16a2e97cad:   e9 08 fe ff ff 66 0f 1f 44 00 00 4d 89 d0 49 c1
0x00007f16a2e97cbd:   e8 03 44 89 c0 83 e0 0f 89 45 b8 eb a3 44 0f b6
0x00007f16a2e97ccd:   45 ce 41 80 fb 01 0f 84 23 03 00 00 45 88 85 c8
0x00007f16a2e97cdd:   01 00 00 4c 89 e6 4c 89 ef 4c 89 d2 e8 92 fa ff
0x00007f16a2e97ced:   ff 48 83 c4 58 5b 41 5c 41 5d 41 5e 41 5f 5d c3
0x00007f16a2e97cfd:   0f 1f 00 48 8d 35 f1 b4 a9 00 41 0f b7 c8 48 3b
0x00007f16a2e97d0d:   0e 0f 8e 8c 00 00 00 45 0f b7 c0 41 8d 48 ff 44
0x00007f16a2e97d1d:   89 c6 f7 de 48 63 c9 4c 01 c9 48 63 f6 48 21 f1
0x00007f16a2e97d2d:   48 89 ce 48 89 4d a0 4c 29 ce 48 c1 ee 03 48 89
0x00007f16a2e97d3d:   75 a8 74 5f 48 8d 0d 88 a7 a9 00 8b 31 8d 4e 01
0x00007f16a2e97d4d:   f7 de 21 ce 48 63 ce 48 39 4d a8 0f 82 ce 03 00 


Stack slot to memory mapping:
stack at sp + 0 slots: 0x00007f16379f59a0 points into unknown readable memory: 0x0000000000000009 | 09 00 00 00 00 00 00 00
stack at sp + 1 slots: 0x00007ffd07c56918: clock_gettime+0x0000000000000038 in linux-vdso.so.1 at 0x00007ffd07c56000
stack at sp + 2 slots: 0x00007f16379f59d0 points into unknown readable memory: 0x000000000001e068 | 68 e0 01 00 00 00 00 00
stack at sp + 3 slots: 0x00007f16a3979d80: <offset 0x0000000001273d80> in /usr/lib/jvm/java-11-openjdk-amd64/lib/server/libjvm.so at 0x00007f16a2706000
stack at sp + 4 slots: 0x0000000000000009 is an unknown value
stack at sp + 5 slots: 0x00007f16a3ae3001: clock_getcpuclockid+0x0000000000000001 in /lib/x86_64-linux-gnu/libc.so.6 at 0x00007f16a3a06000
stack at sp + 6 slots: 0x0000000000000005 is an unknown value
stack at sp + 7 slots: 0x0000000700000000 is an unknown value


---------------  P R O C E S S  ---------------

Threads class SMR info:
_java_thread_list=0x00007f1620342130, length=13, elements={
0x00007f169c017800, 0x00007f169c23e800, 0x00007f169c240800, 0x00007f169c247000,
0x00007f169c249000, 0x00007f169c24b000, 0x00007f169c24d000, 0x00007f169c24f000,
0x00007f169c292000, 0x00007f169c31d800, 0x00007f169c39c000, 0x00007f163000b800,
0x00007f164c139800
}

Java Threads: ( => current thread )
  0x00007f169c017800 JavaThread "main" [_thread_blocked, id=371565, stack(0x00007f16a22b9000,0x00007f16a23ba000)]
  0x00007f169c23e800 JavaThread "Reference Handler" daemon [_thread_blocked, id=371576, stack(0x00007f1670f74000,0x00007f1671075000)]
  0x00007f169c240800 JavaThread "Finalizer" daemon [_thread_blocked, id=371577, stack(0x00007f1670e73000,0x00007f1670f74000)]
  0x00007f169c247000 JavaThread "Signal Dispatcher" daemon [_thread_blocked, id=371578, stack(0x00007f1670801000,0x00007f1670902000)]
  0x00007f169c249000 JavaThread "Service Thread" daemon [_thread_blocked, id=371579, stack(0x00007f1670700000,0x00007f1670801000)]
  0x00007f169c24b000 JavaThread "C2 CompilerThread0" daemon [_thread_blocked, id=371580, stack(0x00007f16705ff000,0x00007f1670700000)]
  0x00007f169c24d000 JavaThread "C1 CompilerThread0" daemon [_thread_blocked, id=371581, stack(0x00007f16704fe000,0x00007f16705ff000)]
  0x00007f169c24f000 JavaThread "Sweeper thread" daemon [_thread_blocked, id=371582, stack(0x00007f16703fd000,0x00007f16704fe000)]
  0x00007f169c292000 JavaThread "Common-Cleaner" daemon [_thread_blocked, id=371584, stack(0x00007f16701fa000,0x00007f16702fb000)]
  0x00007f169c31d800 JavaThread "surefire-forkedjvm-command-thread" daemon [_thread_in_native, id=371585, stack(0x00007f16700f9000,0x00007f16701fa000)]
  0x00007f169c39c000 JavaThread "surefire-forkedjvm-ping-30s" daemon [_thread_blocked, id=371586, stack(0x00007f1637eff000,0x00007f1638000000)]
  0x00007f163000b800 JavaThread "process reaper" daemon [_thread_blocked, id=371589, stack(0x00007f168405d000,0x00007f168407f000)]
  0x00007f164c139800 JavaThread "C2 CompilerThread1" daemon [_thread_in_native, id=371590, stack(0x00007f1637dfe000,0x00007f1637eff000)]

Other Threads:
  0x00007f169c23b800 VMThread "VM Thread" [stack: 0x00007f1671077000,0x00007f1671177000] [id=371575]
  0x00007f169c290000 WatcherThread [stack: 0x00007f16702fd000,0x00007f16703fd000] [id=371583]
  0x00007f169c030800 GCTaskThread "GC Thread#0" [stack: 0x00007f16a1f36000,0x00007f16a2036000] [id=371570]
  0x00007f1664001000 GCTaskThread "GC Thread#1" [stack: 0x00007f1637bfd000,0x00007f1637cfd000] [id=371592]
  0x00007f1664002800 GCTaskThread "GC Thread#2" [stack: 0x00007f1637afb000,0x00007f1637bfb000] [id=371593]
  0x00007f1664004000 GCTaskThread "GC Thread#3" [stack: 0x00007f16379f9000,0x00007f1637af9000] [id=371594]
=>0x00007f1664006000 GCTaskThread "GC Thread#4" [stack: 0x00007f16378f7000,0x00007f16379f7000] [id=371595]
  0x00007f1664007800 GCTaskThread "GC Thread#5" [stack: 0x00007f16377f5000,0x00007f16378f5000] [id=371596]
  0x00007f169c08e800 ConcurrentGCThread "G1 Main Marker" [stack: 0x00007f16a03ae000,0x00007f16a04ae000] [id=371571]
  0x00007f169c090000 ConcurrentGCThread "G1 Conc#0" [stack: 0x00007f16a02ac000,0x00007f16a03ac000] [id=371572]
  0x00007f1674001000 ConcurrentGCThread "G1 Conc#1" [stack: 0x00007f1636af3000,0x00007f1636bf3000] [id=371609]
  0x00007f1674002000 ConcurrentGCThread "G1 Conc#2" [stack: 0x00007f16369f1000,0x00007f1636af1000] [id=371610]
  0x00007f169c196800 ConcurrentGCThread "G1 Refine#0" [stack: 0x00007f1671afc000,0x00007f1671bfc000] [id=371573]
  0x00007f169c198800 ConcurrentGCThread "G1 Young RemSet Sampling" [stack: 0x00007f16719fa000,0x00007f1671afa000] [id=371574]

Threads with active compile tasks:
C2 CompilerThread0   2675 3253       4       java.lang.invoke.MethodType::makeImpl (108 bytes)
C2 CompilerThread1   2675 3231   !   4       jdk.internal.loader.BuiltinClassLoader::loadClassOrNull (143 bytes)

VM state:at safepoint (normal execution)

VM Mutex/Monitor currently owned by a thread:  ([mutex/lock_event])
[0x00007f169c0135d0] Threads_lock - owner thread: 0x00007f169c23b800
[0x00007f169c013db0] Heap_lock - owner thread: 0x00007f169c017800

Heap address: 0x0000000708400000, size: 3964 MB, Compressed Oops mode: Zero based, Oop shift amount: 3
Narrow klass base: 0x0000000800000000, Narrow klass shift: 3
Compressed class space size: 1073741824 Address: 0x0000000840000000

Heap:
 garbage-first heap   total 256000K, used 111917K [0x0000000708400000, 0x0000000800000000)
  region size 1024K, 111 young (113664K), 13 survivors (13312K)
 Metaspace       used 34396K, capacity 35602K, committed 35888K, reserved 1081344K
  class space    used 4483K, capacity 4971K, committed 4992K, reserved 1048576K
Heap Regions: E=young(eden), S=young(survivor), O=old, HS=humongous(starts), HC=humongous(continues), CS=collection set, F=free, A=archive, TAMS=top-at-mark-start (previous, next)
|   0|0x0000000708400000, 0x0000000708500000, 0x0000000708500000|100%|HS|  |TAMS 0x0000000708500000, 0x0000000708500000| Complete 
|   1|0x0000000708500000, 0x0000000708600000, 0x0000000708600000|100%| O|  |TAMS 0x0000000708600000, 0x0000000708600000| Untracked 
|   2|0x0000000708600000, 0x0000000708700000, 0x0000000708700000|100%| O|  |TAMS 0x0000000708700000, 0x0000000708700000| Untracked 
|   3|0x0000000708700000, 0x0000000708800000, 0x0000000708800000|100%| O|  |TAMS 0x0000000708724200, 0x0000000708800000| Untracked 
|   4|0x0000000708800000, 0x0000000708800000, 0x0000000708900000|  0%| O|  |TAMS 0x0000000708800000, 0x0000000708900000| Untracked 
|   5|0x0000000708900000, 0x0000000708900000, 0x0000000708a00000|  0%| F|  |TAMS 0x0000000708900000, 0x0000000708900000| Untracked 
|   6|0x0000000708a00000, 0x0000000708a00000, 0x0000000708b00000|  0%| F|  |TAMS 0x0000000708a00000, 0x0000000708a00000| Untracked 
|   7|0x0000000708b00000, 0x0000000708b00000, 0x0000000708c00000|  0%| F|  |TAMS 0x0000000708b00000, 0x0000000708b00000| Untracked 
|   8|0x0000000708c00000, 0x0000000708c00000, 0x0000000708d00000|  0%| F|  |TAMS 0x0000000708c00000, 0x0000000708c00000| Untracked 
|   9|0x0000000708d00000, 0x0000000708d00000, 0x0000000708e00000|  0%| F|  |TAMS 0x0000000708d00000, 0x0000000708d00000| Untracked 
|  10|0x0000000708e00000, 0x0000000708e00000, 0x0000000708f00000|  0%| F|  |TAMS 0x0000000708e00000, 0x0000000708e00000| Untracked 
|  11|0x0000000708f00000, 0x0000000708f00000, 0x0000000709000000|  0%| F|  |TAMS 0x0000000708f00000, 0x0000000708f00000| Untracked 
|  12|0x0000000709000000, 0x0000000709000000, 0x0000000709100000|  0%| F|  |TAMS 0x0000000709000000, 0x0000000709000000| Untracked 
|  13|0x0000000709100000, 0x0000000709100000, 0x0000000709200000|  0%| F|  |TAMS 0x0000000709100000, 0x0000000709100000| Untracked 
|  14|0x0000000709200000, 0x0000000709200000, 0x0000000709300000|  0%| F|  |TAMS 0x0000000709200000, 0x0000000709200000| Untracked 
|  15|0x0000000709300000, 0x0000000709300000, 0x0000000709400000|  0%| F|  |TAMS 0x0000000709300000, 0x0000000709300000| Untracked 
|  16|0x0000000709400000, 0x0000000709400000, 0x0000000709500000|  0%| F|  |TAMS 0x0000000709400000, 0x0000000709400000| Untracked 
|  17|0x0000000709500000, 0x0000000709500000, 0x0000000709600000|  0%| F|  |TAMS 0x0000000709500000, 0x0000000709500000| Untracked 
|  18|0x0000000709600000, 0x0000000709600000, 0x0000000709700000|  0%| F|  |TAMS 0x0000000709600000, 0x0000000709600000| Untracked 
|  19|0x0000000709700000, 0x0000000709700000, 0x0000000709800000|  0%| F|  |TAMS 0x0000000709700000, 0x0000000709700000| Untracked 
|  20|0x0000000709800000, 0x0000000709800000, 0x0000000709900000|  0%| F|  |TAMS 0x0000000709800000, 0x0000000709800000| Untracked 
|  21|0x0000000709900000, 0x0000000709900000, 0x0000000709a00000|  0%| F|  |TAMS 0x0000000709900000, 0x0000000709900000| Untracked 
|  22|0x0000000709a00000, 0x0000000709a00000, 0x0000000709b00000|  0%| F|  |TAMS 0x0000000709a00000, 0x0000000709a00000| Untracked 
|  23|0x0000000709b00000, 0x0000000709b00000, 0x0000000709c00000|  0%| F|  |TAMS 0x0000000709b00000, 0x0000000709b00000| Untracked 
|  24|0x0000000709c00000, 0x0000000709c00000, 0x0000000709d00000|  0%| F|  |TAMS 0x0000000709c00000, 0x0000000709c00000| Untracked 
|  25|0x0000000709d00000, 0x0000000709d00000, 0x0000000709e00000|  0%| F|  |TAMS 0x0000000709d00000, 0x0000000709d00000| Untracked 
|  26|0x0000000709e00000, 0x0000000709e00000, 0x0000000709f00000|  0%| F|  |TAMS 0x0000000709e00000, 0x0000000709e00000| Untracked 
|  27|0x0000000709f00000, 0x0000000709f00000, 0x000000070a000000|  0%| F|  |TAMS 0x0000000709f00000, 0x0000000709f00000| Untracked 
|  28|0x000000070a000000, 0x000000070a000000, 0x000000070a100000|  0%| F|  |TAMS 0x000000070a000000, 0x000000070a000000| Untracked 
|  29|0x000000070a100000, 0x000000070a100000, 0x000000070a200000|  0%| F|  |TAMS 0x000000070a100000, 0x000000070a100000| Untracked 
|  30|0x000000070a200000, 0x000000070a200000, 0x000000070a300000|  0%| F|  |TAMS 0x000000070a200000, 0x000000070a200000| Untracked 
|  31|0x000000070a300000, 0x000000070a300000, 0x000000070a400000|  0%| F|  |TAMS 0x000000070a300000, 0x000000070a300000| Untracked 
|  32|0x000000070a400000, 0x000000070a400000, 0x000000070a500000|  0%| F|  |TAMS 0x000000070a400000, 0x000000070a400000| Untracked 
|  33|0x000000070a500000, 0x000000070a500000, 0x000000070a600000|  0%| F|  |TAMS 0x000000070a500000, 0x000000070a500000| Untracked 
|  34|0x000000070a600000, 0x000000070a600000, 0x000000070a700000|  0%| F|  |TAMS 0x000000070a600000, 0x000000070a600000| Untracked 
|  35|0x000000070a700000, 0x000000070a700000, 0x000000070a800000|  0%| F|  |TAMS 0x000000070a700000, 0x000000070a700000| Untracked 
|  36|0x000000070a800000, 0x000000070a800000, 0x000000070a900000|  0%| F|  |TAMS 0x000000070a800000, 0x000000070a800000| Untracked 
|  37|0x000000070a900000, 0x000000070a900000, 0x000000070aa00000|  0%| F|  |TAMS 0x000000070a900000, 0x000000070a900000| Untracked 
|  38|0x000000070aa00000, 0x000000070aa00000, 0x000000070ab00000|  0%| F|  |TAMS 0x000000070aa00000, 0x000000070aa00000| Untracked 
|  39|0x000000070ab00000, 0x000000070ab00000, 0x000000070ac00000|  0%| F|  |TAMS 0x000000070ab00000, 0x000000070ab00000| Untracked 
|  40|0x000000070ac00000, 0x000000070ac00000, 0x000000070ad00000|  0%| F|  |TAMS 0x000000070ac00000, 0x000000070ac00000| Untracked 
|  41|0x000000070ad00000, 0x000000070ad00000, 0x000000070ae00000|  0%| F|  |TAMS 0x000000070ad00000, 0x000000070ad00000| Untracked 
|  42|0x000000070ae00000, 0x000000070ae00000, 0x000000070af00000|  0%| F|  |TAMS 0x000000070ae00000, 0x000000070ae00000| Untracked 
|  43|0x000000070af00000, 0x000000070af00000, 0x000000070b000000|  0%| F|  |TAMS 0x000000070af00000, 0x000000070af00000| Untracked 
|  44|0x000000070b000000, 0x000000070b000000, 0x000000070b100000|  0%| F|  |TAMS 0x000000070b000000, 0x000000070b000000| Untracked 
|  45|0x000000070b100000, 0x000000070b100000, 0x000000070b200000|  0%| F|  |TAMS 0x000000070b100000, 0x000000070b100000| Untracked 
|  46|0x000000070b200000, 0x000000070b200000, 0x000000070b300000|  0%| F|  |TAMS 0x000000070b200000, 0x000000070b200000| Untracked 
|  47|0x000000070b300000, 0x000000070b300000, 0x000000070b400000|  0%| F|  |TAMS 0x000000070b300000, 0x000000070b300000| Untracked 
|  48|0x000000070b400000, 0x000000070b400000, 0x000000070b500000|  0%| F|  |TAMS 0x000000070b400000, 0x000000070b400000| Untracked 
|  49|0x000000070b500000, 0x000000070b500000, 0x000000070b600000|  0%| F|  |TAMS 0x000000070b500000, 0x000000070b500000| Untracked 
|  50|0x000000070b600000, 0x000000070b600000, 0x000000070b700000|  0%| F|  |TAMS 0x000000070b600000, 0x000000070b600000| Untracked 
|  51|0x000000070b700000, 0x000000070b700000, 0x000000070b800000|  0%| F|  |TAMS 0x000000070b700000, 0x000000070b700000| Untracked 
|  52|0x000000070b800000, 0x000000070b800000, 0x000000070b900000|  0%| F|  |TAMS 0x000000070b800000, 0x000000070b800000| Untracked 
|  53|0x000000070b900000, 0x000000070b900000, 0x000000070ba00000|  0%| F|  |TAMS 0x000000070b900000, 0x000000070b900000| Untracked 
|  54|0x000000070ba00000, 0x000000070ba00000, 0x000000070bb00000|  0%| F|  |TAMS 0x000000070ba00000, 0x000000070ba00000| Untracked 
|  55|0x000000070bb00000, 0x000000070bb00000, 0x000000070bc00000|  0%| F|  |TAMS 0x000000070bb00000, 0x000000070bb00000| Untracked 
|  56|0x000000070bc00000, 0x000000070bc00000, 0x000000070bd00000|  0%| F|  |TAMS 0x000000070bc00000, 0x000000070bc00000| Untracked 
|  57|0x000000070bd00000, 0x000000070bd00000, 0x000000070be00000|  0%| F|  |TAMS 0x000000070bd00000, 0x000000070bd00000| Untracked 
|  58|0x000000070be00000, 0x000000070be00000, 0x000000070bf00000|  0%| F|  |TAMS 0x000000070be00000, 0x000000070be00000| Untracked 
|  59|0x000000070bf00000, 0x000000070bf00000, 0x000000070c000000|  0%| F|  |TAMS 0x000000070bf00000, 0x000000070bf00000| Untracked 
|  60|0x000000070c000000, 0x000000070c000000, 0x000000070c100000|  0%| F|  |TAMS 0x000000070c000000, 0x000000070c000000| Untracked 
|  61|0x000000070c100000, 0x000000070c100000, 0x000000070c200000|  0%| F|  |TAMS 0x000000070c100000, 0x000000070c100000| Untracked 
|  62|0x000000070c200000, 0x000000070c200000, 0x000000070c300000|  0%| F|  |TAMS 0x000000070c200000, 0x000000070c200000| Untracked 
|  63|0x000000070c300000, 0x000000070c300000, 0x000000070c400000|  0%| F|  |TAMS 0x000000070c300000, 0x000000070c300000| Untracked 
|  64|0x000000070c400000, 0x000000070c400000, 0x000000070c500000|  0%| F|  |TAMS 0x000000070c400000, 0x000000070c400000| Untracked 
|  65|0x000000070c500000, 0x000000070c500000, 0x000000070c600000|  0%| F|  |TAMS 0x000000070c500000, 0x000000070c500000| Untracked 
|  66|0x000000070c600000, 0x000000070c600000, 0x000000070c700000|  0%| F|  |TAMS 0x000000070c600000, 0x000000070c600000| Untracked 
|  67|0x000000070c700000, 0x000000070c700000, 0x000000070c800000|  0%| F|  |TAMS 0x000000070c700000, 0x000000070c700000| Untracked 
|  68|0x000000070c800000, 0x000000070c800000, 0x000000070c900000|  0%| F|  |TAMS 0x000000070c800000, 0x000000070c800000| Untracked 
|  69|0x000000070c900000, 0x000000070c900000, 0x000000070ca00000|  0%| F|  |TAMS 0x000000070c900000, 0x000000070c900000| Untracked 
|  70|0x000000070ca00000, 0x000000070ca00000, 0x000000070cb00000|  0%| F|  |TAMS 0x000000070ca00000, 0x000000070ca00000| Untracked 
|  71|0x000000070cb00000, 0x000000070cb00000, 0x000000070cc00000|  0%| F|  |TAMS 0x000000070cb00000, 0x000000070cb00000| Untracked 
|  72|0x000000070cc00000, 0x000000070cc00000, 0x000000070cd00000|  0%| F|  |TAMS 0x000000070cc00000, 0x000000070cc00000| Untracked 
|  73|0x000000070cd00000, 0x000000070cd00000, 0x000000070ce00000|  0%| F|  |TAMS 0x000000070cd00000, 0x000000070cd00000| Untracked 
|  74|0x000000070ce00000, 0x000000070ce00000, 0x000000070cf00000|  0%| F|  |TAMS 0x000000070ce00000, 0x000000070ce00000| Untracked 
|  75|0x000000070cf00000, 0x000000070cf00000, 0x000000070d000000|  0%| F|  |TAMS 0x000000070cf00000, 0x000000070cf00000| Untracked 
|  76|0x000000070d000000, 0x000000070d000000, 0x000000070d100000|  0%| F|  |TAMS 0x000000070d000000, 0x000000070d000000| Untracked 
|  77|0x000000070d100000, 0x000000070d100000, 0x000000070d200000|  0%| F|  |TAMS 0x000000070d100000, 0x000000070d100000| Untracked 
|  78|0x000000070d200000, 0x000000070d200000, 0x000000070d300000|  0%| F|  |TAMS 0x000000070d200000, 0x000000070d200000| Untracked 
|  79|0x000000070d300000, 0x000000070d300000, 0x000000070d400000|  0%| F|  |TAMS 0x000000070d300000, 0x000000070d300000| Untracked 
|  80|0x000000070d400000, 0x000000070d400000, 0x000000070d500000|  0%| F|  |TAMS 0x000000070d400000, 0x000000070d400000| Untracked 
|  81|0x000000070d500000, 0x000000070d500000, 0x000000070d600000|  0%| F|  |TAMS 0x000000070d500000, 0x000000070d500000| Untracked 
|  82|0x000000070d600000, 0x000000070d600000, 0x000000070d700000|  0%| F|  |TAMS 0x000000070d600000, 0x000000070d600000| Untracked 
|  83|0x000000070d700000, 0x000000070d700000, 0x000000070d800000|  0%| F|  |TAMS 0x000000070d700000, 0x000000070d700000| Untracked 
|  84|0x000000070d800000, 0x000000070d800000, 0x000000070d900000|  0%| F|  |TAMS 0x000000070d800000, 0x000000070d800000| Untracked 
|  85|0x000000070d900000, 0x000000070d900000, 0x000000070da00000|  0%| F|  |TAMS 0x000000070d900000, 0x000000070d900000| Untracked 
|  86|0x000000070da00000, 0x000000070da00000, 0x000000070db00000|  0%| F|  |TAMS 0x000000070da00000, 0x000000070da00000| Untracked 
|  87|0x000000070db00000, 0x000000070db00000, 0x000000070dc00000|  0%| F|  |TAMS 0x000000070db00000, 0x000000070db00000| Untracked 
|  88|0x000000070dc00000, 0x000000070dc00000, 0x000000070dd00000|  0%| F|  |TAMS 0x000000070dc00000, 0x000000070dc00000| Untracked 
|  89|0x000000070dd00000, 0x000000070dd00000, 0x000000070de00000|  0%| F|  |TAMS 0x000000070dd00000, 0x000000070dd00000| Untracked 
|  90|0x000000070de00000, 0x000000070de00000, 0x000000070df00000|  0%| F|  |TAMS 0x000000070de00000, 0x000000070de00000| Untracked 
|  91|0x000000070df00000, 0x000000070df00000, 0x000000070e000000|  0%| F|  |TAMS 0x000000070df00000, 0x000000070df00000| Untracked 
|  92|0x000000070e000000, 0x000000070e000000, 0x000000070e100000|  0%| F|  |TAMS 0x000000070e000000, 0x000000070e000000| Untracked 
|  93|0x000000070e100000, 0x000000070e100000, 0x000000070e200000|  0%| F|  |TAMS 0x000000070e100000, 0x000000070e100000| Untracked 
|  94|0x000000070e200000, 0x000000070e200000, 0x000000070e300000|  0%| F|  |TAMS 0x000000070e200000, 0x000000070e200000| Untracked 
|  95|0x000000070e300000, 0x000000070e300000, 0x000000070e400000|  0%| F|  |TAMS 0x000000070e300000, 0x000000070e300000| Untracked 
|  96|0x000000070e400000, 0x000000070e400000, 0x000000070e500000|  0%| F|  |TAMS 0x000000070e400000, 0x000000070e400000| Untracked 
|  97|0x000000070e500000, 0x000000070e500000, 0x000000070e600000|  0%| F|  |TAMS 0x000000070e500000, 0x000000070e500000| Untracked 
|  98|0x000000070e600000, 0x000000070e600000, 0x000000070e700000|  0%| F|  |TAMS 0x000000070e600000, 0x000000070e600000| Untracked 
|  99|0x000000070e700000, 0x000000070e700000, 0x000000070e800000|  0%| F|  |TAMS 0x000000070e700000, 0x000000070e700000| Untracked 
| 100|0x000000070e800000, 0x000000070e800000, 0x000000070e900000|  0%| F|  |TAMS 0x000000070e800000, 0x000000070e800000| Untracked 
| 101|0x000000070e900000, 0x000000070e900000, 0x000000070ea00000|  0%| F|  |TAMS 0x000000070e900000, 0x000000070e900000| Untracked 
| 102|0x000000070ea00000, 0x000000070ea00000, 0x000000070eb00000|  0%| F|  |TAMS 0x000000070ea00000, 0x000000070ea00000| Untracked 
| 103|0x000000070eb00000, 0x000000070eb00000, 0x000000070ec00000|  0%| F|  |TAMS 0x000000070eb00000, 0x000000070eb00000| Untracked 
| 104|0x000000070ec00000, 0x000000070ec00000, 0x000000070ed00000|  0%| F|  |TAMS 0x000000070ec00000, 0x000000070ec00000| Untracked 
| 105|0x000000070ed00000, 0x000000070ed00000, 0x000000070ee00000|  0%| F|  |TAMS 0x000000070ed00000, 0x000000070ed00000| Untracked 
| 106|0x000000070ee00000, 0x000000070ee00000, 0x000000070ef00000|  0%| F|  |TAMS 0x000000070ee00000, 0x000000070ee00000| Untracked 
| 107|0x000000070ef00000, 0x000000070ef00000, 0x000000070f000000|  0%| F|  |TAMS 0x000000070ef00000, 0x000000070ef00000| Untracked 
| 108|0x000000070f000000, 0x000000070f000000, 0x000000070f100000|  0%| F|  |TAMS 0x000000070f000000, 0x000000070f000000| Untracked 
| 109|0x000000070f100000, 0x000000070f100000, 0x000000070f200000|  0%| F|  |TAMS 0x000000070f100000, 0x000000070f100000| Untracked 
| 110|0x000000070f200000, 0x000000070f200000, 0x000000070f300000|  0%| F|  |TAMS 0x000000070f200000, 0x000000070f200000| Untracked 
| 111|0x000000070f300000, 0x000000070f300000, 0x000000070f400000|  0%| F|  |TAMS 0x000000070f300000, 0x000000070f300000| Untracked 
| 112|0x000000070f400000, 0x000000070f400000, 0x000000070f500000|  0%| F|  |TAMS 0x000000070f400000, 0x000000070f400000| Untracked 
| 113|0x000000070f500000, 0x000000070f500000, 0x000000070f600000|  0%| F|  |TAMS 0x000000070f500000, 0x000000070f500000| Untracked 
| 114|0x000000070f600000, 0x000000070f600000, 0x000000070f700000|  0%| F|  |TAMS 0x000000070f600000, 0x000000070f600000| Untracked 
| 115|0x000000070f700000, 0x000000070f700000, 0x000000070f800000|  0%| F|  |TAMS 0x000000070f700000, 0x000000070f700000| Untracked 
| 116|0x000000070f800000, 0x000000070f800000, 0x000000070f900000|  0%| F|  |TAMS 0x000000070f800000, 0x000000070f800000| Untracked 
| 117|0x000000070f900000, 0x000000070f900000, 0x000000070fa00000|  0%| F|  |TAMS 0x000000070f900000, 0x000000070f900000| Untracked 
| 118|0x000000070fa00000, 0x000000070fa00000, 0x000000070fb00000|  0%| F|  |TAMS 0x000000070fa00000, 0x000000070fa00000| Untracked 
| 119|0x000000070fb00000, 0x000000070fb00000, 0x000000070fc00000|  0%| F|  |TAMS 0x000000070fb00000, 0x000000070fb00000| Untracked 
| 120|0x000000070fc00000, 0x000000070fc00000, 0x000000070fd00000|  0%| F|  |TAMS 0x000000070fc00000, 0x000000070fc00000| Untracked 
| 121|0x000000070fd00000, 0x000000070fd00000, 0x000000070fe00000|  0%| F|  |TAMS 0x000000070fd00000, 0x000000070fd00000| Untracked 
| 122|0x000000070fe00000, 0x000000070fe00000, 0x000000070ff00000|  0%| F|  |TAMS 0x000000070fe00000, 0x000000070fe00000| Untracked 
| 123|0x000000070ff00000, 0x000000070ff00000, 0x0000000710000000|  0%| F|  |TAMS 0x000000070ff00000, 0x000000070ff00000| Untracked 
| 124|0x0000000710000000, 0x0000000710000000, 0x0000000710100000|  0%| F|  |TAMS 0x0000000710000000, 0x0000000710000000| Untracked 
| 125|0x0000000710100000, 0x0000000710100000, 0x0000000710200000|  0%| F|  |TAMS 0x0000000710100000, 0x0000000710100000| Untracked 
| 126|0x0000000710200000, 0x0000000710200000, 0x0000000710300000|  0%| F|  |TAMS 0x0000000710200000, 0x0000000710200000| Untracked 
| 127|0x0000000710300000, 0x0000000710300000, 0x0000000710400000|  0%| F|  |TAMS 0x0000000710300000, 0x0000000710300000| Untracked 
| 128|0x0000000710400000, 0x0000000710400000, 0x0000000710500000|  0%| F|  |TAMS 0x0000000710400000, 0x0000000710400000| Untracked 
| 129|0x0000000710500000, 0x0000000710500000, 0x0000000710600000|  0%| S|  |TAMS 0x0000000710500000, 0x0000000710500000| Complete 
| 130|0x0000000710600000, 0x0000000710700000, 0x0000000710700000|100%| S|  |TAMS 0x0000000710600000, 0x0000000710600000| Complete 
| 131|0x0000000710700000, 0x0000000710800000, 0x0000000710800000|100%| S|  |TAMS 0x0000000710700000, 0x0000000710700000| Complete 
| 132|0x0000000710800000, 0x00000007108754a8, 0x0000000710900000| 45%| E|CS|TAMS 0x0000000710800000, 0x00000007108754a8| Complete 
| 133|0x0000000710900000, 0x0000000710a00000, 0x0000000710a00000|100%| E|CS|TAMS 0x0000000710900000, 0x0000000710a00000| Complete 
| 134|0x0000000710a00000, 0x0000000710b00000, 0x0000000710b00000|100%| E|CS|TAMS 0x0000000710a00000, 0x0000000710b00000| Complete 
| 135|0x0000000710b00000, 0x0000000710c00000, 0x0000000710c00000|100%| E|CS|TAMS 0x0000000710b00000, 0x0000000710c00000| Complete 
| 136|0x0000000710c00000, 0x0000000710d00000, 0x0000000710d00000|100%| E|CS|TAMS 0x0000000710c00000, 0x0000000710d00000| Complete 
| 137|0x0000000710d00000, 0x0000000710e00000, 0x0000000710e00000|100%| E|CS|TAMS 0x0000000710d00000, 0x0000000710e00000| Complete 
| 138|0x0000000710e00000, 0x0000000710f00000, 0x0000000710f00000|100%| E|CS|TAMS 0x0000000710e00000, 0x0000000710f00000| Complete 
| 139|0x0000000710f00000, 0x0000000711000000, 0x0000000711000000|100%| E|CS|TAMS 0x0000000710f00000, 0x0000000711000000| Complete 
| 140|0x0000000711000000, 0x0000000711100000, 0x0000000711100000|100%| S|  |TAMS 0x0000000711000000, 0x0000000711000000| Complete 
| 141|0x0000000711100000, 0x0000000711200000, 0x0000000711200000|100%| S|  |TAMS 0x0000000711100000, 0x0000000711100000| Complete 
| 142|0x0000000711200000, 0x0000000711300000, 0x0000000711300000|100%| S|  |TAMS 0x0000000711200000, 0x0000000711200000| Complete 
| 143|0x0000000711300000, 0x0000000711400000, 0x0000000711400000|100%| S|  |TAMS 0x0000000711300000, 0x0000000711300000| Complete 
| 144|0x0000000711400000, 0x0000000711500000, 0x0000000711500000|100%| S|  |TAMS 0x0000000711400000, 0x0000000711400000| Complete 
| 145|0x0000000711500000, 0x0000000711600000, 0x0000000711600000|100%| S|  |TAMS 0x0000000711500000, 0x0000000711500000| Complete 
| 146|0x0000000711600000, 0x0000000711700000, 0x0000000711700000|100%| S|  |TAMS 0x0000000711600000, 0x0000000711600000| Complete 
| 147|0x0000000711700000, 0x0000000711800000, 0x0000000711800000|100%| S|  |TAMS 0x0000000711700000, 0x0000000711700000| Complete 
| 148|0x0000000711800000, 0x0000000711900000, 0x0000000711900000|100%| S|  |TAMS 0x0000000711800000, 0x0000000711800000| Complete 
| 149|0x0000000711900000, 0x0000000711a00000, 0x0000000711a00000|100%| S|  |TAMS 0x0000000711900000, 0x0000000711900000| Complete 
| 150|0x0000000711a00000, 0x0000000711b00000, 0x0000000711b00000|100%| E|CS|TAMS 0x0000000711a00000, 0x0000000711b00000| Complete 
| 151|0x0000000711b00000, 0x0000000711c00000, 0x0000000711c00000|100%| E|CS|TAMS 0x0000000711b00000, 0x0000000711c00000| Complete 
| 152|0x0000000711c00000, 0x0000000711d00000, 0x0000000711d00000|100%| E|CS|TAMS 0x0000000711c00000, 0x0000000711d00000| Complete 
| 153|0x0000000711d00000, 0x0000000711e00000, 0x0000000711e00000|100%| E|CS|TAMS 0x0000000711d00000, 0x0000000711e00000| Complete 
| 154|0x0000000711e00000, 0x0000000711f00000, 0x0000000711f00000|100%| E|CS|TAMS 0x0000000711e00000, 0x0000000711f00000| Complete 
| 155|0x0000000711f00000, 0x0000000712000000, 0x0000000712000000|100%| E|CS|TAMS 0x0000000711f00000, 0x0000000712000000| Complete 
| 156|0x0000000712000000, 0x0000000712100000, 0x0000000712100000|100%| E|CS|TAMS 0x0000000712000000, 0x0000000712100000| Complete 
| 157|0x0000000712100000, 0x0000000712200000, 0x0000000712200000|100%| E|CS|TAMS 0x0000000712100000, 0x0000000712200000| Complete 
| 158|0x0000000712200000, 0x0000000712300000, 0x0000000712300000|100%| E|CS|TAMS 0x0000000712200000, 0x0000000712300000| Complete 
| 159|0x0000000712300000, 0x0000000712400000, 0x0000000712400000|100%| E|CS|TAMS 0x0000000712300000, 0x0000000712400000| Complete 
| 160|0x0000000712400000, 0x0000000712500000, 0x0000000712500000|100%| E|CS|TAMS 0x0000000712400000, 0x0000000712500000| Complete 
| 161|0x0000000712500000, 0x0000000712600000, 0x0000000712600000|100%| E|CS|TAMS 0x0000000712500000, 0x0000000712600000| Complete 
| 162|0x0000000712600000, 0x0000000712700000, 0x0000000712700000|100%| E|CS|TAMS 0x0000000712600000, 0x0000000712700000| Complete 
| 163|0x0000000712700000, 0x0000000712800000, 0x0000000712800000|100%| E|CS|TAMS 0x0000000712700000, 0x0000000712800000| Complete 
| 164|0x0000000712800000, 0x0000000712900000, 0x0000000712900000|100%| E|CS|TAMS 0x0000000712800000, 0x0000000712900000| Complete 
| 165|0x0000000712900000, 0x0000000712a00000, 0x0000000712a00000|100%| E|CS|TAMS 0x0000000712900000, 0x0000000712a00000| Complete 
| 166|0x0000000712a00000, 0x0000000712b00000, 0x0000000712b00000|100%| E|CS|TAMS 0x0000000712a00000, 0x0000000712b00000| Complete 
| 167|0x0000000712b00000, 0x0000000712c00000, 0x0000000712c00000|100%| E|CS|TAMS 0x0000000712b00000, 0x0000000712c00000| Complete 
| 168|0x0000000712c00000, 0x0000000712d00000, 0x0000000712d00000|100%| E|CS|TAMS 0x0000000712c00000, 0x0000000712d00000| Complete 
| 169|0x0000000712d00000, 0x0000000712e00000, 0x0000000712e00000|100%| E|CS|TAMS 0x0000000712d00000, 0x0000000712e00000| Complete 
| 170|0x0000000712e00000, 0x0000000712f00000, 0x0000000712f00000|100%| E|CS|TAMS 0x0000000712e00000, 0x0000000712f00000| Complete 
| 171|0x0000000712f00000, 0x0000000713000000, 0x0000000713000000|100%| E|CS|TAMS 0x0000000712f00000, 0x0000000713000000| Complete 
| 172|0x0000000713000000, 0x0000000713100000, 0x0000000713100000|100%| E|CS|TAMS 0x0000000713000000, 0x0000000713100000| Complete 
| 173|0x0000000713100000, 0x0000000713200000, 0x0000000713200000|100%| E|CS|TAMS 0x0000000713100000, 0x0000000713200000| Complete 
| 174|0x0000000713200000, 0x0000000713300000, 0x0000000713300000|100%| E|CS|TAMS 0x0000000713200000, 0x0000000713300000| Complete 
| 175|0x0000000713300000, 0x0000000713400000, 0x0000000713400000|100%| E|CS|TAMS 0x0000000713300000, 0x0000000713400000| Complete 
| 176|0x0000000713400000, 0x0000000713500000, 0x0000000713500000|100%| E|CS|TAMS 0x0000000713400000, 0x0000000713500000| Complete 
| 177|0x0000000713500000, 0x0000000713600000, 0x0000000713600000|100%| E|CS|TAMS 0x0000000713500000, 0x0000000713600000| Complete 
| 178|0x0000000713600000, 0x0000000713700000, 0x0000000713700000|100%| E|CS|TAMS 0x0000000713600000, 0x0000000713700000| Complete 
| 179|0x0000000713700000, 0x0000000713800000, 0x0000000713800000|100%| E|CS|TAMS 0x0000000713700000, 0x0000000713800000| Complete 
| 180|0x0000000713800000, 0x0000000713900000, 0x0000000713900000|100%| E|CS|TAMS 0x0000000713800000, 0x0000000713900000| Complete 
| 181|0x0000000713900000, 0x0000000713a00000, 0x0000000713a00000|100%| E|CS|TAMS 0x0000000713900000, 0x0000000713a00000| Complete 
| 182|0x0000000713a00000, 0x0000000713b00000, 0x0000000713b00000|100%| E|CS|TAMS 0x0000000713a00000, 0x0000000713b00000| Complete 
| 183|0x0000000713b00000, 0x0000000713c00000, 0x0000000713c00000|100%| E|CS|TAMS 0x0000000713b00000, 0x0000000713c00000| Complete 
| 184|0x0000000713c00000, 0x0000000713d00000, 0x0000000713d00000|100%| E|CS|TAMS 0x0000000713c00000, 0x0000000713d00000| Complete 
| 185|0x0000000713d00000, 0x0000000713e00000, 0x0000000713e00000|100%| E|CS|TAMS 0x0000000713d00000, 0x0000000713e00000| Complete 
| 186|0x0000000713e00000, 0x0000000713f00000, 0x0000000713f00000|100%| E|CS|TAMS 0x0000000713e00000, 0x0000000713f00000| Complete 
| 187|0x0000000713f00000, 0x0000000714000000, 0x0000000714000000|100%| E|CS|TAMS 0x0000000713f00000, 0x0000000714000000| Complete 
| 188|0x0000000714000000, 0x0000000714100000, 0x0000000714100000|100%| E|CS|TAMS 0x0000000714000000, 0x0000000714100000| Complete 
| 189|0x0000000714100000, 0x0000000714200000, 0x0000000714200000|100%| E|CS|TAMS 0x0000000714100000, 0x0000000714200000| Complete 
| 190|0x0000000714200000, 0x0000000714300000, 0x0000000714300000|100%| E|CS|TAMS 0x0000000714200000, 0x0000000714300000| Complete 
| 191|0x0000000714300000, 0x0000000714400000, 0x0000000714400000|100%| E|CS|TAMS 0x0000000714300000, 0x0000000714400000| Complete 
| 192|0x0000000714400000, 0x0000000714500000, 0x0000000714500000|100%| E|CS|TAMS 0x0000000714400000, 0x0000000714500000| Complete 
| 193|0x0000000714500000, 0x0000000714600000, 0x0000000714600000|100%| E|CS|TAMS 0x0000000714500000, 0x0000000714600000| Complete 
| 194|0x0000000714600000, 0x0000000714700000, 0x0000000714700000|100%| E|CS|TAMS 0x0000000714600000, 0x0000000714700000| Complete 
| 195|0x0000000714700000, 0x0000000714800000, 0x0000000714800000|100%| E|CS|TAMS 0x0000000714700000, 0x0000000714800000| Complete 
| 196|0x0000000714800000, 0x0000000714900000, 0x0000000714900000|100%| E|CS|TAMS 0x0000000714800000, 0x0000000714900000| Complete 
| 197|0x0000000714900000, 0x0000000714a00000, 0x0000000714a00000|100%| E|CS|TAMS 0x0000000714900000, 0x0000000714a00000| Complete 
| 198|0x0000000714a00000, 0x0000000714b00000, 0x0000000714b00000|100%| E|CS|TAMS 0x0000000714a00000, 0x0000000714b00000| Complete 
| 199|0x0000000714b00000, 0x0000000714c00000, 0x0000000714c00000|100%| E|CS|TAMS 0x0000000714b00000, 0x0000000714c00000| Complete 
| 200|0x0000000714c00000, 0x0000000714d00000, 0x0000000714d00000|100%| E|CS|TAMS 0x0000000714c00000, 0x0000000714d00000| Complete 
| 201|0x0000000714d00000, 0x0000000714e00000, 0x0000000714e00000|100%| E|CS|TAMS 0x0000000714d00000, 0x0000000714e00000| Complete 
| 202|0x0000000714e00000, 0x0000000714f00000, 0x0000000714f00000|100%| E|CS|TAMS 0x0000000714e00000, 0x0000000714f00000| Complete 
| 203|0x0000000714f00000, 0x0000000715000000, 0x0000000715000000|100%| E|CS|TAMS 0x0000000714f00000, 0x0000000715000000| Complete 
| 204|0x0000000715000000, 0x0000000715100000, 0x0000000715100000|100%| E|CS|TAMS 0x0000000715000000, 0x0000000715100000| Complete 
| 205|0x0000000715100000, 0x0000000715200000, 0x0000000715200000|100%| E|CS|TAMS 0x0000000715100000, 0x0000000715200000| Complete 
| 206|0x0000000715200000, 0x0000000715300000, 0x0000000715300000|100%| E|CS|TAMS 0x0000000715200000, 0x0000000715300000| Complete 
| 207|0x0000000715300000, 0x0000000715400000, 0x0000000715400000|100%| E|CS|TAMS 0x0000000715300000, 0x0000000715400000| Complete 
| 208|0x0000000715400000, 0x0000000715500000, 0x0000000715500000|100%| E|CS|TAMS 0x0000000715400000, 0x0000000715500000| Complete 
| 209|0x0000000715500000, 0x0000000715600000, 0x0000000715600000|100%| E|CS|TAMS 0x0000000715500000, 0x0000000715600000| Complete 
| 210|0x0000000715600000, 0x0000000715700000, 0x0000000715700000|100%| E|CS|TAMS 0x0000000715600000, 0x0000000715700000| Complete 
| 211|0x0000000715700000, 0x0000000715800000, 0x0000000715800000|100%| E|CS|TAMS 0x0000000715700000, 0x0000000715800000| Complete 
| 212|0x0000000715800000, 0x0000000715900000, 0x0000000715900000|100%| E|CS|TAMS 0x0000000715800000, 0x0000000715900000| Complete 
| 213|0x0000000715900000, 0x0000000715a00000, 0x0000000715a00000|100%| E|CS|TAMS 0x0000000715900000, 0x0000000715a00000| Complete 
| 214|0x0000000715a00000, 0x0000000715b00000, 0x0000000715b00000|100%| E|CS|TAMS 0x0000000715a00000, 0x0000000715b00000| Complete 
| 215|0x0000000715b00000, 0x0000000715c00000, 0x0000000715c00000|100%| E|CS|TAMS 0x0000000715b00000, 0x0000000715c00000| Complete 
| 216|0x0000000715c00000, 0x0000000715d00000, 0x0000000715d00000|100%| E|CS|TAMS 0x0000000715c00000, 0x0000000715d00000| Complete 
| 217|0x0000000715d00000, 0x0000000715e00000, 0x0000000715e00000|100%| E|CS|TAMS 0x0000000715d00000, 0x0000000715e00000| Complete 
| 218|0x0000000715e00000, 0x0000000715f00000, 0x0000000715f00000|100%| E|CS|TAMS 0x0000000715e00000, 0x0000000715f00000| Complete 
| 219|0x0000000715f00000, 0x0000000716000000, 0x0000000716000000|100%| E|CS|TAMS 0x0000000715f00000, 0x0000000716000000| Complete 
| 220|0x0000000716000000, 0x0000000716100000, 0x0000000716100000|100%| E|CS|TAMS 0x0000000716000000, 0x0000000716100000| Complete 
| 221|0x0000000716100000, 0x0000000716200000, 0x0000000716200000|100%| E|CS|TAMS 0x0000000716100000, 0x0000000716200000| Complete 
| 222|0x0000000716200000, 0x0000000716300000, 0x0000000716300000|100%| E|CS|TAMS 0x0000000716200000, 0x0000000716300000| Complete 
| 223|0x0000000716300000, 0x0000000716400000, 0x0000000716400000|100%| E|CS|TAMS 0x0000000716300000, 0x0000000716400000| Complete 
| 224|0x0000000716400000, 0x0000000716500000, 0x0000000716500000|100%| E|CS|TAMS 0x0000000716400000, 0x0000000716500000| Complete 
| 225|0x0000000716500000, 0x0000000716600000, 0x0000000716600000|100%| E|CS|TAMS 0x0000000716500000, 0x0000000716600000| Complete 
| 226|0x0000000716600000, 0x0000000716700000, 0x0000000716700000|100%| E|CS|TAMS 0x0000000716600000, 0x0000000716700000| Complete 
| 227|0x0000000716700000, 0x0000000716800000, 0x0000000716800000|100%| E|CS|TAMS 0x0000000716700000, 0x0000000716800000| Complete 
| 228|0x0000000716800000, 0x0000000716900000, 0x0000000716900000|100%| E|CS|TAMS 0x0000000716800000, 0x0000000716900000| Complete 
| 229|0x0000000716900000, 0x0000000716a00000, 0x0000000716a00000|100%| E|CS|TAMS 0x0000000716900000, 0x0000000716a00000| Complete 
| 230|0x0000000716a00000, 0x0000000716b00000, 0x0000000716b00000|100%| E|CS|TAMS 0x0000000716a00000, 0x0000000716b00000| Complete 
| 231|0x0000000716b00000, 0x0000000716c00000, 0x0000000716c00000|100%| E|CS|TAMS 0x0000000716b00000, 0x0000000716c00000| Complete 
| 232|0x0000000716c00000, 0x0000000716d00000, 0x0000000716d00000|100%| E|CS|TAMS 0x0000000716c00000, 0x0000000716d00000| Complete 
| 233|0x0000000716d00000, 0x0000000716e00000, 0x0000000716e00000|100%| E|CS|TAMS 0x0000000716d00000, 0x0000000716e00000| Complete 
| 234|0x0000000716e00000, 0x0000000716f00000, 0x0000000716f00000|100%| E|CS|TAMS 0x0000000716e00000, 0x0000000716f00000| Complete 
| 235|0x0000000716f00000, 0x0000000717000000, 0x0000000717000000|100%| E|CS|TAMS 0x0000000716f00000, 0x0000000717000000| Complete 
| 236|0x0000000717000000, 0x0000000717100000, 0x0000000717100000|100%| E|CS|TAMS 0x0000000717000000, 0x0000000717100000| Complete 
| 237|0x0000000717100000, 0x0000000717200000, 0x0000000717200000|100%| E|CS|TAMS 0x0000000717100000, 0x0000000717200000| Complete 
| 238|0x0000000717200000, 0x0000000717300000, 0x0000000717300000|100%| E|CS|TAMS 0x0000000717200000, 0x0000000717300000| Complete 
| 239|0x0000000717300000, 0x0000000717400000, 0x0000000717400000|100%| E|CS|TAMS 0x0000000717300000, 0x0000000717400000| Complete 
| 240|0x0000000717400000, 0x0000000717500000, 0x0000000717500000|100%| E|CS|TAMS 0x0000000717400000, 0x0000000717500000| Complete 
| 241|0x0000000717500000, 0x0000000717600000, 0x0000000717600000|100%| E|CS|TAMS 0x0000000717500000, 0x0000000717600000| Complete 
| 242|0x0000000717600000, 0x0000000717700000, 0x0000000717700000|100%| E|CS|TAMS 0x0000000717600000, 0x0000000717700000| Complete 
| 243|0x0000000717700000, 0x0000000717800000, 0x0000000717800000|100%| E|CS|TAMS 0x0000000717700000, 0x0000000717800000| Complete 
| 244|0x0000000717800000, 0x0000000717900000, 0x0000000717900000|100%| E|CS|TAMS 0x0000000717800000, 0x0000000717900000| Complete 
| 245|0x0000000717900000, 0x0000000717a00000, 0x0000000717a00000|100%| E|CS|TAMS 0x0000000717900000, 0x0000000717a00000| Complete 
| 246|0x0000000717a00000, 0x0000000717b00000, 0x0000000717b00000|100%| E|CS|TAMS 0x0000000717a00000, 0x0000000717b00000| Complete 
| 247|0x0000000717b00000, 0x0000000717c00000, 0x0000000717c00000|100%| E|CS|TAMS 0x0000000717b00000, 0x0000000717c00000| Complete 
|2938|0x00000007bfe00000, 0x00000007bfe47000, 0x00000007bff00000| 27%|OA|  |TAMS 0x00000007bfe47000, 0x00000007bfe47000| Untracked 
|2939|0x00000007bff00000, 0x00000007bff6b000, 0x00000007c0000000| 41%|CA|  |TAMS 0x00000007bff6b000, 0x00000007bff6b000| Untracked 

Card table byte_map: [0x00007f16a05ae000,0x00007f16a0d6c000] _byte_map_base: 0x00007f169cd6c000

Marking Bits (Prev, Next): (CMBitMap*) 0x00007f169c07ddd0, (CMBitMap*) 0x00007f169c07dd98
 Prev Bits: [0x00007f1678420000, 0x00007f167c210000)
 Next Bits: [0x00007f167c210000, 0x00007f1680000000)

Polling page: 0x00007f16a227f000

Metaspace:

Usage:
  Non-class:     29,91 MB capacity,    29,21 MB ( 98%) used,   580,24 KB (  2%) free+waste,   137,31 KB ( <1%) overhead. 
      Class:      4,85 MB capacity,     4,38 MB ( 90%) used,   418,52 KB (  8%) free+waste,    68,94 KB (  1%) overhead. 
       Both:     34,77 MB capacity,    33,59 MB ( 97%) used,   998,77 KB (  3%) free+waste,   206,25 KB ( <1%) overhead. 

Virtual space:
  Non-class space:       32,00 MB reserved,      30,17 MB ( 94%) committed 
      Class space:        1,00 GB reserved,       4,88 MB ( <1%) committed 
             Both:        1,03 GB reserved,      35,05 MB (  3%) committed 

Chunk freelists:
   Non-Class:  205,00 KB
       Class:  21,00 KB
        Both:  226,00 KB

MaxMetaspaceSize: unlimited
CompressedClassSpaceSize: 1,00 GB
Initial GC threshold: 20,80 MB
Current GC threshold: 35,08 MB
CDS: on

CodeHeap 'non-profiled nmethods': size=120032Kb used=1425Kb max_used=1425Kb free=118607Kb
 bounds [0x00007f168c305000, 0x00007f168c575000, 0x00007f169383d000]
CodeHeap 'profiled nmethods': size=120028Kb used=7195Kb max_used=7195Kb free=112832Kb
 bounds [0x00007f1684dce000, 0x00007f16854de000, 0x00007f168c305000]
CodeHeap 'non-nmethods': size=5700Kb used=1224Kb max_used=1270Kb free=4475Kb
 bounds [0x00007f168483d000, 0x00007f1684aad000, 0x00007f1684dce000]
 total_blobs=3757 nmethods=3256 adapters=414
 compilation: enabled
              stopped_count=0, restarted_count=0
 full_count=0

Compilation events (20 events):
Event: 2,558 Thread 0x00007f169c24d000 3256       3       java.lang.Integer::hashCode (8 bytes)
Event: 2,558 Thread 0x00007f169c24d000 nmethod 3256 0x00007f16854ca990 code [0x00007f16854cab40, 0x00007f16854cacb0]
Event: 2,558 Thread 0x00007f169c24d000 3257       3       java.lang.Integer::hashCode (2 bytes)
Event: 2,558 Thread 0x00007f169c24d000 nmethod 3257 0x00007f16854cad90 code [0x00007f16854caf40, 0x00007f16854cb010]
Event: 2,595 Thread 0x00007f169c24d000 3258       1       org.apache.logging.log4j.Level::getStandardLevel (5 bytes)
Event: 2,595 Thread 0x00007f169c24d000 nmethod 3258 0x00007f168c469110 code [0x00007f168c4692c0, 0x00007f168c469390]
Event: 2,607 Thread 0x00007f169c24d000 3260       3       java.util.LinkedHashSet::<init> (10 bytes)
Event: 2,608 Thread 0x00007f169c24d000 nmethod 3260 0x00007f16854cb090 code [0x00007f16854cb2a0, 0x00007f16854cb6e0]
Event: 2,610 Thread 0x00007f169c24d000 3261       3       java.util.stream.AbstractPipeline::spliterator (116 bytes)
Event: 2,610 Thread 0x00007f169c24d000 nmethod 3261 0x00007f16854cb890 code [0x00007f16854cbb00, 0x00007f16854cc5d0]
Event: 2,610 Thread 0x00007f169c24d000 3262       3       jdk.internal.loader.BuiltinClassLoader::findResources (182 bytes)
Event: 2,612 Thread 0x00007f169c24d000 nmethod 3262 0x00007f16854cc890 code [0x00007f16854ccd20, 0x00007f16854cf4c0]
Event: 2,612 Thread 0x00007f169c24d000 3264       3       java.lang.CompoundEnumeration::next (58 bytes)
Event: 2,613 Thread 0x00007f169c24d000 nmethod 3264 0x00007f16854d0210 code [0x00007f16854d03e0, 0x00007f16854d0740]
Event: 2,613 Thread 0x00007f169c24d000 3263       3       jdk.internal.loader.BuiltinClassLoader::findResourcesOnClassPath (43 bytes)
Event: 2,613 Thread 0x00007f169c24d000 nmethod 3263 0x00007f16854d0890 code [0x00007f16854d0ac0, 0x00007f16854d1310]
Event: 2,618 Thread 0x00007f169c24d000 3265       3       java.lang.invoke.MethodTypeForm::<init> (687 bytes)
Event: 2,621 Thread 0x00007f169c24d000 nmethod 3265 0x00007f16854d1510 code [0x00007f16854d18e0, 0x00007f16854d3e20]
Event: 2,622 Thread 0x00007f169c24d000 3266       3       jdk.internal.loader.URLClassPath$1::hasMoreElements (5 bytes)
Event: 2,622 Thread 0x00007f169c24d000 nmethod 3266 0x00007f16854d4a10 code [0x00007f16854d4bc0, 0x00007f16854d4d00]

GC Heap History (5 events):
Event: 0,362 GC heap before
{Heap before GC invocations=0 (full 0):
 garbage-first heap   total 256000K, used 25288K [0x0000000708400000, 0x0000000800000000)
  region size 1024K, 24 young (24576K), 0 survivors (0K)
 Metaspace       used 4535K, capacity 6703K, committed 7040K, reserved 1056768K
  class space    used 540K, capacity 781K, committed 896K, reserved 1048576K
}
Event: 0,368 GC heap after
{Heap after GC invocations=1 (full 0):
 garbage-first heap   total 256000K, used 7000K [0x0000000708400000, 0x0000000800000000)
  region size 1024K, 3 young (3072K), 3 survivors (3072K)
 Metaspace       used 4535K, capacity 6703K, committed 7040K, reserved 1056768K
  class space    used 540K, capacity 781K, committed 896K, reserved 1048576K
}
Event: 1,545 GC heap before
{Heap before GC invocations=1 (full 0):
 garbage-first heap   total 256000K, used 113496K [0x0000000708400000, 0x0000000800000000)
  region size 1024K, 108 young (110592K), 3 survivors (3072K)
 Metaspace       used 20272K, capacity 21137K, committed 21296K, reserved 1067008K
  class space    used 2531K, capacity 2884K, committed 2944K, reserved 1048576K
}
Event: 1,554 GC heap after
{Heap after GC invocations=2 (full 0):
 garbage-first heap   total 256000K, used 11565K [0x0000000708400000, 0x0000000800000000)
  region size 1024K, 8 young (8192K), 8 survivors (8192K)
 Metaspace       used 20272K, capacity 21137K, committed 21296K, reserved 1067008K
  class space    used 2531K, capacity 2884K, committed 2944K, reserved 1048576K
}
Event: 2,634 GC heap before
{Heap before GC invocations=3 (full 0):
 garbage-first heap   total 256000K, used 110893K [0x0000000708400000, 0x0000000800000000)
  region size 1024K, 106 young (108544K), 8 survivors (8192K)
 Metaspace       used 34396K, capacity 35602K, committed 35888K, reserved 1081344K
  class space    used 4483K, capacity 4971K, committed 4992K, reserved 1048576K
}

Deoptimization events (20 events):
Event: 2,315 Thread 0x00007f169c017800 Uncommon trap: trap_request=0xfffffff4 fr.pc=0x00007f168c43b1c8 relative=0x00000000000007e8
Event: 2,315 Thread 0x00007f169c017800 Uncommon trap: reason=null_check action=make_not_entrant pc=0x00007f168c43b1c8 method=org.springframework.beans.factory.support.DefaultListableBeanFactory.getBeanDefinition(Ljava/lang/String;)Lorg/springframework/beans/factory/config/BeanDefinition; @ 10 
Event: 2,315 Thread 0x00007f169c017800 DEOPT PACKING pc=0x00007f168c43b1c8 sp=0x00007f16a23b4fc0
Event: 2,315 Thread 0x00007f169c017800 DEOPT UNPACKING pc=0x00007f1684886ea5 sp=0x00007f16a23b4f28 mode 2
Event: 2,331 Thread 0x00007f169c017800 Uncommon trap: trap_request=0xffffff4d fr.pc=0x00007f168c442f24 relative=0x0000000000000944
Event: 2,331 Thread 0x00007f169c017800 Uncommon trap: reason=unstable_if action=reinterpret pc=0x00007f168c442f24 method=java.util.zip.ZipFile$Source.getEntryPos([BZ)I @ 145 c2
Event: 2,331 Thread 0x00007f169c017800 DEOPT PACKING pc=0x00007f168c442f24 sp=0x00007f16a23b55c0
Event: 2,331 Thread 0x00007f169c017800 DEOPT UNPACKING pc=0x00007f1684886ea5 sp=0x00007f16a23b5568 mode 2
Event: 2,331 Thread 0x00007f169c017800 Uncommon trap: trap_request=0xffffff4d fr.pc=0x00007f168c3fec70 relative=0x0000000000001470
Event: 2,331 Thread 0x00007f169c017800 Uncommon trap: reason=unstable_if action=reinterpret pc=0x00007f168c3fec70 method=java.net.URL.<init>(Ljava/net/URL;Ljava/lang/String;Ljava/net/URLStreamHandler;)V @ 57 c2
Event: 2,331 Thread 0x00007f169c017800 DEOPT PACKING pc=0x00007f168c3fec70 sp=0x00007f16a23b5600
Event: 2,331 Thread 0x00007f169c017800 DEOPT UNPACKING pc=0x00007f1684886ea5 sp=0x00007f16a23b5590 mode 2
Event: 2,331 Thread 0x00007f169c017800 Uncommon trap: trap_request=0xffffff4d fr.pc=0x00007f168c3c7774 relative=0x0000000000002bf4
Event: 2,331 Thread 0x00007f169c017800 Uncommon trap: reason=unstable_if action=reinterpret pc=0x00007f168c3c7774 method=java.net.URLStreamHandler.parseURL(Ljava/net/URL;Ljava/lang/String;II)V @ 57 c2
Event: 2,331 Thread 0x00007f169c017800 DEOPT PACKING pc=0x00007f168c3c7774 sp=0x00007f16a23b5470
Event: 2,331 Thread 0x00007f169c017800 DEOPT UNPACKING pc=0x00007f1684886ea5 sp=0x00007f16a23b5440 mode 2
Event: 2,479 Thread 0x00007f169c017800 Uncommon trap: trap_request=0xffffff4d fr.pc=0x00007f168c45dacc relative=0x000000000000010c
Event: 2,479 Thread 0x00007f169c017800 Uncommon trap: reason=unstable_if action=reinterpret pc=0x00007f168c45dacc method=java.lang.ClassLoader.getClassLoadingLock(Ljava/lang/String;)Ljava/lang/Object; @ 6 c2
Event: 2,479 Thread 0x00007f169c017800 DEOPT PACKING pc=0x00007f168c45dacc sp=0x00007f16a23b3930
Event: 2,479 Thread 0x00007f169c017800 DEOPT UNPACKING pc=0x00007f1684886ea5 sp=0x00007f16a23b38f0 mode 2

Classes redefined (0 events):
No events

Internal exceptions (20 events):
Event: 2,301 Thread 0x00007f169c017800 Exception <a 'java/lang/ClassNotFoundException'{0x00000007137cd9e8}: org/springframework/boot/orm/jpa/EntityManagerFactoryBuilderCustomizer> (0x00000007137cd9e8) thrown at [src/hotspot/share/classfile/systemDictionary.cpp, line 230]
Event: 2,315 Thread 0x00007f169c017800 Implicit null exception at 0x00007f168c43adef to 0x00007f168c43b1b8
Event: 2,320 Thread 0x00007f169c017800 Exception <a 'java/lang/ClassNotFoundException'{0x0000000713585130}: java/lang/ObjectCustomizer> (0x0000000713585130) thrown at [src/hotspot/share/classfile/systemDictionary.cpp, line 230]
Event: 2,320 Thread 0x00007f169c017800 Exception <a 'java/lang/ClassNotFoundException'{0x000000071359e778}: org/springframework/orm/jpa/AbstractEntityManagerFactoryBeanCustomizer> (0x000000071359e778) thrown at [src/hotspot/share/classfile/systemDictionary.cpp, line 230]
Event: 2,321 Thread 0x00007f169c017800 Exception <a 'java/lang/ClassNotFoundException'{0x00000007135d75b0}: org/springframework/orm/jpa/LocalContainerEntityManagerFactoryBeanCustomizer> (0x00000007135d75b0) thrown at [src/hotspot/share/classfile/systemDictionary.cpp, line 230]
Event: 2,324 Thread 0x00007f169c017800 Exception <a 'java/lang/ClassNotFoundException'{0x000000071342b5e8}: org/springframework/context/ResourceLoaderAwareCustomizer> (0x000000071342b5e8) thrown at [src/hotspot/share/classfile/systemDictionary.cpp, line 230]
Event: 2,324 Thread 0x00007f169c017800 Exception <a 'java/lang/ClassNotFoundException'{0x000000071343e998}: org/springframework/beans/factory/AwareCustomizer> (0x000000071343e998) thrown at [src/hotspot/share/classfile/systemDictionary.cpp, line 230]
Event: 2,324 Thread 0x00007f169c017800 Exception <a 'java/lang/ClassNotFoundException'{0x0000000713453b10}: org/springframework/context/weaving/LoadTimeWeaverAwareCustomizer> (0x0000000713453b10) thrown at [src/hotspot/share/classfile/systemDictionary.cpp, line 230]
Event: 2,324 Thread 0x00007f169c017800 Exception <a 'java/lang/ClassNotFoundException'{0x00000007134673e0}: org/springframework/beans/factory/AwareCustomizer> (0x00000007134673e0) thrown at [src/hotspot/share/classfile/systemDictionary.cpp, line 230]
Event: 2,324 Thread 0x00007f169c017800 Exception <a 'java/lang/ClassNotFoundException'{0x000000071347afb8}: org/springframework/beans/factory/FactoryBeanCustomizer> (0x000000071347afb8) thrown at [src/hotspot/share/classfile/systemDictionary.cpp, line 230]
Event: 2,325 Thread 0x00007f169c017800 Exception <a 'java/lang/ClassNotFoundException'{0x0000000713492ac0}: org/springframework/beans/factory/BeanClassLoaderAwareCustomizer> (0x0000000713492ac0) thrown at [src/hotspot/share/classfile/systemDictionary.cpp, line 230]
Event: 2,325 Thread 0x00007f169c017800 Exception <a 'java/lang/ClassNotFoundException'{0x00000007134a79c0}: org/springframework/beans/factory/AwareCustomizer> (0x00000007134a79c0) thrown at [src/hotspot/share/classfile/systemDictionary.cpp, line 230]
Event: 2,325 Thread 0x00007f169c017800 Exception <a 'java/lang/ClassNotFoundException'{0x00000007134bc138}: org/springframework/beans/factory/BeanFactoryAwareCustomizer> (0x00000007134bc138) thrown at [src/hotspot/share/classfile/systemDictionary.cpp, line 230]
Event: 2,325 Thread 0x00007f169c017800 Exception <a 'java/lang/ClassNotFoundException'{0x00000007134cfa40}: org/springframework/beans/factory/AwareCustomizer> (0x00000007134cfa40) thrown at [src/hotspot/share/classfile/systemDictionary.cpp, line 230]
Event: 2,325 Thread 0x00007f169c017800 Exception <a 'java/lang/ClassNotFoundException'{0x00000007134e35e8}: org/springframework/beans/factory/BeanNameAwareCustomizer> (0x00000007134e35e8) thrown at [src/hotspot/share/classfile/systemDictionary.cpp, line 230]
Event: 2,326 Thread 0x00007f169c017800 Exception <a 'java/lang/ClassNotFoundException'{0x00000007134f6dd8}: org/springframework/beans/factory/AwareCustomizer> (0x00000007134f6dd8) thrown at [src/hotspot/share/classfile/systemDictionary.cpp, line 230]
Event: 2,326 Thread 0x00007f169c017800 Exception <a 'java/lang/ClassNotFoundException'{0x000000071330ba38}: org/springframework/beans/factory/InitializingBeanCustomizer> (0x000000071330ba38) thrown at [src/hotspot/share/classfile/systemDictionary.cpp, line 230]
Event: 2,326 Thread 0x00007f169c017800 Exception <a 'java/lang/ClassNotFoundException'{0x00000007133203a0}: org/springframework/beans/factory/DisposableBeanCustomizer> (0x00000007133203a0) thrown at [src/hotspot/share/classfile/systemDictionary.cpp, line 230]
Event: 2,326 Thread 0x00007f169c017800 Exception <a 'java/lang/ClassNotFoundException'{0x0000000713335f98}: org/springframework/orm/jpa/EntityManagerFactoryInfoCustomizer> (0x0000000713335f98) thrown at [src/hotspot/share/classfile/systemDictionary.cpp, line 230]
Event: 2,327 Thread 0x00007f169c017800 Exception <a 'java/lang/ClassNotFoundException'{0x0000000713358d00}: org/springframework/dao/support/PersistenceExceptionTranslatorCustomizer> (0x0000000713358d00) thrown at [src/hotspot/share/classfile/systemDictionary.cpp, line 230]

Events (20 events):
Event: 2,633 loading class org/hibernate/id/Configurable done
Event: 2,633 loading class org/hibernate/boot/model/relational/ExportableProducer
Event: 2,633 loading class org/hibernate/boot/model/relational/ExportableProducer done
Event: 2,633 loading class org/hibernate/id/GUIDGenerator
Event: 2,633 loading class org/hibernate/id/GUIDGenerator done
Event: 2,633 loading class org/hibernate/id/UUIDHexGenerator
Event: 2,633 loading class org/hibernate/id/UUIDHexGenerator done
Event: 2,633 loading class org/hibernate/id/AbstractUUIDGenerator
Event: 2,633 loading class org/hibernate/id/AbstractUUIDGenerator done
Event: 2,634 loading class org/hibernate/id/Assigned
Event: 2,634 loading class org/hibernate/id/Assigned done
Event: 2,634 loading class org/hibernate/id/IdentityGenerator
Event: 2,634 loading class org/hibernate/id/IdentityGenerator done
Event: 2,634 loading class org/hibernate/id/AbstractPostInsertGenerator
Event: 2,634 loading class org/hibernate/id/AbstractPostInsertGenerator done
Event: 2,634 loading class org/hibernate/id/PostInsertIdentifierGenerator
Event: 2,634 loading class org/hibernate/id/PostInsertIdentifierGenerator done
Event: 2,634 loading class org/hibernate/id/BulkInsertionCapableIdentifierGenerator
Event: 2,634 loading class org/hibernate/id/BulkInsertionCapableIdentifierGenerator done
Event: 2,634 Executing VM operation: CollectForMetadataAllocation


Dynamic libraries:
708400000-717c00000 rw-p 00000000 00:00 0 
717c00000-7bfe00000 ---p 00000000 00:00 0 
7bfe00000-7bfe47000 rw-p 01118000 103:06 3802055                         /usr/lib/jvm/java-11-openjdk-amd64/lib/server/classes.jsa
7bfe47000-7bff00000 rw-p 00000000 00:00 0 
7bff00000-7bff6b000 rw-p 010ad000 103:06 3802055                         /usr/lib/jvm/java-11-openjdk-amd64/lib/server/classes.jsa
7bff6b000-7c0000000 rw-p 00000000 00:00 0 
7c0000000-800000000 ---p 00000000 00:00 0 
800000000-800002000 rwxp 00001000 103:06 3802055                         /usr/lib/jvm/java-11-openjdk-amd64/lib/server/classes.jsa
800002000-8003cb000 rw-p 00003000 103:06 3802055                         /usr/lib/jvm/java-11-openjdk-amd64/lib/server/classes.jsa
8003cb000-800a99000 r--p 003cc000 103:06 3802055                         /usr/lib/jvm/java-11-openjdk-amd64/lib/server/classes.jsa
800a99000-800a9a000 rw-p 00a9a000 103:06 3802055                         /usr/lib/jvm/java-11-openjdk-amd64/lib/server/classes.jsa
800a9a000-8010ac000 r--p 00a9b000 103:06 3802055                         /usr/lib/jvm/java-11-openjdk-amd64/lib/server/classes.jsa
840000000-8404e0000 rw-p 00000000 00:00 0 
8404e0000-880000000 ---p 00000000 00:00 0 
559052978000-559052979000 r--p 00000000 103:06 2886254                   /usr/lib/jvm/java-11-openjdk-amd64/bin/java
559052979000-55905297a000 r-xp 00001000 103:06 2886254                   /usr/lib/jvm/java-11-openjdk-amd64/bin/java
55905297a000-55905297b000 r--p 00002000 103:06 2886254                   /usr/lib/jvm/java-11-openjdk-amd64/bin/java
55905297b000-55905297c000 r--p 00002000 103:06 2886254                   /usr/lib/jvm/java-11-openjdk-amd64/bin/java
55905297c000-55905297d000 rw-p 00003000 103:06 2886254                   /usr/lib/jvm/java-11-openjdk-amd64/bin/java
5590541a6000-5590541c7000 rw-p 00000000 00:00 0                          [heap]
7f1608000000-7f1608021000 rw-p 00000000 00:00 0 
7f1608021000-7f160c000000 ---p 00000000 00:00 0 
7f1610000000-7f1610021000 rw-p 00000000 00:00 0 
7f1610021000-7f1614000000 ---p 00000000 00:00 0 
7f1614000000-7f1614021000 rw-p 00000000 00:00 0 
7f1614021000-7f1618000000 ---p 00000000 00:00 0 
7f1618000000-7f1618021000 rw-p 00000000 00:00 0 
7f1618021000-7f161c000000 ---p 00000000 00:00 0 
7f161c000000-7f161c021000 rw-p 00000000 00:00 0 
7f161c021000-7f1620000000 ---p 00000000 00:00 0 
7f1620000000-7f1620371000 rw-p 00000000 00:00 0 
7f1620371000-7f1624000000 ---p 00000000 00:00 0 
7f1624000000-7f1624021000 rw-p 00000000 00:00 0 
7f1624021000-7f1628000000 ---p 00000000 00:00 0 
7f1628000000-7f1628021000 rw-p 00000000 00:00 0 
7f1628021000-7f162c000000 ---p 00000000 00:00 0 
7f162c000000-7f162d0e1000 rw-p 00000000 00:00 0 
7f162d0e1000-7f1630000000 ---p 00000000 00:00 0 
7f1630000000-7f1630033000 rw-p 00000000 00:00 0 
7f1630033000-7f1634000000 ---p 00000000 00:00 0 
7f1635def000-7f1635e2f000 rw-p 00000000 00:00 0 
7f1635e2f000-7f1635fef000 ---p 00000000 00:00 0 
7f1635fef000-7f16361ef000 rw-p 00000000 00:00 0 
7f16361ef000-7f16363ef000 rw-p 00000000 00:00 0 
7f16363ef000-7f16365ef000 rw-p 00000000 00:00 0 
7f16365ef000-7f16367ef000 rw-p 00000000 00:00 0 
7f16367ef000-7f16369ef000 rw-p 00000000 00:00 0 
7f16369ef000-7f16369f0000 ---p 00000000 00:00 0 
7f16369f0000-7f1636af1000 rw-p 00000000 00:00 0 
7f1636af1000-7f1636af2000 ---p 00000000 00:00 0 
7f1636af2000-7f1636df3000 rw-p 00000000 00:00 0 
7f1636df3000-7f1636fdf000 rw-p 00000000 00:00 0 
7f1636fdf000-7f1636ff3000 ---p 00000000 00:00 0 
7f1636ff3000-7f16371f3000 rw-p 00000000 00:00 0 
7f16371f3000-7f16373f3000 rw-p 00000000 00:00 0 
7f16373f3000-7f16375f3000 rw-p 00000000 00:00 0 
7f16375f3000-7f16377f3000 rw-p 00000000 00:00 0 
7f16377f3000-7f16377f4000 ---p 00000000 00:00 0 
7f16377f4000-7f16378f5000 rw-p 00000000 00:00 0 
7f16378f5000-7f16378f6000 ---p 00000000 00:00 0 
7f16378f6000-7f16379f7000 rw-p 00000000 00:00 0 
7f16379f7000-7f16379f8000 ---p 00000000 00:00 0 
7f16379f8000-7f1637af9000 rw-p 00000000 00:00 0 
7f1637af9000-7f1637afa000 ---p 00000000 00:00 0 
7f1637afa000-7f1637bfb000 rw-p 00000000 00:00 0 
7f1637bfb000-7f1637bfc000 ---p 00000000 00:00 0 
7f1637bfc000-7f1637cfd000 rw-p 00000000 00:00 0 
7f1637cfd000-7f1637d01000 ---p 00000000 00:00 0 
7f1637d01000-7f1637dfe000 rw-p 00000000 00:00 0 
7f1637dfe000-7f1637e02000 ---p 00000000 00:00 0 
7f1637e02000-7f1637eff000 rw-p 00000000 00:00 0 
7f1637eff000-7f1637f03000 ---p 00000000 00:00 0 
7f1637f03000-7f1638000000 rw-p 00000000 00:00 0 
7f1638000000-7f1638021000 rw-p 00000000 00:00 0 
7f1638021000-7f163c000000 ---p 00000000 00:00 0 
7f163c000000-7f163c021000 rw-p 00000000 00:00 0 
7f163c021000-7f1640000000 ---p 00000000 00:00 0 
7f1640000000-7f1640021000 rw-p 00000000 00:00 0 
7f1640021000-7f1644000000 ---p 00000000 00:00 0 
7f1644000000-7f1644021000 rw-p 00000000 00:00 0 
7f1644021000-7f1648000000 ---p 00000000 00:00 0 
7f1648000000-7f1649154000 rw-p 00000000 00:00 0 
7f1649154000-7f164c000000 ---p 00000000 00:00 0 
7f164c000000-7f164c89c000 rw-p 00000000 00:00 0 
7f164c89c000-7f1650000000 ---p 00000000 00:00 0 
7f1650000000-7f1650021000 rw-p 00000000 00:00 0 
7f1650021000-7f1654000000 ---p 00000000 00:00 0 
7f1654000000-7f1654021000 rw-p 00000000 00:00 0 
7f1654021000-7f1658000000 ---p 00000000 00:00 0 
7f1658000000-7f1658021000 rw-p 00000000 00:00 0 
7f1658021000-7f165c000000 ---p 00000000 00:00 0 
7f165c000000-7f165c021000 rw-p 00000000 00:00 0 
7f165c021000-7f1660000000 ---p 00000000 00:00 0 
7f1660000000-7f1660021000 rw-p 00000000 00:00 0 
7f1660021000-7f1664000000 ---p 00000000 00:00 0 
7f1664000000-7f1664021000 rw-p 00000000 00:00 0 
7f1664021000-7f1668000000 ---p 00000000 00:00 0 
7f1668000000-7f1668021000 rw-p 00000000 00:00 0 
7f1668021000-7f166c000000 ---p 00000000 00:00 0 
7f166c000000-7f166c021000 rw-p 00000000 00:00 0 
7f166c021000-7f1670000000 ---p 00000000 00:00 0 
7f16700f9000-7f16700fd000 ---p 00000000 00:00 0 
7f16700fd000-7f16701fa000 rw-p 00000000 00:00 0 
7f16701fa000-7f16701fe000 ---p 00000000 00:00 0 
7f16701fe000-7f16702fb000 rw-p 00000000 00:00 0 
7f16702fb000-7f16702fc000 ---p 00000000 00:00 0 
7f16702fc000-7f16703fd000 rw-p 00000000 00:00 0 
7f16703fd000-7f1670401000 ---p 00000000 00:00 0 
7f1670401000-7f16704fe000 rw-p 00000000 00:00 0 
7f16704fe000-7f1670502000 ---p 00000000 00:00 0 
7f1670502000-7f16705ff000 rw-p 00000000 00:00 0 
7f16705ff000-7f1670603000 ---p 00000000 00:00 0 
7f1670603000-7f1670700000 rw-p 00000000 00:00 0 
7f1670700000-7f1670704000 ---p 00000000 00:00 0 
7f1670704000-7f1670801000 rw-p 00000000 00:00 0 
7f1670801000-7f1670805000 ---p 00000000 00:00 0 
7f1670805000-7f1670902000 rw-p 00000000 00:00 0 
7f1670902000-7f1670e73000 r--p 00000000 103:06 2889073                   /usr/lib/locale/locale-archive
7f1670e73000-7f1670e77000 ---p 00000000 00:00 0 
7f1670e77000-7f1670f74000 rw-p 00000000 00:00 0 
7f1670f74000-7f1670f78000 ---p 00000000 00:00 0 
7f1670f78000-7f1671075000 rw-p 00000000 00:00 0 
7f1671075000-7f1671076000 ---p 00000000 00:00 0 
7f1671076000-7f16719f8000 rw-p 00000000 00:00 0 
7f16719f8000-7f16719f9000 ---p 00000000 00:00 0 
7f16719f9000-7f1671afa000 rw-p 00000000 00:00 0 
7f1671afa000-7f1671afb000 ---p 00000000 00:00 0 
7f1671afb000-7f1674000000 rw-p 00000000 00:00 0 
7f1674000000-7f1674021000 rw-p 00000000 00:00 0 
7f1674021000-7f1678000000 ---p 00000000 00:00 0 
7f167801c000-7f1678800000 rw-p 00000000 00:00 0 
7f1678800000-7f167b208000 ---p 00000000 00:00 0 
7f167b208000-7f167b210000 rw-p 00000000 00:00 0 
7f167b210000-7f167c210000 ---p 00000000 00:00 0 
7f167c210000-7f167c5f0000 rw-p 00000000 00:00 0 
7f167c5f0000-7f167eff8000 ---p 00000000 00:00 0 
7f167eff8000-7f167f000000 rw-p 00000000 00:00 0 
7f167f000000-7f1680000000 ---p 00000000 00:00 0 
7f1680000000-7f1680021000 rw-p 00000000 00:00 0 
7f1680021000-7f1684000000 ---p 00000000 00:00 0 
7f1684025000-7f1684029000 r--p 00000000 103:06 3673759                   /lib/x86_64-linux-gnu/libresolv-2.31.so
7f1684029000-7f1684039000 r-xp 00004000 103:06 3673759                   /lib/x86_64-linux-gnu/libresolv-2.31.so
7f1684039000-7f168403d000 r--p 00014000 103:06 3673759                   /lib/x86_64-linux-gnu/libresolv-2.31.so
7f168403d000-7f168403e000 r--p 00017000 103:06 3673759                   /lib/x86_64-linux-gnu/libresolv-2.31.so
7f168403e000-7f168403f000 rw-p 00018000 103:06 3673759                   /lib/x86_64-linux-gnu/libresolv-2.31.so
7f168403f000-7f1684041000 rw-p 00000000 00:00 0 
7f168405d000-7f1684061000 ---p 00000000 00:00 0 
7f1684061000-7f16840fb000 rw-p 00000000 00:00 0 
7f16840fb000-7f168463c000 ---p 00000000 00:00 0 
7f168463c000-7f168463d000 rw-p 00000000 00:00 0 
7f168463d000-7f168483d000 ---p 00000000 00:00 0 
7f168483d000-7f1684aad000 rwxp 00000000 00:00 0 
7f1684aad000-7f1684dce000 ---p 00000000 00:00 0 
7f1684dce000-7f16854de000 rwxp 00000000 00:00 0 
7f16854de000-7f168c305000 ---p 00000000 00:00 0 
7f168c305000-7f168c575000 rwxp 00000000 00:00 0 
7f168c575000-7f169383d000 ---p 00000000 00:00 0 
7f169383d000-7f169c000000 r--s 00000000 103:06 2921663                   /usr/lib/jvm/java-11-openjdk-amd64/lib/modules
7f169c000000-7f169d6bd000 rw-p 00000000 00:00 0 
7f169d6bd000-7f16a0000000 ---p 00000000 00:00 0 
7f16a000a000-7f16a000b000 r--p 00000000 103:06 3673745                   /lib/x86_64-linux-gnu/libnss_dns-2.31.so
7f16a000b000-7f16a000f000 r-xp 00001000 103:06 3673745                   /lib/x86_64-linux-gnu/libnss_dns-2.31.so
7f16a000f000-7f16a0010000 r--p 00005000 103:06 3673745                   /lib/x86_64-linux-gnu/libnss_dns-2.31.so
7f16a0010000-7f16a0011000 r--p 00005000 103:06 3673745                   /lib/x86_64-linux-gnu/libnss_dns-2.31.so
7f16a0011000-7f16a0012000 rw-p 00006000 103:06 3673745                   /lib/x86_64-linux-gnu/libnss_dns-2.31.so
7f16a0012000-7f16a0013000 r--p 00000000 103:06 3670771                   /lib/x86_64-linux-gnu/libnss_mdns4_minimal.so.2
7f16a0013000-7f16a0015000 r-xp 00001000 103:06 3670771                   /lib/x86_64-linux-gnu/libnss_mdns4_minimal.so.2
7f16a0015000-7f16a0016000 r--p 00003000 103:06 3670771                   /lib/x86_64-linux-gnu/libnss_mdns4_minimal.so.2
7f16a0016000-7f16a0017000 r--p 00003000 103:06 3670771                   /lib/x86_64-linux-gnu/libnss_mdns4_minimal.so.2
7f16a0017000-7f16a0018000 rw-p 00004000 103:06 3670771                   /lib/x86_64-linux-gnu/libnss_mdns4_minimal.so.2
7f16a0018000-7f16a001a000 r--p 00000000 103:06 2921651                   /usr/lib/jvm/java-11-openjdk-amd64/lib/libmanagement_ext.so
7f16a001a000-7f16a001d000 r-xp 00002000 103:06 2921651                   /usr/lib/jvm/java-11-openjdk-amd64/lib/libmanagement_ext.so
7f16a001d000-7f16a001f000 r--p 00005000 103:06 2921651                   /usr/lib/jvm/java-11-openjdk-amd64/lib/libmanagement_ext.so
7f16a001f000-7f16a0020000 r--p 00006000 103:06 2921651                   /usr/lib/jvm/java-11-openjdk-amd64/lib/libmanagement_ext.so
7f16a0020000-7f16a0021000 rw-p 00007000 103:06 2921651                   /usr/lib/jvm/java-11-openjdk-amd64/lib/libmanagement_ext.so
7f16a0021000-7f16a0025000 r--p 00000000 103:06 2921653                   /usr/lib/jvm/java-11-openjdk-amd64/lib/libnet.so
7f16a0025000-7f16a0033000 r-xp 00004000 103:06 2921653                   /usr/lib/jvm/java-11-openjdk-amd64/lib/libnet.so
7f16a0033000-7f16a0037000 r--p 00012000 103:06 2921653                   /usr/lib/jvm/java-11-openjdk-amd64/lib/libnet.so
7f16a0037000-7f16a0038000 r--p 00015000 103:06 2921653                   /usr/lib/jvm/java-11-openjdk-amd64/lib/libnet.so
7f16a0038000-7f16a0039000 rw-p 00016000 103:06 2921653                   /usr/lib/jvm/java-11-openjdk-amd64/lib/libnet.so
7f16a0039000-7f16a0040000 r--p 00000000 103:06 2921654                   /usr/lib/jvm/java-11-openjdk-amd64/lib/libnio.so
7f16a0040000-7f16a0048000 r-xp 00007000 103:06 2921654                   /usr/lib/jvm/java-11-openjdk-amd64/lib/libnio.so
7f16a0048000-7f16a004b000 r--p 0000f000 103:06 2921654                   /usr/lib/jvm/java-11-openjdk-amd64/lib/libnio.so
7f16a004b000-7f16a004c000 r--p 00011000 103:06 2921654                   /usr/lib/jvm/java-11-openjdk-amd64/lib/libnio.so
7f16a004c000-7f16a004d000 rw-p 00012000 103:06 2921654                   /usr/lib/jvm/java-11-openjdk-amd64/lib/libnio.so
7f16a004d000-7f16a02aa000 rw-p 00000000 00:00 0 
7f16a02aa000-7f16a02ab000 ---p 00000000 00:00 0 
7f16a02ab000-7f16a03ac000 rw-p 00000000 00:00 0 
7f16a03ac000-7f16a03ad000 ---p 00000000 00:00 0 
7f16a03ad000-7f16a062a000 rw-p 00000000 00:00 0 
7f16a062a000-7f16a0b6b000 ---p 00000000 00:00 0 
7f16a0b6b000-7f16a0b6c000 rw-p 00000000 00:00 0 
7f16a0b6c000-7f16a0d6c000 ---p 00000000 00:00 0 
7f16a0d6c000-7f16a0de8000 rw-p 00000000 00:00 0 
7f16a0de8000-7f16a1329000 ---p 00000000 00:00 0 
7f16a1329000-7f16a132a000 rw-p 00000000 00:00 0 
7f16a132a000-7f16a152a000 ---p 00000000 00:00 0 
7f16a152a000-7f16a1f34000 rw-p 00000000 00:00 0 
7f16a1f34000-7f16a1f35000 ---p 00000000 00:00 0 
7f16a1f35000-7f16a203b000 rw-p 00000000 00:00 0 
7f16a203b000-7f16a2121000 ---p 00000000 00:00 0 
7f16a2121000-7f16a2130000 rw-p 00000000 00:00 0 
7f16a2130000-7f16a220c000 ---p 00000000 00:00 0 
7f16a220c000-7f16a2211000 rw-p 00000000 00:00 0 
7f16a2211000-7f16a2218000 ---p 00000000 00:00 0 
7f16a2218000-7f16a221b000 r--p 00000000 103:06 3673747                   /lib/x86_64-linux-gnu/libnss_files-2.31.so
7f16a221b000-7f16a2222000 r-xp 00003000 103:06 3673747                   /lib/x86_64-linux-gnu/libnss_files-2.31.so
7f16a2222000-7f16a2224000 r--p 0000a000 103:06 3673747                   /lib/x86_64-linux-gnu/libnss_files-2.31.so
7f16a2224000-7f16a2225000 r--p 0000b000 103:06 3673747                   /lib/x86_64-linux-gnu/libnss_files-2.31.so
7f16a2225000-7f16a2226000 rw-p 0000c000 103:06 3673747                   /lib/x86_64-linux-gnu/libnss_files-2.31.so
7f16a2226000-7f16a222c000 rw-p 00000000 00:00 0 
7f16a222c000-7f16a2230000 r--p 00000000 103:06 3673741                   /lib/x86_64-linux-gnu/libnsl-2.31.so
7f16a2230000-7f16a2240000 r-xp 00004000 103:06 3673741                   /lib/x86_64-linux-gnu/libnsl-2.31.so
7f16a2240000-7f16a2245000 r--p 00014000 103:06 3673741                   /lib/x86_64-linux-gnu/libnsl-2.31.so
7f16a2245000-7f16a2246000 r--p 00018000 103:06 3673741                   /lib/x86_64-linux-gnu/libnsl-2.31.so
7f16a2246000-7f16a2247000 rw-p 00019000 103:06 3673741                   /lib/x86_64-linux-gnu/libnsl-2.31.so
7f16a2247000-7f16a2249000 rw-p 00000000 00:00 0 
7f16a2249000-7f16a224b000 r--p 00000000 103:06 3673751                   /lib/x86_64-linux-gnu/libnss_nis-2.31.so
7f16a224b000-7f16a2253000 r-xp 00002000 103:06 3673751                   /lib/x86_64-linux-gnu/libnss_nis-2.31.so
7f16a2253000-7f16a2255000 r--p 0000a000 103:06 3673751                   /lib/x86_64-linux-gnu/libnss_nis-2.31.so
7f16a2255000-7f16a2256000 r--p 0000b000 103:06 3673751                   /lib/x86_64-linux-gnu/libnss_nis-2.31.so
7f16a2256000-7f16a2257000 rw-p 0000c000 103:06 3673751                   /lib/x86_64-linux-gnu/libnss_nis-2.31.so
7f16a2257000-7f16a2259000 r--p 00000000 103:06 3673743                   /lib/x86_64-linux-gnu/libnss_compat-2.31.so
7f16a2259000-7f16a2260000 r-xp 00002000 103:06 3673743                   /lib/x86_64-linux-gnu/libnss_compat-2.31.so
7f16a2260000-7f16a2261000 r--p 00009000 103:06 3673743                   /lib/x86_64-linux-gnu/libnss_compat-2.31.so
7f16a2261000-7f16a2262000 r--p 00009000 103:06 3673743                   /lib/x86_64-linux-gnu/libnss_compat-2.31.so
7f16a2262000-7f16a2263000 rw-p 0000a000 103:06 3673743                   /lib/x86_64-linux-gnu/libnss_compat-2.31.so
7f16a2263000-7f16a2266000 r--p 00000000 103:06 2921649                   /usr/lib/jvm/java-11-openjdk-amd64/lib/libmanagement.so
7f16a2266000-7f16a2267000 r-xp 00003000 103:06 2921649                   /usr/lib/jvm/java-11-openjdk-amd64/lib/libmanagement.so
7f16a2267000-7f16a2268000 r--p 00004000 103:06 2921649                   /usr/lib/jvm/java-11-openjdk-amd64/lib/libmanagement.so
7f16a2268000-7f16a2269000 r--p 00004000 103:06 2921649                   /usr/lib/jvm/java-11-openjdk-amd64/lib/libmanagement.so
7f16a2269000-7f16a226a000 rw-p 00005000 103:06 2921649                   /usr/lib/jvm/java-11-openjdk-amd64/lib/libmanagement.so
7f16a226a000-7f16a226c000 r--s 0000c000 103:06 3282460                   /usr/share/java/java-atk-wrapper.jar
7f16a226c000-7f16a226e000 r--p 00000000 103:06 2921662                   /usr/lib/jvm/java-11-openjdk-amd64/lib/libzip.so
7f16a226e000-7f16a2273000 r-xp 00002000 103:06 2921662                   /usr/lib/jvm/java-11-openjdk-amd64/lib/libzip.so
7f16a2273000-7f16a2275000 r--p 00007000 103:06 2921662                   /usr/lib/jvm/java-11-openjdk-amd64/lib/libzip.so
7f16a2275000-7f16a2276000 r--p 00008000 103:06 2921662                   /usr/lib/jvm/java-11-openjdk-amd64/lib/libzip.so
7f16a2276000-7f16a2277000 rw-p 00009000 103:06 2921662                   /usr/lib/jvm/java-11-openjdk-amd64/lib/libzip.so
7f16a2277000-7f16a227f000 rw-s 00000000 103:06 3806430                   /tmp/hsperfdata_artur/371564
7f16a227f000-7f16a2280000 ---p 00000000 00:00 0 
7f16a2280000-7f16a2281000 r--p 00000000 00:00 0 
7f16a2281000-7f16a228f000 r--p 00000000 103:06 2921642                   /usr/lib/jvm/java-11-openjdk-amd64/lib/libjava.so
7f16a228f000-7f16a22a5000 r-xp 0000e000 103:06 2921642                   /usr/lib/jvm/java-11-openjdk-amd64/lib/libjava.so
7f16a22a5000-7f16a22ac000 r--p 00024000 103:06 2921642                   /usr/lib/jvm/java-11-openjdk-amd64/lib/libjava.so
7f16a22ac000-7f16a22ad000 r--p 0002a000 103:06 2921642                   /usr/lib/jvm/java-11-openjdk-amd64/lib/libjava.so
7f16a22ad000-7f16a22ae000 rw-p 0002b000 103:06 2921642                   /usr/lib/jvm/java-11-openjdk-amd64/lib/libjava.so
7f16a22ae000-7f16a22af000 rw-p 00000000 00:00 0 
7f16a22af000-7f16a22b1000 r--p 00000000 103:06 3673760                   /lib/x86_64-linux-gnu/librt-2.31.so
7f16a22b1000-7f16a22b5000 r-xp 00002000 103:06 3673760                   /lib/x86_64-linux-gnu/librt-2.31.so
7f16a22b5000-7f16a22b7000 r--p 00006000 103:06 3673760                   /lib/x86_64-linux-gnu/librt-2.31.so
7f16a22b7000-7f16a22b8000 r--p 00007000 103:06 3673760                   /lib/x86_64-linux-gnu/librt-2.31.so
7f16a22b8000-7f16a22b9000 rw-p 00008000 103:06 3673760                   /lib/x86_64-linux-gnu/librt-2.31.so
7f16a22b9000-7f16a22bd000 ---p 00000000 00:00 0 
7f16a22bd000-7f16a23ba000 rw-p 00000000 00:00 0 
7f16a23ba000-7f16a23bd000 r--p 00000000 103:06 3670736                   /lib/x86_64-linux-gnu/libgcc_s.so.1
7f16a23bd000-7f16a23cf000 r-xp 00003000 103:06 3670736                   /lib/x86_64-linux-gnu/libgcc_s.so.1
7f16a23cf000-7f16a23d3000 r--p 00015000 103:06 3670736                   /lib/x86_64-linux-gnu/libgcc_s.so.1
7f16a23d3000-7f16a23d4000 r--p 00018000 103:06 3670736                   /lib/x86_64-linux-gnu/libgcc_s.so.1
7f16a23d4000-7f16a23d5000 rw-p 00019000 103:06 3670736                   /lib/x86_64-linux-gnu/libgcc_s.so.1
7f16a23d5000-7f16a23e2000 r--p 00000000 103:06 3673735                   /lib/x86_64-linux-gnu/libm-2.31.so
7f16a23e2000-7f16a2489000 r-xp 0000d000 103:06 3673735                   /lib/x86_64-linux-gnu/libm-2.31.so
7f16a2489000-7f16a2522000 r--p 000b4000 103:06 3673735                   /lib/x86_64-linux-gnu/libm-2.31.so
7f16a2522000-7f16a2523000 r--p 0014c000 103:06 3673735                   /lib/x86_64-linux-gnu/libm-2.31.so
7f16a2523000-7f16a2524000 rw-p 0014d000 103:06 3673735                   /lib/x86_64-linux-gnu/libm-2.31.so
7f16a2524000-7f16a25ba000 r--p 00000000 103:06 2883678                   /usr/lib/x86_64-linux-gnu/libstdc++.so.6.0.28
7f16a25ba000-7f16a26ab000 r-xp 00096000 103:06 2883678                   /usr/lib/x86_64-linux-gnu/libstdc++.so.6.0.28
7f16a26ab000-7f16a26f4000 r--p 00187000 103:06 2883678                   /usr/lib/x86_64-linux-gnu/libstdc++.so.6.0.28
7f16a26f4000-7f16a26f5000 ---p 001d0000 103:06 2883678                   /usr/lib/x86_64-linux-gnu/libstdc++.so.6.0.28
7f16a26f5000-7f16a2700000 r--p 001d0000 103:06 2883678                   /usr/lib/x86_64-linux-gnu/libstdc++.so.6.0.28
7f16a2700000-7f16a2703000 rw-p 001db000 103:06 2883678                   /usr/lib/x86_64-linux-gnu/libstdc++.so.6.0.28
7f16a2703000-7f16a2706000 rw-p 00000000 00:00 0 
7f16a2706000-7f16a2988000 r--p 00000000 103:06 3801984                   /usr/lib/jvm/java-11-openjdk-amd64/lib/server/libjvm.so
7f16a2988000-7f16a360d000 r-xp 00282000 103:06 3801984                   /usr/lib/jvm/java-11-openjdk-amd64/lib/server/libjvm.so
7f16a360d000-7f16a3869000 r--p 00f07000 103:06 3801984                   /usr/lib/jvm/java-11-openjdk-amd64/lib/server/libjvm.so
7f16a3869000-7f16a392d000 r--p 01162000 103:06 3801984                   /usr/lib/jvm/java-11-openjdk-amd64/lib/server/libjvm.so
7f16a392d000-7f16a3968000 rw-p 01226000 103:06 3801984                   /usr/lib/jvm/java-11-openjdk-amd64/lib/server/libjvm.so
7f16a3968000-7f16a39c1000 rw-p 00000000 00:00 0 
7f16a39c1000-7f16a39c7000 r--p 00000000 103:06 3673757                   /lib/x86_64-linux-gnu/libpthread-2.31.so
7f16a39c7000-7f16a39d8000 r-xp 00006000 103:06 3673757                   /lib/x86_64-linux-gnu/libpthread-2.31.so
7f16a39d8000-7f16a39de000 r--p 00017000 103:06 3673757                   /lib/x86_64-linux-gnu/libpthread-2.31.so
7f16a39de000-7f16a39df000 r--p 0001c000 103:06 3673757                   /lib/x86_64-linux-gnu/libpthread-2.31.so
7f16a39df000-7f16a39e0000 rw-p 0001d000 103:06 3673757                   /lib/x86_64-linux-gnu/libpthread-2.31.so
7f16a39e0000-7f16a39e4000 rw-p 00000000 00:00 0 
7f16a39e4000-7f16a39e5000 r--p 00000000 103:06 3673733                   /lib/x86_64-linux-gnu/libdl-2.31.so
7f16a39e5000-7f16a39e7000 r-xp 00001000 103:06 3673733                   /lib/x86_64-linux-gnu/libdl-2.31.so
7f16a39e7000-7f16a39e8000 r--p 00003000 103:06 3673733                   /lib/x86_64-linux-gnu/libdl-2.31.so
7f16a39e8000-7f16a39e9000 r--p 00003000 103:06 3673733                   /lib/x86_64-linux-gnu/libdl-2.31.so
7f16a39e9000-7f16a39ea000 rw-p 00004000 103:06 3673733                   /lib/x86_64-linux-gnu/libdl-2.31.so
7f16a39ea000-7f16a39ec000 r--p 00000000 103:06 3672661                   /lib/x86_64-linux-gnu/libz.so.1.2.11
7f16a39ec000-7f16a39fd000 r-xp 00002000 103:06 3672661                   /lib/x86_64-linux-gnu/libz.so.1.2.11
7f16a39fd000-7f16a3a03000 r--p 00013000 103:06 3672661                   /lib/x86_64-linux-gnu/libz.so.1.2.11
7f16a3a03000-7f16a3a04000 ---p 00019000 103:06 3672661                   /lib/x86_64-linux-gnu/libz.so.1.2.11
7f16a3a04000-7f16a3a05000 r--p 00019000 103:06 3672661                   /lib/x86_64-linux-gnu/libz.so.1.2.11
7f16a3a05000-7f16a3a06000 rw-p 0001a000 103:06 3672661                   /lib/x86_64-linux-gnu/libz.so.1.2.11
7f16a3a06000-7f16a3a28000 r--p 00000000 103:06 3673731                   /lib/x86_64-linux-gnu/libc-2.31.so
7f16a3a28000-7f16a3ba0000 r-xp 00022000 103:06 3673731                   /lib/x86_64-linux-gnu/libc-2.31.so
7f16a3ba0000-7f16a3bee000 r--p 0019a000 103:06 3673731                   /lib/x86_64-linux-gnu/libc-2.31.so
7f16a3bee000-7f16a3bf2000 r--p 001e7000 103:06 3673731                   /lib/x86_64-linux-gnu/libc-2.31.so
7f16a3bf2000-7f16a3bf4000 rw-p 001eb000 103:06 3673731                   /lib/x86_64-linux-gnu/libc-2.31.so
7f16a3bf4000-7f16a3bf8000 rw-p 00000000 00:00 0 
7f16a3bf9000-7f16a3bfb000 r--p 00000000 103:06 2921645                   /usr/lib/jvm/java-11-openjdk-amd64/lib/libjimage.so
7f16a3bfb000-7f16a3bfe000 r-xp 00002000 103:06 2921645                   /usr/lib/jvm/java-11-openjdk-amd64/lib/libjimage.so
7f16a3bfe000-7f16a3bff000 r--p 00005000 103:06 2921645                   /usr/lib/jvm/java-11-openjdk-amd64/lib/libjimage.so
7f16a3bff000-7f16a3c00000 ---p 00006000 103:06 2921645                   /usr/lib/jvm/java-11-openjdk-amd64/lib/libjimage.so
7f16a3c00000-7f16a3c01000 r--p 00006000 103:06 2921645                   /usr/lib/jvm/java-11-openjdk-amd64/lib/libjimage.so
7f16a3c01000-7f16a3c02000 rw-p 00007000 103:06 2921645                   /usr/lib/jvm/java-11-openjdk-amd64/lib/libjimage.so
7f16a3c02000-7f16a3c07000 r--p 00000000 103:06 2921661                   /usr/lib/jvm/java-11-openjdk-amd64/lib/libverify.so
7f16a3c07000-7f16a3c0e000 r-xp 00005000 103:06 2921661                   /usr/lib/jvm/java-11-openjdk-amd64/lib/libverify.so
7f16a3c0e000-7f16a3c10000 r--p 0000c000 103:06 2921661                   /usr/lib/jvm/java-11-openjdk-amd64/lib/libverify.so
7f16a3c10000-7f16a3c11000 ---p 0000e000 103:06 2921661                   /usr/lib/jvm/java-11-openjdk-amd64/lib/libverify.so
7f16a3c11000-7f16a3c13000 r--p 0000e000 103:06 2921661                   /usr/lib/jvm/java-11-openjdk-amd64/lib/libverify.so
7f16a3c13000-7f16a3c14000 rw-p 00010000 103:06 2921661                   /usr/lib/jvm/java-11-openjdk-amd64/lib/libverify.so
7f16a3c14000-7f16a3c17000 r--p 00000000 103:06 3672252                   /usr/lib/jvm/java-11-openjdk-amd64/lib/jli/libjli.so
7f16a3c17000-7f16a3c21000 r-xp 00003000 103:06 3672252                   /usr/lib/jvm/java-11-openjdk-amd64/lib/jli/libjli.so
7f16a3c21000-7f16a3c24000 r--p 0000d000 103:06 3672252                   /usr/lib/jvm/java-11-openjdk-amd64/lib/jli/libjli.so
7f16a3c24000-7f16a3c25000 ---p 00010000 103:06 3672252                   /usr/lib/jvm/java-11-openjdk-amd64/lib/jli/libjli.so
7f16a3c25000-7f16a3c26000 r--p 00010000 103:06 3672252                   /usr/lib/jvm/java-11-openjdk-amd64/lib/jli/libjli.so
7f16a3c26000-7f16a3c27000 rw-p 00011000 103:06 3672252                   /usr/lib/jvm/java-11-openjdk-amd64/lib/jli/libjli.so
7f16a3c27000-7f16a3c29000 rw-p 00000000 00:00 0 
7f16a3c29000-7f16a3c2a000 r--p 00000000 103:06 3673723                   /lib/x86_64-linux-gnu/ld-2.31.so
7f16a3c2a000-7f16a3c4d000 r-xp 00001000 103:06 3673723                   /lib/x86_64-linux-gnu/ld-2.31.so
7f16a3c4d000-7f16a3c55000 r--p 00024000 103:06 3673723                   /lib/x86_64-linux-gnu/ld-2.31.so
7f16a3c56000-7f16a3c57000 r--p 0002c000 103:06 3673723                   /lib/x86_64-linux-gnu/ld-2.31.so
7f16a3c57000-7f16a3c58000 rw-p 0002d000 103:06 3673723                   /lib/x86_64-linux-gnu/ld-2.31.so
7f16a3c58000-7f16a3c59000 rw-p 00000000 00:00 0 
7ffd07c0f000-7ffd07c31000 rw-p 00000000 00:00 0                          [stack]
7ffd07c53000-7ffd07c56000 r--p 00000000 00:00 0                          [vvar]
7ffd07c56000-7ffd07c57000 r-xp 00000000 00:00 0                          [vdso]
ffffffffff600000-ffffffffff601000 --xp 00000000 00:00 0                  [vsyscall]


VM Arguments:
java_command: /home/artur/Desktop/3ano/TQS/tqs_98470/lab3/lab3_2/ex2/target/surefire/surefirebooter15910717613826768173.jar /home/artur/Desktop/3ano/TQS/tqs_98470/lab3/lab3_2/ex2/target/surefire 2022-04-04T02-29-39_435-jvmRun1 surefire13534547731373654382tmp surefire_02928359234847842332tmp
java_class_path (initial): /home/artur/Desktop/3ano/TQS/tqs_98470/lab3/lab3_2/ex2/target/surefire/surefirebooter15910717613826768173.jar
Launcher Type: SUN_STANDARD

[Global flags]
     intx CICompilerCount                          = 4                                         {product} {ergonomic}
     uint ConcGCThreads                            = 3                                         {product} {ergonomic}
     uint G1ConcRefinementThreads                  = 10                                        {product} {ergonomic}
   size_t G1HeapRegionSize                         = 1048576                                   {product} {ergonomic}
    uintx GCDrainStackTargetSize                   = 64                                        {product} {ergonomic}
   size_t InitialHeapSize                          = 260046848                                 {product} {ergonomic}
   size_t MarkStackSize                            = 4194304                                   {product} {ergonomic}
   size_t MaxHeapSize                              = 4156555264                                {product} {ergonomic}
   size_t MaxNewSize                               = 2493513728                                {product} {ergonomic}
   size_t MinHeapDeltaBytes                        = 1048576                                   {product} {ergonomic}
    uintx NonNMethodCodeHeapSize                   = 5836300                                {pd product} {ergonomic}
    uintx NonProfiledCodeHeapSize                  = 122910970                              {pd product} {ergonomic}
    uintx ProfiledCodeHeapSize                     = 122910970                              {pd product} {ergonomic}
    uintx ReservedCodeCacheSize                    = 251658240                              {pd product} {ergonomic}
     bool SegmentedCodeCache                       = true                                      {product} {ergonomic}
     bool UseCompressedClassPointers               = true                                 {lp64_product} {ergonomic}
     bool UseCompressedOops                        = true                                 {lp64_product} {ergonomic}
     bool UseG1GC                                  = true                                      {product} {ergonomic}

Logging:
Log output configuration:
 #0: stdout all=warning uptime,level,tags
 #1: stderr all=off uptime,level,tags

Environment Variables:
JAVA_HOME=/usr/lib/jvm/java-11-openjdk-amd64
CLASSPATH=.:/usr/local/lib/antlr-4.9.2-complete.jar:/usr/local/lib/ST-4.3.1.jar:
PATH=/home/artur/.local/bin:/home/artur/.nvm/versions/node/v14.17.0/bin:/home/artur/.local/bin:/usr/local/sbin:/usr/local/bin:/usr/sbin:/usr/bin:/sbin:/bin:/usr/games:/usr/local/games:/snap/bin:/usr/lib/jvm/java-16-oracle/bin:/usr/lib/jvm/java-16-oracle/db/bin:/usr/lib/jvm/java-16-oracle/bin:/usr/lib/jvm/java-16-oracle/db/bin:/opt/bin:.::/opt/bin:.:
USERNAME=artur
SHELL=/bin/bash
DISPLAY=:0
LANG=en_US.UTF-8
LC_CTYPE=pt_PT.UTF-8

Signal Handlers:
SIGSEGV: [libjvm.so+0xe94ce0], sa_mask[0]=11111111011111111101111111111110, sa_flags=SA_RESTART|SA_SIGINFO
SIGBUS: [libjvm.so+0xe94ce0], sa_mask[0]=11111111011111111101111111111110, sa_flags=SA_RESTART|SA_SIGINFO
SIGFPE: [libjvm.so+0xe94ce0], sa_mask[0]=11111111011111111101111111111110, sa_flags=SA_RESTART|SA_SIGINFO
SIGPIPE: [libjvm.so+0xbdc900], sa_mask[0]=11111111011111111101111111111110, sa_flags=SA_RESTART|SA_SIGINFO
SIGXFSZ: [libjvm.so+0xbdc900], sa_mask[0]=11111111011111111101111111111110, sa_flags=SA_RESTART|SA_SIGINFO
SIGILL: [libjvm.so+0xe94ce0], sa_mask[0]=11111111011111111101111111111110, sa_flags=SA_RESTART|SA_SIGINFO
SIGUSR2: [libjvm.so+0xbdc7a0], sa_mask[0]=00100000000000000000000000000000, sa_flags=SA_RESTART|SA_SIGINFO
SIGHUP: [libjvm.so+0xbdcc40], sa_mask[0]=11111111011111111101111111111110, sa_flags=SA_RESTART|SA_SIGINFO
SIGINT: [libjvm.so+0xbdcc40], sa_mask[0]=11111111011111111101111111111110, sa_flags=SA_RESTART|SA_SIGINFO
SIGTERM: [libjvm.so+0xbdcc40], sa_mask[0]=11111111011111111101111111111110, sa_flags=SA_RESTART|SA_SIGINFO
SIGQUIT: [libjvm.so+0xbdcc40], sa_mask[0]=11111111011111111101111111111110, sa_flags=SA_RESTART|SA_SIGINFO


---------------  S Y S T E M  ---------------

OS:DISTRIB_ID=Ubuntu
DISTRIB_RELEASE=20.04
DISTRIB_CODENAME=focal
DISTRIB_DESCRIPTION="Ubuntu 20.04.4 LTS"
uname:Linux 5.4.0-105-generic #119-Ubuntu SMP Mon Mar 7 18:49:24 UTC 2022 x86_64
OS uptime: 5 days 11:18 hours
libc:glibc 2.31 NPTL 2.31 
rlimit (soft/hard): STACK 8192k/infinity , CORE 0k/infinity , NPROC 63159/63159 , NOFILE 1048576/1048576 , AS infinity/infinity , CPU infinity/infinity , DATA infinity/infinity , FSIZE infinity/infinity , MEMLOCK 65536k/65536k
load average:3,79 2,79 2,19

/proc/meminfo:
MemTotal:       16231512 kB
MemFree:          508980 kB
MemAvailable:    5590632 kB
Buffers:          561752 kB
Cached:          5803080 kB
SwapCached:          608 kB
Active:         11713856 kB
Inactive:        2848716 kB
Active(anon):    8177748 kB
Inactive(anon):  1371132 kB
Active(file):    3536108 kB
Inactive(file):  1477584 kB
Unevictable:      201724 kB
Mlocked:             144 kB
SwapTotal:       2097148 kB
SwapFree:        2051420 kB
Dirty:              4720 kB
Writeback:             0 kB
AnonPages:       8398980 kB
Mapped:          1892560 kB
Shmem:           1355940 kB
KReclaimable:     410008 kB
Slab:             716784 kB
SReclaimable:     410008 kB
SUnreclaim:       306776 kB
KernelStack:       28608 kB
PageTables:        86376 kB
NFS_Unstable:          0 kB
Bounce:                0 kB
WritebackTmp:          0 kB
CommitLimit:    10212904 kB
Committed_AS:   25296632 kB
VmallocTotal:   34359738367 kB
VmallocUsed:       57380 kB
VmallocChunk:          0 kB
Percpu:            21952 kB
HardwareCorrupted:     0 kB
AnonHugePages:         0 kB
ShmemHugePages:        0 kB
ShmemPmdMapped:        0 kB
FileHugePages:         0 kB
FilePmdMapped:         0 kB
CmaTotal:              0 kB
CmaFree:               0 kB
HugePages_Total:       0
HugePages_Free:        0
HugePages_Rsvd:        0
HugePages_Surp:        0
Hugepagesize:       2048 kB
Hugetlb:               0 kB
DirectMap4k:      772900 kB
DirectMap2M:    14796800 kB
DirectMap1G:     1048576 kB

/sys/kernel/mm/transparent_hugepage/enabled:
always [madvise] never
/sys/kernel/mm/transparent_hugepage/defrag (defrag/compaction efforts parameter):
always defer defer+madvise [madvise] never

Process Memory:
Virtual Size: 7579648K (peak: 15579188K)
Resident Set Size: 274588K (peak: 274588K) (anon: 245812K, file: 28776K, shmem: 0K)
Swapped out: 0K
C-Heap outstanding allocations: 63398K

/proc/sys/kernel/threads-max (system-wide limit on the number of threads):
126319
/proc/sys/vm/max_map_count (maximum number of memory map areas a process may have):
1048575
/proc/sys/kernel/pid_max (system-wide limit on number of process identifiers):
4194304

container (cgroup) information:
container_type: cgroupv1
cpu_cpuset_cpus: 0-11
cpu_memory_nodes: 0
active_processor_count: 12
cpu_quota: -1
cpu_period: 100000
cpu_shares: -1
memory_limit_in_bytes: -1
memory_and_swap_limit_in_bytes: -2
memory_soft_limit_in_bytes: -1
memory_usage_in_bytes: 12479991808
memory_max_usage_in_bytes: 13492514816

Steal ticks since vm start: 0
Steal ticks percentage since vm start:  0,000

CPU:total 12 (initial active 12) (6 cores per cpu, 2 threads per core) family 6 model 158 stepping 13 microcode 0xea, cmov, cx8, fxsr, mmx, sse, sse2, sse3, ssse3, sse4.1, sse4.2, popcnt, avx, avx2, aes, clmul, erms, 3dnowpref, lzcnt, ht, tsc, tscinvbit, bmi1, bmi2, adx, fma
CPU Model and flags from /proc/cpuinfo:
model name	: Intel(R) Core(TM) i7-9750H CPU @ 2.60GHz
flags		: fpu vme de pse tsc msr pae mce cx8 apic sep mtrr pge mca cmov pat pse36 clflush dts acpi mmx fxsr sse sse2 ss ht tm pbe syscall nx pdpe1gb rdtscp lm constant_tsc art arch_perfmon pebs bts rep_good nopl xtopology nonstop_tsc cpuid aperfmperf pni pclmulqdq dtes64 monitor ds_cpl vmx est tm2 ssse3 sdbg fma cx16 xtpr pdcm pcid sse4_1 sse4_2 x2apic movbe popcnt tsc_deadline_timer aes xsave avx f16c rdrand lahf_lm abm 3dnowprefetch cpuid_fault epb invpcid_single ssbd ibrs ibpb stibp ibrs_enhanced tpr_shadow vnmi flexpriority ept vpid ept_ad fsgsbase tsc_adjust bmi1 avx2 smep bmi2 erms invpcid mpx rdseed adx smap clflushopt intel_pt xsaveopt xsavec xgetbv1 xsaves dtherm ida arat pln pts hwp hwp_notify hwp_act_window hwp_epp md_clear flush_l1d arch_capabilities
Online cpus:
0-11
Offline cpus:

BIOS frequency limitation:
<Not Available>
Frequency switch latency (ns):
0
Available cpu frequencies:
<Not Available>
Current governor:
powersave
Core performance/turbo boost:
<Not Available>

Memory: 4k page, physical 16231512k(508980k free), swap 2097148k(2051420k free)

vm_info: OpenJDK 64-Bit Server VM (11.0.14+9-Ubuntu-0ubuntu2.20.04) for linux-amd64 JRE (11.0.14+9-Ubuntu-0ubuntu2.20.04), built on Jan 25 2022 14:03:04 by "unknown" with gcc 9.3.0

END.
