#
# A fatal error has been detected by the Java Runtime Environment:
#
#  SIGSEGV (0xb) at pc=0x00007fa5bde7a201, pid=373763, tid=373781
#
# JRE version: OpenJDK Runtime Environment (11.0.14+9) (build 11.0.14+9-Ubuntu-0ubuntu2.20.04)
# Java VM: OpenJDK 64-Bit Server VM (11.0.14+9-Ubuntu-0ubuntu2.20.04, mixed mode, sharing, tiered, compressed oops, g1 gc, linux-amd64)
# Problematic frame:
# V  [libjvm.so+0x83c201]
#
# Core dump will be written. Default location: Core dumps may be processed with "/usr/share/apport/apport %p %s %c %d %P %E" (or dumping to /home/artur/Desktop/3ano/TQS/tqs_98470/lab3/lab3_2/ex2/core.373763)
#
# If you would like to submit a bug report, please visit:
#   https://bugs.launchpad.net/ubuntu/+source/openjdk-lts
#

---------------  S U M M A R Y ------------

Command Line: /home/artur/Desktop/3ano/TQS/tqs_98470/lab3/lab3_2/ex2/target/surefire/surefirebooter4732708678666641748.jar /home/artur/Desktop/3ano/TQS/tqs_98470/lab3/lab3_2/ex2/target/surefire 2022-04-04T02-32-53_488-jvmRun1 surefire9972002609790840513tmp surefire_05837189376128487582tmp

Host: Intel(R) Core(TM) i7-9750H CPU @ 2.60GHz, 12 cores, 15G, Ubuntu 20.04.4 LTS
Time: Mon Apr  4 02:32:58 2022 WEST elapsed time: 5.060119 seconds (0d 0h 0m 5s)

---------------  T H R E A D  ---------------

Current thread (0x00007fa5b824b000):  JavaThread "C2 CompilerThread0" daemon [_thread_in_native, id=373781, stack(0x00007fa57b58a000,0x00007fa57b68b000)]


Current CompileTask:
C2:   5060 4414   !   4       org.springframework.core.annotation.AnnotationsScanner::processMethodHierarchy (276 bytes)

Stack: [0x00007fa57b58a000,0x00007fa57b68b000],  sp=0x00007fa57b6864f0,  free space=1009k
Native frames: (J=compiled Java code, A=aot compiled Java code, j=interpreted, Vv=VM code, C=native code)
V  [libjvm.so+0x83c201]
V  [libjvm.so+0x830855]
V  [libjvm.so+0x56a1cf]
V  [libjvm.so+0x617a95]
V  [libjvm.so+0x61b980]
V  [libjvm.so+0x5470ff]
V  [libjvm.so+0x624322]
V  [libjvm.so+0x625458]
V  [libjvm.so+0xe2b1cf]
V  [libjvm.so+0xe27bf0]
V  [libjvm.so+0xbe63f6]


siginfo: si_signo: 11 (SIGSEGV), si_code: 128 (SI_KERNEL), si_addr: 0x0000000000000000

Register to memory mapping:

RAX=0x4e0000007fa5be8b is an unknown value
RBX=0x00007fa57b686550 is pointing into the stack for thread: 0x00007fa5b824b000
RCX=0x0000000000000008 is an unknown value
RDX=0x000000000000002b is an unknown value
RSP=0x00007fa57b6864f0 is pointing into the stack for thread: 0x00007fa5b824b000
RBP=0x00007fa57b686530 is pointing into the stack for thread: 0x00007fa5b824b000
RSI=0x00007fa56904f500 points into unknown readable memory: 0xffffffff00000010 | 10 00 00 00 ff ff ff ff
RDI=0x00007fa57b686550 is pointing into the stack for thread: 0x00007fa5b824b000
R8 =0x0000000000325020 is an unknown value
R9 =0x0 is NULL
R10=0x0 is NULL
R11=0x0 is NULL
R12=0x0 is NULL
R13=0x0 is NULL
R14=0x00007fa5be8b4e00: <offset 0x0000000001276e00> in /usr/lib/jvm/java-11-openjdk-amd64/lib/server/libjvm.so at 0x00007fa5bd63e000
R15=0x0000000000002478 is an unknown value


Registers:
RAX=0x4e0000007fa5be8b, RBX=0x00007fa57b686550, RCX=0x0000000000000008, RDX=0x000000000000002b
RSP=0x00007fa57b6864f0, RBP=0x00007fa57b686530, RSI=0x00007fa56904f500, RDI=0x00007fa57b686550
R8 =0x0000000000325020, R9 =0x0000000000000000, R10=0x0000000000000000, R11=0x0000000000000000
R12=0x0000000000000000, R13=0x0000000000000000, R14=0x00007fa5be8b4e00, R15=0x0000000000002478
RIP=0x00007fa5bde7a201, EFLAGS=0x0000000000010206, CSGSFS=0x002b000000000033, ERR=0x0000000000000000
  TRAPNO=0x000000000000000d

Top of Stack: (sp=0x00007fa57b6864f0)
0x00007fa57b6864f0:   00007fa57b686530 00007fa5bde799ea
0x00007fa57b686500:   0000000000000000 000000000000000c
0x00007fa57b686510:   0000000000000120 00007fa57b686680
0x00007fa57b686520:   0000000001000000 0000000000002478 

Instructions: (pc=0x00007fa5bde7a201)
0x00007fa5bde7a101:   73 10 89 c8 48 8d 14 86 8d 41 01 44 8b 3a 45 85
0x00007fa5bde7a111:   ff 0f 85 20 03 00 00 83 f8 08 0f 84 ad 00 00 00
0x00007fa5bde7a121:   89 c2 8d 79 02 48 8d 14 96 44 8b 2a 45 85 ed 0f
0x00007fa5bde7a131:   85 ca 01 00 00 83 ff 08 0f 84 8f 00 00 00 89 f8
0x00007fa5bde7a141:   48 8d 14 86 8d 41 03 44 8b 1a 45 85 db 0f 85 1c
0x00007fa5bde7a151:   02 00 00 83 f8 08 74 75 89 c2 8d 79 04 48 8d 14
0x00007fa5bde7a161:   96 44 8b 12 45 85 d2 0f 85 92 01 00 00 83 ff 08
0x00007fa5bde7a171:   74 5b 89 f8 48 8d 14 86 8d 41 05 44 8b 0a 45 85
0x00007fa5bde7a181:   c9 0f 85 e8 01 00 00 83 f8 08 74 41 89 c2 8d 79
0x00007fa5bde7a191:   06 48 8d 14 96 44 8b 02 45 85 c0 0f 85 5e 01 00
0x00007fa5bde7a1a1:   00 83 ff 08 74 27 89 f8 83 c1 07 48 8d 14 86 8b
0x00007fa5bde7a1b1:   02 85 c0 0f 85 c2 02 00 00 83 f9 08 74 0f 8b 46
0x00007fa5bde7a1c1:   1c 48 8d 56 1c 85 c0 0f 85 b5 02 00 00 8b 53 28
0x00007fa5bde7a1d1:   44 39 e2 77 17 e9 02 01 00 00 0f 1f 44 00 00 41
0x00007fa5bde7a1e1:   83 c4 01 41 39 d4 0f 83 f0 00 00 00 48 8b 43 20
0x00007fa5bde7a1f1:   45 89 e5 4a 8b 04 e8 4c 39 f0 74 e3 48 89 43 10
0x00007fa5bde7a201:   44 8b 38 48 89 c7 45 85 ff 0f 85 66 01 00 00 44
0x00007fa5bde7a211:   8b 58 04 45 85 db 0f 85 d2 01 00 00 44 8b 50 08
0x00007fa5bde7a221:   45 85 d2 0f 85 d5 01 00 00 44 8b 48 0c 45 85 c9
0x00007fa5bde7a231:   0f 85 db 01 00 00 44 8b 40 10 45 85 c0 0f 85 e1
0x00007fa5bde7a241:   01 00 00 8b 70 14 85 f6 0f 85 f4 01 00 00 8b 48
0x00007fa5bde7a251:   18 85 c9 0f 85 fc 01 00 00 8b 40 1c 85 c0 0f 85
0x00007fa5bde7a261:   04 02 00 00 4c 8b 7b 30 4d 85 ff 0f 84 6e ff ff
0x00007fa5bde7a271:   ff 49 8b 47 08 41 83 c4 01 4a 8b 14 e8 48 89 55
0x00007fa5bde7a281:   c8 66 48 8d 3d 36 ad 9e 00 66 66 48 e8 7e 62 a4
0x00007fa5bde7a291:   ff 48 8b 55 c8 48 8b 08 48 8b 89 08 05 00 00 48
0x00007fa5bde7a2a1:   8b 89 80 00 00 00 48 8b 89 b0 08 00 00 48 89 0a
0x00007fa5bde7a2b1:   48 8b 00 48 8b 80 08 05 00 00 48 8b 80 80 00 00
0x00007fa5bde7a2c1:   00 48 89 90 b0 08 00 00 49 8b 47 08 4e 89 34 e8
0x00007fa5bde7a2d1:   8b 53 28 41 39 d4 0f 82 10 ff ff ff 89 53 18 31
0x00007fa5bde7a2e1:   c0 c7 43 08 08 00 00 00 48 83 c4 18 5b 41 5c 41
0x00007fa5bde7a2f1:   5d 41 5e 41 5f 5d c3 0f 1f 84 00 00 00 00 00 89 


Stack slot to memory mapping:
stack at sp + 0 slots: 0x00007fa57b686530 is pointing into the stack for thread: 0x00007fa5b824b000
stack at sp + 1 slots: 0x00007fa5bde799ea: <offset 0x000000000083b9ea> in /usr/lib/jvm/java-11-openjdk-amd64/lib/server/libjvm.so at 0x00007fa5bd63e000
stack at sp + 2 slots: 0x0 is NULL
stack at sp + 3 slots: 0x000000000000000c is an unknown value
stack at sp + 4 slots: 0x0000000000000120 is an unknown value
stack at sp + 5 slots: 0x00007fa57b686680 is pointing into the stack for thread: 0x00007fa5b824b000
stack at sp + 6 slots: 0x0000000001000000 is an unknown value
stack at sp + 7 slots: 0x0000000000002478 is an unknown value


---------------  P R O C E S S  ---------------

Threads class SMR info:
_java_thread_list=0x00007fa520009540, length=13, elements={
0x00007fa5b8017800, 0x00007fa5b823e800, 0x00007fa5b8240800, 0x00007fa5b8247000,
0x00007fa5b8249000, 0x00007fa5b824b000, 0x00007fa5b824d000, 0x00007fa5b824f000,
0x00007fa5b82a2000, 0x00007fa5b832e000, 0x00007fa5b83ac800, 0x00007fa550009800,
0x00007fa55c0af000
}

Java Threads: ( => current thread )
  0x00007fa5b8017800 JavaThread "main" [_thread_in_Java, id=373765, stack(0x00007fa5bd1f1000,0x00007fa5bd2f2000)]
  0x00007fa5b823e800 JavaThread "Reference Handler" daemon [_thread_blocked, id=373777, stack(0x00007fa57beff000,0x00007fa57c000000)]
  0x00007fa5b8240800 JavaThread "Finalizer" daemon [_thread_blocked, id=373778, stack(0x00007fa57bdfe000,0x00007fa57beff000)]
  0x00007fa5b8247000 JavaThread "Signal Dispatcher" daemon [_thread_blocked, id=373779, stack(0x00007fa57b78c000,0x00007fa57b88d000)]
  0x00007fa5b8249000 JavaThread "Service Thread" daemon [_thread_blocked, id=373780, stack(0x00007fa57b68b000,0x00007fa57b78c000)]
=>0x00007fa5b824b000 JavaThread "C2 CompilerThread0" daemon [_thread_in_native, id=373781, stack(0x00007fa57b58a000,0x00007fa57b68b000)]
  0x00007fa5b824d000 JavaThread "C1 CompilerThread0" daemon [_thread_blocked, id=373782, stack(0x00007fa57b489000,0x00007fa57b58a000)]
  0x00007fa5b824f000 JavaThread "Sweeper thread" daemon [_thread_blocked, id=373783, stack(0x00007fa57b388000,0x00007fa57b489000)]
  0x00007fa5b82a2000 JavaThread "Common-Cleaner" daemon [_thread_blocked, id=373785, stack(0x00007fa57b185000,0x00007fa57b286000)]
  0x00007fa5b832e000 JavaThread "surefire-forkedjvm-command-thread" daemon [_thread_in_native, id=373786, stack(0x00007fa57b084000,0x00007fa57b185000)]
  0x00007fa5b83ac800 JavaThread "surefire-forkedjvm-ping-30s" daemon [_thread_blocked, id=373787, stack(0x00007fa57af83000,0x00007fa57b084000)]
  0x00007fa550009800 JavaThread "process reaper" daemon [_thread_blocked, id=373790, stack(0x00007fa5a0028000,0x00007fa5a004a000)]
  0x00007fa55c0af000 JavaThread "C2 CompilerThread1" daemon [_thread_in_native, id=373791, stack(0x00007fa57ae82000,0x00007fa57af83000)]

Other Threads:
  0x00007fa5b823b800 VMThread "VM Thread" [stack: 0x00007fa590016000,0x00007fa590116000] [id=373776]
  0x00007fa5b82a0000 WatcherThread [stack: 0x00007fa57b288000,0x00007fa57b388000] [id=373784]
  0x00007fa5b8030800 GCTaskThread "GC Thread#0" [stack: 0x00007fa5bce6e000,0x00007fa5bcf6e000] [id=373766]
  0x00007fa580001000 GCTaskThread "GC Thread#1" [stack: 0x00007fa57ad82000,0x00007fa57ae82000] [id=373792]
  0x00007fa580002800 GCTaskThread "GC Thread#2" [stack: 0x00007fa57ac80000,0x00007fa57ad80000] [id=373793]
  0x00007fa580004000 GCTaskThread "GC Thread#3" [stack: 0x00007fa57ab7e000,0x00007fa57ac7e000] [id=373794]
  0x00007fa580005800 GCTaskThread "GC Thread#4" [stack: 0x00007fa57aa7c000,0x00007fa57ab7c000] [id=373795]
  0x00007fa580007800 GCTaskThread "GC Thread#5" [stack: 0x00007fa57a97a000,0x00007fa57aa7a000] [id=373796]
  0x00007fa5b808e800 ConcurrentGCThread "G1 Main Marker" [stack: 0x00007fa5bc262000,0x00007fa5bc362000] [id=373767]
  0x00007fa5b8090000 ConcurrentGCThread "G1 Conc#0" [stack: 0x00007fa5bc160000,0x00007fa5bc260000] [id=373771]
  0x00007fa58c001000 ConcurrentGCThread "G1 Conc#1" [stack: 0x00007fa579982000,0x00007fa579a82000] [id=373817]
  0x00007fa58c002000 ConcurrentGCThread "G1 Conc#2" [stack: 0x00007fa579880000,0x00007fa579980000] [id=373818]
  0x00007fa5b8196800 ConcurrentGCThread "G1 Refine#0" [stack: 0x00007fa590a9b000,0x00007fa590b9b000] [id=373774]
  0x00007fa5b8198800 ConcurrentGCThread "G1 Young RemSet Sampling" [stack: 0x00007fa590999000,0x00007fa590a99000] [id=373775]

Threads with active compile tasks:
C2 CompilerThread0   5063 4414   !   4       org.springframework.core.annotation.AnnotationsScanner::processMethodHierarchy (276 bytes)
C1 CompilerThread0   5063 4719       2       sun.reflect.generics.tree.Wildcard::accept (8 bytes)
C2 CompilerThread1   5063 4547       4       org.springframework.beans.factory.support.AbstractBeanFactory::isTypeMatch (607 bytes)

VM state:not at safepoint (normal execution)

VM Mutex/Monitor currently owned by a thread: None

Heap address: 0x0000000708400000, size: 3964 MB, Compressed Oops mode: Zero based, Oop shift amount: 3
Narrow klass base: 0x0000000800000000, Narrow klass shift: 3
Compressed class space size: 1073741824 Address: 0x0000000840000000

Heap:
 garbage-first heap   total 256000K, used 99597K [0x0000000708400000, 0x0000000800000000)
  region size 1024K, 88 young (90112K), 9 survivors (9216K)
 Metaspace       used 56115K, capacity 57908K, committed 58032K, reserved 1099776K
  class space    used 7622K, capacity 8357K, committed 8448K, reserved 1048576K
Heap Regions: E=young(eden), S=young(survivor), O=old, HS=humongous(starts), HC=humongous(continues), CS=collection set, F=free, A=archive, TAMS=top-at-mark-start (previous, next)
|   0|0x0000000708400000, 0x0000000708500000, 0x0000000708500000|100%|HS|  |TAMS 0x0000000708500000, 0x0000000708400000| Complete 
|   1|0x0000000708500000, 0x0000000708600000, 0x0000000708600000|100%| O|  |TAMS 0x0000000708600000, 0x0000000708500000| Untracked 
|   2|0x0000000708600000, 0x0000000708700000, 0x0000000708700000|100%| O|  |TAMS 0x0000000708700000, 0x0000000708600000| Untracked 
|   3|0x0000000708700000, 0x0000000708800000, 0x0000000708800000|100%| O|  |TAMS 0x0000000708800000, 0x0000000708700000| Untracked 
|   4|0x0000000708800000, 0x0000000708900000, 0x0000000708900000|100%| O|  |TAMS 0x0000000708900000, 0x0000000708800000| Untracked 
|   5|0x0000000708900000, 0x0000000708a00000, 0x0000000708a00000|100%| O|  |TAMS 0x0000000708a00000, 0x0000000708900000| Untracked 
|   6|0x0000000708a00000, 0x0000000708b00000, 0x0000000708b00000|100%| O|  |TAMS 0x0000000708a0f600, 0x0000000708a00000| Untracked 
|   7|0x0000000708b00000, 0x0000000708c00000, 0x0000000708c00000|100%| O|  |TAMS 0x0000000708b00000, 0x0000000708b00000| Untracked 
|   8|0x0000000708c00000, 0x0000000708d00000, 0x0000000708d00000|100%| O|  |TAMS 0x0000000708c00000, 0x0000000708c00000| Untracked 
|   9|0x0000000708d00000, 0x0000000708d9f200, 0x0000000708e00000| 62%| O|  |TAMS 0x0000000708d00000, 0x0000000708d00000| Untracked 
|  10|0x0000000708e00000, 0x0000000708e00000, 0x0000000708f00000|  0%| F|  |TAMS 0x0000000708e00000, 0x0000000708e00000| Untracked 
|  11|0x0000000708f00000, 0x0000000708f00000, 0x0000000709000000|  0%| F|  |TAMS 0x0000000708f00000, 0x0000000708f00000| Untracked 
|  12|0x0000000709000000, 0x0000000709000000, 0x0000000709100000|  0%| F|  |TAMS 0x0000000709000000, 0x0000000709000000| Untracked 
|  13|0x0000000709100000, 0x0000000709100000, 0x0000000709200000|  0%| F|  |TAMS 0x0000000709100000, 0x0000000709100000| Untracked 
|  14|0x0000000709200000, 0x0000000709200000, 0x0000000709300000|  0%| F|  |TAMS 0x0000000709200000, 0x0000000709200000| Untracked 
|  15|0x0000000709300000, 0x0000000709300000, 0x0000000709400000|  0%| F|  |TAMS 0x0000000709300000, 0x0000000709300000| Untracked 
|  16|0x0000000709400000, 0x0000000709400000, 0x0000000709500000|  0%| F|  |TAMS 0x0000000709400000, 0x0000000709400000| Untracked 
|  17|0x0000000709500000, 0x0000000709500000, 0x0000000709600000|  0%| F|  |TAMS 0x0000000709500000, 0x0000000709500000| Untracked 
|  18|0x0000000709600000, 0x0000000709600000, 0x0000000709700000|  0%| F|  |TAMS 0x0000000709600000, 0x0000000709600000| Untracked 
|  19|0x0000000709700000, 0x0000000709700000, 0x0000000709800000|  0%| F|  |TAMS 0x0000000709700000, 0x0000000709700000| Untracked 
|  20|0x0000000709800000, 0x0000000709800000, 0x0000000709900000|  0%| F|  |TAMS 0x0000000709800000, 0x0000000709800000| Untracked 
|  21|0x0000000709900000, 0x0000000709900000, 0x0000000709a00000|  0%| F|  |TAMS 0x0000000709900000, 0x0000000709900000| Untracked 
|  22|0x0000000709a00000, 0x0000000709a00000, 0x0000000709b00000|  0%| F|  |TAMS 0x0000000709a00000, 0x0000000709a00000| Untracked 
|  23|0x0000000709b00000, 0x0000000709b00000, 0x0000000709c00000|  0%| F|  |TAMS 0x0000000709b00000, 0x0000000709b00000| Untracked 
|  24|0x0000000709c00000, 0x0000000709c00000, 0x0000000709d00000|  0%| F|  |TAMS 0x0000000709c00000, 0x0000000709c00000| Untracked 
|  25|0x0000000709d00000, 0x0000000709d00000, 0x0000000709e00000|  0%| F|  |TAMS 0x0000000709d00000, 0x0000000709d00000| Untracked 
|  26|0x0000000709e00000, 0x0000000709e00000, 0x0000000709f00000|  0%| F|  |TAMS 0x0000000709e00000, 0x0000000709e00000| Untracked 
|  27|0x0000000709f00000, 0x0000000709f00000, 0x000000070a000000|  0%| F|  |TAMS 0x0000000709f00000, 0x0000000709f00000| Untracked 
|  28|0x000000070a000000, 0x000000070a000000, 0x000000070a100000|  0%| F|  |TAMS 0x000000070a000000, 0x000000070a000000| Untracked 
|  29|0x000000070a100000, 0x000000070a100000, 0x000000070a200000|  0%| F|  |TAMS 0x000000070a100000, 0x000000070a100000| Untracked 
|  30|0x000000070a200000, 0x000000070a200000, 0x000000070a300000|  0%| F|  |TAMS 0x000000070a200000, 0x000000070a200000| Untracked 
|  31|0x000000070a300000, 0x000000070a300000, 0x000000070a400000|  0%| F|  |TAMS 0x000000070a300000, 0x000000070a300000| Untracked 
|  32|0x000000070a400000, 0x000000070a400000, 0x000000070a500000|  0%| F|  |TAMS 0x000000070a400000, 0x000000070a400000| Untracked 
|  33|0x000000070a500000, 0x000000070a500000, 0x000000070a600000|  0%| F|  |TAMS 0x000000070a500000, 0x000000070a500000| Untracked 
|  34|0x000000070a600000, 0x000000070a600000, 0x000000070a700000|  0%| F|  |TAMS 0x000000070a600000, 0x000000070a600000| Untracked 
|  35|0x000000070a700000, 0x000000070a700000, 0x000000070a800000|  0%| F|  |TAMS 0x000000070a700000, 0x000000070a700000| Untracked 
|  36|0x000000070a800000, 0x000000070a800000, 0x000000070a900000|  0%| F|  |TAMS 0x000000070a800000, 0x000000070a800000| Untracked 
|  37|0x000000070a900000, 0x000000070a900000, 0x000000070aa00000|  0%| F|  |TAMS 0x000000070a900000, 0x000000070a900000| Untracked 
|  38|0x000000070aa00000, 0x000000070aa00000, 0x000000070ab00000|  0%| F|  |TAMS 0x000000070aa00000, 0x000000070aa00000| Untracked 
|  39|0x000000070ab00000, 0x000000070ab00000, 0x000000070ac00000|  0%| F|  |TAMS 0x000000070ab00000, 0x000000070ab00000| Untracked 
|  40|0x000000070ac00000, 0x000000070ac00000, 0x000000070ad00000|  0%| F|  |TAMS 0x000000070ac00000, 0x000000070ac00000| Untracked 
|  41|0x000000070ad00000, 0x000000070ad00000, 0x000000070ae00000|  0%| F|  |TAMS 0x000000070ad00000, 0x000000070ad00000| Untracked 
|  42|0x000000070ae00000, 0x000000070ae00000, 0x000000070af00000|  0%| F|  |TAMS 0x000000070ae00000, 0x000000070ae00000| Untracked 
|  43|0x000000070af00000, 0x000000070af00000, 0x000000070b000000|  0%| F|  |TAMS 0x000000070af00000, 0x000000070af00000| Untracked 
|  44|0x000000070b000000, 0x000000070b000000, 0x000000070b100000|  0%| F|  |TAMS 0x000000070b000000, 0x000000070b000000| Untracked 
|  45|0x000000070b100000, 0x000000070b100000, 0x000000070b200000|  0%| F|  |TAMS 0x000000070b100000, 0x000000070b100000| Untracked 
|  46|0x000000070b200000, 0x000000070b200000, 0x000000070b300000|  0%| F|  |TAMS 0x000000070b200000, 0x000000070b200000| Untracked 
|  47|0x000000070b300000, 0x000000070b300000, 0x000000070b400000|  0%| F|  |TAMS 0x000000070b300000, 0x000000070b300000| Untracked 
|  48|0x000000070b400000, 0x000000070b400000, 0x000000070b500000|  0%| F|  |TAMS 0x000000070b400000, 0x000000070b400000| Untracked 
|  49|0x000000070b500000, 0x000000070b500000, 0x000000070b600000|  0%| F|  |TAMS 0x000000070b500000, 0x000000070b500000| Untracked 
|  50|0x000000070b600000, 0x000000070b600000, 0x000000070b700000|  0%| F|  |TAMS 0x000000070b600000, 0x000000070b600000| Untracked 
|  51|0x000000070b700000, 0x000000070b700000, 0x000000070b800000|  0%| F|  |TAMS 0x000000070b700000, 0x000000070b700000| Untracked 
|  52|0x000000070b800000, 0x000000070b800000, 0x000000070b900000|  0%| F|  |TAMS 0x000000070b800000, 0x000000070b800000| Untracked 
|  53|0x000000070b900000, 0x000000070b900000, 0x000000070ba00000|  0%| F|  |TAMS 0x000000070b900000, 0x000000070b900000| Untracked 
|  54|0x000000070ba00000, 0x000000070ba00000, 0x000000070bb00000|  0%| F|  |TAMS 0x000000070ba00000, 0x000000070ba00000| Untracked 
|  55|0x000000070bb00000, 0x000000070bb00000, 0x000000070bc00000|  0%| F|  |TAMS 0x000000070bb00000, 0x000000070bb00000| Untracked 
|  56|0x000000070bc00000, 0x000000070bc00000, 0x000000070bd00000|  0%| F|  |TAMS 0x000000070bc00000, 0x000000070bc00000| Untracked 
|  57|0x000000070bd00000, 0x000000070bd00000, 0x000000070be00000|  0%| F|  |TAMS 0x000000070bd00000, 0x000000070bd00000| Untracked 
|  58|0x000000070be00000, 0x000000070be00000, 0x000000070bf00000|  0%| F|  |TAMS 0x000000070be00000, 0x000000070be00000| Untracked 
|  59|0x000000070bf00000, 0x000000070bf00000, 0x000000070c000000|  0%| F|  |TAMS 0x000000070bf00000, 0x000000070bf00000| Untracked 
|  60|0x000000070c000000, 0x000000070c000000, 0x000000070c100000|  0%| F|  |TAMS 0x000000070c000000, 0x000000070c000000| Untracked 
|  61|0x000000070c100000, 0x000000070c100000, 0x000000070c200000|  0%| F|  |TAMS 0x000000070c100000, 0x000000070c100000| Untracked 
|  62|0x000000070c200000, 0x000000070c200000, 0x000000070c300000|  0%| F|  |TAMS 0x000000070c200000, 0x000000070c200000| Untracked 
|  63|0x000000070c300000, 0x000000070c300000, 0x000000070c400000|  0%| F|  |TAMS 0x000000070c300000, 0x000000070c300000| Untracked 
|  64|0x000000070c400000, 0x000000070c400000, 0x000000070c500000|  0%| F|  |TAMS 0x000000070c400000, 0x000000070c400000| Untracked 
|  65|0x000000070c500000, 0x000000070c500000, 0x000000070c600000|  0%| F|  |TAMS 0x000000070c500000, 0x000000070c500000| Untracked 
|  66|0x000000070c600000, 0x000000070c600000, 0x000000070c700000|  0%| F|  |TAMS 0x000000070c600000, 0x000000070c600000| Untracked 
|  67|0x000000070c700000, 0x000000070c700000, 0x000000070c800000|  0%| F|  |TAMS 0x000000070c700000, 0x000000070c700000| Untracked 
|  68|0x000000070c800000, 0x000000070c800000, 0x000000070c900000|  0%| F|  |TAMS 0x000000070c800000, 0x000000070c800000| Untracked 
|  69|0x000000070c900000, 0x000000070c900000, 0x000000070ca00000|  0%| F|  |TAMS 0x000000070c900000, 0x000000070c900000| Untracked 
|  70|0x000000070ca00000, 0x000000070ca00000, 0x000000070cb00000|  0%| F|  |TAMS 0x000000070ca00000, 0x000000070ca00000| Untracked 
|  71|0x000000070cb00000, 0x000000070cb00000, 0x000000070cc00000|  0%| F|  |TAMS 0x000000070cb00000, 0x000000070cb00000| Untracked 
|  72|0x000000070cc00000, 0x000000070cc00000, 0x000000070cd00000|  0%| F|  |TAMS 0x000000070cc00000, 0x000000070cc00000| Untracked 
|  73|0x000000070cd00000, 0x000000070cd00000, 0x000000070ce00000|  0%| F|  |TAMS 0x000000070cd00000, 0x000000070cd00000| Untracked 
|  74|0x000000070ce00000, 0x000000070ce00000, 0x000000070cf00000|  0%| F|  |TAMS 0x000000070ce00000, 0x000000070ce00000| Untracked 
|  75|0x000000070cf00000, 0x000000070cf00000, 0x000000070d000000|  0%| F|  |TAMS 0x000000070cf00000, 0x000000070cf00000| Untracked 
|  76|0x000000070d000000, 0x000000070d000000, 0x000000070d100000|  0%| F|  |TAMS 0x000000070d000000, 0x000000070d000000| Untracked 
|  77|0x000000070d100000, 0x000000070d100000, 0x000000070d200000|  0%| F|  |TAMS 0x000000070d100000, 0x000000070d100000| Untracked 
|  78|0x000000070d200000, 0x000000070d200000, 0x000000070d300000|  0%| F|  |TAMS 0x000000070d200000, 0x000000070d200000| Untracked 
|  79|0x000000070d300000, 0x000000070d300000, 0x000000070d400000|  0%| F|  |TAMS 0x000000070d300000, 0x000000070d300000| Untracked 
|  80|0x000000070d400000, 0x000000070d400000, 0x000000070d500000|  0%| F|  |TAMS 0x000000070d400000, 0x000000070d400000| Untracked 
|  81|0x000000070d500000, 0x000000070d500000, 0x000000070d600000|  0%| F|  |TAMS 0x000000070d500000, 0x000000070d500000| Untracked 
|  82|0x000000070d600000, 0x000000070d600000, 0x000000070d700000|  0%| F|  |TAMS 0x000000070d600000, 0x000000070d600000| Untracked 
|  83|0x000000070d700000, 0x000000070d700000, 0x000000070d800000|  0%| F|  |TAMS 0x000000070d700000, 0x000000070d700000| Untracked 
|  84|0x000000070d800000, 0x000000070d800000, 0x000000070d900000|  0%| F|  |TAMS 0x000000070d800000, 0x000000070d800000| Untracked 
|  85|0x000000070d900000, 0x000000070d900000, 0x000000070da00000|  0%| F|  |TAMS 0x000000070d900000, 0x000000070d900000| Untracked 
|  86|0x000000070da00000, 0x000000070da00000, 0x000000070db00000|  0%| F|  |TAMS 0x000000070da00000, 0x000000070da00000| Untracked 
|  87|0x000000070db00000, 0x000000070db00000, 0x000000070dc00000|  0%| F|  |TAMS 0x000000070db00000, 0x000000070db00000| Untracked 
|  88|0x000000070dc00000, 0x000000070dc00000, 0x000000070dd00000|  0%| F|  |TAMS 0x000000070dc00000, 0x000000070dc00000| Untracked 
|  89|0x000000070dd00000, 0x000000070dd00000, 0x000000070de00000|  0%| F|  |TAMS 0x000000070dd00000, 0x000000070dd00000| Untracked 
|  90|0x000000070de00000, 0x000000070de00000, 0x000000070df00000|  0%| F|  |TAMS 0x000000070de00000, 0x000000070de00000| Untracked 
|  91|0x000000070df00000, 0x000000070df00000, 0x000000070e000000|  0%| F|  |TAMS 0x000000070df00000, 0x000000070df00000| Untracked 
|  92|0x000000070e000000, 0x000000070e000000, 0x000000070e100000|  0%| F|  |TAMS 0x000000070e000000, 0x000000070e000000| Untracked 
|  93|0x000000070e100000, 0x000000070e100000, 0x000000070e200000|  0%| F|  |TAMS 0x000000070e100000, 0x000000070e100000| Untracked 
|  94|0x000000070e200000, 0x000000070e200000, 0x000000070e300000|  0%| F|  |TAMS 0x000000070e200000, 0x000000070e200000| Untracked 
|  95|0x000000070e300000, 0x000000070e300000, 0x000000070e400000|  0%| F|  |TAMS 0x000000070e300000, 0x000000070e300000| Untracked 
|  96|0x000000070e400000, 0x000000070e400000, 0x000000070e500000|  0%| F|  |TAMS 0x000000070e400000, 0x000000070e400000| Untracked 
|  97|0x000000070e500000, 0x000000070e500000, 0x000000070e600000|  0%| F|  |TAMS 0x000000070e500000, 0x000000070e500000| Untracked 
|  98|0x000000070e600000, 0x000000070e600000, 0x000000070e700000|  0%| F|  |TAMS 0x000000070e600000, 0x000000070e600000| Untracked 
|  99|0x000000070e700000, 0x000000070e700000, 0x000000070e800000|  0%| F|  |TAMS 0x000000070e700000, 0x000000070e700000| Untracked 
| 100|0x000000070e800000, 0x000000070e800000, 0x000000070e900000|  0%| F|  |TAMS 0x000000070e800000, 0x000000070e800000| Untracked 
| 101|0x000000070e900000, 0x000000070e900000, 0x000000070ea00000|  0%| F|  |TAMS 0x000000070e900000, 0x000000070e900000| Untracked 
| 102|0x000000070ea00000, 0x000000070ea00000, 0x000000070eb00000|  0%| F|  |TAMS 0x000000070ea00000, 0x000000070ea00000| Untracked 
| 103|0x000000070eb00000, 0x000000070eb00000, 0x000000070ec00000|  0%| F|  |TAMS 0x000000070eb00000, 0x000000070eb00000| Untracked 
| 104|0x000000070ec00000, 0x000000070ec00000, 0x000000070ed00000|  0%| F|  |TAMS 0x000000070ec00000, 0x000000070ec00000| Untracked 
| 105|0x000000070ed00000, 0x000000070ed00000, 0x000000070ee00000|  0%| F|  |TAMS 0x000000070ed00000, 0x000000070ed00000| Untracked 
| 106|0x000000070ee00000, 0x000000070ee00000, 0x000000070ef00000|  0%| F|  |TAMS 0x000000070ee00000, 0x000000070ee00000| Untracked 
| 107|0x000000070ef00000, 0x000000070ef00000, 0x000000070f000000|  0%| F|  |TAMS 0x000000070ef00000, 0x000000070ef00000| Untracked 
| 108|0x000000070f000000, 0x000000070f000000, 0x000000070f100000|  0%| F|  |TAMS 0x000000070f000000, 0x000000070f000000| Untracked 
| 109|0x000000070f100000, 0x000000070f100000, 0x000000070f200000|  0%| F|  |TAMS 0x000000070f100000, 0x000000070f100000| Untracked 
| 110|0x000000070f200000, 0x000000070f200000, 0x000000070f300000|  0%| F|  |TAMS 0x000000070f200000, 0x000000070f200000| Untracked 
| 111|0x000000070f300000, 0x000000070f300000, 0x000000070f400000|  0%| F|  |TAMS 0x000000070f300000, 0x000000070f300000| Untracked 
| 112|0x000000070f400000, 0x000000070f400000, 0x000000070f500000|  0%| F|  |TAMS 0x000000070f400000, 0x000000070f400000| Untracked 
| 113|0x000000070f500000, 0x000000070f5f2350, 0x000000070f600000| 94%| S|CS|TAMS 0x000000070f500000, 0x000000070f500000| Complete 
| 114|0x000000070f600000, 0x000000070f700000, 0x000000070f700000|100%| S|CS|TAMS 0x000000070f600000, 0x000000070f600000| Complete 
| 115|0x000000070f700000, 0x000000070f800000, 0x000000070f800000|100%| S|CS|TAMS 0x000000070f700000, 0x000000070f700000| Complete 
| 116|0x000000070f800000, 0x000000070f900000, 0x000000070f900000|100%| S|CS|TAMS 0x000000070f800000, 0x000000070f800000| Complete 
| 117|0x000000070f900000, 0x000000070fa00000, 0x000000070fa00000|100%| S|CS|TAMS 0x000000070f900000, 0x000000070f900000| Complete 
| 118|0x000000070fa00000, 0x000000070fb00000, 0x000000070fb00000|100%| S|CS|TAMS 0x000000070fa00000, 0x000000070fa00000| Complete 
| 119|0x000000070fb00000, 0x000000070fc00000, 0x000000070fc00000|100%| S|CS|TAMS 0x000000070fb00000, 0x000000070fb00000| Complete 
| 120|0x000000070fc00000, 0x000000070fd00000, 0x000000070fd00000|100%| S|CS|TAMS 0x000000070fc00000, 0x000000070fc00000| Complete 
| 121|0x000000070fd00000, 0x000000070fe00000, 0x000000070fe00000|100%| S|CS|TAMS 0x000000070fd00000, 0x000000070fd00000| Complete 
| 122|0x000000070fe00000, 0x000000070fe00000, 0x000000070ff00000|  0%| F|  |TAMS 0x000000070fe00000, 0x000000070fe00000| Untracked 
| 123|0x000000070ff00000, 0x000000070ff00000, 0x0000000710000000|  0%| F|  |TAMS 0x000000070ff00000, 0x000000070ff00000| Untracked 
| 124|0x0000000710000000, 0x0000000710000000, 0x0000000710100000|  0%| F|  |TAMS 0x0000000710000000, 0x0000000710000000| Untracked 
| 125|0x0000000710100000, 0x0000000710100000, 0x0000000710200000|  0%| F|  |TAMS 0x0000000710100000, 0x0000000710100000| Untracked 
| 126|0x0000000710200000, 0x0000000710200000, 0x0000000710300000|  0%| F|  |TAMS 0x0000000710200000, 0x0000000710200000| Untracked 
| 127|0x0000000710300000, 0x0000000710300000, 0x0000000710400000|  0%| F|  |TAMS 0x0000000710300000, 0x0000000710300000| Untracked 
| 128|0x0000000710400000, 0x0000000710400000, 0x0000000710500000|  0%| F|  |TAMS 0x0000000710400000, 0x0000000710400000| Untracked 
| 129|0x0000000710500000, 0x0000000710500000, 0x0000000710600000|  0%| F|  |TAMS 0x0000000710500000, 0x0000000710500000| Untracked 
| 130|0x0000000710600000, 0x0000000710600000, 0x0000000710700000|  0%| F|  |TAMS 0x0000000710600000, 0x0000000710600000| Untracked 
| 131|0x0000000710700000, 0x0000000710700000, 0x0000000710800000|  0%| F|  |TAMS 0x0000000710700000, 0x0000000710700000| Untracked 
| 132|0x0000000710800000, 0x0000000710800000, 0x0000000710900000|  0%| F|  |TAMS 0x0000000710800000, 0x0000000710800000| Untracked 
| 133|0x0000000710900000, 0x0000000710900000, 0x0000000710a00000|  0%| F|  |TAMS 0x0000000710900000, 0x0000000710900000| Untracked 
| 134|0x0000000710a00000, 0x0000000710a00000, 0x0000000710b00000|  0%| F|  |TAMS 0x0000000710a00000, 0x0000000710a00000| Untracked 
| 135|0x0000000710b00000, 0x0000000710b00000, 0x0000000710c00000|  0%| F|  |TAMS 0x0000000710b00000, 0x0000000710b00000| Untracked 
| 136|0x0000000710c00000, 0x0000000710c00000, 0x0000000710d00000|  0%| F|  |TAMS 0x0000000710c00000, 0x0000000710c00000| Untracked 
| 137|0x0000000710d00000, 0x0000000710d00000, 0x0000000710e00000|  0%| F|  |TAMS 0x0000000710d00000, 0x0000000710d00000| Untracked 
| 138|0x0000000710e00000, 0x0000000710e00000, 0x0000000710f00000|  0%| F|  |TAMS 0x0000000710e00000, 0x0000000710e00000| Untracked 
| 139|0x0000000710f00000, 0x0000000710f00000, 0x0000000711000000|  0%| F|  |TAMS 0x0000000710f00000, 0x0000000710f00000| Untracked 
| 140|0x0000000711000000, 0x0000000711000000, 0x0000000711100000|  0%| F|  |TAMS 0x0000000711000000, 0x0000000711000000| Untracked 
| 141|0x0000000711100000, 0x0000000711100000, 0x0000000711200000|  0%| F|  |TAMS 0x0000000711100000, 0x0000000711100000| Untracked 
| 142|0x0000000711200000, 0x0000000711200000, 0x0000000711300000|  0%| F|  |TAMS 0x0000000711200000, 0x0000000711200000| Untracked 
| 143|0x0000000711300000, 0x0000000711300000, 0x0000000711400000|  0%| F|  |TAMS 0x0000000711300000, 0x0000000711300000| Untracked 
| 144|0x0000000711400000, 0x0000000711400000, 0x0000000711500000|  0%| F|  |TAMS 0x0000000711400000, 0x0000000711400000| Untracked 
| 145|0x0000000711500000, 0x0000000711500000, 0x0000000711600000|  0%| F|  |TAMS 0x0000000711500000, 0x0000000711500000| Untracked 
| 146|0x0000000711600000, 0x0000000711600000, 0x0000000711700000|  0%| F|  |TAMS 0x0000000711600000, 0x0000000711600000| Untracked 
| 147|0x0000000711700000, 0x0000000711700000, 0x0000000711800000|  0%| F|  |TAMS 0x0000000711700000, 0x0000000711700000| Untracked 
| 148|0x0000000711800000, 0x0000000711800000, 0x0000000711900000|  0%| F|  |TAMS 0x0000000711800000, 0x0000000711800000| Untracked 
| 149|0x0000000711900000, 0x0000000711900000, 0x0000000711a00000|  0%| F|  |TAMS 0x0000000711900000, 0x0000000711900000| Untracked 
| 150|0x0000000711a00000, 0x0000000711a00000, 0x0000000711b00000|  0%| F|  |TAMS 0x0000000711a00000, 0x0000000711a00000| Untracked 
| 151|0x0000000711b00000, 0x0000000711b00000, 0x0000000711c00000|  0%| F|  |TAMS 0x0000000711b00000, 0x0000000711b00000| Untracked 
| 152|0x0000000711c00000, 0x0000000711c00000, 0x0000000711d00000|  0%| F|  |TAMS 0x0000000711c00000, 0x0000000711c00000| Untracked 
| 153|0x0000000711d00000, 0x0000000711d00000, 0x0000000711e00000|  0%| F|  |TAMS 0x0000000711d00000, 0x0000000711d00000| Untracked 
| 154|0x0000000711e00000, 0x0000000711e00000, 0x0000000711f00000|  0%| F|  |TAMS 0x0000000711e00000, 0x0000000711e00000| Untracked 
| 155|0x0000000711f00000, 0x0000000711f00000, 0x0000000712000000|  0%| F|  |TAMS 0x0000000711f00000, 0x0000000711f00000| Untracked 
| 156|0x0000000712000000, 0x0000000712000000, 0x0000000712100000|  0%| F|  |TAMS 0x0000000712000000, 0x0000000712000000| Untracked 
| 157|0x0000000712100000, 0x0000000712100000, 0x0000000712200000|  0%| F|  |TAMS 0x0000000712100000, 0x0000000712100000| Untracked 
| 158|0x0000000712200000, 0x0000000712200000, 0x0000000712300000|  0%| F|  |TAMS 0x0000000712200000, 0x0000000712200000| Untracked 
| 159|0x0000000712300000, 0x0000000712300000, 0x0000000712400000|  0%| F|  |TAMS 0x0000000712300000, 0x0000000712300000| Untracked 
| 160|0x0000000712400000, 0x0000000712400000, 0x0000000712500000|  0%| F|  |TAMS 0x0000000712400000, 0x0000000712400000| Untracked 
| 161|0x0000000712500000, 0x0000000712500000, 0x0000000712600000|  0%| F|  |TAMS 0x0000000712500000, 0x0000000712500000| Untracked 
| 162|0x0000000712600000, 0x0000000712600000, 0x0000000712700000|  0%| F|  |TAMS 0x0000000712600000, 0x0000000712600000| Untracked 
| 163|0x0000000712700000, 0x0000000712700000, 0x0000000712800000|  0%| F|  |TAMS 0x0000000712700000, 0x0000000712700000| Untracked 
| 164|0x0000000712800000, 0x0000000712800000, 0x0000000712900000|  0%| F|  |TAMS 0x0000000712800000, 0x0000000712800000| Untracked 
| 165|0x0000000712900000, 0x0000000712900000, 0x0000000712a00000|  0%| F|  |TAMS 0x0000000712900000, 0x0000000712900000| Untracked 
| 166|0x0000000712a00000, 0x0000000712a00000, 0x0000000712b00000|  0%| F|  |TAMS 0x0000000712a00000, 0x0000000712a00000| Untracked 
| 167|0x0000000712b00000, 0x0000000712b00000, 0x0000000712c00000|  0%| F|  |TAMS 0x0000000712b00000, 0x0000000712b00000| Untracked 
| 168|0x0000000712c00000, 0x0000000712c80800, 0x0000000712d00000| 50%| E|  |TAMS 0x0000000712c00000, 0x0000000712c00000| Complete 
| 169|0x0000000712d00000, 0x0000000712e00000, 0x0000000712e00000|100%| E|CS|TAMS 0x0000000712d00000, 0x0000000712d00000| Complete 
| 170|0x0000000712e00000, 0x0000000712f00000, 0x0000000712f00000|100%| E|CS|TAMS 0x0000000712e00000, 0x0000000712e00000| Complete 
| 171|0x0000000712f00000, 0x0000000713000000, 0x0000000713000000|100%| E|CS|TAMS 0x0000000712f00000, 0x0000000712f00000| Complete 
| 172|0x0000000713000000, 0x0000000713100000, 0x0000000713100000|100%| E|CS|TAMS 0x0000000713000000, 0x0000000713000000| Complete 
| 173|0x0000000713100000, 0x0000000713200000, 0x0000000713200000|100%| E|CS|TAMS 0x0000000713100000, 0x0000000713100000| Complete 
| 174|0x0000000713200000, 0x0000000713300000, 0x0000000713300000|100%| E|CS|TAMS 0x0000000713200000, 0x0000000713200000| Complete 
| 175|0x0000000713300000, 0x0000000713400000, 0x0000000713400000|100%| E|CS|TAMS 0x0000000713300000, 0x0000000713300000| Complete 
| 176|0x0000000713400000, 0x0000000713500000, 0x0000000713500000|100%| E|CS|TAMS 0x0000000713400000, 0x0000000713400000| Complete 
| 177|0x0000000713500000, 0x0000000713600000, 0x0000000713600000|100%| E|CS|TAMS 0x0000000713500000, 0x0000000713500000| Complete 
| 178|0x0000000713600000, 0x0000000713700000, 0x0000000713700000|100%| E|CS|TAMS 0x0000000713600000, 0x0000000713600000| Complete 
| 179|0x0000000713700000, 0x0000000713800000, 0x0000000713800000|100%| E|CS|TAMS 0x0000000713700000, 0x0000000713700000| Complete 
| 180|0x0000000713800000, 0x0000000713900000, 0x0000000713900000|100%| E|CS|TAMS 0x0000000713800000, 0x0000000713800000| Complete 
| 181|0x0000000713900000, 0x0000000713a00000, 0x0000000713a00000|100%| E|CS|TAMS 0x0000000713900000, 0x0000000713900000| Complete 
| 182|0x0000000713a00000, 0x0000000713b00000, 0x0000000713b00000|100%| E|CS|TAMS 0x0000000713a00000, 0x0000000713a00000| Complete 
| 183|0x0000000713b00000, 0x0000000713c00000, 0x0000000713c00000|100%| E|CS|TAMS 0x0000000713b00000, 0x0000000713b00000| Complete 
| 184|0x0000000713c00000, 0x0000000713d00000, 0x0000000713d00000|100%| E|CS|TAMS 0x0000000713c00000, 0x0000000713c00000| Complete 
| 185|0x0000000713d00000, 0x0000000713e00000, 0x0000000713e00000|100%| E|CS|TAMS 0x0000000713d00000, 0x0000000713d00000| Complete 
| 186|0x0000000713e00000, 0x0000000713f00000, 0x0000000713f00000|100%| E|CS|TAMS 0x0000000713e00000, 0x0000000713e00000| Complete 
| 187|0x0000000713f00000, 0x0000000714000000, 0x0000000714000000|100%| E|CS|TAMS 0x0000000713f00000, 0x0000000713f00000| Complete 
| 188|0x0000000714000000, 0x0000000714100000, 0x0000000714100000|100%| E|CS|TAMS 0x0000000714000000, 0x0000000714000000| Complete 
| 189|0x0000000714100000, 0x0000000714200000, 0x0000000714200000|100%| E|CS|TAMS 0x0000000714100000, 0x0000000714100000| Complete 
| 190|0x0000000714200000, 0x0000000714300000, 0x0000000714300000|100%| E|CS|TAMS 0x0000000714200000, 0x0000000714200000| Complete 
| 191|0x0000000714300000, 0x0000000714400000, 0x0000000714400000|100%| E|CS|TAMS 0x0000000714300000, 0x0000000714300000| Complete 
| 192|0x0000000714400000, 0x0000000714500000, 0x0000000714500000|100%| E|CS|TAMS 0x0000000714400000, 0x0000000714400000| Complete 
| 193|0x0000000714500000, 0x0000000714600000, 0x0000000714600000|100%| E|CS|TAMS 0x0000000714500000, 0x0000000714500000| Complete 
| 194|0x0000000714600000, 0x0000000714700000, 0x0000000714700000|100%| E|CS|TAMS 0x0000000714600000, 0x0000000714600000| Complete 
| 195|0x0000000714700000, 0x0000000714800000, 0x0000000714800000|100%| E|CS|TAMS 0x0000000714700000, 0x0000000714700000| Complete 
| 196|0x0000000714800000, 0x0000000714900000, 0x0000000714900000|100%| E|CS|TAMS 0x0000000714800000, 0x0000000714800000| Complete 
| 197|0x0000000714900000, 0x0000000714a00000, 0x0000000714a00000|100%| E|CS|TAMS 0x0000000714900000, 0x0000000714900000| Complete 
| 198|0x0000000714a00000, 0x0000000714b00000, 0x0000000714b00000|100%| E|CS|TAMS 0x0000000714a00000, 0x0000000714a00000| Complete 
| 199|0x0000000714b00000, 0x0000000714c00000, 0x0000000714c00000|100%| E|CS|TAMS 0x0000000714b00000, 0x0000000714b00000| Complete 
| 200|0x0000000714c00000, 0x0000000714d00000, 0x0000000714d00000|100%| E|CS|TAMS 0x0000000714c00000, 0x0000000714c00000| Complete 
| 201|0x0000000714d00000, 0x0000000714e00000, 0x0000000714e00000|100%| E|CS|TAMS 0x0000000714d00000, 0x0000000714d00000| Complete 
| 202|0x0000000714e00000, 0x0000000714f00000, 0x0000000714f00000|100%| E|CS|TAMS 0x0000000714e00000, 0x0000000714e00000| Complete 
| 203|0x0000000714f00000, 0x0000000715000000, 0x0000000715000000|100%| E|CS|TAMS 0x0000000714f00000, 0x0000000714f00000| Complete 
| 204|0x0000000715000000, 0x0000000715100000, 0x0000000715100000|100%| E|CS|TAMS 0x0000000715000000, 0x0000000715000000| Complete 
| 205|0x0000000715100000, 0x0000000715200000, 0x0000000715200000|100%| E|CS|TAMS 0x0000000715100000, 0x0000000715100000| Complete 
| 206|0x0000000715200000, 0x0000000715300000, 0x0000000715300000|100%| E|CS|TAMS 0x0000000715200000, 0x0000000715200000| Complete 
| 207|0x0000000715300000, 0x0000000715400000, 0x0000000715400000|100%| E|CS|TAMS 0x0000000715300000, 0x0000000715300000| Complete 
| 208|0x0000000715400000, 0x0000000715500000, 0x0000000715500000|100%| E|CS|TAMS 0x0000000715400000, 0x0000000715400000| Complete 
| 209|0x0000000715500000, 0x0000000715600000, 0x0000000715600000|100%| E|CS|TAMS 0x0000000715500000, 0x0000000715500000| Complete 
| 210|0x0000000715600000, 0x0000000715700000, 0x0000000715700000|100%| E|CS|TAMS 0x0000000715600000, 0x0000000715600000| Complete 
| 211|0x0000000715700000, 0x0000000715800000, 0x0000000715800000|100%| E|CS|TAMS 0x0000000715700000, 0x0000000715700000| Complete 
| 212|0x0000000715800000, 0x0000000715900000, 0x0000000715900000|100%| E|CS|TAMS 0x0000000715800000, 0x0000000715800000| Complete 
| 213|0x0000000715900000, 0x0000000715a00000, 0x0000000715a00000|100%| E|CS|TAMS 0x0000000715900000, 0x0000000715900000| Complete 
| 214|0x0000000715a00000, 0x0000000715b00000, 0x0000000715b00000|100%| E|CS|TAMS 0x0000000715a00000, 0x0000000715a00000| Complete 
| 215|0x0000000715b00000, 0x0000000715c00000, 0x0000000715c00000|100%| E|CS|TAMS 0x0000000715b00000, 0x0000000715b00000| Complete 
| 216|0x0000000715c00000, 0x0000000715d00000, 0x0000000715d00000|100%| E|CS|TAMS 0x0000000715c00000, 0x0000000715c00000| Complete 
| 217|0x0000000715d00000, 0x0000000715e00000, 0x0000000715e00000|100%| E|CS|TAMS 0x0000000715d00000, 0x0000000715d00000| Complete 
| 218|0x0000000715e00000, 0x0000000715f00000, 0x0000000715f00000|100%| E|CS|TAMS 0x0000000715e00000, 0x0000000715e00000| Complete 
| 219|0x0000000715f00000, 0x0000000716000000, 0x0000000716000000|100%| E|CS|TAMS 0x0000000715f00000, 0x0000000715f00000| Complete 
| 220|0x0000000716000000, 0x0000000716100000, 0x0000000716100000|100%| E|CS|TAMS 0x0000000716000000, 0x0000000716000000| Complete 
| 221|0x0000000716100000, 0x0000000716200000, 0x0000000716200000|100%| E|CS|TAMS 0x0000000716100000, 0x0000000716100000| Complete 
| 222|0x0000000716200000, 0x0000000716300000, 0x0000000716300000|100%| E|CS|TAMS 0x0000000716200000, 0x0000000716200000| Complete 
| 223|0x0000000716300000, 0x0000000716400000, 0x0000000716400000|100%| E|CS|TAMS 0x0000000716300000, 0x0000000716300000| Complete 
| 224|0x0000000716400000, 0x0000000716500000, 0x0000000716500000|100%| E|CS|TAMS 0x0000000716400000, 0x0000000716400000| Complete 
| 225|0x0000000716500000, 0x0000000716600000, 0x0000000716600000|100%| E|CS|TAMS 0x0000000716500000, 0x0000000716500000| Complete 
| 226|0x0000000716600000, 0x0000000716700000, 0x0000000716700000|100%| E|CS|TAMS 0x0000000716600000, 0x0000000716600000| Complete 
| 227|0x0000000716700000, 0x0000000716800000, 0x0000000716800000|100%| E|CS|TAMS 0x0000000716700000, 0x0000000716700000| Complete 
| 228|0x0000000716800000, 0x0000000716900000, 0x0000000716900000|100%| E|CS|TAMS 0x0000000716800000, 0x0000000716800000| Complete 
| 229|0x0000000716900000, 0x0000000716a00000, 0x0000000716a00000|100%| E|CS|TAMS 0x0000000716900000, 0x0000000716900000| Complete 
| 230|0x0000000716a00000, 0x0000000716b00000, 0x0000000716b00000|100%| E|CS|TAMS 0x0000000716a00000, 0x0000000716a00000| Complete 
| 231|0x0000000716b00000, 0x0000000716c00000, 0x0000000716c00000|100%| E|CS|TAMS 0x0000000716b00000, 0x0000000716b00000| Complete 
| 232|0x0000000716c00000, 0x0000000716d00000, 0x0000000716d00000|100%| E|CS|TAMS 0x0000000716c00000, 0x0000000716c00000| Complete 
| 233|0x0000000716d00000, 0x0000000716e00000, 0x0000000716e00000|100%| E|CS|TAMS 0x0000000716d00000, 0x0000000716d00000| Complete 
| 234|0x0000000716e00000, 0x0000000716f00000, 0x0000000716f00000|100%| E|CS|TAMS 0x0000000716e00000, 0x0000000716e00000| Complete 
| 235|0x0000000716f00000, 0x0000000717000000, 0x0000000717000000|100%| E|CS|TAMS 0x0000000716f00000, 0x0000000716f00000| Complete 
| 236|0x0000000717000000, 0x0000000717100000, 0x0000000717100000|100%| E|CS|TAMS 0x0000000717000000, 0x0000000717000000| Complete 
| 237|0x0000000717100000, 0x0000000717200000, 0x0000000717200000|100%| E|CS|TAMS 0x0000000717100000, 0x0000000717100000| Complete 
| 238|0x0000000717200000, 0x0000000717300000, 0x0000000717300000|100%| E|CS|TAMS 0x0000000717200000, 0x0000000717200000| Complete 
| 239|0x0000000717300000, 0x0000000717400000, 0x0000000717400000|100%| E|CS|TAMS 0x0000000717300000, 0x0000000717300000| Complete 
| 240|0x0000000717400000, 0x0000000717500000, 0x0000000717500000|100%| E|CS|TAMS 0x0000000717400000, 0x0000000717400000| Complete 
| 241|0x0000000717500000, 0x0000000717600000, 0x0000000717600000|100%| E|CS|TAMS 0x0000000717500000, 0x0000000717500000| Complete 
| 242|0x0000000717600000, 0x0000000717700000, 0x0000000717700000|100%| E|CS|TAMS 0x0000000717600000, 0x0000000717600000| Complete 
| 243|0x0000000717700000, 0x0000000717800000, 0x0000000717800000|100%| E|CS|TAMS 0x0000000717700000, 0x0000000717700000| Complete 
| 244|0x0000000717800000, 0x0000000717900000, 0x0000000717900000|100%| E|CS|TAMS 0x0000000717800000, 0x0000000717800000| Complete 
| 245|0x0000000717900000, 0x0000000717a00000, 0x0000000717a00000|100%| E|CS|TAMS 0x0000000717900000, 0x0000000717900000| Complete 
| 246|0x0000000717a00000, 0x0000000717b00000, 0x0000000717b00000|100%| E|CS|TAMS 0x0000000717a00000, 0x0000000717a00000| Complete 
| 247|0x0000000717b00000, 0x0000000717c00000, 0x0000000717c00000|100%| E|CS|TAMS 0x0000000717b00000, 0x0000000717b00000| Complete 
|2938|0x00000007bfe00000, 0x00000007bfe47000, 0x00000007bff00000| 27%|OA|  |TAMS 0x00000007bfe47000, 0x00000007bfe00000| Untracked 
|2939|0x00000007bff00000, 0x00000007bff6b000, 0x00000007c0000000| 41%|CA|  |TAMS 0x00000007bff6b000, 0x00000007bff00000| Untracked 

Card table byte_map: [0x00007fa59b842000,0x00007fa59c000000] _byte_map_base: 0x00007fa598000000

Marking Bits (Prev, Next): (CMBitMap*) 0x00007fa5b807dd98, (CMBitMap*) 0x00007fa5b807ddd0
 Prev Bits: [0x00007fa597294000, 0x00007fa59b084000)
 Next Bits: [0x00007fa5934a4000, 0x00007fa597294000)

Polling page: 0x00007fa5bd1b7000

Metaspace:

Usage:
  Non-class:     48,45 MB capacity,    47,39 MB ( 98%) used,   871,16 KB (  2%) free+waste,   221,56 KB ( <1%) overhead. 
      Class:      8,16 MB capacity,     7,45 MB ( 91%) used,   620,32 KB (  7%) free+waste,   108,19 KB (  1%) overhead. 
       Both:     56,62 MB capacity,    54,84 MB ( 97%) used,     1,46 MB (  3%) free+waste,   329,75 KB ( <1%) overhead. 

Virtual space:
  Non-class space:       50,00 MB reserved,      48,67 MB ( 97%) committed 
      Class space:        1,00 GB reserved,       8,25 MB ( <1%) committed 
             Both:        1,05 GB reserved,      56,92 MB (  5%) committed 

Chunk freelists:
   Non-Class:  32,00 KB
       Class:  26,00 KB
        Both:  58,00 KB

MaxMetaspaceSize: unlimited
CompressedClassSpaceSize: 1,00 GB
Initial GC threshold: 20,80 MB
Current GC threshold: 58,83 MB
CDS: on

CodeHeap 'non-profiled nmethods': size=120032Kb used=2565Kb max_used=2565Kb free=117466Kb
 bounds [0x00007fa5a8305000, 0x00007fa5a8595000, 0x00007fa5af83d000]
CodeHeap 'profiled nmethods': size=120028Kb used=10806Kb max_used=10806Kb free=109221Kb
 bounds [0x00007fa5a0dce000, 0x00007fa5a185e000, 0x00007fa5a8305000]
CodeHeap 'non-nmethods': size=5700Kb used=1287Kb max_used=1345Kb free=4412Kb
 bounds [0x00007fa5a083d000, 0x00007fa5a0aad000, 0x00007fa5a0dce000]
 total_blobs=5274 nmethods=4690 adapters=497
 compilation: enabled
              stopped_count=0, restarted_count=0
 full_count=0

Compilation events (20 events):
Event: 5,050 Thread 0x00007fa5b824d000 4706       2       com.sun.beans.WeakCache::get (42 bytes)
Event: 5,051 Thread 0x00007fa5b824d000 nmethod 4706 0x00007fa5a1855c90 code [0x00007fa5a1855e60, 0x00007fa5a1856080]
Event: 5,051 Thread 0x00007fa5b824d000 4707       2       java.util.TreeMap::rotateLeft (96 bytes)
Event: 5,052 Thread 0x00007fa5b824d000 nmethod 4707 0x00007fa5a1856190 code [0x00007fa5a1856360, 0x00007fa5a1856810]
Event: 5,052 Thread 0x00007fa5b824d000 4708       2       java.util.Hashtable$Enumerator::<init> (51 bytes)
Event: 5,052 Thread 0x00007fa5b824d000 nmethod 4708 0x00007fa5a1856910 code [0x00007fa5a1856ac0, 0x00007fa5a1856cd0]
Event: 5,052 Thread 0x00007fa5b824d000 4710  s    2       java.beans.MethodDescriptor::getMethod (93 bytes)
Event: 5,052 Thread 0x00007fa5b824d000 nmethod 4710 0x00007fa5a1856d90 code [0x00007fa5a1856fa0, 0x00007fa5a18574f0]
Event: 5,052 Thread 0x00007fa5b824d000 4711       2       java.util.TreeMap$KeyIterator::next (8 bytes)
Event: 5,052 Thread 0x00007fa5b824d000 nmethod 4711 0x00007fa5a1857790 code [0x00007fa5a1857940, 0x00007fa5a1857a80]
Event: 5,052 Thread 0x00007fa5b824d000 4712   !   2       org.springframework.beans.ExtendedBeanInfo$SimplePropertyDescriptor::getPropertyType (31 bytes)
Event: 5,053 Thread 0x00007fa5b824d000 nmethod 4712 0x00007fa5a1857b90 code [0x00007fa5a1857d40, 0x00007fa5a1857f20]
Event: 5,053 Thread 0x00007fa5b824d000 4709       2       java.beans.FeatureDescriptor::getValue (20 bytes)
Event: 5,053 Thread 0x00007fa5b824d000 nmethod 4709 0x00007fa5a1858010 code [0x00007fa5a18581c0, 0x00007fa5a1858320]
Event: 5,053 Thread 0x00007fa5b824d000 4713       2       org.springframework.util.ClassUtils::getMethodIfAvailable (56 bytes)
Event: 5,053 Thread 0x00007fa5b824d000 nmethod 4713 0x00007fa5a1858410 code [0x00007fa5a1858640, 0x00007fa5a1858a20]
Event: 5,054 Thread 0x00007fa5b824d000 4714       2       org.springframework.beans.CachedIntrospectionResults::introspectPlainAccessors (116 bytes)
Event: 5,054 Thread 0x00007fa5b824d000 nmethod 4714 0x00007fa5a1858c90 code [0x00007fa5a1858ec0, 0x00007fa5a1859370]
Event: 5,054 Thread 0x00007fa5b824d000 4715       2       java.lang.Class::privateGetDeclaredFields (64 bytes)
Event: 5,055 Thread 0x00007fa5b824d000 nmethod 4715 0x00007fa5a1859610 code [0x00007fa5a1859800, 0x00007fa5a1859bd0]

GC Heap History (8 events):
Event: 0,391 GC heap before
{Heap before GC invocations=0 (full 0):
 garbage-first heap   total 256000K, used 26312K [0x0000000708400000, 0x0000000800000000)
  region size 1024K, 24 young (24576K), 0 survivors (0K)
 Metaspace       used 4469K, capacity 6589K, committed 6656K, reserved 1056768K
  class space    used 527K, capacity 763K, committed 768K, reserved 1048576K
}
Event: 0,399 GC heap after
{Heap after GC invocations=1 (full 0):
 garbage-first heap   total 256000K, used 7021K [0x0000000708400000, 0x0000000800000000)
  region size 1024K, 3 young (3072K), 3 survivors (3072K)
 Metaspace       used 4469K, capacity 6589K, committed 6656K, reserved 1056768K
  class space    used 527K, capacity 763K, committed 768K, reserved 1048576K
}
Event: 1,665 GC heap before
{Heap before GC invocations=1 (full 0):
 garbage-first heap   total 256000K, used 114541K [0x0000000708400000, 0x0000000800000000)
  region size 1024K, 109 young (111616K), 3 survivors (3072K)
 Metaspace       used 20276K, capacity 21168K, committed 21296K, reserved 1067008K
  class space    used 2537K, capacity 2896K, committed 2944K, reserved 1048576K
}
Event: 1,675 GC heap after
{Heap after GC invocations=2 (full 0):
 garbage-first heap   total 256000K, used 11462K [0x0000000708400000, 0x0000000800000000)
  region size 1024K, 8 young (8192K), 8 survivors (8192K)
 Metaspace       used 20276K, capacity 21168K, committed 21296K, reserved 1067008K
  class space    used 2537K, capacity 2896K, committed 2944K, reserved 1048576K
}
Event: 2,822 GC heap before
{Heap before GC invocations=3 (full 0):
 garbage-first heap   total 256000K, used 110790K [0x0000000708400000, 0x0000000800000000)
  region size 1024K, 106 young (108544K), 8 survivors (8192K)
 Metaspace       used 34414K, capacity 35637K, committed 35888K, reserved 1081344K
  class space    used 4485K, capacity 4981K, committed 4992K, reserved 1048576K
}
Event: 2,854 GC heap after
{Heap after GC invocations=4 (full 0):
 garbage-first heap   total 256000K, used 16077K [0x0000000708400000, 0x0000000800000000)
  region size 1024K, 9 young (9216K), 9 survivors (9216K)
 Metaspace       used 34414K, capacity 35637K, committed 35888K, reserved 1081344K
  class space    used 4485K, capacity 4981K, committed 4992K, reserved 1048576K
}
Event: 4,064 GC heap before
{Heap before GC invocations=5 (full 0):
 garbage-first heap   total 256000K, used 135885K [0x0000000708400000, 0x0000000800000000)
  region size 1024K, 126 young (129024K), 9 survivors (9216K)
 Metaspace       used 51651K, capacity 53309K, committed 53424K, reserved 1095680K
  class space    used 7012K, capacity 7669K, committed 7680K, reserved 1048576K
}
Event: 4,076 GC heap after
{Heap after GC invocations=6 (full 0):
 garbage-first heap   total 256000K, used 19725K [0x0000000708400000, 0x0000000800000000)
  region size 1024K, 9 young (9216K), 9 survivors (9216K)
 Metaspace       used 51651K, capacity 53309K, committed 53424K, reserved 1095680K
  class space    used 7012K, capacity 7669K, committed 7680K, reserved 1048576K
}

Deoptimization events (20 events):
Event: 4,802 Thread 0x00007fa5b8017800 Uncommon trap: trap_request=0xffffff4d fr.pc=0x00007fa5a841ede8 relative=0x00000000000006e8
Event: 4,802 Thread 0x00007fa5b8017800 Uncommon trap: reason=unstable_if action=reinterpret pc=0x00007fa5a841ede8 method=java.util.Arrays.equals([Ljava/lang/Object;[Ljava/lang/Object;)Z @ 44 c2
Event: 4,803 Thread 0x00007fa5b8017800 DEOPT PACKING pc=0x00007fa5a841ede8 sp=0x00007fa5bd2ec1c0
Event: 4,803 Thread 0x00007fa5b8017800 DEOPT UNPACKING pc=0x00007fa5a0886ea5 sp=0x00007fa5bd2ebf50 mode 2
Event: 4,806 Thread 0x00007fa5b8017800 Uncommon trap: trap_request=0xffffffde fr.pc=0x00007fa5a84e7d0c relative=0x000000000000014c
Event: 4,806 Thread 0x00007fa5b8017800 Uncommon trap: reason=class_check action=maybe_recompile pc=0x00007fa5a84e7d0c method=java.lang.reflect.Method.equals(Ljava/lang/Object;)Z @ 5 c2
Event: 4,806 Thread 0x00007fa5b8017800 DEOPT PACKING pc=0x00007fa5a84e7d0c sp=0x00007fa5bd2ed230
Event: 4,806 Thread 0x00007fa5b8017800 DEOPT UNPACKING pc=0x00007fa5a0886ea5 sp=0x00007fa5bd2ed1d8 mode 2
Event: 4,828 Thread 0x00007fa5b8017800 DEOPT PACKING pc=0x00007fa5a1186cca sp=0x00007fa5bd2ec6d0
Event: 4,828 Thread 0x00007fa5b8017800 DEOPT UNPACKING pc=0x00007fa5a088764a sp=0x00007fa5bd2ebb30 mode 0
Event: 4,895 Thread 0x00007fa5b8017800 Uncommon trap: trap_request=0xffffff4d fr.pc=0x00007fa5a856f464 relative=0x0000000000004a24
Event: 4,895 Thread 0x00007fa5b8017800 Uncommon trap: reason=unstable_if action=reinterpret pc=0x00007fa5a856f464 method=org.springframework.core.annotation.AnnotationsScanner.processMethodHierarchy(Ljava/lang/Object;[ILjava/lang/Class;Lorg/springframework/core/annotation/AnnotationsProcessor;
Event: 4,895 Thread 0x00007fa5b8017800 DEOPT PACKING pc=0x00007fa5a856f464 sp=0x00007fa5bd2ed4a0
Event: 4,895 Thread 0x00007fa5b8017800 DEOPT UNPACKING pc=0x00007fa5a0886ea5 sp=0x00007fa5bd2ed230 mode 2
Event: 4,981 Thread 0x00007fa5b8017800 DEOPT PACKING pc=0x00007fa5a11573e9 sp=0x00007fa5bd2e6c20
Event: 4,981 Thread 0x00007fa5b8017800 DEOPT UNPACKING pc=0x00007fa5a088764a sp=0x00007fa5bd2e60d0 mode 0
Event: 4,984 Thread 0x00007fa5b8017800 Uncommon trap: trap_request=0xffffffde fr.pc=0x00007fa5a83c34a8 relative=0x0000000000000148
Event: 4,984 Thread 0x00007fa5b8017800 Uncommon trap: reason=class_check action=maybe_recompile pc=0x00007fa5a83c34a8 method=org.springframework.boot.context.properties.source.ConfigurationPropertyName$Elements.charAt(II)C @ 43 c2
Event: 4,984 Thread 0x00007fa5b8017800 DEOPT PACKING pc=0x00007fa5a83c34a8 sp=0x00007fa5bd2e6e70
Event: 4,984 Thread 0x00007fa5b8017800 DEOPT UNPACKING pc=0x00007fa5a0886ea5 sp=0x00007fa5bd2e6e08 mode 2

Classes redefined (0 events):
No events

Internal exceptions (20 events):
Event: 5,026 Thread 0x00007fa5b8017800 Exception <a 'java/lang/ClassNotFoundException'{0x000000071320f0c8}: org/springframework/data/geo/GeoModuleCustomizer> (0x000000071320f0c8) thrown at [src/hotspot/share/classfile/systemDictionary.cpp, line 230]
Event: 5,028 Thread 0x00007fa5b8017800 Exception <a 'java/lang/ClassNotFoundException'{0x00000007132343e8}: com/fasterxml/jackson/core/VersionedCustomizer> (0x00000007132343e8) thrown at [src/hotspot/share/classfile/systemDictionary.cpp, line 230]
Event: 5,030 Thread 0x00007fa5b8017800 Exception <a 'java/lang/ClassNotFoundException'{0x0000000713254088}: java/lang/ObjectCustomizer> (0x0000000713254088) thrown at [src/hotspot/share/classfile/systemDictionary.cpp, line 230]
Event: 5,031 Thread 0x00007fa5b8017800 Exception <a 'java/lang/ClassNotFoundException'{0x000000071326e840}: org/springframework/http/converter/json/Jackson2ObjectMapperBuilderCustomizer> (0x000000071326e840) thrown at [src/hotspot/share/classfile/systemDictionary.cpp, line 230]
Event: 5,048 Thread 0x00007fa5b8017800 Exception <a 'java/lang/ClassNotFoundException'{0x00000007131ea660}: com/fasterxml/jackson/databind/ObjectMapperBeanInfo> (0x00000007131ea660) thrown at [src/hotspot/share/classfile/systemDictionary.cpp, line 230]
Event: 5,048 Thread 0x00007fa5b8017800 Exception <a 'java/lang/ClassNotFoundException'{0x00000007131fca98}: com/fasterxml/jackson/core/ObjectCodecBeanInfo> (0x00000007131fca98) thrown at [src/hotspot/share/classfile/systemDictionary.cpp, line 230]
Event: 5,048 Thread 0x00007fa5b8017800 Exception <a 'java/lang/ClassNotFoundException'{0x000000071300ecc0}: com/fasterxml/jackson/core/TreeCodecBeanInfo> (0x000000071300ecc0) thrown at [src/hotspot/share/classfile/systemDictionary.cpp, line 230]
Event: 5,048 Thread 0x00007fa5b8017800 Exception <a 'java/lang/ClassNotFoundException'{0x00000007130210c8}: com/fasterxml/jackson/core/TreeCodecCustomizer> (0x00000007130210c8) thrown at [src/hotspot/share/classfile/systemDictionary.cpp, line 230]
Event: 5,048 Thread 0x00007fa5b8017800 Exception <a 'java/lang/ClassNotFoundException'{0x0000000713037e28}: com/fasterxml/jackson/core/ObjectCodecCustomizer> (0x0000000713037e28) thrown at [src/hotspot/share/classfile/systemDictionary.cpp, line 230]
Event: 5,049 Thread 0x00007fa5b8017800 Exception <a 'java/lang/ClassNotFoundException'{0x000000071305d500}: com/fasterxml/jackson/databind/ObjectMapperCustomizer> (0x000000071305d500) thrown at [src/hotspot/share/classfile/systemDictionary.cpp, line 230]
Event: 5,053 Thread 0x00007fa5b8017800 Exception <a 'java/lang/ClassNotFoundException'{0x0000000712e30600}: com/fasterxml/jackson/core/VersionedCustomizer> (0x0000000712e30600) thrown at [src/hotspot/share/classfile/systemDictionary.cpp, line 230]
Event: 5,054 Thread 0x00007fa5b8017800 Exception <a 'java/lang/ClassNotFoundException'{0x0000000712e43370}: com/fasterxml/jackson/core/VersionedCustomizer> (0x0000000712e43370) thrown at [src/hotspot/share/classfile/systemDictionary.cpp, line 230]
Event: 5,055 Thread 0x00007fa5b8017800 Exception <a 'java/lang/ClassNotFoundException'{0x0000000712e6f6d0}: java/lang/ObjectCustomizer> (0x0000000712e6f6d0) thrown at [src/hotspot/share/classfile/systemDictionary.cpp, line 230]
Event: 5,056 Thread 0x00007fa5b8017800 Exception <a 'java/lang/ClassNotFoundException'{0x0000000712e88b00}: org/springframework/http/converter/AbstractHttpMessageConverterCustomizer> (0x0000000712e88b00) thrown at [src/hotspot/share/classfile/systemDictionary.cpp, line 230]
Event: 5,056 Thread 0x00007fa5b8017800 Exception <a 'java/lang/ClassNotFoundException'{0x0000000712ea63a0}: org/springframework/http/converter/AbstractGenericHttpMessageConverterCustomizer> (0x0000000712ea63a0) thrown at [src/hotspot/share/classfile/systemDictionary.cpp, line 230]
Event: 5,057 Thread 0x00007fa5b8017800 Exception <a 'java/lang/ClassNotFoundException'{0x0000000712ec55a8}: org/springframework/http/converter/json/AbstractJackson2HttpMessageConverterCustomizer> (0x0000000712ec55a8) thrown at [src/hotspot/share/classfile/systemDictionary.cpp, line 230]
Event: 5,057 Thread 0x00007fa5b8017800 Exception <a 'java/lang/ClassNotFoundException'{0x0000000712eed240}: org/springframework/http/converter/json/MappingJackson2HttpMessageConverterCustomizer> (0x0000000712eed240) thrown at [src/hotspot/share/classfile/systemDictionary.cpp, line 230]
Event: 5,058 Thread 0x00007fa5b8017800 Exception <a 'java/lang/ClassNotFoundException'{0x0000000712d0d448}: org/springframework/http/converter/GenericHttpMessageConverterCustomizer> (0x0000000712d0d448) thrown at [src/hotspot/share/classfile/systemDictionary.cpp, line 230]
Event: 5,058 Thread 0x00007fa5b8017800 Exception <a 'java/lang/ClassNotFoundException'{0x0000000712d279f0}: org/springframework/http/converter/HttpMessageConverterCustomizer> (0x0000000712d279f0) thrown at [src/hotspot/share/classfile/systemDictionary.cpp, line 230]
Event: 5,059 Thread 0x00007fa5b8017800 Exception <a 'java/lang/ClassNotFoundException'{0x0000000712d40ff0}: org/springframework/http/converter/HttpMessageConverterCustomizer> (0x0000000712d40ff0) thrown at [src/hotspot/share/classfile/systemDictionary.cpp, line 230]

Events (20 events):
Event: 5,058 loading class org/springframework/http/converter/GenericHttpMessageConverterCustomizer
Event: 5,058 loading class org/springframework/http/converter/GenericHttpMessageConverterCustomizer done
Event: 5,058 loading class org/springframework/http/converter/GenericHttpMessageConverterCustomizer
Event: 5,058 loading class org/springframework/http/converter/GenericHttpMessageConverterCustomizer done
Event: 5,058 loading class org/springframework/http/converter/GenericHttpMessageConverterCustomizer
Event: 5,058 loading class org/springframework/http/converter/GenericHttpMessageConverterCustomizer done
Event: 5,058 loading class org/springframework/http/converter/HttpMessageConverterCustomizer
Event: 5,058 loading class org/springframework/http/converter/HttpMessageConverterCustomizer done
Event: 5,058 loading class org/springframework/http/converter/HttpMessageConverterCustomizer
Event: 5,058 loading class org/springframework/http/converter/HttpMessageConverterCustomizer done
Event: 5,058 loading class org/springframework/http/converter/HttpMessageConverterCustomizer
Event: 5,058 loading class org/springframework/http/converter/HttpMessageConverterCustomizer done
Event: 5,058 loading class org/springframework/http/converter/HttpMessageConverterCustomizer
Event: 5,058 loading class org/springframework/http/converter/HttpMessageConverterCustomizer done
Event: 5,059 loading class org/springframework/http/converter/HttpMessageConverterCustomizer
Event: 5,059 loading class org/springframework/http/converter/HttpMessageConverterCustomizer done
Event: 5,059 loading class org/springframework/http/converter/HttpMessageConverterCustomizer
Event: 5,059 loading class org/springframework/http/converter/HttpMessageConverterCustomizer done
Event: 5,059 loading class org/springframework/boot/autoconfigure/http/HttpMessageConverters$1
Event: 5,059 loading class org/springframework/boot/autoconfigure/http/HttpMessageConverters$1 done


Dynamic libraries:
708400000-717c00000 rw-p 00000000 00:00 0 
717c00000-7bfe00000 ---p 00000000 00:00 0 
7bfe00000-7bfe47000 rw-p 01118000 103:06 3802055                         /usr/lib/jvm/java-11-openjdk-amd64/lib/server/classes.jsa
7bfe47000-7bff00000 rw-p 00000000 00:00 0 
7bff00000-7bff6b000 rw-p 010ad000 103:06 3802055                         /usr/lib/jvm/java-11-openjdk-amd64/lib/server/classes.jsa
7bff6b000-7c0000000 rw-p 00000000 00:00 0 
7c0000000-800000000 ---p 00000000 00:00 0 
800000000-800002000 rwxp 00001000 103:06 3802055                         /usr/lib/jvm/java-11-openjdk-amd64/lib/server/classes.jsa
800002000-8003cb000 rw-p 00003000 103:06 3802055                         /usr/lib/jvm/java-11-openjdk-amd64/lib/server/classes.jsa
8003cb000-800a99000 r--p 003cc000 103:06 3802055                         /usr/lib/jvm/java-11-openjdk-amd64/lib/server/classes.jsa
800a99000-800a9a000 rw-p 00a9a000 103:06 3802055                         /usr/lib/jvm/java-11-openjdk-amd64/lib/server/classes.jsa
800a9a000-8010ac000 r--p 00a9b000 103:06 3802055                         /usr/lib/jvm/java-11-openjdk-amd64/lib/server/classes.jsa
840000000-840840000 rw-p 00000000 00:00 0 
840840000-880000000 ---p 00000000 00:00 0 
55a4fa1f5000-55a4fa1f6000 r--p 00000000 103:06 2886254                   /usr/lib/jvm/java-11-openjdk-amd64/bin/java
55a4fa1f6000-55a4fa1f7000 r-xp 00001000 103:06 2886254                   /usr/lib/jvm/java-11-openjdk-amd64/bin/java
55a4fa1f7000-55a4fa1f8000 r--p 00002000 103:06 2886254                   /usr/lib/jvm/java-11-openjdk-amd64/bin/java
55a4fa1f8000-55a4fa1f9000 r--p 00002000 103:06 2886254                   /usr/lib/jvm/java-11-openjdk-amd64/bin/java
55a4fa1f9000-55a4fa1fa000 rw-p 00003000 103:06 2886254                   /usr/lib/jvm/java-11-openjdk-amd64/bin/java
55a4faa07000-55a4faa28000 rw-p 00000000 00:00 0                          [heap]
7fa520000000-7fa520021000 rw-p 00000000 00:00 0 
7fa520021000-7fa524000000 ---p 00000000 00:00 0 
7fa524000000-7fa524021000 rw-p 00000000 00:00 0 
7fa524021000-7fa528000000 ---p 00000000 00:00 0 
7fa52b800000-7fa52b8c0000 rw-p 00000000 00:00 0 
7fa52b8c0000-7fa52ba00000 ---p 00000000 00:00 0 
7fa52ba00000-7fa52bc00000 rw-p 00000000 00:00 0 
7fa52bc00000-7fa52be00000 rw-p 00000000 00:00 0 
7fa52be00000-7fa52c000000 rw-p 00000000 00:00 0 
7fa52c000000-7fa52c021000 rw-p 00000000 00:00 0 
7fa52c021000-7fa530000000 ---p 00000000 00:00 0 
7fa530000000-7fa5302cf000 rw-p 00000000 00:00 0 
7fa5302cf000-7fa534000000 ---p 00000000 00:00 0 
7fa534000000-7fa534021000 rw-p 00000000 00:00 0 
7fa534021000-7fa538000000 ---p 00000000 00:00 0 
7fa538000000-7fa53803c000 rw-p 00000000 00:00 0 
7fa53803c000-7fa53c000000 ---p 00000000 00:00 0 
7fa53c000000-7fa53c021000 rw-p 00000000 00:00 0 
7fa53c021000-7fa540000000 ---p 00000000 00:00 0 
7fa540000000-7fa540021000 rw-p 00000000 00:00 0 
7fa540021000-7fa544000000 ---p 00000000 00:00 0 
7fa544000000-7fa544021000 rw-p 00000000 00:00 0 
7fa544021000-7fa548000000 ---p 00000000 00:00 0 
7fa548000000-7fa5491cc000 rw-p 00000000 00:00 0 
7fa5491cc000-7fa54c000000 ---p 00000000 00:00 0 
7fa54c000000-7fa54c021000 rw-p 00000000 00:00 0 
7fa54c021000-7fa550000000 ---p 00000000 00:00 0 
7fa550000000-7fa550031000 rw-p 00000000 00:00 0 
7fa550031000-7fa554000000 ---p 00000000 00:00 0 
7fa554000000-7fa554021000 rw-p 00000000 00:00 0 
7fa554021000-7fa558000000 ---p 00000000 00:00 0 
7fa558000000-7fa558021000 rw-p 00000000 00:00 0 
7fa558021000-7fa55c000000 ---p 00000000 00:00 0 
7fa55c000000-7fa55c833000 rw-p 00000000 00:00 0 
7fa55c833000-7fa560000000 ---p 00000000 00:00 0 
7fa560000000-7fa560021000 rw-p 00000000 00:00 0 
7fa560021000-7fa564000000 ---p 00000000 00:00 0 
7fa564000000-7fa564021000 rw-p 00000000 00:00 0 
7fa564021000-7fa568000000 ---p 00000000 00:00 0 
7fa568000000-7fa569287000 rw-p 00000000 00:00 0 
7fa569287000-7fa56c000000 ---p 00000000 00:00 0 
7fa56c000000-7fa56c021000 rw-p 00000000 00:00 0 
7fa56c021000-7fa570000000 ---p 00000000 00:00 0 
7fa570000000-7fa570021000 rw-p 00000000 00:00 0 
7fa570021000-7fa574000000 ---p 00000000 00:00 0 
7fa574000000-7fa574021000 rw-p 00000000 00:00 0 
7fa574021000-7fa578000000 ---p 00000000 00:00 0 
7fa5780a1000-7fa5782a1000 rw-p 00000000 00:00 0 
7fa5782a1000-7fa5784a1000 rw-p 00000000 00:00 0 
7fa5784a1000-7fa5786a1000 rw-p 00000000 00:00 0 
7fa5786a1000-7fa5788a1000 rw-p 00000000 00:00 0 
7fa5788a1000-7fa578aa1000 rw-p 00000000 00:00 0 
7fa578aa1000-7fa578ca1000 rw-p 00000000 00:00 0 
7fa578ca1000-7fa578ea1000 rw-p 00000000 00:00 0 
7fa578ea1000-7fa5790a1000 rw-p 00000000 00:00 0 
7fa57927e000-7fa57947e000 rw-p 00000000 00:00 0 
7fa57947e000-7fa57967e000 rw-p 00000000 00:00 0 
7fa57967e000-7fa57987e000 rw-p 00000000 00:00 0 
7fa57987e000-7fa57987f000 ---p 00000000 00:00 0 
7fa57987f000-7fa579980000 rw-p 00000000 00:00 0 
7fa579980000-7fa579981000 ---p 00000000 00:00 0 
7fa579981000-7fa579c82000 rw-p 00000000 00:00 0 
7fa579e5b000-7fa57a047000 rw-p 00000000 00:00 0 
7fa57a047000-7fa57a05b000 ---p 00000000 00:00 0 
7fa57a05b000-7fa57a25b000 rw-p 00000000 00:00 0 
7fa57a25b000-7fa57a45b000 rw-p 00000000 00:00 0 
7fa57a45b000-7fa57a45f000 ---p 00000000 00:00 0 
7fa57a45f000-7fa57a55c000 rw-p 00000000 00:00 0 
7fa57a55c000-7fa57a560000 r--p 00000000 103:06 3673759                   /lib/x86_64-linux-gnu/libresolv-2.31.so
7fa57a560000-7fa57a570000 r-xp 00004000 103:06 3673759                   /lib/x86_64-linux-gnu/libresolv-2.31.so
7fa57a570000-7fa57a574000 r--p 00014000 103:06 3673759                   /lib/x86_64-linux-gnu/libresolv-2.31.so
7fa57a574000-7fa57a575000 r--p 00017000 103:06 3673759                   /lib/x86_64-linux-gnu/libresolv-2.31.so
7fa57a575000-7fa57a576000 rw-p 00018000 103:06 3673759                   /lib/x86_64-linux-gnu/libresolv-2.31.so
7fa57a576000-7fa57a778000 rw-p 00000000 00:00 0 
7fa57a778000-7fa57a978000 rw-p 00000000 00:00 0 
7fa57a978000-7fa57a979000 ---p 00000000 00:00 0 
7fa57a979000-7fa57aa7a000 rw-p 00000000 00:00 0 
7fa57aa7a000-7fa57aa7b000 ---p 00000000 00:00 0 
7fa57aa7b000-7fa57ab7c000 rw-p 00000000 00:00 0 
7fa57ab7c000-7fa57ab7d000 ---p 00000000 00:00 0 
7fa57ab7d000-7fa57ac7e000 rw-p 00000000 00:00 0 
7fa57ac7e000-7fa57ac7f000 ---p 00000000 00:00 0 
7fa57ac7f000-7fa57ad80000 rw-p 00000000 00:00 0 
7fa57ad80000-7fa57ad81000 ---p 00000000 00:00 0 
7fa57ad81000-7fa57ae82000 rw-p 00000000 00:00 0 
7fa57ae82000-7fa57ae86000 ---p 00000000 00:00 0 
7fa57ae86000-7fa57af83000 rw-p 00000000 00:00 0 
7fa57af83000-7fa57af87000 ---p 00000000 00:00 0 
7fa57af87000-7fa57b084000 rw-p 00000000 00:00 0 
7fa57b084000-7fa57b088000 ---p 00000000 00:00 0 
7fa57b088000-7fa57b185000 rw-p 00000000 00:00 0 
7fa57b185000-7fa57b189000 ---p 00000000 00:00 0 
7fa57b189000-7fa57b286000 rw-p 00000000 00:00 0 
7fa57b286000-7fa57b287000 ---p 00000000 00:00 0 
7fa57b287000-7fa57b388000 rw-p 00000000 00:00 0 
7fa57b388000-7fa57b38c000 ---p 00000000 00:00 0 
7fa57b38c000-7fa57b489000 rw-p 00000000 00:00 0 
7fa57b489000-7fa57b48d000 ---p 00000000 00:00 0 
7fa57b48d000-7fa57b58a000 rw-p 00000000 00:00 0 
7fa57b58a000-7fa57b58e000 ---p 00000000 00:00 0 
7fa57b58e000-7fa57b68b000 rw-p 00000000 00:00 0 
7fa57b68b000-7fa57b68f000 ---p 00000000 00:00 0 
7fa57b68f000-7fa57b78c000 rw-p 00000000 00:00 0 
7fa57b78c000-7fa57b790000 ---p 00000000 00:00 0 
7fa57b790000-7fa57b88d000 rw-p 00000000 00:00 0 
7fa57b88d000-7fa57bdfe000 r--p 00000000 103:06 2889073                   /usr/lib/locale/locale-archive
7fa57bdfe000-7fa57be02000 ---p 00000000 00:00 0 
7fa57be02000-7fa57beff000 rw-p 00000000 00:00 0 
7fa57beff000-7fa57bf03000 ---p 00000000 00:00 0 
7fa57bf03000-7fa57c000000 rw-p 00000000 00:00 0 
7fa57c000000-7fa57c021000 rw-p 00000000 00:00 0 
7fa57c021000-7fa580000000 ---p 00000000 00:00 0 
7fa580000000-7fa580056000 rw-p 00000000 00:00 0 
7fa580056000-7fa584000000 ---p 00000000 00:00 0 
7fa584000000-7fa584021000 rw-p 00000000 00:00 0 
7fa584021000-7fa588000000 ---p 00000000 00:00 0 
7fa588000000-7fa588021000 rw-p 00000000 00:00 0 
7fa588021000-7fa58c000000 ---p 00000000 00:00 0 
7fa58c000000-7fa58c021000 rw-p 00000000 00:00 0 
7fa58c021000-7fa590000000 ---p 00000000 00:00 0 
7fa59000c000-7fa59000d000 r--p 00000000 103:06 3673745                   /lib/x86_64-linux-gnu/libnss_dns-2.31.so
7fa59000d000-7fa590011000 r-xp 00001000 103:06 3673745                   /lib/x86_64-linux-gnu/libnss_dns-2.31.so
7fa590011000-7fa590012000 r--p 00005000 103:06 3673745                   /lib/x86_64-linux-gnu/libnss_dns-2.31.so
7fa590012000-7fa590013000 r--p 00005000 103:06 3673745                   /lib/x86_64-linux-gnu/libnss_dns-2.31.so
7fa590013000-7fa590014000 rw-p 00006000 103:06 3673745                   /lib/x86_64-linux-gnu/libnss_dns-2.31.so
7fa590014000-7fa590015000 ---p 00000000 00:00 0 
7fa590015000-7fa590997000 rw-p 00000000 00:00 0 
7fa590997000-7fa590998000 ---p 00000000 00:00 0 
7fa590998000-7fa590a99000 rw-p 00000000 00:00 0 
7fa590a99000-7fa590a9a000 ---p 00000000 00:00 0 
7fa590a9a000-7fa593884000 rw-p 00000000 00:00 0 
7fa593884000-7fa59628c000 ---p 00000000 00:00 0 
7fa59628c000-7fa596294000 rw-p 00000000 00:00 0 
7fa596294000-7fa597294000 ---p 00000000 00:00 0 
7fa597294000-7fa597674000 rw-p 00000000 00:00 0 
7fa597674000-7fa59a07c000 ---p 00000000 00:00 0 
7fa59a07c000-7fa59a084000 rw-p 00000000 00:00 0 
7fa59a084000-7fa59b084000 ---p 00000000 00:00 0 
7fa59b084000-7fa59b100000 rw-p 00000000 00:00 0 
7fa59b100000-7fa59b641000 ---p 00000000 00:00 0 
7fa59b641000-7fa59b642000 rw-p 00000000 00:00 0 
7fa59b642000-7fa59b842000 ---p 00000000 00:00 0 
7fa59b842000-7fa59b8be000 rw-p 00000000 00:00 0 
7fa59b8be000-7fa59bdff000 ---p 00000000 00:00 0 
7fa59bdff000-7fa59be00000 rw-p 00000000 00:00 0 
7fa59be00000-7fa59c000000 ---p 00000000 00:00 0 
7fa59c000000-7fa59c021000 rw-p 00000000 00:00 0 
7fa59c021000-7fa5a0000000 ---p 00000000 00:00 0 
7fa5a0006000-7fa5a0007000 r--p 00000000 103:06 3670771                   /lib/x86_64-linux-gnu/libnss_mdns4_minimal.so.2
7fa5a0007000-7fa5a0009000 r-xp 00001000 103:06 3670771                   /lib/x86_64-linux-gnu/libnss_mdns4_minimal.so.2
7fa5a0009000-7fa5a000a000 r--p 00003000 103:06 3670771                   /lib/x86_64-linux-gnu/libnss_mdns4_minimal.so.2
7fa5a000a000-7fa5a000b000 r--p 00003000 103:06 3670771                   /lib/x86_64-linux-gnu/libnss_mdns4_minimal.so.2
7fa5a000b000-7fa5a000c000 rw-p 00004000 103:06 3670771                   /lib/x86_64-linux-gnu/libnss_mdns4_minimal.so.2
7fa5a0028000-7fa5a002c000 ---p 00000000 00:00 0 
7fa5a002c000-7fa5a004a000 rw-p 00000000 00:00 0 
7fa5a004a000-7fa5a004c000 r--p 00000000 103:06 2921651                   /usr/lib/jvm/java-11-openjdk-amd64/lib/libmanagement_ext.so
7fa5a004c000-7fa5a004f000 r-xp 00002000 103:06 2921651                   /usr/lib/jvm/java-11-openjdk-amd64/lib/libmanagement_ext.so
7fa5a004f000-7fa5a0051000 r--p 00005000 103:06 2921651                   /usr/lib/jvm/java-11-openjdk-amd64/lib/libmanagement_ext.so
7fa5a0051000-7fa5a0052000 r--p 00006000 103:06 2921651                   /usr/lib/jvm/java-11-openjdk-amd64/lib/libmanagement_ext.so
7fa5a0052000-7fa5a0053000 rw-p 00007000 103:06 2921651                   /usr/lib/jvm/java-11-openjdk-amd64/lib/libmanagement_ext.so
7fa5a0053000-7fa5a0057000 r--p 00000000 103:06 2921653                   /usr/lib/jvm/java-11-openjdk-amd64/lib/libnet.so
7fa5a0057000-7fa5a0065000 r-xp 00004000 103:06 2921653                   /usr/lib/jvm/java-11-openjdk-amd64/lib/libnet.so
7fa5a0065000-7fa5a0069000 r--p 00012000 103:06 2921653                   /usr/lib/jvm/java-11-openjdk-amd64/lib/libnet.so
7fa5a0069000-7fa5a006a000 r--p 00015000 103:06 2921653                   /usr/lib/jvm/java-11-openjdk-amd64/lib/libnet.so
7fa5a006a000-7fa5a006b000 rw-p 00016000 103:06 2921653                   /usr/lib/jvm/java-11-openjdk-amd64/lib/libnet.so
7fa5a006b000-7fa5a0072000 r--p 00000000 103:06 2921654                   /usr/lib/jvm/java-11-openjdk-amd64/lib/libnio.so
7fa5a0072000-7fa5a007a000 r-xp 00007000 103:06 2921654                   /usr/lib/jvm/java-11-openjdk-amd64/lib/libnio.so
7fa5a007a000-7fa5a007d000 r--p 0000f000 103:06 2921654                   /usr/lib/jvm/java-11-openjdk-amd64/lib/libnio.so
7fa5a007d000-7fa5a007e000 r--p 00011000 103:06 2921654                   /usr/lib/jvm/java-11-openjdk-amd64/lib/libnio.so
7fa5a007e000-7fa5a007f000 rw-p 00012000 103:06 2921654                   /usr/lib/jvm/java-11-openjdk-amd64/lib/libnio.so
7fa5a007f000-7fa5a00fb000 rw-p 00000000 00:00 0 
7fa5a00fb000-7fa5a063c000 ---p 00000000 00:00 0 
7fa5a063c000-7fa5a063d000 rw-p 00000000 00:00 0 
7fa5a063d000-7fa5a083d000 ---p 00000000 00:00 0 
7fa5a083d000-7fa5a0aad000 rwxp 00000000 00:00 0 
7fa5a0aad000-7fa5a0dce000 ---p 00000000 00:00 0 
7fa5a0dce000-7fa5a185e000 rwxp 00000000 00:00 0 
7fa5a185e000-7fa5a8305000 ---p 00000000 00:00 0 
7fa5a8305000-7fa5a8595000 rwxp 00000000 00:00 0 
7fa5a8595000-7fa5af83d000 ---p 00000000 00:00 0 
7fa5af83d000-7fa5b8000000 r--s 00000000 103:06 2921663                   /usr/lib/jvm/java-11-openjdk-amd64/lib/modules
7fa5b8000000-7fa5b9bbf000 rw-p 00000000 00:00 0 
7fa5b9bbf000-7fa5bc000000 ---p 00000000 00:00 0 
7fa5bc002000-7fa5bc15e000 rw-p 00000000 00:00 0 
7fa5bc15e000-7fa5bc15f000 ---p 00000000 00:00 0 
7fa5bc15f000-7fa5bc260000 rw-p 00000000 00:00 0 
7fa5bc260000-7fa5bc261000 ---p 00000000 00:00 0 
7fa5bc261000-7fa5bce6c000 rw-p 00000000 00:00 0 
7fa5bce6c000-7fa5bce6d000 ---p 00000000 00:00 0 
7fa5bce6d000-7fa5bcf74000 rw-p 00000000 00:00 0 
7fa5bcf74000-7fa5bd059000 ---p 00000000 00:00 0 
7fa5bd059000-7fa5bd06f000 rw-p 00000000 00:00 0 
7fa5bd06f000-7fa5bd144000 ---p 00000000 00:00 0 
7fa5bd144000-7fa5bd149000 rw-p 00000000 00:00 0 
7fa5bd149000-7fa5bd150000 ---p 00000000 00:00 0 
7fa5bd150000-7fa5bd153000 r--p 00000000 103:06 3673747                   /lib/x86_64-linux-gnu/libnss_files-2.31.so
7fa5bd153000-7fa5bd15a000 r-xp 00003000 103:06 3673747                   /lib/x86_64-linux-gnu/libnss_files-2.31.so
7fa5bd15a000-7fa5bd15c000 r--p 0000a000 103:06 3673747                   /lib/x86_64-linux-gnu/libnss_files-2.31.so
7fa5bd15c000-7fa5bd15d000 r--p 0000b000 103:06 3673747                   /lib/x86_64-linux-gnu/libnss_files-2.31.so
7fa5bd15d000-7fa5bd15e000 rw-p 0000c000 103:06 3673747                   /lib/x86_64-linux-gnu/libnss_files-2.31.so
7fa5bd15e000-7fa5bd164000 rw-p 00000000 00:00 0 
7fa5bd164000-7fa5bd168000 r--p 00000000 103:06 3673741                   /lib/x86_64-linux-gnu/libnsl-2.31.so
7fa5bd168000-7fa5bd178000 r-xp 00004000 103:06 3673741                   /lib/x86_64-linux-gnu/libnsl-2.31.so
7fa5bd178000-7fa5bd17d000 r--p 00014000 103:06 3673741                   /lib/x86_64-linux-gnu/libnsl-2.31.so
7fa5bd17d000-7fa5bd17e000 r--p 00018000 103:06 3673741                   /lib/x86_64-linux-gnu/libnsl-2.31.so
7fa5bd17e000-7fa5bd17f000 rw-p 00019000 103:06 3673741                   /lib/x86_64-linux-gnu/libnsl-2.31.so
7fa5bd17f000-7fa5bd181000 rw-p 00000000 00:00 0 
7fa5bd181000-7fa5bd183000 r--p 00000000 103:06 3673751                   /lib/x86_64-linux-gnu/libnss_nis-2.31.so
7fa5bd183000-7fa5bd18b000 r-xp 00002000 103:06 3673751                   /lib/x86_64-linux-gnu/libnss_nis-2.31.so
7fa5bd18b000-7fa5bd18d000 r--p 0000a000 103:06 3673751                   /lib/x86_64-linux-gnu/libnss_nis-2.31.so
7fa5bd18d000-7fa5bd18e000 r--p 0000b000 103:06 3673751                   /lib/x86_64-linux-gnu/libnss_nis-2.31.so
7fa5bd18e000-7fa5bd18f000 rw-p 0000c000 103:06 3673751                   /lib/x86_64-linux-gnu/libnss_nis-2.31.so
7fa5bd18f000-7fa5bd191000 r--p 00000000 103:06 3673743                   /lib/x86_64-linux-gnu/libnss_compat-2.31.so
7fa5bd191000-7fa5bd198000 r-xp 00002000 103:06 3673743                   /lib/x86_64-linux-gnu/libnss_compat-2.31.so
7fa5bd198000-7fa5bd199000 r--p 00009000 103:06 3673743                   /lib/x86_64-linux-gnu/libnss_compat-2.31.so
7fa5bd199000-7fa5bd19a000 r--p 00009000 103:06 3673743                   /lib/x86_64-linux-gnu/libnss_compat-2.31.so
7fa5bd19a000-7fa5bd19b000 rw-p 0000a000 103:06 3673743                   /lib/x86_64-linux-gnu/libnss_compat-2.31.so
7fa5bd19b000-7fa5bd19e000 r--p 00000000 103:06 2921649                   /usr/lib/jvm/java-11-openjdk-amd64/lib/libmanagement.so
7fa5bd19e000-7fa5bd19f000 r-xp 00003000 103:06 2921649                   /usr/lib/jvm/java-11-openjdk-amd64/lib/libmanagement.so
7fa5bd19f000-7fa5bd1a0000 r--p 00004000 103:06 2921649                   /usr/lib/jvm/java-11-openjdk-amd64/lib/libmanagement.so
7fa5bd1a0000-7fa5bd1a1000 r--p 00004000 103:06 2921649                   /usr/lib/jvm/java-11-openjdk-amd64/lib/libmanagement.so
7fa5bd1a1000-7fa5bd1a2000 rw-p 00005000 103:06 2921649                   /usr/lib/jvm/java-11-openjdk-amd64/lib/libmanagement.so
7fa5bd1a2000-7fa5bd1a4000 r--s 0000c000 103:06 3282460                   /usr/share/java/java-atk-wrapper.jar
7fa5bd1a4000-7fa5bd1a6000 r--p 00000000 103:06 2921662                   /usr/lib/jvm/java-11-openjdk-amd64/lib/libzip.so
7fa5bd1a6000-7fa5bd1ab000 r-xp 00002000 103:06 2921662                   /usr/lib/jvm/java-11-openjdk-amd64/lib/libzip.so
7fa5bd1ab000-7fa5bd1ad000 r--p 00007000 103:06 2921662                   /usr/lib/jvm/java-11-openjdk-amd64/lib/libzip.so
7fa5bd1ad000-7fa5bd1ae000 r--p 00008000 103:06 2921662                   /usr/lib/jvm/java-11-openjdk-amd64/lib/libzip.so
7fa5bd1ae000-7fa5bd1af000 rw-p 00009000 103:06 2921662                   /usr/lib/jvm/java-11-openjdk-amd64/lib/libzip.so
7fa5bd1af000-7fa5bd1b7000 rw-s 00000000 103:06 3806521                   /tmp/hsperfdata_artur/373763
7fa5bd1b7000-7fa5bd1b8000 ---p 00000000 00:00 0 
7fa5bd1b8000-7fa5bd1b9000 r--p 00000000 00:00 0 
7fa5bd1b9000-7fa5bd1c7000 r--p 00000000 103:06 2921642                   /usr/lib/jvm/java-11-openjdk-amd64/lib/libjava.so
7fa5bd1c7000-7fa5bd1dd000 r-xp 0000e000 103:06 2921642                   /usr/lib/jvm/java-11-openjdk-amd64/lib/libjava.so
7fa5bd1dd000-7fa5bd1e4000 r--p 00024000 103:06 2921642                   /usr/lib/jvm/java-11-openjdk-amd64/lib/libjava.so
7fa5bd1e4000-7fa5bd1e5000 r--p 0002a000 103:06 2921642                   /usr/lib/jvm/java-11-openjdk-amd64/lib/libjava.so
7fa5bd1e5000-7fa5bd1e6000 rw-p 0002b000 103:06 2921642                   /usr/lib/jvm/java-11-openjdk-amd64/lib/libjava.so
7fa5bd1e6000-7fa5bd1e7000 rw-p 00000000 00:00 0 
7fa5bd1e7000-7fa5bd1e9000 r--p 00000000 103:06 3673760                   /lib/x86_64-linux-gnu/librt-2.31.so
7fa5bd1e9000-7fa5bd1ed000 r-xp 00002000 103:06 3673760                   /lib/x86_64-linux-gnu/librt-2.31.so
7fa5bd1ed000-7fa5bd1ef000 r--p 00006000 103:06 3673760                   /lib/x86_64-linux-gnu/librt-2.31.so
7fa5bd1ef000-7fa5bd1f0000 r--p 00007000 103:06 3673760                   /lib/x86_64-linux-gnu/librt-2.31.so
7fa5bd1f0000-7fa5bd1f1000 rw-p 00008000 103:06 3673760                   /lib/x86_64-linux-gnu/librt-2.31.so
7fa5bd1f1000-7fa5bd1f5000 ---p 00000000 00:00 0 
7fa5bd1f5000-7fa5bd2f2000 rw-p 00000000 00:00 0 
7fa5bd2f2000-7fa5bd2f5000 r--p 00000000 103:06 3670736                   /lib/x86_64-linux-gnu/libgcc_s.so.1
7fa5bd2f5000-7fa5bd307000 r-xp 00003000 103:06 3670736                   /lib/x86_64-linux-gnu/libgcc_s.so.1
7fa5bd307000-7fa5bd30b000 r--p 00015000 103:06 3670736                   /lib/x86_64-linux-gnu/libgcc_s.so.1
7fa5bd30b000-7fa5bd30c000 r--p 00018000 103:06 3670736                   /lib/x86_64-linux-gnu/libgcc_s.so.1
7fa5bd30c000-7fa5bd30d000 rw-p 00019000 103:06 3670736                   /lib/x86_64-linux-gnu/libgcc_s.so.1
7fa5bd30d000-7fa5bd31a000 r--p 00000000 103:06 3673735                   /lib/x86_64-linux-gnu/libm-2.31.so
7fa5bd31a000-7fa5bd3c1000 r-xp 0000d000 103:06 3673735                   /lib/x86_64-linux-gnu/libm-2.31.so
7fa5bd3c1000-7fa5bd45a000 r--p 000b4000 103:06 3673735                   /lib/x86_64-linux-gnu/libm-2.31.so
7fa5bd45a000-7fa5bd45b000 r--p 0014c000 103:06 3673735                   /lib/x86_64-linux-gnu/libm-2.31.so
7fa5bd45b000-7fa5bd45c000 rw-p 0014d000 103:06 3673735                   /lib/x86_64-linux-gnu/libm-2.31.so
7fa5bd45c000-7fa5bd4f2000 r--p 00000000 103:06 2883678                   /usr/lib/x86_64-linux-gnu/libstdc++.so.6.0.28
7fa5bd4f2000-7fa5bd5e3000 r-xp 00096000 103:06 2883678                   /usr/lib/x86_64-linux-gnu/libstdc++.so.6.0.28
7fa5bd5e3000-7fa5bd62c000 r--p 00187000 103:06 2883678                   /usr/lib/x86_64-linux-gnu/libstdc++.so.6.0.28
7fa5bd62c000-7fa5bd62d000 ---p 001d0000 103:06 2883678                   /usr/lib/x86_64-linux-gnu/libstdc++.so.6.0.28
7fa5bd62d000-7fa5bd638000 r--p 001d0000 103:06 2883678                   /usr/lib/x86_64-linux-gnu/libstdc++.so.6.0.28
7fa5bd638000-7fa5bd63b000 rw-p 001db000 103:06 2883678                   /usr/lib/x86_64-linux-gnu/libstdc++.so.6.0.28
7fa5bd63b000-7fa5bd63e000 rw-p 00000000 00:00 0 
7fa5bd63e000-7fa5bd8c0000 r--p 00000000 103:06 3801984                   /usr/lib/jvm/java-11-openjdk-amd64/lib/server/libjvm.so
7fa5bd8c0000-7fa5be545000 r-xp 00282000 103:06 3801984                   /usr/lib/jvm/java-11-openjdk-amd64/lib/server/libjvm.so
7fa5be545000-7fa5be7a1000 r--p 00f07000 103:06 3801984                   /usr/lib/jvm/java-11-openjdk-amd64/lib/server/libjvm.so
7fa5be7a1000-7fa5be865000 r--p 01162000 103:06 3801984                   /usr/lib/jvm/java-11-openjdk-amd64/lib/server/libjvm.so
7fa5be865000-7fa5be8a0000 rw-p 01226000 103:06 3801984                   /usr/lib/jvm/java-11-openjdk-amd64/lib/server/libjvm.so
7fa5be8a0000-7fa5be8f9000 rw-p 00000000 00:00 0 
7fa5be8f9000-7fa5be8ff000 r--p 00000000 103:06 3673757                   /lib/x86_64-linux-gnu/libpthread-2.31.so
7fa5be8ff000-7fa5be910000 r-xp 00006000 103:06 3673757                   /lib/x86_64-linux-gnu/libpthread-2.31.so
7fa5be910000-7fa5be916000 r--p 00017000 103:06 3673757                   /lib/x86_64-linux-gnu/libpthread-2.31.so
7fa5be916000-7fa5be917000 r--p 0001c000 103:06 3673757                   /lib/x86_64-linux-gnu/libpthread-2.31.so
7fa5be917000-7fa5be918000 rw-p 0001d000 103:06 3673757                   /lib/x86_64-linux-gnu/libpthread-2.31.so
7fa5be918000-7fa5be91c000 rw-p 00000000 00:00 0 
7fa5be91c000-7fa5be91d000 r--p 00000000 103:06 3673733                   /lib/x86_64-linux-gnu/libdl-2.31.so
7fa5be91d000-7fa5be91f000 r-xp 00001000 103:06 3673733                   /lib/x86_64-linux-gnu/libdl-2.31.so
7fa5be91f000-7fa5be920000 r--p 00003000 103:06 3673733                   /lib/x86_64-linux-gnu/libdl-2.31.so
7fa5be920000-7fa5be921000 r--p 00003000 103:06 3673733                   /lib/x86_64-linux-gnu/libdl-2.31.so
7fa5be921000-7fa5be922000 rw-p 00004000 103:06 3673733                   /lib/x86_64-linux-gnu/libdl-2.31.so
7fa5be922000-7fa5be924000 r--p 00000000 103:06 3672661                   /lib/x86_64-linux-gnu/libz.so.1.2.11
7fa5be924000-7fa5be935000 r-xp 00002000 103:06 3672661                   /lib/x86_64-linux-gnu/libz.so.1.2.11
7fa5be935000-7fa5be93b000 r--p 00013000 103:06 3672661                   /lib/x86_64-linux-gnu/libz.so.1.2.11
7fa5be93b000-7fa5be93c000 ---p 00019000 103:06 3672661                   /lib/x86_64-linux-gnu/libz.so.1.2.11
7fa5be93c000-7fa5be93d000 r--p 00019000 103:06 3672661                   /lib/x86_64-linux-gnu/libz.so.1.2.11
7fa5be93d000-7fa5be93e000 rw-p 0001a000 103:06 3672661                   /lib/x86_64-linux-gnu/libz.so.1.2.11
7fa5be93e000-7fa5be960000 r--p 00000000 103:06 3673731                   /lib/x86_64-linux-gnu/libc-2.31.so
7fa5be960000-7fa5bead8000 r-xp 00022000 103:06 3673731                   /lib/x86_64-linux-gnu/libc-2.31.so
7fa5bead8000-7fa5beb26000 r--p 0019a000 103:06 3673731                   /lib/x86_64-linux-gnu/libc-2.31.so
7fa5beb26000-7fa5beb2a000 r--p 001e7000 103:06 3673731                   /lib/x86_64-linux-gnu/libc-2.31.so
7fa5beb2a000-7fa5beb2c000 rw-p 001eb000 103:06 3673731                   /lib/x86_64-linux-gnu/libc-2.31.so
7fa5beb2c000-7fa5beb30000 rw-p 00000000 00:00 0 
7fa5beb31000-7fa5beb33000 r--p 00000000 103:06 2921645                   /usr/lib/jvm/java-11-openjdk-amd64/lib/libjimage.so
7fa5beb33000-7fa5beb36000 r-xp 00002000 103:06 2921645                   /usr/lib/jvm/java-11-openjdk-amd64/lib/libjimage.so
7fa5beb36000-7fa5beb37000 r--p 00005000 103:06 2921645                   /usr/lib/jvm/java-11-openjdk-amd64/lib/libjimage.so
7fa5beb37000-7fa5beb38000 ---p 00006000 103:06 2921645                   /usr/lib/jvm/java-11-openjdk-amd64/lib/libjimage.so
7fa5beb38000-7fa5beb39000 r--p 00006000 103:06 2921645                   /usr/lib/jvm/java-11-openjdk-amd64/lib/libjimage.so
7fa5beb39000-7fa5beb3a000 rw-p 00007000 103:06 2921645                   /usr/lib/jvm/java-11-openjdk-amd64/lib/libjimage.so
7fa5beb3a000-7fa5beb3f000 r--p 00000000 103:06 2921661                   /usr/lib/jvm/java-11-openjdk-amd64/lib/libverify.so
7fa5beb3f000-7fa5beb46000 r-xp 00005000 103:06 2921661                   /usr/lib/jvm/java-11-openjdk-amd64/lib/libverify.so
7fa5beb46000-7fa5beb48000 r--p 0000c000 103:06 2921661                   /usr/lib/jvm/java-11-openjdk-amd64/lib/libverify.so
7fa5beb48000-7fa5beb49000 ---p 0000e000 103:06 2921661                   /usr/lib/jvm/java-11-openjdk-amd64/lib/libverify.so
7fa5beb49000-7fa5beb4b000 r--p 0000e000 103:06 2921661                   /usr/lib/jvm/java-11-openjdk-amd64/lib/libverify.so
7fa5beb4b000-7fa5beb4c000 rw-p 00010000 103:06 2921661                   /usr/lib/jvm/java-11-openjdk-amd64/lib/libverify.so
7fa5beb4c000-7fa5beb4f000 r--p 00000000 103:06 3672252                   /usr/lib/jvm/java-11-openjdk-amd64/lib/jli/libjli.so
7fa5beb4f000-7fa5beb59000 r-xp 00003000 103:06 3672252                   /usr/lib/jvm/java-11-openjdk-amd64/lib/jli/libjli.so
7fa5beb59000-7fa5beb5c000 r--p 0000d000 103:06 3672252                   /usr/lib/jvm/java-11-openjdk-amd64/lib/jli/libjli.so
7fa5beb5c000-7fa5beb5d000 ---p 00010000 103:06 3672252                   /usr/lib/jvm/java-11-openjdk-amd64/lib/jli/libjli.so
7fa5beb5d000-7fa5beb5e000 r--p 00010000 103:06 3672252                   /usr/lib/jvm/java-11-openjdk-amd64/lib/jli/libjli.so
7fa5beb5e000-7fa5beb5f000 rw-p 00011000 103:06 3672252                   /usr/lib/jvm/java-11-openjdk-amd64/lib/jli/libjli.so
7fa5beb5f000-7fa5beb61000 rw-p 00000000 00:00 0 
7fa5beb61000-7fa5beb62000 r--p 00000000 103:06 3673723                   /lib/x86_64-linux-gnu/ld-2.31.so
7fa5beb62000-7fa5beb85000 r-xp 00001000 103:06 3673723                   /lib/x86_64-linux-gnu/ld-2.31.so
7fa5beb85000-7fa5beb8d000 r--p 00024000 103:06 3673723                   /lib/x86_64-linux-gnu/ld-2.31.so
7fa5beb8e000-7fa5beb8f000 r--p 0002c000 103:06 3673723                   /lib/x86_64-linux-gnu/ld-2.31.so
7fa5beb8f000-7fa5beb90000 rw-p 0002d000 103:06 3673723                   /lib/x86_64-linux-gnu/ld-2.31.so
7fa5beb90000-7fa5beb91000 rw-p 00000000 00:00 0 
7ffde3f38000-7ffde3f5a000 rw-p 00000000 00:00 0                          [stack]
7ffde3fa8000-7ffde3fab000 r--p 00000000 00:00 0                          [vvar]
7ffde3fab000-7ffde3fac000 r-xp 00000000 00:00 0                          [vdso]
ffffffffff600000-ffffffffff601000 --xp 00000000 00:00 0                  [vsyscall]


VM Arguments:
java_command: /home/artur/Desktop/3ano/TQS/tqs_98470/lab3/lab3_2/ex2/target/surefire/surefirebooter4732708678666641748.jar /home/artur/Desktop/3ano/TQS/tqs_98470/lab3/lab3_2/ex2/target/surefire 2022-04-04T02-32-53_488-jvmRun1 surefire9972002609790840513tmp surefire_05837189376128487582tmp
java_class_path (initial): /home/artur/Desktop/3ano/TQS/tqs_98470/lab3/lab3_2/ex2/target/surefire/surefirebooter4732708678666641748.jar
Launcher Type: SUN_STANDARD

[Global flags]
     intx CICompilerCount                          = 4                                         {product} {ergonomic}
     uint ConcGCThreads                            = 3                                         {product} {ergonomic}
     uint G1ConcRefinementThreads                  = 10                                        {product} {ergonomic}
   size_t G1HeapRegionSize                         = 1048576                                   {product} {ergonomic}
    uintx GCDrainStackTargetSize                   = 64                                        {product} {ergonomic}
   size_t InitialHeapSize                          = 260046848                                 {product} {ergonomic}
   size_t MarkStackSize                            = 4194304                                   {product} {ergonomic}
   size_t MaxHeapSize                              = 4156555264                                {product} {ergonomic}
   size_t MaxNewSize                               = 2493513728                                {product} {ergonomic}
   size_t MinHeapDeltaBytes                        = 1048576                                   {product} {ergonomic}
    uintx NonNMethodCodeHeapSize                   = 5836300                                {pd product} {ergonomic}
    uintx NonProfiledCodeHeapSize                  = 122910970                              {pd product} {ergonomic}
    uintx ProfiledCodeHeapSize                     = 122910970                              {pd product} {ergonomic}
    uintx ReservedCodeCacheSize                    = 251658240                              {pd product} {ergonomic}
     bool SegmentedCodeCache                       = true                                      {product} {ergonomic}
     bool UseCompressedClassPointers               = true                                 {lp64_product} {ergonomic}
     bool UseCompressedOops                        = true                                 {lp64_product} {ergonomic}
     bool UseG1GC                                  = true                                      {product} {ergonomic}

Logging:
Log output configuration:
 #0: stdout all=warning uptime,level,tags
 #1: stderr all=off uptime,level,tags

Environment Variables:
JAVA_HOME=/usr/lib/jvm/java-11-openjdk-amd64
CLASSPATH=.:/usr/local/lib/antlr-4.9.2-complete.jar:/usr/local/lib/ST-4.3.1.jar:
PATH=/home/artur/.local/bin:/home/artur/.nvm/versions/node/v14.17.0/bin:/home/artur/.local/bin:/usr/local/sbin:/usr/local/bin:/usr/sbin:/usr/bin:/sbin:/bin:/usr/games:/usr/local/games:/snap/bin:/usr/lib/jvm/java-16-oracle/bin:/usr/lib/jvm/java-16-oracle/db/bin:/usr/lib/jvm/java-16-oracle/bin:/usr/lib/jvm/java-16-oracle/db/bin:/opt/bin:.::/opt/bin:.:
USERNAME=artur
SHELL=/bin/bash
DISPLAY=:0
LANG=en_US.UTF-8
LC_CTYPE=pt_PT.UTF-8

Signal Handlers:
SIGSEGV: [libjvm.so+0xe94ce0], sa_mask[0]=11111111011111111101111111111110, sa_flags=SA_RESTART|SA_SIGINFO
SIGBUS: [libjvm.so+0xe94ce0], sa_mask[0]=11111111011111111101111111111110, sa_flags=SA_RESTART|SA_SIGINFO
SIGFPE: [libjvm.so+0xe94ce0], sa_mask[0]=11111111011111111101111111111110, sa_flags=SA_RESTART|SA_SIGINFO
SIGPIPE: [libjvm.so+0xbdc900], sa_mask[0]=11111111011111111101111111111110, sa_flags=SA_RESTART|SA_SIGINFO
SIGXFSZ: [libjvm.so+0xbdc900], sa_mask[0]=11111111011111111101111111111110, sa_flags=SA_RESTART|SA_SIGINFO
SIGILL: [libjvm.so+0xe94ce0], sa_mask[0]=11111111011111111101111111111110, sa_flags=SA_RESTART|SA_SIGINFO
SIGUSR2: [libjvm.so+0xbdc7a0], sa_mask[0]=00100000000000000000000000000000, sa_flags=SA_RESTART|SA_SIGINFO
SIGHUP: [libjvm.so+0xbdcc40], sa_mask[0]=11111111011111111101111111111110, sa_flags=SA_RESTART|SA_SIGINFO
SIGINT: [libjvm.so+0xbdcc40], sa_mask[0]=11111111011111111101111111111110, sa_flags=SA_RESTART|SA_SIGINFO
SIGTERM: [libjvm.so+0xbdcc40], sa_mask[0]=11111111011111111101111111111110, sa_flags=SA_RESTART|SA_SIGINFO
SIGQUIT: [libjvm.so+0xbdcc40], sa_mask[0]=11111111011111111101111111111110, sa_flags=SA_RESTART|SA_SIGINFO


---------------  S Y S T E M  ---------------

OS:DISTRIB_ID=Ubuntu
DISTRIB_RELEASE=20.04
DISTRIB_CODENAME=focal
DISTRIB_DESCRIPTION="Ubuntu 20.04.4 LTS"
uname:Linux 5.4.0-105-generic #119-Ubuntu SMP Mon Mar 7 18:49:24 UTC 2022 x86_64
OS uptime: 5 days 11:21 hours
libc:glibc 2.31 NPTL 2.31 
rlimit (soft/hard): STACK 8192k/infinity , CORE 0k/infinity , NPROC 63159/63159 , NOFILE 1048576/1048576 , AS infinity/infinity , CPU infinity/infinity , DATA infinity/infinity , FSIZE infinity/infinity , MEMLOCK 65536k/65536k
load average:4,95 3,50 2,57

/proc/meminfo:
MemTotal:       16231512 kB
MemFree:          166228 kB
MemAvailable:    5270200 kB
Buffers:          563520 kB
Cached:          5934616 kB
SwapCached:          608 kB
Active:         11936424 kB
Inactive:        2900116 kB
Active(anon):    8383444 kB
Inactive(anon):  1417508 kB
Active(file):    3552980 kB
Inactive(file):  1482608 kB
Unevictable:      266756 kB
Mlocked:             144 kB
SwapTotal:       2097148 kB
SwapFree:        2051420 kB
Dirty:              8308 kB
Writeback:             0 kB
AnonPages:       8604656 kB
Mapped:          1945916 kB
Shmem:           1467348 kB
KReclaimable:     410432 kB
Slab:             717520 kB
SReclaimable:     410432 kB
SUnreclaim:       307088 kB
KernelStack:       29920 kB
PageTables:        89292 kB
NFS_Unstable:          0 kB
Bounce:                0 kB
WritebackTmp:          0 kB
CommitLimit:    10212904 kB
Committed_AS:   26002332 kB
VmallocTotal:   34359738367 kB
VmallocUsed:       58612 kB
VmallocChunk:          0 kB
Percpu:            21952 kB
HardwareCorrupted:     0 kB
AnonHugePages:         0 kB
ShmemHugePages:        0 kB
ShmemPmdMapped:        0 kB
FileHugePages:         0 kB
FilePmdMapped:         0 kB
CmaTotal:              0 kB
CmaFree:               0 kB
HugePages_Total:       0
HugePages_Free:        0
HugePages_Rsvd:        0
HugePages_Surp:        0
Hugepagesize:       2048 kB
Hugetlb:               0 kB
DirectMap4k:      772900 kB
DirectMap2M:    14796800 kB
DirectMap1G:     1048576 kB

/sys/kernel/mm/transparent_hugepage/enabled:
always [madvise] never
/sys/kernel/mm/transparent_hugepage/defrag (defrag/compaction efforts parameter):
always defer defer+madvise [madvise] never

Process Memory:
Virtual Size: 7663616K (peak: 15579188K)
Resident Set Size: 338224K (peak: 338884K) (anon: 309288K, file: 28936K, shmem: 0K)
Swapped out: 0K
C-Heap outstanding allocations: 64291K

/proc/sys/kernel/threads-max (system-wide limit on the number of threads):
126319
/proc/sys/vm/max_map_count (maximum number of memory map areas a process may have):
1048575
/proc/sys/kernel/pid_max (system-wide limit on number of process identifiers):
4194304

container (cgroup) information:
container_type: cgroupv1
cpu_cpuset_cpus: 0-11
cpu_memory_nodes: 0
active_processor_count: 12
cpu_quota: -1
cpu_period: 100000
cpu_shares: -1
memory_limit_in_bytes: -1
memory_and_swap_limit_in_bytes: -2
memory_soft_limit_in_bytes: -1
memory_usage_in_bytes: 12814360576
memory_max_usage_in_bytes: 13492514816

Steal ticks since vm start: 0
Steal ticks percentage since vm start:  0,000

CPU:total 12 (initial active 12) (6 cores per cpu, 2 threads per core) family 6 model 158 stepping 13 microcode 0xea, cmov, cx8, fxsr, mmx, sse, sse2, sse3, ssse3, sse4.1, sse4.2, popcnt, avx, avx2, aes, clmul, erms, 3dnowpref, lzcnt, ht, tsc, tscinvbit, bmi1, bmi2, adx, fma
CPU Model and flags from /proc/cpuinfo:
model name	: Intel(R) Core(TM) i7-9750H CPU @ 2.60GHz
flags		: fpu vme de pse tsc msr pae mce cx8 apic sep mtrr pge mca cmov pat pse36 clflush dts acpi mmx fxsr sse sse2 ss ht tm pbe syscall nx pdpe1gb rdtscp lm constant_tsc art arch_perfmon pebs bts rep_good nopl xtopology nonstop_tsc cpuid aperfmperf pni pclmulqdq dtes64 monitor ds_cpl vmx est tm2 ssse3 sdbg fma cx16 xtpr pdcm pcid sse4_1 sse4_2 x2apic movbe popcnt tsc_deadline_timer aes xsave avx f16c rdrand lahf_lm abm 3dnowprefetch cpuid_fault epb invpcid_single ssbd ibrs ibpb stibp ibrs_enhanced tpr_shadow vnmi flexpriority ept vpid ept_ad fsgsbase tsc_adjust bmi1 avx2 smep bmi2 erms invpcid mpx rdseed adx smap clflushopt intel_pt xsaveopt xsavec xgetbv1 xsaves dtherm ida arat pln pts hwp hwp_notify hwp_act_window hwp_epp md_clear flush_l1d arch_capabilities
Online cpus:
0-11
Offline cpus:

BIOS frequency limitation:
<Not Available>
Frequency switch latency (ns):
0
Available cpu frequencies:
<Not Available>
Current governor:
powersave
Core performance/turbo boost:
<Not Available>

Memory: 4k page, physical 16231512k(165724k free), swap 2097148k(2051420k free)

vm_info: OpenJDK 64-Bit Server VM (11.0.14+9-Ubuntu-0ubuntu2.20.04) for linux-amd64 JRE (11.0.14+9-Ubuntu-0ubuntu2.20.04), built on Jan 25 2022 14:03:04 by "unknown" with gcc 9.3.0

END.
