#
# A fatal error has been detected by the Java Runtime Environment:
#
#  SIGSEGV (0xb) at pc=0x00007fbf59da6c5d, pid=373054, tid=373083
#
# JRE version: OpenJDK Runtime Environment (11.0.14+9) (build 11.0.14+9-Ubuntu-0ubuntu2.20.04)
# Java VM: OpenJDK 64-Bit Server VM (11.0.14+9-Ubuntu-0ubuntu2.20.04, mixed mode, sharing, tiered, compressed oops, g1 gc, linux-amd64)
# Problematic frame:
# V  [libjvm.so+0x791c5d]
#
# Core dump will be written. Default location: Core dumps may be processed with "/usr/share/apport/apport %p %s %c %d %P %E" (or dumping to /home/artur/Desktop/3ano/TQS/tqs_98470/lab3/lab3_2/ex2/core.373054)
#
# If you would like to submit a bug report, please visit:
#   https://bugs.launchpad.net/ubuntu/+source/openjdk-lts
#

---------------  S U M M A R Y ------------

Command Line: /home/artur/Desktop/3ano/TQS/tqs_98470/lab3/lab3_2/ex2/target/surefire/surefirebooter5180432428431975745.jar /home/artur/Desktop/3ano/TQS/tqs_98470/lab3/lab3_2/ex2/target/surefire 2022-04-04T02-31-33_942-jvmRun1 surefire6878303810177279413tmp surefire_011137003966804714257tmp

Host: Intel(R) Core(TM) i7-9750H CPU @ 2.60GHz, 12 cores, 15G, Ubuntu 20.04.4 LTS
Time: Mon Apr  4 02:31:36 2022 WEST elapsed time: 2.363234 seconds (0d 0h 0m 2s)

---------------  T H R E A D  ---------------

Current thread (0x00007fbf1c004000):  GCTaskThread "GC Thread#3" [stack: 0x00007fbf16b5c000,0x00007fbf16c5c000] [id=373083]

Stack: [0x00007fbf16b5c000,0x00007fbf16c5c000],  sp=0x00007fbf16c5a9b0,  free space=1018k
Native frames: (J=compiled Java code, A=aot compiled Java code, j=interpreted, Vv=VM code, C=native code)
V  [libjvm.so+0x791c5d]
V  [libjvm.so+0x78f62b]
V  [libjvm.so+0x5c143a]
V  [libjvm.so+0x78ec29]
V  [libjvm.so+0x5c3cf1]
V  [libjvm.so+0x7aeaab]
V  [libjvm.so+0x7af13b]
V  [libjvm.so+0x75687c]
V  [libjvm.so+0xec0bdd]
V  [libjvm.so+0xe27bf0]
V  [libjvm.so+0xbe63f6]


siginfo: si_signo: 11 (SIGSEGV), si_code: 1 (SEGV_MAPERR), si_addr: 0x0000000000000000

Register to memory mapping:

RAX=0x0 is NULL
RBX=0x0000000000000009 is an unknown value
RCX=0x0000000000000014 is an unknown value
RDX=0x0000000000007110 is an unknown value
RSP=0x00007fbf16c5a9b0 points into unknown readable memory: 0x00007fbf16c5a9d0 | d0 a9 c5 16 bf 7f 00 00
RBP=0x00007fbf16c5aa30 points into unknown readable memory: 0x00007fbf16c5aac0 | c0 aa c5 16 bf 7f 00 00
RSI=0x0000000000000007 is an unknown value
RDI=0x0000000800000000 is pointing into metadata
R8 =0x000000080036b8d0 is pointing into metadata
R9 =0x0000000000000001 is an unknown value
R10=0x0 is NULL
R11=0x0000000000000001 is an unknown value
R12=0x0000000711000d38 points into unknown readable memory: 0x0000000000000000 | 00 00 00 00 00 00 00 00
R13=0x00007fbed00021c0 points into unknown readable memory: 0x00007fbf5a784fd0 | d0 4f 78 5a bf 7f 00 00
R14=0x0000000000000009 is an unknown value
R15=0x0000000000000001 is an unknown value


Registers:
RAX=0x0000000000000000, RBX=0x0000000000000009, RCX=0x0000000000000014, RDX=0x0000000000007110
RSP=0x00007fbf16c5a9b0, RBP=0x00007fbf16c5aa30, RSI=0x0000000000000007, RDI=0x0000000800000000
R8 =0x000000080036b8d0, R9 =0x0000000000000001, R10=0x0000000000000000, R11=0x0000000000000001
R12=0x0000000711000d38, R13=0x00007fbed00021c0, R14=0x0000000000000009, R15=0x0000000000000001
RIP=0x00007fbf59da6c5d, EFLAGS=0x0000000000010246, CSGSFS=0x002b000000000033, ERR=0x0000000000000004
  TRAPNO=0x000000000000000e

Top of Stack: (sp=0x00007fbf16c5a9b0)
0x00007fbf16c5a9b0:   00007fbf16c5a9d0 00007ffc1b273918
0x00007fbf16c5a9c0:   00007fbf16c5aa00 00007fbf54edcf50
0x00007fbf16c5a9d0:   00000000fca38701 00007fbf5a9f2001
0x00007fbf16c5a9e0:   00007fbe00000000 0000000700000000 

Instructions: (pc=0x00007fbf59da6c5d)
0x00007fbf59da6b5d:   b6 30 40 84 f6 0f 84 98 03 00 00 48 8d 05 e1 6c
0x00007fbf59da6b6d:   ab 00 8b 78 08 4c 8b 00 41 8b 41 08 89 f9 48 d3
0x00007fbf59da6b7d:   e0 41 81 7c 00 08 00 00 00 c0 0f 8c 03 04 00 00
0x00007fbf59da6b8d:   49 8b 45 08 4c 89 ca 8b 88 c0 02 00 00 48 8b 80
0x00007fbf59da6b9d:   b0 02 00 00 48 d3 ea 48 8b 04 d0 49 89 85 90 01
0x00007fbf59da6bad:   00 00 41 8b 51 08 89 f9 48 d3 e2 4c 01 c2 48 63
0x00007fbf59da6bbd:   4a 0c 4c 89 4d b8 4c 89 ce 4c 89 f7 48 8d 05 30
0x00007fbf59da6bcd:   2e ae 00 ff 14 c8 4c 8b 4d b8 48 83 c4 58 5b 41
0x00007fbf59da6bdd:   5c 4c 89 c8 41 5d 41 5e 41 5f 5d c3 0f 1f 80 00
0x00007fbf59da6bed:   00 00 00 0f 84 9a 00 00 00 3c 01 48 8d 05 cd a8
0x00007fbf59da6bfd:   a9 00 48 19 c9 8b 10 83 e1 04 89 d8 4d 63 74 0c
0x00007fbf59da6c0d:   0c c1 f8 10 89 d9 8d 72 ff 0f b6 c0 f7 da 48 63
0x00007fbf59da6c1d:   f6 49 d3 e6 48 01 f0 49 01 c6 48 63 c2 49 21 c6
0x00007fbf59da6c2d:   49 c1 ee 03 44 89 f3 4d 63 f6 e9 24 fd ff ff 0f
0x00007fbf59da6c3d:   1f 40 00 48 8b 7a 08 e9 fd fc ff ff 0f 1f 80 00
0x00007fbf59da6c4d:   00 00 00 41 f6 c2 01 75 62 4c 89 d0 48 83 e0 fd
0x00007fbf59da6c5d:   4c 8b 00 49 c1 e8 03 44 89 c0 83 e0 0f 89 45 b8
0x00007fbf59da6c6d:   41 3b 85 6c 01 00 00 0f 83 1b fd ff ff 41 bb 01
0x00007fbf59da6c7d:   00 00 00 31 c9 b8 01 00 00 00 e9 35 fd ff ff 0f
0x00007fbf59da6c8d:   1f 40 00 48 8b 07 48 8d 15 06 44 dc ff 45 31 f6
0x00007fbf59da6c9d:   48 8b 80 10 01 00 00 48 39 d0 0f 84 b3 fc ff ff
0x00007fbf59da6cad:   e9 08 fe ff ff 66 0f 1f 44 00 00 4d 89 d0 49 c1
0x00007fbf59da6cbd:   e8 03 44 89 c0 83 e0 0f 89 45 b8 eb a3 44 0f b6
0x00007fbf59da6ccd:   45 ce 41 80 fb 01 0f 84 23 03 00 00 45 88 85 c8
0x00007fbf59da6cdd:   01 00 00 4c 89 e6 4c 89 ef 4c 89 d2 e8 92 fa ff
0x00007fbf59da6ced:   ff 48 83 c4 58 5b 41 5c 41 5d 41 5e 41 5f 5d c3
0x00007fbf59da6cfd:   0f 1f 00 48 8d 35 f1 b4 a9 00 41 0f b7 c8 48 3b
0x00007fbf59da6d0d:   0e 0f 8e 8c 00 00 00 45 0f b7 c0 41 8d 48 ff 44
0x00007fbf59da6d1d:   89 c6 f7 de 48 63 c9 4c 01 c9 48 63 f6 48 21 f1
0x00007fbf59da6d2d:   48 89 ce 48 89 4d a0 4c 29 ce 48 c1 ee 03 48 89
0x00007fbf59da6d3d:   75 a8 74 5f 48 8d 0d 88 a7 a9 00 8b 31 8d 4e 01
0x00007fbf59da6d4d:   f7 de 21 ce 48 63 ce 48 39 4d a8 0f 82 ce 03 00 


Stack slot to memory mapping:
stack at sp + 0 slots: 0x00007fbf16c5a9d0 points into unknown readable memory: 0x00000000fca38701 | 01 87 a3 fc 00 00 00 00
stack at sp + 1 slots: 0x00007ffc1b273918: clock_gettime+0x0000000000000038 in linux-vdso.so.1 at 0x00007ffc1b273000
stack at sp + 2 slots: 0x00007fbf16c5aa00 points into unknown readable memory: 0x000000000001e0da | da e0 01 00 00 00 00 00
stack at sp + 3 slots: 0x00007fbf54edcf50 points into unknown readable memory: 0x2f73726f00000020 | 20 00 00 00 6f 72 73 2f
stack at sp + 4 slots: 0x00000000fca38701 is an unknown value
stack at sp + 5 slots: 0x00007fbf5a9f2001: clock_getcpuclockid+0x0000000000000001 in /lib/x86_64-linux-gnu/libc.so.6 at 0x00007fbf5a915000
stack at sp + 6 slots: 0x00007fbe00000000 is an unknown value
stack at sp + 7 slots: 0x0000000700000000 is an unknown value


---------------  P R O C E S S  ---------------

Threads class SMR info:
_java_thread_list=0x00007fbecc1d0dd0, length=13, elements={
0x00007fbf54017800, 0x00007fbf5423e800, 0x00007fbf54240800, 0x00007fbf54247000,
0x00007fbf54249000, 0x00007fbf5424b000, 0x00007fbf5424d000, 0x00007fbf5424f000,
0x00007fbf5428a000, 0x00007fbf54315800, 0x00007fbf54394000, 0x00007fbeec015800,
0x00007fbf040df000
}

Java Threads: ( => current thread )
  0x00007fbf54017800 JavaThread "main" [_thread_blocked, id=373056, stack(0x00007fbf591c8000,0x00007fbf592c9000)]
  0x00007fbf5423e800 JavaThread "Reference Handler" daemon [_thread_blocked, id=373066, stack(0x00007fbf17eff000,0x00007fbf18000000)]
  0x00007fbf54240800 JavaThread "Finalizer" daemon [_thread_blocked, id=373067, stack(0x00007fbf17dfe000,0x00007fbf17eff000)]
  0x00007fbf54247000 JavaThread "Signal Dispatcher" daemon [_thread_blocked, id=373068, stack(0x00007fbf1778c000,0x00007fbf1788d000)]
  0x00007fbf54249000 JavaThread "Service Thread" daemon [_thread_blocked, id=373069, stack(0x00007fbf1768b000,0x00007fbf1778c000)]
  0x00007fbf5424b000 JavaThread "C2 CompilerThread0" daemon [_thread_blocked, id=373070, stack(0x00007fbf1758a000,0x00007fbf1768b000)]
  0x00007fbf5424d000 JavaThread "C1 CompilerThread0" daemon [_thread_blocked, id=373071, stack(0x00007fbf17489000,0x00007fbf1758a000)]
  0x00007fbf5424f000 JavaThread "Sweeper thread" daemon [_thread_blocked, id=373072, stack(0x00007fbf17388000,0x00007fbf17489000)]
  0x00007fbf5428a000 JavaThread "Common-Cleaner" daemon [_thread_blocked, id=373074, stack(0x00007fbf17185000,0x00007fbf17286000)]
  0x00007fbf54315800 JavaThread "surefire-forkedjvm-command-thread" daemon [_thread_in_native, id=373075, stack(0x00007fbf17084000,0x00007fbf17185000)]
  0x00007fbf54394000 JavaThread "surefire-forkedjvm-ping-30s" daemon [_thread_blocked, id=373076, stack(0x00007fbf16f83000,0x00007fbf17084000)]
  0x00007fbeec015800 JavaThread "process reaper" daemon [_thread_blocked, id=373079, stack(0x00007fbf16f61000,0x00007fbf16f83000)]
  0x00007fbf040df000 JavaThread "C2 CompilerThread1" daemon [_thread_blocked, id=373080, stack(0x00007fbf16e60000,0x00007fbf16f61000)]

Other Threads:
  0x00007fbf5423b800 VMThread "VM Thread" [stack: 0x00007fbf2c016000,0x00007fbf2c116000] [id=373065]
  0x00007fbf54288000 WatcherThread [stack: 0x00007fbf17288000,0x00007fbf17388000] [id=373073]
  0x00007fbf54030800 GCTaskThread "GC Thread#0" [stack: 0x00007fbf58e45000,0x00007fbf58f45000] [id=373057]
  0x00007fbf1c001000 GCTaskThread "GC Thread#1" [stack: 0x00007fbf16d60000,0x00007fbf16e60000] [id=373081]
  0x00007fbf1c002800 GCTaskThread "GC Thread#2" [stack: 0x00007fbf16c5e000,0x00007fbf16d5e000] [id=373082]
=>0x00007fbf1c004000 GCTaskThread "GC Thread#3" [stack: 0x00007fbf16b5c000,0x00007fbf16c5c000] [id=373083]
  0x00007fbf1c006000 GCTaskThread "GC Thread#4" [stack: 0x00007fbf16a5a000,0x00007fbf16b5a000] [id=373084]
  0x00007fbf1c007800 GCTaskThread "GC Thread#5" [stack: 0x00007fbf16958000,0x00007fbf16a58000] [id=373085]
  0x00007fbf5408e800 ConcurrentGCThread "G1 Main Marker" [stack: 0x00007fbf58239000,0x00007fbf58339000] [id=373059]
  0x00007fbf54090000 ConcurrentGCThread "G1 Conc#0" [stack: 0x00007fbf58137000,0x00007fbf58237000] [id=373060]
  0x00007fbf28001000 ConcurrentGCThread "G1 Conc#1" [stack: 0x00007fbf15a1c000,0x00007fbf15b1c000] [id=373096]
  0x00007fbf28002000 ConcurrentGCThread "G1 Conc#2" [stack: 0x00007fbf1591a000,0x00007fbf15a1a000] [id=373097]
  0x00007fbf54196800 ConcurrentGCThread "G1 Refine#0" [stack: 0x00007fbf2ca9b000,0x00007fbf2cb9b000] [id=373063]
  0x00007fbf54198800 ConcurrentGCThread "G1 Young RemSet Sampling" [stack: 0x00007fbf2c999000,0x00007fbf2ca99000] [id=373064]

Threads with active compile tasks:
C2 CompilerThread0   2366 3282   !   4       java.net.URL::<init> (543 bytes)

VM state:at safepoint (normal execution)

VM Mutex/Monitor currently owned by a thread:  ([mutex/lock_event])
[0x00007fbf540135d0] Threads_lock - owner thread: 0x00007fbf5423b800
[0x00007fbf54013db0] Heap_lock - owner thread: 0x00007fbf54017800

Heap address: 0x0000000708400000, size: 3964 MB, Compressed Oops mode: Zero based, Oop shift amount: 3
Narrow klass base: 0x0000000800000000, Narrow klass shift: 3
Compressed class space size: 1073741824 Address: 0x0000000840000000

Heap:
 garbage-first heap   total 256000K, used 112197K [0x0000000708400000, 0x0000000800000000)
  region size 1024K, 105 young (107520K), 7 survivors (7168K)
 Metaspace       used 34466K, capacity 35669K, committed 35888K, reserved 1081344K
  class space    used 4488K, capacity 4971K, committed 4992K, reserved 1048576K
Heap Regions: E=young(eden), S=young(survivor), O=old, HS=humongous(starts), HC=humongous(continues), CS=collection set, F=free, A=archive, TAMS=top-at-mark-start (previous, next)
|   0|0x0000000708400000, 0x0000000708500000, 0x0000000708500000|100%|HS|  |TAMS 0x0000000708500000, 0x0000000708500000| Complete 
|   1|0x0000000708500000, 0x0000000708600000, 0x0000000708600000|100%| O|  |TAMS 0x0000000708600000, 0x0000000708600000| Untracked 
|   2|0x0000000708600000, 0x0000000708700000, 0x0000000708700000|100%| O|  |TAMS 0x0000000708700000, 0x0000000708700000| Untracked 
|   3|0x0000000708700000, 0x0000000708765e00, 0x0000000708800000| 39%| O|  |TAMS 0x0000000708765e00, 0x0000000708800000| Untracked 
|   4|0x0000000708800000, 0x0000000708800000, 0x0000000708900000|  0%| F|  |TAMS 0x0000000708800000, 0x0000000708800000| Untracked 
|   5|0x0000000708900000, 0x0000000708900000, 0x0000000708a00000|  0%| F|  |TAMS 0x0000000708900000, 0x0000000708900000| Untracked 
|   6|0x0000000708a00000, 0x0000000708a00000, 0x0000000708b00000|  0%| F|  |TAMS 0x0000000708a00000, 0x0000000708a00000| Untracked 
|   7|0x0000000708b00000, 0x0000000708b00000, 0x0000000708c00000|  0%| F|  |TAMS 0x0000000708b00000, 0x0000000708b00000| Untracked 
|   8|0x0000000708c00000, 0x0000000708c00000, 0x0000000708d00000|  0%| F|  |TAMS 0x0000000708c00000, 0x0000000708c00000| Untracked 
|   9|0x0000000708d00000, 0x0000000708d00000, 0x0000000708e00000|  0%| F|  |TAMS 0x0000000708d00000, 0x0000000708d00000| Untracked 
|  10|0x0000000708e00000, 0x0000000708e00000, 0x0000000708f00000|  0%| F|  |TAMS 0x0000000708e00000, 0x0000000708e00000| Untracked 
|  11|0x0000000708f00000, 0x0000000708f00000, 0x0000000709000000|  0%| F|  |TAMS 0x0000000708f00000, 0x0000000708f00000| Untracked 
|  12|0x0000000709000000, 0x0000000709000000, 0x0000000709100000|  0%| F|  |TAMS 0x0000000709000000, 0x0000000709000000| Untracked 
|  13|0x0000000709100000, 0x0000000709100000, 0x0000000709200000|  0%| F|  |TAMS 0x0000000709100000, 0x0000000709100000| Untracked 
|  14|0x0000000709200000, 0x0000000709200000, 0x0000000709300000|  0%| F|  |TAMS 0x0000000709200000, 0x0000000709200000| Untracked 
|  15|0x0000000709300000, 0x0000000709300000, 0x0000000709400000|  0%| F|  |TAMS 0x0000000709300000, 0x0000000709300000| Untracked 
|  16|0x0000000709400000, 0x0000000709400000, 0x0000000709500000|  0%| F|  |TAMS 0x0000000709400000, 0x0000000709400000| Untracked 
|  17|0x0000000709500000, 0x0000000709500000, 0x0000000709600000|  0%| F|  |TAMS 0x0000000709500000, 0x0000000709500000| Untracked 
|  18|0x0000000709600000, 0x0000000709600000, 0x0000000709700000|  0%| F|  |TAMS 0x0000000709600000, 0x0000000709600000| Untracked 
|  19|0x0000000709700000, 0x0000000709700000, 0x0000000709800000|  0%| F|  |TAMS 0x0000000709700000, 0x0000000709700000| Untracked 
|  20|0x0000000709800000, 0x0000000709800000, 0x0000000709900000|  0%| F|  |TAMS 0x0000000709800000, 0x0000000709800000| Untracked 
|  21|0x0000000709900000, 0x0000000709900000, 0x0000000709a00000|  0%| F|  |TAMS 0x0000000709900000, 0x0000000709900000| Untracked 
|  22|0x0000000709a00000, 0x0000000709a00000, 0x0000000709b00000|  0%| F|  |TAMS 0x0000000709a00000, 0x0000000709a00000| Untracked 
|  23|0x0000000709b00000, 0x0000000709b00000, 0x0000000709c00000|  0%| F|  |TAMS 0x0000000709b00000, 0x0000000709b00000| Untracked 
|  24|0x0000000709c00000, 0x0000000709c00000, 0x0000000709d00000|  0%| F|  |TAMS 0x0000000709c00000, 0x0000000709c00000| Untracked 
|  25|0x0000000709d00000, 0x0000000709d00000, 0x0000000709e00000|  0%| F|  |TAMS 0x0000000709d00000, 0x0000000709d00000| Untracked 
|  26|0x0000000709e00000, 0x0000000709e00000, 0x0000000709f00000|  0%| F|  |TAMS 0x0000000709e00000, 0x0000000709e00000| Untracked 
|  27|0x0000000709f00000, 0x0000000709f00000, 0x000000070a000000|  0%| F|  |TAMS 0x0000000709f00000, 0x0000000709f00000| Untracked 
|  28|0x000000070a000000, 0x000000070a000000, 0x000000070a100000|  0%| F|  |TAMS 0x000000070a000000, 0x000000070a000000| Untracked 
|  29|0x000000070a100000, 0x000000070a100000, 0x000000070a200000|  0%| F|  |TAMS 0x000000070a100000, 0x000000070a100000| Untracked 
|  30|0x000000070a200000, 0x000000070a200000, 0x000000070a300000|  0%| F|  |TAMS 0x000000070a200000, 0x000000070a200000| Untracked 
|  31|0x000000070a300000, 0x000000070a300000, 0x000000070a400000|  0%| F|  |TAMS 0x000000070a300000, 0x000000070a300000| Untracked 
|  32|0x000000070a400000, 0x000000070a400000, 0x000000070a500000|  0%| F|  |TAMS 0x000000070a400000, 0x000000070a400000| Untracked 
|  33|0x000000070a500000, 0x000000070a500000, 0x000000070a600000|  0%| F|  |TAMS 0x000000070a500000, 0x000000070a500000| Untracked 
|  34|0x000000070a600000, 0x000000070a600000, 0x000000070a700000|  0%| F|  |TAMS 0x000000070a600000, 0x000000070a600000| Untracked 
|  35|0x000000070a700000, 0x000000070a700000, 0x000000070a800000|  0%| F|  |TAMS 0x000000070a700000, 0x000000070a700000| Untracked 
|  36|0x000000070a800000, 0x000000070a800000, 0x000000070a900000|  0%| F|  |TAMS 0x000000070a800000, 0x000000070a800000| Untracked 
|  37|0x000000070a900000, 0x000000070a900000, 0x000000070aa00000|  0%| F|  |TAMS 0x000000070a900000, 0x000000070a900000| Untracked 
|  38|0x000000070aa00000, 0x000000070aa00000, 0x000000070ab00000|  0%| F|  |TAMS 0x000000070aa00000, 0x000000070aa00000| Untracked 
|  39|0x000000070ab00000, 0x000000070ab00000, 0x000000070ac00000|  0%| F|  |TAMS 0x000000070ab00000, 0x000000070ab00000| Untracked 
|  40|0x000000070ac00000, 0x000000070ac00000, 0x000000070ad00000|  0%| F|  |TAMS 0x000000070ac00000, 0x000000070ac00000| Untracked 
|  41|0x000000070ad00000, 0x000000070ad00000, 0x000000070ae00000|  0%| F|  |TAMS 0x000000070ad00000, 0x000000070ad00000| Untracked 
|  42|0x000000070ae00000, 0x000000070ae00000, 0x000000070af00000|  0%| F|  |TAMS 0x000000070ae00000, 0x000000070ae00000| Untracked 
|  43|0x000000070af00000, 0x000000070af00000, 0x000000070b000000|  0%| F|  |TAMS 0x000000070af00000, 0x000000070af00000| Untracked 
|  44|0x000000070b000000, 0x000000070b000000, 0x000000070b100000|  0%| F|  |TAMS 0x000000070b000000, 0x000000070b000000| Untracked 
|  45|0x000000070b100000, 0x000000070b100000, 0x000000070b200000|  0%| F|  |TAMS 0x000000070b100000, 0x000000070b100000| Untracked 
|  46|0x000000070b200000, 0x000000070b200000, 0x000000070b300000|  0%| F|  |TAMS 0x000000070b200000, 0x000000070b200000| Untracked 
|  47|0x000000070b300000, 0x000000070b300000, 0x000000070b400000|  0%| F|  |TAMS 0x000000070b300000, 0x000000070b300000| Untracked 
|  48|0x000000070b400000, 0x000000070b400000, 0x000000070b500000|  0%| F|  |TAMS 0x000000070b400000, 0x000000070b400000| Untracked 
|  49|0x000000070b500000, 0x000000070b500000, 0x000000070b600000|  0%| F|  |TAMS 0x000000070b500000, 0x000000070b500000| Untracked 
|  50|0x000000070b600000, 0x000000070b600000, 0x000000070b700000|  0%| F|  |TAMS 0x000000070b600000, 0x000000070b600000| Untracked 
|  51|0x000000070b700000, 0x000000070b700000, 0x000000070b800000|  0%| F|  |TAMS 0x000000070b700000, 0x000000070b700000| Untracked 
|  52|0x000000070b800000, 0x000000070b800000, 0x000000070b900000|  0%| F|  |TAMS 0x000000070b800000, 0x000000070b800000| Untracked 
|  53|0x000000070b900000, 0x000000070b900000, 0x000000070ba00000|  0%| F|  |TAMS 0x000000070b900000, 0x000000070b900000| Untracked 
|  54|0x000000070ba00000, 0x000000070ba00000, 0x000000070bb00000|  0%| F|  |TAMS 0x000000070ba00000, 0x000000070ba00000| Untracked 
|  55|0x000000070bb00000, 0x000000070bb00000, 0x000000070bc00000|  0%| F|  |TAMS 0x000000070bb00000, 0x000000070bb00000| Untracked 
|  56|0x000000070bc00000, 0x000000070bc00000, 0x000000070bd00000|  0%| F|  |TAMS 0x000000070bc00000, 0x000000070bc00000| Untracked 
|  57|0x000000070bd00000, 0x000000070bd00000, 0x000000070be00000|  0%| F|  |TAMS 0x000000070bd00000, 0x000000070bd00000| Untracked 
|  58|0x000000070be00000, 0x000000070be00000, 0x000000070bf00000|  0%| F|  |TAMS 0x000000070be00000, 0x000000070be00000| Untracked 
|  59|0x000000070bf00000, 0x000000070bf00000, 0x000000070c000000|  0%| F|  |TAMS 0x000000070bf00000, 0x000000070bf00000| Untracked 
|  60|0x000000070c000000, 0x000000070c000000, 0x000000070c100000|  0%| F|  |TAMS 0x000000070c000000, 0x000000070c000000| Untracked 
|  61|0x000000070c100000, 0x000000070c100000, 0x000000070c200000|  0%| F|  |TAMS 0x000000070c100000, 0x000000070c100000| Untracked 
|  62|0x000000070c200000, 0x000000070c200000, 0x000000070c300000|  0%| F|  |TAMS 0x000000070c200000, 0x000000070c200000| Untracked 
|  63|0x000000070c300000, 0x000000070c300000, 0x000000070c400000|  0%| F|  |TAMS 0x000000070c300000, 0x000000070c300000| Untracked 
|  64|0x000000070c400000, 0x000000070c400000, 0x000000070c500000|  0%| F|  |TAMS 0x000000070c400000, 0x000000070c400000| Untracked 
|  65|0x000000070c500000, 0x000000070c500000, 0x000000070c600000|  0%| F|  |TAMS 0x000000070c500000, 0x000000070c500000| Untracked 
|  66|0x000000070c600000, 0x000000070c600000, 0x000000070c700000|  0%| F|  |TAMS 0x000000070c600000, 0x000000070c600000| Untracked 
|  67|0x000000070c700000, 0x000000070c700000, 0x000000070c800000|  0%| F|  |TAMS 0x000000070c700000, 0x000000070c700000| Untracked 
|  68|0x000000070c800000, 0x000000070c800000, 0x000000070c900000|  0%| F|  |TAMS 0x000000070c800000, 0x000000070c800000| Untracked 
|  69|0x000000070c900000, 0x000000070c900000, 0x000000070ca00000|  0%| F|  |TAMS 0x000000070c900000, 0x000000070c900000| Untracked 
|  70|0x000000070ca00000, 0x000000070ca00000, 0x000000070cb00000|  0%| F|  |TAMS 0x000000070ca00000, 0x000000070ca00000| Untracked 
|  71|0x000000070cb00000, 0x000000070cb00000, 0x000000070cc00000|  0%| F|  |TAMS 0x000000070cb00000, 0x000000070cb00000| Untracked 
|  72|0x000000070cc00000, 0x000000070cc00000, 0x000000070cd00000|  0%| F|  |TAMS 0x000000070cc00000, 0x000000070cc00000| Untracked 
|  73|0x000000070cd00000, 0x000000070cd00000, 0x000000070ce00000|  0%| F|  |TAMS 0x000000070cd00000, 0x000000070cd00000| Untracked 
|  74|0x000000070ce00000, 0x000000070ce00000, 0x000000070cf00000|  0%| F|  |TAMS 0x000000070ce00000, 0x000000070ce00000| Untracked 
|  75|0x000000070cf00000, 0x000000070cf00000, 0x000000070d000000|  0%| F|  |TAMS 0x000000070cf00000, 0x000000070cf00000| Untracked 
|  76|0x000000070d000000, 0x000000070d000000, 0x000000070d100000|  0%| F|  |TAMS 0x000000070d000000, 0x000000070d000000| Untracked 
|  77|0x000000070d100000, 0x000000070d100000, 0x000000070d200000|  0%| F|  |TAMS 0x000000070d100000, 0x000000070d100000| Untracked 
|  78|0x000000070d200000, 0x000000070d200000, 0x000000070d300000|  0%| F|  |TAMS 0x000000070d200000, 0x000000070d200000| Untracked 
|  79|0x000000070d300000, 0x000000070d300000, 0x000000070d400000|  0%| F|  |TAMS 0x000000070d300000, 0x000000070d300000| Untracked 
|  80|0x000000070d400000, 0x000000070d400000, 0x000000070d500000|  0%| F|  |TAMS 0x000000070d400000, 0x000000070d400000| Untracked 
|  81|0x000000070d500000, 0x000000070d500000, 0x000000070d600000|  0%| F|  |TAMS 0x000000070d500000, 0x000000070d500000| Untracked 
|  82|0x000000070d600000, 0x000000070d600000, 0x000000070d700000|  0%| F|  |TAMS 0x000000070d600000, 0x000000070d600000| Untracked 
|  83|0x000000070d700000, 0x000000070d700000, 0x000000070d800000|  0%| F|  |TAMS 0x000000070d700000, 0x000000070d700000| Untracked 
|  84|0x000000070d800000, 0x000000070d800000, 0x000000070d900000|  0%| F|  |TAMS 0x000000070d800000, 0x000000070d800000| Untracked 
|  85|0x000000070d900000, 0x000000070d900000, 0x000000070da00000|  0%| F|  |TAMS 0x000000070d900000, 0x000000070d900000| Untracked 
|  86|0x000000070da00000, 0x000000070da00000, 0x000000070db00000|  0%| F|  |TAMS 0x000000070da00000, 0x000000070da00000| Untracked 
|  87|0x000000070db00000, 0x000000070db00000, 0x000000070dc00000|  0%| F|  |TAMS 0x000000070db00000, 0x000000070db00000| Untracked 
|  88|0x000000070dc00000, 0x000000070dc00000, 0x000000070dd00000|  0%| F|  |TAMS 0x000000070dc00000, 0x000000070dc00000| Untracked 
|  89|0x000000070dd00000, 0x000000070dd00000, 0x000000070de00000|  0%| F|  |TAMS 0x000000070dd00000, 0x000000070dd00000| Untracked 
|  90|0x000000070de00000, 0x000000070de00000, 0x000000070df00000|  0%| F|  |TAMS 0x000000070de00000, 0x000000070de00000| Untracked 
|  91|0x000000070df00000, 0x000000070df00000, 0x000000070e000000|  0%| F|  |TAMS 0x000000070df00000, 0x000000070df00000| Untracked 
|  92|0x000000070e000000, 0x000000070e000000, 0x000000070e100000|  0%| F|  |TAMS 0x000000070e000000, 0x000000070e000000| Untracked 
|  93|0x000000070e100000, 0x000000070e100000, 0x000000070e200000|  0%| F|  |TAMS 0x000000070e100000, 0x000000070e100000| Untracked 
|  94|0x000000070e200000, 0x000000070e200000, 0x000000070e300000|  0%| F|  |TAMS 0x000000070e200000, 0x000000070e200000| Untracked 
|  95|0x000000070e300000, 0x000000070e300000, 0x000000070e400000|  0%| F|  |TAMS 0x000000070e300000, 0x000000070e300000| Untracked 
|  96|0x000000070e400000, 0x000000070e400000, 0x000000070e500000|  0%| F|  |TAMS 0x000000070e400000, 0x000000070e400000| Untracked 
|  97|0x000000070e500000, 0x000000070e500000, 0x000000070e600000|  0%| F|  |TAMS 0x000000070e500000, 0x000000070e500000| Untracked 
|  98|0x000000070e600000, 0x000000070e600000, 0x000000070e700000|  0%| F|  |TAMS 0x000000070e600000, 0x000000070e600000| Untracked 
|  99|0x000000070e700000, 0x000000070e700000, 0x000000070e800000|  0%| F|  |TAMS 0x000000070e700000, 0x000000070e700000| Untracked 
| 100|0x000000070e800000, 0x000000070e800000, 0x000000070e900000|  0%| F|  |TAMS 0x000000070e800000, 0x000000070e800000| Untracked 
| 101|0x000000070e900000, 0x000000070e900000, 0x000000070ea00000|  0%| F|  |TAMS 0x000000070e900000, 0x000000070e900000| Untracked 
| 102|0x000000070ea00000, 0x000000070ea00000, 0x000000070eb00000|  0%| F|  |TAMS 0x000000070ea00000, 0x000000070ea00000| Untracked 
| 103|0x000000070eb00000, 0x000000070eb00000, 0x000000070ec00000|  0%| F|  |TAMS 0x000000070eb00000, 0x000000070eb00000| Untracked 
| 104|0x000000070ec00000, 0x000000070ec00000, 0x000000070ed00000|  0%| F|  |TAMS 0x000000070ec00000, 0x000000070ec00000| Untracked 
| 105|0x000000070ed00000, 0x000000070ed00000, 0x000000070ee00000|  0%| F|  |TAMS 0x000000070ed00000, 0x000000070ed00000| Untracked 
| 106|0x000000070ee00000, 0x000000070ee00000, 0x000000070ef00000|  0%| F|  |TAMS 0x000000070ee00000, 0x000000070ee00000| Untracked 
| 107|0x000000070ef00000, 0x000000070ef00000, 0x000000070f000000|  0%| F|  |TAMS 0x000000070ef00000, 0x000000070ef00000| Untracked 
| 108|0x000000070f000000, 0x000000070f000000, 0x000000070f100000|  0%| F|  |TAMS 0x000000070f000000, 0x000000070f000000| Untracked 
| 109|0x000000070f100000, 0x000000070f100000, 0x000000070f200000|  0%| F|  |TAMS 0x000000070f100000, 0x000000070f100000| Untracked 
| 110|0x000000070f200000, 0x000000070f200000, 0x000000070f300000|  0%| F|  |TAMS 0x000000070f200000, 0x000000070f200000| Untracked 
| 111|0x000000070f300000, 0x000000070f300000, 0x000000070f400000|  0%| F|  |TAMS 0x000000070f300000, 0x000000070f300000| Untracked 
| 112|0x000000070f400000, 0x000000070f400000, 0x000000070f500000|  0%| F|  |TAMS 0x000000070f400000, 0x000000070f400000| Untracked 
| 113|0x000000070f500000, 0x000000070f500000, 0x000000070f600000|  0%| F|  |TAMS 0x000000070f500000, 0x000000070f500000| Untracked 
| 114|0x000000070f600000, 0x000000070f600000, 0x000000070f700000|  0%| F|  |TAMS 0x000000070f600000, 0x000000070f600000| Untracked 
| 115|0x000000070f700000, 0x000000070f700000, 0x000000070f800000|  0%| F|  |TAMS 0x000000070f700000, 0x000000070f700000| Untracked 
| 116|0x000000070f800000, 0x000000070f800000, 0x000000070f900000|  0%| F|  |TAMS 0x000000070f800000, 0x000000070f800000| Untracked 
| 117|0x000000070f900000, 0x000000070f900000, 0x000000070fa00000|  0%| F|  |TAMS 0x000000070f900000, 0x000000070f900000| Untracked 
| 118|0x000000070fa00000, 0x000000070fa00000, 0x000000070fb00000|  0%| F|  |TAMS 0x000000070fa00000, 0x000000070fa00000| Untracked 
| 119|0x000000070fb00000, 0x000000070fb00000, 0x000000070fc00000|  0%| F|  |TAMS 0x000000070fb00000, 0x000000070fb00000| Untracked 
| 120|0x000000070fc00000, 0x000000070fc00000, 0x000000070fd00000|  0%| F|  |TAMS 0x000000070fc00000, 0x000000070fc00000| Untracked 
| 121|0x000000070fd00000, 0x000000070fd00000, 0x000000070fe00000|  0%| F|  |TAMS 0x000000070fd00000, 0x000000070fd00000| Untracked 
| 122|0x000000070fe00000, 0x000000070fe00000, 0x000000070ff00000|  0%| F|  |TAMS 0x000000070fe00000, 0x000000070fe00000| Untracked 
| 123|0x000000070ff00000, 0x000000070ff00000, 0x0000000710000000|  0%| F|  |TAMS 0x000000070ff00000, 0x000000070ff00000| Untracked 
| 124|0x0000000710000000, 0x0000000710000000, 0x0000000710100000|  0%| F|  |TAMS 0x0000000710000000, 0x0000000710000000| Untracked 
| 125|0x0000000710100000, 0x0000000710100000, 0x0000000710200000|  0%| F|  |TAMS 0x0000000710100000, 0x0000000710100000| Untracked 
| 126|0x0000000710200000, 0x0000000710200000, 0x0000000710300000|  0%| F|  |TAMS 0x0000000710200000, 0x0000000710200000| Untracked 
| 127|0x0000000710300000, 0x0000000710300000, 0x0000000710400000|  0%| F|  |TAMS 0x0000000710300000, 0x0000000710300000| Untracked 
| 128|0x0000000710400000, 0x0000000710400000, 0x0000000710500000|  0%| F|  |TAMS 0x0000000710400000, 0x0000000710400000| Untracked 
| 129|0x0000000710500000, 0x0000000710500000, 0x0000000710600000|  0%| F|  |TAMS 0x0000000710500000, 0x0000000710500000| Untracked 
| 130|0x0000000710600000, 0x0000000710600000, 0x0000000710700000|  0%| F|  |TAMS 0x0000000710600000, 0x0000000710600000| Untracked 
| 131|0x0000000710700000, 0x0000000710700000, 0x0000000710800000|  0%| F|  |TAMS 0x0000000710700000, 0x0000000710700000| Untracked 
| 132|0x0000000710800000, 0x0000000710800000, 0x0000000710900000|  0%| F|  |TAMS 0x0000000710800000, 0x0000000710800000| Untracked 
| 133|0x0000000710900000, 0x0000000710979900, 0x0000000710a00000| 47%| E|CS|TAMS 0x0000000710900000, 0x0000000710979900| Complete 
| 134|0x0000000710a00000, 0x0000000710b00000, 0x0000000710b00000|100%| E|CS|TAMS 0x0000000710a00000, 0x0000000710b00000| Complete 
| 135|0x0000000710b00000, 0x0000000710c00000, 0x0000000710c00000|100%| E|CS|TAMS 0x0000000710b00000, 0x0000000710c00000| Complete 
| 136|0x0000000710c00000, 0x0000000710d00000, 0x0000000710d00000|100%| E|CS|TAMS 0x0000000710c00000, 0x0000000710d00000| Complete 
| 137|0x0000000710d00000, 0x0000000710e00000, 0x0000000710e00000|100%| E|CS|TAMS 0x0000000710d00000, 0x0000000710e00000| Complete 
| 138|0x0000000710e00000, 0x0000000710f00000, 0x0000000710f00000|100%| E|CS|TAMS 0x0000000710e00000, 0x0000000710f00000| Complete 
| 139|0x0000000710f00000, 0x0000000711000000, 0x0000000711000000|100%| E|CS|TAMS 0x0000000710f00000, 0x0000000711000000| Complete 
| 140|0x0000000711000000, 0x0000000711100000, 0x0000000711100000|100%| E|CS|TAMS 0x0000000711000000, 0x0000000711100000| Complete 
| 141|0x0000000711100000, 0x0000000711100000, 0x0000000711200000|  0%| F|  |TAMS 0x0000000711100000, 0x0000000711100000| Untracked 
| 142|0x0000000711200000, 0x0000000711200000, 0x0000000711300000|  0%| F|  |TAMS 0x0000000711200000, 0x0000000711200000| Untracked 
| 143|0x0000000711300000, 0x0000000711348a60, 0x0000000711400000| 28%| S|  |TAMS 0x0000000711300000, 0x0000000711300000| Complete 
| 144|0x0000000711400000, 0x0000000711500000, 0x0000000711500000|100%| S|  |TAMS 0x0000000711400000, 0x0000000711400000| Complete 
| 145|0x0000000711500000, 0x0000000711600000, 0x0000000711600000|100%| S|  |TAMS 0x0000000711500000, 0x0000000711500000| Complete 
| 146|0x0000000711600000, 0x0000000711700000, 0x0000000711700000|100%| S|  |TAMS 0x0000000711600000, 0x0000000711600000| Complete 
| 147|0x0000000711700000, 0x0000000711800000, 0x0000000711800000|100%| S|  |TAMS 0x0000000711700000, 0x0000000711700000| Complete 
| 148|0x0000000711800000, 0x0000000711900000, 0x0000000711900000|100%| S|  |TAMS 0x0000000711800000, 0x0000000711800000| Complete 
| 149|0x0000000711900000, 0x0000000711a00000, 0x0000000711a00000|100%| S|  |TAMS 0x0000000711900000, 0x0000000711900000| Complete 
| 150|0x0000000711a00000, 0x0000000711b00000, 0x0000000711b00000|100%| E|CS|TAMS 0x0000000711a00000, 0x0000000711b00000| Complete 
| 151|0x0000000711b00000, 0x0000000711c00000, 0x0000000711c00000|100%| E|CS|TAMS 0x0000000711b00000, 0x0000000711c00000| Complete 
| 152|0x0000000711c00000, 0x0000000711d00000, 0x0000000711d00000|100%| E|CS|TAMS 0x0000000711c00000, 0x0000000711d00000| Complete 
| 153|0x0000000711d00000, 0x0000000711e00000, 0x0000000711e00000|100%| E|CS|TAMS 0x0000000711d00000, 0x0000000711e00000| Complete 
| 154|0x0000000711e00000, 0x0000000711f00000, 0x0000000711f00000|100%| E|CS|TAMS 0x0000000711e00000, 0x0000000711f00000| Complete 
| 155|0x0000000711f00000, 0x0000000712000000, 0x0000000712000000|100%| E|CS|TAMS 0x0000000711f00000, 0x0000000712000000| Complete 
| 156|0x0000000712000000, 0x0000000712100000, 0x0000000712100000|100%| E|CS|TAMS 0x0000000712000000, 0x0000000712100000| Complete 
| 157|0x0000000712100000, 0x0000000712200000, 0x0000000712200000|100%| E|CS|TAMS 0x0000000712100000, 0x0000000712200000| Complete 
| 158|0x0000000712200000, 0x0000000712300000, 0x0000000712300000|100%| E|CS|TAMS 0x0000000712200000, 0x0000000712300000| Complete 
| 159|0x0000000712300000, 0x0000000712400000, 0x0000000712400000|100%| E|CS|TAMS 0x0000000712300000, 0x0000000712400000| Complete 
| 160|0x0000000712400000, 0x0000000712500000, 0x0000000712500000|100%| E|CS|TAMS 0x0000000712400000, 0x0000000712500000| Complete 
| 161|0x0000000712500000, 0x0000000712600000, 0x0000000712600000|100%| E|CS|TAMS 0x0000000712500000, 0x0000000712600000| Complete 
| 162|0x0000000712600000, 0x0000000712700000, 0x0000000712700000|100%| E|CS|TAMS 0x0000000712600000, 0x0000000712700000| Complete 
| 163|0x0000000712700000, 0x0000000712800000, 0x0000000712800000|100%| E|CS|TAMS 0x0000000712700000, 0x0000000712800000| Complete 
| 164|0x0000000712800000, 0x0000000712900000, 0x0000000712900000|100%| E|CS|TAMS 0x0000000712800000, 0x0000000712900000| Complete 
| 165|0x0000000712900000, 0x0000000712a00000, 0x0000000712a00000|100%| E|CS|TAMS 0x0000000712900000, 0x0000000712a00000| Complete 
| 166|0x0000000712a00000, 0x0000000712b00000, 0x0000000712b00000|100%| E|CS|TAMS 0x0000000712a00000, 0x0000000712b00000| Complete 
| 167|0x0000000712b00000, 0x0000000712c00000, 0x0000000712c00000|100%| E|CS|TAMS 0x0000000712b00000, 0x0000000712c00000| Complete 
| 168|0x0000000712c00000, 0x0000000712d00000, 0x0000000712d00000|100%| E|CS|TAMS 0x0000000712c00000, 0x0000000712d00000| Complete 
| 169|0x0000000712d00000, 0x0000000712e00000, 0x0000000712e00000|100%| E|CS|TAMS 0x0000000712d00000, 0x0000000712e00000| Complete 
| 170|0x0000000712e00000, 0x0000000712f00000, 0x0000000712f00000|100%| E|CS|TAMS 0x0000000712e00000, 0x0000000712f00000| Complete 
| 171|0x0000000712f00000, 0x0000000713000000, 0x0000000713000000|100%| E|CS|TAMS 0x0000000712f00000, 0x0000000713000000| Complete 
| 172|0x0000000713000000, 0x0000000713100000, 0x0000000713100000|100%| E|CS|TAMS 0x0000000713000000, 0x0000000713100000| Complete 
| 173|0x0000000713100000, 0x0000000713200000, 0x0000000713200000|100%| E|CS|TAMS 0x0000000713100000, 0x0000000713200000| Complete 
| 174|0x0000000713200000, 0x0000000713300000, 0x0000000713300000|100%| E|CS|TAMS 0x0000000713200000, 0x0000000713300000| Complete 
| 175|0x0000000713300000, 0x0000000713400000, 0x0000000713400000|100%| E|CS|TAMS 0x0000000713300000, 0x0000000713400000| Complete 
| 176|0x0000000713400000, 0x0000000713500000, 0x0000000713500000|100%| E|CS|TAMS 0x0000000713400000, 0x0000000713500000| Complete 
| 177|0x0000000713500000, 0x0000000713600000, 0x0000000713600000|100%| E|CS|TAMS 0x0000000713500000, 0x0000000713600000| Complete 
| 178|0x0000000713600000, 0x0000000713700000, 0x0000000713700000|100%| E|CS|TAMS 0x0000000713600000, 0x0000000713700000| Complete 
| 179|0x0000000713700000, 0x0000000713800000, 0x0000000713800000|100%| E|CS|TAMS 0x0000000713700000, 0x0000000713800000| Complete 
| 180|0x0000000713800000, 0x0000000713900000, 0x0000000713900000|100%| E|CS|TAMS 0x0000000713800000, 0x0000000713900000| Complete 
| 181|0x0000000713900000, 0x0000000713a00000, 0x0000000713a00000|100%| E|CS|TAMS 0x0000000713900000, 0x0000000713a00000| Complete 
| 182|0x0000000713a00000, 0x0000000713b00000, 0x0000000713b00000|100%| E|CS|TAMS 0x0000000713a00000, 0x0000000713b00000| Complete 
| 183|0x0000000713b00000, 0x0000000713c00000, 0x0000000713c00000|100%| E|CS|TAMS 0x0000000713b00000, 0x0000000713c00000| Complete 
| 184|0x0000000713c00000, 0x0000000713d00000, 0x0000000713d00000|100%| E|CS|TAMS 0x0000000713c00000, 0x0000000713d00000| Complete 
| 185|0x0000000713d00000, 0x0000000713e00000, 0x0000000713e00000|100%| E|CS|TAMS 0x0000000713d00000, 0x0000000713e00000| Complete 
| 186|0x0000000713e00000, 0x0000000713f00000, 0x0000000713f00000|100%| E|CS|TAMS 0x0000000713e00000, 0x0000000713f00000| Complete 
| 187|0x0000000713f00000, 0x0000000714000000, 0x0000000714000000|100%| E|CS|TAMS 0x0000000713f00000, 0x0000000714000000| Complete 
| 188|0x0000000714000000, 0x0000000714100000, 0x0000000714100000|100%| E|CS|TAMS 0x0000000714000000, 0x0000000714100000| Complete 
| 189|0x0000000714100000, 0x0000000714200000, 0x0000000714200000|100%| E|CS|TAMS 0x0000000714100000, 0x0000000714200000| Complete 
| 190|0x0000000714200000, 0x0000000714300000, 0x0000000714300000|100%| E|CS|TAMS 0x0000000714200000, 0x0000000714300000| Complete 
| 191|0x0000000714300000, 0x0000000714400000, 0x0000000714400000|100%| E|CS|TAMS 0x0000000714300000, 0x0000000714400000| Complete 
| 192|0x0000000714400000, 0x0000000714500000, 0x0000000714500000|100%| E|CS|TAMS 0x0000000714400000, 0x0000000714500000| Complete 
| 193|0x0000000714500000, 0x0000000714600000, 0x0000000714600000|100%| E|CS|TAMS 0x0000000714500000, 0x0000000714600000| Complete 
| 194|0x0000000714600000, 0x0000000714700000, 0x0000000714700000|100%| E|CS|TAMS 0x0000000714600000, 0x0000000714700000| Complete 
| 195|0x0000000714700000, 0x0000000714800000, 0x0000000714800000|100%| E|CS|TAMS 0x0000000714700000, 0x0000000714800000| Complete 
| 196|0x0000000714800000, 0x0000000714900000, 0x0000000714900000|100%| E|CS|TAMS 0x0000000714800000, 0x0000000714900000| Complete 
| 197|0x0000000714900000, 0x0000000714a00000, 0x0000000714a00000|100%| E|CS|TAMS 0x0000000714900000, 0x0000000714a00000| Complete 
| 198|0x0000000714a00000, 0x0000000714b00000, 0x0000000714b00000|100%| E|CS|TAMS 0x0000000714a00000, 0x0000000714b00000| Complete 
| 199|0x0000000714b00000, 0x0000000714c00000, 0x0000000714c00000|100%| E|CS|TAMS 0x0000000714b00000, 0x0000000714c00000| Complete 
| 200|0x0000000714c00000, 0x0000000714d00000, 0x0000000714d00000|100%| E|CS|TAMS 0x0000000714c00000, 0x0000000714d00000| Complete 
| 201|0x0000000714d00000, 0x0000000714e00000, 0x0000000714e00000|100%| E|CS|TAMS 0x0000000714d00000, 0x0000000714e00000| Complete 
| 202|0x0000000714e00000, 0x0000000714f00000, 0x0000000714f00000|100%| E|CS|TAMS 0x0000000714e00000, 0x0000000714f00000| Complete 
| 203|0x0000000714f00000, 0x0000000715000000, 0x0000000715000000|100%| E|CS|TAMS 0x0000000714f00000, 0x0000000715000000| Complete 
| 204|0x0000000715000000, 0x0000000715100000, 0x0000000715100000|100%| E|CS|TAMS 0x0000000715000000, 0x0000000715100000| Complete 
| 205|0x0000000715100000, 0x0000000715200000, 0x0000000715200000|100%| E|CS|TAMS 0x0000000715100000, 0x0000000715200000| Complete 
| 206|0x0000000715200000, 0x0000000715300000, 0x0000000715300000|100%| E|CS|TAMS 0x0000000715200000, 0x0000000715300000| Complete 
| 207|0x0000000715300000, 0x0000000715400000, 0x0000000715400000|100%| E|CS|TAMS 0x0000000715300000, 0x0000000715400000| Complete 
| 208|0x0000000715400000, 0x0000000715500000, 0x0000000715500000|100%| E|CS|TAMS 0x0000000715400000, 0x0000000715500000| Complete 
| 209|0x0000000715500000, 0x0000000715600000, 0x0000000715600000|100%| E|CS|TAMS 0x0000000715500000, 0x0000000715600000| Complete 
| 210|0x0000000715600000, 0x0000000715700000, 0x0000000715700000|100%| E|CS|TAMS 0x0000000715600000, 0x0000000715700000| Complete 
| 211|0x0000000715700000, 0x0000000715800000, 0x0000000715800000|100%| E|CS|TAMS 0x0000000715700000, 0x0000000715800000| Complete 
| 212|0x0000000715800000, 0x0000000715900000, 0x0000000715900000|100%| E|CS|TAMS 0x0000000715800000, 0x0000000715900000| Complete 
| 213|0x0000000715900000, 0x0000000715a00000, 0x0000000715a00000|100%| E|CS|TAMS 0x0000000715900000, 0x0000000715a00000| Complete 
| 214|0x0000000715a00000, 0x0000000715b00000, 0x0000000715b00000|100%| E|CS|TAMS 0x0000000715a00000, 0x0000000715b00000| Complete 
| 215|0x0000000715b00000, 0x0000000715c00000, 0x0000000715c00000|100%| E|CS|TAMS 0x0000000715b00000, 0x0000000715c00000| Complete 
| 216|0x0000000715c00000, 0x0000000715d00000, 0x0000000715d00000|100%| E|CS|TAMS 0x0000000715c00000, 0x0000000715d00000| Complete 
| 217|0x0000000715d00000, 0x0000000715e00000, 0x0000000715e00000|100%| E|CS|TAMS 0x0000000715d00000, 0x0000000715e00000| Complete 
| 218|0x0000000715e00000, 0x0000000715f00000, 0x0000000715f00000|100%| E|CS|TAMS 0x0000000715e00000, 0x0000000715f00000| Complete 
| 219|0x0000000715f00000, 0x0000000716000000, 0x0000000716000000|100%| E|CS|TAMS 0x0000000715f00000, 0x0000000716000000| Complete 
| 220|0x0000000716000000, 0x0000000716100000, 0x0000000716100000|100%| E|CS|TAMS 0x0000000716000000, 0x0000000716100000| Complete 
| 221|0x0000000716100000, 0x0000000716200000, 0x0000000716200000|100%| E|CS|TAMS 0x0000000716100000, 0x0000000716200000| Complete 
| 222|0x0000000716200000, 0x0000000716300000, 0x0000000716300000|100%| E|CS|TAMS 0x0000000716200000, 0x0000000716300000| Complete 
| 223|0x0000000716300000, 0x0000000716400000, 0x0000000716400000|100%| E|CS|TAMS 0x0000000716300000, 0x0000000716400000| Complete 
| 224|0x0000000716400000, 0x0000000716500000, 0x0000000716500000|100%| E|CS|TAMS 0x0000000716400000, 0x0000000716500000| Complete 
| 225|0x0000000716500000, 0x0000000716600000, 0x0000000716600000|100%| E|CS|TAMS 0x0000000716500000, 0x0000000716600000| Complete 
| 226|0x0000000716600000, 0x0000000716700000, 0x0000000716700000|100%| E|CS|TAMS 0x0000000716600000, 0x0000000716700000| Complete 
| 227|0x0000000716700000, 0x0000000716800000, 0x0000000716800000|100%| E|CS|TAMS 0x0000000716700000, 0x0000000716800000| Complete 
| 228|0x0000000716800000, 0x0000000716900000, 0x0000000716900000|100%| E|CS|TAMS 0x0000000716800000, 0x0000000716900000| Complete 
| 229|0x0000000716900000, 0x0000000716a00000, 0x0000000716a00000|100%| E|CS|TAMS 0x0000000716900000, 0x0000000716a00000| Complete 
| 230|0x0000000716a00000, 0x0000000716b00000, 0x0000000716b00000|100%| E|CS|TAMS 0x0000000716a00000, 0x0000000716b00000| Complete 
| 231|0x0000000716b00000, 0x0000000716c00000, 0x0000000716c00000|100%| E|CS|TAMS 0x0000000716b00000, 0x0000000716c00000| Complete 
| 232|0x0000000716c00000, 0x0000000716d00000, 0x0000000716d00000|100%| E|CS|TAMS 0x0000000716c00000, 0x0000000716d00000| Complete 
| 233|0x0000000716d00000, 0x0000000716e00000, 0x0000000716e00000|100%| E|CS|TAMS 0x0000000716d00000, 0x0000000716e00000| Complete 
| 234|0x0000000716e00000, 0x0000000716f00000, 0x0000000716f00000|100%| E|CS|TAMS 0x0000000716e00000, 0x0000000716f00000| Complete 
| 235|0x0000000716f00000, 0x0000000717000000, 0x0000000717000000|100%| E|CS|TAMS 0x0000000716f00000, 0x0000000717000000| Complete 
| 236|0x0000000717000000, 0x0000000717100000, 0x0000000717100000|100%| E|CS|TAMS 0x0000000717000000, 0x0000000717100000| Complete 
| 237|0x0000000717100000, 0x0000000717200000, 0x0000000717200000|100%| E|CS|TAMS 0x0000000717100000, 0x0000000717200000| Complete 
| 238|0x0000000717200000, 0x0000000717300000, 0x0000000717300000|100%| E|CS|TAMS 0x0000000717200000, 0x0000000717300000| Complete 
| 239|0x0000000717300000, 0x0000000717400000, 0x0000000717400000|100%| E|CS|TAMS 0x0000000717300000, 0x0000000717400000| Complete 
| 240|0x0000000717400000, 0x0000000717500000, 0x0000000717500000|100%| E|CS|TAMS 0x0000000717400000, 0x0000000717500000| Complete 
| 241|0x0000000717500000, 0x0000000717600000, 0x0000000717600000|100%| E|CS|TAMS 0x0000000717500000, 0x0000000717600000| Complete 
| 242|0x0000000717600000, 0x0000000717700000, 0x0000000717700000|100%| E|CS|TAMS 0x0000000717600000, 0x0000000717700000| Complete 
| 243|0x0000000717700000, 0x0000000717800000, 0x0000000717800000|100%| E|CS|TAMS 0x0000000717700000, 0x0000000717800000| Complete 
| 244|0x0000000717800000, 0x0000000717900000, 0x0000000717900000|100%| E|CS|TAMS 0x0000000717800000, 0x0000000717900000| Complete 
| 245|0x0000000717900000, 0x0000000717a00000, 0x0000000717a00000|100%| E|CS|TAMS 0x0000000717900000, 0x0000000717a00000| Complete 
| 246|0x0000000717a00000, 0x0000000717b00000, 0x0000000717b00000|100%| E|CS|TAMS 0x0000000717a00000, 0x0000000717b00000| Complete 
| 247|0x0000000717b00000, 0x0000000717c00000, 0x0000000717c00000|100%| E|CS|TAMS 0x0000000717b00000, 0x0000000717c00000| Complete 
|2938|0x00000007bfe00000, 0x00000007bfe47000, 0x00000007bff00000| 27%|OA|  |TAMS 0x00000007bfe47000, 0x00000007bfe47000| Untracked 
|2939|0x00000007bff00000, 0x00000007bff6b000, 0x00000007c0000000| 41%|CA|  |TAMS 0x00000007bff6b000, 0x00000007bff6b000| Untracked 

Card table byte_map: [0x00007fbf37842000,0x00007fbf38000000] _byte_map_base: 0x00007fbf34000000

Marking Bits (Prev, Next): (CMBitMap*) 0x00007fbf5407ddd0, (CMBitMap*) 0x00007fbf5407dd98
 Prev Bits: [0x00007fbf2f4a4000, 0x00007fbf33294000)
 Next Bits: [0x00007fbf33294000, 0x00007fbf37084000)

Polling page: 0x00007fbf5918e000

Metaspace:

Usage:
  Non-class:     29,98 MB capacity,    29,28 MB ( 98%) used,   582,45 KB (  2%) free+waste,   137,56 KB ( <1%) overhead. 
      Class:      4,85 MB capacity,     4,38 MB ( 90%) used,   413,66 KB (  8%) free+waste,    68,94 KB (  1%) overhead. 
       Both:     34,83 MB capacity,    33,66 MB ( 97%) used,   996,11 KB (  3%) free+waste,   206,50 KB ( <1%) overhead. 

Virtual space:
  Non-class space:       32,00 MB reserved,      30,17 MB ( 94%) committed 
      Class space:        1,00 GB reserved,       4,88 MB ( <1%) committed 
             Both:        1,03 GB reserved,      35,05 MB (  3%) committed 

Chunk freelists:
   Non-Class:  166,00 KB
       Class:  21,00 KB
        Both:  187,00 KB

MaxMetaspaceSize: unlimited
CompressedClassSpaceSize: 1,00 GB
Initial GC threshold: 20,80 MB
Current GC threshold: 35,08 MB
CDS: on

CodeHeap 'non-profiled nmethods': size=120032Kb used=1581Kb max_used=1581Kb free=118450Kb
 bounds [0x00007fbf44305000, 0x00007fbf44575000, 0x00007fbf4b83d000]
CodeHeap 'profiled nmethods': size=120028Kb used=7254Kb max_used=7254Kb free=112773Kb
 bounds [0x00007fbf3cdce000, 0x00007fbf3d4ee000, 0x00007fbf44305000]
CodeHeap 'non-nmethods': size=5700Kb used=1226Kb max_used=1272Kb free=4473Kb
 bounds [0x00007fbf3c83d000, 0x00007fbf3caad000, 0x00007fbf3cdce000]
 total_blobs=3781 nmethods=3280 adapters=414
 compilation: enabled
              stopped_count=0, restarted_count=0
 full_count=0

Compilation events (20 events):
Event: 2,320 Thread 0x00007fbf5424d000 nmethod 3274 0x00007fbf3d4d8290 code [0x00007fbf3d4d84a0, 0x00007fbf3d4d88e0]
Event: 2,321 Thread 0x00007fbf5424d000 3275       3       java.util.stream.AbstractPipeline::spliterator (116 bytes)
Event: 2,321 Thread 0x00007fbf5424d000 nmethod 3275 0x00007fbf3d4d8a90 code [0x00007fbf3d4d8d00, 0x00007fbf3d4d97d0]
Event: 2,321 Thread 0x00007fbf5424d000 3276       3       jdk.internal.loader.BuiltinClassLoader::findResources (182 bytes)
Event: 2,323 Thread 0x00007fbf5424d000 nmethod 3276 0x00007fbf3d4d9a90 code [0x00007fbf3d4d9f20, 0x00007fbf3d4dc6c0]
Event: 2,323 Thread 0x00007fbf5424d000 3278       3       java.lang.CompoundEnumeration::next (58 bytes)
Event: 2,324 Thread 0x00007fbf5424d000 nmethod 3278 0x00007fbf3d4dd410 code [0x00007fbf3d4dd5e0, 0x00007fbf3d4dd940]
Event: 2,324 Thread 0x00007fbf5424d000 3277       3       jdk.internal.loader.BuiltinClassLoader::findResourcesOnClassPath (43 bytes)
Event: 2,324 Thread 0x00007fbf5424d000 nmethod 3277 0x00007fbf3d4dda90 code [0x00007fbf3d4ddcc0, 0x00007fbf3d4de510]
Event: 2,329 Thread 0x00007fbf5424d000 3279       3       java.lang.invoke.MethodTypeForm::<init> (687 bytes)
Event: 2,331 Thread 0x00007fbf5424b000 3282   !   4       java.net.URL::<init> (543 bytes)
Event: 2,332 Thread 0x00007fbf5424d000 nmethod 3279 0x00007fbf3d4de710 code [0x00007fbf3d4deae0, 0x00007fbf3d4e1020]
Event: 2,332 Thread 0x00007fbf5424d000 3280       3       java.lang.invoke.LambdaFormEditor::getInCache (186 bytes)
Event: 2,332 Thread 0x00007fbf5424d000 nmethod 3280 0x00007fbf3d4e1c10 code [0x00007fbf3d4e1ea0, 0x00007fbf3d4e2fa0]
Event: 2,332 Thread 0x00007fbf5424d000 3281       3       java.lang.invoke.DirectMethodHandle$Holder::invokeStatic (20 bytes)
Event: 2,332 Thread 0x00007fbf5424d000 nmethod 3281 0x00007fbf3d4e3310 code [0x00007fbf3d4e34e0, 0x00007fbf3d4e38b0]
Event: 2,333 Thread 0x00007fbf040df000 3283       4       sun.net.www.ParseUtil::encodePath (41 bytes)
Event: 2,336 Thread 0x00007fbf040df000 nmethod 3283 0x00007fbf4448f810 code [0x00007fbf4448f9c0, 0x00007fbf4448fc88]
Event: 2,336 Thread 0x00007fbf040df000 3284       4       jdk.internal.loader.ClassLoaders$BootClassLoader::loadClassOrNull (11 bytes)
Event: 2,338 Thread 0x00007fbf040df000 nmethod 3284 0x00007fbf4448ff10 code [0x00007fbf444900c0, 0x00007fbf444902e8]

GC Heap History (5 events):
Event: 0,374 GC heap before
{Heap before GC invocations=0 (full 0):
 garbage-first heap   total 256000K, used 25288K [0x0000000708400000, 0x0000000800000000)
  region size 1024K, 24 young (24576K), 0 survivors (0K)
 Metaspace       used 4552K, capacity 6703K, committed 7040K, reserved 1056768K
  class space    used 542K, capacity 781K, committed 896K, reserved 1048576K
}
Event: 0,380 GC heap after
{Heap after GC invocations=1 (full 0):
 garbage-first heap   total 256000K, used 7263K [0x0000000708400000, 0x0000000800000000)
  region size 1024K, 3 young (3072K), 3 survivors (3072K)
 Metaspace       used 4552K, capacity 6703K, committed 7040K, reserved 1056768K
  class space    used 542K, capacity 781K, committed 896K, reserved 1048576K
}
Event: 1,428 GC heap before
{Heap before GC invocations=1 (full 0):
 garbage-first heap   total 256000K, used 112735K [0x0000000708400000, 0x0000000800000000)
  region size 1024K, 107 young (109568K), 3 survivors (3072K)
 Metaspace       used 20248K, capacity 21137K, committed 21296K, reserved 1067008K
  class space    used 2529K, capacity 2884K, committed 2944K, reserved 1048576K
}
Event: 1,437 GC heap after
{Heap after GC invocations=2 (full 0):
 garbage-first heap   total 256000K, used 11845K [0x0000000708400000, 0x0000000800000000)
  region size 1024K, 8 young (8192K), 8 survivors (8192K)
 Metaspace       used 20248K, capacity 21137K, committed 21296K, reserved 1067008K
  class space    used 2529K, capacity 2884K, committed 2944K, reserved 1048576K
}
Event: 2,341 GC heap before
{Heap before GC invocations=3 (full 0):
 garbage-first heap   total 256000K, used 111173K [0x0000000708400000, 0x0000000800000000)
  region size 1024K, 106 young (108544K), 8 survivors (8192K)
 Metaspace       used 34466K, capacity 35669K, committed 35888K, reserved 1081344K
  class space    used 4488K, capacity 4971K, committed 4992K, reserved 1048576K
}

Deoptimization events (20 events):
Event: 2,070 Thread 0x00007fbf54017800 Uncommon trap: trap_request=0xfffffff4 fr.pc=0x00007fbf44448d44 relative=0x00000000000007e4
Event: 2,070 Thread 0x00007fbf54017800 Uncommon trap: reason=null_check action=make_not_entrant pc=0x00007fbf44448d44 method=org.springframework.beans.factory.support.DefaultListableBeanFactory.getBeanDefinition(Ljava/lang/String;)Lorg/springframework/beans/factory/config/BeanDefinition; @ 10 
Event: 2,070 Thread 0x00007fbf54017800 DEOPT PACKING pc=0x00007fbf44448d44 sp=0x00007fbf592c3cd0
Event: 2,070 Thread 0x00007fbf54017800 DEOPT UNPACKING pc=0x00007fbf3c886ea5 sp=0x00007fbf592c3c28 mode 2
Event: 2,084 Thread 0x00007fbf54017800 Uncommon trap: trap_request=0xffffff4d fr.pc=0x00007fbf4446129c relative=0x000000000000093c
Event: 2,084 Thread 0x00007fbf54017800 Uncommon trap: reason=unstable_if action=reinterpret pc=0x00007fbf4446129c method=java.util.zip.ZipFile$Source.getEntryPos([BZ)I @ 145 c2
Event: 2,084 Thread 0x00007fbf54017800 DEOPT PACKING pc=0x00007fbf4446129c sp=0x00007fbf592c4410
Event: 2,084 Thread 0x00007fbf54017800 DEOPT UNPACKING pc=0x00007fbf3c886ea5 sp=0x00007fbf592c43b8 mode 2
Event: 2,084 Thread 0x00007fbf54017800 Uncommon trap: trap_request=0xffffff4d fr.pc=0x00007fbf4442dd64 relative=0x0000000000001e44
Event: 2,084 Thread 0x00007fbf54017800 Uncommon trap: reason=unstable_if action=reinterpret pc=0x00007fbf4442dd64 method=java.net.URL.<init>(Ljava/net/URL;Ljava/lang/String;Ljava/net/URLStreamHandler;)V @ 57 c2
Event: 2,084 Thread 0x00007fbf54017800 DEOPT PACKING pc=0x00007fbf4442dd64 sp=0x00007fbf592c4420
Event: 2,084 Thread 0x00007fbf54017800 DEOPT UNPACKING pc=0x00007fbf3c886ea5 sp=0x00007fbf592c43f0 mode 2
Event: 2,084 Thread 0x00007fbf54017800 Uncommon trap: trap_request=0xffffff4d fr.pc=0x00007fbf443cac34 relative=0x0000000000002c34
Event: 2,084 Thread 0x00007fbf54017800 Uncommon trap: reason=unstable_if action=reinterpret pc=0x00007fbf443cac34 method=java.net.URLStreamHandler.parseURL(Ljava/net/URL;Ljava/lang/String;II)V @ 57 c2
Event: 2,084 Thread 0x00007fbf54017800 DEOPT PACKING pc=0x00007fbf443cac34 sp=0x00007fbf592c42d0
Event: 2,084 Thread 0x00007fbf54017800 DEOPT UNPACKING pc=0x00007fbf3c886ea5 sp=0x00007fbf592c42a0 mode 2
Event: 2,183 Thread 0x00007fbf54017800 Uncommon trap: trap_request=0xffffff4d fr.pc=0x00007fbf44461d4c relative=0x000000000000010c
Event: 2,183 Thread 0x00007fbf54017800 Uncommon trap: reason=unstable_if action=reinterpret pc=0x00007fbf44461d4c method=java.lang.ClassLoader.getClassLoadingLock(Ljava/lang/String;)Ljava/lang/Object; @ 6 c2
Event: 2,183 Thread 0x00007fbf54017800 DEOPT PACKING pc=0x00007fbf44461d4c sp=0x00007fbf592bf6a0
Event: 2,184 Thread 0x00007fbf54017800 DEOPT UNPACKING pc=0x00007fbf3c886ea5 sp=0x00007fbf592bf660 mode 2

Classes redefined (0 events):
No events

Internal exceptions (20 events):
Event: 2,056 Thread 0x00007fbf54017800 Exception <a 'java/lang/ClassNotFoundException'{0x0000000713702070}: org/springframework/boot/orm/jpa/EntityManagerFactoryBuilderCustomizer> (0x0000000713702070) thrown at [src/hotspot/share/classfile/systemDictionary.cpp, line 230]
Event: 2,070 Thread 0x00007fbf54017800 Implicit null exception at 0x00007fbf44448973 to 0x00007fbf44448d34
Event: 2,073 Thread 0x00007fbf54017800 Exception <a 'java/lang/ClassNotFoundException'{0x00000007136b9398}: java/lang/ObjectCustomizer> (0x00000007136b9398) thrown at [src/hotspot/share/classfile/systemDictionary.cpp, line 230]
Event: 2,074 Thread 0x00007fbf54017800 Exception <a 'java/lang/ClassNotFoundException'{0x00000007136d29e0}: org/springframework/orm/jpa/AbstractEntityManagerFactoryBeanCustomizer> (0x00000007136d29e0) thrown at [src/hotspot/share/classfile/systemDictionary.cpp, line 230]
Event: 2,075 Thread 0x00007fbf54017800 Exception <a 'java/lang/ClassNotFoundException'{0x000000071350bde8}: org/springframework/orm/jpa/LocalContainerEntityManagerFactoryBeanCustomizer> (0x000000071350bde8) thrown at [src/hotspot/share/classfile/systemDictionary.cpp, line 230]
Event: 2,076 Thread 0x00007fbf54017800 Exception <a 'java/lang/ClassNotFoundException'{0x000000071355fc48}: org/springframework/context/ResourceLoaderAwareCustomizer> (0x000000071355fc48) thrown at [src/hotspot/share/classfile/systemDictionary.cpp, line 230]
Event: 2,077 Thread 0x00007fbf54017800 Exception <a 'java/lang/ClassNotFoundException'{0x0000000713572ff8}: org/springframework/beans/factory/AwareCustomizer> (0x0000000713572ff8) thrown at [src/hotspot/share/classfile/systemDictionary.cpp, line 230]
Event: 2,077 Thread 0x00007fbf54017800 Exception <a 'java/lang/ClassNotFoundException'{0x0000000713588400}: org/springframework/context/weaving/LoadTimeWeaverAwareCustomizer> (0x0000000713588400) thrown at [src/hotspot/share/classfile/systemDictionary.cpp, line 230]
Event: 2,077 Thread 0x00007fbf54017800 Exception <a 'java/lang/ClassNotFoundException'{0x000000071359bcd0}: org/springframework/beans/factory/AwareCustomizer> (0x000000071359bcd0) thrown at [src/hotspot/share/classfile/systemDictionary.cpp, line 230]
Event: 2,077 Thread 0x00007fbf54017800 Exception <a 'java/lang/ClassNotFoundException'{0x00000007135af8a8}: org/springframework/beans/factory/FactoryBeanCustomizer> (0x00000007135af8a8) thrown at [src/hotspot/share/classfile/systemDictionary.cpp, line 230]
Event: 2,078 Thread 0x00007fbf54017800 Exception <a 'java/lang/ClassNotFoundException'{0x00000007135c7140}: org/springframework/beans/factory/BeanClassLoaderAwareCustomizer> (0x00000007135c7140) thrown at [src/hotspot/share/classfile/systemDictionary.cpp, line 230]
Event: 2,078 Thread 0x00007fbf54017800 Exception <a 'java/lang/ClassNotFoundException'{0x00000007135dc040}: org/springframework/beans/factory/AwareCustomizer> (0x00000007135dc040) thrown at [src/hotspot/share/classfile/systemDictionary.cpp, line 230]
Event: 2,078 Thread 0x00007fbf54017800 Exception <a 'java/lang/ClassNotFoundException'{0x00000007135f07b8}: org/springframework/beans/factory/BeanFactoryAwareCustomizer> (0x00000007135f07b8) thrown at [src/hotspot/share/classfile/systemDictionary.cpp, line 230]
Event: 2,078 Thread 0x00007fbf54017800 Exception <a 'java/lang/ClassNotFoundException'{0x00000007134045e0}: org/springframework/beans/factory/AwareCustomizer> (0x00000007134045e0) thrown at [src/hotspot/share/classfile/systemDictionary.cpp, line 230]
Event: 2,078 Thread 0x00007fbf54017800 Exception <a 'java/lang/ClassNotFoundException'{0x0000000713418188}: org/springframework/beans/factory/BeanNameAwareCustomizer> (0x0000000713418188) thrown at [src/hotspot/share/classfile/systemDictionary.cpp, line 230]
Event: 2,079 Thread 0x00007fbf54017800 Exception <a 'java/lang/ClassNotFoundException'{0x000000071342b978}: org/springframework/beans/factory/AwareCustomizer> (0x000000071342b978) thrown at [src/hotspot/share/classfile/systemDictionary.cpp, line 230]
Event: 2,079 Thread 0x00007fbf54017800 Exception <a 'java/lang/ClassNotFoundException'{0x00000007134400f0}: org/springframework/beans/factory/InitializingBeanCustomizer> (0x00000007134400f0) thrown at [src/hotspot/share/classfile/systemDictionary.cpp, line 230]
Event: 2,079 Thread 0x00007fbf54017800 Exception <a 'java/lang/ClassNotFoundException'{0x0000000713454a58}: org/springframework/beans/factory/DisposableBeanCustomizer> (0x0000000713454a58) thrown at [src/hotspot/share/classfile/systemDictionary.cpp, line 230]
Event: 2,079 Thread 0x00007fbf54017800 Exception <a 'java/lang/ClassNotFoundException'{0x000000071346a650}: org/springframework/orm/jpa/EntityManagerFactoryInfoCustomizer> (0x000000071346a650) thrown at [src/hotspot/share/classfile/systemDictionary.cpp, line 230]
Event: 2,080 Thread 0x00007fbf54017800 Exception <a 'java/lang/ClassNotFoundException'{0x000000071348d640}: org/springframework/dao/support/PersistenceExceptionTranslatorCustomizer> (0x000000071348d640) thrown at [src/hotspot/share/classfile/systemDictionary.cpp, line 230]

Events (20 events):
Event: 2,339 loading class org/hibernate/id/AbstractPostInsertGenerator done
Event: 2,339 loading class org/hibernate/id/PostInsertIdentifierGenerator
Event: 2,339 loading class org/hibernate/id/PostInsertIdentifierGenerator done
Event: 2,339 loading class org/hibernate/id/BulkInsertionCapableIdentifierGenerator
Event: 2,339 loading class org/hibernate/id/BulkInsertionCapableIdentifierGenerator done
Event: 2,339 loading class org/hibernate/id/SelectGenerator
Event: 2,339 loading class org/hibernate/id/SelectGenerator done
Event: 2,339 loading class org/hibernate/id/enhanced/SequenceStyleGenerator
Event: 2,339 loading class org/hibernate/id/enhanced/SequenceStyleGenerator done
Event: 2,340 loading class org/hibernate/id/PersistentIdentifierGenerator
Event: 2,340 loading class org/hibernate/id/PersistentIdentifierGenerator done
Event: 2,340 loading class org/hibernate/id/SequenceHiLoGenerator
Event: 2,340 loading class org/hibernate/id/SequenceHiLoGenerator done
Event: 2,340 loading class org/hibernate/id/SequenceGenerator
Event: 2,340 loading class org/hibernate/id/SequenceGenerator done
Event: 2,340 loading class org/hibernate/id/IncrementGenerator
Event: 2,340 loading class org/hibernate/id/IncrementGenerator done
Event: 2,341 loading class org/hibernate/id/ForeignGenerator
Event: 2,341 loading class org/hibernate/id/ForeignGenerator done
Event: 2,341 Executing VM operation: CollectForMetadataAllocation


Dynamic libraries:
708400000-717c00000 rw-p 00000000 00:00 0 
717c00000-7bfe00000 ---p 00000000 00:00 0 
7bfe00000-7bfe47000 rw-p 01118000 103:06 3802055                         /usr/lib/jvm/java-11-openjdk-amd64/lib/server/classes.jsa
7bfe47000-7bff00000 rw-p 00000000 00:00 0 
7bff00000-7bff6b000 rw-p 010ad000 103:06 3802055                         /usr/lib/jvm/java-11-openjdk-amd64/lib/server/classes.jsa
7bff6b000-7c0000000 rw-p 00000000 00:00 0 
7c0000000-800000000 ---p 00000000 00:00 0 
800000000-800002000 rwxp 00001000 103:06 3802055                         /usr/lib/jvm/java-11-openjdk-amd64/lib/server/classes.jsa
800002000-8003cb000 rw-p 00003000 103:06 3802055                         /usr/lib/jvm/java-11-openjdk-amd64/lib/server/classes.jsa
8003cb000-800a99000 r--p 003cc000 103:06 3802055                         /usr/lib/jvm/java-11-openjdk-amd64/lib/server/classes.jsa
800a99000-800a9a000 rw-p 00a9a000 103:06 3802055                         /usr/lib/jvm/java-11-openjdk-amd64/lib/server/classes.jsa
800a9a000-8010ac000 r--p 00a9b000 103:06 3802055                         /usr/lib/jvm/java-11-openjdk-amd64/lib/server/classes.jsa
840000000-8404e0000 rw-p 00000000 00:00 0 
8404e0000-880000000 ---p 00000000 00:00 0 
55939abcd000-55939abce000 r--p 00000000 103:06 2886254                   /usr/lib/jvm/java-11-openjdk-amd64/bin/java
55939abce000-55939abcf000 r-xp 00001000 103:06 2886254                   /usr/lib/jvm/java-11-openjdk-amd64/bin/java
55939abcf000-55939abd0000 r--p 00002000 103:06 2886254                   /usr/lib/jvm/java-11-openjdk-amd64/bin/java
55939abd0000-55939abd1000 r--p 00002000 103:06 2886254                   /usr/lib/jvm/java-11-openjdk-amd64/bin/java
55939abd1000-55939abd2000 rw-p 00003000 103:06 2886254                   /usr/lib/jvm/java-11-openjdk-amd64/bin/java
55939bdb0000-55939bdd1000 rw-p 00000000 00:00 0                          [heap]
7fbec0000000-7fbec0021000 rw-p 00000000 00:00 0 
7fbec0021000-7fbec4000000 ---p 00000000 00:00 0 
7fbec8000000-7fbec8021000 rw-p 00000000 00:00 0 
7fbec8021000-7fbecc000000 ---p 00000000 00:00 0 
7fbecc000000-7fbecc1d4000 rw-p 00000000 00:00 0 
7fbecc1d4000-7fbed0000000 ---p 00000000 00:00 0 
7fbed0000000-7fbed0021000 rw-p 00000000 00:00 0 
7fbed0021000-7fbed4000000 ---p 00000000 00:00 0 
7fbed4000000-7fbed4021000 rw-p 00000000 00:00 0 
7fbed4021000-7fbed8000000 ---p 00000000 00:00 0 
7fbed8000000-7fbed8021000 rw-p 00000000 00:00 0 
7fbed8021000-7fbedc000000 ---p 00000000 00:00 0 
7fbedc000000-7fbedc021000 rw-p 00000000 00:00 0 
7fbedc021000-7fbee0000000 ---p 00000000 00:00 0 
7fbee0000000-7fbee0021000 rw-p 00000000 00:00 0 
7fbee0021000-7fbee4000000 ---p 00000000 00:00 0 
7fbee4000000-7fbee4ef1000 rw-p 00000000 00:00 0 
7fbee4ef1000-7fbee8000000 ---p 00000000 00:00 0 
7fbee8000000-7fbee8021000 rw-p 00000000 00:00 0 
7fbee8021000-7fbeec000000 ---p 00000000 00:00 0 
7fbeec000000-7fbeec048000 rw-p 00000000 00:00 0 
7fbeec048000-7fbef0000000 ---p 00000000 00:00 0 
7fbef0000000-7fbef0021000 rw-p 00000000 00:00 0 
7fbef0021000-7fbef4000000 ---p 00000000 00:00 0 
7fbef4000000-7fbef4021000 rw-p 00000000 00:00 0 
7fbef4021000-7fbef8000000 ---p 00000000 00:00 0 
7fbef8000000-7fbef8897000 rw-p 00000000 00:00 0 
7fbef8897000-7fbefc000000 ---p 00000000 00:00 0 
7fbefc000000-7fbefc021000 rw-p 00000000 00:00 0 
7fbefc021000-7fbf00000000 ---p 00000000 00:00 0 
7fbf00000000-7fbf00021000 rw-p 00000000 00:00 0 
7fbf00021000-7fbf04000000 ---p 00000000 00:00 0 
7fbf04000000-7fbf0485f000 rw-p 00000000 00:00 0 
7fbf0485f000-7fbf08000000 ---p 00000000 00:00 0 
7fbf08000000-7fbf08021000 rw-p 00000000 00:00 0 
7fbf08021000-7fbf0c000000 ---p 00000000 00:00 0 
7fbf0c000000-7fbf0c021000 rw-p 00000000 00:00 0 
7fbf0c021000-7fbf10000000 ---p 00000000 00:00 0 
7fbf10000000-7fbf10021000 rw-p 00000000 00:00 0 
7fbf10021000-7fbf14000000 ---p 00000000 00:00 0 
7fbf14d18000-7fbf14d58000 rw-p 00000000 00:00 0 
7fbf14d58000-7fbf14f18000 ---p 00000000 00:00 0 
7fbf14f18000-7fbf15118000 rw-p 00000000 00:00 0 
7fbf15118000-7fbf15318000 rw-p 00000000 00:00 0 
7fbf15318000-7fbf15518000 rw-p 00000000 00:00 0 
7fbf15518000-7fbf15718000 rw-p 00000000 00:00 0 
7fbf15718000-7fbf15918000 rw-p 00000000 00:00 0 
7fbf15918000-7fbf15919000 ---p 00000000 00:00 0 
7fbf15919000-7fbf15a1a000 rw-p 00000000 00:00 0 
7fbf15a1a000-7fbf15a1b000 ---p 00000000 00:00 0 
7fbf15a1b000-7fbf15d1c000 rw-p 00000000 00:00 0 
7fbf15d1c000-7fbf15d20000 ---p 00000000 00:00 0 
7fbf15d20000-7fbf16009000 rw-p 00000000 00:00 0 
7fbf16009000-7fbf1601d000 ---p 00000000 00:00 0 
7fbf1601d000-7fbf1621d000 rw-p 00000000 00:00 0 
7fbf1621d000-7fbf1641d000 rw-p 00000000 00:00 0 
7fbf1641d000-7fbf16421000 ---p 00000000 00:00 0 
7fbf16421000-7fbf1651e000 rw-p 00000000 00:00 0 
7fbf1651e000-7fbf16522000 r--p 00000000 103:06 3673759                   /lib/x86_64-linux-gnu/libresolv-2.31.so
7fbf16522000-7fbf16532000 r-xp 00004000 103:06 3673759                   /lib/x86_64-linux-gnu/libresolv-2.31.so
7fbf16532000-7fbf16536000 r--p 00014000 103:06 3673759                   /lib/x86_64-linux-gnu/libresolv-2.31.so
7fbf16536000-7fbf16537000 r--p 00017000 103:06 3673759                   /lib/x86_64-linux-gnu/libresolv-2.31.so
7fbf16537000-7fbf16538000 rw-p 00018000 103:06 3673759                   /lib/x86_64-linux-gnu/libresolv-2.31.so
7fbf16538000-7fbf1653a000 rw-p 00000000 00:00 0 
7fbf16556000-7fbf16756000 rw-p 00000000 00:00 0 
7fbf16756000-7fbf16956000 rw-p 00000000 00:00 0 
7fbf16956000-7fbf16957000 ---p 00000000 00:00 0 
7fbf16957000-7fbf16a58000 rw-p 00000000 00:00 0 
7fbf16a58000-7fbf16a59000 ---p 00000000 00:00 0 
7fbf16a59000-7fbf16b5a000 rw-p 00000000 00:00 0 
7fbf16b5a000-7fbf16b5b000 ---p 00000000 00:00 0 
7fbf16b5b000-7fbf16c5c000 rw-p 00000000 00:00 0 
7fbf16c5c000-7fbf16c5d000 ---p 00000000 00:00 0 
7fbf16c5d000-7fbf16d5e000 rw-p 00000000 00:00 0 
7fbf16d5e000-7fbf16d5f000 ---p 00000000 00:00 0 
7fbf16d5f000-7fbf16e60000 rw-p 00000000 00:00 0 
7fbf16e60000-7fbf16e64000 ---p 00000000 00:00 0 
7fbf16e64000-7fbf16f61000 rw-p 00000000 00:00 0 
7fbf16f61000-7fbf16f65000 ---p 00000000 00:00 0 
7fbf16f65000-7fbf16f83000 rw-p 00000000 00:00 0 
7fbf16f83000-7fbf16f87000 ---p 00000000 00:00 0 
7fbf16f87000-7fbf17084000 rw-p 00000000 00:00 0 
7fbf17084000-7fbf17088000 ---p 00000000 00:00 0 
7fbf17088000-7fbf17185000 rw-p 00000000 00:00 0 
7fbf17185000-7fbf17189000 ---p 00000000 00:00 0 
7fbf17189000-7fbf17286000 rw-p 00000000 00:00 0 
7fbf17286000-7fbf17287000 ---p 00000000 00:00 0 
7fbf17287000-7fbf17388000 rw-p 00000000 00:00 0 
7fbf17388000-7fbf1738c000 ---p 00000000 00:00 0 
7fbf1738c000-7fbf17489000 rw-p 00000000 00:00 0 
7fbf17489000-7fbf1748d000 ---p 00000000 00:00 0 
7fbf1748d000-7fbf1758a000 rw-p 00000000 00:00 0 
7fbf1758a000-7fbf1758e000 ---p 00000000 00:00 0 
7fbf1758e000-7fbf1768b000 rw-p 00000000 00:00 0 
7fbf1768b000-7fbf1768f000 ---p 00000000 00:00 0 
7fbf1768f000-7fbf1778c000 rw-p 00000000 00:00 0 
7fbf1778c000-7fbf17790000 ---p 00000000 00:00 0 
7fbf17790000-7fbf1788d000 rw-p 00000000 00:00 0 
7fbf1788d000-7fbf17dfe000 r--p 00000000 103:06 2889073                   /usr/lib/locale/locale-archive
7fbf17dfe000-7fbf17e02000 ---p 00000000 00:00 0 
7fbf17e02000-7fbf17eff000 rw-p 00000000 00:00 0 
7fbf17eff000-7fbf17f03000 ---p 00000000 00:00 0 
7fbf17f03000-7fbf18000000 rw-p 00000000 00:00 0 
7fbf18000000-7fbf18021000 rw-p 00000000 00:00 0 
7fbf18021000-7fbf1c000000 ---p 00000000 00:00 0 
7fbf1c000000-7fbf1c12a000 rw-p 00000000 00:00 0 
7fbf1c12a000-7fbf20000000 ---p 00000000 00:00 0 
7fbf20000000-7fbf20021000 rw-p 00000000 00:00 0 
7fbf20021000-7fbf24000000 ---p 00000000 00:00 0 
7fbf24000000-7fbf24021000 rw-p 00000000 00:00 0 
7fbf24021000-7fbf28000000 ---p 00000000 00:00 0 
7fbf28000000-7fbf28021000 rw-p 00000000 00:00 0 
7fbf28021000-7fbf2c000000 ---p 00000000 00:00 0 
7fbf2c014000-7fbf2c015000 ---p 00000000 00:00 0 
7fbf2c015000-7fbf2c997000 rw-p 00000000 00:00 0 
7fbf2c997000-7fbf2c998000 ---p 00000000 00:00 0 
7fbf2c998000-7fbf2ca99000 rw-p 00000000 00:00 0 
7fbf2ca99000-7fbf2ca9a000 ---p 00000000 00:00 0 
7fbf2ca9a000-7fbf2f884000 rw-p 00000000 00:00 0 
7fbf2f884000-7fbf3228c000 ---p 00000000 00:00 0 
7fbf3228c000-7fbf32294000 rw-p 00000000 00:00 0 
7fbf32294000-7fbf33294000 ---p 00000000 00:00 0 
7fbf33294000-7fbf33674000 rw-p 00000000 00:00 0 
7fbf33674000-7fbf3607c000 ---p 00000000 00:00 0 
7fbf3607c000-7fbf36084000 rw-p 00000000 00:00 0 
7fbf36084000-7fbf37084000 ---p 00000000 00:00 0 
7fbf37084000-7fbf37100000 rw-p 00000000 00:00 0 
7fbf37100000-7fbf37641000 ---p 00000000 00:00 0 
7fbf37641000-7fbf37642000 rw-p 00000000 00:00 0 
7fbf37642000-7fbf37842000 ---p 00000000 00:00 0 
7fbf37842000-7fbf378be000 rw-p 00000000 00:00 0 
7fbf378be000-7fbf37dff000 ---p 00000000 00:00 0 
7fbf37dff000-7fbf37e00000 rw-p 00000000 00:00 0 
7fbf37e00000-7fbf38000000 ---p 00000000 00:00 0 
7fbf38000000-7fbf38021000 rw-p 00000000 00:00 0 
7fbf38021000-7fbf3c000000 ---p 00000000 00:00 0 
7fbf3c013000-7fbf3c014000 r--p 00000000 103:06 3673745                   /lib/x86_64-linux-gnu/libnss_dns-2.31.so
7fbf3c014000-7fbf3c018000 r-xp 00001000 103:06 3673745                   /lib/x86_64-linux-gnu/libnss_dns-2.31.so
7fbf3c018000-7fbf3c019000 r--p 00005000 103:06 3673745                   /lib/x86_64-linux-gnu/libnss_dns-2.31.so
7fbf3c019000-7fbf3c01a000 r--p 00005000 103:06 3673745                   /lib/x86_64-linux-gnu/libnss_dns-2.31.so
7fbf3c01a000-7fbf3c01b000 rw-p 00006000 103:06 3673745                   /lib/x86_64-linux-gnu/libnss_dns-2.31.so
7fbf3c01b000-7fbf3c01d000 r--p 00000000 103:06 2921651                   /usr/lib/jvm/java-11-openjdk-amd64/lib/libmanagement_ext.so
7fbf3c01d000-7fbf3c020000 r-xp 00002000 103:06 2921651                   /usr/lib/jvm/java-11-openjdk-amd64/lib/libmanagement_ext.so
7fbf3c020000-7fbf3c022000 r--p 00005000 103:06 2921651                   /usr/lib/jvm/java-11-openjdk-amd64/lib/libmanagement_ext.so
7fbf3c022000-7fbf3c023000 r--p 00006000 103:06 2921651                   /usr/lib/jvm/java-11-openjdk-amd64/lib/libmanagement_ext.so
7fbf3c023000-7fbf3c024000 rw-p 00007000 103:06 2921651                   /usr/lib/jvm/java-11-openjdk-amd64/lib/libmanagement_ext.so
7fbf3c024000-7fbf3c0fb000 rw-p 00000000 00:00 0 
7fbf3c0fb000-7fbf3c63c000 ---p 00000000 00:00 0 
7fbf3c63c000-7fbf3c63d000 rw-p 00000000 00:00 0 
7fbf3c63d000-7fbf3c83d000 ---p 00000000 00:00 0 
7fbf3c83d000-7fbf3caad000 rwxp 00000000 00:00 0 
7fbf3caad000-7fbf3cdce000 ---p 00000000 00:00 0 
7fbf3cdce000-7fbf3d4ee000 rwxp 00000000 00:00 0 
7fbf3d4ee000-7fbf44305000 ---p 00000000 00:00 0 
7fbf44305000-7fbf44575000 rwxp 00000000 00:00 0 
7fbf44575000-7fbf4b83d000 ---p 00000000 00:00 0 
7fbf4b83d000-7fbf54000000 r--s 00000000 103:06 2921663                   /usr/lib/jvm/java-11-openjdk-amd64/lib/modules
7fbf54000000-7fbf5559e000 rw-p 00000000 00:00 0 
7fbf5559e000-7fbf58000000 ---p 00000000 00:00 0 
7fbf58002000-7fbf58003000 r--p 00000000 103:06 3670771                   /lib/x86_64-linux-gnu/libnss_mdns4_minimal.so.2
7fbf58003000-7fbf58005000 r-xp 00001000 103:06 3670771                   /lib/x86_64-linux-gnu/libnss_mdns4_minimal.so.2
7fbf58005000-7fbf58006000 r--p 00003000 103:06 3670771                   /lib/x86_64-linux-gnu/libnss_mdns4_minimal.so.2
7fbf58006000-7fbf58007000 r--p 00003000 103:06 3670771                   /lib/x86_64-linux-gnu/libnss_mdns4_minimal.so.2
7fbf58007000-7fbf58008000 rw-p 00004000 103:06 3670771                   /lib/x86_64-linux-gnu/libnss_mdns4_minimal.so.2
7fbf58008000-7fbf5800c000 r--p 00000000 103:06 2921653                   /usr/lib/jvm/java-11-openjdk-amd64/lib/libnet.so
7fbf5800c000-7fbf5801a000 r-xp 00004000 103:06 2921653                   /usr/lib/jvm/java-11-openjdk-amd64/lib/libnet.so
7fbf5801a000-7fbf5801e000 r--p 00012000 103:06 2921653                   /usr/lib/jvm/java-11-openjdk-amd64/lib/libnet.so
7fbf5801e000-7fbf5801f000 r--p 00015000 103:06 2921653                   /usr/lib/jvm/java-11-openjdk-amd64/lib/libnet.so
7fbf5801f000-7fbf58020000 rw-p 00016000 103:06 2921653                   /usr/lib/jvm/java-11-openjdk-amd64/lib/libnet.so
7fbf58020000-7fbf58027000 r--p 00000000 103:06 2921654                   /usr/lib/jvm/java-11-openjdk-amd64/lib/libnio.so
7fbf58027000-7fbf5802f000 r-xp 00007000 103:06 2921654                   /usr/lib/jvm/java-11-openjdk-amd64/lib/libnio.so
7fbf5802f000-7fbf58032000 r--p 0000f000 103:06 2921654                   /usr/lib/jvm/java-11-openjdk-amd64/lib/libnio.so
7fbf58032000-7fbf58033000 r--p 00011000 103:06 2921654                   /usr/lib/jvm/java-11-openjdk-amd64/lib/libnio.so
7fbf58033000-7fbf58034000 rw-p 00012000 103:06 2921654                   /usr/lib/jvm/java-11-openjdk-amd64/lib/libnio.so
7fbf58034000-7fbf58135000 rw-p 00000000 00:00 0 
7fbf58135000-7fbf58136000 ---p 00000000 00:00 0 
7fbf58136000-7fbf58237000 rw-p 00000000 00:00 0 
7fbf58237000-7fbf58238000 ---p 00000000 00:00 0 
7fbf58238000-7fbf58e43000 rw-p 00000000 00:00 0 
7fbf58e43000-7fbf58e44000 ---p 00000000 00:00 0 
7fbf58e44000-7fbf58f4a000 rw-p 00000000 00:00 0 
7fbf58f4a000-7fbf59030000 ---p 00000000 00:00 0 
7fbf59030000-7fbf5903f000 rw-p 00000000 00:00 0 
7fbf5903f000-7fbf5911b000 ---p 00000000 00:00 0 
7fbf5911b000-7fbf59120000 rw-p 00000000 00:00 0 
7fbf59120000-7fbf59127000 ---p 00000000 00:00 0 
7fbf59127000-7fbf5912a000 r--p 00000000 103:06 3673747                   /lib/x86_64-linux-gnu/libnss_files-2.31.so
7fbf5912a000-7fbf59131000 r-xp 00003000 103:06 3673747                   /lib/x86_64-linux-gnu/libnss_files-2.31.so
7fbf59131000-7fbf59133000 r--p 0000a000 103:06 3673747                   /lib/x86_64-linux-gnu/libnss_files-2.31.so
7fbf59133000-7fbf59134000 r--p 0000b000 103:06 3673747                   /lib/x86_64-linux-gnu/libnss_files-2.31.so
7fbf59134000-7fbf59135000 rw-p 0000c000 103:06 3673747                   /lib/x86_64-linux-gnu/libnss_files-2.31.so
7fbf59135000-7fbf5913b000 rw-p 00000000 00:00 0 
7fbf5913b000-7fbf5913f000 r--p 00000000 103:06 3673741                   /lib/x86_64-linux-gnu/libnsl-2.31.so
7fbf5913f000-7fbf5914f000 r-xp 00004000 103:06 3673741                   /lib/x86_64-linux-gnu/libnsl-2.31.so
7fbf5914f000-7fbf59154000 r--p 00014000 103:06 3673741                   /lib/x86_64-linux-gnu/libnsl-2.31.so
7fbf59154000-7fbf59155000 r--p 00018000 103:06 3673741                   /lib/x86_64-linux-gnu/libnsl-2.31.so
7fbf59155000-7fbf59156000 rw-p 00019000 103:06 3673741                   /lib/x86_64-linux-gnu/libnsl-2.31.so
7fbf59156000-7fbf59158000 rw-p 00000000 00:00 0 
7fbf59158000-7fbf5915a000 r--p 00000000 103:06 3673751                   /lib/x86_64-linux-gnu/libnss_nis-2.31.so
7fbf5915a000-7fbf59162000 r-xp 00002000 103:06 3673751                   /lib/x86_64-linux-gnu/libnss_nis-2.31.so
7fbf59162000-7fbf59164000 r--p 0000a000 103:06 3673751                   /lib/x86_64-linux-gnu/libnss_nis-2.31.so
7fbf59164000-7fbf59165000 r--p 0000b000 103:06 3673751                   /lib/x86_64-linux-gnu/libnss_nis-2.31.so
7fbf59165000-7fbf59166000 rw-p 0000c000 103:06 3673751                   /lib/x86_64-linux-gnu/libnss_nis-2.31.so
7fbf59166000-7fbf59168000 r--p 00000000 103:06 3673743                   /lib/x86_64-linux-gnu/libnss_compat-2.31.so
7fbf59168000-7fbf5916f000 r-xp 00002000 103:06 3673743                   /lib/x86_64-linux-gnu/libnss_compat-2.31.so
7fbf5916f000-7fbf59170000 r--p 00009000 103:06 3673743                   /lib/x86_64-linux-gnu/libnss_compat-2.31.so
7fbf59170000-7fbf59171000 r--p 00009000 103:06 3673743                   /lib/x86_64-linux-gnu/libnss_compat-2.31.so
7fbf59171000-7fbf59172000 rw-p 0000a000 103:06 3673743                   /lib/x86_64-linux-gnu/libnss_compat-2.31.so
7fbf59172000-7fbf59175000 r--p 00000000 103:06 2921649                   /usr/lib/jvm/java-11-openjdk-amd64/lib/libmanagement.so
7fbf59175000-7fbf59176000 r-xp 00003000 103:06 2921649                   /usr/lib/jvm/java-11-openjdk-amd64/lib/libmanagement.so
7fbf59176000-7fbf59177000 r--p 00004000 103:06 2921649                   /usr/lib/jvm/java-11-openjdk-amd64/lib/libmanagement.so
7fbf59177000-7fbf59178000 r--p 00004000 103:06 2921649                   /usr/lib/jvm/java-11-openjdk-amd64/lib/libmanagement.so
7fbf59178000-7fbf59179000 rw-p 00005000 103:06 2921649                   /usr/lib/jvm/java-11-openjdk-amd64/lib/libmanagement.so
7fbf59179000-7fbf5917b000 r--s 0000c000 103:06 3282460                   /usr/share/java/java-atk-wrapper.jar
7fbf5917b000-7fbf5917d000 r--p 00000000 103:06 2921662                   /usr/lib/jvm/java-11-openjdk-amd64/lib/libzip.so
7fbf5917d000-7fbf59182000 r-xp 00002000 103:06 2921662                   /usr/lib/jvm/java-11-openjdk-amd64/lib/libzip.so
7fbf59182000-7fbf59184000 r--p 00007000 103:06 2921662                   /usr/lib/jvm/java-11-openjdk-amd64/lib/libzip.so
7fbf59184000-7fbf59185000 r--p 00008000 103:06 2921662                   /usr/lib/jvm/java-11-openjdk-amd64/lib/libzip.so
7fbf59185000-7fbf59186000 rw-p 00009000 103:06 2921662                   /usr/lib/jvm/java-11-openjdk-amd64/lib/libzip.so
7fbf59186000-7fbf5918e000 rw-s 00000000 103:06 3806430                   /tmp/hsperfdata_artur/373054
7fbf5918e000-7fbf5918f000 ---p 00000000 00:00 0 
7fbf5918f000-7fbf59190000 r--p 00000000 00:00 0 
7fbf59190000-7fbf5919e000 r--p 00000000 103:06 2921642                   /usr/lib/jvm/java-11-openjdk-amd64/lib/libjava.so
7fbf5919e000-7fbf591b4000 r-xp 0000e000 103:06 2921642                   /usr/lib/jvm/java-11-openjdk-amd64/lib/libjava.so
7fbf591b4000-7fbf591bb000 r--p 00024000 103:06 2921642                   /usr/lib/jvm/java-11-openjdk-amd64/lib/libjava.so
7fbf591bb000-7fbf591bc000 r--p 0002a000 103:06 2921642                   /usr/lib/jvm/java-11-openjdk-amd64/lib/libjava.so
7fbf591bc000-7fbf591bd000 rw-p 0002b000 103:06 2921642                   /usr/lib/jvm/java-11-openjdk-amd64/lib/libjava.so
7fbf591bd000-7fbf591be000 rw-p 00000000 00:00 0 
7fbf591be000-7fbf591c0000 r--p 00000000 103:06 3673760                   /lib/x86_64-linux-gnu/librt-2.31.so
7fbf591c0000-7fbf591c4000 r-xp 00002000 103:06 3673760                   /lib/x86_64-linux-gnu/librt-2.31.so
7fbf591c4000-7fbf591c6000 r--p 00006000 103:06 3673760                   /lib/x86_64-linux-gnu/librt-2.31.so
7fbf591c6000-7fbf591c7000 r--p 00007000 103:06 3673760                   /lib/x86_64-linux-gnu/librt-2.31.so
7fbf591c7000-7fbf591c8000 rw-p 00008000 103:06 3673760                   /lib/x86_64-linux-gnu/librt-2.31.so
7fbf591c8000-7fbf591cc000 ---p 00000000 00:00 0 
7fbf591cc000-7fbf592c9000 rw-p 00000000 00:00 0 
7fbf592c9000-7fbf592cc000 r--p 00000000 103:06 3670736                   /lib/x86_64-linux-gnu/libgcc_s.so.1
7fbf592cc000-7fbf592de000 r-xp 00003000 103:06 3670736                   /lib/x86_64-linux-gnu/libgcc_s.so.1
7fbf592de000-7fbf592e2000 r--p 00015000 103:06 3670736                   /lib/x86_64-linux-gnu/libgcc_s.so.1
7fbf592e2000-7fbf592e3000 r--p 00018000 103:06 3670736                   /lib/x86_64-linux-gnu/libgcc_s.so.1
7fbf592e3000-7fbf592e4000 rw-p 00019000 103:06 3670736                   /lib/x86_64-linux-gnu/libgcc_s.so.1
7fbf592e4000-7fbf592f1000 r--p 00000000 103:06 3673735                   /lib/x86_64-linux-gnu/libm-2.31.so
7fbf592f1000-7fbf59398000 r-xp 0000d000 103:06 3673735                   /lib/x86_64-linux-gnu/libm-2.31.so
7fbf59398000-7fbf59431000 r--p 000b4000 103:06 3673735                   /lib/x86_64-linux-gnu/libm-2.31.so
7fbf59431000-7fbf59432000 r--p 0014c000 103:06 3673735                   /lib/x86_64-linux-gnu/libm-2.31.so
7fbf59432000-7fbf59433000 rw-p 0014d000 103:06 3673735                   /lib/x86_64-linux-gnu/libm-2.31.so
7fbf59433000-7fbf594c9000 r--p 00000000 103:06 2883678                   /usr/lib/x86_64-linux-gnu/libstdc++.so.6.0.28
7fbf594c9000-7fbf595ba000 r-xp 00096000 103:06 2883678                   /usr/lib/x86_64-linux-gnu/libstdc++.so.6.0.28
7fbf595ba000-7fbf59603000 r--p 00187000 103:06 2883678                   /usr/lib/x86_64-linux-gnu/libstdc++.so.6.0.28
7fbf59603000-7fbf59604000 ---p 001d0000 103:06 2883678                   /usr/lib/x86_64-linux-gnu/libstdc++.so.6.0.28
7fbf59604000-7fbf5960f000 r--p 001d0000 103:06 2883678                   /usr/lib/x86_64-linux-gnu/libstdc++.so.6.0.28
7fbf5960f000-7fbf59612000 rw-p 001db000 103:06 2883678                   /usr/lib/x86_64-linux-gnu/libstdc++.so.6.0.28
7fbf59612000-7fbf59615000 rw-p 00000000 00:00 0 
7fbf59615000-7fbf59897000 r--p 00000000 103:06 3801984                   /usr/lib/jvm/java-11-openjdk-amd64/lib/server/libjvm.so
7fbf59897000-7fbf5a51c000 r-xp 00282000 103:06 3801984                   /usr/lib/jvm/java-11-openjdk-amd64/lib/server/libjvm.so
7fbf5a51c000-7fbf5a778000 r--p 00f07000 103:06 3801984                   /usr/lib/jvm/java-11-openjdk-amd64/lib/server/libjvm.so
7fbf5a778000-7fbf5a83c000 r--p 01162000 103:06 3801984                   /usr/lib/jvm/java-11-openjdk-amd64/lib/server/libjvm.so
7fbf5a83c000-7fbf5a877000 rw-p 01226000 103:06 3801984                   /usr/lib/jvm/java-11-openjdk-amd64/lib/server/libjvm.so
7fbf5a877000-7fbf5a8d0000 rw-p 00000000 00:00 0 
7fbf5a8d0000-7fbf5a8d6000 r--p 00000000 103:06 3673757                   /lib/x86_64-linux-gnu/libpthread-2.31.so
7fbf5a8d6000-7fbf5a8e7000 r-xp 00006000 103:06 3673757                   /lib/x86_64-linux-gnu/libpthread-2.31.so
7fbf5a8e7000-7fbf5a8ed000 r--p 00017000 103:06 3673757                   /lib/x86_64-linux-gnu/libpthread-2.31.so
7fbf5a8ed000-7fbf5a8ee000 r--p 0001c000 103:06 3673757                   /lib/x86_64-linux-gnu/libpthread-2.31.so
7fbf5a8ee000-7fbf5a8ef000 rw-p 0001d000 103:06 3673757                   /lib/x86_64-linux-gnu/libpthread-2.31.so
7fbf5a8ef000-7fbf5a8f3000 rw-p 00000000 00:00 0 
7fbf5a8f3000-7fbf5a8f4000 r--p 00000000 103:06 3673733                   /lib/x86_64-linux-gnu/libdl-2.31.so
7fbf5a8f4000-7fbf5a8f6000 r-xp 00001000 103:06 3673733                   /lib/x86_64-linux-gnu/libdl-2.31.so
7fbf5a8f6000-7fbf5a8f7000 r--p 00003000 103:06 3673733                   /lib/x86_64-linux-gnu/libdl-2.31.so
7fbf5a8f7000-7fbf5a8f8000 r--p 00003000 103:06 3673733                   /lib/x86_64-linux-gnu/libdl-2.31.so
7fbf5a8f8000-7fbf5a8f9000 rw-p 00004000 103:06 3673733                   /lib/x86_64-linux-gnu/libdl-2.31.so
7fbf5a8f9000-7fbf5a8fb000 r--p 00000000 103:06 3672661                   /lib/x86_64-linux-gnu/libz.so.1.2.11
7fbf5a8fb000-7fbf5a90c000 r-xp 00002000 103:06 3672661                   /lib/x86_64-linux-gnu/libz.so.1.2.11
7fbf5a90c000-7fbf5a912000 r--p 00013000 103:06 3672661                   /lib/x86_64-linux-gnu/libz.so.1.2.11
7fbf5a912000-7fbf5a913000 ---p 00019000 103:06 3672661                   /lib/x86_64-linux-gnu/libz.so.1.2.11
7fbf5a913000-7fbf5a914000 r--p 00019000 103:06 3672661                   /lib/x86_64-linux-gnu/libz.so.1.2.11
7fbf5a914000-7fbf5a915000 rw-p 0001a000 103:06 3672661                   /lib/x86_64-linux-gnu/libz.so.1.2.11
7fbf5a915000-7fbf5a937000 r--p 00000000 103:06 3673731                   /lib/x86_64-linux-gnu/libc-2.31.so
7fbf5a937000-7fbf5aaaf000 r-xp 00022000 103:06 3673731                   /lib/x86_64-linux-gnu/libc-2.31.so
7fbf5aaaf000-7fbf5aafd000 r--p 0019a000 103:06 3673731                   /lib/x86_64-linux-gnu/libc-2.31.so
7fbf5aafd000-7fbf5ab01000 r--p 001e7000 103:06 3673731                   /lib/x86_64-linux-gnu/libc-2.31.so
7fbf5ab01000-7fbf5ab03000 rw-p 001eb000 103:06 3673731                   /lib/x86_64-linux-gnu/libc-2.31.so
7fbf5ab03000-7fbf5ab07000 rw-p 00000000 00:00 0 
7fbf5ab08000-7fbf5ab0a000 r--p 00000000 103:06 2921645                   /usr/lib/jvm/java-11-openjdk-amd64/lib/libjimage.so
7fbf5ab0a000-7fbf5ab0d000 r-xp 00002000 103:06 2921645                   /usr/lib/jvm/java-11-openjdk-amd64/lib/libjimage.so
7fbf5ab0d000-7fbf5ab0e000 r--p 00005000 103:06 2921645                   /usr/lib/jvm/java-11-openjdk-amd64/lib/libjimage.so
7fbf5ab0e000-7fbf5ab0f000 ---p 00006000 103:06 2921645                   /usr/lib/jvm/java-11-openjdk-amd64/lib/libjimage.so
7fbf5ab0f000-7fbf5ab10000 r--p 00006000 103:06 2921645                   /usr/lib/jvm/java-11-openjdk-amd64/lib/libjimage.so
7fbf5ab10000-7fbf5ab11000 rw-p 00007000 103:06 2921645                   /usr/lib/jvm/java-11-openjdk-amd64/lib/libjimage.so
7fbf5ab11000-7fbf5ab16000 r--p 00000000 103:06 2921661                   /usr/lib/jvm/java-11-openjdk-amd64/lib/libverify.so
7fbf5ab16000-7fbf5ab1d000 r-xp 00005000 103:06 2921661                   /usr/lib/jvm/java-11-openjdk-amd64/lib/libverify.so
7fbf5ab1d000-7fbf5ab1f000 r--p 0000c000 103:06 2921661                   /usr/lib/jvm/java-11-openjdk-amd64/lib/libverify.so
7fbf5ab1f000-7fbf5ab20000 ---p 0000e000 103:06 2921661                   /usr/lib/jvm/java-11-openjdk-amd64/lib/libverify.so
7fbf5ab20000-7fbf5ab22000 r--p 0000e000 103:06 2921661                   /usr/lib/jvm/java-11-openjdk-amd64/lib/libverify.so
7fbf5ab22000-7fbf5ab23000 rw-p 00010000 103:06 2921661                   /usr/lib/jvm/java-11-openjdk-amd64/lib/libverify.so
7fbf5ab23000-7fbf5ab26000 r--p 00000000 103:06 3672252                   /usr/lib/jvm/java-11-openjdk-amd64/lib/jli/libjli.so
7fbf5ab26000-7fbf5ab30000 r-xp 00003000 103:06 3672252                   /usr/lib/jvm/java-11-openjdk-amd64/lib/jli/libjli.so
7fbf5ab30000-7fbf5ab33000 r--p 0000d000 103:06 3672252                   /usr/lib/jvm/java-11-openjdk-amd64/lib/jli/libjli.so
7fbf5ab33000-7fbf5ab34000 ---p 00010000 103:06 3672252                   /usr/lib/jvm/java-11-openjdk-amd64/lib/jli/libjli.so
7fbf5ab34000-7fbf5ab35000 r--p 00010000 103:06 3672252                   /usr/lib/jvm/java-11-openjdk-amd64/lib/jli/libjli.so
7fbf5ab35000-7fbf5ab36000 rw-p 00011000 103:06 3672252                   /usr/lib/jvm/java-11-openjdk-amd64/lib/jli/libjli.so
7fbf5ab36000-7fbf5ab38000 rw-p 00000000 00:00 0 
7fbf5ab38000-7fbf5ab39000 r--p 00000000 103:06 3673723                   /lib/x86_64-linux-gnu/ld-2.31.so
7fbf5ab39000-7fbf5ab5c000 r-xp 00001000 103:06 3673723                   /lib/x86_64-linux-gnu/ld-2.31.so
7fbf5ab5c000-7fbf5ab64000 r--p 00024000 103:06 3673723                   /lib/x86_64-linux-gnu/ld-2.31.so
7fbf5ab65000-7fbf5ab66000 r--p 0002c000 103:06 3673723                   /lib/x86_64-linux-gnu/ld-2.31.so
7fbf5ab66000-7fbf5ab67000 rw-p 0002d000 103:06 3673723                   /lib/x86_64-linux-gnu/ld-2.31.so
7fbf5ab67000-7fbf5ab68000 rw-p 00000000 00:00 0 
7ffc1b23b000-7ffc1b25d000 rw-p 00000000 00:00 0                          [stack]
7ffc1b270000-7ffc1b273000 r--p 00000000 00:00 0                          [vvar]
7ffc1b273000-7ffc1b274000 r-xp 00000000 00:00 0                          [vdso]
ffffffffff600000-ffffffffff601000 --xp 00000000 00:00 0                  [vsyscall]


VM Arguments:
java_command: /home/artur/Desktop/3ano/TQS/tqs_98470/lab3/lab3_2/ex2/target/surefire/surefirebooter5180432428431975745.jar /home/artur/Desktop/3ano/TQS/tqs_98470/lab3/lab3_2/ex2/target/surefire 2022-04-04T02-31-33_942-jvmRun1 surefire6878303810177279413tmp surefire_011137003966804714257tmp
java_class_path (initial): /home/artur/Desktop/3ano/TQS/tqs_98470/lab3/lab3_2/ex2/target/surefire/surefirebooter5180432428431975745.jar
Launcher Type: SUN_STANDARD

[Global flags]
     intx CICompilerCount                          = 4                                         {product} {ergonomic}
     uint ConcGCThreads                            = 3                                         {product} {ergonomic}
     uint G1ConcRefinementThreads                  = 10                                        {product} {ergonomic}
   size_t G1HeapRegionSize                         = 1048576                                   {product} {ergonomic}
    uintx GCDrainStackTargetSize                   = 64                                        {product} {ergonomic}
   size_t InitialHeapSize                          = 260046848                                 {product} {ergonomic}
   size_t MarkStackSize                            = 4194304                                   {product} {ergonomic}
   size_t MaxHeapSize                              = 4156555264                                {product} {ergonomic}
   size_t MaxNewSize                               = 2493513728                                {product} {ergonomic}
   size_t MinHeapDeltaBytes                        = 1048576                                   {product} {ergonomic}
    uintx NonNMethodCodeHeapSize                   = 5836300                                {pd product} {ergonomic}
    uintx NonProfiledCodeHeapSize                  = 122910970                              {pd product} {ergonomic}
    uintx ProfiledCodeHeapSize                     = 122910970                              {pd product} {ergonomic}
    uintx ReservedCodeCacheSize                    = 251658240                              {pd product} {ergonomic}
     bool SegmentedCodeCache                       = true                                      {product} {ergonomic}
     bool UseCompressedClassPointers               = true                                 {lp64_product} {ergonomic}
     bool UseCompressedOops                        = true                                 {lp64_product} {ergonomic}
     bool UseG1GC                                  = true                                      {product} {ergonomic}

Logging:
Log output configuration:
 #0: stdout all=warning uptime,level,tags
 #1: stderr all=off uptime,level,tags

Environment Variables:
JAVA_HOME=/usr/lib/jvm/java-11-openjdk-amd64
CLASSPATH=.:/usr/local/lib/antlr-4.9.2-complete.jar:/usr/local/lib/ST-4.3.1.jar:
PATH=/home/artur/.local/bin:/home/artur/.nvm/versions/node/v14.17.0/bin:/home/artur/.local/bin:/usr/local/sbin:/usr/local/bin:/usr/sbin:/usr/bin:/sbin:/bin:/usr/games:/usr/local/games:/snap/bin:/usr/lib/jvm/java-16-oracle/bin:/usr/lib/jvm/java-16-oracle/db/bin:/usr/lib/jvm/java-16-oracle/bin:/usr/lib/jvm/java-16-oracle/db/bin:/opt/bin:.::/opt/bin:.:
USERNAME=artur
SHELL=/bin/bash
DISPLAY=:0
LANG=en_US.UTF-8
LC_CTYPE=pt_PT.UTF-8

Signal Handlers:
SIGSEGV: [libjvm.so+0xe94ce0], sa_mask[0]=11111111011111111101111111111110, sa_flags=SA_RESTART|SA_SIGINFO
SIGBUS: [libjvm.so+0xe94ce0], sa_mask[0]=11111111011111111101111111111110, sa_flags=SA_RESTART|SA_SIGINFO
SIGFPE: [libjvm.so+0xe94ce0], sa_mask[0]=11111111011111111101111111111110, sa_flags=SA_RESTART|SA_SIGINFO
SIGPIPE: [libjvm.so+0xbdc900], sa_mask[0]=11111111011111111101111111111110, sa_flags=SA_RESTART|SA_SIGINFO
SIGXFSZ: [libjvm.so+0xbdc900], sa_mask[0]=11111111011111111101111111111110, sa_flags=SA_RESTART|SA_SIGINFO
SIGILL: [libjvm.so+0xe94ce0], sa_mask[0]=11111111011111111101111111111110, sa_flags=SA_RESTART|SA_SIGINFO
SIGUSR2: [libjvm.so+0xbdc7a0], sa_mask[0]=00100000000000000000000000000000, sa_flags=SA_RESTART|SA_SIGINFO
SIGHUP: [libjvm.so+0xbdcc40], sa_mask[0]=11111111011111111101111111111110, sa_flags=SA_RESTART|SA_SIGINFO
SIGINT: [libjvm.so+0xbdcc40], sa_mask[0]=11111111011111111101111111111110, sa_flags=SA_RESTART|SA_SIGINFO
SIGTERM: [libjvm.so+0xbdcc40], sa_mask[0]=11111111011111111101111111111110, sa_flags=SA_RESTART|SA_SIGINFO
SIGQUIT: [libjvm.so+0xbdcc40], sa_mask[0]=11111111011111111101111111111110, sa_flags=SA_RESTART|SA_SIGINFO


---------------  S Y S T E M  ---------------

OS:DISTRIB_ID=Ubuntu
DISTRIB_RELEASE=20.04
DISTRIB_CODENAME=focal
DISTRIB_DESCRIPTION="Ubuntu 20.04.4 LTS"
uname:Linux 5.4.0-105-generic #119-Ubuntu SMP Mon Mar 7 18:49:24 UTC 2022 x86_64
OS uptime: 5 days 11:19 hours
libc:glibc 2.31 NPTL 2.31 
rlimit (soft/hard): STACK 8192k/infinity , CORE 0k/infinity , NPROC 63159/63159 , NOFILE 1048576/1048576 , AS infinity/infinity , CPU infinity/infinity , DATA infinity/infinity , FSIZE infinity/infinity , MEMLOCK 65536k/65536k
load average:4,98 3,37 2,46

/proc/meminfo:
MemTotal:       16231512 kB
MemFree:          417516 kB
MemAvailable:    5517148 kB
Buffers:          563064 kB
Cached:          5889212 kB
SwapCached:          608 kB
Active:         11729244 kB
Inactive:        2846216 kB
Active(anon):    8178332 kB
Inactive(anon):  1365652 kB
Active(file):    3550912 kB
Inactive(file):  1480564 kB
Unevictable:      276860 kB
Mlocked:             144 kB
SwapTotal:       2097148 kB
SwapFree:        2051420 kB
Dirty:              4640 kB
Writeback:             0 kB
AnonPages:       8399744 kB
Mapped:          1900208 kB
Shmem:           1425596 kB
KReclaimable:     410204 kB
Slab:             717448 kB
SReclaimable:     410204 kB
SUnreclaim:       307244 kB
KernelStack:       28800 kB
PageTables:        87116 kB
NFS_Unstable:          0 kB
Bounce:                0 kB
WritebackTmp:          0 kB
CommitLimit:    10212904 kB
Committed_AS:   25326224 kB
VmallocTotal:   34359738367 kB
VmallocUsed:       57540 kB
VmallocChunk:          0 kB
Percpu:            21952 kB
HardwareCorrupted:     0 kB
AnonHugePages:         0 kB
ShmemHugePages:        0 kB
ShmemPmdMapped:        0 kB
FileHugePages:         0 kB
FilePmdMapped:         0 kB
CmaTotal:              0 kB
CmaFree:               0 kB
HugePages_Total:       0
HugePages_Free:        0
HugePages_Rsvd:        0
HugePages_Surp:        0
Hugepagesize:       2048 kB
Hugetlb:               0 kB
DirectMap4k:      772900 kB
DirectMap2M:    14796800 kB
DirectMap1G:     1048576 kB

/sys/kernel/mm/transparent_hugepage/enabled:
always [madvise] never
/sys/kernel/mm/transparent_hugepage/defrag (defrag/compaction efforts parameter):
always defer defer+madvise [madvise] never

Process Memory:
Virtual Size: 7580676K (peak: 15579188K)
Resident Set Size: 256008K (peak: 256624K) (anon: 227164K, file: 28844K, shmem: 0K)
Swapped out: 0K
C-Heap outstanding allocations: 47586K

/proc/sys/kernel/threads-max (system-wide limit on the number of threads):
126319
/proc/sys/vm/max_map_count (maximum number of memory map areas a process may have):
1048575
/proc/sys/kernel/pid_max (system-wide limit on number of process identifiers):
4194304

container (cgroup) information:
container_type: cgroupv1
cpu_cpuset_cpus: 0-11
cpu_memory_nodes: 0
active_processor_count: 12
cpu_quota: -1
cpu_period: 100000
cpu_shares: -1
memory_limit_in_bytes: -1
memory_and_swap_limit_in_bytes: -2
memory_soft_limit_in_bytes: -1
memory_usage_in_bytes: 12561043456
memory_max_usage_in_bytes: 13492514816

Steal ticks since vm start: 0
Steal ticks percentage since vm start:  0,000

CPU:total 12 (initial active 12) (6 cores per cpu, 2 threads per core) family 6 model 158 stepping 13 microcode 0xea, cmov, cx8, fxsr, mmx, sse, sse2, sse3, ssse3, sse4.1, sse4.2, popcnt, avx, avx2, aes, clmul, erms, 3dnowpref, lzcnt, ht, tsc, tscinvbit, bmi1, bmi2, adx, fma
CPU Model and flags from /proc/cpuinfo:
model name	: Intel(R) Core(TM) i7-9750H CPU @ 2.60GHz
flags		: fpu vme de pse tsc msr pae mce cx8 apic sep mtrr pge mca cmov pat pse36 clflush dts acpi mmx fxsr sse sse2 ss ht tm pbe syscall nx pdpe1gb rdtscp lm constant_tsc art arch_perfmon pebs bts rep_good nopl xtopology nonstop_tsc cpuid aperfmperf pni pclmulqdq dtes64 monitor ds_cpl vmx est tm2 ssse3 sdbg fma cx16 xtpr pdcm pcid sse4_1 sse4_2 x2apic movbe popcnt tsc_deadline_timer aes xsave avx f16c rdrand lahf_lm abm 3dnowprefetch cpuid_fault epb invpcid_single ssbd ibrs ibpb stibp ibrs_enhanced tpr_shadow vnmi flexpriority ept vpid ept_ad fsgsbase tsc_adjust bmi1 avx2 smep bmi2 erms invpcid mpx rdseed adx smap clflushopt intel_pt xsaveopt xsavec xgetbv1 xsaves dtherm ida arat pln pts hwp hwp_notify hwp_act_window hwp_epp md_clear flush_l1d arch_capabilities
Online cpus:
0-11
Offline cpus:

BIOS frequency limitation:
<Not Available>
Frequency switch latency (ns):
0
Available cpu frequencies:
<Not Available>
Current governor:
powersave
Core performance/turbo boost:
<Not Available>

Memory: 4k page, physical 16231512k(416760k free), swap 2097148k(2051420k free)

vm_info: OpenJDK 64-Bit Server VM (11.0.14+9-Ubuntu-0ubuntu2.20.04) for linux-amd64 JRE (11.0.14+9-Ubuntu-0ubuntu2.20.04), built on Jan 25 2022 14:03:04 by "unknown" with gcc 9.3.0

END.
